ERROR   | 2021-12-05 15:02:05,476 | root     | b'out of memory'
ERROR   | 2021-12-05 15:02:05,478 | root     | got an error while analyzing do_wipefd
ERROR   | 2021-12-05 15:02:21,955 | root     | b'out of memory'
ERROR   | 2021-12-05 15:02:21,956 | root     | got an error while analyzing wipefd
ERROR   | 2021-12-05 15:02:22,523 | root     | b'out of memory'
ERROR   | 2021-12-05 15:02:22,524 | root     | got an error while analyzing incname
ERROR   | 2021-12-05 15:02:22,979 | root     | b'out of memory'
ERROR   | 2021-12-05 15:02:22,979 | root     | got an error while analyzing wipename
ERROR   | 2021-12-05 15:03:41,135 | root     | list index out of range
ERROR   | 2021-12-05 15:03:41,136 | root     | got an error while analyzing adjust_value
ERROR   | 2021-12-05 15:03:41,573 | root     | b'out of memory'
ERROR   | 2021-12-05 15:03:41,573 | root     | got an error while analyzing group_number
ERROR   | 2021-12-05 15:03:42,355 | root     | b'out of memory'
ERROR   | 2021-12-05 15:03:42,355 | root     | got an error while analyzing human_readable
ERROR   | 2021-12-05 15:03:43,396 | root     | b'out of memory'
ERROR   | 2021-12-05 15:03:43,403 | root     | got an error while analyzing humblock
ERROR   | 2021-12-05 15:05:00,749 | root     | b'out of memory'
ERROR   | 2021-12-05 15:05:00,755 | root     | got an error while analyzing quotearg_buffer_restyled
ERROR   | 2021-12-05 15:05:01,372 | root     | b'out of memory'
ERROR   | 2021-12-05 15:05:01,375 | root     | got an error while analyzing quotearg_buffer
ERROR   | 2021-12-05 15:05:02,220 | root     | b'out of memory'
ERROR   | 2021-12-05 15:05:02,227 | root     | got an error while analyzing quotearg_alloc_mem
ERROR   | 2021-12-05 15:05:02,956 | root     | b'out of memory'
ERROR   | 2021-12-05 15:05:02,967 | root     | got an error while analyzing quotearg_n_options
ERROR   | 2021-12-05 15:17:13,607 | root     | b'out of memory'
ERROR   | 2021-12-05 15:17:13,614 | root     | got an error while analyzing randread_error
ERROR   | 2021-12-05 15:18:30,240 | root     | list index out of range
ERROR   | 2021-12-05 15:18:30,243 | root     | got an error while analyzing isaac_refill
ERROR   | 2021-12-05 15:18:31,433 | root     | b'out of memory'
ERROR   | 2021-12-05 15:18:31,444 | root     | got an error while analyzing isaac_seed
ERROR   | 2021-12-05 15:19:24,193 | root     | b'out of memory'
ERROR   | 2021-12-05 15:19:24,194 | root     | got an error while analyzing version_etc_ar
ERROR   | 2021-12-05 15:19:24,545 | root     | b'out of memory'
ERROR   | 2021-12-05 15:19:24,551 | root     | got an error while analyzing version_etc_va
Killed
