gcc-5__Ou__coreutils-8.25__who have 112 funcs
analyzing gcc-5__Ou__coreutils-8.25__who/deregister_tm_clones
started running deregister_tm_clones
finished deregister_tm_clones
removing targets
analyzing gcc-5__Ou__coreutils-8.25__who/register_tm_clones
started running register_tm_clones
finished register_tm_clones
removing targets
analyzing gcc-5__Ou__coreutils-8.25__who/frame_dummy
started running frame_dummy
finished frame_dummy
removing targets
analyzing gcc-5__Ou__coreutils-8.25__who/emit_ancillary_info
started running emit_ancillary_info
finished emit_ancillary_info
removing targets
analyzing gcc-5__Ou__coreutils-8.25__who/emit_try_help
started running emit_try_help
finished emit_try_help
analyzing gcc-5__Ou__coreutils-8.25__who/timetostr
started running timetostr
finished timetostr
analyzing gcc-5__Ou__coreutils-8.25__who/stzncpy
started running stzncpy
finished stzncpy
removing targets
analyzing gcc-5__Ou__coreutils-8.25__who/idle_string
started running idle_string
finished idle_string
removing targets
analyzing gcc-5__Ou__coreutils-8.25__who/time_string
started running time_string
finished time_string
analyzing gcc-5__Ou__coreutils-8.25__who/print_line
started running print_line
finished print_line
removing targets
analyzing gcc-5__Ou__coreutils-8.25__who/is_tty_writable
started running is_tty_writable
finished is_tty_writable
analyzing gcc-5__Ou__coreutils-8.25__who/print_user
started running print_user
finished print_user
analyzing gcc-5__Ou__coreutils-8.25__who/print_boottime
started running print_boottime
finished print_boottime
analyzing gcc-5__Ou__coreutils-8.25__who/make_id_equals_comment
started running make_id_equals_comment
finished make_id_equals_comment
analyzing gcc-5__Ou__coreutils-8.25__who/print_deadprocs
started running print_deadprocs
finished print_deadprocs
analyzing gcc-5__Ou__coreutils-8.25__who/print_login
started running print_login
finished print_login
analyzing gcc-5__Ou__coreutils-8.25__who/print_initspawn
started running print_initspawn
finished print_initspawn
analyzing gcc-5__Ou__coreutils-8.25__who/print_clockchange
started running print_clockchange
finished print_clockchange
analyzing gcc-5__Ou__coreutils-8.25__who/print_runlevel
started running print_runlevel
finished print_runlevel
removing targets
analyzing gcc-5__Ou__coreutils-8.25__who/list_entries_who
started running list_entries_who
finished list_entries_who
removing targets
analyzing gcc-5__Ou__coreutils-8.25__who/print_heading
started running print_heading
finished print_heading
analyzing gcc-5__Ou__coreutils-8.25__who/scan_entries
started running scan_entries
finished scan_entries
removing targets
analyzing gcc-5__Ou__coreutils-8.25__who/who
started running who
finished who
analyzing gcc-5__Ou__coreutils-8.25__who/c_isalnum
started running c_isalnum
finished c_isalnum
removing targets
analyzing gcc-5__Ou__coreutils-8.25__who/c_isalpha
started running c_isalpha
finished c_isalpha
removing targets
analyzing gcc-5__Ou__coreutils-8.25__who/c_isascii
started running c_isascii
finished c_isascii
removing targets
analyzing gcc-5__Ou__coreutils-8.25__who/c_isblank
started running c_isblank
finished c_isblank
removing targets
analyzing gcc-5__Ou__coreutils-8.25__who/c_iscntrl
started running c_iscntrl
finished c_iscntrl
removing targets
analyzing gcc-5__Ou__coreutils-8.25__who/c_isdigit
started running c_isdigit
finished c_isdigit
removing targets
analyzing gcc-5__Ou__coreutils-8.25__who/c_isgraph
started running c_isgraph
finished c_isgraph
removing targets
analyzing gcc-5__Ou__coreutils-8.25__who/c_islower
started running c_islower
finished c_islower
removing targets
analyzing gcc-5__Ou__coreutils-8.25__who/c_isprint
started running c_isprint
finished c_isprint
removing targets
analyzing gcc-5__Ou__coreutils-8.25__who/c_ispunct
started running c_ispunct
finished c_ispunct
removing targets
analyzing gcc-5__Ou__coreutils-8.25__who/c_isspace
started running c_isspace
finished c_isspace
removing targets
analyzing gcc-5__Ou__coreutils-8.25__who/c_isupper
started running c_isupper
finished c_isupper
removing targets
analyzing gcc-5__Ou__coreutils-8.25__who/c_isxdigit
started running c_isxdigit
finished c_isxdigit
removing targets
analyzing gcc-5__Ou__coreutils-8.25__who/c_tolower
started running c_tolower
finished c_tolower
removing targets
analyzing gcc-5__Ou__coreutils-8.25__who/c_toupper
started running c_toupper
finished c_toupper
removing targets
analyzing gcc-5__Ou__coreutils-8.25__who/canon_host
started running canon_host
finished canon_host
analyzing gcc-5__Ou__coreutils-8.25__who/canon_host_r
started running canon_host_r
finished canon_host_r
analyzing gcc-5__Ou__coreutils-8.25__who/ch_strerror
started running ch_strerror
finished ch_strerror
analyzing gcc-5__Ou__coreutils-8.25__who/close_stdout_set_file_name
started running close_stdout_set_file_name
finished close_stdout_set_file_name
analyzing gcc-5__Ou__coreutils-8.25__who/close_stdout_set_ignore_EPIPE
started running close_stdout_set_ignore_EPIPE
finished close_stdout_set_ignore_EPIPE
analyzing gcc-5__Ou__coreutils-8.25__who/close_stdout
started running close_stdout
finished close_stdout
analyzing gcc-5__Ou__coreutils-8.25__who/hard_locale
started running hard_locale
finished hard_locale
analyzing gcc-5__Ou__coreutils-8.25__who/imaxtostr
started running imaxtostr
finished imaxtostr
removing targets
analyzing gcc-5__Ou__coreutils-8.25__who/set_program_name
started running set_program_name
finished set_program_name
removing targets
analyzing gcc-5__Ou__coreutils-8.25__who/clone_quoting_options
started running clone_quoting_options
finished clone_quoting_options
analyzing gcc-5__Ou__coreutils-8.25__who/get_quoting_style
started running get_quoting_style
finished get_quoting_style
removing targets
analyzing gcc-5__Ou__coreutils-8.25__who/set_quoting_style
started running set_quoting_style
finished set_quoting_style
removing targets
analyzing gcc-5__Ou__coreutils-8.25__who/set_char_quoting
started running set_char_quoting
finished set_char_quoting
removing targets
analyzing gcc-5__Ou__coreutils-8.25__who/set_quoting_flags
started running set_quoting_flags
finished set_quoting_flags
removing targets
analyzing gcc-5__Ou__coreutils-8.25__who/set_custom_quoting
started running set_custom_quoting
finished set_custom_quoting
removing targets
analyzing gcc-5__Ou__coreutils-8.25__who/quoting_options_from_style
started running quoting_options_from_style
finished quoting_options_from_style
analyzing gcc-5__Ou__coreutils-8.25__who/gettext_quote
started running gettext_quote
finished gettext_quote
analyzing gcc-5__Ou__coreutils-8.25__who/quotearg_buffer_restyled
started running quotearg_buffer_restyled
analyzing gcc-5__Ou__coreutils-8.25__who/quotearg_buffer
started running quotearg_buffer
finished quotearg_buffer
removing targets
analyzing gcc-5__Ou__coreutils-8.25__who/quotearg_alloc
started running quotearg_alloc
finished quotearg_alloc
analyzing gcc-5__Ou__coreutils-8.25__who/quotearg_alloc_mem
started running quotearg_alloc_mem
finished quotearg_alloc_mem
removing targets
analyzing gcc-5__Ou__coreutils-8.25__who/quotearg_free
started running quotearg_free
finished quotearg_free
removing targets
analyzing gcc-5__Ou__coreutils-8.25__who/quotearg_n_options
started running quotearg_n_options
finished quotearg_n_options
analyzing gcc-5__Ou__coreutils-8.25__who/quotearg_n
started running quotearg_n
finished quotearg_n
analyzing gcc-5__Ou__coreutils-8.25__who/quotearg_n_mem
started running quotearg_n_mem
finished quotearg_n_mem
analyzing gcc-5__Ou__coreutils-8.25__who/quotearg
started running quotearg
finished quotearg
analyzing gcc-5__Ou__coreutils-8.25__who/quotearg_mem
started running quotearg_mem
finished quotearg_mem
analyzing gcc-5__Ou__coreutils-8.25__who/quotearg_n_style
started running quotearg_n_style
finished quotearg_n_style
analyzing gcc-5__Ou__coreutils-8.25__who/quotearg_n_style_mem
started running quotearg_n_style_mem
finished quotearg_n_style_mem
analyzing gcc-5__Ou__coreutils-8.25__who/quotearg_style
started running quotearg_style
finished quotearg_style
analyzing gcc-5__Ou__coreutils-8.25__who/quotearg_style_mem
started running quotearg_style_mem
finished quotearg_style_mem
analyzing gcc-5__Ou__coreutils-8.25__who/quotearg_char_mem
started running quotearg_char_mem
finished quotearg_char_mem
analyzing gcc-5__Ou__coreutils-8.25__who/quotearg_char
started running quotearg_char
finished quotearg_char
analyzing gcc-5__Ou__coreutils-8.25__who/quotearg_colon
started running quotearg_colon
finished quotearg_colon
analyzing gcc-5__Ou__coreutils-8.25__who/quotearg_colon_mem
started running quotearg_colon_mem
finished quotearg_colon_mem
analyzing gcc-5__Ou__coreutils-8.25__who/quotearg_n_style_colon
started running quotearg_n_style_colon
finished quotearg_n_style_colon
analyzing gcc-5__Ou__coreutils-8.25__who/quotearg_n_custom
started running quotearg_n_custom
finished quotearg_n_custom
analyzing gcc-5__Ou__coreutils-8.25__who/quotearg_n_custom_mem
started running quotearg_n_custom_mem
finished quotearg_n_custom_mem
analyzing gcc-5__Ou__coreutils-8.25__who/quotearg_custom
started running quotearg_custom
finished quotearg_custom
analyzing gcc-5__Ou__coreutils-8.25__who/quotearg_custom_mem
started running quotearg_custom_mem
finished quotearg_custom_mem
analyzing gcc-5__Ou__coreutils-8.25__who/quote_n_mem
started running quote_n_mem
finished quote_n_mem
analyzing gcc-5__Ou__coreutils-8.25__who/quote_mem
started running quote_mem
finished quote_mem
analyzing gcc-5__Ou__coreutils-8.25__who/quote_n
started running quote_n
finished quote_n
analyzing gcc-5__Ou__coreutils-8.25__who/quote
started running quote
finished quote
analyzing gcc-5__Ou__coreutils-8.25__who/version_etc_arn
started running version_etc_arn
finished version_etc_arn
removing targets
analyzing gcc-5__Ou__coreutils-8.25__who/version_etc_ar
started running version_etc_ar
analyzing gcc-5__Ou__coreutils-8.25__who/version_etc_va
started running version_etc_va
finished version_etc_va
removing targets
analyzing gcc-5__Ou__coreutils-8.25__who/version_etc
started running version_etc
finished version_etc
removing targets
analyzing gcc-5__Ou__coreutils-8.25__who/emit_bug_reporting_address
started running emit_bug_reporting_address
finished emit_bug_reporting_address
analyzing gcc-5__Ou__coreutils-8.25__who/xnmalloc
started running xnmalloc
finished xnmalloc
removing targets
analyzing gcc-5__Ou__coreutils-8.25__who/xnrealloc
started running xnrealloc
finished xnrealloc
removing targets
analyzing gcc-5__Ou__coreutils-8.25__who/x2nrealloc
started running x2nrealloc
finished x2nrealloc
removing targets
analyzing gcc-5__Ou__coreutils-8.25__who/xcharalloc
started running xcharalloc
finished xcharalloc
analyzing gcc-5__Ou__coreutils-8.25__who/xmalloc
started running xmalloc
finished xmalloc
analyzing gcc-5__Ou__coreutils-8.25__who/xrealloc
started running xrealloc
finished xrealloc
removing targets
analyzing gcc-5__Ou__coreutils-8.25__who/x2realloc
started running x2realloc
finished x2realloc
analyzing gcc-5__Ou__coreutils-8.25__who/xzalloc
started running xzalloc
finished xzalloc
analyzing gcc-5__Ou__coreutils-8.25__who/xcalloc
started running xcalloc
finished xcalloc
analyzing gcc-5__Ou__coreutils-8.25__who/xmemdup
started running xmemdup
finished xmemdup
analyzing gcc-5__Ou__coreutils-8.25__who/xstrdup
started running xstrdup
finished xstrdup
analyzing gcc-5__Ou__coreutils-8.25__who/xalloc_die
started running xalloc_die
analyzing gcc-5__Ou__coreutils-8.25__who/extract_trimmed_name
started running extract_trimmed_name
analyzing gcc-5__Ou__coreutils-8.25__who/desirable_utmp_entry
started running desirable_utmp_entry
analyzing gcc-5__Ou__coreutils-8.25__who/read_utmp
started running read_utmp
analyzing gcc-5__Ou__coreutils-8.25__who/c_strcasecmp
started running c_strcasecmp
finished c_strcasecmp
removing targets
analyzing gcc-5__Ou__coreutils-8.25__who/close_stream
started running close_stream
finished close_stream
analyzing gcc-5__Ou__coreutils-8.25__who/get_charset_aliases
started running get_charset_aliases
stopped exploration
finished get_charset_aliases
removing targets
analyzing gcc-5__Ou__coreutils-8.25__who/locale_charset
started running locale_charset
analyzing gcc-5__Ou__coreutils-8.25__who/rpl_fclose
started running rpl_fclose
analyzing gcc-5__Ou__coreutils-8.25__who/clear_ungetc_buffer_preserving_position
started running clear_ungetc_buffer_preserving_position
analyzing gcc-5__Ou__coreutils-8.25__who/rpl_fflush
started running rpl_fflush
finished rpl_fflush
removing targets
analyzing gcc-5__Ou__coreutils-8.25__who/rpl_fseeko
started running rpl_fseeko
finished rpl_fseeko
removing targets
analyzing gcc-5__Ou__coreutils-8.25__who/atexit
started running atexit
finished atexit
removing targets
analyzing gcc-5__Ou__coreutils-8.25__who/stat
started running stat
finished stat
removing targets
