WARNING | 2021-12-05 15:34:42,012 | cle.backends.externs | Symbol was allocated without a known size; emulation may fail if it is used non-opaquely: tmpl_cmd_get_device_id_rs
WARNING | 2021-12-05 15:34:42,012 | cle.backends.externs | Symbol was allocated without a known size; emulation may fail if it is used non-opaquely: tmpl_cmd_get_system_guid_rs
WARNING | 2021-12-05 15:34:42,012 | cle.backends.externs | Symbol was allocated without a known size; emulation may fail if it is used non-opaquely: tmpl_cmd_get_channel_info_rs
WARNING | 2021-12-05 15:34:42,013 | cle.backends.externs | Symbol was allocated without a known size; emulation may fail if it is used non-opaquely: tmpl_cmd_get_system_info_parameters_bmc_url_first_set_rs
WARNING | 2021-12-05 15:34:42,013 | cle.backends.externs | Symbol was allocated without a known size; emulation may fail if it is used non-opaquely: tmpl_cmd_get_system_info_parameters_system_name_first_set_rs
WARNING | 2021-12-05 15:34:42,013 | cle.backends.externs | Symbol was allocated without a known size; emulation may fail if it is used non-opaquely: tmpl_cmd_get_system_info_parameters_system_firmware_version_rs
WARNING | 2021-12-05 15:34:42,013 | cle.backends.externs | Symbol was allocated without a known size; emulation may fail if it is used non-opaquely: tmpl_cmd_get_system_info_parameters_present_os_version_number_rs
WARNING | 2021-12-05 15:34:42,013 | cle.backends.externs | Symbol was allocated without a known size; emulation may fail if it is used non-opaquely: tmpl_cmd_get_system_info_parameters_bmc_url_rs
WARNING | 2021-12-05 15:34:42,013 | cle.backends.externs | Symbol was allocated without a known size; emulation may fail if it is used non-opaquely: tmpl_cmd_get_system_info_parameters_operating_system_name_rs
WARNING | 2021-12-05 15:34:42,014 | cle.backends.externs | Symbol was allocated without a known size; emulation may fail if it is used non-opaquely: tmpl_cmd_get_system_info_parameters_primary_operating_system_name_rs
WARNING | 2021-12-05 15:34:42,014 | cle.backends.externs | Symbol was allocated without a known size; emulation may fail if it is used non-opaquely: tmpl_cmd_get_system_info_parameters_base_os_hypervisor_url_rs
WARNING | 2021-12-05 15:34:42,014 | cle.backends.externs | Symbol was allocated without a known size; emulation may fail if it is used non-opaquely: tmpl_cmd_get_system_info_parameters_primary_operating_system_name_first_set_rs
WARNING | 2021-12-05 15:34:42,014 | cle.backends.externs | Symbol was allocated without a known size; emulation may fail if it is used non-opaquely: tmpl_cmd_get_system_info_parameters_present_os_version_number_first_set_rs
WARNING | 2021-12-05 15:34:42,014 | cle.backends.externs | Symbol was allocated without a known size; emulation may fail if it is used non-opaquely: tmpl_cmd_get_system_info_parameters_base_os_hypervisor_url_first_set_rs
WARNING | 2021-12-05 15:34:42,014 | cle.backends.externs | Symbol was allocated without a known size; emulation may fail if it is used non-opaquely: tmpl_cmd_get_system_info_parameters_system_firmware_version_first_set_rs
WARNING | 2021-12-05 15:34:42,014 | cle.backends.externs | Symbol was allocated without a known size; emulation may fail if it is used non-opaquely: tmpl_cmd_get_system_info_parameters_operating_system_name_first_set_rs
WARNING | 2021-12-05 15:34:42,015 | cle.backends.externs | Symbol was allocated without a known size; emulation may fail if it is used non-opaquely: tmpl_cmd_get_device_guid_rs
WARNING | 2021-12-05 15:34:42,015 | cle.backends.externs | Symbol was allocated without a known size; emulation may fail if it is used non-opaquely: tmpl_cmd_get_system_info_parameters_system_name_rs
WARNING | 2021-12-05 15:34:42,021 | cle.loader | For more information about "Symbol was allocated without a known size", see https://docs.angr.io/extending-angr/environment#simdata
ERROR   | 2021-12-05 15:37:53,065 | root     | b'out of memory'
ERROR   | 2021-12-05 15:37:53,065 | root     | got an error while analyzing display_channel_info
ERROR   | 2021-12-05 15:37:53,774 | root     | b'out of memory'
ERROR   | 2021-12-05 15:37:53,782 | root     | got an error while analyzing run_cmd_args
ERROR   | 2021-12-05 15:39:26,024 | root     | b'out of memory'
ERROR   | 2021-12-05 15:39:26,031 | root     | got an error while analyzing ipmi_open
ERROR   | 2021-12-05 15:39:50,730 | root     | b'out of memory'
ERROR   | 2021-12-05 15:39:50,737 | root     | got an error while analyzing verify_common_cmd_args_outofband
ERROR   | 2021-12-05 15:39:51,720 | root     | b'out of memory'
ERROR   | 2021-12-05 15:39:51,724 | root     | got an error while analyzing verify_common_cmd_args
ERROR   | 2021-12-05 15:39:52,614 | root     | b'out of memory'
ERROR   | 2021-12-05 15:39:52,618 | root     | got an error while analyzing eliminate_nodes
ERROR   | 2021-12-05 15:44:22,538 | root     | b'out of memory'
ERROR   | 2021-12-05 15:44:22,545 | root     | got an error while analyzing cbuf_write
ERROR   | 2021-12-05 15:45:05,391 | root     | b'out of memory'
ERROR   | 2021-12-05 15:45:05,446 | root     | got an error while analyzing cbuf_peek_line
ERROR   | 2021-12-05 15:47:46,493 | root     | list index out of range
ERROR   | 2021-12-05 15:47:46,495 | root     | got an error while analyzing cbuf_copy
ERROR   | 2021-12-05 16:09:08,444 | root     | b'out of memory'
ERROR   | 2021-12-05 16:09:08,446 | root     | got an error while analyzing cbuf_find_unread_line
ERROR   | 2021-12-05 16:13:11,159 | root     | b'out of memory'
ERROR   | 2021-12-05 16:13:11,165 | root     | got an error while analyzing cbuf_copier
ERROR   | 2021-12-05 16:13:12,282 | root     | b'out of memory'
ERROR   | 2021-12-05 16:13:12,287 | root     | got an error while analyzing cbuf_dropper
ERROR   | 2021-12-05 16:13:13,024 | root     | b'out of memory'
ERROR   | 2021-12-05 16:13:13,027 | root     | got an error while analyzing cbuf_reader
ASSERTION VIOLATION
File: ../src/ast/shared_occs.cpp
Line: 119
UNEXPECTED CODE WAS REACHED.
Z3 4.8.13.0
Please file an issue with this message and more detail about how you encountered it at https://github.com/Z3Prover/z3/issues/new
