gcc-5__Ou__idutils__fnid have 140 funcs
analyzing gcc-5__Ou__idutils__fnid/deregister_tm_clones
started running deregister_tm_clones
finished deregister_tm_clones
removing targets
analyzing gcc-5__Ou__idutils__fnid/register_tm_clones
started running register_tm_clones
finished register_tm_clones
removing targets
analyzing gcc-5__Ou__idutils__fnid/frame_dummy
started running frame_dummy
finished frame_dummy
removing targets
analyzing gcc-5__Ou__idutils__fnid/help_me
started running help_me
stopped exploration
finished help_me
analyzing gcc-5__Ou__idutils__fnid/locate_id_file_name
started running locate_id_file_name
finished locate_id_file_name
removing targets
analyzing gcc-5__Ou__idutils__fnid/sizeof_idhead
started running sizeof_idhead
finished sizeof_idhead
analyzing gcc-5__Ou__idutils__fnid/io_size
started running io_size
finished io_size
removing targets
analyzing gcc-5__Ou__idutils__fnid/io_idhead
started running io_idhead
finished io_idhead
removing targets
analyzing gcc-5__Ou__idutils__fnid/read_id_file
started running read_id_file
finished read_id_file
analyzing gcc-5__Ou__idutils__fnid/maybe_read_id_file
started running maybe_read_id_file
finished maybe_read_id_file
analyzing gcc-5__Ou__idutils__fnid/deserialize_file_links
started running deserialize_file_links
stopped exploration
finished deserialize_file_links
analyzing gcc-5__Ou__idutils__fnid/read_idhead
started running read_idhead
finished read_idhead
analyzing gcc-5__Ou__idutils__fnid/fgets0
started running fgets0
finished fgets0
removing targets
analyzing gcc-5__Ou__idutils__fnid/io_read
started running io_read
finished io_read
removing targets
analyzing gcc-5__Ou__idutils__fnid/token_flags
started running token_flags
finished token_flags
analyzing gcc-5__Ou__idutils__fnid/token_count
started running token_count
finished token_count
analyzing gcc-5__Ou__idutils__fnid/token_hits_addr
started running token_hits_addr
finished token_hits_addr
analyzing gcc-5__Ou__idutils__fnid/tree8_count_levels
started running tree8_count_levels
finished tree8_count_levels
removing targets
analyzing gcc-5__Ou__idutils__fnid/gets_past_00
started running gets_past_00
finished gets_past_00
analyzing gcc-5__Ou__idutils__fnid/skip_past_00
started running skip_past_00
finished skip_past_00
analyzing gcc-5__Ou__idutils__fnid/root_name
started running root_name
finished root_name
analyzing gcc-5__Ou__idutils__fnid/suff_name
started running suff_name
finished suff_name
analyzing gcc-5__Ou__idutils__fnid/common_prefix_suffix
started running common_prefix_suffix
finished common_prefix_suffix
removing targets
analyzing gcc-5__Ou__idutils__fnid/print_filenames
started running print_filenames
finished print_filenames
removing targets
analyzing gcc-5__Ou__idutils__fnid/parse_separator_style
started running parse_separator_style
finished parse_separator_style
analyzing gcc-5__Ou__idutils__fnid/walk_dir
started running walk_dir
finished walk_dir
analyzing gcc-5__Ou__idutils__fnid/walk_sub_dirs
started running walk_sub_dirs
finished walk_sub_dirs
analyzing gcc-5__Ou__idutils__fnid/walk_flink
started running walk_flink
finished walk_flink
analyzing gcc-5__Ou__idutils__fnid/reparent_children
started running reparent_children
finished reparent_children
removing targets
analyzing gcc-5__Ou__idutils__fnid/mark_member_file_links
started running mark_member_file_links
finished mark_member_file_links
analyzing gcc-5__Ou__idutils__fnid/maybe_get_member_file
started running maybe_get_member_file
finished maybe_get_member_file
analyzing gcc-5__Ou__idutils__fnid/find_alias_link
started running find_alias_link
finished find_alias_link
removing targets
analyzing gcc-5__Ou__idutils__fnid/symlink_ancestry
started running symlink_ancestry
finished symlink_ancestry
removing targets
analyzing gcc-5__Ou__idutils__fnid/get_member_file
started running get_member_file
finished get_member_file
analyzing gcc-5__Ou__idutils__fnid/find_member_file
started running find_member_file
finished find_member_file
analyzing gcc-5__Ou__idutils__fnid/get_lang_args
started running get_lang_args
finished get_lang_args
removing targets
analyzing gcc-5__Ou__idutils__fnid/print_member_file
started running print_member_file
finished print_member_file
analyzing gcc-5__Ou__idutils__fnid/lang_wanted
started running lang_wanted
finished lang_wanted
removing targets
analyzing gcc-5__Ou__idutils__fnid/include_languages
started running include_languages
finished include_languages
removing targets
analyzing gcc-5__Ou__idutils__fnid/exclude_languages
started running exclude_languages
finished exclude_languages
removing targets
analyzing gcc-5__Ou__idutils__fnid/append_strings_to_vector
started running append_strings_to_vector
finished append_strings_to_vector
removing targets
analyzing gcc-5__Ou__idutils__fnid/vector_length
started running vector_length
finished vector_length
removing targets
analyzing gcc-5__Ou__idutils__fnid/string_in_vector
started running string_in_vector
finished string_in_vector
removing targets
analyzing gcc-5__Ou__idutils__fnid/parse_file_name
started running parse_file_name
finished parse_file_name
removing targets
analyzing gcc-5__Ou__idutils__fnid/get_current_dir_link
started running get_current_dir_link
finished get_current_dir_link
removing targets
analyzing gcc-5__Ou__idutils__fnid/same_as_dot
started running same_as_dot
finished same_as_dot
removing targets
analyzing gcc-5__Ou__idutils__fnid/chdir_to_link
started running chdir_to_link
finished chdir_to_link
removing targets
analyzing gcc-5__Ou__idutils__fnid/vectorize_string
started running vectorize_string
finished vectorize_string
analyzing gcc-5__Ou__idutils__fnid/prune_file_names
started running prune_file_names
finished prune_file_names
analyzing gcc-5__Ou__idutils__fnid/classify_link
started running classify_link
finished classify_link
analyzing gcc-5__Ou__idutils__fnid/get_link_from_dirent
started running get_link_from_dirent
finished get_link_from_dirent
analyzing gcc-5__Ou__idutils__fnid/get_link_from_string
started running get_link_from_string
finished get_link_from_string
analyzing gcc-5__Ou__idutils__fnid/make_link_from_dirent
started running make_link_from_dirent
finished make_link_from_dirent
analyzing gcc-5__Ou__idutils__fnid/make_link_from_string
started running make_link_from_string
finished make_link_from_string
analyzing gcc-5__Ou__idutils__fnid/fill_link_vector
started running fill_link_vector
finished fill_link_vector
analyzing gcc-5__Ou__idutils__fnid/fill_link_vector_1
started running fill_link_vector_1
finished fill_link_vector_1
removing targets
analyzing gcc-5__Ou__idutils__fnid/maybe_relative_file_name
started running maybe_relative_file_name
finished maybe_relative_file_name
removing targets
analyzing gcc-5__Ou__idutils__fnid/fill_dot_dots
started running fill_dot_dots
finished fill_dot_dots
removing targets
analyzing gcc-5__Ou__idutils__fnid/absolute_file_name
started running absolute_file_name
finished absolute_file_name
removing targets
analyzing gcc-5__Ou__idutils__fnid/absolute_file_name_1
started running absolute_file_name_1
finished absolute_file_name_1
removing targets
analyzing gcc-5__Ou__idutils__fnid/member_file_hash_1
started running member_file_hash_1
finished member_file_hash_1
analyzing gcc-5__Ou__idutils__fnid/member_file_hash_2
started running member_file_hash_2
finished member_file_hash_2
analyzing gcc-5__Ou__idutils__fnid/member_file_hash_compare
started running member_file_hash_compare
finished member_file_hash_compare
analyzing gcc-5__Ou__idutils__fnid/member_file_qsort_compare
started running member_file_qsort_compare
finished member_file_qsort_compare
removing targets
analyzing gcc-5__Ou__idutils__fnid/file_link_hash_1
started running file_link_hash_1
finished file_link_hash_1
removing targets
analyzing gcc-5__Ou__idutils__fnid/file_link_hash_2
started running file_link_hash_2
finished file_link_hash_2
removing targets
analyzing gcc-5__Ou__idutils__fnid/file_link_hash_compare
started running file_link_hash_compare
finished file_link_hash_compare
removing targets
analyzing gcc-5__Ou__idutils__fnid/links_depth
started running links_depth
finished links_depth
removing targets
analyzing gcc-5__Ou__idutils__fnid/dev_ino_hash_1
started running dev_ino_hash_1
finished dev_ino_hash_1
analyzing gcc-5__Ou__idutils__fnid/dev_ino_hash_2
started running dev_ino_hash_2
finished dev_ino_hash_2
analyzing gcc-5__Ou__idutils__fnid/dev_ino_hash_compare
started running dev_ino_hash_compare
finished dev_ino_hash_compare
removing targets
analyzing gcc-5__Ou__idutils__fnid/init_walker
started running init_walker
finished init_walker
analyzing gcc-5__Ou__idutils__fnid/init_idh_obstacks
started running init_idh_obstacks
finished init_idh_obstacks
analyzing gcc-5__Ou__idutils__fnid/init_idh_tables
started running init_idh_tables
finished init_idh_tables
analyzing gcc-5__Ou__idutils__fnid/make_dynvec
started running make_dynvec
finished make_dynvec
analyzing gcc-5__Ou__idutils__fnid/dynvec_free
started running dynvec_free
finished dynvec_free
analyzing gcc-5__Ou__idutils__fnid/dynvec_freeze
started running dynvec_freeze
finished dynvec_freeze
removing targets
analyzing gcc-5__Ou__idutils__fnid/dynvec_append
started running dynvec_append
finished dynvec_append
removing targets
analyzing gcc-5__Ou__idutils__fnid/hash_init
started running hash_init
finished hash_init
analyzing gcc-5__Ou__idutils__fnid/hash_load
started running hash_load
finished hash_load
removing targets
analyzing gcc-5__Ou__idutils__fnid/hash_find_slot
started running hash_find_slot
finished hash_find_slot
analyzing gcc-5__Ou__idutils__fnid/hash_find_item
started running hash_find_item
finished hash_find_item
analyzing gcc-5__Ou__idutils__fnid/hash_insert
started running hash_insert
finished hash_insert
analyzing gcc-5__Ou__idutils__fnid/hash_insert_at
started running hash_insert_at
finished hash_insert_at
removing targets
analyzing gcc-5__Ou__idutils__fnid/hash_delete
started running hash_delete
finished hash_delete
analyzing gcc-5__Ou__idutils__fnid/hash_delete_at
started running hash_delete_at
finished hash_delete_at
removing targets
analyzing gcc-5__Ou__idutils__fnid/hash_free_items
started running hash_free_items
finished hash_free_items
removing targets
analyzing gcc-5__Ou__idutils__fnid/hash_delete_items
started running hash_delete_items
finished hash_delete_items
removing targets
analyzing gcc-5__Ou__idutils__fnid/hash_free
started running hash_free
finished hash_free
removing targets
analyzing gcc-5__Ou__idutils__fnid/hash_map
started running hash_map
finished hash_map
removing targets
analyzing gcc-5__Ou__idutils__fnid/hash_rehash
started running hash_rehash
finished hash_rehash
removing targets
analyzing gcc-5__Ou__idutils__fnid/hash_print_stats
started running hash_print_stats
finished hash_print_stats
removing targets
analyzing gcc-5__Ou__idutils__fnid/hash_dump
started running hash_dump
finished hash_dump
removing targets
analyzing gcc-5__Ou__idutils__fnid/round_up_2
started running round_up_2
finished round_up_2
removing targets
analyzing gcc-5__Ou__idutils__fnid/language_help_me
started running language_help_me
finished language_help_me
removing targets
analyzing gcc-5__Ou__idutils__fnid/language_save_arg
started running language_save_arg
finished language_save_arg
analyzing gcc-5__Ou__idutils__fnid/language_getopt
started running language_getopt
finished language_getopt
removing targets
analyzing gcc-5__Ou__idutils__fnid/get_language
started running get_language
finished get_language
removing targets
analyzing gcc-5__Ou__idutils__fnid/set_default_language
started running set_default_language
finished set_default_language
analyzing gcc-5__Ou__idutils__fnid/parse_language_map
started running parse_language_map
finished parse_language_map
analyzing gcc-5__Ou__idutils__fnid/parse_language_map_file
started running parse_language_map_file
stopped exploration
finished parse_language_map_file
analyzing gcc-5__Ou__idutils__fnid/read_language_map_file
started running read_language_map_file
finished read_language_map_file
analyzing gcc-5__Ou__idutils__fnid/tokenize_args_string
started running tokenize_args_string
finished tokenize_args_string
analyzing gcc-5__Ou__idutils__fnid/set_ushort_ctype
started running set_ushort_ctype
finished set_ushort_ctype
removing targets
analyzing gcc-5__Ou__idutils__fnid/clear_ushort_ctype
started running clear_ushort_ctype
finished clear_ushort_ctype
removing targets
analyzing gcc-5__Ou__idutils__fnid/set_uchar_ctype
started running set_uchar_ctype
finished set_uchar_ctype
removing targets
analyzing gcc-5__Ou__idutils__fnid/clear_uchar_ctype
started running clear_uchar_ctype
finished clear_uchar_ctype
removing targets
analyzing gcc-5__Ou__idutils__fnid/help_me_c
started running help_me_c
finished help_me_c
analyzing gcc-5__Ou__idutils__fnid/help_me_cpp
started running help_me_cpp
finished help_me_cpp
analyzing gcc-5__Ou__idutils__fnid/help_me_java
started running help_me_java
finished help_me_java
analyzing gcc-5__Ou__idutils__fnid/parse_args_c
started running parse_args_c
stopped exploration
finished parse_args_c
removing targets
analyzing gcc-5__Ou__idutils__fnid/get_token_c
started running get_token_c
stopped exploration
finished get_token_c
removing targets
analyzing gcc-5__Ou__idutils__fnid/help_me_asm
started running help_me_asm
finished help_me_asm
analyzing gcc-5__Ou__idutils__fnid/parse_args_asm
started running parse_args_asm
stopped exploration
finished parse_args_asm
removing targets
analyzing gcc-5__Ou__idutils__fnid/get_token_asm
started running get_token_asm
stopped exploration
finished get_token_asm
removing targets
analyzing gcc-5__Ou__idutils__fnid/help_me_text
started running help_me_text
finished help_me_text
analyzing gcc-5__Ou__idutils__fnid/parse_args_text
started running parse_args_text
stopped exploration
finished parse_args_text
removing targets
analyzing gcc-5__Ou__idutils__fnid/get_token_text
started running get_token_text
finished get_token_text
removing targets
analyzing gcc-5__Ou__idutils__fnid/help_me_perl
started running help_me_perl
finished help_me_perl
analyzing gcc-5__Ou__idutils__fnid/parse_args_perl
started running parse_args_perl
stopped exploration
finished parse_args_perl
removing targets
analyzing gcc-5__Ou__idutils__fnid/get_token_perl
started running get_token_perl
stopped exploration
finished get_token_perl
removing targets
analyzing gcc-5__Ou__idutils__fnid/help_me_lisp
started running help_me_lisp
finished help_me_lisp
analyzing gcc-5__Ou__idutils__fnid/parse_args_lisp
started running parse_args_lisp
finished parse_args_lisp
analyzing gcc-5__Ou__idutils__fnid/get_token_lisp
started running get_token_lisp
finished get_token_lisp
removing targets
analyzing gcc-5__Ou__idutils__fnid/xnmalloc_inline
started running xnmalloc_inline
finished xnmalloc_inline
removing targets
analyzing gcc-5__Ou__idutils__fnid/xnmalloc
started running xnmalloc
finished xnmalloc
analyzing gcc-5__Ou__idutils__fnid/xmalloc
started running xmalloc
finished xmalloc
analyzing gcc-5__Ou__idutils__fnid/xnrealloc_inline
started running xnrealloc_inline
finished xnrealloc_inline
removing targets
analyzing gcc-5__Ou__idutils__fnid/xnrealloc
started running xnrealloc
finished xnrealloc
analyzing gcc-5__Ou__idutils__fnid/xrealloc
started running xrealloc
finished xrealloc
analyzing gcc-5__Ou__idutils__fnid/x2nrealloc_inline
started running x2nrealloc_inline
finished x2nrealloc_inline
removing targets
analyzing gcc-5__Ou__idutils__fnid/x2nrealloc
started running x2nrealloc
finished x2nrealloc
analyzing gcc-5__Ou__idutils__fnid/x2realloc
started running x2realloc
finished x2realloc
analyzing gcc-5__Ou__idutils__fnid/xzalloc
started running xzalloc
finished xzalloc
analyzing gcc-5__Ou__idutils__fnid/xcalloc
started running xcalloc
finished xcalloc
analyzing gcc-5__Ou__idutils__fnid/xmemdup
started running xmemdup
finished xmemdup
analyzing gcc-5__Ou__idutils__fnid/xstrdup
started running xstrdup
finished xstrdup
analyzing gcc-5__Ou__idutils__fnid/xgetcwd
started running xgetcwd
finished xgetcwd
analyzing gcc-5__Ou__idutils__fnid/xalloc_die
started running xalloc_die
finished xalloc_die
analyzing gcc-5__Ou__idutils__fnid/stat
started running stat
finished stat
removing targets
