gcc-5__Ou__mailutils__mail have 359 funcs
analyzing gcc-5__Ou__mailutils__mail/deregister_tm_clones
started running deregister_tm_clones
finished deregister_tm_clones
removing targets
analyzing gcc-5__Ou__mailutils__mail/register_tm_clones
started running register_tm_clones
finished register_tm_clones
removing targets
analyzing gcc-5__Ou__mailutils__mail/frame_dummy
started running frame_dummy
finished frame_dummy
removing targets
analyzing gcc-5__Ou__mailutils__mail/alias_free
started running alias_free
finished alias_free
analyzing gcc-5__Ou__mailutils__mail/alias_print_group
started running alias_print_group
finished alias_print_group
analyzing gcc-5__Ou__mailutils__mail/alias_lookup
started running alias_lookup
finished alias_lookup
analyzing gcc-5__Ou__mailutils__mail/alias_print
started running alias_print
finished alias_print
removing targets
analyzing gcc-5__Ou__mailutils__mail/alias_create
started running alias_create
finished alias_create
removing targets
analyzing gcc-5__Ou__mailutils__mail/alias_destroy
started running alias_destroy
finished alias_destroy
analyzing gcc-5__Ou__mailutils__mail/recursive_alias_expand
started running recursive_alias_expand
finished recursive_alias_expand
analyzing gcc-5__Ou__mailutils__mail/string_comp
started running string_comp
finished string_comp
analyzing gcc-5__Ou__mailutils__mail/alias_expand
started running alias_expand
finished alias_expand
analyzing gcc-5__Ou__mailutils__mail/alias_iterate_next
started running alias_iterate_next
finished alias_iterate_next
removing targets
analyzing gcc-5__Ou__mailutils__mail/alias_iterate_first
started running alias_iterate_first
finished alias_iterate_first
removing targets
analyzing gcc-5__Ou__mailutils__mail/alias_iterate_end
started running alias_iterate_end
finished alias_iterate_end
analyzing gcc-5__Ou__mailutils__mail/mail_alias
started running mail_alias
finished mail_alias
removing targets
analyzing gcc-5__Ou__mailutils__mail/mail_alt
started running mail_alt
finished mail_alt
removing targets
analyzing gcc-5__Ou__mailutils__mail/mail_whoami
started running mail_whoami
finished mail_whoami
analyzing gcc-5__Ou__mailutils__mail/mail_set_my_name
started running mail_set_my_name
finished mail_set_my_name
removing targets
analyzing gcc-5__Ou__mailutils__mail/mail_is_my_name
started running mail_is_my_name
finished mail_is_my_name
analyzing gcc-5__Ou__mailutils__mail/mail_cd
started running mail_cd
finished mail_cd
removing targets
analyzing gcc-5__Ou__mailutils__mail/append_to_mailbox
started running append_to_mailbox
finished append_to_mailbox
analyzing gcc-5__Ou__mailutils__mail/append_to_file
started running append_to_file
finished append_to_file
analyzing gcc-5__Ou__mailutils__mail/mail_copy0
started running mail_copy0
finished mail_copy0
removing targets
analyzing gcc-5__Ou__mailutils__mail/mail_copy
started running mail_copy
finished mail_copy
analyzing gcc-5__Ou__mailutils__mail/mail_decode
started running mail_decode
finished mail_decode
analyzing gcc-5__Ou__mailutils__mail/display_message
started running display_message
finished display_message
analyzing gcc-5__Ou__mailutils__mail/display_headers
started running display_headers
finished display_headers
removing targets
analyzing gcc-5__Ou__mailutils__mail/format_msgset
started running format_msgset
finished format_msgset
removing targets
analyzing gcc-5__Ou__mailutils__mail/display_part_header
started running display_part_header
finished display_part_header
analyzing gcc-5__Ou__mailutils__mail/mime_descend
started running mime_descend
finished mime_descend
analyzing gcc-5__Ou__mailutils__mail/display_submessage
started running display_submessage
finished display_submessage
analyzing gcc-5__Ou__mailutils__mail/print_stream
started running print_stream
finished print_stream
removing targets
analyzing gcc-5__Ou__mailutils__mail/get_content_encoding
started running get_content_encoding
finished get_content_encoding
analyzing gcc-5__Ou__mailutils__mail/run_metamail
started running run_metamail
finished run_metamail
analyzing gcc-5__Ou__mailutils__mail/mail_delete_msg
started running mail_delete_msg
finished mail_delete_msg
analyzing gcc-5__Ou__mailutils__mail/mail_delete
started running mail_delete
finished mail_delete
analyzing gcc-5__Ou__mailutils__mail/mail_dp
started running mail_dp
finished mail_dp
analyzing gcc-5__Ou__mailutils__mail/echo
started running echo
finished echo
analyzing gcc-5__Ou__mailutils__mail/mail_echo
started running mail_echo
finished mail_echo
removing targets
analyzing gcc-5__Ou__mailutils__mail/edit0
started running edit0
finished edit0
analyzing gcc-5__Ou__mailutils__mail/mail_edit
started running mail_edit
finished mail_edit
analyzing gcc-5__Ou__mailutils__mail/print_envelope
started running print_envelope
finished print_envelope
analyzing gcc-5__Ou__mailutils__mail/mail_envelope
started running mail_envelope
finished mail_envelope
analyzing gcc-5__Ou__mailutils__mail/mail_eq
started running mail_eq
finished mail_eq
removing targets
analyzing gcc-5__Ou__mailutils__mail/dump_headers
started running dump_headers
finished dump_headers
analyzing gcc-5__Ou__mailutils__mail/check_headers
started running check_headers
finished check_headers
analyzing gcc-5__Ou__mailutils__mail/escape_continue
started running escape_continue
finished escape_continue
analyzing gcc-5__Ou__mailutils__mail/escape_check_args
started running escape_check_args
finished escape_check_args
removing targets
analyzing gcc-5__Ou__mailutils__mail/escape_shell
started running escape_shell
finished escape_shell
analyzing gcc-5__Ou__mailutils__mail/escape_command
started running escape_command
finished escape_command
analyzing gcc-5__Ou__mailutils__mail/escape_help
started running escape_help
finished escape_help
removing targets
analyzing gcc-5__Ou__mailutils__mail/escape_sign
started running escape_sign
finished escape_sign
removing targets
analyzing gcc-5__Ou__mailutils__mail/escape_bcc
started running escape_bcc
finished escape_bcc
removing targets
analyzing gcc-5__Ou__mailutils__mail/escape_cc
started running escape_cc
finished escape_cc
removing targets
analyzing gcc-5__Ou__mailutils__mail/verbose_copy
started running verbose_copy
finished verbose_copy
removing targets
analyzing gcc-5__Ou__mailutils__mail/escape_deadletter
started running escape_deadletter
finished escape_deadletter
analyzing gcc-5__Ou__mailutils__mail/run_editor
started running run_editor
finished run_editor
analyzing gcc-5__Ou__mailutils__mail/escape_run_editor
started running escape_run_editor
finished escape_run_editor
analyzing gcc-5__Ou__mailutils__mail/escape_editor
started running escape_editor
finished escape_editor
analyzing gcc-5__Ou__mailutils__mail/escape_visual
started running escape_visual
finished escape_visual
analyzing gcc-5__Ou__mailutils__mail/escape_print
started running escape_print
finished escape_print
analyzing gcc-5__Ou__mailutils__mail/reread_header
started running reread_header
finished reread_header
analyzing gcc-5__Ou__mailutils__mail/escape_headers
started running escape_headers
finished escape_headers
analyzing gcc-5__Ou__mailutils__mail/escape_insert
started running escape_insert
finished escape_insert
analyzing gcc-5__Ou__mailutils__mail/quote0
started running quote0
finished quote0
analyzing gcc-5__Ou__mailutils__mail/escape_quote
started running escape_quote
finished escape_quote
removing targets
analyzing gcc-5__Ou__mailutils__mail/escape_type_input
started running escape_type_input
finished escape_type_input
analyzing gcc-5__Ou__mailutils__mail/escape_read
started running escape_read
finished escape_read
analyzing gcc-5__Ou__mailutils__mail/escape_subj
started running escape_subj
finished escape_subj
analyzing gcc-5__Ou__mailutils__mail/escape_to
started running escape_to
finished escape_to
removing targets
analyzing gcc-5__Ou__mailutils__mail/escape_write
started running escape_write
finished escape_write
analyzing gcc-5__Ou__mailutils__mail/escape_pipe
started running escape_pipe
finished escape_pipe
analyzing gcc-5__Ou__mailutils__mail/mail_exit
started running mail_exit
finished mail_exit
analyzing gcc-5__Ou__mailutils__mail/mail_expand_name
started running mail_expand_name
finished mail_expand_name
analyzing gcc-5__Ou__mailutils__mail/mail_file
started running mail_file
finished mail_file
removing targets
analyzing gcc-5__Ou__mailutils__mail/mail_folders
started running mail_folders
finished mail_folders
analyzing gcc-5__Ou__mailutils__mail/mail_followup
started running mail_followup
finished mail_followup
analyzing gcc-5__Ou__mailutils__mail/header_ensure_space
started running header_ensure_space
finished header_ensure_space
removing targets
analyzing gcc-5__Ou__mailutils__mail/header_buf_string_len
started running header_buf_string_len
finished header_buf_string_len
analyzing gcc-5__Ou__mailutils__mail/header_buf_string
started running header_buf_string
finished header_buf_string
removing targets
analyzing gcc-5__Ou__mailutils__mail/format_pad
started running format_pad
finished format_pad
removing targets
analyzing gcc-5__Ou__mailutils__mail/format_headline
started running format_headline
finished format_headline
analyzing gcc-5__Ou__mailutils__mail/free_headline
started running free_headline
finished free_headline
removing targets
analyzing gcc-5__Ou__mailutils__mail/hdr_text
started running hdr_text
finished hdr_text
analyzing gcc-5__Ou__mailutils__mail/hdr_cur
started running hdr_cur
finished hdr_cur
analyzing gcc-5__Ou__mailutils__mail/hdr_attr
started running hdr_attr
finished hdr_attr
analyzing gcc-5__Ou__mailutils__mail/hdr_date
started running hdr_date
finished hdr_date
analyzing gcc-5__Ou__mailutils__mail/hdr_from
started running hdr_from
finished hdr_from
analyzing gcc-5__Ou__mailutils__mail/hdr_lines
started running hdr_lines
finished hdr_lines
analyzing gcc-5__Ou__mailutils__mail/hdr_quick_lines
started running hdr_quick_lines
finished hdr_quick_lines
analyzing gcc-5__Ou__mailutils__mail/hdr_number
started running hdr_number
finished hdr_number
analyzing gcc-5__Ou__mailutils__mail/hdr_size
started running hdr_size
finished hdr_size
analyzing gcc-5__Ou__mailutils__mail/hdr_subject
started running hdr_subject
finished hdr_subject
analyzing gcc-5__Ou__mailutils__mail/hdr_q_subject
started running hdr_q_subject
finished hdr_q_subject
removing targets
analyzing gcc-5__Ou__mailutils__mail/new_header_segment
started running new_header_segment
finished new_header_segment
analyzing gcc-5__Ou__mailutils__mail/compile_headline
started running compile_headline
stopped exploration
finished compile_headline
removing targets
analyzing gcc-5__Ou__mailutils__mail/mail_compile_headline
started running mail_compile_headline
finished mail_compile_headline
analyzing gcc-5__Ou__mailutils__mail/mail_from0
started running mail_from0
finished mail_from0
analyzing gcc-5__Ou__mailutils__mail/mail_from
started running mail_from
finished mail_from
analyzing gcc-5__Ou__mailutils__mail/mail_headers
started running mail_headers
finished mail_headers
removing targets
analyzing gcc-5__Ou__mailutils__mail/mail_help
started running mail_help
finished mail_help
removing targets
analyzing gcc-5__Ou__mailutils__mail/hold0
started running hold0
finished hold0
analyzing gcc-5__Ou__mailutils__mail/mail_hold
started running mail_hold
finished mail_hold
analyzing gcc-5__Ou__mailutils__mail/if_cond
started running if_cond
finished if_cond
removing targets
analyzing gcc-5__Ou__mailutils__mail/mail_if
started running mail_if
finished mail_if
removing targets
analyzing gcc-5__Ou__mailutils__mail/mail_else
started running mail_else
finished mail_else
removing targets
analyzing gcc-5__Ou__mailutils__mail/mail_endif
started running mail_endif
finished mail_endif
removing targets
analyzing gcc-5__Ou__mailutils__mail/mail_inc
started running mail_inc
finished mail_inc
analyzing gcc-5__Ou__mailutils__mail/mail_list
started running mail_list
finished mail_list
analyzing gcc-5__Ou__mailutils__mail/cli_f_option
started running cli_f_option
finished cli_f_option
analyzing gcc-5__Ou__mailutils__mail/cli_file_option
started running cli_file_option
finished cli_file_option
removing targets
analyzing gcc-5__Ou__mailutils__mail/cli_command_option
started running cli_command_option
finished cli_command_option
removing targets
analyzing gcc-5__Ou__mailutils__mail/cli_subject
started running cli_subject
finished cli_subject
analyzing gcc-5__Ou__mailutils__mail/cli_append
started running cli_append
finished cli_append
analyzing gcc-5__Ou__mailutils__mail/cli_attach
started running cli_attach
finished cli_attach
analyzing gcc-5__Ou__mailutils__mail/cli_attach_fd
started running cli_attach_fd
finished cli_attach_fd
analyzing gcc-5__Ou__mailutils__mail/mail_cmdline
started running mail_cmdline
finished mail_cmdline
analyzing gcc-5__Ou__mailutils__mail/do_and_quit
started running do_and_quit
finished do_and_quit
analyzing gcc-5__Ou__mailutils__mail/mail_mainloop
started running mail_mainloop
finished mail_mainloop
removing targets
analyzing gcc-5__Ou__mailutils__mail/mail_warranty
started running mail_warranty
finished mail_warranty
analyzing gcc-5__Ou__mailutils__mail/sig_handler
started running sig_handler
finished sig_handler
removing targets
analyzing gcc-5__Ou__mailutils__mail/ml_clear_interrupt
started running ml_clear_interrupt
finished ml_clear_interrupt
analyzing gcc-5__Ou__mailutils__mail/ml_got_interrupt
started running ml_got_interrupt
finished ml_got_interrupt
analyzing gcc-5__Ou__mailutils__mail/ml_getc
started running ml_getc
finished ml_getc
analyzing gcc-5__Ou__mailutils__mail/ml_readline_init
started running ml_readline_init
finished ml_readline_init
removing targets
analyzing gcc-5__Ou__mailutils__mail/ml_readline_internal
started running ml_readline_internal
finished ml_readline_internal
analyzing gcc-5__Ou__mailutils__mail/ml_readline
started running ml_readline
finished ml_readline
removing targets
analyzing gcc-5__Ou__mailutils__mail/ml_readline_with_intr
started running ml_readline_with_intr
finished ml_readline_with_intr
analyzing gcc-5__Ou__mailutils__mail/ml_insert_hook
started running ml_insert_hook
finished ml_insert_hook
removing targets
analyzing gcc-5__Ou__mailutils__mail/ml_reread
started running ml_reread
finished ml_reread
analyzing gcc-5__Ou__mailutils__mail/ml_command_completion
started running ml_command_completion
finished ml_command_completion
removing targets
analyzing gcc-5__Ou__mailutils__mail/ml_command_generator
started running ml_command_generator
finished ml_command_generator
removing targets
analyzing gcc-5__Ou__mailutils__mail/ml_set_completion_append_character
started running ml_set_completion_append_character
finished ml_set_completion_append_character
analyzing gcc-5__Ou__mailutils__mail/ml_attempted_completion_over
started running ml_attempted_completion_over
finished ml_attempted_completion_over
analyzing gcc-5__Ou__mailutils__mail/no_compl
started running no_compl
finished no_compl
analyzing gcc-5__Ou__mailutils__mail/msglist_compl
started running msglist_compl
finished msglist_compl
analyzing gcc-5__Ou__mailutils__mail/command_compl
started running command_compl
finished command_compl
analyzing gcc-5__Ou__mailutils__mail/file_generator
started running file_generator
finished file_generator
removing targets
analyzing gcc-5__Ou__mailutils__mail/folder_generator
started running folder_generator
finished folder_generator
removing targets
analyzing gcc-5__Ou__mailutils__mail/msgtype_generator
started running msgtype_generator
finished msgtype_generator
removing targets
analyzing gcc-5__Ou__mailutils__mail/header_generator
started running header_generator
finished header_generator
analyzing gcc-5__Ou__mailutils__mail/file_compl_internal
started running file_compl_internal
finished file_compl_internal
removing targets
analyzing gcc-5__Ou__mailutils__mail/file_compl
started running file_compl
finished file_compl
analyzing gcc-5__Ou__mailutils__mail/msglist_file_compl
started running msglist_file_compl
finished msglist_file_compl
analyzing gcc-5__Ou__mailutils__mail/dir_generator
started running dir_generator
finished dir_generator
removing targets
analyzing gcc-5__Ou__mailutils__mail/dir_compl
started running dir_compl
finished dir_compl
analyzing gcc-5__Ou__mailutils__mail/alias_generator
started running alias_generator
finished alias_generator
removing targets
analyzing gcc-5__Ou__mailutils__mail/alias_compl
started running alias_compl
finished alias_compl
analyzing gcc-5__Ou__mailutils__mail/mkfilename
started running mkfilename
finished mkfilename
analyzing gcc-5__Ou__mailutils__mail/exec_generator
started running exec_generator
stopped exploration
finished exec_generator
removing targets
analyzing gcc-5__Ou__mailutils__mail/exec_compl
started running exec_compl
finished exec_compl
removing targets
analyzing gcc-5__Ou__mailutils__mail/find_mailvar_symbol
started running find_mailvar_symbol
finished find_mailvar_symbol
removing targets
analyzing gcc-5__Ou__mailutils__mail/print_descr
started running print_descr
finished print_descr
removing targets
analyzing gcc-5__Ou__mailutils__mail/mailvar_variable_comp
started running mailvar_variable_comp
finished mailvar_variable_comp
analyzing gcc-5__Ou__mailutils__mail/mailvar_find_variable
started running mailvar_find_variable
finished mailvar_find_variable
analyzing gcc-5__Ou__mailutils__mail/mailvar_get
started running mailvar_get
finished mailvar_get
analyzing gcc-5__Ou__mailutils__mail/mailvar_is_true
started running mailvar_is_true
finished mailvar_is_true
analyzing gcc-5__Ou__mailutils__mail/mailvar_variable_reset
started running mailvar_variable_reset
finished mailvar_variable_reset
removing targets
analyzing gcc-5__Ou__mailutils__mail/mailvar_set
started running mailvar_set
finished mailvar_set
analyzing gcc-5__Ou__mailutils__mail/set_folder
started running set_folder
finished set_folder
analyzing gcc-5__Ou__mailutils__mail/set_headline
started running set_headline
finished set_headline
removing targets
analyzing gcc-5__Ou__mailutils__mail/set_decode_fallback
started running set_decode_fallback
finished set_decode_fallback
removing targets
analyzing gcc-5__Ou__mailutils__mail/set_replyregex
started running set_replyregex
finished set_replyregex
removing targets
analyzing gcc-5__Ou__mailutils__mail/set_screen
started running set_screen
finished set_screen
removing targets
analyzing gcc-5__Ou__mailutils__mail/set_verbose
started running set_verbose
finished set_verbose
removing targets
analyzing gcc-5__Ou__mailutils__mail/set_debug
started running set_debug
finished set_debug
analyzing gcc-5__Ou__mailutils__mail/mailvar_mapper
started running mailvar_mapper
finished mailvar_mapper
analyzing gcc-5__Ou__mailutils__mail/mailvar_list_copy
started running mailvar_list_copy
finished mailvar_list_copy
removing targets
analyzing gcc-5__Ou__mailutils__mail/mailvar_iterate_next
started running mailvar_iterate_next
finished mailvar_iterate_next
removing targets
analyzing gcc-5__Ou__mailutils__mail/mailvar_iterate_first
started running mailvar_iterate_first
finished mailvar_iterate_first
analyzing gcc-5__Ou__mailutils__mail/mailvar_iterate_end
started running mailvar_iterate_end
finished mailvar_iterate_end
removing targets
analyzing gcc-5__Ou__mailutils__mail/mailvar_printer
started running mailvar_printer
finished mailvar_printer
removing targets
analyzing gcc-5__Ou__mailutils__mail/mailvar_print
started running mailvar_print
finished mailvar_print
analyzing gcc-5__Ou__mailutils__mail/mailvar_variable_format
started running mailvar_variable_format
finished mailvar_variable_format
removing targets
analyzing gcc-5__Ou__mailutils__mail/describe_symbol
started running describe_symbol
finished describe_symbol
analyzing gcc-5__Ou__mailutils__mail/mail_variable
started running mail_variable
finished mail_variable
analyzing gcc-5__Ou__mailutils__mail/mailvar_generator
started running mailvar_generator
finished mailvar_generator
removing targets
analyzing gcc-5__Ou__mailutils__mail/mailvar_set_generator
started running mailvar_set_generator
finished mailvar_set_generator
analyzing gcc-5__Ou__mailutils__mail/mailvar_unset_generator
started running mailvar_unset_generator
finished mailvar_unset_generator
analyzing gcc-5__Ou__mailutils__mail/mailvar_set_compl
started running mailvar_set_compl
finished mailvar_set_compl
analyzing gcc-5__Ou__mailutils__mail/mbox0
started running mbox0
finished mbox0
analyzing gcc-5__Ou__mailutils__mail/mail_mbox
started running mail_mbox
finished mail_mbox
analyzing gcc-5__Ou__mailutils__mail/yy_symbol_value_print
started running yy_symbol_value_print
finished yy_symbol_value_print
analyzing gcc-5__Ou__mailutils__mail/yy_symbol_print
started running yy_symbol_print
finished yy_symbol_print
removing targets
analyzing gcc-5__Ou__mailutils__mail/yy_stack_print
started running yy_stack_print
finished yy_stack_print
analyzing gcc-5__Ou__mailutils__mail/yy_reduce_print
started running yy_reduce_print
finished yy_reduce_print
analyzing gcc-5__Ou__mailutils__mail/yydestruct
started running yydestruct
finished yydestruct
removing targets
analyzing gcc-5__Ou__mailutils__mail/yyparse
started running yyparse
finished yyparse
removing targets
analyzing gcc-5__Ou__mailutils__mail/yyerror
started running yyerror
finished yyerror
analyzing gcc-5__Ou__mailutils__mail/yylex
started running yylex
finished yylex
removing targets
analyzing gcc-5__Ou__mailutils__mail/msgset_parse
started running msgset_parse
finished msgset_parse
analyzing gcc-5__Ou__mailutils__mail/msgset_free
started running msgset_free
finished msgset_free
removing targets
analyzing gcc-5__Ou__mailutils__mail/msgset_count
started running msgset_count
finished msgset_count
removing targets
analyzing gcc-5__Ou__mailutils__mail/msgset_make_1
started running msgset_make_1
finished msgset_make_1
removing targets
analyzing gcc-5__Ou__mailutils__mail/msgset_dup
started running msgset_dup
finished msgset_dup
analyzing gcc-5__Ou__mailutils__mail/msgset_append
started running msgset_append
finished msgset_append
removing targets
analyzing gcc-5__Ou__mailutils__mail/msgset_member
started running msgset_member
finished msgset_member
removing targets
analyzing gcc-5__Ou__mailutils__mail/msgset_negate
started running msgset_negate
finished msgset_negate
removing targets
analyzing gcc-5__Ou__mailutils__mail/msgset_range
started running msgset_range
finished msgset_range
removing targets
analyzing gcc-5__Ou__mailutils__mail/msgset_expand
started running msgset_expand
finished msgset_expand
removing targets
analyzing gcc-5__Ou__mailutils__mail/msgset_select
started running msgset_select
finished msgset_select
removing targets
analyzing gcc-5__Ou__mailutils__mail/select_header
started running select_header
finished select_header
removing targets
analyzing gcc-5__Ou__mailutils__mail/select_body
started running select_body
finished select_body
analyzing gcc-5__Ou__mailutils__mail/select_sender
started running select_sender
finished select_sender
analyzing gcc-5__Ou__mailutils__mail/select_type
started running select_type
finished select_type
analyzing gcc-5__Ou__mailutils__mail/select_deleted
started running select_deleted
finished select_deleted
analyzing gcc-5__Ou__mailutils__mail/check_set
started running check_set
finished check_set
analyzing gcc-5__Ou__mailutils__mail/mail_next
started running mail_next
finished mail_next
removing targets
analyzing gcc-5__Ou__mailutils__mail/fill_page_map
started running fill_page_map
finished fill_page_map
analyzing gcc-5__Ou__mailutils__mail/check_page_map
started running check_page_map
finished check_page_map
removing targets
analyzing gcc-5__Ou__mailutils__mail/page_invalidate
started running page_invalidate
finished page_invalidate
removing targets
analyzing gcc-5__Ou__mailutils__mail/cond_page_invalidate
started running cond_page_invalidate
finished cond_page_invalidate
removing targets
analyzing gcc-5__Ou__mailutils__mail/page_line
started running page_line
finished page_line
removing targets
analyzing gcc-5__Ou__mailutils__mail/get_cursor
started running get_cursor
finished get_cursor
analyzing gcc-5__Ou__mailutils__mail/set_cursor
started running set_cursor
finished set_cursor
removing targets
analyzing gcc-5__Ou__mailutils__mail/is_current_message
started running is_current_message
finished is_current_message
analyzing gcc-5__Ou__mailutils__mail/page_do
started running page_do
finished page_do
analyzing gcc-5__Ou__mailutils__mail/page_move
started running page_move
finished page_move
analyzing gcc-5__Ou__mailutils__mail/mail_pipe
started running mail_pipe
finished mail_pipe
removing targets
analyzing gcc-5__Ou__mailutils__mail/mail_previous
started running mail_previous
finished mail_previous
removing targets
analyzing gcc-5__Ou__mailutils__mail/mail_print_msg
started running mail_print_msg
finished mail_print_msg
analyzing gcc-5__Ou__mailutils__mail/mail_print
started running mail_print
finished mail_print
removing targets
analyzing gcc-5__Ou__mailutils__mail/mail_quit
started running mail_quit
finished mail_quit
analyzing gcc-5__Ou__mailutils__mail/mail_mbox_close
started running mail_mbox_close
finished mail_mbox_close
removing targets
analyzing gcc-5__Ou__mailutils__mail/mail_mbox_commit
started running mail_mbox_commit
finished mail_mbox_commit
analyzing gcc-5__Ou__mailutils__mail/make_in_reply_to
started running make_in_reply_to
finished make_in_reply_to
analyzing gcc-5__Ou__mailutils__mail/make_references
started running make_references
finished make_references
analyzing gcc-5__Ou__mailutils__mail/reply0
started running reply0
finished reply0
analyzing gcc-5__Ou__mailutils__mail/mail_reply
started running mail_reply
finished mail_reply
removing targets
analyzing gcc-5__Ou__mailutils__mail/process_list
started running process_list
finished process_list
removing targets
analyzing gcc-5__Ou__mailutils__mail/mail_retain
started running mail_retain
finished mail_retain
analyzing gcc-5__Ou__mailutils__mail/mail_discard
started running mail_discard
finished mail_discard
analyzing gcc-5__Ou__mailutils__mail/mail_unfold
started running mail_unfold
finished mail_unfold
analyzing gcc-5__Ou__mailutils__mail/mail_nounfold
started running mail_nounfold
finished mail_nounfold
analyzing gcc-5__Ou__mailutils__mail/mail_header_is_unfoldable
started running mail_header_is_unfoldable
finished mail_header_is_unfoldable
analyzing gcc-5__Ou__mailutils__mail/mail_header_is_visible
started running mail_header_is_visible
finished mail_header_is_visible
removing targets
analyzing gcc-5__Ou__mailutils__mail/mail_sender
started running mail_sender
finished mail_sender
analyzing gcc-5__Ou__mailutils__mail/mail_nosender
started running mail_nosender
finished mail_nosender
removing targets
analyzing gcc-5__Ou__mailutils__mail/get_sender_address
started running get_sender_address
finished get_sender_address
analyzing gcc-5__Ou__mailutils__mail/mail_save
started running mail_save
finished mail_save
analyzing gcc-5__Ou__mailutils__mail/seed_headers
started running seed_headers
finished seed_headers
analyzing gcc-5__Ou__mailutils__mail/list_headers
started running list_headers
finished list_headers
removing targets
analyzing gcc-5__Ou__mailutils__mail/add_header
started running add_header
finished add_header
removing targets
analyzing gcc-5__Ou__mailutils__mail/send_append_header
started running send_append_header
finished send_append_header
analyzing gcc-5__Ou__mailutils__mail/send_append_header2
started running send_append_header2
finished send_append_header2
analyzing gcc-5__Ou__mailutils__mail/mail_sendheader
started running mail_sendheader
finished mail_sendheader
removing targets
analyzing gcc-5__Ou__mailutils__mail/atchinfo_free
started running atchinfo_free
finished atchinfo_free
analyzing gcc-5__Ou__mailutils__mail/attlist_new
started running attlist_new
finished attlist_new
analyzing gcc-5__Ou__mailutils__mail/attach_set_content_type
started running attach_set_content_type
finished attach_set_content_type
removing targets
analyzing gcc-5__Ou__mailutils__mail/attlist_add
started running attlist_add
finished attlist_add
analyzing gcc-5__Ou__mailutils__mail/attlist_attach_file
started running attlist_attach_file
finished attlist_attach_file
removing targets
analyzing gcc-5__Ou__mailutils__mail/attlist_helper
started running attlist_helper
finished attlist_helper
analyzing gcc-5__Ou__mailutils__mail/attlist_copy
started running attlist_copy
finished attlist_copy
removing targets
analyzing gcc-5__Ou__mailutils__mail/send_attach_file
started running send_attach_file
finished send_attach_file
analyzing gcc-5__Ou__mailutils__mail/report_multipart_type
started running report_multipart_type
finished report_multipart_type
removing targets
analyzing gcc-5__Ou__mailutils__mail/escape_toggle_multipart_type
started running escape_toggle_multipart_type
finished escape_toggle_multipart_type
analyzing gcc-5__Ou__mailutils__mail/escape_list_attachments
started running escape_list_attachments
finished escape_list_attachments
analyzing gcc-5__Ou__mailutils__mail/escape_attach
started running escape_attach
finished escape_attach
removing targets
analyzing gcc-5__Ou__mailutils__mail/escape_remove_attachment
started running escape_remove_attachment
finished escape_remove_attachment
analyzing gcc-5__Ou__mailutils__mail/saveatt
started running saveatt
finished saveatt
analyzing gcc-5__Ou__mailutils__mail/add_body
started running add_body
finished add_body
analyzing gcc-5__Ou__mailutils__mail/add_attachments
started running add_attachments
finished add_attachments
analyzing gcc-5__Ou__mailutils__mail/read_cc_bcc
started running read_cc_bcc
finished read_cc_bcc
analyzing gcc-5__Ou__mailutils__mail/mail_send
started running mail_send
finished mail_send
removing targets
analyzing gcc-5__Ou__mailutils__mail/parse_headers
started running parse_headers
finished parse_headers
analyzing gcc-5__Ou__mailutils__mail/compose_init
started running compose_init
finished compose_init
analyzing gcc-5__Ou__mailutils__mail/compose_header_set
started running compose_header_set
finished compose_header_set
removing targets
analyzing gcc-5__Ou__mailutils__mail/compose_header_get
started running compose_header_get
finished compose_header_get
analyzing gcc-5__Ou__mailutils__mail/compose_destroy
started running compose_destroy
finished compose_destroy
analyzing gcc-5__Ou__mailutils__mail/fill_body
started running fill_body
finished fill_body
analyzing gcc-5__Ou__mailutils__mail/save_dead_message_env
started running save_dead_message_env
finished save_dead_message_env
analyzing gcc-5__Ou__mailutils__mail/save_dead_message
started running save_dead_message
finished save_dead_message
analyzing gcc-5__Ou__mailutils__mail/send_message
started running send_message
finished send_message
analyzing gcc-5__Ou__mailutils__mail/mail_send0
started running mail_send0
stopped exploration
finished mail_send0
analyzing gcc-5__Ou__mailutils__mail/isfilename
started running isfilename
finished isfilename
removing targets
analyzing gcc-5__Ou__mailutils__mail/msg_to_pipe
started running msg_to_pipe
finished msg_to_pipe
analyzing gcc-5__Ou__mailutils__mail/mail_set
started running mail_set
finished mail_set
analyzing gcc-5__Ou__mailutils__mail/mail_setenv
started running mail_setenv
finished mail_setenv
removing targets
analyzing gcc-5__Ou__mailutils__mail/expand_bang
started running expand_bang
finished expand_bang
removing targets
analyzing gcc-5__Ou__mailutils__mail/mail_execute
started running mail_execute
finished mail_execute
removing targets
analyzing gcc-5__Ou__mailutils__mail/mail_shell
started running mail_shell
finished mail_shell
removing targets
analyzing gcc-5__Ou__mailutils__mail/size0
started running size0
finished size0
analyzing gcc-5__Ou__mailutils__mail/mail_size
started running mail_size
finished mail_size
analyzing gcc-5__Ou__mailutils__mail/source_readline
started running source_readline
finished source_readline
analyzing gcc-5__Ou__mailutils__mail/mail_source
started running mail_source
finished mail_source
removing targets
analyzing gcc-5__Ou__mailutils__mail/show_part
started running show_part
finished show_part
analyzing gcc-5__Ou__mailutils__mail/show_struct
started running show_struct
finished show_struct
analyzing gcc-5__Ou__mailutils__mail/mail_struct
started running mail_struct
finished mail_struct
analyzing gcc-5__Ou__mailutils__mail/mail_summary
started running mail_summary
finished mail_summary
analyzing gcc-5__Ou__mailutils__mail/mail_find_command
started running mail_find_command
finished mail_find_command
analyzing gcc-5__Ou__mailutils__mail/mail_command_help
started running mail_command_help
finished mail_command_help
analyzing gcc-5__Ou__mailutils__mail/mail_command_list
started running mail_command_list
finished mail_command_list
analyzing gcc-5__Ou__mailutils__mail/mail_command_name
started running mail_command_name
finished mail_command_name
removing targets
analyzing gcc-5__Ou__mailutils__mail/mail_find_escape
started running mail_find_escape
finished mail_find_escape
analyzing gcc-5__Ou__mailutils__mail/mail_escape_help
started running mail_escape_help
finished mail_escape_help
analyzing gcc-5__Ou__mailutils__mail/tag_message
started running tag_message
finished tag_message
analyzing gcc-5__Ou__mailutils__mail/mail_tag
started running mail_tag
finished mail_tag
analyzing gcc-5__Ou__mailutils__mail/top0
started running top0
finished top0
analyzing gcc-5__Ou__mailutils__mail/mail_top
started running mail_top
finished mail_top
analyzing gcc-5__Ou__mailutils__mail/touch0
started running touch0
finished touch0
analyzing gcc-5__Ou__mailutils__mail/mail_touch
started running mail_touch
finished mail_touch
analyzing gcc-5__Ou__mailutils__mail/mail_unalias
started running mail_unalias
finished mail_unalias
removing targets
analyzing gcc-5__Ou__mailutils__mail/undelete0
started running undelete0
finished undelete0
analyzing gcc-5__Ou__mailutils__mail/mail_undelete
started running mail_undelete
finished mail_undelete
analyzing gcc-5__Ou__mailutils__mail/mail_unset
started running mail_unset
finished mail_unset
removing targets
analyzing gcc-5__Ou__mailutils__mail/util_do_command
started running util_do_command
finished util_do_command
removing targets
analyzing gcc-5__Ou__mailutils__mail/util_foreach_msg
started running util_foreach_msg
finished util_foreach_msg
analyzing gcc-5__Ou__mailutils__mail/util_range_msg
started running util_range_msg
finished util_range_msg
removing targets
analyzing gcc-5__Ou__mailutils__mail/util_command_get
started running util_command_get
finished util_command_get
analyzing gcc-5__Ou__mailutils__mail/util_find_entry
started running util_find_entry
finished util_find_entry
analyzing gcc-5__Ou__mailutils__mail/util_help
started running util_help
finished util_help
removing targets
analyzing gcc-5__Ou__mailutils__mail/util_command_list
started running util_command_list
finished util_command_list
analyzing gcc-5__Ou__mailutils__mail/util_getcols
started running util_getcols
finished util_getcols
analyzing gcc-5__Ou__mailutils__mail/util_getlines
started running util_getlines
finished util_getlines
analyzing gcc-5__Ou__mailutils__mail/util_screen_lines
started running util_screen_lines
finished util_screen_lines
analyzing gcc-5__Ou__mailutils__mail/util_screen_columns
started running util_screen_columns
finished util_screen_columns
analyzing gcc-5__Ou__mailutils__mail/util_get_crt
started running util_get_crt
finished util_get_crt
analyzing gcc-5__Ou__mailutils__mail/util_reply_prefix
started running util_reply_prefix
finished util_reply_prefix
analyzing gcc-5__Ou__mailutils__mail/util_isdeleted
started running util_isdeleted
finished util_isdeleted
analyzing gcc-5__Ou__mailutils__mail/util_mark_read
started running util_mark_read
finished util_mark_read
analyzing gcc-5__Ou__mailutils__mail/util_get_homedir
started running util_get_homedir
finished util_get_homedir
analyzing gcc-5__Ou__mailutils__mail/util_fullpath
started running util_fullpath
finished util_fullpath
analyzing gcc-5__Ou__mailutils__mail/util_folder_path
started running util_folder_path
finished util_folder_path
analyzing gcc-5__Ou__mailutils__mail/util_get_sender
started running util_get_sender
finished util_get_sender
analyzing gcc-5__Ou__mailutils__mail/util_slist_print
started running util_slist_print
finished util_slist_print
removing targets
analyzing gcc-5__Ou__mailutils__mail/util_slist_lookup
started running util_slist_lookup
finished util_slist_lookup
removing targets
analyzing gcc-5__Ou__mailutils__mail/util_slist_compare
started running util_slist_compare
finished util_slist_compare
analyzing gcc-5__Ou__mailutils__mail/util_slist_add
started running util_slist_add
finished util_slist_add
removing targets
analyzing gcc-5__Ou__mailutils__mail/util_slist_remove
started running util_slist_remove
finished util_slist_remove
analyzing gcc-5__Ou__mailutils__mail/util_slist_destroy
started running util_slist_destroy
finished util_slist_destroy
analyzing gcc-5__Ou__mailutils__mail/util_slist_to_string
started running util_slist_to_string
finished util_slist_to_string
removing targets
analyzing gcc-5__Ou__mailutils__mail/util_strcat
started running util_strcat
finished util_strcat
removing targets
analyzing gcc-5__Ou__mailutils__mail/util_outfolder_name
started running util_outfolder_name
finished util_outfolder_name
removing targets
analyzing gcc-5__Ou__mailutils__mail/util_save_outgoing
started running util_save_outgoing
finished util_save_outgoing
analyzing gcc-5__Ou__mailutils__mail/util_descend_subparts
started running util_descend_subparts
finished util_descend_subparts
removing targets
analyzing gcc-5__Ou__mailutils__mail/util_msgset_iterate
started running util_msgset_iterate
finished util_msgset_iterate
removing targets
analyzing gcc-5__Ou__mailutils__mail/util_get_content_type
started running util_get_content_type
finished util_get_content_type
analyzing gcc-5__Ou__mailutils__mail/util_get_hdr_value
started running util_get_hdr_value
finished util_get_hdr_value
analyzing gcc-5__Ou__mailutils__mail/util_merge_addresses
started running util_merge_addresses
finished util_merge_addresses
analyzing gcc-5__Ou__mailutils__mail/is_address_field
started running is_address_field
finished is_address_field
removing targets
analyzing gcc-5__Ou__mailutils__mail/util_header_expand
started running util_header_expand
finished util_header_expand
analyzing gcc-5__Ou__mailutils__mail/util_get_message
started running util_get_message
finished util_get_message
removing targets
analyzing gcc-5__Ou__mailutils__mail/util_error_range
started running util_error_range
finished util_error_range
analyzing gcc-5__Ou__mailutils__mail/util_noapp
started running util_noapp
finished util_noapp
analyzing gcc-5__Ou__mailutils__mail/util_cache_command
started running util_cache_command
finished util_cache_command
removing targets
analyzing gcc-5__Ou__mailutils__mail/util_run_cached_commands
started running util_run_cached_commands
finished util_run_cached_commands
analyzing gcc-5__Ou__mailutils__mail/util_get_charset
started running util_get_charset
finished util_get_charset
analyzing gcc-5__Ou__mailutils__mail/util_rfc2047_decode
started running util_rfc2047_decode
finished util_rfc2047_decode
removing targets
analyzing gcc-5__Ou__mailutils__mail/util_url_to_string
started running util_url_to_string
finished util_url_to_string
analyzing gcc-5__Ou__mailutils__mail/open_pager
started running open_pager
finished open_pager
analyzing gcc-5__Ou__mailutils__mail/mail_version
started running mail_version
finished mail_version
analyzing gcc-5__Ou__mailutils__mail/visual0
started running visual0
finished visual0
analyzing gcc-5__Ou__mailutils__mail/mail_visual
started running mail_visual
finished mail_visual
analyzing gcc-5__Ou__mailutils__mail/mail_write
started running mail_write
finished mail_write
removing targets
analyzing gcc-5__Ou__mailutils__mail/z_parse_args
started running z_parse_args
finished z_parse_args
removing targets
analyzing gcc-5__Ou__mailutils__mail/mail_z
started running mail_z
finished mail_z
analyzing gcc-5__Ou__mailutils__mail/stat
started running stat
finished stat
removing targets
analyzing gcc-5__Ou__mailutils__mail/fstat
started running fstat
finished fstat
removing targets
