gcc-5__Ou__nettle__sexp-conv have 39 funcs
analyzing gcc-5__Ou__nettle__sexp-conv/deregister_tm_clones
started running deregister_tm_clones
finished deregister_tm_clones
removing targets
analyzing gcc-5__Ou__nettle__sexp-conv/register_tm_clones
started running register_tm_clones
finished register_tm_clones
removing targets
analyzing gcc-5__Ou__nettle__sexp-conv/frame_dummy
started running frame_dummy
finished frame_dummy
removing targets
analyzing gcc-5__Ou__nettle__sexp-conv/sexp_convert_item
started running sexp_convert_item
finished sexp_convert_item
removing targets
analyzing gcc-5__Ou__nettle__sexp-conv/match_argument
started running match_argument
finished match_argument
analyzing gcc-5__Ou__nettle__sexp-conv/parse_options
started running parse_options
stopped exploration
finished parse_options
analyzing gcc-5__Ou__nettle__sexp-conv/sexp_input_init
started running sexp_input_init
finished sexp_input_init
analyzing gcc-5__Ou__nettle__sexp-conv/sexp_get_raw_char
started running sexp_get_raw_char
finished sexp_get_raw_char
analyzing gcc-5__Ou__nettle__sexp-conv/sexp_get_char
started running sexp_get_char
finished sexp_get_char
removing targets
analyzing gcc-5__Ou__nettle__sexp-conv/sexp_next_char
started running sexp_next_char
finished sexp_next_char
analyzing gcc-5__Ou__nettle__sexp-conv/sexp_push_char
started running sexp_push_char
finished sexp_push_char
removing targets
analyzing gcc-5__Ou__nettle__sexp-conv/sexp_input_start_coding
started running sexp_input_start_coding
finished sexp_input_start_coding
removing targets
analyzing gcc-5__Ou__nettle__sexp-conv/sexp_input_end_coding
started running sexp_input_end_coding
finished sexp_input_end_coding
removing targets
analyzing gcc-5__Ou__nettle__sexp-conv/sexp_get_quoted_char
started running sexp_get_quoted_char
finished sexp_get_quoted_char
analyzing gcc-5__Ou__nettle__sexp-conv/sexp_get_token_string
started running sexp_get_token_string
finished sexp_get_token_string
removing targets
analyzing gcc-5__Ou__nettle__sexp-conv/sexp_get_string
started running sexp_get_string
finished sexp_get_string
analyzing gcc-5__Ou__nettle__sexp-conv/sexp_get_string_length
started running sexp_get_string_length
stopped exploration
finished sexp_get_string_length
analyzing gcc-5__Ou__nettle__sexp-conv/sexp_get_comment
started running sexp_get_comment
finished sexp_get_comment
analyzing gcc-5__Ou__nettle__sexp-conv/sexp_get_token
started running sexp_get_token
finished sexp_get_token
removing targets
analyzing gcc-5__Ou__nettle__sexp-conv/sexp_output_init
started running sexp_output_init
finished sexp_output_init
analyzing gcc-5__Ou__nettle__sexp-conv/sexp_output_hash_init
started running sexp_output_hash_init
finished sexp_output_hash_init
analyzing gcc-5__Ou__nettle__sexp-conv/sexp_put_raw_char
started running sexp_put_raw_char
finished sexp_put_raw_char
analyzing gcc-5__Ou__nettle__sexp-conv/sexp_put_newline
started running sexp_put_newline
finished sexp_put_newline
removing targets
analyzing gcc-5__Ou__nettle__sexp-conv/sexp_put_soft_newline
started running sexp_put_soft_newline
finished sexp_put_soft_newline
analyzing gcc-5__Ou__nettle__sexp-conv/sexp_put_char
started running sexp_put_char
finished sexp_put_char
removing targets
analyzing gcc-5__Ou__nettle__sexp-conv/sexp_put_data
started running sexp_put_data
finished sexp_put_data
removing targets
analyzing gcc-5__Ou__nettle__sexp-conv/sexp_put_length
started running sexp_put_length
finished sexp_put_length
removing targets
analyzing gcc-5__Ou__nettle__sexp-conv/sexp_put_code_start
started running sexp_put_code_start
finished sexp_put_code_start
removing targets
analyzing gcc-5__Ou__nettle__sexp-conv/sexp_put_code_end
started running sexp_put_code_end
finished sexp_put_code_end
removing targets
analyzing gcc-5__Ou__nettle__sexp-conv/sexp_put_string
started running sexp_put_string
finished sexp_put_string
removing targets
analyzing gcc-5__Ou__nettle__sexp-conv/sexp_put_digest
started running sexp_put_digest
finished sexp_put_digest
removing targets
analyzing gcc-5__Ou__nettle__sexp-conv/sexp_compound_token_init
started running sexp_compound_token_init
finished sexp_compound_token_init
analyzing gcc-5__Ou__nettle__sexp-conv/sexp_compound_token_clear
started running sexp_compound_token_clear
finished sexp_compound_token_clear
analyzing gcc-5__Ou__nettle__sexp-conv/sexp_parse_init
started running sexp_parse_init
finished sexp_parse_init
analyzing gcc-5__Ou__nettle__sexp-conv/sexp_check_token
started running sexp_check_token
finished sexp_check_token
removing targets
analyzing gcc-5__Ou__nettle__sexp-conv/sexp_parse
started running sexp_parse
finished sexp_parse
removing targets
analyzing gcc-5__Ou__nettle__sexp-conv/die
started running die
finished die
removing targets
analyzing gcc-5__Ou__nettle__sexp-conv/werror
started running werror
finished werror
removing targets
analyzing gcc-5__Ou__nettle__sexp-conv/xalloc
started running xalloc
finished xalloc
