gcc-5__Ou__uucp__uuconv have 116 funcs
analyzing gcc-5__Ou__uucp__uuconv/deregister_tm_clones
started running deregister_tm_clones
finished deregister_tm_clones
removing targets
analyzing gcc-5__Ou__uucp__uuconv/register_tm_clones
started running register_tm_clones
finished register_tm_clones
removing targets
analyzing gcc-5__Ou__uucp__uuconv/frame_dummy
started running frame_dummy
finished frame_dummy
removing targets
analyzing gcc-5__Ou__uucp__uuconv/uvusage
started running uvusage
finished uvusage
analyzing gcc-5__Ou__uucp__uuconv/uvhelp
started running uvhelp
finished uvhelp
analyzing gcc-5__Ou__uucp__uuconv/uvwrite_time
started running uvwrite_time
stopped exploration
finished uvwrite_time
removing targets
analyzing gcc-5__Ou__uucp__uuconv/uvwrite_string
started running uvwrite_string
finished uvwrite_string
removing targets
analyzing gcc-5__Ou__uucp__uuconv/uvwrite_size
started running uvwrite_size
finished uvwrite_size
removing targets
analyzing gcc-5__Ou__uucp__uuconv/uvwrite_boolean
started running uvwrite_boolean
finished uvwrite_boolean
removing targets
analyzing gcc-5__Ou__uucp__uuconv/uvwrite_string_array
started running uvwrite_string_array
finished uvwrite_string_array
removing targets
analyzing gcc-5__Ou__uucp__uuconv/uvwrite_chat_script
started running uvwrite_chat_script
finished uvwrite_chat_script
removing targets
analyzing gcc-5__Ou__uucp__uuconv/uvwrite_chat
started running uvwrite_chat
finished uvwrite_chat
removing targets
analyzing gcc-5__Ou__uucp__uuconv/uvwrite_proto_params
started running uvwrite_proto_params
finished uvwrite_proto_params
removing targets
analyzing gcc-5__Ou__uucp__uuconv/uvwrite_taylor_system
started running uvwrite_taylor_system
stopped exploration
finished uvwrite_taylor_system
analyzing gcc-5__Ou__uucp__uuconv/uvwrite_v2_system
started running uvwrite_v2_system
finished uvwrite_v2_system
removing targets
analyzing gcc-5__Ou__uucp__uuconv/uvwrite_hdb_system
started running uvwrite_hdb_system
stopped exploration
finished uvwrite_hdb_system
removing targets
analyzing gcc-5__Ou__uucp__uuconv/fvperm_string_cmp
started running fvperm_string_cmp
finished fvperm_string_cmp
removing targets
analyzing gcc-5__Ou__uucp__uuconv/fvperm_array_cmp
started running fvperm_array_cmp
finished fvperm_array_cmp
removing targets
analyzing gcc-5__Ou__uucp__uuconv/uvadd_perm
started running uvadd_perm
finished uvadd_perm
removing targets
analyzing gcc-5__Ou__uucp__uuconv/uvwrite_perms
started running uvwrite_perms
finished uvwrite_perms
analyzing gcc-5__Ou__uucp__uuconv/uvwrite_perm_array
started running uvwrite_perm_array
finished uvwrite_perm_array
removing targets
analyzing gcc-5__Ou__uucp__uuconv/uvwrite_perm_boolean
started running uvwrite_perm_boolean
finished uvwrite_perm_boolean
removing targets
analyzing gcc-5__Ou__uucp__uuconv/uvwrite_perm_rw_array
started running uvwrite_perm_rw_array
finished uvwrite_perm_rw_array
removing targets
analyzing gcc-5__Ou__uucp__uuconv/uvwrite_perm_string
started running uvwrite_perm_string
finished uvwrite_perm_string
removing targets
analyzing gcc-5__Ou__uucp__uuconv/ivwrite_taylor_port
started running ivwrite_taylor_port
finished ivwrite_taylor_port
analyzing gcc-5__Ou__uucp__uuconv/uvwrite_taylor_port
started running uvwrite_taylor_port
finished uvwrite_taylor_port
removing targets
analyzing gcc-5__Ou__uucp__uuconv/ivwrite_v2_port
started running ivwrite_v2_port
finished ivwrite_v2_port
removing targets
analyzing gcc-5__Ou__uucp__uuconv/ivwrite_hdb_port
started running ivwrite_hdb_port
finished ivwrite_hdb_port
removing targets
analyzing gcc-5__Ou__uucp__uuconv/uvwrite_taylor_dialer
started running uvwrite_taylor_dialer
stopped exploration
finished uvwrite_taylor_dialer
removing targets
analyzing gcc-5__Ou__uucp__uuconv/uvwrite_hdb_dialer
started running uvwrite_hdb_dialer
finished uvwrite_hdb_dialer
analyzing gcc-5__Ou__uucp__uuconv/uvuuconf_error
started running uvuuconf_error
finished uvuuconf_error
analyzing gcc-5__Ou__uucp__uuconv/uuconf_malloc
started running uuconf_malloc
finished uuconf_malloc
removing targets
analyzing gcc-5__Ou__uucp__uuconv/uuconf_error_string
started running uuconf_error_string
stopped exploration
finished uuconf_error_string
removing targets
analyzing gcc-5__Ou__uucp__uuconv/zeprint_num
started running zeprint_num
finished zeprint_num
removing targets
analyzing gcc-5__Ou__uucp__uuconv/uuconf_dialer_free
started running uuconf_dialer_free
finished uuconf_dialer_free
analyzing gcc-5__Ou__uucp__uuconv/uuconf_free
started running uuconf_free
finished uuconf_free
removing targets
analyzing gcc-5__Ou__uucp__uuconv/uuconf_system_free
started running uuconf_system_free
finished uuconf_system_free
analyzing gcc-5__Ou__uucp__uuconv/uuconf_hdb_dialer_info
started running uuconf_hdb_dialer_info
stopped exploration
finished uuconf_hdb_dialer_info
removing targets
analyzing gcc-5__Ou__uucp__uuconv/uuconf_hdb_dialer_names
started running uuconf_hdb_dialer_names
finished uuconf_hdb_dialer_names
removing targets
analyzing gcc-5__Ou__uucp__uuconv/uuconf_hdb_init
started running uuconf_hdb_init
stopped exploration
finished uuconf_hdb_init
removing targets
analyzing gcc-5__Ou__uucp__uuconv/uuconf_hdb_find_port
started running uuconf_hdb_find_port
stopped exploration
finished uuconf_hdb_find_port
removing targets
analyzing gcc-5__Ou__uucp__uuconv/ihadd_machine_perm
started running ihadd_machine_perm
finished ihadd_machine_perm
removing targets
analyzing gcc-5__Ou__uucp__uuconv/ihadd_logname_perm
started running ihadd_logname_perm
finished ihadd_logname_perm
removing targets
analyzing gcc-5__Ou__uucp__uuconv/uuconf_hdb_system_names
started running uuconf_hdb_system_names
stopped exploration
finished uuconf_hdb_system_names
removing targets
analyzing gcc-5__Ou__uucp__uuconv/ihcolon
started running ihcolon
finished ihcolon
analyzing gcc-5__Ou__uucp__uuconv/ihsendfiles
started running ihsendfiles
finished ihsendfiles
removing targets
analyzing gcc-5__Ou__uucp__uuconv/ihunknownperm
started running ihunknownperm
finished ihunknownperm
analyzing gcc-5__Ou__uucp__uuconv/ihadd_norw
started running ihadd_norw
finished ihadd_norw
removing targets
analyzing gcc-5__Ou__uucp__uuconv/uuconf_taylor_dialer_info
started running uuconf_taylor_dialer_info
finished uuconf_taylor_dialer_info
removing targets
analyzing gcc-5__Ou__uucp__uuconv/iddialer
started running iddialer
finished iddialer
removing targets
analyzing gcc-5__Ou__uucp__uuconv/idunknown
started running idunknown
finished idunknown
analyzing gcc-5__Ou__uucp__uuconv/idchat
started running idchat
finished idchat
analyzing gcc-5__Ou__uucp__uuconv/iddtr_toggle
started running iddtr_toggle
finished iddtr_toggle
removing targets
analyzing gcc-5__Ou__uucp__uuconv/idcomplete
started running idcomplete
finished idcomplete
analyzing gcc-5__Ou__uucp__uuconv/idproto_param
started running idproto_param
finished idproto_param
analyzing gcc-5__Ou__uucp__uuconv/idcunknown
started running idcunknown
finished idcunknown
analyzing gcc-5__Ou__uucp__uuconv/uuconf_taylor_dialer_names
started running uuconf_taylor_dialer_names
finished uuconf_taylor_dialer_names
removing targets
analyzing gcc-5__Ou__uucp__uuconv/indialer
started running indialer
finished indialer
analyzing gcc-5__Ou__uucp__uuconv/itadd_span
started running itadd_span
finished itadd_span
removing targets
analyzing gcc-5__Ou__uucp__uuconv/itnew
started running itnew
finished itnew
analyzing gcc-5__Ou__uucp__uuconv/uuconf_taylor_init
started running uuconf_taylor_init
finished uuconf_taylor_init
removing targets
analyzing gcc-5__Ou__uucp__uuconv/itdebug
started running itdebug
finished itdebug
analyzing gcc-5__Ou__uucp__uuconv/itaddfile
started running itaddfile
finished itaddfile
removing targets
analyzing gcc-5__Ou__uucp__uuconv/itunknown
started running itunknown
finished itunknown
analyzing gcc-5__Ou__uucp__uuconv/itprogram
started running itprogram
finished itprogram
removing targets
analyzing gcc-5__Ou__uucp__uuconv/itset_default
started running itset_default
finished itset_default
removing targets
analyzing gcc-5__Ou__uucp__uuconv/uuconf_taylor_find_port
started running uuconf_taylor_find_port
finished uuconf_taylor_find_port
removing targets
analyzing gcc-5__Ou__uucp__uuconv/ipport
started running ipport
finished ipport
analyzing gcc-5__Ou__uucp__uuconv/ipunknown
started running ipunknown
finished ipunknown
analyzing gcc-5__Ou__uucp__uuconv/ipproto_param
started running ipproto_param
finished ipproto_param
analyzing gcc-5__Ou__uucp__uuconv/ipbaud_range
started running ipbaud_range
finished ipbaud_range
analyzing gcc-5__Ou__uucp__uuconv/ipdialer
started running ipdialer
finished ipdialer
removing targets
analyzing gcc-5__Ou__uucp__uuconv/ipcunknown
started running ipcunknown
finished ipcunknown
analyzing gcc-5__Ou__uucp__uuconv/uiset_call
started running uiset_call
finished uiset_call
removing targets
analyzing gcc-5__Ou__uucp__uuconv/iisystem
started running iisystem
finished iisystem
analyzing gcc-5__Ou__uucp__uuconv/iialias
started running iialias
finished iialias
analyzing gcc-5__Ou__uucp__uuconv/iialternate
started running iialternate
finished iialternate
analyzing gcc-5__Ou__uucp__uuconv/iidefault_alternates
started running iidefault_alternates
finished iidefault_alternates
analyzing gcc-5__Ou__uucp__uuconv/iitime
started running iitime
finished iitime
removing targets
analyzing gcc-5__Ou__uucp__uuconv/iitimegrade
started running iitimegrade
finished iitimegrade
removing targets
analyzing gcc-5__Ou__uucp__uuconv/iibaud_range
started running iibaud_range
finished iibaud_range
analyzing gcc-5__Ou__uucp__uuconv/iisize
started running iisize
finished iisize
analyzing gcc-5__Ou__uucp__uuconv/iisizecmp
started running iisizecmp
finished iisizecmp
removing targets
analyzing gcc-5__Ou__uucp__uuconv/iiport
started running iiport
finished iiport
removing targets
analyzing gcc-5__Ou__uucp__uuconv/iichat
started running iichat
finished iichat
analyzing gcc-5__Ou__uucp__uuconv/iidebug
started running iidebug
finished iidebug
analyzing gcc-5__Ou__uucp__uuconv/iicalled_login
started running iicalled_login
finished iicalled_login
removing targets
analyzing gcc-5__Ou__uucp__uuconv/iiproto_param
started running iiproto_param
finished iiproto_param
removing targets
analyzing gcc-5__Ou__uucp__uuconv/iirequest
started running iirequest
finished iirequest
analyzing gcc-5__Ou__uucp__uuconv/iitransfer
started running iitransfer
finished iitransfer
analyzing gcc-5__Ou__uucp__uuconv/iiforward
started running iiforward
finished iiforward
removing targets
analyzing gcc-5__Ou__uucp__uuconv/iiunknown
started running iiunknown
finished iiunknown
analyzing gcc-5__Ou__uucp__uuconv/uuconf_taylor_system_unknown
started running uuconf_taylor_system_unknown
finished uuconf_taylor_system_unknown
removing targets
analyzing gcc-5__Ou__uucp__uuconv/uuconf_taylor_system_names
started running uuconf_taylor_system_names
finished uuconf_taylor_system_names
removing targets
analyzing gcc-5__Ou__uucp__uuconv/ivinlib
started running ivinlib
finished ivinlib
analyzing gcc-5__Ou__uucp__uuconv/uuconf_v2_init
started running uuconf_v2_init
finished uuconf_v2_init
removing targets
analyzing gcc-5__Ou__uucp__uuconv/uuconf_v2_find_port
started running uuconf_v2_find_port
stopped exploration
finished uuconf_v2_find_port
analyzing gcc-5__Ou__uucp__uuconv/uuconf_v2_system_names
started running uuconf_v2_system_names
finished uuconf_v2_system_names
analyzing gcc-5__Ou__uucp__uuconv/uuconf_add_block
started running uuconf_add_block
finished uuconf_add_block
analyzing gcc-5__Ou__uucp__uuconv/uuconf_malloc_block
started running uuconf_malloc_block
finished uuconf_malloc_block
analyzing gcc-5__Ou__uucp__uuconv/icchat
started running icchat
finished icchat
removing targets
analyzing gcc-5__Ou__uucp__uuconv/icchat_fail
started running icchat_fail
finished icchat_fail
analyzing gcc-5__Ou__uucp__uuconv/icunknown
started running icunknown
finished icunknown
analyzing gcc-5__Ou__uucp__uuconv/uuconf_cmd_args
started running uuconf_cmd_args
stopped exploration
finished uuconf_cmd_args
removing targets
analyzing gcc-5__Ou__uucp__uuconv/uuconf_cmd_file
started running uuconf_cmd_file
finished uuconf_cmd_file
removing targets
analyzing gcc-5__Ou__uucp__uuconv/uuconf_cmd_line
started running uuconf_cmd_line
stopped exploration
finished uuconf_cmd_line
removing targets
analyzing gcc-5__Ou__uucp__uuconv/uuconf_free_block
started running uuconf_free_block
finished uuconf_free_block
removing targets
analyzing gcc-5__Ou__uucp__uuconv/uuconf_grade_cmp
started running uuconf_grade_cmp
finished uuconf_grade_cmp
analyzing gcc-5__Ou__uucp__uuconv/itsystem
started running itsystem
finished itsystem
analyzing gcc-5__Ou__uucp__uuconv/itcalled_login
started running itcalled_login
finished itcalled_login
removing targets
analyzing gcc-5__Ou__uucp__uuconv/itmyname
started running itmyname
finished itmyname
analyzing gcc-5__Ou__uucp__uuconv/exchange
started running exchange
finished exchange
analyzing gcc-5__Ou__uucp__uuconv/gnu_getopt
started running gnu_getopt
finished gnu_getopt
analyzing gcc-5__Ou__uucp__uuconv/getopt_long
started running getopt_long
finished getopt_long
analyzing gcc-5__Ou__uucp__uuconv/getopt_long_only
started running getopt_long_only
finished getopt_long_only
analyzing gcc-5__Ou__uucp__uuconv/xfree
started running xfree
finished xfree
removing targets
