ERROR   | 2021-12-06 01:59:03,375 | root     | b'out of memory'
ERROR   | 2021-12-06 01:59:03,376 | root     | got an error while analyzing zeprint_num
ERROR   | 2021-12-06 01:59:03,948 | root     | b'out of memory'
ERROR   | 2021-12-06 01:59:03,949 | root     | got an error while analyzing uuconf_system_free
ERROR   | 2021-12-06 01:59:04,537 | root     | b'out of memory'
ERROR   | 2021-12-06 01:59:04,537 | root     | got an error while analyzing uuconf_init
ERROR   | 2021-12-06 01:59:05,115 | root     | b'out of memory'
ERROR   | 2021-12-06 01:59:05,115 | root     | got an error while analyzing uuconf_lockdir
ERROR   | 2021-12-06 01:59:05,710 | root     | b'out of memory'
ERROR   | 2021-12-06 01:59:05,710 | root     | got an error while analyzing uuconf_system_local
ERROR   | 2021-12-06 01:59:06,299 | root     | b'out of memory'
ERROR   | 2021-12-06 01:59:06,299 | root     | got an error while analyzing uuconf_localname
ERROR   | 2021-12-06 01:59:06,877 | root     | b'out of memory'
ERROR   | 2021-12-06 01:59:06,877 | root     | got an error while analyzing uuconf_logfile
ERROR   | 2021-12-06 01:59:08,198 | root     | b'out of memory'
ERROR   | 2021-12-06 01:59:08,198 | root     | got an error while analyzing uuconf_system_names
ERROR   | 2021-12-06 01:59:08,780 | root     | b'out of memory'
ERROR   | 2021-12-06 01:59:08,781 | root     | got an error while analyzing uuconf_spooldir
ERROR   | 2021-12-06 01:59:09,363 | root     | b'out of memory'
ERROR   | 2021-12-06 01:59:09,363 | root     | got an error while analyzing uuconf_statsfile
ERROR   | 2021-12-06 02:11:09,233 | root     | b'out of memory'
ERROR   | 2021-12-06 02:11:09,233 | root     | got an error while analyzing uiset_call
ERROR   | 2021-12-06 02:11:10,793 | root     | b'out of memory'
ERROR   | 2021-12-06 02:11:10,793 | root     | got an error while analyzing iialias
ERROR   | 2021-12-06 02:11:11,797 | root     | b'out of memory'
ERROR   | 2021-12-06 02:11:11,797 | root     | got an error while analyzing iialternate
ERROR   | 2021-12-06 02:11:16,072 | root     | b'out of memory'
ERROR   | 2021-12-06 02:11:16,073 | root     | got an error while analyzing iidefault_alternates
ERROR   | 2021-12-06 02:25:01,336 | root     | b'out of memory'
ERROR   | 2021-12-06 02:25:01,336 | root     | got an error while analyzing uuconf_taylor_system_unknown
ERROR   | 2021-12-06 02:41:19,292 | root     | b'out of memory'
ERROR   | 2021-12-06 02:41:19,292 | root     | got an error while analyzing icchat_fail
ERROR   | 2021-12-06 02:41:20,340 | root     | b'out of memory'
ERROR   | 2021-12-06 02:41:20,340 | root     | got an error while analyzing uuconf_cmd_args
ERROR   | 2021-12-06 02:41:20,900 | root     | b'out of memory'
ERROR   | 2021-12-06 02:41:20,900 | root     | got an error while analyzing uuconf_cmd_file
ERROR   | 2021-12-06 02:41:23,309 | root     | b'out of memory'
ERROR   | 2021-12-06 02:41:23,309 | root     | got an error while analyzing itsystem
