ERROR   | 2021-12-05 14:16:02,013 | root     | list index out of range
ERROR   | 2021-12-05 14:16:02,013 | root     | got an error while analyzing powerld
ERROR   | 2021-12-05 14:16:02,268 | root     | list index out of range
ERROR   | 2021-12-05 14:16:02,268 | root     | got an error while analyzing absld
ERROR   | 2021-12-05 14:16:02,526 | root     | list index out of range
ERROR   | 2021-12-05 14:16:02,526 | root     | got an error while analyzing expld
ERROR   | 2021-12-05 14:16:02,782 | root     | list index out of range
ERROR   | 2021-12-05 14:16:02,782 | root     | got an error while analyzing simple_round_ceiling
ERROR   | 2021-12-05 14:16:03,037 | root     | list index out of range
ERROR   | 2021-12-05 14:16:03,037 | root     | got an error while analyzing simple_round_floor
ERROR   | 2021-12-05 14:16:03,297 | root     | list index out of range
ERROR   | 2021-12-05 14:16:03,297 | root     | got an error while analyzing simple_round_from_zero
ERROR   | 2021-12-05 14:16:03,623 | root     | list index out of range
ERROR   | 2021-12-05 14:16:03,623 | root     | got an error while analyzing simple_round_to_zero
ERROR   | 2021-12-05 14:16:03,876 | root     | list index out of range
ERROR   | 2021-12-05 14:16:03,876 | root     | got an error while analyzing simple_round_nearest
ERROR   | 2021-12-05 14:16:04,132 | root     | list index out of range
ERROR   | 2021-12-05 14:16:04,132 | root     | got an error while analyzing simple_round
ERROR   | 2021-12-05 14:16:04,938 | root     | list index out of range
ERROR   | 2021-12-05 14:16:04,938 | root     | got an error while analyzing simple_strtod_int
ERROR   | 2021-12-05 14:16:35,401 | root     | list index out of range
ERROR   | 2021-12-05 14:16:35,401 | root     | got an error while analyzing double_to_human
ERROR   | 2021-12-05 14:23:59,294 | root     | list index out of range
ERROR   | 2021-12-05 14:23:59,294 | root     | got an error while analyzing process_field
ERROR   | 2021-12-05 14:52:36,854 | root     | b'out of memory'
ERROR   | 2021-12-05 14:52:36,856 | root     | got an error while analyzing xstrtol
ERROR   | 2021-12-05 14:52:37,861 | root     | b'out of memory'
ERROR   | 2021-12-05 14:52:37,862 | root     | got an error while analyzing xstrtoumax
Killed
