712
200
/home/carolhanna/miniconda3/lib/python3.7/site-packages/tensorflow/python/framework/dtypes.py:516: FutureWarning: Passing (type, 1) or '1type' as a synonym of type is deprecated; in a future version of numpy, it will be understood as (type, (1,)) / '(1,)type'.
  _np_qint8 = np.dtype([("qint8", np.int8, 1)])
/home/carolhanna/miniconda3/lib/python3.7/site-packages/tensorflow/python/framework/dtypes.py:517: FutureWarning: Passing (type, 1) or '1type' as a synonym of type is deprecated; in a future version of numpy, it will be understood as (type, (1,)) / '(1,)type'.
  _np_quint8 = np.dtype([("quint8", np.uint8, 1)])
/home/carolhanna/miniconda3/lib/python3.7/site-packages/tensorflow/python/framework/dtypes.py:518: FutureWarning: Passing (type, 1) or '1type' as a synonym of type is deprecated; in a future version of numpy, it will be understood as (type, (1,)) / '(1,)type'.
  _np_qint16 = np.dtype([("qint16", np.int16, 1)])
/home/carolhanna/miniconda3/lib/python3.7/site-packages/tensorflow/python/framework/dtypes.py:519: FutureWarning: Passing (type, 1) or '1type' as a synonym of type is deprecated; in a future version of numpy, it will be understood as (type, (1,)) / '(1,)type'.
  _np_quint16 = np.dtype([("quint16", np.uint16, 1)])
/home/carolhanna/miniconda3/lib/python3.7/site-packages/tensorflow/python/framework/dtypes.py:520: FutureWarning: Passing (type, 1) or '1type' as a synonym of type is deprecated; in a future version of numpy, it will be understood as (type, (1,)) / '(1,)type'.
  _np_qint32 = np.dtype([("qint32", np.int32, 1)])
/home/carolhanna/miniconda3/lib/python3.7/site-packages/tensorflow/python/framework/dtypes.py:525: FutureWarning: Passing (type, 1) or '1type' as a synonym of type is deprecated; in a future version of numpy, it will be understood as (type, (1,)) / '(1,)type'.
  np_resource = np.dtype([("resource", np.ubyte, 1)])
/home/carolhanna/miniconda3/lib/python3.7/site-packages/tensorboard/compat/tensorflow_stub/dtypes.py:541: FutureWarning: Passing (type, 1) or '1type' as a synonym of type is deprecated; in a future version of numpy, it will be understood as (type, (1,)) / '(1,)type'.
  _np_qint8 = np.dtype([("qint8", np.int8, 1)])
/home/carolhanna/miniconda3/lib/python3.7/site-packages/tensorboard/compat/tensorflow_stub/dtypes.py:542: FutureWarning: Passing (type, 1) or '1type' as a synonym of type is deprecated; in a future version of numpy, it will be understood as (type, (1,)) / '(1,)type'.
  _np_quint8 = np.dtype([("quint8", np.uint8, 1)])
/home/carolhanna/miniconda3/lib/python3.7/site-packages/tensorboard/compat/tensorflow_stub/dtypes.py:543: FutureWarning: Passing (type, 1) or '1type' as a synonym of type is deprecated; in a future version of numpy, it will be understood as (type, (1,)) / '(1,)type'.
  _np_qint16 = np.dtype([("qint16", np.int16, 1)])
/home/carolhanna/miniconda3/lib/python3.7/site-packages/tensorboard/compat/tensorflow_stub/dtypes.py:544: FutureWarning: Passing (type, 1) or '1type' as a synonym of type is deprecated; in a future version of numpy, it will be understood as (type, (1,)) / '(1,)type'.
  _np_quint16 = np.dtype([("quint16", np.uint16, 1)])
/home/carolhanna/miniconda3/lib/python3.7/site-packages/tensorboard/compat/tensorflow_stub/dtypes.py:545: FutureWarning: Passing (type, 1) or '1type' as a synonym of type is deprecated; in a future version of numpy, it will be understood as (type, (1,)) / '(1,)type'.
  _np_qint32 = np.dtype([("qint32", np.int32, 1)])
/home/carolhanna/miniconda3/lib/python3.7/site-packages/tensorboard/compat/tensorflow_stub/dtypes.py:550: FutureWarning: Passing (type, 1) or '1type' as a synonym of type is deprecated; in a future version of numpy, it will be understood as (type, (1,)) / '(1,)type'.
  np_resource = np.dtype([("resource", np.ubyte, 1)])
WARNING:tensorflow:From code2seq.py:32: The name tf.set_random_seed is deprecated. Please use tf.compat.v1.set_random_seed instead.

Namespace(data_path='data/dpdk_just_paths/dpdk_just_paths', debug=False, load_path=None, max_path_len=712, predict=False, release=False, save_path_prefix='models/dpdk_just_paths/model', seed=239, test_path='data/dpdk_just_paths/dpdk_just_paths.val.c2s', vocab_max=200)
WARNING:tensorflow:From /home/carolhanna/Security_Project/6_9/binary2name/code2seq/model.py:20: The name tf.Session is deprecated. Please use tf.compat.v1.Session instead.

2020-10-24 12:53:15.864186: I tensorflow/core/platform/cpu_feature_guard.cc:142] Your CPU supports instructions that this TensorFlow binary was not compiled to use: AVX2 FMA
2020-10-24 12:53:15.894829: I tensorflow/core/platform/profile_utils/cpu_utils.cc:94] CPU Frequency: 2100005000 Hz
2020-10-24 12:53:15.900821: I tensorflow/compiler/xla/service/service.cc:168] XLA service 0x55abac7e1410 executing computations on platform Host. Devices:
2020-10-24 12:53:15.900852: I tensorflow/compiler/xla/service/service.cc:175]   StreamExecutor device (0): <undefined>, <undefined>
Dictionaries loaded.
Loaded subtoken vocab. size: 3
Loaded target word vocab. size: 203
Loaded nodes vocab. size: 330
Created model
Starting training
WARNING:tensorflow:
The TensorFlow contrib module will not be included in TensorFlow 2.0.
For more information, please see:
  * https://github.com/tensorflow/community/blob/master/rfcs/20180907-contrib-sunset.md
  * https://github.com/tensorflow/addons
  * https://github.com/tensorflow/io (for I/O related ops)
If you depend on functionality not listed there, please file an issue.

WARNING:tensorflow:From /home/carolhanna/miniconda3/lib/python3.7/site-packages/tensorflow/python/data/util/random_seed.py:58: add_dispatch_support.<locals>.wrapper (from tensorflow.python.ops.array_ops) is deprecated and will be removed in a future version.
Instructions for updating:
Use tf.where in 2.0, which has the same broadcast rule as np.where
WARNING:tensorflow:From /home/carolhanna/Security_Project/6_9/binary2name/code2seq/reader.py:188: map_and_batch (from tensorflow.python.data.experimental.ops.batching) is deprecated and will be removed in a future version.
Instructions for updating:
Use `tf.data.Dataset.map(map_func, num_parallel_calls)` followed by `tf.data.Dataset.batch(batch_size, drop_remainder)`. Static tf.data optimizations will take care of using the fused implementation.
WARNING:tensorflow:From /home/carolhanna/Security_Project/6_9/binary2name/code2seq/reader.py:92: calling string_split (from tensorflow.python.ops.ragged.ragged_string_ops) with delimiter is deprecated and will be removed in a future version.
Instructions for updating:
delimiter is deprecated, please use sep instead.
WARNING:tensorflow:From /home/carolhanna/Security_Project/6_9/binary2name/code2seq/reader.py:101: to_int64 (from tensorflow.python.ops.math_ops) is deprecated and will be removed in a future version.
Instructions for updating:
Use `tf.cast` instead.
WARNING:tensorflow:From /home/carolhanna/Security_Project/6_9/binary2name/code2seq/reader.py:161: to_float (from tensorflow.python.ops.math_ops) is deprecated and will be removed in a future version.
Instructions for updating:
Use `tf.cast` instead.
WARNING:tensorflow:From /home/carolhanna/Security_Project/6_9/binary2name/code2seq/reader.py:190: DatasetV1.make_initializable_iterator (from tensorflow.python.data.ops.dataset_ops) is deprecated and will be removed in a future version.
Instructions for updating:
Use `for ... in dataset:` to iterate over a dataset. If using `tf.estimator`, return the `Dataset` object directly from your input function. As a last resort, you can use `tf.compat.v1.data.make_initializable_iterator(dataset)`.
WARNING:tensorflow:From /home/carolhanna/Security_Project/6_9/binary2name/code2seq/model.py:345: The name tf.variable_scope is deprecated. Please use tf.compat.v1.variable_scope instead.

WARNING:tensorflow:From /home/carolhanna/Security_Project/6_9/binary2name/code2seq/model.py:346: The name tf.get_variable is deprecated. Please use tf.compat.v1.get_variable instead.

WARNING:tensorflow:From /home/carolhanna/Security_Project/6_9/binary2name/code2seq/model.py:483: LSTMCell.__init__ (from tensorflow.python.ops.rnn_cell_impl) is deprecated and will be removed in a future version.
Instructions for updating:
This class is equivalent as tf.keras.layers.LSTMCell, and will be replaced by that in Tensorflow 2.0.
WARNING:tensorflow:From /home/carolhanna/Security_Project/6_9/binary2name/code2seq/model.py:486: The name tf.nn.rnn_cell.DropoutWrapper is deprecated. Please use tf.compat.v1.nn.rnn_cell.DropoutWrapper instead.

WARNING:tensorflow:From /home/carolhanna/Security_Project/6_9/binary2name/code2seq/model.py:495: bidirectional_dynamic_rnn (from tensorflow.python.ops.rnn) is deprecated and will be removed in a future version.
Instructions for updating:
Please use `keras.layers.Bidirectional(keras.layers.RNN(cell))`, which is equivalent to this API
WARNING:tensorflow:From /home/carolhanna/miniconda3/lib/python3.7/site-packages/tensorflow/python/ops/rnn.py:464: dynamic_rnn (from tensorflow.python.ops.rnn) is deprecated and will be removed in a future version.
Instructions for updating:
Please use `keras.layers.RNN(cell)`, which is equivalent to this API
WARNING:tensorflow:From /home/carolhanna/miniconda3/lib/python3.7/site-packages/tensorflow/python/ops/init_ops.py:1251: calling VarianceScaling.__init__ (from tensorflow.python.ops.init_ops) with dtype is deprecated and will be removed in a future version.
Instructions for updating:
Call initializer instance with the dtype argument instead of passing it to the constructor
WARNING:tensorflow:From /home/carolhanna/miniconda3/lib/python3.7/site-packages/tensorflow/python/ops/rnn_cell_impl.py:961: calling Zeros.__init__ (from tensorflow.python.ops.init_ops) with dtype is deprecated and will be removed in a future version.
Instructions for updating:
Call initializer instance with the dtype argument instead of passing it to the constructor
WARNING:tensorflow:From /home/carolhanna/Security_Project/6_9/binary2name/code2seq/model.py:539: calling dropout (from tensorflow.python.ops.nn_ops) with keep_prob is deprecated and will be removed in a future version.
Instructions for updating:
Please use `rate` instead of `keep_prob`. Rate should be set to `rate = 1 - keep_prob`.
WARNING:tensorflow:From /home/carolhanna/Security_Project/6_9/binary2name/code2seq/model.py:542: dense (from tensorflow.python.layers.core) is deprecated and will be removed in a future version.
Instructions for updating:
Use keras.layers.dense instead.
WARNING:tensorflow:From /home/carolhanna/miniconda3/lib/python3.7/site-packages/tensorflow/python/util/deprecation.py:507: calling count_nonzero (from tensorflow.python.ops.math_ops) with axis is deprecated and will be removed in a future version.
Instructions for updating:
reduction_indices is deprecated, use axis instead
WARNING:tensorflow:From /home/carolhanna/Security_Project/6_9/binary2name/code2seq/model.py:409: MultiRNNCell.__init__ (from tensorflow.python.ops.rnn_cell_impl) is deprecated and will be removed in a future version.
Instructions for updating:
This class is equivalent as tf.keras.layers.StackedRNNCells, and will be replaced by that in Tensorflow 2.0.
WARNING:tensorflow:From /home/carolhanna/Security_Project/6_9/binary2name/code2seq/model.py:414: The name tf.nn.rnn_cell.LSTMStateTuple is deprecated. Please use tf.compat.v1.nn.rnn_cell.LSTMStateTuple instead.

WARNING:tensorflow:From /home/carolhanna/Security_Project/6_9/binary2name/code2seq/model.py:416: The name tf.layers.Dense is deprecated. Please use tf.compat.v1.layers.Dense instead.

WARNING:tensorflow:From /home/carolhanna/Security_Project/6_9/binary2name/code2seq/model.py:386: The name tf.train.exponential_decay is deprecated. Please use tf.compat.v1.train.exponential_decay instead.

WARNING:tensorflow:From /home/carolhanna/Security_Project/6_9/binary2name/code2seq/model.py:389: The name tf.train.MomentumOptimizer is deprecated. Please use tf.compat.v1.train.MomentumOptimizer instead.

WARNING:tensorflow:From /home/carolhanna/Security_Project/6_9/binary2name/code2seq/model.py:398: The name tf.train.Saver is deprecated. Please use tf.compat.v1.train.Saver instead.

Training batch size:			 64
Dataset path:				 data/dpdk_just_paths/dpdk_just_paths
Training file path:			 data/dpdk_just_paths/dpdk_just_paths.train.c2s
Validation path:			 data/dpdk_just_paths/dpdk_just_paths.val.c2s
Taking max contexts from each example:	 10
Random path sampling:			 False
Embedding size:				 128
Using BiLSTMs, each of size:		 128
Decoder size:				 320
Decoder layers:				 1
Max path lengths:			 712
Max subtokens in a token:		 1
Max target length:			 6
Embeddings dropout keep_prob:		 0.75
LSTM dropout keep_prob:			 0.5
============================================
WARNING:tensorflow:From /home/carolhanna/Security_Project/6_9/binary2name/code2seq/model.py:81: The name tf.trainable_variables is deprecated. Please use tf.compat.v1.trainable_variables instead.

Number of trainable params: 1852096
2020-10-24 12:53:22.015073: W tensorflow/compiler/jit/mark_for_compilation_pass.cc:1412] (One-time warning): Not using XLA:CPU for cluster because envvar TF_XLA_FLAGS=--tf_xla_cpu_global_jit was not set.  If you want XLA:CPU, either set that envvar, or use experimental_jit_scope to enable XLA:CPU.  To confirm that XLA is active, pass --vmodule=xla_compilation_cache=1 (as a proper command-line flag, not via TF_XLA_FLAGS) or set the envvar XLA_FLAGS=--xla_hlo_profile.
Initalized variables
Started reader...
Average loss at batch 100: 9.858979, 	throughput: 19 samples/sec
Average loss at batch 200: 2.481383, 	throughput: 19 samples/sec
Average loss at batch 300: 2.909294, 	throughput: 18 samples/sec
Average loss at batch 400: 2.264623, 	throughput: 18 samples/sec
Average loss at batch 500: 2.823348, 	throughput: 18 samples/sec
Average loss at batch 600: 2.202600, 	throughput: 18 samples/sec
Average loss at batch 700: 1.425771, 	throughput: 18 samples/sec
Average loss at batch 800: 1.100633, 	throughput: 19 samples/sec
Average loss at batch 900: 1.571981, 	throughput: 19 samples/sec
Average loss at batch 1000: 1.910423, 	throughput: 18 samples/sec
Average loss at batch 1100: 1.904284, 	throughput: 18 samples/sec
Average loss at batch 1200: 0.804869, 	throughput: 18 samples/sec
Average loss at batch 1300: 1.391962, 	throughput: 18 samples/sec
Average loss at batch 1400: 1.208181, 	throughput: 18 samples/sec
Average loss at batch 1500: 1.380048, 	throughput: 18 samples/sec
Average loss at batch 1600: 1.670987, 	throughput: 18 samples/sec
Average loss at batch 1700: 1.311321, 	throughput: 18 samples/sec
Average loss at batch 1800: 2.003648, 	throughput: 18 samples/sec
Average loss at batch 1900: 1.788472, 	throughput: 18 samples/sec
Average loss at batch 2000: 1.311227, 	throughput: 18 samples/sec
Average loss at batch 2100: 0.937487, 	throughput: 18 samples/sec
Average loss at batch 2200: 1.244831, 	throughput: 18 samples/sec
Average loss at batch 2300: 1.403155, 	throughput: 18 samples/sec
Average loss at batch 2400: 2.155954, 	throughput: 18 samples/sec
Average loss at batch 2500: 1.811177, 	throughput: 18 samples/sec
Average loss at batch 2600: 1.168102, 	throughput: 19 samples/sec
Average loss at batch 2700: 1.047927, 	throughput: 19 samples/sec
Average loss at batch 2800: 0.981177, 	throughput: 19 samples/sec
Average loss at batch 2900: 1.322561, 	throughput: 18 samples/sec
Average loss at batch 3000: 1.583672, 	throughput: 18 samples/sec
Average loss at batch 3100: 1.217239, 	throughput: 18 samples/sec
Average loss at batch 3200: 0.831077, 	throughput: 18 samples/sec
Average loss at batch 3300: 0.940161, 	throughput: 18 samples/sec
Average loss at batch 3400: 0.505390, 	throughput: 19 samples/sec
Average loss at batch 3500: 1.373577, 	throughput: 18 samples/sec
Average loss at batch 3600: 1.127383, 	throughput: 18 samples/sec
Average loss at batch 3700: 1.704966, 	throughput: 18 samples/sec
Average loss at batch 3800: 1.804758, 	throughput: 18 samples/sec
Average loss at batch 3900: 2.084881, 	throughput: 18 samples/sec
Average loss at batch 4000: 1.170601, 	throughput: 18 samples/sec
Average loss at batch 4100: 2.044341, 	throughput: 18 samples/sec
Average loss at batch 4200: 0.986958, 	throughput: 19 samples/sec
Average loss at batch 4300: 1.537276, 	throughput: 19 samples/sec
Average loss at batch 4400: 1.373974, 	throughput: 18 samples/sec
Average loss at batch 4500: 1.312874, 	throughput: 18 samples/sec
Average loss at batch 4600: 1.781143, 	throughput: 18 samples/sec
Average loss at batch 4700: 1.479902, 	throughput: 19 samples/sec
Average loss at batch 4800: 0.484388, 	throughput: 19 samples/sec
Average loss at batch 4900: 0.625550, 	throughput: 19 samples/sec
Average loss at batch 5000: 0.493812, 	throughput: 19 samples/sec
Average loss at batch 5100: 1.127378, 	throughput: 19 samples/sec
Average loss at batch 5200: 1.222326, 	throughput: 19 samples/sec
Average loss at batch 5300: 1.754952, 	throughput: 18 samples/sec
Average loss at batch 5400: 1.009694, 	throughput: 19 samples/sec
Average loss at batch 5500: 1.212987, 	throughput: 19 samples/sec
Average loss at batch 5600: 1.739796, 	throughput: 19 samples/sec
Average loss at batch 5700: 1.561939, 	throughput: 18 samples/sec
Average loss at batch 5800: 1.391429, 	throughput: 18 samples/sec
Average loss at batch 5900: 1.178702, 	throughput: 18 samples/sec
Average loss at batch 6000: 1.586531, 	throughput: 18 samples/sec
Average loss at batch 6100: 1.321808, 	throughput: 18 samples/sec
Average loss at batch 6200: 1.796260, 	throughput: 18 samples/sec
Average loss at batch 6300: 1.712994, 	throughput: 18 samples/sec
Average loss at batch 6400: 1.228336, 	throughput: 18 samples/sec
Average loss at batch 6500: 1.901758, 	throughput: 18 samples/sec
Average loss at batch 6600: 1.749189, 	throughput: 18 samples/sec
Average loss at batch 6700: 1.470005, 	throughput: 18 samples/sec
Average loss at batch 6800: 1.282930, 	throughput: 17 samples/sec
Average loss at batch 6900: 1.385737, 	throughput: 17 samples/sec
Average loss at batch 7000: 1.449440, 	throughput: 17 samples/sec
Average loss at batch 7100: 1.760100, 	throughput: 18 samples/sec
Average loss at batch 7200: 1.376516, 	throughput: 18 samples/sec
Average loss at batch 7300: 1.089684, 	throughput: 18 samples/sec
Average loss at batch 7400: 1.212518, 	throughput: 18 samples/sec
Average loss at batch 7500: 0.697582, 	throughput: 18 samples/sec
Average loss at batch 7600: 1.179761, 	throughput: 18 samples/sec
Average loss at batch 7700: 1.006295, 	throughput: 18 samples/sec
Average loss at batch 7800: 1.091217, 	throughput: 18 samples/sec
Average loss at batch 7900: 0.455649, 	throughput: 18 samples/sec
Finished 1 epochs
Prediction throughput: 96
Prediction throughput: 97
Prediction throughput: 103
Prediction throughput: 101
Prediction throughput: 102
Done testing, epoch reached
Evaluation time: 0h22m30s
Accuracy after 1 epochs: 0.02711
After 1 epochs: Precision: 0.17282, recall: 0.07648, F1: 0.10604
Rouge:  -1
Saved after 1 epochs in: models/dpdk_just_paths/model_iter1
Average loss at batch 8000: 1.125574, 	throughput: 3 samples/sec
Average loss at batch 8100: 0.702612, 	throughput: 19 samples/sec
Average loss at batch 8200: 0.869872, 	throughput: 18 samples/sec
Average loss at batch 8300: 1.144667, 	throughput: 17 samples/sec
Average loss at batch 8400: 0.888180, 	throughput: 17 samples/sec
Average loss at batch 8500: 1.300937, 	throughput: 16 samples/sec
Average loss at batch 8600: 0.880429, 	throughput: 17 samples/sec
Average loss at batch 8700: 0.558182, 	throughput: 17 samples/sec
Average loss at batch 8800: 0.678624, 	throughput: 18 samples/sec
Average loss at batch 8900: 0.976778, 	throughput: 17 samples/sec
Average loss at batch 9000: 0.684569, 	throughput: 18 samples/sec
Average loss at batch 9100: 0.931435, 	throughput: 17 samples/sec
Average loss at batch 9200: 0.465072, 	throughput: 17 samples/sec
Average loss at batch 9300: 0.997831, 	throughput: 18 samples/sec
Average loss at batch 9400: 0.575724, 	throughput: 17 samples/sec
Average loss at batch 9500: 0.754226, 	throughput: 17 samples/sec
Average loss at batch 9600: 0.848676, 	throughput: 17 samples/sec
Average loss at batch 9700: 0.862371, 	throughput: 17 samples/sec
Average loss at batch 9800: 1.308970, 	throughput: 17 samples/sec
Average loss at batch 9900: 1.258139, 	throughput: 17 samples/sec
Average loss at batch 10000: 0.546683, 	throughput: 17 samples/sec
Average loss at batch 10100: 0.553719, 	throughput: 17 samples/sec
Average loss at batch 10200: 0.859765, 	throughput: 17 samples/sec
Average loss at batch 10300: 1.021585, 	throughput: 18 samples/sec
Average loss at batch 10400: 1.466920, 	throughput: 18 samples/sec
Average loss at batch 10500: 0.722091, 	throughput: 17 samples/sec
Average loss at batch 10600: 0.762238, 	throughput: 18 samples/sec
Average loss at batch 10700: 0.576204, 	throughput: 18 samples/sec
Average loss at batch 10800: 0.605389, 	throughput: 17 samples/sec
Average loss at batch 10900: 1.201126, 	throughput: 17 samples/sec
Average loss at batch 11000: 1.112941, 	throughput: 18 samples/sec
Average loss at batch 11100: 0.826943, 	throughput: 18 samples/sec
Average loss at batch 11200: 0.639358, 	throughput: 18 samples/sec
Average loss at batch 11300: 0.539451, 	throughput: 18 samples/sec
Average loss at batch 11400: 0.674973, 	throughput: 18 samples/sec
Average loss at batch 11500: 0.781738, 	throughput: 18 samples/sec
Average loss at batch 11600: 0.762437, 	throughput: 18 samples/sec
Average loss at batch 11700: 1.122794, 	throughput: 18 samples/sec
Average loss at batch 11800: 1.617168, 	throughput: 18 samples/sec
Average loss at batch 11900: 1.204050, 	throughput: 18 samples/sec
Average loss at batch 12000: 1.200529, 	throughput: 18 samples/sec
Average loss at batch 12100: 1.220411, 	throughput: 19 samples/sec
Average loss at batch 12200: 0.626280, 	throughput: 19 samples/sec
Average loss at batch 12300: 1.419301, 	throughput: 18 samples/sec
Average loss at batch 12400: 0.936222, 	throughput: 18 samples/sec
Average loss at batch 12500: 1.062862, 	throughput: 18 samples/sec
Average loss at batch 12600: 1.403922, 	throughput: 18 samples/sec
Average loss at batch 12700: 0.722719, 	throughput: 18 samples/sec
Average loss at batch 12800: 0.404830, 	throughput: 19 samples/sec
Average loss at batch 12900: 0.279219, 	throughput: 19 samples/sec
Average loss at batch 13000: 0.273161, 	throughput: 19 samples/sec
Average loss at batch 13100: 0.864108, 	throughput: 19 samples/sec
Average loss at batch 13200: 1.134895, 	throughput: 19 samples/sec
Average loss at batch 13300: 1.020773, 	throughput: 18 samples/sec
Average loss at batch 13400: 0.836590, 	throughput: 18 samples/sec
Average loss at batch 13500: 0.952183, 	throughput: 18 samples/sec
Average loss at batch 13600: 1.168446, 	throughput: 18 samples/sec
Average loss at batch 13700: 1.321395, 	throughput: 17 samples/sec
Average loss at batch 13800: 0.930121, 	throughput: 18 samples/sec
Average loss at batch 13900: 0.906116, 	throughput: 18 samples/sec
Average loss at batch 14000: 1.262634, 	throughput: 18 samples/sec
Average loss at batch 14100: 0.788991, 	throughput: 18 samples/sec
Average loss at batch 14200: 1.684386, 	throughput: 18 samples/sec
Average loss at batch 14300: 1.244566, 	throughput: 18 samples/sec
Average loss at batch 14400: 0.916871, 	throughput: 18 samples/sec
Average loss at batch 14500: 1.548300, 	throughput: 18 samples/sec
Average loss at batch 14600: 1.228403, 	throughput: 18 samples/sec
Average loss at batch 14700: 1.107828, 	throughput: 18 samples/sec
Average loss at batch 14800: 0.821082, 	throughput: 17 samples/sec
Average loss at batch 14900: 0.980725, 	throughput: 18 samples/sec
Average loss at batch 15000: 0.763717, 	throughput: 18 samples/sec
Average loss at batch 15100: 1.440295, 	throughput: 18 samples/sec
Average loss at batch 15200: 0.826890, 	throughput: 18 samples/sec
Average loss at batch 15300: 0.906323, 	throughput: 18 samples/sec
Average loss at batch 15400: 0.877538, 	throughput: 18 samples/sec
Average loss at batch 15500: 0.706111, 	throughput: 18 samples/sec
Average loss at batch 15600: 0.798990, 	throughput: 18 samples/sec
Average loss at batch 15700: 0.972894, 	throughput: 18 samples/sec
Average loss at batch 15800: 0.589571, 	throughput: 17 samples/sec
Average loss at batch 15900: 0.339261, 	throughput: 17 samples/sec
Finished 1 epochs
Prediction throughput: 88
Prediction throughput: 89
Prediction throughput: 95
Prediction throughput: 93
Prediction throughput: 94
Done testing, epoch reached
Evaluation time: 0h24m18s
Accuracy after 2 epochs: 0.02711
After 2 epochs: Precision: 0.16907, recall: 0.07789, F1: 0.10665
Rouge:  -1
Saved after 2 epochs in: models/dpdk_just_paths/model_iter2
Average loss at batch 16000: 0.648945, 	throughput: 3 samples/sec
Average loss at batch 16100: 0.591197, 	throughput: 19 samples/sec
Average loss at batch 16200: 0.824267, 	throughput: 18 samples/sec
Average loss at batch 16300: 0.846572, 	throughput: 17 samples/sec
Average loss at batch 16400: 0.837277, 	throughput: 18 samples/sec
Average loss at batch 16500: 0.774108, 	throughput: 18 samples/sec
Average loss at batch 16600: 0.787700, 	throughput: 18 samples/sec
Average loss at batch 16700: 0.450976, 	throughput: 18 samples/sec
Average loss at batch 16800: 0.641554, 	throughput: 18 samples/sec
Average loss at batch 16900: 0.685925, 	throughput: 17 samples/sec
Average loss at batch 17000: 0.794983, 	throughput: 17 samples/sec
Average loss at batch 17100: 0.451929, 	throughput: 17 samples/sec
Average loss at batch 17200: 0.353348, 	throughput: 17 samples/sec
Average loss at batch 17300: 0.755760, 	throughput: 17 samples/sec
Average loss at batch 17400: 0.465483, 	throughput: 17 samples/sec
Average loss at batch 17500: 0.717041, 	throughput: 17 samples/sec
Average loss at batch 17600: 0.595482, 	throughput: 17 samples/sec
Average loss at batch 17700: 0.854575, 	throughput: 17 samples/sec
Average loss at batch 17800: 1.013992, 	throughput: 17 samples/sec
Average loss at batch 17900: 0.749669, 	throughput: 17 samples/sec
Average loss at batch 18000: 0.423295, 	throughput: 17 samples/sec
Average loss at batch 18100: 0.423004, 	throughput: 17 samples/sec
Average loss at batch 18200: 0.465603, 	throughput: 17 samples/sec
Average loss at batch 18300: 0.959048, 	throughput: 17 samples/sec
Average loss at batch 18400: 0.983471, 	throughput: 17 samples/sec
Average loss at batch 18500: 0.494018, 	throughput: 17 samples/sec
Average loss at batch 18600: 0.568461, 	throughput: 18 samples/sec
Average loss at batch 18700: 0.284655, 	throughput: 18 samples/sec
Average loss at batch 18800: 0.535023, 	throughput: 17 samples/sec
Average loss at batch 18900: 1.079254, 	throughput: 17 samples/sec
Average loss at batch 19000: 0.682539, 	throughput: 17 samples/sec
Average loss at batch 19100: 0.526132, 	throughput: 17 samples/sec
Average loss at batch 19200: 0.516886, 	throughput: 17 samples/sec
Average loss at batch 19300: 0.345700, 	throughput: 17 samples/sec
Average loss at batch 19400: 0.634319, 	throughput: 17 samples/sec
Average loss at batch 19500: 0.476516, 	throughput: 17 samples/sec
Average loss at batch 19600: 0.728104, 	throughput: 17 samples/sec
Average loss at batch 19700: 0.965969, 	throughput: 17 samples/sec
Average loss at batch 19800: 1.476351, 	throughput: 17 samples/sec
Average loss at batch 19900: 0.633710, 	throughput: 17 samples/sec
Average loss at batch 20000: 1.283417, 	throughput: 17 samples/sec
Average loss at batch 20100: 0.857857, 	throughput: 17 samples/sec
Average loss at batch 20200: 0.624244, 	throughput: 17 samples/sec
Average loss at batch 20300: 0.972723, 	throughput: 17 samples/sec
Average loss at batch 20400: 0.819941, 	throughput: 17 samples/sec
Average loss at batch 20500: 1.010108, 	throughput: 17 samples/sec
Average loss at batch 20600: 0.860673, 	throughput: 17 samples/sec
Average loss at batch 20700: 0.487727, 	throughput: 17 samples/sec
Average loss at batch 20800: 0.316182, 	throughput: 18 samples/sec
Average loss at batch 20900: 0.234330, 	throughput: 17 samples/sec
Average loss at batch 21000: 0.349304, 	throughput: 18 samples/sec
Average loss at batch 21100: 0.701006, 	throughput: 17 samples/sec
Average loss at batch 21200: 0.893154, 	throughput: 17 samples/sec
Average loss at batch 21300: 0.686491, 	throughput: 17 samples/sec
Average loss at batch 21400: 0.556701, 	throughput: 17 samples/sec
Average loss at batch 21500: 1.099319, 	throughput: 17 samples/sec
Average loss at batch 21600: 0.842298, 	throughput: 17 samples/sec
Average loss at batch 21700: 0.928856, 	throughput: 17 samples/sec
Average loss at batch 21800: 0.594778, 	throughput: 17 samples/sec
Average loss at batch 21900: 0.903388, 	throughput: 16 samples/sec
Average loss at batch 22000: 0.867825, 	throughput: 17 samples/sec
Average loss at batch 22100: 0.918843, 	throughput: 17 samples/sec
Average loss at batch 22200: 1.138712, 	throughput: 17 samples/sec
Average loss at batch 22300: 0.914784, 	throughput: 17 samples/sec
Average loss at batch 22400: 0.870402, 	throughput: 17 samples/sec
Average loss at batch 22500: 1.141338, 	throughput: 17 samples/sec
Average loss at batch 22600: 0.940118, 	throughput: 15 samples/sec
Average loss at batch 22700: 0.873231, 	throughput: 14 samples/sec
Average loss at batch 22800: 0.689625, 	throughput: 15 samples/sec
Average loss at batch 22900: 0.770695, 	throughput: 14 samples/sec
Average loss at batch 23000: 0.676970, 	throughput: 14 samples/sec
Average loss at batch 23100: 1.002012, 	throughput: 14 samples/sec
Average loss at batch 23200: 0.641470, 	throughput: 14 samples/sec
Average loss at batch 23300: 0.676428, 	throughput: 15 samples/sec
Average loss at batch 23400: 0.570381, 	throughput: 14 samples/sec
Average loss at batch 23500: 0.670480, 	throughput: 14 samples/sec
Average loss at batch 23600: 0.590263, 	throughput: 14 samples/sec
Average loss at batch 23700: 0.682668, 	throughput: 14 samples/sec
Average loss at batch 23800: 0.365230, 	throughput: 14 samples/sec
Average loss at batch 23900: 0.262025, 	throughput: 14 samples/sec
Finished 1 epochs
Prediction throughput: 58
Prediction throughput: 58
Prediction throughput: 62
Prediction throughput: 61
Prediction throughput: 61
Done testing, epoch reached
Evaluation time: 0h37m20s
Accuracy after 3 epochs: 0.02717
After 3 epochs: Precision: 0.15938, recall: 0.08212, F1: 0.10839
Rouge:  -1
Saved after 3 epochs in: models/dpdk_just_paths/model_iter3
Average loss at batch 24000: 0.517136, 	throughput: 2 samples/sec
Average loss at batch 24100: 0.407849, 	throughput: 15 samples/sec
Average loss at batch 24200: 0.778092, 	throughput: 14 samples/sec
Average loss at batch 24300: 0.539482, 	throughput: 14 samples/sec
Average loss at batch 24400: 0.772507, 	throughput: 16 samples/sec
Average loss at batch 24500: 0.543801, 	throughput: 16 samples/sec
Average loss at batch 24600: 0.564688, 	throughput: 15 samples/sec
Average loss at batch 24700: 0.469333, 	throughput: 16 samples/sec
Average loss at batch 24800: 0.483047, 	throughput: 15 samples/sec
Average loss at batch 24900: 0.379237, 	throughput: 15 samples/sec
Average loss at batch 25000: 0.570054, 	throughput: 15 samples/sec
Average loss at batch 25100: 0.287844, 	throughput: 14 samples/sec
Average loss at batch 25200: 0.442915, 	throughput: 14 samples/sec
Average loss at batch 25300: 0.408684, 	throughput: 14 samples/sec
Average loss at batch 25400: 0.387692, 	throughput: 15 samples/sec
Average loss at batch 25500: 0.565259, 	throughput: 15 samples/sec
Average loss at batch 25600: 0.503639, 	throughput: 15 samples/sec
Average loss at batch 25700: 0.764299, 	throughput: 14 samples/sec
Average loss at batch 25800: 0.704284, 	throughput: 15 samples/sec
Average loss at batch 25900: 0.470756, 	throughput: 13 samples/sec
Average loss at batch 26000: 0.310633, 	throughput: 13 samples/sec
Average loss at batch 26100: 0.340692, 	throughput: 13 samples/sec
Average loss at batch 26200: 0.349382, 	throughput: 14 samples/sec
Average loss at batch 26300: 0.729064, 	throughput: 14 samples/sec
Average loss at batch 26400: 0.664760, 	throughput: 14 samples/sec
Average loss at batch 26500: 0.380427, 	throughput: 14 samples/sec
Average loss at batch 26600: 0.304804, 	throughput: 15 samples/sec
Average loss at batch 26700: 0.259520, 	throughput: 14 samples/sec
Average loss at batch 26800: 0.560389, 	throughput: 13 samples/sec
Average loss at batch 26900: 0.827249, 	throughput: 13 samples/sec
Average loss at batch 27000: 0.544689, 	throughput: 14 samples/sec
Average loss at batch 27100: 0.373565, 	throughput: 13 samples/sec
Average loss at batch 27200: 0.373105, 	throughput: 14 samples/sec
Average loss at batch 27300: 0.217837, 	throughput: 14 samples/sec
Average loss at batch 27400: 0.574388, 	throughput: 13 samples/sec
Average loss at batch 27500: 0.316985, 	throughput: 13 samples/sec
Average loss at batch 27600: 0.742733, 	throughput: 13 samples/sec
Average loss at batch 27700: 0.802258, 	throughput: 13 samples/sec
Average loss at batch 27800: 1.064113, 	throughput: 14 samples/sec
Average loss at batch 27900: 0.562656, 	throughput: 14 samples/sec
Average loss at batch 28000: 0.930048, 	throughput: 14 samples/sec
Average loss at batch 28100: 0.546944, 	throughput: 14 samples/sec
Average loss at batch 28200: 0.695898, 	throughput: 14 samples/sec
Average loss at batch 28300: 0.601525, 	throughput: 14 samples/sec
Average loss at batch 28400: 0.599690, 	throughput: 14 samples/sec
Average loss at batch 28500: 0.762408, 	throughput: 14 samples/sec
Average loss at batch 28600: 0.610247, 	throughput: 14 samples/sec
Average loss at batch 28700: 0.269904, 	throughput: 14 samples/sec
Average loss at batch 28800: 0.296489, 	throughput: 14 samples/sec
Average loss at batch 28900: 0.161572, 	throughput: 14 samples/sec
Average loss at batch 29000: 0.407596, 	throughput: 14 samples/sec
Average loss at batch 29100: 0.556914, 	throughput: 14 samples/sec
Average loss at batch 29200: 0.786142, 	throughput: 14 samples/sec
Average loss at batch 29300: 0.396139, 	throughput: 14 samples/sec
Average loss at batch 29400: 0.514161, 	throughput: 14 samples/sec
Average loss at batch 29500: 0.890593, 	throughput: 14 samples/sec
Average loss at batch 29600: 0.713087, 	throughput: 13 samples/sec
Average loss at batch 29700: 0.611630, 	throughput: 14 samples/sec
Average loss at batch 29800: 0.468279, 	throughput: 14 samples/sec
Average loss at batch 29900: 0.693170, 	throughput: 13 samples/sec
Average loss at batch 30000: 0.572779, 	throughput: 14 samples/sec
Average loss at batch 30100: 0.824389, 	throughput: 14 samples/sec
Average loss at batch 30200: 0.798658, 	throughput: 14 samples/sec
Average loss at batch 30300: 0.602266, 	throughput: 13 samples/sec
Average loss at batch 30400: 0.873781, 	throughput: 13 samples/sec
Average loss at batch 30500: 0.934574, 	throughput: 13 samples/sec
Average loss at batch 30600: 0.612271, 	throughput: 13 samples/sec
Average loss at batch 30700: 0.569385, 	throughput: 13 samples/sec
Average loss at batch 30800: 0.530868, 	throughput: 13 samples/sec
Average loss at batch 30900: 0.529245, 	throughput: 13 samples/sec
Average loss at batch 31000: 0.667300, 	throughput: 13 samples/sec
Average loss at batch 31100: 0.637603, 	throughput: 13 samples/sec
Average loss at batch 31200: 0.510280, 	throughput: 13 samples/sec
Average loss at batch 31300: 0.526734, 	throughput: 13 samples/sec
Average loss at batch 31400: 0.361324, 	throughput: 13 samples/sec
Average loss at batch 31500: 0.503894, 	throughput: 13 samples/sec
Average loss at batch 31600: 0.447086, 	throughput: 13 samples/sec
Average loss at batch 31700: 0.493027, 	throughput: 13 samples/sec
Average loss at batch 31800: 0.250460, 	throughput: 13 samples/sec
Finished 1 epochs
Prediction throughput: 55
Prediction throughput: 55
Prediction throughput: 59
Prediction throughput: 58
Prediction throughput: 58
Done testing, epoch reached
Evaluation time: 0h38m53s
Accuracy after 4 epochs: 0.02717
After 4 epochs: Precision: 0.16290, recall: 0.07848, F1: 0.10593
Rouge:  -1
Average loss at batch 31900: 0.285547, 	throughput: 2 samples/sec
Average loss at batch 32000: 0.291381, 	throughput: 15 samples/sec
Average loss at batch 32100: 0.405450, 	throughput: 13 samples/sec
Average loss at batch 32200: 0.541171, 	throughput: 13 samples/sec
Average loss at batch 32300: 0.374223, 	throughput: 13 samples/sec
Average loss at batch 32400: 0.571712, 	throughput: 12 samples/sec
Average loss at batch 32500: 0.380697, 	throughput: 12 samples/sec
Average loss at batch 32600: 0.372080, 	throughput: 11 samples/sec
Average loss at batch 32700: 0.330921, 	throughput: 11 samples/sec
Average loss at batch 32800: 0.357502, 	throughput: 10 samples/sec
Average loss at batch 32900: 0.296900, 	throughput: 10 samples/sec
Average loss at batch 33000: 0.405715, 	throughput: 9 samples/sec
Average loss at batch 33100: 0.199596, 	throughput: 11 samples/sec
Average loss at batch 33200: 0.361376, 	throughput: 11 samples/sec
Average loss at batch 33300: 0.310529, 	throughput: 11 samples/sec
Average loss at batch 33400: 0.310431, 	throughput: 11 samples/sec
Average loss at batch 33500: 0.384218, 	throughput: 11 samples/sec
Average loss at batch 33600: 0.414854, 	throughput: 11 samples/sec
Average loss at batch 33700: 0.536928, 	throughput: 11 samples/sec
Average loss at batch 33800: 0.602084, 	throughput: 11 samples/sec
Average loss at batch 33900: 0.276066, 	throughput: 11 samples/sec
Average loss at batch 34000: 0.233973, 	throughput: 12 samples/sec
Average loss at batch 34100: 0.278138, 	throughput: 12 samples/sec
Average loss at batch 34200: 0.310941, 	throughput: 10 samples/sec
Average loss at batch 34300: 0.541786, 	throughput: 12 samples/sec
Average loss at batch 34400: 0.399501, 	throughput: 11 samples/sec
Average loss at batch 34500: 0.311966, 	throughput: 12 samples/sec
Average loss at batch 34600: 0.212358, 	throughput: 12 samples/sec
Average loss at batch 34700: 0.242720, 	throughput: 12 samples/sec
Average loss at batch 34800: 0.532135, 	throughput: 11 samples/sec
Average loss at batch 34900: 0.532514, 	throughput: 11 samples/sec
Average loss at batch 35000: 0.391607, 	throughput: 11 samples/sec
Average loss at batch 35100: 0.309038, 	throughput: 11 samples/sec
Average loss at batch 35200: 0.242375, 	throughput: 12 samples/sec
Average loss at batch 35300: 0.259030, 	throughput: 13 samples/sec
Average loss at batch 35400: 0.352343, 	throughput: 12 samples/sec
Average loss at batch 35500: 0.345032, 	throughput: 12 samples/sec
Average loss at batch 35600: 0.453820, 	throughput: 12 samples/sec
Average loss at batch 35700: 0.822889, 	throughput: 12 samples/sec
Average loss at batch 35800: 0.625001, 	throughput: 12 samples/sec
Average loss at batch 35900: 0.517905, 	throughput: 12 samples/sec
Average loss at batch 36000: 0.681868, 	throughput: 13 samples/sec
Average loss at batch 36100: 0.367635, 	throughput: 13 samples/sec
Average loss at batch 36200: 0.595024, 	throughput: 13 samples/sec
Average loss at batch 36300: 0.461145, 	throughput: 12 samples/sec
Average loss at batch 36400: 0.467667, 	throughput: 12 samples/sec
Average loss at batch 36500: 0.586908, 	throughput: 12 samples/sec
Average loss at batch 36600: 0.422357, 	throughput: 11 samples/sec
Average loss at batch 36700: 0.223763, 	throughput: 12 samples/sec
Average loss at batch 36800: 0.166737, 	throughput: 12 samples/sec
Average loss at batch 36900: 0.137772, 	throughput: 12 samples/sec
Average loss at batch 37000: 0.368250, 	throughput: 12 samples/sec
Average loss at batch 37100: 0.556642, 	throughput: 12 samples/sec
Average loss at batch 37200: 0.515380, 	throughput: 12 samples/sec
Average loss at batch 37300: 0.379631, 	throughput: 12 samples/sec
Average loss at batch 37400: 0.471681, 	throughput: 12 samples/sec
Average loss at batch 37500: 0.631546, 	throughput: 12 samples/sec
Average loss at batch 37600: 0.574004, 	throughput: 13 samples/sec
Average loss at batch 37700: 0.442824, 	throughput: 15 samples/sec
Average loss at batch 37800: 0.414052, 	throughput: 15 samples/sec
Average loss at batch 37900: 0.543091, 	throughput: 15 samples/sec
Average loss at batch 38000: 0.398297, 	throughput: 15 samples/sec
Average loss at batch 38100: 0.729607, 	throughput: 15 samples/sec
Average loss at batch 38200: 0.570985, 	throughput: 15 samples/sec
Average loss at batch 38300: 0.464799, 	throughput: 15 samples/sec
Average loss at batch 38400: 0.779683, 	throughput: 15 samples/sec
Average loss at batch 38500: 0.668047, 	throughput: 15 samples/sec
Average loss at batch 38600: 0.501826, 	throughput: 15 samples/sec
Average loss at batch 38700: 0.392510, 	throughput: 14 samples/sec
Average loss at batch 38800: 0.433699, 	throughput: 15 samples/sec
Average loss at batch 38900: 0.342337, 	throughput: 15 samples/sec
Average loss at batch 39000: 0.624588, 	throughput: 15 samples/sec
Average loss at batch 39100: 0.445680, 	throughput: 15 samples/sec
Average loss at batch 39200: 0.384532, 	throughput: 15 samples/sec
Average loss at batch 39300: 0.415796, 	throughput: 15 samples/sec
Average loss at batch 39400: 0.317549, 	throughput: 15 samples/sec
Average loss at batch 39500: 0.346091, 	throughput: 15 samples/sec
Average loss at batch 39600: 0.402936, 	throughput: 15 samples/sec
Average loss at batch 39700: 0.272470, 	throughput: 14 samples/sec
Average loss at batch 39800: 0.197133, 	throughput: 14 samples/sec
Finished 1 epochs
Prediction throughput: 74
Prediction throughput: 74
Prediction throughput: 79
Prediction throughput: 78
Prediction throughput: 79
Done testing, epoch reached
Evaluation time: 0h29m2s
Accuracy after 5 epochs: 0.02921
After 5 epochs: Precision: 0.17273, recall: 0.09046, F1: 0.11874
Rouge:  -1
Saved after 5 epochs in: models/dpdk_just_paths/model_iter5
Average loss at batch 39900: 0.213332, 	throughput: 2 samples/sec
Average loss at batch 40000: 0.248676, 	throughput: 16 samples/sec
Average loss at batch 40100: 0.366432, 	throughput: 15 samples/sec
Average loss at batch 40200: 0.355175, 	throughput: 15 samples/sec
Average loss at batch 40300: 0.387917, 	throughput: 15 samples/sec
Average loss at batch 40400: 0.375259, 	throughput: 15 samples/sec
Average loss at batch 40500: 0.356762, 	throughput: 14 samples/sec
Average loss at batch 40600: 0.250851, 	throughput: 15 samples/sec
Average loss at batch 40700: 0.247295, 	throughput: 15 samples/sec
Average loss at batch 40800: 0.283522, 	throughput: 15 samples/sec
Average loss at batch 40900: 0.286108, 	throughput: 15 samples/sec
Average loss at batch 41000: 0.254075, 	throughput: 14 samples/sec
Average loss at batch 41100: 0.149571, 	throughput: 15 samples/sec
Average loss at batch 41200: 0.324675, 	throughput: 14 samples/sec
Average loss at batch 41300: 0.222290, 	throughput: 14 samples/sec
Average loss at batch 41400: 0.300761, 	throughput: 14 samples/sec
Average loss at batch 41500: 0.306879, 	throughput: 14 samples/sec
Average loss at batch 41600: 0.361112, 	throughput: 12 samples/sec
Average loss at batch 41700: 0.433542, 	throughput: 12 samples/sec
Average loss at batch 41800: 0.372549, 	throughput: 12 samples/sec
Average loss at batch 41900: 0.163792, 	throughput: 12 samples/sec
Average loss at batch 42000: 0.174269, 	throughput: 12 samples/sec
Average loss at batch 42100: 0.232415, 	throughput: 12 samples/sec
Average loss at batch 42200: 0.325088, 	throughput: 12 samples/sec
Average loss at batch 42300: 0.449266, 	throughput: 11 samples/sec
Average loss at batch 42400: 0.243842, 	throughput: 12 samples/sec
Average loss at batch 42500: 0.234888, 	throughput: 12 samples/sec
Average loss at batch 42600: 0.149616, 	throughput: 13 samples/sec
Average loss at batch 42700: 0.236752, 	throughput: 12 samples/sec
Average loss at batch 42800: 0.500889, 	throughput: 12 samples/sec
Average loss at batch 42900: 0.367299, 	throughput: 12 samples/sec
Average loss at batch 43000: 0.279946, 	throughput: 12 samples/sec
Average loss at batch 43100: 0.246594, 	throughput: 11 samples/sec
Average loss at batch 43200: 0.194616, 	throughput: 12 samples/sec
Average loss at batch 43300: 0.269059, 	throughput: 12 samples/sec
Average loss at batch 43400: 0.235473, 	throughput: 12 samples/sec
Average loss at batch 43500: 0.360796, 	throughput: 12 samples/sec
Average loss at batch 43600: 0.423062, 	throughput: 12 samples/sec
Average loss at batch 43700: 0.722363, 	throughput: 12 samples/sec
Average loss at batch 43800: 0.357744, 	throughput: 10 samples/sec
Average loss at batch 43900: 0.538756, 	throughput: 8 samples/sec
Average loss at batch 44000: 0.507417, 	throughput: 9 samples/sec
Average loss at batch 44100: 0.325521, 	throughput: 9 samples/sec
Average loss at batch 44200: 0.433667, 	throughput: 9 samples/sec
Average loss at batch 44300: 0.364258, 	throughput: 10 samples/sec
Average loss at batch 44400: 0.457519, 	throughput: 10 samples/sec
Average loss at batch 44500: 0.479115, 	throughput: 10 samples/sec
Average loss at batch 44600: 0.267434, 	throughput: 10 samples/sec
Average loss at batch 44700: 0.180691, 	throughput: 9 samples/sec
Average loss at batch 44800: 0.120988, 	throughput: 10 samples/sec
Average loss at batch 44900: 0.160950, 	throughput: 10 samples/sec
Average loss at batch 45000: 0.350231, 	throughput: 11 samples/sec
Average loss at batch 45100: 0.483709, 	throughput: 11 samples/sec
Average loss at batch 45200: 0.348777, 	throughput: 10 samples/sec
Average loss at batch 45300: 0.301400, 	throughput: 10 samples/sec
Average loss at batch 45400: 0.492882, 	throughput: 11 samples/sec
Average loss at batch 45500: 0.442218, 	throughput: 10 samples/sec
Average loss at batch 45600: 0.414097, 	throughput: 10 samples/sec
Average loss at batch 45700: 0.283966, 	throughput: 11 samples/sec
Average loss at batch 45800: 0.412194, 	throughput: 11 samples/sec
Average loss at batch 45900: 0.375690, 	throughput: 11 samples/sec
Average loss at batch 46000: 0.412582, 	throughput: 11 samples/sec
Average loss at batch 46100: 0.560097, 	throughput: 11 samples/sec
Average loss at batch 46200: 0.448761, 	throughput: 11 samples/sec
Average loss at batch 46300: 0.459284, 	throughput: 10 samples/sec
Average loss at batch 46400: 0.650278, 	throughput: 10 samples/sec
Average loss at batch 46500: 0.502763, 	throughput: 10 samples/sec
Average loss at batch 46600: 0.410122, 	throughput: 10 samples/sec
Average loss at batch 46700: 0.317192, 	throughput: 10 samples/sec
Average loss at batch 46800: 0.384259, 	throughput: 10 samples/sec
Average loss at batch 46900: 0.321856, 	throughput: 11 samples/sec
Average loss at batch 47000: 0.527881, 	throughput: 11 samples/sec
Average loss at batch 47100: 0.346645, 	throughput: 10 samples/sec
Average loss at batch 47200: 0.311463, 	throughput: 13 samples/sec
Average loss at batch 47300: 0.304319, 	throughput: 13 samples/sec
Average loss at batch 47400: 0.296525, 	throughput: 11 samples/sec
Average loss at batch 47500: 0.276228, 	throughput: 11 samples/sec
Average loss at batch 47600: 0.329988, 	throughput: 11 samples/sec
Average loss at batch 47700: 0.210091, 	throughput: 11 samples/sec
Average loss at batch 47800: 0.163423, 	throughput: 11 samples/sec
Finished 1 epochs
Prediction throughput: 46
Prediction throughput: 45
Prediction throughput: 48
Prediction throughput: 48
Prediction throughput: 48
Done testing, epoch reached
Evaluation time: 0h47m24s
Accuracy after 6 epochs: 0.02916
After 6 epochs: Precision: 0.18709, recall: 0.09879, F1: 0.12930
Rouge:  -1
Saved after 6 epochs in: models/dpdk_just_paths/model_iter6
Average loss at batch 47900: 0.235355, 	throughput: 1 samples/sec
Average loss at batch 48000: 0.173433, 	throughput: 12 samples/sec
Average loss at batch 48100: 0.365847, 	throughput: 11 samples/sec
Average loss at batch 48200: 0.255181, 	throughput: 11 samples/sec
Average loss at batch 48300: 0.340182, 	throughput: 12 samples/sec
Average loss at batch 48400: 0.254764, 	throughput: 11 samples/sec
Average loss at batch 48500: 0.310117, 	throughput: 11 samples/sec
Average loss at batch 48600: 0.207741, 	throughput: 11 samples/sec
Average loss at batch 48700: 0.197979, 	throughput: 11 samples/sec
Average loss at batch 48800: 0.216865, 	throughput: 11 samples/sec
Average loss at batch 48900: 0.276356, 	throughput: 11 samples/sec
Average loss at batch 49000: 0.189536, 	throughput: 11 samples/sec
Average loss at batch 49100: 0.161077, 	throughput: 11 samples/sec
Average loss at batch 49200: 0.219563, 	throughput: 10 samples/sec
Average loss at batch 49300: 0.196465, 	throughput: 11 samples/sec
Average loss at batch 49400: 0.286243, 	throughput: 11 samples/sec
Average loss at batch 49500: 0.262221, 	throughput: 11 samples/sec
Average loss at batch 49600: 0.333856, 	throughput: 11 samples/sec
Average loss at batch 49700: 0.352279, 	throughput: 11 samples/sec
Average loss at batch 49800: 0.252004, 	throughput: 11 samples/sec
Average loss at batch 49900: 0.143774, 	throughput: 10 samples/sec
Average loss at batch 50000: 0.138429, 	throughput: 10 samples/sec
Average loss at batch 50100: 0.170578, 	throughput: 10 samples/sec
Average loss at batch 50200: 0.338858, 	throughput: 11 samples/sec
Average loss at batch 50300: 0.376136, 	throughput: 11 samples/sec
Average loss at batch 50400: 0.218226, 	throughput: 11 samples/sec
Average loss at batch 50500: 0.182676, 	throughput: 12 samples/sec
Average loss at batch 50600: 0.099481, 	throughput: 11 samples/sec
Average loss at batch 50700: 0.278977, 	throughput: 11 samples/sec
Average loss at batch 50800: 0.404485, 	throughput: 11 samples/sec
Average loss at batch 50900: 0.314967, 	throughput: 10 samples/sec
Average loss at batch 51000: 0.201013, 	throughput: 11 samples/sec
Average loss at batch 51100: 0.207548, 	throughput: 11 samples/sec
Average loss at batch 51200: 0.150746, 	throughput: 11 samples/sec
Average loss at batch 51300: 0.276368, 	throughput: 11 samples/sec
Average loss at batch 51400: 0.152405, 	throughput: 11 samples/sec
Average loss at batch 51500: 0.362841, 	throughput: 11 samples/sec
Average loss at batch 51600: 0.392243, 	throughput: 11 samples/sec
Average loss at batch 51700: 0.584064, 	throughput: 10 samples/sec
Average loss at batch 51800: 0.281499, 	throughput: 10 samples/sec
Average loss at batch 51900: 0.509414, 	throughput: 13 samples/sec
Average loss at batch 52000: 0.371140, 	throughput: 13 samples/sec
Average loss at batch 52100: 0.321245, 	throughput: 12 samples/sec
Average loss at batch 52200: 0.332037, 	throughput: 11 samples/sec
Average loss at batch 52300: 0.319690, 	throughput: 11 samples/sec
Average loss at batch 52400: 0.398644, 	throughput: 10 samples/sec
Average loss at batch 52500: 0.386300, 	throughput: 11 samples/sec
Average loss at batch 52600: 0.186596, 	throughput: 10 samples/sec
Average loss at batch 52700: 0.154250, 	throughput: 11 samples/sec
Average loss at batch 52800: 0.103199, 	throughput: 11 samples/sec
Average loss at batch 52900: 0.191779, 	throughput: 11 samples/sec
Average loss at batch 53000: 0.311525, 	throughput: 11 samples/sec
Average loss at batch 53100: 0.432422, 	throughput: 11 samples/sec
Average loss at batch 53200: 0.239323, 	throughput: 11 samples/sec
Average loss at batch 53300: 0.276625, 	throughput: 11 samples/sec
Average loss at batch 53400: 0.491833, 	throughput: 11 samples/sec
Average loss at batch 53500: 0.340633, 	throughput: 10 samples/sec
Average loss at batch 53600: 0.336155, 	throughput: 11 samples/sec
Average loss at batch 53700: 0.258461, 	throughput: 11 samples/sec
Average loss at batch 53800: 0.364589, 	throughput: 11 samples/sec
Average loss at batch 53900: 0.303655, 	throughput: 11 samples/sec
Average loss at batch 54000: 0.400009, 	throughput: 11 samples/sec
Average loss at batch 54100: 0.470669, 	throughput: 11 samples/sec
Average loss at batch 54200: 0.352687, 	throughput: 11 samples/sec
Average loss at batch 54300: 0.482086, 	throughput: 10 samples/sec
Average loss at batch 54400: 0.554806, 	throughput: 11 samples/sec
Average loss at batch 54500: 0.361270, 	throughput: 11 samples/sec
Average loss at batch 54600: 0.352722, 	throughput: 11 samples/sec
Average loss at batch 54700: 0.282083, 	throughput: 11 samples/sec
Average loss at batch 54800: 0.320902, 	throughput: 11 samples/sec
Average loss at batch 54900: 0.371111, 	throughput: 11 samples/sec
Average loss at batch 55000: 0.396662, 	throughput: 11 samples/sec
Average loss at batch 55100: 0.286792, 	throughput: 11 samples/sec
Average loss at batch 55200: 0.275797, 	throughput: 10 samples/sec
Average loss at batch 55300: 0.224615, 	throughput: 11 samples/sec
Average loss at batch 55400: 0.250706, 	throughput: 11 samples/sec
Average loss at batch 55500: 0.260514, 	throughput: 12 samples/sec
Average loss at batch 55600: 0.293639, 	throughput: 13 samples/sec
Average loss at batch 55700: 0.159718, 	throughput: 13 samples/sec
Finished 1 epochs
Prediction throughput: 43
Prediction throughput: 42
Prediction throughput: 50
Prediction throughput: 54
Prediction throughput: 57
Done testing, epoch reached
Evaluation time: 0h39m12s
Accuracy after 7 epochs: 0.06284
After 7 epochs: Precision: 0.21415, recall: 0.11051, F1: 0.14578
Rouge:  -1
Saved after 7 epochs in: models/dpdk_just_paths/model_iter7
Average loss at batch 55800: 0.170169, 	throughput: 2 samples/sec
Average loss at batch 55900: 0.154262, 	throughput: 19 samples/sec
Average loss at batch 56000: 0.193783, 	throughput: 17 samples/sec
Average loss at batch 56100: 0.314194, 	throughput: 17 samples/sec
Average loss at batch 56200: 0.204643, 	throughput: 17 samples/sec
Average loss at batch 56300: 0.325605, 	throughput: 17 samples/sec
Average loss at batch 56400: 0.222249, 	throughput: 15 samples/sec
Average loss at batch 56500: 0.231152, 	throughput: 17 samples/sec
Average loss at batch 56600: 0.166651, 	throughput: 17 samples/sec
Average loss at batch 56700: 0.170049, 	throughput: 17 samples/sec
Average loss at batch 56800: 0.186591, 	throughput: 17 samples/sec
Average loss at batch 56900: 0.237104, 	throughput: 17 samples/sec
Average loss at batch 57000: 0.128535, 	throughput: 17 samples/sec
Average loss at batch 57100: 0.179896, 	throughput: 17 samples/sec
Average loss at batch 57200: 0.176274, 	throughput: 15 samples/sec
Average loss at batch 57300: 0.175467, 	throughput: 17 samples/sec
Average loss at batch 57400: 0.246383, 	throughput: 17 samples/sec
Average loss at batch 57500: 0.252999, 	throughput: 17 samples/sec
Average loss at batch 57600: 0.297983, 	throughput: 17 samples/sec
Average loss at batch 57700: 0.306357, 	throughput: 17 samples/sec
Average loss at batch 57800: 0.171258, 	throughput: 17 samples/sec
Average loss at batch 57900: 0.138944, 	throughput: 16 samples/sec
Average loss at batch 58000: 0.137621, 	throughput: 14 samples/sec
Average loss at batch 58100: 0.184192, 	throughput: 15 samples/sec
Average loss at batch 58200: 0.307079, 	throughput: 16 samples/sec
Average loss at batch 58300: 0.272377, 	throughput: 16 samples/sec
Average loss at batch 58400: 0.197626, 	throughput: 16 samples/sec
Average loss at batch 58500: 0.149543, 	throughput: 17 samples/sec
Average loss at batch 58600: 0.130184, 	throughput: 17 samples/sec
Average loss at batch 58700: 0.276374, 	throughput: 17 samples/sec
Average loss at batch 58800: 0.321845, 	throughput: 17 samples/sec
Average loss at batch 58900: 0.267801, 	throughput: 17 samples/sec
Average loss at batch 59000: 0.183019, 	throughput: 17 samples/sec
Average loss at batch 59100: 0.170065, 	throughput: 18 samples/sec
Average loss at batch 59200: 0.136586, 	throughput: 18 samples/sec
Average loss at batch 59300: 0.221503, 	throughput: 18 samples/sec
Average loss at batch 59400: 0.190616, 	throughput: 18 samples/sec
Average loss at batch 59500: 0.263118, 	throughput: 18 samples/sec
Average loss at batch 59600: 0.493286, 	throughput: 18 samples/sec
Average loss at batch 59700: 0.393769, 	throughput: 18 samples/sec
Average loss at batch 59800: 0.305037, 	throughput: 18 samples/sec
Average loss at batch 59900: 0.450053, 	throughput: 19 samples/sec
Average loss at batch 60000: 0.242289, 	throughput: 19 samples/sec
Average loss at batch 60100: 0.350902, 	throughput: 19 samples/sec
Average loss at batch 60200: 0.277154, 	throughput: 18 samples/sec
Average loss at batch 60300: 0.281964, 	throughput: 19 samples/sec
Average loss at batch 60400: 0.370520, 	throughput: 18 samples/sec
Average loss at batch 60500: 0.305211, 	throughput: 18 samples/sec
Average loss at batch 60600: 0.151881, 	throughput: 18 samples/sec
Average loss at batch 60700: 0.112290, 	throughput: 19 samples/sec
Average loss at batch 60800: 0.092292, 	throughput: 18 samples/sec
Average loss at batch 60900: 0.214855, 	throughput: 18 samples/sec
Average loss at batch 61000: 0.308299, 	throughput: 19 samples/sec
Average loss at batch 61100: 0.331832, 	throughput: 18 samples/sec
Average loss at batch 61200: 0.233526, 	throughput: 19 samples/sec
Average loss at batch 61300: 0.253309, 	throughput: 19 samples/sec
Average loss at batch 61400: 0.409431, 	throughput: 19 samples/sec
Average loss at batch 61500: 0.315028, 	throughput: 18 samples/sec
Average loss at batch 61600: 0.281231, 	throughput: 18 samples/sec
Average loss at batch 61700: 0.228093, 	throughput: 18 samples/sec
Average loss at batch 61800: 0.305524, 	throughput: 18 samples/sec
Average loss at batch 61900: 0.247458, 	throughput: 19 samples/sec
Average loss at batch 62000: 0.414109, 	throughput: 19 samples/sec
Average loss at batch 62100: 0.351621, 	throughput: 18 samples/sec
Average loss at batch 62200: 0.307907, 	throughput: 19 samples/sec
Average loss at batch 62300: 0.491756, 	throughput: 19 samples/sec
Average loss at batch 62400: 0.439136, 	throughput: 19 samples/sec
Average loss at batch 62500: 0.292245, 	throughput: 19 samples/sec
Average loss at batch 62600: 0.283558, 	throughput: 18 samples/sec
Average loss at batch 62700: 0.286465, 	throughput: 18 samples/sec
Average loss at batch 62800: 0.229281, 	throughput: 18 samples/sec
Average loss at batch 62900: 0.404111, 	throughput: 18 samples/sec
Average loss at batch 63000: 0.311728, 	throughput: 19 samples/sec
Average loss at batch 63100: 0.244293, 	throughput: 19 samples/sec
Average loss at batch 63200: 0.258769, 	throughput: 19 samples/sec
Average loss at batch 63300: 0.214523, 	throughput: 19 samples/sec
Average loss at batch 63400: 0.235044, 	throughput: 19 samples/sec
Average loss at batch 63500: 0.260588, 	throughput: 19 samples/sec
Average loss at batch 63600: 0.181426, 	throughput: 18 samples/sec
Average loss at batch 63700: 0.156433, 	throughput: 18 samples/sec
Finished 1 epochs
Prediction throughput: 98
Prediction throughput: 99
Prediction throughput: 105
Prediction throughput: 103
Prediction throughput: 103
Done testing, epoch reached
Evaluation time: 0h22m5s
Accuracy after 8 epochs: 0.08311
After 8 epochs: Precision: 0.21322, recall: 0.10018, F1: 0.13631
Rouge:  -1
Average loss at batch 63800: 0.144653, 	throughput: 3 samples/sec
Average loss at batch 63900: 0.164869, 	throughput: 21 samples/sec
Average loss at batch 64000: 0.199741, 	throughput: 19 samples/sec
Average loss at batch 64100: 0.234745, 	throughput: 19 samples/sec
Average loss at batch 64200: 0.207148, 	throughput: 19 samples/sec
Average loss at batch 64300: 0.261139, 	throughput: 19 samples/sec
Average loss at batch 64400: 0.217472, 	throughput: 19 samples/sec
Average loss at batch 64500: 0.159219, 	throughput: 19 samples/sec
Average loss at batch 64600: 0.168243, 	throughput: 19 samples/sec
Average loss at batch 64700: 0.196423, 	throughput: 19 samples/sec
Average loss at batch 64800: 0.178449, 	throughput: 19 samples/sec
Average loss at batch 64900: 0.179957, 	throughput: 18 samples/sec
Average loss at batch 65000: 0.101109, 	throughput: 18 samples/sec
Average loss at batch 65100: 0.199101, 	throughput: 18 samples/sec
Average loss at batch 65200: 0.134870, 	throughput: 19 samples/sec
Average loss at batch 65300: 0.199615, 	throughput: 19 samples/sec
Average loss at batch 65400: 0.204307, 	throughput: 19 samples/sec
Average loss at batch 65500: 0.228544, 	throughput: 18 samples/sec
Average loss at batch 65600: 0.285027, 	throughput: 18 samples/sec
Average loss at batch 65700: 0.240114, 	throughput: 18 samples/sec
Average loss at batch 65800: 0.110324, 	throughput: 18 samples/sec
Average loss at batch 65900: 0.118497, 	throughput: 18 samples/sec
Average loss at batch 66000: 0.149716, 	throughput: 18 samples/sec
Average loss at batch 66100: 0.194086, 	throughput: 18 samples/sec
Average loss at batch 66200: 0.300615, 	throughput: 18 samples/sec
Average loss at batch 66300: 0.176780, 	throughput: 19 samples/sec
Average loss at batch 66400: 0.194019, 	throughput: 19 samples/sec
Average loss at batch 66500: 0.121544, 	throughput: 19 samples/sec
Average loss at batch 66600: 0.167911, 	throughput: 18 samples/sec
Average loss at batch 66700: 0.305091, 	throughput: 18 samples/sec
Average loss at batch 66800: 0.292137, 	throughput: 19 samples/sec
Average loss at batch 66900: 0.214228, 	throughput: 18 samples/sec
Average loss at batch 67000: 0.168041, 	throughput: 18 samples/sec
Average loss at batch 67100: 0.153861, 	throughput: 19 samples/sec
Average loss at batch 67200: 0.164067, 	throughput: 19 samples/sec
Average loss at batch 67300: 0.162445, 	throughput: 18 samples/sec
Average loss at batch 67400: 0.206404, 	throughput: 18 samples/sec
Average loss at batch 67500: 0.265718, 	throughput: 18 samples/sec
Average loss at batch 67600: 0.468145, 	throughput: 18 samples/sec
Average loss at batch 67700: 0.254322, 	throughput: 18 samples/sec
Average loss at batch 67800: 0.344749, 	throughput: 19 samples/sec
Average loss at batch 67900: 0.384278, 	throughput: 19 samples/sec
Average loss at batch 68000: 0.213726, 	throughput: 19 samples/sec
Average loss at batch 68100: 0.293688, 	throughput: 19 samples/sec
Average loss at batch 68200: 0.246280, 	throughput: 19 samples/sec
Average loss at batch 68300: 0.282279, 	throughput: 19 samples/sec
Average loss at batch 68400: 0.348563, 	throughput: 19 samples/sec
Average loss at batch 68500: 0.214133, 	throughput: 19 samples/sec
Average loss at batch 68600: 0.128766, 	throughput: 19 samples/sec
Average loss at batch 68700: 0.089664, 	throughput: 19 samples/sec
Average loss at batch 68800: 0.095997, 	throughput: 19 samples/sec
Average loss at batch 68900: 0.237552, 	throughput: 19 samples/sec
Average loss at batch 69000: 0.317136, 	throughput: 19 samples/sec
Average loss at batch 69100: 0.254135, 	throughput: 18 samples/sec
Average loss at batch 69200: 0.216357, 	throughput: 19 samples/sec
Average loss at batch 69300: 0.313943, 	throughput: 19 samples/sec
Average loss at batch 69400: 0.313518, 	throughput: 18 samples/sec
Average loss at batch 69500: 0.287141, 	throughput: 18 samples/sec
Average loss at batch 69600: 0.217878, 	throughput: 18 samples/sec
Average loss at batch 69700: 0.249519, 	throughput: 18 samples/sec
Average loss at batch 69800: 0.264691, 	throughput: 18 samples/sec
Average loss at batch 69900: 0.239876, 	throughput: 18 samples/sec
Average loss at batch 70000: 0.383535, 	throughput: 18 samples/sec
Average loss at batch 70100: 0.320973, 	throughput: 18 samples/sec
Average loss at batch 70200: 0.330192, 	throughput: 18 samples/sec
Average loss at batch 70300: 0.442313, 	throughput: 18 samples/sec
Average loss at batch 70400: 0.362638, 	throughput: 18 samples/sec
Average loss at batch 70500: 0.296183, 	throughput: 18 samples/sec
Average loss at batch 70600: 0.245028, 	throughput: 18 samples/sec
Average loss at batch 70700: 0.273033, 	throughput: 18 samples/sec
Average loss at batch 70800: 0.201570, 	throughput: 18 samples/sec
Average loss at batch 70900: 0.402983, 	throughput: 18 samples/sec
Average loss at batch 71000: 0.250940, 	throughput: 18 samples/sec
Average loss at batch 71100: 0.221958, 	throughput: 19 samples/sec
Average loss at batch 71200: 0.227598, 	throughput: 19 samples/sec
Average loss at batch 71300: 0.210737, 	throughput: 18 samples/sec
Average loss at batch 71400: 0.198528, 	throughput: 19 samples/sec
Average loss at batch 71500: 0.238910, 	throughput: 18 samples/sec
Average loss at batch 71600: 0.153240, 	throughput: 18 samples/sec
Average loss at batch 71700: 0.134115, 	throughput: 18 samples/sec
Finished 1 epochs
Prediction throughput: 90
Prediction throughput: 90
Prediction throughput: 96
Prediction throughput: 94
Prediction throughput: 94
Done testing, epoch reached
Evaluation time: 0h24m27s
Accuracy after 9 epochs: 0.08569
After 9 epochs: Precision: 0.23308, recall: 0.11783, F1: 0.15653
Rouge:  -1
Saved after 9 epochs in: models/dpdk_just_paths/model_iter9
Average loss at batch 71800: 0.148595, 	throughput: 3 samples/sec
Average loss at batch 71900: 0.131724, 	throughput: 18 samples/sec
Average loss at batch 72000: 0.257538, 	throughput: 17 samples/sec
Average loss at batch 72100: 0.195175, 	throughput: 17 samples/sec
Average loss at batch 72200: 0.227627, 	throughput: 17 samples/sec
Average loss at batch 72300: 0.204400, 	throughput: 17 samples/sec
Average loss at batch 72400: 0.211929, 	throughput: 17 samples/sec
Average loss at batch 72500: 0.143329, 	throughput: 17 samples/sec
Average loss at batch 72600: 0.124698, 	throughput: 17 samples/sec
Average loss at batch 72700: 0.152024, 	throughput: 17 samples/sec
Average loss at batch 72800: 0.187051, 	throughput: 17 samples/sec
Average loss at batch 72900: 0.146526, 	throughput: 17 samples/sec
Average loss at batch 73000: 0.100403, 	throughput: 17 samples/sec
Average loss at batch 73100: 0.158920, 	throughput: 17 samples/sec
Average loss at batch 73200: 0.138365, 	throughput: 17 samples/sec
Traceback (most recent call last):
  File "/home/carolhanna/miniconda3/lib/python3.7/site-packages/tensorflow/python/client/session.py", line 1356, in _do_call
    return fn(*args)
  File "/home/carolhanna/miniconda3/lib/python3.7/site-packages/tensorflow/python/client/session.py", line 1341, in _run_fn
    options, feed_dict, fetch_list, target_list, run_metadata)
  File "/home/carolhanna/miniconda3/lib/python3.7/site-packages/tensorflow/python/client/session.py", line 1429, in _call_tf_sessionrun
    run_metadata)
tensorflow.python.framework.errors_impl.InvalidArgumentError: Expect 1001 fields but have 371 in record
	 [[{{node IteratorGetNext}}]]

During handling of the above exception, another exception occurred:

Traceback (most recent call last):
  File "code2seq.py", line 45, in <module>
    model.train()
  File "/home/carolhanna/Security_Project/6_9/binary2name/code2seq/model.py", line 96, in train
    _, batch_loss = self.sess.run([optimizer, train_loss])
  File "/home/carolhanna/miniconda3/lib/python3.7/site-packages/tensorflow/python/client/session.py", line 950, in run
    run_metadata_ptr)
  File "/home/carolhanna/miniconda3/lib/python3.7/site-packages/tensorflow/python/client/session.py", line 1173, in _run
    feed_dict_tensor, options, run_metadata)
  File "/home/carolhanna/miniconda3/lib/python3.7/site-packages/tensorflow/python/client/session.py", line 1350, in _do_run
    run_metadata)
  File "/home/carolhanna/miniconda3/lib/python3.7/site-packages/tensorflow/python/client/session.py", line 1370, in _do_call
    raise type(e)(node_def, op, message)
tensorflow.python.framework.errors_impl.InvalidArgumentError: Expect 1001 fields but have 371 in record
	 [[node IteratorGetNext (defined at /home/carolhanna/Security_Project/6_9/binary2name/code2seq/reader.py:192) ]]

Errors may have originated from an input operation.
Input Source operations connected to node IteratorGetNext:
 IteratorV2 (defined at /home/carolhanna/Security_Project/6_9/binary2name/code2seq/reader.py:190)

Original stack trace for 'IteratorGetNext':
  File "code2seq.py", line 45, in <module>
    model.train()
  File "/home/carolhanna/Security_Project/6_9/binary2name/code2seq/model.py", line 77, in train
    config=self.config)
  File "/home/carolhanna/Security_Project/6_9/binary2name/code2seq/reader.py", line 43, in __init__
    self.output_tensors = self.compute_output()
  File "/home/carolhanna/Security_Project/6_9/binary2name/code2seq/reader.py", line 192, in compute_output
    return self.iterator.get_next()
  File "/home/carolhanna/miniconda3/lib/python3.7/site-packages/tensorflow/python/data/ops/iterator_ops.py", line 426, in get_next
    output_shapes=self._structure._flat_shapes, name=name)
  File "/home/carolhanna/miniconda3/lib/python3.7/site-packages/tensorflow/python/ops/gen_dataset_ops.py", line 1947, in iterator_get_next
    output_shapes=output_shapes, name=name)
  File "/home/carolhanna/miniconda3/lib/python3.7/site-packages/tensorflow/python/framework/op_def_library.py", line 788, in _apply_op_helper
    op_def=op_def)
  File "/home/carolhanna/miniconda3/lib/python3.7/site-packages/tensorflow/python/util/deprecation.py", line 507, in new_func
    return func(*args, **kwargs)
  File "/home/carolhanna/miniconda3/lib/python3.7/site-packages/tensorflow/python/framework/ops.py", line 3616, in create_op
    op_def=op_def)
  File "/home/carolhanna/miniconda3/lib/python3.7/site-packages/tensorflow/python/framework/ops.py", line 2005, in __init__
    self._traceback = tf_stack.extract_stack()

