/home/carolhanna/miniconda3/lib/python3.7/site-packages/tensorflow/python/framework/dtypes.py:516: FutureWarning: Passing (type, 1) or '1type' as a synonym of type is deprecated; in a future version of numpy, it will be understood as (type, (1,)) / '(1,)type'.
  _np_qint8 = np.dtype([("qint8", np.int8, 1)])
/home/carolhanna/miniconda3/lib/python3.7/site-packages/tensorflow/python/framework/dtypes.py:517: FutureWarning: Passing (type, 1) or '1type' as a synonym of type is deprecated; in a future version of numpy, it will be understood as (type, (1,)) / '(1,)type'.
  _np_quint8 = np.dtype([("quint8", np.uint8, 1)])
/home/carolhanna/miniconda3/lib/python3.7/site-packages/tensorflow/python/framework/dtypes.py:518: FutureWarning: Passing (type, 1) or '1type' as a synonym of type is deprecated; in a future version of numpy, it will be understood as (type, (1,)) / '(1,)type'.
  _np_qint16 = np.dtype([("qint16", np.int16, 1)])
/home/carolhanna/miniconda3/lib/python3.7/site-packages/tensorflow/python/framework/dtypes.py:519: FutureWarning: Passing (type, 1) or '1type' as a synonym of type is deprecated; in a future version of numpy, it will be understood as (type, (1,)) / '(1,)type'.
  _np_quint16 = np.dtype([("quint16", np.uint16, 1)])
/home/carolhanna/miniconda3/lib/python3.7/site-packages/tensorflow/python/framework/dtypes.py:520: FutureWarning: Passing (type, 1) or '1type' as a synonym of type is deprecated; in a future version of numpy, it will be understood as (type, (1,)) / '(1,)type'.
  _np_qint32 = np.dtype([("qint32", np.int32, 1)])
/home/carolhanna/miniconda3/lib/python3.7/site-packages/tensorflow/python/framework/dtypes.py:525: FutureWarning: Passing (type, 1) or '1type' as a synonym of type is deprecated; in a future version of numpy, it will be understood as (type, (1,)) / '(1,)type'.
  np_resource = np.dtype([("resource", np.ubyte, 1)])
/home/carolhanna/miniconda3/lib/python3.7/site-packages/tensorboard/compat/tensorflow_stub/dtypes.py:541: FutureWarning: Passing (type, 1) or '1type' as a synonym of type is deprecated; in a future version of numpy, it will be understood as (type, (1,)) / '(1,)type'.
  _np_qint8 = np.dtype([("qint8", np.int8, 1)])
/home/carolhanna/miniconda3/lib/python3.7/site-packages/tensorboard/compat/tensorflow_stub/dtypes.py:542: FutureWarning: Passing (type, 1) or '1type' as a synonym of type is deprecated; in a future version of numpy, it will be understood as (type, (1,)) / '(1,)type'.
  _np_quint8 = np.dtype([("quint8", np.uint8, 1)])
/home/carolhanna/miniconda3/lib/python3.7/site-packages/tensorboard/compat/tensorflow_stub/dtypes.py:543: FutureWarning: Passing (type, 1) or '1type' as a synonym of type is deprecated; in a future version of numpy, it will be understood as (type, (1,)) / '(1,)type'.
  _np_qint16 = np.dtype([("qint16", np.int16, 1)])
/home/carolhanna/miniconda3/lib/python3.7/site-packages/tensorboard/compat/tensorflow_stub/dtypes.py:544: FutureWarning: Passing (type, 1) or '1type' as a synonym of type is deprecated; in a future version of numpy, it will be understood as (type, (1,)) / '(1,)type'.
  _np_quint16 = np.dtype([("quint16", np.uint16, 1)])
/home/carolhanna/miniconda3/lib/python3.7/site-packages/tensorboard/compat/tensorflow_stub/dtypes.py:545: FutureWarning: Passing (type, 1) or '1type' as a synonym of type is deprecated; in a future version of numpy, it will be understood as (type, (1,)) / '(1,)type'.
  _np_qint32 = np.dtype([("qint32", np.int32, 1)])
/home/carolhanna/miniconda3/lib/python3.7/site-packages/tensorboard/compat/tensorflow_stub/dtypes.py:550: FutureWarning: Passing (type, 1) or '1type' as a synonym of type is deprecated; in a future version of numpy, it will be understood as (type, (1,)) / '(1,)type'.
  np_resource = np.dtype([("resource", np.ubyte, 1)])
WARNING:tensorflow:From code2seq.py:29: The name tf.set_random_seed is deprecated. Please use tf.compat.v1.set_random_seed instead.

Namespace(data_path='./data/really_final_constantless/really_final_constantless', debug=False, load_path=None, predict=False, release=False, save_path_prefix='./models/really_final_constantless/model', seed=239, test_path='./data/really_final_constantless/really_final_constantless.val.c2s')
WARNING:tensorflow:From /home/carolhanna/Security_Project/merged/binary2name/code2seq/model.py:20: The name tf.Session is deprecated. Please use tf.compat.v1.Session instead.

2020-05-17 13:37:53.564244: I tensorflow/core/platform/cpu_feature_guard.cc:142] Your CPU supports instructions that this TensorFlow binary was not compiled to use: AVX2 FMA
2020-05-17 13:37:53.603799: I tensorflow/core/platform/profile_utils/cpu_utils.cc:94] CPU Frequency: 2100015000 Hz
2020-05-17 13:37:53.619161: I tensorflow/compiler/xla/service/service.cc:168] XLA service 0x55b861485a60 executing computations on platform Host. Devices:
2020-05-17 13:37:53.619216: I tensorflow/compiler/xla/service/service.cc:175]   StreamExecutor device (0): <undefined>, <undefined>
Dictionaries loaded.
Loaded subtoken vocab. size: 3
Loaded target word vocab. size: 33
Loaded nodes vocab. size: 245
Created model
Starting training
WARNING:tensorflow:
The TensorFlow contrib module will not be included in TensorFlow 2.0.
For more information, please see:
  * https://github.com/tensorflow/community/blob/master/rfcs/20180907-contrib-sunset.md
  * https://github.com/tensorflow/addons
  * https://github.com/tensorflow/io (for I/O related ops)
If you depend on functionality not listed there, please file an issue.

WARNING:tensorflow:From /home/carolhanna/miniconda3/lib/python3.7/site-packages/tensorflow/python/data/util/random_seed.py:58: add_dispatch_support.<locals>.wrapper (from tensorflow.python.ops.array_ops) is deprecated and will be removed in a future version.
Instructions for updating:
Use tf.where in 2.0, which has the same broadcast rule as np.where
WARNING:tensorflow:From /home/carolhanna/Security_Project/merged/binary2name/code2seq/reader.py:188: map_and_batch (from tensorflow.python.data.experimental.ops.batching) is deprecated and will be removed in a future version.
Instructions for updating:
Use `tf.data.Dataset.map(map_func, num_parallel_calls)` followed by `tf.data.Dataset.batch(batch_size, drop_remainder)`. Static tf.data optimizations will take care of using the fused implementation.
WARNING:tensorflow:From /home/carolhanna/Security_Project/merged/binary2name/code2seq/reader.py:92: calling string_split (from tensorflow.python.ops.ragged.ragged_string_ops) with delimiter is deprecated and will be removed in a future version.
Instructions for updating:
delimiter is deprecated, please use sep instead.
WARNING:tensorflow:From /home/carolhanna/Security_Project/merged/binary2name/code2seq/reader.py:101: to_int64 (from tensorflow.python.ops.math_ops) is deprecated and will be removed in a future version.
Instructions for updating:
Use `tf.cast` instead.
WARNING:tensorflow:From /home/carolhanna/Security_Project/merged/binary2name/code2seq/reader.py:161: to_float (from tensorflow.python.ops.math_ops) is deprecated and will be removed in a future version.
Instructions for updating:
Use `tf.cast` instead.
WARNING:tensorflow:From /home/carolhanna/Security_Project/merged/binary2name/code2seq/reader.py:190: DatasetV1.make_initializable_iterator (from tensorflow.python.data.ops.dataset_ops) is deprecated and will be removed in a future version.
Instructions for updating:
Use `for ... in dataset:` to iterate over a dataset. If using `tf.estimator`, return the `Dataset` object directly from your input function. As a last resort, you can use `tf.compat.v1.data.make_initializable_iterator(dataset)`.
WARNING:tensorflow:From /home/carolhanna/Security_Project/merged/binary2name/code2seq/model.py:345: The name tf.variable_scope is deprecated. Please use tf.compat.v1.variable_scope instead.

WARNING:tensorflow:From /home/carolhanna/Security_Project/merged/binary2name/code2seq/model.py:346: The name tf.get_variable is deprecated. Please use tf.compat.v1.get_variable instead.

WARNING:tensorflow:From /home/carolhanna/Security_Project/merged/binary2name/code2seq/model.py:483: LSTMCell.__init__ (from tensorflow.python.ops.rnn_cell_impl) is deprecated and will be removed in a future version.
Instructions for updating:
This class is equivalent as tf.keras.layers.LSTMCell, and will be replaced by that in Tensorflow 2.0.
WARNING:tensorflow:From /home/carolhanna/Security_Project/merged/binary2name/code2seq/model.py:486: The name tf.nn.rnn_cell.DropoutWrapper is deprecated. Please use tf.compat.v1.nn.rnn_cell.DropoutWrapper instead.

WARNING:tensorflow:From /home/carolhanna/Security_Project/merged/binary2name/code2seq/model.py:495: bidirectional_dynamic_rnn (from tensorflow.python.ops.rnn) is deprecated and will be removed in a future version.
Instructions for updating:
Please use `keras.layers.Bidirectional(keras.layers.RNN(cell))`, which is equivalent to this API
WARNING:tensorflow:From /home/carolhanna/miniconda3/lib/python3.7/site-packages/tensorflow/python/ops/rnn.py:464: dynamic_rnn (from tensorflow.python.ops.rnn) is deprecated and will be removed in a future version.
Instructions for updating:
Please use `keras.layers.RNN(cell)`, which is equivalent to this API
WARNING:tensorflow:From /home/carolhanna/miniconda3/lib/python3.7/site-packages/tensorflow/python/ops/init_ops.py:1251: calling VarianceScaling.__init__ (from tensorflow.python.ops.init_ops) with dtype is deprecated and will be removed in a future version.
Instructions for updating:
Call initializer instance with the dtype argument instead of passing it to the constructor
WARNING:tensorflow:From /home/carolhanna/miniconda3/lib/python3.7/site-packages/tensorflow/python/ops/rnn_cell_impl.py:961: calling Zeros.__init__ (from tensorflow.python.ops.init_ops) with dtype is deprecated and will be removed in a future version.
Instructions for updating:
Call initializer instance with the dtype argument instead of passing it to the constructor
WARNING:tensorflow:From /home/carolhanna/Security_Project/merged/binary2name/code2seq/model.py:539: calling dropout (from tensorflow.python.ops.nn_ops) with keep_prob is deprecated and will be removed in a future version.
Instructions for updating:
Please use `rate` instead of `keep_prob`. Rate should be set to `rate = 1 - keep_prob`.
WARNING:tensorflow:From /home/carolhanna/Security_Project/merged/binary2name/code2seq/model.py:542: dense (from tensorflow.python.layers.core) is deprecated and will be removed in a future version.
Instructions for updating:
Use keras.layers.dense instead.
WARNING:tensorflow:From /home/carolhanna/miniconda3/lib/python3.7/site-packages/tensorflow/python/util/deprecation.py:507: calling count_nonzero (from tensorflow.python.ops.math_ops) with axis is deprecated and will be removed in a future version.
Instructions for updating:
reduction_indices is deprecated, use axis instead
WARNING:tensorflow:From /home/carolhanna/Security_Project/merged/binary2name/code2seq/model.py:409: MultiRNNCell.__init__ (from tensorflow.python.ops.rnn_cell_impl) is deprecated and will be removed in a future version.
Instructions for updating:
This class is equivalent as tf.keras.layers.StackedRNNCells, and will be replaced by that in Tensorflow 2.0.
WARNING:tensorflow:From /home/carolhanna/Security_Project/merged/binary2name/code2seq/model.py:414: The name tf.nn.rnn_cell.LSTMStateTuple is deprecated. Please use tf.compat.v1.nn.rnn_cell.LSTMStateTuple instead.

WARNING:tensorflow:From /home/carolhanna/Security_Project/merged/binary2name/code2seq/model.py:416: The name tf.layers.Dense is deprecated. Please use tf.compat.v1.layers.Dense instead.

WARNING:tensorflow:From /home/carolhanna/Security_Project/merged/binary2name/code2seq/model.py:386: The name tf.train.exponential_decay is deprecated. Please use tf.compat.v1.train.exponential_decay instead.

WARNING:tensorflow:From /home/carolhanna/Security_Project/merged/binary2name/code2seq/model.py:389: The name tf.train.MomentumOptimizer is deprecated. Please use tf.compat.v1.train.MomentumOptimizer instead.

WARNING:tensorflow:From /home/carolhanna/Security_Project/merged/binary2name/code2seq/model.py:398: The name tf.train.Saver is deprecated. Please use tf.compat.v1.train.Saver instead.

Training batch size:			 128
Dataset path:				 ./data/really_final_constantless/really_final_constantless
Training file path:			 ./data/really_final_constantless/really_final_constantless.train.c2s
Validation path:			 ./data/really_final_constantless/really_final_constantless.val.c2s
Taking max contexts from each example:	 10
Random path sampling:			 False
Embedding size:				 128
Using BiLSTMs, each of size:		 128
Decoder size:				 320
Decoder layers:				 1
Max path lengths:			 850
Max subtokens in a token:		 1
Max target length:			 6
Embeddings dropout keep_prob:		 0.75
LSTM dropout keep_prob:			 0.5
============================================
WARNING:tensorflow:From /home/carolhanna/Security_Project/merged/binary2name/code2seq/model.py:81: The name tf.trainable_variables is deprecated. Please use tf.compat.v1.trainable_variables instead.

Number of trainable params: 1765056
2020-05-17 13:38:00.792675: W tensorflow/compiler/jit/mark_for_compilation_pass.cc:1412] (One-time warning): Not using XLA:CPU for cluster because envvar TF_XLA_FLAGS=--tf_xla_cpu_global_jit was not set.  If you want XLA:CPU, either set that envvar, or use experimental_jit_scope to enable XLA:CPU.  To confirm that XLA is active, pass --vmodule=xla_compilation_cache=1 (as a proper command-line flag, not via TF_XLA_FLAGS) or set the envvar XLA_FLAGS=--xla_hlo_profile.
Initalized variables
Started reader...
Average loss at batch 100: 7.205965, 	throughput: 19 samples/sec
Average loss at batch 200: 6.253828, 	throughput: 21 samples/sec
Average loss at batch 300: 6.106300, 	throughput: 21 samples/sec
Finished 1 epochs
Done testing, epoch reached
Evaluation time: 0h3m56s
Accuracy after 1 epochs: 0.00000
After 1 epochs: Precision: 0.00000, recall: 0.00000, F1: 0.00000
Rouge:  -1
Average loss at batch 400: 5.516629, 	throughput: 15 samples/sec
Average loss at batch 500: 4.506975, 	throughput: 21 samples/sec
Average loss at batch 600: 4.232984, 	throughput: 21 samples/sec
Average loss at batch 700: 4.425490, 	throughput: 21 samples/sec
Finished 1 epochs
Done testing, epoch reached
Evaluation time: 0h3m49s
Accuracy after 2 epochs: 0.01591
After 2 epochs: Precision: 0.34683, recall: 0.04169, F1: 0.07444
Rouge:  -1
Saved after 2 epochs in: ./models/really_final_constantless/model_iter2
Average loss at batch 800: 3.593342, 	throughput: 15 samples/sec
Average loss at batch 900: 3.093828, 	throughput: 21 samples/sec
Average loss at batch 1000: 3.031771, 	throughput: 22 samples/sec
Finished 1 epochs
Done testing, epoch reached
Evaluation time: 0h3m48s
Accuracy after 3 epochs: 0.01665
After 3 epochs: Precision: 0.22006, recall: 0.07950, F1: 0.11680
Rouge:  -1
Saved after 3 epochs in: ./models/really_final_constantless/model_iter3
Average loss at batch 1100: 2.758960, 	throughput: 15 samples/sec
Average loss at batch 1200: 2.264255, 	throughput: 21 samples/sec
Average loss at batch 1300: 1.830499, 	throughput: 22 samples/sec
Average loss at batch 1400: 2.647638, 	throughput: 22 samples/sec
Finished 1 epochs
Done testing, epoch reached
Evaluation time: 0h3m50s
Accuracy after 4 epochs: 0.01591
After 4 epochs: Precision: 0.16374, recall: 0.05935, F1: 0.08713
Rouge:  -1
Average loss at batch 1500: 2.202540, 	throughput: 15 samples/sec
Average loss at batch 1600: 1.348745, 	throughput: 20 samples/sec
Average loss at batch 1700: 1.379496, 	throughput: 19 samples/sec
Average loss at batch 1800: 1.367355, 	throughput: 19 samples/sec
Finished 1 epochs
Done testing, epoch reached
Evaluation time: 0h4m29s
Accuracy after 5 epochs: 0.04740
After 5 epochs: Precision: 0.26801, recall: 0.11868, F1: 0.16451
Rouge:  -1
Saved after 5 epochs in: ./models/really_final_constantless/model_iter5
Average loss at batch 1900: 1.195214, 	throughput: 13 samples/sec
Average loss at batch 2000: 0.910783, 	throughput: 19 samples/sec
Average loss at batch 2100: 1.037845, 	throughput: 19 samples/sec
Finished 1 epochs
Done testing, epoch reached
Evaluation time: 0h4m34s
Accuracy after 6 epochs: 0.01679
After 6 epochs: Precision: 0.30721, recall: 0.10659, F1: 0.15827
Rouge:  -1
Average loss at batch 2200: 0.958032, 	throughput: 13 samples/sec
Average loss at batch 2300: 0.687056, 	throughput: 18 samples/sec
Average loss at batch 2400: 0.675146, 	throughput: 19 samples/sec
Average loss at batch 2500: 0.728254, 	throughput: 19 samples/sec
Finished 1 epochs
Done testing, epoch reached
Evaluation time: 0h4m24s
Accuracy after 7 epochs: 0.04889
After 7 epochs: Precision: 0.37171, recall: 0.11840, F1: 0.17959
Rouge:  -1
Saved after 7 epochs in: ./models/really_final_constantless/model_iter7
Average loss at batch 2600: 0.591154, 	throughput: 13 samples/sec
Average loss at batch 2700: 0.400181, 	throughput: 19 samples/sec
Average loss at batch 2800: 0.517558, 	throughput: 19 samples/sec
Finished 1 epochs
Done testing, epoch reached
Evaluation time: 0h4m37s
Accuracy after 8 epochs: 0.04889
After 8 epochs: Precision: 0.35282, recall: 0.11692, F1: 0.17564
Rouge:  -1
Average loss at batch 2900: 0.513873, 	throughput: 13 samples/sec
Average loss at batch 3000: 0.393183, 	throughput: 19 samples/sec
Average loss at batch 3100: 0.336695, 	throughput: 19 samples/sec
Average loss at batch 3200: 0.441924, 	throughput: 19 samples/sec
Finished 1 epochs
Done testing, epoch reached
Evaluation time: 0h4m27s
Accuracy after 9 epochs: 0.04889
After 9 epochs: Precision: 0.38733, recall: 0.11666, F1: 0.17931
Rouge:  -1
Average loss at batch 3300: 0.401002, 	throughput: 13 samples/sec
Average loss at batch 3400: 0.273100, 	throughput: 19 samples/sec
Average loss at batch 3500: 0.345658, 	throughput: 19 samples/sec
Average loss at batch 3600: 0.377861, 	throughput: 19 samples/sec
Finished 1 epochs
Done testing, epoch reached
Evaluation time: 0h4m28s
Accuracy after 10 epochs: 0.04894
After 10 epochs: Precision: 0.35317, recall: 0.11495, F1: 0.17345
Rouge:  -1
Average loss at batch 3700: 0.310067, 	throughput: 13 samples/sec
Average loss at batch 3800: 0.236038, 	throughput: 19 samples/sec
Average loss at batch 3900: 0.328076, 	throughput: 19 samples/sec
Finished 1 epochs
Done testing, epoch reached
Evaluation time: 0h4m27s
Accuracy after 11 epochs: 0.04894
After 11 epochs: Precision: 0.43562, recall: 0.11731, F1: 0.18484
Rouge:  -1
Saved after 11 epochs in: ./models/really_final_constantless/model_iter11
Average loss at batch 4000: 0.332775, 	throughput: 13 samples/sec
Average loss at batch 4100: 0.224554, 	throughput: 20 samples/sec
Average loss at batch 4200: 0.249645, 	throughput: 20 samples/sec
Average loss at batch 4300: 0.300365, 	throughput: 20 samples/sec
Finished 1 epochs
Done testing, epoch reached
Evaluation time: 0h4m20s
Accuracy after 12 epochs: 0.04894
After 12 epochs: Precision: 0.40250, recall: 0.12598, F1: 0.19190
Rouge:  -1
Saved after 12 epochs in: ./models/really_final_constantless/model_iter12
Average loss at batch 4400: 0.269813, 	throughput: 14 samples/sec
Average loss at batch 4500: 0.189496, 	throughput: 20 samples/sec
Average loss at batch 4600: 0.272970, 	throughput: 20 samples/sec
Average loss at batch 4700: 0.305078, 	throughput: 20 samples/sec
Finished 1 epochs
Done testing, epoch reached
Evaluation time: 0h4m18s
Accuracy after 13 epochs: 0.04894
After 13 epochs: Precision: 0.34411, recall: 0.11384, F1: 0.17108
Rouge:  -1
Average loss at batch 4800: 0.216508, 	throughput: 14 samples/sec
Average loss at batch 4900: 0.185780, 	throughput: 20 samples/sec
Average loss at batch 5000: 0.255497, 	throughput: 20 samples/sec
Finished 1 epochs
Done testing, epoch reached
Evaluation time: 0h4m21s
Accuracy after 14 epochs: 0.04894
After 14 epochs: Precision: 0.35082, recall: 0.11412, F1: 0.17222
Rouge:  -1
Average loss at batch 5100: 0.240486, 	throughput: 14 samples/sec
Average loss at batch 5200: 0.165662, 	throughput: 20 samples/sec
Average loss at batch 5300: 0.209312, 	throughput: 20 samples/sec
Average loss at batch 5400: 0.248324, 	throughput: 19 samples/sec
Finished 1 epochs
Done testing, epoch reached
Evaluation time: 0h4m16s
Accuracy after 15 epochs: 0.04894
After 15 epochs: Precision: 0.34932, recall: 0.12259, F1: 0.18149
Rouge:  -1
Average loss at batch 5500: 0.191326, 	throughput: 14 samples/sec
Average loss at batch 5600: 0.151256, 	throughput: 19 samples/sec
Average loss at batch 5700: 0.218006, 	throughput: 19 samples/sec
Finished 1 epochs
Done testing, epoch reached
Evaluation time: 0h4m34s
Accuracy after 16 epochs: 0.04889
After 16 epochs: Precision: 0.44197, recall: 0.11301, F1: 0.18000
Rouge:  -1
Average loss at batch 5800: 0.241258, 	throughput: 13 samples/sec
Average loss at batch 5900: 0.163481, 	throughput: 18 samples/sec
Average loss at batch 6000: 0.165188, 	throughput: 19 samples/sec
Average loss at batch 6100: 0.213111, 	throughput: 19 samples/sec
Finished 1 epochs
Done testing, epoch reached
Evaluation time: 0h4m34s
Accuracy after 17 epochs: 0.04912
After 17 epochs: Precision: 0.40216, recall: 0.12544, F1: 0.19123
Rouge:  -1
Average loss at batch 6200: 0.187235, 	throughput: 13 samples/sec
Average loss at batch 6300: 0.148217, 	throughput: 19 samples/sec
Average loss at batch 6400: 0.200454, 	throughput: 19 samples/sec
Average loss at batch 6500: 0.202316, 	throughput: 19 samples/sec
Finished 1 epochs
Done testing, epoch reached
Evaluation time: 0h4m36s
Accuracy after 18 epochs: 0.04917
After 18 epochs: Precision: 0.40653, recall: 0.12541, F1: 0.19169
Rouge:  -1
Average loss at batch 6600: 0.154368, 	throughput: 13 samples/sec
Average loss at batch 6700: 0.135642, 	throughput: 19 samples/sec
Average loss at batch 6800: 0.189478, 	throughput: 19 samples/sec
Finished 1 epochs
Done testing, epoch reached
Evaluation time: 0h4m31s
Accuracy after 19 epochs: 0.04912
After 19 epochs: Precision: 0.38689, recall: 0.12472, F1: 0.18863
Rouge:  -1
Average loss at batch 6900: 0.181651, 	throughput: 13 samples/sec
Average loss at batch 7000: 0.128769, 	throughput: 18 samples/sec
Average loss at batch 7100: 0.150522, 	throughput: 19 samples/sec
Average loss at batch 7200: 0.175513, 	throughput: 19 samples/sec
Finished 1 epochs
Done testing, epoch reached
Evaluation time: 0h4m34s
Accuracy after 20 epochs: 0.04912
After 20 epochs: Precision: 0.37983, recall: 0.12945, F1: 0.19310
Rouge:  -1
Saved after 20 epochs in: ./models/really_final_constantless/model_iter20
Saved after 20 epochs in: ./models/really_final_constantless/model.final_iter20
Model saved in file: ./models/really_final_constantless/model
Training time: 14h18m33s

