660
125
/home/carolhanna/miniconda3/lib/python3.7/site-packages/tensorflow/python/framework/dtypes.py:516: FutureWarning: Passing (type, 1) or '1type' as a synonym of type is deprecated; in a future version of numpy, it will be understood as (type, (1,)) / '(1,)type'.
  _np_qint8 = np.dtype([("qint8", np.int8, 1)])
/home/carolhanna/miniconda3/lib/python3.7/site-packages/tensorflow/python/framework/dtypes.py:517: FutureWarning: Passing (type, 1) or '1type' as a synonym of type is deprecated; in a future version of numpy, it will be understood as (type, (1,)) / '(1,)type'.
  _np_quint8 = np.dtype([("quint8", np.uint8, 1)])
/home/carolhanna/miniconda3/lib/python3.7/site-packages/tensorflow/python/framework/dtypes.py:518: FutureWarning: Passing (type, 1) or '1type' as a synonym of type is deprecated; in a future version of numpy, it will be understood as (type, (1,)) / '(1,)type'.
  _np_qint16 = np.dtype([("qint16", np.int16, 1)])
/home/carolhanna/miniconda3/lib/python3.7/site-packages/tensorflow/python/framework/dtypes.py:519: FutureWarning: Passing (type, 1) or '1type' as a synonym of type is deprecated; in a future version of numpy, it will be understood as (type, (1,)) / '(1,)type'.
  _np_quint16 = np.dtype([("quint16", np.uint16, 1)])
/home/carolhanna/miniconda3/lib/python3.7/site-packages/tensorflow/python/framework/dtypes.py:520: FutureWarning: Passing (type, 1) or '1type' as a synonym of type is deprecated; in a future version of numpy, it will be understood as (type, (1,)) / '(1,)type'.
  _np_qint32 = np.dtype([("qint32", np.int32, 1)])
/home/carolhanna/miniconda3/lib/python3.7/site-packages/tensorflow/python/framework/dtypes.py:525: FutureWarning: Passing (type, 1) or '1type' as a synonym of type is deprecated; in a future version of numpy, it will be understood as (type, (1,)) / '(1,)type'.
  np_resource = np.dtype([("resource", np.ubyte, 1)])
/home/carolhanna/miniconda3/lib/python3.7/site-packages/tensorboard/compat/tensorflow_stub/dtypes.py:541: FutureWarning: Passing (type, 1) or '1type' as a synonym of type is deprecated; in a future version of numpy, it will be understood as (type, (1,)) / '(1,)type'.
  _np_qint8 = np.dtype([("qint8", np.int8, 1)])
/home/carolhanna/miniconda3/lib/python3.7/site-packages/tensorboard/compat/tensorflow_stub/dtypes.py:542: FutureWarning: Passing (type, 1) or '1type' as a synonym of type is deprecated; in a future version of numpy, it will be understood as (type, (1,)) / '(1,)type'.
  _np_quint8 = np.dtype([("quint8", np.uint8, 1)])
/home/carolhanna/miniconda3/lib/python3.7/site-packages/tensorboard/compat/tensorflow_stub/dtypes.py:543: FutureWarning: Passing (type, 1) or '1type' as a synonym of type is deprecated; in a future version of numpy, it will be understood as (type, (1,)) / '(1,)type'.
  _np_qint16 = np.dtype([("qint16", np.int16, 1)])
/home/carolhanna/miniconda3/lib/python3.7/site-packages/tensorboard/compat/tensorflow_stub/dtypes.py:544: FutureWarning: Passing (type, 1) or '1type' as a synonym of type is deprecated; in a future version of numpy, it will be understood as (type, (1,)) / '(1,)type'.
  _np_quint16 = np.dtype([("quint16", np.uint16, 1)])
/home/carolhanna/miniconda3/lib/python3.7/site-packages/tensorboard/compat/tensorflow_stub/dtypes.py:545: FutureWarning: Passing (type, 1) or '1type' as a synonym of type is deprecated; in a future version of numpy, it will be understood as (type, (1,)) / '(1,)type'.
  _np_qint32 = np.dtype([("qint32", np.int32, 1)])
/home/carolhanna/miniconda3/lib/python3.7/site-packages/tensorboard/compat/tensorflow_stub/dtypes.py:550: FutureWarning: Passing (type, 1) or '1type' as a synonym of type is deprecated; in a future version of numpy, it will be understood as (type, (1,)) / '(1,)type'.
  np_resource = np.dtype([("resource", np.ubyte, 1)])
WARNING:tensorflow:From code2seq.py:32: The name tf.set_random_seed is deprecated. Please use tf.compat.v1.set_random_seed instead.

Namespace(data_path='data/check_sun/check_sun', debug=False, load_path=None, max_path_len=660, predict=False, release=False, save_path_prefix='models/check_sun/model', seed=239, test_path='data/check_sun/check_sun.val.c2s', vocab_max=125)
WARNING:tensorflow:From /home/carolhanna/Security_Project/check_git/binary2name/code2seq/model.py:20: The name tf.Session is deprecated. Please use tf.compat.v1.Session instead.

2020-06-22 17:45:48.480076: I tensorflow/core/platform/cpu_feature_guard.cc:142] Your CPU supports instructions that this TensorFlow binary was not compiled to use: AVX2 FMA
2020-06-22 17:45:48.511380: I tensorflow/core/platform/profile_utils/cpu_utils.cc:94] CPU Frequency: 2100015000 Hz
2020-06-22 17:45:48.516389: I tensorflow/compiler/xla/service/service.cc:168] XLA service 0x5590ed5a7c90 executing computations on platform Host. Devices:
2020-06-22 17:45:48.516429: I tensorflow/compiler/xla/service/service.cc:175]   StreamExecutor device (0): <undefined>, <undefined>
Dictionaries loaded.
Loaded subtoken vocab. size: 3
Loaded target word vocab. size: 128
Loaded nodes vocab. size: 212
Created model
Starting training
WARNING:tensorflow:
The TensorFlow contrib module will not be included in TensorFlow 2.0.
For more information, please see:
  * https://github.com/tensorflow/community/blob/master/rfcs/20180907-contrib-sunset.md
  * https://github.com/tensorflow/addons
  * https://github.com/tensorflow/io (for I/O related ops)
If you depend on functionality not listed there, please file an issue.

WARNING:tensorflow:From /home/carolhanna/miniconda3/lib/python3.7/site-packages/tensorflow/python/data/util/random_seed.py:58: add_dispatch_support.<locals>.wrapper (from tensorflow.python.ops.array_ops) is deprecated and will be removed in a future version.
Instructions for updating:
Use tf.where in 2.0, which has the same broadcast rule as np.where
WARNING:tensorflow:From /home/carolhanna/Security_Project/check_git/binary2name/code2seq/reader.py:188: map_and_batch (from tensorflow.python.data.experimental.ops.batching) is deprecated and will be removed in a future version.
Instructions for updating:
Use `tf.data.Dataset.map(map_func, num_parallel_calls)` followed by `tf.data.Dataset.batch(batch_size, drop_remainder)`. Static tf.data optimizations will take care of using the fused implementation.
WARNING:tensorflow:From /home/carolhanna/Security_Project/check_git/binary2name/code2seq/reader.py:92: calling string_split (from tensorflow.python.ops.ragged.ragged_string_ops) with delimiter is deprecated and will be removed in a future version.
Instructions for updating:
delimiter is deprecated, please use sep instead.
WARNING:tensorflow:From /home/carolhanna/Security_Project/check_git/binary2name/code2seq/reader.py:101: to_int64 (from tensorflow.python.ops.math_ops) is deprecated and will be removed in a future version.
Instructions for updating:
Use `tf.cast` instead.
WARNING:tensorflow:From /home/carolhanna/Security_Project/check_git/binary2name/code2seq/reader.py:161: to_float (from tensorflow.python.ops.math_ops) is deprecated and will be removed in a future version.
Instructions for updating:
Use `tf.cast` instead.
WARNING:tensorflow:From /home/carolhanna/Security_Project/check_git/binary2name/code2seq/reader.py:190: DatasetV1.make_initializable_iterator (from tensorflow.python.data.ops.dataset_ops) is deprecated and will be removed in a future version.
Instructions for updating:
Use `for ... in dataset:` to iterate over a dataset. If using `tf.estimator`, return the `Dataset` object directly from your input function. As a last resort, you can use `tf.compat.v1.data.make_initializable_iterator(dataset)`.
WARNING:tensorflow:From /home/carolhanna/Security_Project/check_git/binary2name/code2seq/model.py:345: The name tf.variable_scope is deprecated. Please use tf.compat.v1.variable_scope instead.

WARNING:tensorflow:From /home/carolhanna/Security_Project/check_git/binary2name/code2seq/model.py:346: The name tf.get_variable is deprecated. Please use tf.compat.v1.get_variable instead.

WARNING:tensorflow:From /home/carolhanna/Security_Project/check_git/binary2name/code2seq/model.py:483: LSTMCell.__init__ (from tensorflow.python.ops.rnn_cell_impl) is deprecated and will be removed in a future version.
Instructions for updating:
This class is equivalent as tf.keras.layers.LSTMCell, and will be replaced by that in Tensorflow 2.0.
WARNING:tensorflow:From /home/carolhanna/Security_Project/check_git/binary2name/code2seq/model.py:486: The name tf.nn.rnn_cell.DropoutWrapper is deprecated. Please use tf.compat.v1.nn.rnn_cell.DropoutWrapper instead.

WARNING:tensorflow:From /home/carolhanna/Security_Project/check_git/binary2name/code2seq/model.py:495: bidirectional_dynamic_rnn (from tensorflow.python.ops.rnn) is deprecated and will be removed in a future version.
Instructions for updating:
Please use `keras.layers.Bidirectional(keras.layers.RNN(cell))`, which is equivalent to this API
WARNING:tensorflow:From /home/carolhanna/miniconda3/lib/python3.7/site-packages/tensorflow/python/ops/rnn.py:464: dynamic_rnn (from tensorflow.python.ops.rnn) is deprecated and will be removed in a future version.
Instructions for updating:
Please use `keras.layers.RNN(cell)`, which is equivalent to this API
WARNING:tensorflow:From /home/carolhanna/miniconda3/lib/python3.7/site-packages/tensorflow/python/ops/init_ops.py:1251: calling VarianceScaling.__init__ (from tensorflow.python.ops.init_ops) with dtype is deprecated and will be removed in a future version.
Instructions for updating:
Call initializer instance with the dtype argument instead of passing it to the constructor
WARNING:tensorflow:From /home/carolhanna/miniconda3/lib/python3.7/site-packages/tensorflow/python/ops/rnn_cell_impl.py:961: calling Zeros.__init__ (from tensorflow.python.ops.init_ops) with dtype is deprecated and will be removed in a future version.
Instructions for updating:
Call initializer instance with the dtype argument instead of passing it to the constructor
WARNING:tensorflow:From /home/carolhanna/Security_Project/check_git/binary2name/code2seq/model.py:539: calling dropout (from tensorflow.python.ops.nn_ops) with keep_prob is deprecated and will be removed in a future version.
Instructions for updating:
Please use `rate` instead of `keep_prob`. Rate should be set to `rate = 1 - keep_prob`.
WARNING:tensorflow:From /home/carolhanna/Security_Project/check_git/binary2name/code2seq/model.py:542: dense (from tensorflow.python.layers.core) is deprecated and will be removed in a future version.
Instructions for updating:
Use keras.layers.dense instead.
WARNING:tensorflow:From /home/carolhanna/miniconda3/lib/python3.7/site-packages/tensorflow/python/util/deprecation.py:507: calling count_nonzero (from tensorflow.python.ops.math_ops) with axis is deprecated and will be removed in a future version.
Instructions for updating:
reduction_indices is deprecated, use axis instead
WARNING:tensorflow:From /home/carolhanna/Security_Project/check_git/binary2name/code2seq/model.py:409: MultiRNNCell.__init__ (from tensorflow.python.ops.rnn_cell_impl) is deprecated and will be removed in a future version.
Instructions for updating:
This class is equivalent as tf.keras.layers.StackedRNNCells, and will be replaced by that in Tensorflow 2.0.
WARNING:tensorflow:From /home/carolhanna/Security_Project/check_git/binary2name/code2seq/model.py:414: The name tf.nn.rnn_cell.LSTMStateTuple is deprecated. Please use tf.compat.v1.nn.rnn_cell.LSTMStateTuple instead.

WARNING:tensorflow:From /home/carolhanna/Security_Project/check_git/binary2name/code2seq/model.py:416: The name tf.layers.Dense is deprecated. Please use tf.compat.v1.layers.Dense instead.

WARNING:tensorflow:From /home/carolhanna/Security_Project/check_git/binary2name/code2seq/model.py:386: The name tf.train.exponential_decay is deprecated. Please use tf.compat.v1.train.exponential_decay instead.

WARNING:tensorflow:From /home/carolhanna/Security_Project/check_git/binary2name/code2seq/model.py:389: The name tf.train.MomentumOptimizer is deprecated. Please use tf.compat.v1.train.MomentumOptimizer instead.

WARNING:tensorflow:From /home/carolhanna/Security_Project/check_git/binary2name/code2seq/model.py:398: The name tf.train.Saver is deprecated. Please use tf.compat.v1.train.Saver instead.

Training batch size:			 128
Dataset path:				 data/check_sun/check_sun
Training file path:			 data/check_sun/check_sun.train.c2s
Validation path:			 data/check_sun/check_sun.val.c2s
Taking max contexts from each example:	 10
Random path sampling:			 False
Embedding size:				 128
Using BiLSTMs, each of size:		 128
Decoder size:				 320
Decoder layers:				 1
Max path lengths:			 660
Max subtokens in a token:		 1
Max target length:			 6
Embeddings dropout keep_prob:		 0.75
LSTM dropout keep_prob:			 0.5
============================================
WARNING:tensorflow:From /home/carolhanna/Security_Project/check_git/binary2name/code2seq/model.py:81: The name tf.trainable_variables is deprecated. Please use tf.compat.v1.trainable_variables instead.

Number of trainable params: 1803392
2020-06-22 17:45:55.453875: W tensorflow/compiler/jit/mark_for_compilation_pass.cc:1412] (One-time warning): Not using XLA:CPU for cluster because envvar TF_XLA_FLAGS=--tf_xla_cpu_global_jit was not set.  If you want XLA:CPU, either set that envvar, or use experimental_jit_scope to enable XLA:CPU.  To confirm that XLA is active, pass --vmodule=xla_compilation_cache=1 (as a proper command-line flag, not via TF_XLA_FLAGS) or set the envvar XLA_FLAGS=--xla_hlo_profile.
Initalized variables
Started reader...
Average loss at batch 100: 8.863815, 	throughput: 21 samples/sec
Average loss at batch 200: 3.744586, 	throughput: 23 samples/sec
Average loss at batch 300: 2.947282, 	throughput: 22 samples/sec
Finished 1 epochs
Done testing, epoch reached
Evaluation time: 0h1m55s
Accuracy after 1 epochs: 0.35890
After 1 epochs: Precision: 0.49235, recall: 0.57638, F1: 0.53106
Rouge:  -1
Saved after 1 epochs in: models/check_sun/model_iter1
Average loss at batch 400: 1.382274, 	throughput: 20 samples/sec
Average loss at batch 500: 1.329821, 	throughput: 24 samples/sec
Average loss at batch 600: 0.960212, 	throughput: 25 samples/sec
Average loss at batch 700: 0.527698, 	throughput: 25 samples/sec
Finished 1 epochs
Done testing, epoch reached
Evaluation time: 0h1m50s
Accuracy after 2 epochs: 0.36403
After 2 epochs: Precision: 0.52930, recall: 0.58499, F1: 0.55575
Rouge:  -1
Saved after 2 epochs in: models/check_sun/model_iter2
Average loss at batch 800: 0.880221, 	throughput: 20 samples/sec
Average loss at batch 900: 0.527459, 	throughput: 24 samples/sec
Average loss at batch 1000: 0.434484, 	throughput: 25 samples/sec
Finished 1 epochs
Done testing, epoch reached
Evaluation time: 0h1m56s
Accuracy after 3 epochs: 0.36464
After 3 epochs: Precision: 0.52857, recall: 0.58671, F1: 0.55613
Rouge:  -1
Saved after 3 epochs in: models/check_sun/model_iter3
Average loss at batch 1100: 0.487367, 	throughput: 20 samples/sec
Average loss at batch 1200: 0.589615, 	throughput: 26 samples/sec
Average loss at batch 1300: 0.385436, 	throughput: 26 samples/sec
Average loss at batch 1400: 0.273581, 	throughput: 26 samples/sec
Finished 1 epochs
Done testing, epoch reached
Evaluation time: 0h1m47s
Accuracy after 4 epochs: 0.36464
After 4 epochs: Precision: 0.54548, recall: 0.58953, F1: 0.56665
Rouge:  -1
Saved after 4 epochs in: models/check_sun/model_iter4
Average loss at batch 1500: 0.511680, 	throughput: 22 samples/sec
Average loss at batch 1600: 0.367003, 	throughput: 24 samples/sec
Average loss at batch 1700: 0.272279, 	throughput: 24 samples/sec
Finished 1 epochs
Done testing, epoch reached
Evaluation time: 0h1m54s
Accuracy after 5 epochs: 0.36449
After 5 epochs: Precision: 0.52290, recall: 0.58932, F1: 0.55412
Rouge:  -1
Average loss at batch 1900: 0.742352, 	throughput: 11 samples/sec
Average loss at batch 2000: 0.724092, 	throughput: 25 samples/sec
Average loss at batch 2100: 0.454788, 	throughput: 26 samples/sec
Finished 1 epochs
Done testing, epoch reached
Evaluation time: 0h1m47s
Accuracy after 6 epochs: 0.36464
After 6 epochs: Precision: 0.46990, recall: 0.58578, F1: 0.52148
Rouge:  -1
Average loss at batch 2200: 0.484066, 	throughput: 21 samples/sec
Average loss at batch 2300: 0.425411, 	throughput: 26 samples/sec
Average loss at batch 2400: 0.301245, 	throughput: 26 samples/sec
Average loss at batch 2500: 0.226911, 	throughput: 27 samples/sec
Finished 1 epochs
Done testing, epoch reached
Evaluation time: 0h1m47s
Accuracy after 7 epochs: 0.36690
After 7 epochs: Precision: 0.50786, recall: 0.58741, F1: 0.54475
Rouge:  -1
Average loss at batch 2600: 0.455436, 	throughput: 22 samples/sec
Average loss at batch 2700: 0.277140, 	throughput: 26 samples/sec
Average loss at batch 2800: 0.196325, 	throughput: 26 samples/sec
Finished 1 epochs
Done testing, epoch reached
Evaluation time: 0h1m46s
Accuracy after 8 epochs: 0.36766
After 8 epochs: Precision: 0.58289, recall: 0.58984, F1: 0.58634
Rouge:  -1
Saved after 8 epochs in: models/check_sun/model_iter8
Average loss at batch 2900: 0.278534, 	throughput: 22 samples/sec
Average loss at batch 3000: 0.340893, 	throughput: 25 samples/sec
Average loss at batch 3100: 0.235278, 	throughput: 25 samples/sec
Average loss at batch 3200: 0.156136, 	throughput: 25 samples/sec
Finished 1 epochs
Done testing, epoch reached
Evaluation time: 0h1m54s
Accuracy after 9 epochs: 0.36841
After 9 epochs: Precision: 0.55879, recall: 0.59317, F1: 0.57547
Rouge:  -1
Average loss at batch 3300: 0.320061, 	throughput: 20 samples/sec
Average loss at batch 3400: 0.229947, 	throughput: 25 samples/sec
Average loss at batch 3500: 0.170721, 	throughput: 25 samples/sec
Finished 1 epochs
Done testing, epoch reached
Evaluation time: 0h1m52s
Accuracy after 10 epochs: 0.36721
After 10 epochs: Precision: 0.59990, recall: 0.59235, F1: 0.59610
Rouge:  -1
Saved after 10 epochs in: models/check_sun/model_iter10
Average loss at batch 3700: 0.472629, 	throughput: 11 samples/sec
Average loss at batch 3800: 0.189831, 	throughput: 25 samples/sec
Average loss at batch 3900: 0.126901, 	throughput: 25 samples/sec
Finished 1 epochs
Done testing, epoch reached
Evaluation time: 0h1m48s
Accuracy after 11 epochs: 0.36917
After 11 epochs: Precision: 0.61474, recall: 0.59235, F1: 0.60334
Rouge:  -1
Saved after 11 epochs in: models/check_sun/model_iter11
Average loss at batch 4000: 0.209613, 	throughput: 21 samples/sec
Average loss at batch 4100: 0.225780, 	throughput: 26 samples/sec
Average loss at batch 4200: 0.156421, 	throughput: 25 samples/sec
Average loss at batch 4300: 0.110740, 	throughput: 25 samples/sec
Finished 1 epochs
Done testing, epoch reached
Evaluation time: 0h1m50s
Accuracy after 12 epochs: 0.36924
After 12 epochs: Precision: 0.61121, recall: 0.59232, F1: 0.60162
Rouge:  -1
Average loss at batch 4400: 0.262647, 	throughput: 21 samples/sec
Average loss at batch 4500: 0.163835, 	throughput: 25 samples/sec
Average loss at batch 4600: 0.115126, 	throughput: 25 samples/sec
Finished 1 epochs
Done testing, epoch reached
Evaluation time: 0h1m50s
Accuracy after 13 epochs: 0.36924
After 13 epochs: Precision: 0.59186, recall: 0.59229, F1: 0.59208
Rouge:  -1
Average loss at batch 4700: 0.160174, 	throughput: 21 samples/sec
Average loss at batch 4800: 0.212694, 	throughput: 25 samples/sec
Average loss at batch 4900: 0.144399, 	throughput: 25 samples/sec
Average loss at batch 5000: 0.095148, 	throughput: 25 samples/sec
Finished 1 epochs
Done testing, epoch reached
Evaluation time: 0h1m48s
Accuracy after 14 epochs: 0.36932
After 14 epochs: Precision: 0.57445, recall: 0.59245, F1: 0.58332
Rouge:  -1
Average loss at batch 5100: 0.206790, 	throughput: 21 samples/sec
Average loss at batch 5200: 0.150766, 	throughput: 26 samples/sec
Average loss at batch 5300: 0.115416, 	throughput: 25 samples/sec
Finished 1 epochs
Done testing, epoch reached
Evaluation time: 0h1m54s
Accuracy after 15 epochs: 0.36932
After 15 epochs: Precision: 0.63221, recall: 0.59261, F1: 0.61177
Rouge:  -1
Saved after 15 epochs in: models/check_sun/model_iter15
Average loss at batch 5500: 0.311689, 	throughput: 11 samples/sec
Average loss at batch 5600: 0.137510, 	throughput: 25 samples/sec
Average loss at batch 5700: 0.084860, 	throughput: 27 samples/sec
Finished 1 epochs
Done testing, epoch reached
Evaluation time: 0h1m47s
Accuracy after 16 epochs: 0.36939
After 16 epochs: Precision: 0.58290, recall: 0.59267, F1: 0.58774
Rouge:  -1
Average loss at batch 5800: 0.153590, 	throughput: 22 samples/sec
Average loss at batch 5900: 0.167602, 	throughput: 26 samples/sec
Average loss at batch 6000: 0.120231, 	throughput: 26 samples/sec
Average loss at batch 6100: 0.083114, 	throughput: 26 samples/sec
Finished 1 epochs
Done testing, epoch reached
Evaluation time: 0h1m46s
Accuracy after 17 epochs: 0.36947
After 17 epochs: Precision: 0.63152, recall: 0.59285, F1: 0.61158
Rouge:  -1
Average loss at batch 6200: 0.195495, 	throughput: 21 samples/sec
Average loss at batch 6300: 0.127247, 	throughput: 26 samples/sec
Average loss at batch 6400: 0.084912, 	throughput: 26 samples/sec
Finished 1 epochs
Done testing, epoch reached
Evaluation time: 0h1m47s
Accuracy after 18 epochs: 0.36947
After 18 epochs: Precision: 0.59930, recall: 0.59267, F1: 0.59596
Rouge:  -1
Average loss at batch 6500: 0.118704, 	throughput: 22 samples/sec
Average loss at batch 6600: 0.167682, 	throughput: 26 samples/sec
Average loss at batch 6700: 0.114136, 	throughput: 27 samples/sec
Average loss at batch 6800: 0.071572, 	throughput: 26 samples/sec
Finished 1 epochs
Done testing, epoch reached
Evaluation time: 0h1m47s
Accuracy after 19 epochs: 0.36947
After 19 epochs: Precision: 0.61416, recall: 0.59267, F1: 0.60322
Rouge:  -1
Average loss at batch 6900: 0.164343, 	throughput: 21 samples/sec
Average loss at batch 7000: 0.121114, 	throughput: 26 samples/sec
Average loss at batch 7100: 0.094218, 	throughput: 26 samples/sec
Finished 1 epochs
Done testing, epoch reached
Evaluation time: 0h1m45s
Accuracy after 20 epochs: 0.36955
After 20 epochs: Precision: 0.58416, recall: 0.59270, F1: 0.58840
Rouge:  -1
Average loss at batch 7300: 0.252169, 	throughput: 12 samples/sec
Average loss at batch 7400: 0.116114, 	throughput: 26 samples/sec
Average loss at batch 7500: 0.070462, 	throughput: 26 samples/sec
Finished 1 epochs
Done testing, epoch reached
Evaluation time: 0h1m49s
Accuracy after 21 epochs: 0.36955
After 21 epochs: Precision: 0.57775, recall: 0.59278, F1: 0.58517
Rouge:  -1
Average loss at batch 7600: 0.124384, 	throughput: 21 samples/sec
Average loss at batch 7700: 0.135418, 	throughput: 26 samples/sec
Average loss at batch 7800: 0.093736, 	throughput: 26 samples/sec
Average loss at batch 7900: 0.063845, 	throughput: 26 samples/sec
Finished 1 epochs
Done testing, epoch reached
Evaluation time: 0h1m47s
Accuracy after 22 epochs: 0.36962
After 22 epochs: Precision: 0.57406, recall: 0.59287, F1: 0.58331
Rouge:  -1
Average loss at batch 8000: 0.158530, 	throughput: 22 samples/sec
Average loss at batch 8100: 0.109719, 	throughput: 26 samples/sec
Average loss at batch 8200: 0.070938, 	throughput: 26 samples/sec
Finished 1 epochs
Done testing, epoch reached
Evaluation time: 0h1m48s
Accuracy after 23 epochs: 0.36962
After 23 epochs: Precision: 0.57714, recall: 0.59288, F1: 0.58490
Rouge:  -1
Average loss at batch 8300: 0.102439, 	throughput: 21 samples/sec
Average loss at batch 8400: 0.140042, 	throughput: 26 samples/sec
Average loss at batch 8500: 0.097041, 	throughput: 26 samples/sec
Average loss at batch 8600: 0.057026, 	throughput: 26 samples/sec
Finished 1 epochs
Done testing, epoch reached
Evaluation time: 0h1m47s
Accuracy after 24 epochs: 0.36962
After 24 epochs: Precision: 0.60951, recall: 0.59268, F1: 0.60098
Rouge:  -1
Average loss at batch 8700: 0.139807, 	throughput: 21 samples/sec
Average loss at batch 8800: 0.103519, 	throughput: 26 samples/sec
Average loss at batch 8900: 0.077829, 	throughput: 26 samples/sec
Finished 1 epochs
Done testing, epoch reached
Evaluation time: 0h1m46s
Accuracy after 25 epochs: 0.36962
After 25 epochs: Precision: 0.57004, recall: 0.59279, F1: 0.58119
Rouge:  -1
Not improved for 10 epochs, stopping training
Best scores - epoch 15: 
Precision: 0.63221, recall: 0.59261, F1: 0.61177
