/home/carolhanna/miniconda3/lib/python3.7/site-packages/tensorflow/python/framework/dtypes.py:516: FutureWarning: Passing (type, 1) or '1type' as a synonym of type is deprecated; in a future version of numpy, it will be understood as (type, (1,)) / '(1,)type'.
  _np_qint8 = np.dtype([("qint8", np.int8, 1)])
/home/carolhanna/miniconda3/lib/python3.7/site-packages/tensorflow/python/framework/dtypes.py:517: FutureWarning: Passing (type, 1) or '1type' as a synonym of type is deprecated; in a future version of numpy, it will be understood as (type, (1,)) / '(1,)type'.
  _np_quint8 = np.dtype([("quint8", np.uint8, 1)])
/home/carolhanna/miniconda3/lib/python3.7/site-packages/tensorflow/python/framework/dtypes.py:518: FutureWarning: Passing (type, 1) or '1type' as a synonym of type is deprecated; in a future version of numpy, it will be understood as (type, (1,)) / '(1,)type'.
  _np_qint16 = np.dtype([("qint16", np.int16, 1)])
/home/carolhanna/miniconda3/lib/python3.7/site-packages/tensorflow/python/framework/dtypes.py:519: FutureWarning: Passing (type, 1) or '1type' as a synonym of type is deprecated; in a future version of numpy, it will be understood as (type, (1,)) / '(1,)type'.
  _np_quint16 = np.dtype([("quint16", np.uint16, 1)])
/home/carolhanna/miniconda3/lib/python3.7/site-packages/tensorflow/python/framework/dtypes.py:520: FutureWarning: Passing (type, 1) or '1type' as a synonym of type is deprecated; in a future version of numpy, it will be understood as (type, (1,)) / '(1,)type'.
  _np_qint32 = np.dtype([("qint32", np.int32, 1)])
/home/carolhanna/miniconda3/lib/python3.7/site-packages/tensorflow/python/framework/dtypes.py:525: FutureWarning: Passing (type, 1) or '1type' as a synonym of type is deprecated; in a future version of numpy, it will be understood as (type, (1,)) / '(1,)type'.
  np_resource = np.dtype([("resource", np.ubyte, 1)])
/home/carolhanna/miniconda3/lib/python3.7/site-packages/tensorboard/compat/tensorflow_stub/dtypes.py:541: FutureWarning: Passing (type, 1) or '1type' as a synonym of type is deprecated; in a future version of numpy, it will be understood as (type, (1,)) / '(1,)type'.
  _np_qint8 = np.dtype([("qint8", np.int8, 1)])
/home/carolhanna/miniconda3/lib/python3.7/site-packages/tensorboard/compat/tensorflow_stub/dtypes.py:542: FutureWarning: Passing (type, 1) or '1type' as a synonym of type is deprecated; in a future version of numpy, it will be understood as (type, (1,)) / '(1,)type'.
  _np_quint8 = np.dtype([("quint8", np.uint8, 1)])
/home/carolhanna/miniconda3/lib/python3.7/site-packages/tensorboard/compat/tensorflow_stub/dtypes.py:543: FutureWarning: Passing (type, 1) or '1type' as a synonym of type is deprecated; in a future version of numpy, it will be understood as (type, (1,)) / '(1,)type'.
  _np_qint16 = np.dtype([("qint16", np.int16, 1)])
/home/carolhanna/miniconda3/lib/python3.7/site-packages/tensorboard/compat/tensorflow_stub/dtypes.py:544: FutureWarning: Passing (type, 1) or '1type' as a synonym of type is deprecated; in a future version of numpy, it will be understood as (type, (1,)) / '(1,)type'.
  _np_quint16 = np.dtype([("quint16", np.uint16, 1)])
/home/carolhanna/miniconda3/lib/python3.7/site-packages/tensorboard/compat/tensorflow_stub/dtypes.py:545: FutureWarning: Passing (type, 1) or '1type' as a synonym of type is deprecated; in a future version of numpy, it will be understood as (type, (1,)) / '(1,)type'.
  _np_qint32 = np.dtype([("qint32", np.int32, 1)])
/home/carolhanna/miniconda3/lib/python3.7/site-packages/tensorboard/compat/tensorflow_stub/dtypes.py:550: FutureWarning: Passing (type, 1) or '1type' as a synonym of type is deprecated; in a future version of numpy, it will be understood as (type, (1,)) / '(1,)type'.
  np_resource = np.dtype([("resource", np.ubyte, 1)])
WARNING:tensorflow:From code2seq.py:29: The name tf.set_random_seed is deprecated. Please use tf.compat.v1.set_random_seed instead.

Namespace(data_path='./data/really_final_constantless/really_final_constantless', debug=False, load_path=None, predict=False, release=False, save_path_prefix='./models/really_final_constantless/model', seed=239, test_path='./data/really_final_constantless/really_final_constantless.val.c2s')
WARNING:tensorflow:From /home/carolhanna/Security_Project/our_git_wa/binary2name/code2seq/model.py:20: The name tf.Session is deprecated. Please use tf.compat.v1.Session instead.

2020-05-11 20:36:40.415787: I tensorflow/core/platform/cpu_feature_guard.cc:142] Your CPU supports instructions that this TensorFlow binary was not compiled to use: AVX2 FMA
2020-05-11 20:36:40.447303: I tensorflow/core/platform/profile_utils/cpu_utils.cc:94] CPU Frequency: 2100015000 Hz
2020-05-11 20:36:40.453379: I tensorflow/compiler/xla/service/service.cc:168] XLA service 0x559e7d15fd00 executing computations on platform Host. Devices:
2020-05-11 20:36:40.453417: I tensorflow/compiler/xla/service/service.cc:175]   StreamExecutor device (0): <undefined>, <undefined>
Dictionaries loaded.
Loaded subtoken vocab. size: 3
Loaded target word vocab. size: 252
Loaded nodes vocab. size: 2125
Created model
Starting training
WARNING:tensorflow:
The TensorFlow contrib module will not be included in TensorFlow 2.0.
For more information, please see:
  * https://github.com/tensorflow/community/blob/master/rfcs/20180907-contrib-sunset.md
  * https://github.com/tensorflow/addons
  * https://github.com/tensorflow/io (for I/O related ops)
If you depend on functionality not listed there, please file an issue.

WARNING:tensorflow:From /home/carolhanna/miniconda3/lib/python3.7/site-packages/tensorflow/python/data/util/random_seed.py:58: add_dispatch_support.<locals>.wrapper (from tensorflow.python.ops.array_ops) is deprecated and will be removed in a future version.
Instructions for updating:
Use tf.where in 2.0, which has the same broadcast rule as np.where
WARNING:tensorflow:From /home/carolhanna/Security_Project/our_git_wa/binary2name/code2seq/reader.py:188: map_and_batch (from tensorflow.python.data.experimental.ops.batching) is deprecated and will be removed in a future version.
Instructions for updating:
Use `tf.data.Dataset.map(map_func, num_parallel_calls)` followed by `tf.data.Dataset.batch(batch_size, drop_remainder)`. Static tf.data optimizations will take care of using the fused implementation.
WARNING:tensorflow:From /home/carolhanna/Security_Project/our_git_wa/binary2name/code2seq/reader.py:92: calling string_split (from tensorflow.python.ops.ragged.ragged_string_ops) with delimiter is deprecated and will be removed in a future version.
Instructions for updating:
delimiter is deprecated, please use sep instead.
WARNING:tensorflow:From /home/carolhanna/Security_Project/our_git_wa/binary2name/code2seq/reader.py:101: to_int64 (from tensorflow.python.ops.math_ops) is deprecated and will be removed in a future version.
Instructions for updating:
Use `tf.cast` instead.
WARNING:tensorflow:From /home/carolhanna/Security_Project/our_git_wa/binary2name/code2seq/reader.py:161: to_float (from tensorflow.python.ops.math_ops) is deprecated and will be removed in a future version.
Instructions for updating:
Use `tf.cast` instead.
WARNING:tensorflow:From /home/carolhanna/Security_Project/our_git_wa/binary2name/code2seq/reader.py:190: DatasetV1.make_initializable_iterator (from tensorflow.python.data.ops.dataset_ops) is deprecated and will be removed in a future version.
Instructions for updating:
Use `for ... in dataset:` to iterate over a dataset. If using `tf.estimator`, return the `Dataset` object directly from your input function. As a last resort, you can use `tf.compat.v1.data.make_initializable_iterator(dataset)`.
WARNING:tensorflow:From /home/carolhanna/Security_Project/our_git_wa/binary2name/code2seq/model.py:345: The name tf.variable_scope is deprecated. Please use tf.compat.v1.variable_scope instead.

WARNING:tensorflow:From /home/carolhanna/Security_Project/our_git_wa/binary2name/code2seq/model.py:346: The name tf.get_variable is deprecated. Please use tf.compat.v1.get_variable instead.

WARNING:tensorflow:From /home/carolhanna/Security_Project/our_git_wa/binary2name/code2seq/model.py:484: LSTMCell.__init__ (from tensorflow.python.ops.rnn_cell_impl) is deprecated and will be removed in a future version.
Instructions for updating:
This class is equivalent as tf.keras.layers.LSTMCell, and will be replaced by that in Tensorflow 2.0.
WARNING:tensorflow:From /home/carolhanna/Security_Project/our_git_wa/binary2name/code2seq/model.py:487: The name tf.nn.rnn_cell.DropoutWrapper is deprecated. Please use tf.compat.v1.nn.rnn_cell.DropoutWrapper instead.

WARNING:tensorflow:From /home/carolhanna/Security_Project/our_git_wa/binary2name/code2seq/model.py:496: bidirectional_dynamic_rnn (from tensorflow.python.ops.rnn) is deprecated and will be removed in a future version.
Instructions for updating:
Please use `keras.layers.Bidirectional(keras.layers.RNN(cell))`, which is equivalent to this API
WARNING:tensorflow:From /home/carolhanna/miniconda3/lib/python3.7/site-packages/tensorflow/python/ops/rnn.py:464: dynamic_rnn (from tensorflow.python.ops.rnn) is deprecated and will be removed in a future version.
Instructions for updating:
Please use `keras.layers.RNN(cell)`, which is equivalent to this API
WARNING:tensorflow:From /home/carolhanna/miniconda3/lib/python3.7/site-packages/tensorflow/python/ops/init_ops.py:1251: calling VarianceScaling.__init__ (from tensorflow.python.ops.init_ops) with dtype is deprecated and will be removed in a future version.
Instructions for updating:
Call initializer instance with the dtype argument instead of passing it to the constructor
WARNING:tensorflow:From /home/carolhanna/miniconda3/lib/python3.7/site-packages/tensorflow/python/ops/rnn_cell_impl.py:961: calling Zeros.__init__ (from tensorflow.python.ops.init_ops) with dtype is deprecated and will be removed in a future version.
Instructions for updating:
Call initializer instance with the dtype argument instead of passing it to the constructor
WARNING:tensorflow:From /home/carolhanna/Security_Project/our_git_wa/binary2name/code2seq/model.py:540: calling dropout (from tensorflow.python.ops.nn_ops) with keep_prob is deprecated and will be removed in a future version.
Instructions for updating:
Please use `rate` instead of `keep_prob`. Rate should be set to `rate = 1 - keep_prob`.
WARNING:tensorflow:From /home/carolhanna/Security_Project/our_git_wa/binary2name/code2seq/model.py:543: dense (from tensorflow.python.layers.core) is deprecated and will be removed in a future version.
Instructions for updating:
Use keras.layers.dense instead.
WARNING:tensorflow:From /home/carolhanna/miniconda3/lib/python3.7/site-packages/tensorflow/python/util/deprecation.py:507: calling count_nonzero (from tensorflow.python.ops.math_ops) with axis is deprecated and will be removed in a future version.
Instructions for updating:
reduction_indices is deprecated, use axis instead
WARNING:tensorflow:From /home/carolhanna/Security_Project/our_git_wa/binary2name/code2seq/model.py:410: MultiRNNCell.__init__ (from tensorflow.python.ops.rnn_cell_impl) is deprecated and will be removed in a future version.
Instructions for updating:
This class is equivalent as tf.keras.layers.StackedRNNCells, and will be replaced by that in Tensorflow 2.0.
WARNING:tensorflow:From /home/carolhanna/Security_Project/our_git_wa/binary2name/code2seq/model.py:415: The name tf.nn.rnn_cell.LSTMStateTuple is deprecated. Please use tf.compat.v1.nn.rnn_cell.LSTMStateTuple instead.

WARNING:tensorflow:From /home/carolhanna/Security_Project/our_git_wa/binary2name/code2seq/model.py:417: The name tf.layers.Dense is deprecated. Please use tf.compat.v1.layers.Dense instead.

WARNING:tensorflow:From /home/carolhanna/Security_Project/our_git_wa/binary2name/code2seq/model.py:387: The name tf.train.exponential_decay is deprecated. Please use tf.compat.v1.train.exponential_decay instead.

WARNING:tensorflow:From /home/carolhanna/Security_Project/our_git_wa/binary2name/code2seq/model.py:390: The name tf.train.MomentumOptimizer is deprecated. Please use tf.compat.v1.train.MomentumOptimizer instead.

WARNING:tensorflow:From /home/carolhanna/Security_Project/our_git_wa/binary2name/code2seq/model.py:399: The name tf.train.Saver is deprecated. Please use tf.compat.v1.train.Saver instead.

Training batch size:			 8
Dataset path:				 ./data/really_final_constantless/really_final_constantless
Training file path:			 ./data/really_final_constantless/really_final_constantless.train.c2s
Validation path:			 ./data/really_final_constantless/really_final_constantless.val.c2s
Taking max contexts from each example:	 10
Random path sampling:			 False
Embedding size:				 128
Using BiLSTMs, each of size:		 128
Decoder size:				 320
Decoder layers:				 1
Max path lengths:			 797
Max subtokens in a token:		 1
Max target length:			 6
Embeddings dropout keep_prob:		 0.75
LSTM dropout keep_prob:			 0.5
============================================
WARNING:tensorflow:From /home/carolhanna/Security_Project/our_git_wa/binary2name/code2seq/model.py:81: The name tf.trainable_variables is deprecated. Please use tf.compat.v1.trainable_variables instead.

Number of trainable params: 2103808
2020-05-11 20:36:49.644242: W tensorflow/compiler/jit/mark_for_compilation_pass.cc:1412] (One-time warning): Not using XLA:CPU for cluster because envvar TF_XLA_FLAGS=--tf_xla_cpu_global_jit was not set.  If you want XLA:CPU, either set that envvar, or use experimental_jit_scope to enable XLA:CPU.  To confirm that XLA is active, pass --vmodule=xla_compilation_cache=1 (as a proper command-line flag, not via TF_XLA_FLAGS) or set the envvar XLA_FLAGS=--xla_hlo_profile.
Initalized variables
Started reader...
Average loss at batch 100: 12.031642, 	throughput: 5 samples/sec
Average loss at batch 200: 8.832855, 	throughput: 6 samples/sec
Average loss at batch 300: 8.293790, 	throughput: 6 samples/sec
Average loss at batch 400: 7.093588, 	throughput: 6 samples/sec
Average loss at batch 500: 5.850939, 	throughput: 6 samples/sec
Average loss at batch 600: 4.963479, 	throughput: 6 samples/sec
Average loss at batch 700: 5.013357, 	throughput: 6 samples/sec
Average loss at batch 800: 4.307430, 	throughput: 6 samples/sec
Average loss at batch 900: 3.920978, 	throughput: 6 samples/sec
Average loss at batch 1000: 3.180182, 	throughput: 6 samples/sec
Average loss at batch 1100: 3.394723, 	throughput: 6 samples/sec
Average loss at batch 1200: 2.918856, 	throughput: 7 samples/sec
Average loss at batch 1300: 3.162145, 	throughput: 6 samples/sec
Average loss at batch 1400: 2.965272, 	throughput: 6 samples/sec
Average loss at batch 1500: 3.136749, 	throughput: 6 samples/sec
Average loss at batch 1600: 2.880729, 	throughput: 6 samples/sec
Average loss at batch 1700: 2.586856, 	throughput: 6 samples/sec
Average loss at batch 1800: 2.269198, 	throughput: 6 samples/sec
Average loss at batch 1900: 1.837782, 	throughput: 6 samples/sec
Average loss at batch 2000: 2.334548, 	throughput: 6 samples/sec
Average loss at batch 2100: 1.901289, 	throughput: 6 samples/sec
Average loss at batch 2200: 2.147072, 	throughput: 6 samples/sec
Average loss at batch 2300: 2.342018, 	throughput: 6 samples/sec
Average loss at batch 2400: 2.095215, 	throughput: 6 samples/sec
Average loss at batch 2500: 1.640411, 	throughput: 6 samples/sec
Average loss at batch 2600: 1.933512, 	throughput: 6 samples/sec
Average loss at batch 2700: 1.958442, 	throughput: 6 samples/sec
Average loss at batch 2800: 1.480716, 	throughput: 6 samples/sec
Average loss at batch 2900: 1.501604, 	throughput: 6 samples/sec
Average loss at batch 3000: 1.516945, 	throughput: 6 samples/sec
Average loss at batch 3100: 1.550925, 	throughput: 6 samples/sec
Average loss at batch 3200: 1.408344, 	throughput: 6 samples/sec
Average loss at batch 3300: 1.371643, 	throughput: 7 samples/sec
Average loss at batch 3400: 1.403492, 	throughput: 6 samples/sec
Average loss at batch 3500: 1.253670, 	throughput: 6 samples/sec
Average loss at batch 3600: 1.176118, 	throughput: 6 samples/sec
Average loss at batch 3700: 1.232961, 	throughput: 6 samples/sec
Average loss at batch 3800: 1.355859, 	throughput: 7 samples/sec
Finished 1 epochs
Done testing, epoch reached
Evaluation time: 0h1m40s
Accuracy after 1 epochs: 0.11801
After 1 epochs: Precision: 0.19814, recall: 0.16659, F1: 0.18100
Rouge:  -1
Saved after 1 epochs in: ./models/really_final_constantless/model_iter1
Average loss at batch 3900: 1.139480, 	throughput: 3 samples/sec
Average loss at batch 4000: 0.976791, 	throughput: 6 samples/sec
Average loss at batch 4100: 0.913995, 	throughput: 6 samples/sec
Average loss at batch 4200: 0.925941, 	throughput: 6 samples/sec
Average loss at batch 4300: 0.732155, 	throughput: 6 samples/sec
Average loss at batch 4400: 0.803138, 	throughput: 6 samples/sec
Average loss at batch 4500: 0.850739, 	throughput: 6 samples/sec
Average loss at batch 4600: 1.054730, 	throughput: 6 samples/sec
Average loss at batch 4700: 0.651874, 	throughput: 6 samples/sec
Average loss at batch 4800: 0.832800, 	throughput: 6 samples/sec
Average loss at batch 4900: 0.995371, 	throughput: 6 samples/sec
Average loss at batch 5000: 0.881961, 	throughput: 6 samples/sec
Average loss at batch 5100: 0.830270, 	throughput: 6 samples/sec
Average loss at batch 5200: 0.864958, 	throughput: 6 samples/sec
Average loss at batch 5300: 1.000707, 	throughput: 6 samples/sec
Average loss at batch 5400: 0.893393, 	throughput: 6 samples/sec
Average loss at batch 5500: 1.003590, 	throughput: 6 samples/sec
Average loss at batch 5600: 0.893950, 	throughput: 6 samples/sec
Average loss at batch 5700: 0.756933, 	throughput: 6 samples/sec
Average loss at batch 5800: 0.818634, 	throughput: 6 samples/sec
Average loss at batch 5900: 0.782756, 	throughput: 6 samples/sec
Average loss at batch 6000: 0.704788, 	throughput: 6 samples/sec
Average loss at batch 6100: 0.693292, 	throughput: 6 samples/sec
Average loss at batch 6200: 0.691000, 	throughput: 7 samples/sec
Average loss at batch 6300: 0.630165, 	throughput: 7 samples/sec
Average loss at batch 6400: 0.663945, 	throughput: 7 samples/sec
Average loss at batch 6500: 0.814120, 	throughput: 7 samples/sec
Average loss at batch 6600: 0.737007, 	throughput: 7 samples/sec
Average loss at batch 6700: 0.617371, 	throughput: 7 samples/sec
Average loss at batch 6800: 0.765789, 	throughput: 7 samples/sec
Average loss at batch 6900: 0.738318, 	throughput: 7 samples/sec
Average loss at batch 7000: 0.769548, 	throughput: 7 samples/sec
Average loss at batch 7100: 0.701082, 	throughput: 7 samples/sec
Average loss at batch 7200: 0.619835, 	throughput: 7 samples/sec
Average loss at batch 7300: 0.613931, 	throughput: 7 samples/sec
Average loss at batch 7400: 0.669315, 	throughput: 7 samples/sec
Average loss at batch 7500: 0.562020, 	throughput: 7 samples/sec
Average loss at batch 7600: 0.646753, 	throughput: 7 samples/sec
Average loss at batch 7700: 0.777392, 	throughput: 7 samples/sec
Finished 1 epochs
Done testing, epoch reached
Evaluation time: 0h1m46s
Accuracy after 2 epochs: 0.10454
After 2 epochs: Precision: 0.18217, recall: 0.17111, F1: 0.17647
Rouge:  -1
Average loss at batch 7800: 0.694351, 	throughput: 3 samples/sec
Average loss at batch 7900: 0.550773, 	throughput: 7 samples/sec
Average loss at batch 8000: 0.475110, 	throughput: 7 samples/sec
Average loss at batch 8100: 0.669986, 	throughput: 7 samples/sec
Average loss at batch 8200: 0.524390, 	throughput: 7 samples/sec
Average loss at batch 8300: 0.557243, 	throughput: 7 samples/sec
Average loss at batch 8400: 0.727302, 	throughput: 7 samples/sec
Average loss at batch 8500: 0.499291, 	throughput: 7 samples/sec
Average loss at batch 8600: 0.515079, 	throughput: 7 samples/sec
Average loss at batch 8700: 0.612554, 	throughput: 7 samples/sec
Average loss at batch 8800: 0.640126, 	throughput: 7 samples/sec
Average loss at batch 8900: 0.610236, 	throughput: 7 samples/sec
Average loss at batch 9000: 0.566809, 	throughput: 7 samples/sec
Average loss at batch 9100: 0.479265, 	throughput: 7 samples/sec
Average loss at batch 9200: 0.586634, 	throughput: 7 samples/sec
Average loss at batch 9300: 0.571436, 	throughput: 7 samples/sec
Average loss at batch 9400: 0.702616, 	throughput: 7 samples/sec
Average loss at batch 9500: 0.608261, 	throughput: 7 samples/sec
Average loss at batch 9600: 0.497851, 	throughput: 7 samples/sec
Average loss at batch 9700: 0.506492, 	throughput: 7 samples/sec
Average loss at batch 9800: 0.507287, 	throughput: 7 samples/sec
Average loss at batch 9900: 0.422355, 	throughput: 7 samples/sec
Average loss at batch 10000: 0.448767, 	throughput: 7 samples/sec
Average loss at batch 10100: 0.464621, 	throughput: 7 samples/sec
Average loss at batch 10200: 0.454826, 	throughput: 7 samples/sec
Average loss at batch 10300: 0.492548, 	throughput: 7 samples/sec
Average loss at batch 10400: 0.523258, 	throughput: 7 samples/sec
Average loss at batch 10500: 0.493996, 	throughput: 7 samples/sec
Average loss at batch 10600: 0.417207, 	throughput: 7 samples/sec
Average loss at batch 10700: 0.548472, 	throughput: 7 samples/sec
Average loss at batch 10800: 0.574813, 	throughput: 7 samples/sec
Average loss at batch 10900: 0.522676, 	throughput: 7 samples/sec
Average loss at batch 11000: 0.498489, 	throughput: 7 samples/sec
Average loss at batch 11100: 0.498936, 	throughput: 7 samples/sec
Average loss at batch 11200: 0.440301, 	throughput: 7 samples/sec
Average loss at batch 11300: 0.375578, 	throughput: 7 samples/sec
Average loss at batch 11400: 0.327627, 	throughput: 8 samples/sec
Average loss at batch 11500: 0.512155, 	throughput: 8 samples/sec
Average loss at batch 11600: 0.389528, 	throughput: 7 samples/sec
Finished 1 epochs
Done testing, epoch reached
Evaluation time: 0h2m9s
Accuracy after 3 epochs: 0.12723
After 3 epochs: Precision: 0.19258, recall: 0.17616, F1: 0.18400
Rouge:  -1
Saved after 3 epochs in: ./models/really_final_constantless/model_iter3
Average loss at batch 11700: 0.418366, 	throughput: 3 samples/sec
Average loss at batch 11800: 0.264567, 	throughput: 7 samples/sec
Average loss at batch 11900: 0.289365, 	throughput: 7 samples/sec
Average loss at batch 12000: 0.265299, 	throughput: 7 samples/sec
Average loss at batch 12100: 0.266447, 	throughput: 7 samples/sec
Average loss at batch 12200: 0.323935, 	throughput: 7 samples/sec
Average loss at batch 12300: 0.494745, 	throughput: 7 samples/sec
Average loss at batch 12400: 0.309590, 	throughput: 7 samples/sec
Average loss at batch 12500: 0.278207, 	throughput: 7 samples/sec
Average loss at batch 12600: 0.416386, 	throughput: 7 samples/sec
Average loss at batch 12700: 0.443120, 	throughput: 7 samples/sec
Average loss at batch 12800: 0.379805, 	throughput: 7 samples/sec
Average loss at batch 12900: 0.358198, 	throughput: 7 samples/sec
Average loss at batch 13000: 0.418094, 	throughput: 7 samples/sec
Average loss at batch 13100: 0.364891, 	throughput: 7 samples/sec
Average loss at batch 13200: 0.487408, 	throughput: 7 samples/sec
Average loss at batch 13300: 0.518185, 	throughput: 7 samples/sec
Average loss at batch 13400: 0.434634, 	throughput: 7 samples/sec
Average loss at batch 13500: 0.415651, 	throughput: 7 samples/sec
Average loss at batch 13600: 0.366198, 	throughput: 7 samples/sec
Average loss at batch 13700: 0.352644, 	throughput: 7 samples/sec
Average loss at batch 13800: 0.386006, 	throughput: 7 samples/sec
Average loss at batch 13900: 0.375931, 	throughput: 8 samples/sec
Average loss at batch 14000: 0.340648, 	throughput: 8 samples/sec
Average loss at batch 14100: 0.368054, 	throughput: 8 samples/sec
Average loss at batch 14200: 0.328991, 	throughput: 7 samples/sec
Average loss at batch 14300: 0.395135, 	throughput: 7 samples/sec
Average loss at batch 14400: 0.241267, 	throughput: 7 samples/sec
Average loss at batch 14500: 0.367231, 	throughput: 7 samples/sec
Average loss at batch 14600: 0.359613, 	throughput: 7 samples/sec
Average loss at batch 14700: 0.419176, 	throughput: 7 samples/sec
Average loss at batch 14800: 0.358398, 	throughput: 7 samples/sec
Average loss at batch 14900: 0.384123, 	throughput: 7 samples/sec
Average loss at batch 15000: 0.362322, 	throughput: 7 samples/sec
Average loss at batch 15100: 0.326512, 	throughput: 7 samples/sec
Average loss at batch 15200: 0.308624, 	throughput: 8 samples/sec
Average loss at batch 15300: 0.264151, 	throughput: 8 samples/sec
Average loss at batch 15400: 0.378492, 	throughput: 8 samples/sec
Finished 1 epochs
Done testing, epoch reached
Evaluation time: 0h2m12s
Accuracy after 4 epochs: 0.14658
After 4 epochs: Precision: 0.18930, recall: 0.18475, F1: 0.18700
Rouge:  -1
Saved after 4 epochs in: ./models/really_final_constantless/model_iter4
Average loss at batch 15500: 0.337536, 	throughput: 3 samples/sec
Average loss at batch 15600: 0.280866, 	throughput: 7 samples/sec
Average loss at batch 15700: 0.198257, 	throughput: 7 samples/sec
Average loss at batch 15800: 0.208421, 	throughput: 7 samples/sec
Average loss at batch 15900: 0.235878, 	throughput: 7 samples/sec
Average loss at batch 16000: 0.236970, 	throughput: 7 samples/sec
Average loss at batch 16100: 0.289774, 	throughput: 7 samples/sec
Average loss at batch 16200: 0.405964, 	throughput: 7 samples/sec
Average loss at batch 16300: 0.236743, 	throughput: 7 samples/sec
Average loss at batch 16400: 0.254855, 	throughput: 7 samples/sec
Average loss at batch 16500: 0.379153, 	throughput: 7 samples/sec
Average loss at batch 16600: 0.357800, 	throughput: 7 samples/sec
Average loss at batch 16700: 0.336302, 	throughput: 7 samples/sec
Average loss at batch 16800: 0.314516, 	throughput: 7 samples/sec
Average loss at batch 16900: 0.380529, 	throughput: 7 samples/sec
Average loss at batch 17000: 0.340597, 	throughput: 7 samples/sec
Average loss at batch 17100: 0.384451, 	throughput: 7 samples/sec
Average loss at batch 17200: 0.430020, 	throughput: 7 samples/sec
Average loss at batch 17300: 0.333347, 	throughput: 7 samples/sec
Average loss at batch 17400: 0.317976, 	throughput: 7 samples/sec
Average loss at batch 17500: 0.290842, 	throughput: 7 samples/sec
Average loss at batch 17600: 0.264971, 	throughput: 7 samples/sec
Average loss at batch 17700: 0.278453, 	throughput: 7 samples/sec
Average loss at batch 17800: 0.325703, 	throughput: 7 samples/sec
Average loss at batch 17900: 0.284231, 	throughput: 7 samples/sec
Average loss at batch 18000: 0.265343, 	throughput: 7 samples/sec
Average loss at batch 18100: 0.351821, 	throughput: 7 samples/sec
Average loss at batch 18200: 0.308175, 	throughput: 7 samples/sec
Average loss at batch 18300: 0.239754, 	throughput: 7 samples/sec
Average loss at batch 18400: 0.304712, 	throughput: 7 samples/sec
Average loss at batch 18500: 0.325027, 	throughput: 7 samples/sec
Average loss at batch 18600: 0.286859, 	throughput: 7 samples/sec
Average loss at batch 18700: 0.325480, 	throughput: 7 samples/sec
Average loss at batch 18800: 0.273510, 	throughput: 7 samples/sec
Average loss at batch 18900: 0.230827, 	throughput: 7 samples/sec
Average loss at batch 19000: 0.266070, 	throughput: 7 samples/sec
Average loss at batch 19100: 0.227188, 	throughput: 7 samples/sec
Average loss at batch 19200: 0.232104, 	throughput: 7 samples/sec
Average loss at batch 19300: 0.330730, 	throughput: 7 samples/sec
Finished 1 epochs
Done testing, epoch reached
Evaluation time: 0h2m11s
Accuracy after 5 epochs: 0.12814
After 5 epochs: Precision: 0.19480, recall: 0.17734, F1: 0.18566
Rouge:  -1
Average loss at batch 19400: 0.235575, 	throughput: 3 samples/sec
Average loss at batch 19500: 0.192139, 	throughput: 7 samples/sec
Average loss at batch 19600: 0.196773, 	throughput: 7 samples/sec
Average loss at batch 19700: 0.163960, 	throughput: 7 samples/sec
Average loss at batch 19800: 0.163624, 	throughput: 7 samples/sec
Average loss at batch 19900: 0.219835, 	throughput: 7 samples/sec
Average loss at batch 20000: 0.279347, 	throughput: 7 samples/sec
Average loss at batch 20100: 0.342402, 	throughput: 7 samples/sec
Average loss at batch 20200: 0.164232, 	throughput: 7 samples/sec
Average loss at batch 20300: 0.237037, 	throughput: 7 samples/sec
Average loss at batch 20400: 0.349496, 	throughput: 7 samples/sec
Average loss at batch 20500: 0.321386, 	throughput: 7 samples/sec
Average loss at batch 20600: 0.296893, 	throughput: 7 samples/sec
Average loss at batch 20700: 0.230634, 	throughput: 7 samples/sec
Average loss at batch 20800: 0.373855, 	throughput: 7 samples/sec
Average loss at batch 20900: 0.316928, 	throughput: 7 samples/sec
Average loss at batch 21000: 0.393575, 	throughput: 7 samples/sec
Average loss at batch 21100: 0.337488, 	throughput: 7 samples/sec
Average loss at batch 21200: 0.312022, 	throughput: 7 samples/sec
Average loss at batch 21300: 0.242536, 	throughput: 7 samples/sec
Average loss at batch 21400: 0.279867, 	throughput: 7 samples/sec
Average loss at batch 21500: 0.240744, 	throughput: 7 samples/sec
Average loss at batch 21600: 0.246898, 	throughput: 7 samples/sec
Average loss at batch 21700: 0.272468, 	throughput: 7 samples/sec
Average loss at batch 21800: 0.214089, 	throughput: 7 samples/sec
Average loss at batch 21900: 0.241564, 	throughput: 7 samples/sec
Average loss at batch 22000: 0.296166, 	throughput: 7 samples/sec
Average loss at batch 22100: 0.265286, 	throughput: 7 samples/sec
Average loss at batch 22200: 0.192343, 	throughput: 7 samples/sec
Average loss at batch 22300: 0.196361, 	throughput: 7 samples/sec
Average loss at batch 22400: 0.275684, 	throughput: 7 samples/sec
Average loss at batch 22500: 0.221779, 	throughput: 7 samples/sec
Average loss at batch 22600: 0.248900, 	throughput: 7 samples/sec
Average loss at batch 22700: 0.224028, 	throughput: 7 samples/sec
Average loss at batch 22800: 0.211423, 	throughput: 7 samples/sec
Average loss at batch 22900: 0.210817, 	throughput: 7 samples/sec
Average loss at batch 23000: 0.182716, 	throughput: 7 samples/sec
Average loss at batch 23100: 0.254356, 	throughput: 7 samples/sec
Average loss at batch 23200: 0.228720, 	throughput: 7 samples/sec
Finished 1 epochs
Done testing, epoch reached
Evaluation time: 0h2m13s
Accuracy after 6 epochs: 0.14870
After 6 epochs: Precision: 0.21693, recall: 0.19061, F1: 0.20292
Rouge:  -1
Saved after 6 epochs in: ./models/really_final_constantless/model_iter6
Average loss at batch 23300: 0.231177, 	throughput: 3 samples/sec
Average loss at batch 23400: 0.129810, 	throughput: 7 samples/sec
Average loss at batch 23500: 0.129243, 	throughput: 7 samples/sec
Average loss at batch 23600: 0.128773, 	throughput: 7 samples/sec
Average loss at batch 23700: 0.140367, 	throughput: 7 samples/sec
Average loss at batch 23800: 0.170473, 	throughput: 7 samples/sec
Average loss at batch 23900: 0.337259, 	throughput: 7 samples/sec
Average loss at batch 24000: 0.192722, 	throughput: 7 samples/sec
Average loss at batch 24100: 0.156597, 	throughput: 7 samples/sec
Average loss at batch 24200: 0.232366, 	throughput: 7 samples/sec
Average loss at batch 24300: 0.276033, 	throughput: 7 samples/sec
Average loss at batch 24400: 0.255453, 	throughput: 7 samples/sec
Average loss at batch 24500: 0.293803, 	throughput: 7 samples/sec
Average loss at batch 24600: 0.251811, 	throughput: 7 samples/sec
Average loss at batch 24700: 0.244338, 	throughput: 7 samples/sec
Average loss at batch 24800: 0.238002, 	throughput: 7 samples/sec
Average loss at batch 24900: 0.334539, 	throughput: 7 samples/sec
Average loss at batch 25000: 0.293749, 	throughput: 7 samples/sec
Average loss at batch 25100: 0.270781, 	throughput: 7 samples/sec
Average loss at batch 25200: 0.225141, 	throughput: 7 samples/sec
Average loss at batch 25300: 0.262039, 	throughput: 7 samples/sec
Average loss at batch 25400: 0.210058, 	throughput: 7 samples/sec
Average loss at batch 25500: 0.222978, 	throughput: 7 samples/sec
Average loss at batch 25600: 0.231857, 	throughput: 7 samples/sec
Average loss at batch 25700: 0.201251, 	throughput: 7 samples/sec
Average loss at batch 25800: 0.235169, 	throughput: 7 samples/sec
Average loss at batch 25900: 0.247545, 	throughput: 7 samples/sec
Average loss at batch 26000: 0.177232, 	throughput: 7 samples/sec
Average loss at batch 26100: 0.186895, 	throughput: 7 samples/sec
Average loss at batch 26200: 0.200944, 	throughput: 7 samples/sec
Average loss at batch 26300: 0.230424, 	throughput: 7 samples/sec
Average loss at batch 26400: 0.244313, 	throughput: 7 samples/sec
Average loss at batch 26500: 0.214997, 	throughput: 7 samples/sec
Average loss at batch 26600: 0.204307, 	throughput: 7 samples/sec
Average loss at batch 26700: 0.189286, 	throughput: 7 samples/sec
Average loss at batch 26800: 0.182384, 	throughput: 7 samples/sec
Average loss at batch 26900: 0.181739, 	throughput: 7 samples/sec
Average loss at batch 27000: 0.225332, 	throughput: 7 samples/sec
Average loss at batch 27100: 0.233872, 	throughput: 7 samples/sec
Finished 1 epochs
Done testing, epoch reached
Evaluation time: 0h2m13s
Accuracy after 7 epochs: 0.12308
After 7 epochs: Precision: 0.21557, recall: 0.18021, F1: 0.19631
Rouge:  -1
Average loss at batch 27200: 0.156210, 	throughput: 3 samples/sec
Average loss at batch 27300: 0.093730, 	throughput: 7 samples/sec
Average loss at batch 27400: 0.132146, 	throughput: 7 samples/sec
Average loss at batch 27500: 0.107277, 	throughput: 7 samples/sec
Average loss at batch 27600: 0.133762, 	throughput: 7 samples/sec
Average loss at batch 27700: 0.179795, 	throughput: 7 samples/sec
Average loss at batch 27800: 0.312152, 	throughput: 7 samples/sec
Average loss at batch 27900: 0.180011, 	throughput: 7 samples/sec
Average loss at batch 28000: 0.176143, 	throughput: 7 samples/sec
Average loss at batch 28100: 0.250098, 	throughput: 7 samples/sec
Average loss at batch 28200: 0.238757, 	throughput: 7 samples/sec
Average loss at batch 28300: 0.262170, 	throughput: 7 samples/sec
Average loss at batch 28400: 0.236513, 	throughput: 7 samples/sec
Average loss at batch 28500: 0.281775, 	throughput: 7 samples/sec
Average loss at batch 28600: 0.214267, 	throughput: 7 samples/sec
Average loss at batch 28700: 0.285437, 	throughput: 7 samples/sec
Average loss at batch 28800: 0.284631, 	throughput: 7 samples/sec
Average loss at batch 28900: 0.279574, 	throughput: 7 samples/sec
Average loss at batch 29000: 0.300352, 	throughput: 7 samples/sec
Average loss at batch 29100: 0.314730, 	throughput: 7 samples/sec
Average loss at batch 29200: 0.255995, 	throughput: 7 samples/sec
Average loss at batch 29300: 0.213397, 	throughput: 7 samples/sec
Average loss at batch 29400: 0.202043, 	throughput: 7 samples/sec
Average loss at batch 29500: 0.218391, 	throughput: 7 samples/sec
Average loss at batch 29600: 0.199027, 	throughput: 7 samples/sec
Average loss at batch 29700: 0.225778, 	throughput: 7 samples/sec
Average loss at batch 29800: 0.206425, 	throughput: 7 samples/sec
Average loss at batch 29900: 0.145310, 	throughput: 7 samples/sec
Average loss at batch 30000: 0.200738, 	throughput: 7 samples/sec
Average loss at batch 30100: 0.199888, 	throughput: 7 samples/sec
Average loss at batch 30200: 0.239701, 	throughput: 7 samples/sec
Average loss at batch 30300: 0.225021, 	throughput: 7 samples/sec
Average loss at batch 30400: 0.231858, 	throughput: 7 samples/sec
Average loss at batch 30500: 0.217621, 	throughput: 7 samples/sec
Average loss at batch 30600: 0.208198, 	throughput: 7 samples/sec
Average loss at batch 30700: 0.171428, 	throughput: 7 samples/sec
Average loss at batch 30800: 0.155527, 	throughput: 7 samples/sec
Average loss at batch 30900: 0.222945, 	throughput: 7 samples/sec
Finished 1 epochs
Done testing, epoch reached
Evaluation time: 0h2m8s
Accuracy after 8 epochs: 0.13067
After 8 epochs: Precision: 0.19885, recall: 0.18256, F1: 0.19036
Rouge:  -1
Average loss at batch 31000: 0.213350, 	throughput: 3 samples/sec
Average loss at batch 31100: 0.181274, 	throughput: 7 samples/sec
Average loss at batch 31200: 0.108468, 	throughput: 7 samples/sec
Average loss at batch 31300: 0.117300, 	throughput: 7 samples/sec
Average loss at batch 31400: 0.111765, 	throughput: 7 samples/sec
Average loss at batch 31500: 0.164096, 	throughput: 7 samples/sec
Average loss at batch 31600: 0.161789, 	throughput: 7 samples/sec
Average loss at batch 31700: 0.251538, 	throughput: 7 samples/sec
Average loss at batch 31800: 0.123187, 	throughput: 7 samples/sec
Average loss at batch 31900: 0.153589, 	throughput: 7 samples/sec
Average loss at batch 32000: 0.238903, 	throughput: 7 samples/sec
Average loss at batch 32100: 0.217836, 	throughput: 7 samples/sec
Average loss at batch 32200: 0.227636, 	throughput: 7 samples/sec
Average loss at batch 32300: 0.221481, 	throughput: 7 samples/sec
Average loss at batch 32400: 0.260106, 	throughput: 7 samples/sec
Average loss at batch 32500: 0.228117, 	throughput: 7 samples/sec
Average loss at batch 32600: 0.261500, 	throughput: 7 samples/sec
Average loss at batch 32700: 0.289898, 	throughput: 7 samples/sec
Average loss at batch 32800: 0.265510, 	throughput: 7 samples/sec
Average loss at batch 32900: 0.221948, 	throughput: 7 samples/sec
Average loss at batch 33000: 0.215225, 	throughput: 7 samples/sec
Average loss at batch 33100: 0.216082, 	throughput: 7 samples/sec
Average loss at batch 33200: 0.175796, 	throughput: 7 samples/sec
Average loss at batch 33300: 0.215746, 	throughput: 7 samples/sec
Average loss at batch 33400: 0.214021, 	throughput: 7 samples/sec
Average loss at batch 33500: 0.178084, 	throughput: 7 samples/sec
Average loss at batch 33600: 0.223937, 	throughput: 7 samples/sec
Average loss at batch 33700: 0.185926, 	throughput: 7 samples/sec
Average loss at batch 33800: 0.153073, 	throughput: 7 samples/sec
Average loss at batch 33900: 0.169444, 	throughput: 7 samples/sec
Average loss at batch 34000: 0.227667, 	throughput: 7 samples/sec
Average loss at batch 34100: 0.195838, 	throughput: 7 samples/sec
Average loss at batch 34200: 0.215948, 	throughput: 7 samples/sec
Average loss at batch 34300: 0.170359, 	throughput: 7 samples/sec
Average loss at batch 34400: 0.173745, 	throughput: 7 samples/sec
Average loss at batch 34500: 0.172451, 	throughput: 7 samples/sec
Average loss at batch 34600: 0.164529, 	throughput: 7 samples/sec
Average loss at batch 34700: 0.147826, 	throughput: 7 samples/sec
Average loss at batch 34800: 0.204264, 	throughput: 7 samples/sec
Finished 1 epochs
Done testing, epoch reached
Evaluation time: 0h2m10s
Accuracy after 9 epochs: 0.14465
After 9 epochs: Precision: 0.21995, recall: 0.18861, F1: 0.20308
Rouge:  -1
Saved after 9 epochs in: ./models/really_final_constantless/model_iter9
Average loss at batch 34900: 0.184255, 	throughput: 3 samples/sec
Average loss at batch 35000: 0.086292, 	throughput: 7 samples/sec
Average loss at batch 35100: 0.104141, 	throughput: 7 samples/sec
Average loss at batch 35200: 0.151298, 	throughput: 7 samples/sec
Average loss at batch 35300: 0.107600, 	throughput: 7 samples/sec
Average loss at batch 35400: 0.172524, 	throughput: 7 samples/sec
Average loss at batch 35500: 0.190539, 	throughput: 7 samples/sec
Average loss at batch 35600: 0.203757, 	throughput: 7 samples/sec
Average loss at batch 35700: 0.123215, 	throughput: 7 samples/sec
Average loss at batch 35800: 0.155120, 	throughput: 7 samples/sec
Average loss at batch 35900: 0.242900, 	throughput: 7 samples/sec
Average loss at batch 36000: 0.207920, 	throughput: 7 samples/sec
Average loss at batch 36100: 0.232800, 	throughput: 7 samples/sec
Average loss at batch 36200: 0.186434, 	throughput: 7 samples/sec
Average loss at batch 36300: 0.249267, 	throughput: 7 samples/sec
Average loss at batch 36400: 0.208861, 	throughput: 7 samples/sec
Average loss at batch 36500: 0.258981, 	throughput: 7 samples/sec
Average loss at batch 36600: 0.249390, 	throughput: 7 samples/sec
Average loss at batch 36700: 0.245824, 	throughput: 7 samples/sec
Average loss at batch 36800: 0.206647, 	throughput: 7 samples/sec
Average loss at batch 36900: 0.226599, 	throughput: 7 samples/sec
Average loss at batch 37000: 0.177112, 	throughput: 7 samples/sec
Average loss at batch 37100: 0.192864, 	throughput: 7 samples/sec
Average loss at batch 37200: 0.242068, 	throughput: 7 samples/sec
Average loss at batch 37300: 0.156077, 	throughput: 7 samples/sec
Average loss at batch 37400: 0.180883, 	throughput: 7 samples/sec
Average loss at batch 37500: 0.190797, 	throughput: 7 samples/sec
Average loss at batch 37600: 0.171228, 	throughput: 7 samples/sec
Average loss at batch 37700: 0.174807, 	throughput: 7 samples/sec
Average loss at batch 37800: 0.149634, 	throughput: 7 samples/sec
Average loss at batch 37900: 0.198310, 	throughput: 7 samples/sec
Average loss at batch 38000: 0.191858, 	throughput: 7 samples/sec
Average loss at batch 38100: 0.197840, 	throughput: 7 samples/sec
Average loss at batch 38200: 0.179129, 	throughput: 7 samples/sec
Average loss at batch 38300: 0.158871, 	throughput: 7 samples/sec
Average loss at batch 38400: 0.156178, 	throughput: 7 samples/sec
Average loss at batch 38500: 0.153814, 	throughput: 7 samples/sec
Average loss at batch 38600: 0.163685, 	throughput: 7 samples/sec
Average loss at batch 38700: 0.171990, 	throughput: 7 samples/sec
Finished 1 epochs
Done testing, epoch reached
Evaluation time: 0h2m10s
Accuracy after 10 epochs: 0.15164
After 10 epochs: Precision: 0.21779, recall: 0.19370, F1: 0.20504
Rouge:  -1
Saved after 10 epochs in: ./models/really_final_constantless/model_iter10
Average loss at batch 38800: 0.141423, 	throughput: 3 samples/sec
Average loss at batch 38900: 0.068364, 	throughput: 7 samples/sec
Average loss at batch 39000: 0.087004, 	throughput: 7 samples/sec
Average loss at batch 39100: 0.086430, 	throughput: 7 samples/sec
Average loss at batch 39200: 0.072336, 	throughput: 7 samples/sec
Average loss at batch 39300: 0.125763, 	throughput: 7 samples/sec
Average loss at batch 39400: 0.255163, 	throughput: 7 samples/sec
Average loss at batch 39500: 0.139929, 	throughput: 7 samples/sec
Average loss at batch 39600: 0.120223, 	throughput: 7 samples/sec
Average loss at batch 39700: 0.189375, 	throughput: 7 samples/sec
Average loss at batch 39800: 0.219601, 	throughput: 7 samples/sec
Average loss at batch 39900: 0.202340, 	throughput: 7 samples/sec
Average loss at batch 40000: 0.211367, 	throughput: 7 samples/sec
Average loss at batch 40100: 0.200774, 	throughput: 7 samples/sec
Average loss at batch 40200: 0.220456, 	throughput: 7 samples/sec
Average loss at batch 40300: 0.205877, 	throughput: 7 samples/sec
Average loss at batch 40400: 0.256817, 	throughput: 7 samples/sec
Average loss at batch 40500: 0.243274, 	throughput: 7 samples/sec
Average loss at batch 40600: 0.240213, 	throughput: 7 samples/sec
Average loss at batch 40700: 0.193474, 	throughput: 7 samples/sec
Average loss at batch 40800: 0.224344, 	throughput: 7 samples/sec
Average loss at batch 40900: 0.192826, 	throughput: 7 samples/sec
Average loss at batch 41000: 0.192173, 	throughput: 7 samples/sec
Average loss at batch 41100: 0.189703, 	throughput: 7 samples/sec
Average loss at batch 41200: 0.153814, 	throughput: 7 samples/sec
Average loss at batch 41300: 0.179510, 	throughput: 7 samples/sec
Average loss at batch 41400: 0.201627, 	throughput: 7 samples/sec
Average loss at batch 41500: 0.151404, 	throughput: 7 samples/sec
Average loss at batch 41600: 0.171498, 	throughput: 7 samples/sec
Average loss at batch 41700: 0.181741, 	throughput: 7 samples/sec
Average loss at batch 41800: 0.183573, 	throughput: 7 samples/sec
Average loss at batch 41900: 0.189996, 	throughput: 7 samples/sec
Average loss at batch 42000: 0.177806, 	throughput: 7 samples/sec
Average loss at batch 42100: 0.173839, 	throughput: 7 samples/sec
Average loss at batch 42200: 0.190489, 	throughput: 7 samples/sec
Average loss at batch 42300: 0.162300, 	throughput: 7 samples/sec
Average loss at batch 42400: 0.131744, 	throughput: 7 samples/sec
Average loss at batch 42500: 0.164270, 	throughput: 7 samples/sec
Average loss at batch 42600: 0.159855, 	throughput: 7 samples/sec
Finished 1 epochs
Done testing, epoch reached
Evaluation time: 0h2m13s
Accuracy after 11 epochs: 0.13300
After 11 epochs: Precision: 0.22790, recall: 0.18415, F1: 0.20370
Rouge:  -1
Average loss at batch 42700: 0.130021, 	throughput: 3 samples/sec
Average loss at batch 42800: 0.061701, 	throughput: 7 samples/sec
Average loss at batch 42900: 0.071537, 	throughput: 7 samples/sec
Average loss at batch 43000: 0.083754, 	throughput: 7 samples/sec
Average loss at batch 43100: 0.106151, 	throughput: 7 samples/sec
Average loss at batch 43200: 0.128994, 	throughput: 7 samples/sec
Average loss at batch 43300: 0.227559, 	throughput: 7 samples/sec
Average loss at batch 43400: 0.115698, 	throughput: 7 samples/sec
Average loss at batch 43500: 0.151629, 	throughput: 7 samples/sec
Average loss at batch 43600: 0.181517, 	throughput: 7 samples/sec
Average loss at batch 43700: 0.185555, 	throughput: 7 samples/sec
Average loss at batch 43800: 0.203676, 	throughput: 7 samples/sec
Average loss at batch 43900: 0.194205, 	throughput: 7 samples/sec
Average loss at batch 44000: 0.220127, 	throughput: 7 samples/sec
Average loss at batch 44100: 0.170499, 	throughput: 7 samples/sec
Average loss at batch 44200: 0.212649, 	throughput: 7 samples/sec
Average loss at batch 44300: 0.224951, 	throughput: 7 samples/sec
Average loss at batch 44400: 0.246418, 	throughput: 7 samples/sec
Average loss at batch 44500: 0.226580, 	throughput: 7 samples/sec
Average loss at batch 44600: 0.192789, 	throughput: 7 samples/sec
Average loss at batch 44700: 0.200328, 	throughput: 7 samples/sec
Average loss at batch 44800: 0.174729, 	throughput: 7 samples/sec
Average loss at batch 44900: 0.163817, 	throughput: 7 samples/sec
Average loss at batch 45000: 0.188606, 	throughput: 7 samples/sec
Average loss at batch 45100: 0.145267, 	throughput: 7 samples/sec
Average loss at batch 45200: 0.164470, 	throughput: 7 samples/sec
Average loss at batch 45300: 0.161257, 	throughput: 7 samples/sec
Average loss at batch 45400: 0.145651, 	throughput: 7 samples/sec
Average loss at batch 45500: 0.168180, 	throughput: 7 samples/sec
Average loss at batch 45600: 0.161207, 	throughput: 7 samples/sec
Average loss at batch 45700: 0.179647, 	throughput: 7 samples/sec
Average loss at batch 45800: 0.184655, 	throughput: 7 samples/sec
Average loss at batch 45900: 0.170419, 	throughput: 7 samples/sec
Average loss at batch 46000: 0.115596, 	throughput: 7 samples/sec
Average loss at batch 46100: 0.158042, 	throughput: 7 samples/sec
Average loss at batch 46200: 0.131271, 	throughput: 7 samples/sec
Average loss at batch 46300: 0.122554, 	throughput: 7 samples/sec
Average loss at batch 46400: 0.182406, 	throughput: 5 samples/sec
Finished 1 epochs
Done testing, epoch reached
Evaluation time: 0h3m45s
Accuracy after 12 epochs: 0.12925
After 12 epochs: Precision: 0.20974, recall: 0.18298, F1: 0.19545
Rouge:  -1
Average loss at batch 46500: 0.144379, 	throughput: 2 samples/sec
Average loss at batch 46600: 0.095361, 	throughput: 5 samples/sec
Average loss at batch 46700: 0.073122, 	throughput: 5 samples/sec
Average loss at batch 46800: 0.080109, 	throughput: 5 samples/sec
Average loss at batch 46900: 0.058943, 	throughput: 5 samples/sec
Average loss at batch 47000: 0.141418, 	throughput: 5 samples/sec
Average loss at batch 47100: 0.140804, 	throughput: 5 samples/sec
Average loss at batch 47200: 0.212136, 	throughput: 6 samples/sec
Average loss at batch 47300: 0.119559, 	throughput: 7 samples/sec
Average loss at batch 47400: 0.131827, 	throughput: 7 samples/sec
Average loss at batch 47500: 0.201972, 	throughput: 7 samples/sec
Average loss at batch 47600: 0.165423, 	throughput: 7 samples/sec
Average loss at batch 47700: 0.226509, 	throughput: 7 samples/sec
Average loss at batch 47800: 0.189070, 	throughput: 7 samples/sec
Average loss at batch 47900: 0.206388, 	throughput: 7 samples/sec
Average loss at batch 48000: 0.183121, 	throughput: 7 samples/sec
Average loss at batch 48100: 0.209781, 	throughput: 8 samples/sec
Average loss at batch 48200: 0.245822, 	throughput: 8 samples/sec
Average loss at batch 48300: 0.226141, 	throughput: 8 samples/sec
Average loss at batch 48400: 0.193505, 	throughput: 8 samples/sec
Average loss at batch 48500: 0.195827, 	throughput: 8 samples/sec
Average loss at batch 48600: 0.188555, 	throughput: 8 samples/sec
Average loss at batch 48700: 0.164149, 	throughput: 8 samples/sec
Average loss at batch 48800: 0.197074, 	throughput: 8 samples/sec
Average loss at batch 48900: 0.148008, 	throughput: 8 samples/sec
Average loss at batch 49000: 0.141604, 	throughput: 8 samples/sec
Average loss at batch 49100: 0.192117, 	throughput: 8 samples/sec
Average loss at batch 49200: 0.135232, 	throughput: 8 samples/sec
Average loss at batch 49300: 0.151540, 	throughput: 8 samples/sec
Average loss at batch 49400: 0.149104, 	throughput: 8 samples/sec
Average loss at batch 49500: 0.169359, 	throughput: 8 samples/sec
Average loss at batch 49600: 0.164554, 	throughput: 8 samples/sec
Average loss at batch 49700: 0.177837, 	throughput: 8 samples/sec
Average loss at batch 49800: 0.145003, 	throughput: 8 samples/sec
Average loss at batch 49900: 0.141497, 	throughput: 8 samples/sec
Average loss at batch 50000: 0.145723, 	throughput: 8 samples/sec
Average loss at batch 50100: 0.133372, 	throughput: 8 samples/sec
Average loss at batch 50200: 0.120756, 	throughput: 8 samples/sec
Average loss at batch 50300: 0.161411, 	throughput: 8 samples/sec
Finished 1 epochs
Done testing, epoch reached
Evaluation time: 0h2m12s
Accuracy after 13 epochs: 0.12905
After 13 epochs: Precision: 0.21589, recall: 0.18244, F1: 0.19776
Rouge:  -1
Average loss at batch 50400: 0.129901, 	throughput: 3 samples/sec
Average loss at batch 50500: 0.069025, 	throughput: 8 samples/sec
Average loss at batch 50600: 0.073878, 	throughput: 8 samples/sec
Average loss at batch 50700: 0.090288, 	throughput: 8 samples/sec
Average loss at batch 50800: 0.058060, 	throughput: 8 samples/sec
Average loss at batch 50900: 0.119782, 	throughput: 8 samples/sec
Average loss at batch 51000: 0.174668, 	throughput: 8 samples/sec
Average loss at batch 51100: 0.149488, 	throughput: 8 samples/sec
Average loss at batch 51200: 0.111592, 	throughput: 8 samples/sec
Average loss at batch 51300: 0.120558, 	throughput: 8 samples/sec
Average loss at batch 51400: 0.196461, 	throughput: 8 samples/sec
Average loss at batch 51500: 0.182922, 	throughput: 8 samples/sec
Average loss at batch 51600: 0.195222, 	throughput: 8 samples/sec
Average loss at batch 51700: 0.154585, 	throughput: 8 samples/sec
Average loss at batch 51800: 0.223394, 	throughput: 8 samples/sec
Average loss at batch 51900: 0.176037, 	throughput: 8 samples/sec
Average loss at batch 52000: 0.201260, 	throughput: 8 samples/sec
Average loss at batch 52100: 0.209511, 	throughput: 8 samples/sec
Average loss at batch 52200: 0.222455, 	throughput: 8 samples/sec
Average loss at batch 52300: 0.182498, 	throughput: 8 samples/sec
Average loss at batch 52400: 0.194285, 	throughput: 8 samples/sec
Average loss at batch 52500: 0.165057, 	throughput: 8 samples/sec
Average loss at batch 52600: 0.165102, 	throughput: 8 samples/sec
Average loss at batch 52700: 0.173843, 	throughput: 8 samples/sec
Average loss at batch 52800: 0.143020, 	throughput: 8 samples/sec
Average loss at batch 52900: 0.167226, 	throughput: 8 samples/sec
Average loss at batch 53000: 0.159392, 	throughput: 8 samples/sec
Average loss at batch 53100: 0.157579, 	throughput: 8 samples/sec
Average loss at batch 53200: 0.140414, 	throughput: 8 samples/sec
Average loss at batch 53300: 0.147872, 	throughput: 8 samples/sec
Average loss at batch 53400: 0.184467, 	throughput: 8 samples/sec
Average loss at batch 53500: 0.140721, 	throughput: 8 samples/sec
Average loss at batch 53600: 0.166235, 	throughput: 8 samples/sec
Average loss at batch 53700: 0.127972, 	throughput: 8 samples/sec
Average loss at batch 53800: 0.147394, 	throughput: 8 samples/sec
Average loss at batch 53900: 0.138332, 	throughput: 8 samples/sec
Average loss at batch 54000: 0.130911, 	throughput: 8 samples/sec
Average loss at batch 54100: 0.131758, 	throughput: 8 samples/sec
Average loss at batch 54200: 0.145499, 	throughput: 8 samples/sec
Finished 1 epochs
Done testing, epoch reached
Evaluation time: 0h2m12s
Accuracy after 14 epochs: 0.14131
After 14 epochs: Precision: 0.24495, recall: 0.21097, F1: 0.22669
Rouge:  -1
Saved after 14 epochs in: ./models/really_final_constantless/model_iter14
Average loss at batch 54300: 0.129893, 	throughput: 3 samples/sec
Average loss at batch 54400: 0.047756, 	throughput: 8 samples/sec
Average loss at batch 54500: 0.071375, 	throughput: 8 samples/sec
Average loss at batch 54600: 0.072163, 	throughput: 8 samples/sec
Average loss at batch 54700: 0.069397, 	throughput: 8 samples/sec
Average loss at batch 54800: 0.102996, 	throughput: 8 samples/sec
Average loss at batch 54900: 0.220518, 	throughput: 8 samples/sec
Average loss at batch 55000: 0.117529, 	throughput: 8 samples/sec
Average loss at batch 55100: 0.110335, 	throughput: 8 samples/sec
Average loss at batch 55200: 0.159243, 	throughput: 8 samples/sec
Average loss at batch 55300: 0.203959, 	throughput: 8 samples/sec
Average loss at batch 55400: 0.189000, 	throughput: 8 samples/sec
Average loss at batch 55500: 0.184275, 	throughput: 8 samples/sec
Average loss at batch 55600: 0.210965, 	throughput: 8 samples/sec
Average loss at batch 55700: 0.173570, 	throughput: 8 samples/sec
Average loss at batch 55800: 0.186376, 	throughput: 8 samples/sec
Average loss at batch 55900: 0.201275, 	throughput: 8 samples/sec
Average loss at batch 56000: 0.210037, 	throughput: 8 samples/sec
Average loss at batch 56100: 0.212907, 	throughput: 8 samples/sec
Average loss at batch 56200: 0.175690, 	throughput: 8 samples/sec
Average loss at batch 56300: 0.191021, 	throughput: 8 samples/sec
Average loss at batch 56400: 0.171736, 	throughput: 8 samples/sec
Average loss at batch 56500: 0.167110, 	throughput: 8 samples/sec
Average loss at batch 56600: 0.181898, 	throughput: 8 samples/sec
Average loss at batch 56700: 0.136312, 	throughput: 8 samples/sec
Average loss at batch 56800: 0.151171, 	throughput: 8 samples/sec
Average loss at batch 56900: 0.158326, 	throughput: 8 samples/sec
Average loss at batch 57000: 0.128155, 	throughput: 8 samples/sec
Average loss at batch 57100: 0.142234, 	throughput: 7 samples/sec
Average loss at batch 57200: 0.141841, 	throughput: 7 samples/sec
Average loss at batch 57300: 0.159975, 	throughput: 7 samples/sec
Average loss at batch 57400: 0.170092, 	throughput: 7 samples/sec
Average loss at batch 57500: 0.169875, 	throughput: 7 samples/sec
Average loss at batch 57600: 0.114854, 	throughput: 7 samples/sec
Average loss at batch 57700: 0.138289, 	throughput: 7 samples/sec
Average loss at batch 57800: 0.129427, 	throughput: 7 samples/sec
Average loss at batch 57900: 0.109461, 	throughput: 7 samples/sec
Average loss at batch 58000: 0.146870, 	throughput: 7 samples/sec
Average loss at batch 58100: 0.156292, 	throughput: 7 samples/sec
Finished 1 epochs
Done testing, epoch reached
Evaluation time: 0h2m5s
Accuracy after 15 epochs: 0.15134
After 15 epochs: Precision: 0.24400, recall: 0.21507, F1: 0.22862
Rouge:  -1
Saved after 15 epochs in: ./models/really_final_constantless/model_iter15
Average loss at batch 58200: 0.103142, 	throughput: 3 samples/sec
Average loss at batch 58300: 0.041646, 	throughput: 7 samples/sec
Average loss at batch 58400: 0.066512, 	throughput: 7 samples/sec
Average loss at batch 58500: 0.065360, 	throughput: 7 samples/sec
Average loss at batch 58600: 0.087231, 	throughput: 7 samples/sec
Average loss at batch 58700: 0.117922, 	throughput: 7 samples/sec
Average loss at batch 58800: 0.202548, 	throughput: 7 samples/sec
Average loss at batch 58900: 0.112107, 	throughput: 7 samples/sec
Average loss at batch 59000: 0.101344, 	throughput: 7 samples/sec
Average loss at batch 59100: 0.169951, 	throughput: 6 samples/sec
Average loss at batch 59200: 0.173207, 	throughput: 7 samples/sec
Average loss at batch 59300: 0.184782, 	throughput: 7 samples/sec
Average loss at batch 59400: 0.165484, 	throughput: 6 samples/sec
Average loss at batch 59500: 0.216810, 	throughput: 7 samples/sec
Average loss at batch 59600: 0.141884, 	throughput: 7 samples/sec
Average loss at batch 59700: 0.207230, 	throughput: 7 samples/sec
Average loss at batch 59800: 0.192067, 	throughput: 7 samples/sec
Average loss at batch 59900: 0.215952, 	throughput: 7 samples/sec
Average loss at batch 60000: 0.210694, 	throughput: 7 samples/sec
Average loss at batch 60100: 0.162215, 	throughput: 7 samples/sec
Average loss at batch 60200: 0.182665, 	throughput: 7 samples/sec
Average loss at batch 60300: 0.165209, 	throughput: 7 samples/sec
Average loss at batch 60400: 0.157080, 	throughput: 7 samples/sec
Average loss at batch 60500: 0.164005, 	throughput: 7 samples/sec
Average loss at batch 60600: 0.139457, 	throughput: 7 samples/sec
Average loss at batch 60700: 0.151509, 	throughput: 7 samples/sec
Average loss at batch 60800: 0.152475, 	throughput: 7 samples/sec
Average loss at batch 60900: 0.130867, 	throughput: 7 samples/sec
Average loss at batch 61000: 0.147102, 	throughput: 7 samples/sec
Average loss at batch 61100: 0.148121, 	throughput: 7 samples/sec
Average loss at batch 61200: 0.156204, 	throughput: 7 samples/sec
Average loss at batch 61300: 0.170581, 	throughput: 7 samples/sec
Average loss at batch 61400: 0.154923, 	throughput: 7 samples/sec
Average loss at batch 61500: 0.108772, 	throughput: 7 samples/sec
Average loss at batch 61600: 0.152436, 	throughput: 7 samples/sec
Average loss at batch 61700: 0.118938, 	throughput: 7 samples/sec
Average loss at batch 61800: 0.111924, 	throughput: 8 samples/sec
Average loss at batch 61900: 0.146114, 	throughput: 8 samples/sec
Finished 1 epochs
Done testing, epoch reached
Evaluation time: 0h2m19s
Accuracy after 16 epochs: 0.14921
After 16 epochs: Precision: 0.22879, recall: 0.19604, F1: 0.21115
Rouge:  -1
Average loss at batch 62000: 0.151357, 	throughput: 3 samples/sec
Average loss at batch 62100: 0.076465, 	throughput: 7 samples/sec
Average loss at batch 62200: 0.053528, 	throughput: 7 samples/sec
Average loss at batch 62300: 0.081389, 	throughput: 7 samples/sec
Average loss at batch 62400: 0.044932, 	throughput: 7 samples/sec
Average loss at batch 62500: 0.104644, 	throughput: 7 samples/sec
Average loss at batch 62600: 0.130418, 	throughput: 7 samples/sec
Average loss at batch 62700: 0.186974, 	throughput: 7 samples/sec
Average loss at batch 62800: 0.110736, 	throughput: 7 samples/sec
Average loss at batch 62900: 0.127052, 	throughput: 7 samples/sec
Average loss at batch 63000: 0.204357, 	throughput: 7 samples/sec
Average loss at batch 63100: 0.161804, 	throughput: 7 samples/sec
Average loss at batch 63200: 0.187529, 	throughput: 7 samples/sec
Average loss at batch 63300: 0.154710, 	throughput: 7 samples/sec
Average loss at batch 63400: 0.189400, 	throughput: 7 samples/sec
Average loss at batch 63500: 0.172065, 	throughput: 7 samples/sec
Average loss at batch 63600: 0.198351, 	throughput: 7 samples/sec
Average loss at batch 63700: 0.212955, 	throughput: 7 samples/sec
Average loss at batch 63800: 0.232010, 	throughput: 7 samples/sec
Average loss at batch 63900: 0.186048, 	throughput: 7 samples/sec
Average loss at batch 64000: 0.181288, 	throughput: 7 samples/sec
Average loss at batch 64100: 0.170191, 	throughput: 7 samples/sec
Average loss at batch 64200: 0.152302, 	throughput: 7 samples/sec
Average loss at batch 64300: 0.181724, 	throughput: 7 samples/sec
Average loss at batch 64400: 0.133825, 	throughput: 8 samples/sec
Average loss at batch 64500: 0.121569, 	throughput: 8 samples/sec
Average loss at batch 64600: 0.181216, 	throughput: 8 samples/sec
Average loss at batch 64700: 0.126967, 	throughput: 8 samples/sec
Average loss at batch 64800: 0.131724, 	throughput: 8 samples/sec
Average loss at batch 64900: 0.127925, 	throughput: 8 samples/sec
Average loss at batch 65000: 0.170791, 	throughput: 7 samples/sec
Average loss at batch 65100: 0.145268, 	throughput: 7 samples/sec
Average loss at batch 65200: 0.160688, 	throughput: 8 samples/sec
Average loss at batch 65300: 0.123171, 	throughput: 8 samples/sec
Average loss at batch 65400: 0.112564, 	throughput: 7 samples/sec
Average loss at batch 65500: 0.128434, 	throughput: 7 samples/sec
Average loss at batch 65600: 0.128550, 	throughput: 8 samples/sec
Average loss at batch 65700: 0.118255, 	throughput: 8 samples/sec
Average loss at batch 65800: 0.151971, 	throughput: 8 samples/sec
Finished 1 epochs
Done testing, epoch reached
Evaluation time: 0h2m26s
Accuracy after 17 epochs: 0.15144
After 17 epochs: Precision: 0.25996, recall: 0.21868, F1: 0.23754
Rouge:  -1
Saved after 17 epochs in: ./models/really_final_constantless/model_iter17
Average loss at batch 65900: 0.117643, 	throughput: 3 samples/sec
Average loss at batch 66000: 0.048248, 	throughput: 7 samples/sec
Average loss at batch 66100: 0.054957, 	throughput: 7 samples/sec
Average loss at batch 66200: 0.065195, 	throughput: 7 samples/sec
Average loss at batch 66300: 0.044007, 	throughput: 7 samples/sec
Average loss at batch 66400: 0.113278, 	throughput: 7 samples/sec
Average loss at batch 66500: 0.181328, 	throughput: 7 samples/sec
Average loss at batch 66600: 0.132641, 	throughput: 7 samples/sec
Average loss at batch 66700: 0.107200, 	throughput: 7 samples/sec
Average loss at batch 66800: 0.120320, 	throughput: 7 samples/sec
Average loss at batch 66900: 0.177603, 	throughput: 7 samples/sec
Average loss at batch 67000: 0.175249, 	throughput: 7 samples/sec
Average loss at batch 67100: 0.171713, 	throughput: 7 samples/sec
Average loss at batch 67200: 0.148081, 	throughput: 7 samples/sec
Average loss at batch 67300: 0.203580, 	throughput: 7 samples/sec
Average loss at batch 67400: 0.165995, 	throughput: 7 samples/sec
Average loss at batch 67500: 0.192332, 	throughput: 7 samples/sec
Average loss at batch 67600: 0.208367, 	throughput: 7 samples/sec
Average loss at batch 67700: 0.219454, 	throughput: 7 samples/sec
Average loss at batch 67800: 0.162611, 	throughput: 7 samples/sec
Average loss at batch 67900: 0.178913, 	throughput: 7 samples/sec
Average loss at batch 68000: 0.150555, 	throughput: 7 samples/sec
Average loss at batch 68100: 0.165498, 	throughput: 7 samples/sec
Average loss at batch 68200: 0.169628, 	throughput: 8 samples/sec
Average loss at batch 68300: 0.124491, 	throughput: 8 samples/sec
Average loss at batch 68400: 0.149958, 	throughput: 8 samples/sec
Average loss at batch 68500: 0.143593, 	throughput: 7 samples/sec
Average loss at batch 68600: 0.120788, 	throughput: 7 samples/sec
Average loss at batch 68700: 0.133580, 	throughput: 7 samples/sec
Average loss at batch 68800: 0.145202, 	throughput: 8 samples/sec
Average loss at batch 68900: 0.163744, 	throughput: 7 samples/sec
Average loss at batch 69000: 0.156930, 	throughput: 8 samples/sec
Average loss at batch 69100: 0.163543, 	throughput: 7 samples/sec
Average loss at batch 69200: 0.113630, 	throughput: 7 samples/sec
Average loss at batch 69300: 0.123933, 	throughput: 6 samples/sec
Average loss at batch 69400: 0.136708, 	throughput: 6 samples/sec
Average loss at batch 69500: 0.122444, 	throughput: 6 samples/sec
Average loss at batch 69600: 0.123087, 	throughput: 6 samples/sec
Average loss at batch 69700: 0.136831, 	throughput: 6 samples/sec
Finished 1 epochs
Done testing, epoch reached
Evaluation time: 0h3m15s
Accuracy after 18 epochs: 0.14131
After 18 epochs: Precision: 0.24481, recall: 0.21214, F1: 0.22731
Rouge:  -1
Average loss at batch 69800: 0.107326, 	throughput: 2 samples/sec
Average loss at batch 69900: 0.043807, 	throughput: 6 samples/sec
Average loss at batch 70000: 0.073540, 	throughput: 6 samples/sec
Average loss at batch 70100: 0.068074, 	throughput: 6 samples/sec
Average loss at batch 70200: 0.053990, 	throughput: 6 samples/sec
Average loss at batch 70300: 0.095646, 	throughput: 6 samples/sec
Average loss at batch 70400: 0.201220, 	throughput: 6 samples/sec
Average loss at batch 70500: 0.120734, 	throughput: 6 samples/sec
Average loss at batch 70600: 0.090881, 	throughput: 6 samples/sec
Average loss at batch 70700: 0.144950, 	throughput: 6 samples/sec
Average loss at batch 70800: 0.189707, 	throughput: 6 samples/sec
Average loss at batch 70900: 0.161302, 	throughput: 6 samples/sec
Average loss at batch 71000: 0.168757, 	throughput: 6 samples/sec
Average loss at batch 71100: 0.188940, 	throughput: 6 samples/sec
Average loss at batch 71200: 0.159888, 	throughput: 6 samples/sec
Average loss at batch 71300: 0.194860, 	throughput: 6 samples/sec
Average loss at batch 71400: 0.184629, 	throughput: 6 samples/sec
Average loss at batch 71500: 0.201184, 	throughput: 6 samples/sec
Average loss at batch 71600: 0.207484, 	throughput: 6 samples/sec
Average loss at batch 71700: 0.157567, 	throughput: 6 samples/sec
Average loss at batch 71800: 0.178168, 	throughput: 6 samples/sec
Average loss at batch 71900: 0.167533, 	throughput: 6 samples/sec
Average loss at batch 72000: 0.149888, 	throughput: 6 samples/sec
Average loss at batch 72100: 0.148850, 	throughput: 6 samples/sec
Average loss at batch 72200: 0.127677, 	throughput: 6 samples/sec
Average loss at batch 72300: 0.132502, 	throughput: 6 samples/sec
Average loss at batch 72400: 0.145538, 	throughput: 6 samples/sec
Average loss at batch 72500: 0.128775, 	throughput: 6 samples/sec
Average loss at batch 72600: 0.134721, 	throughput: 6 samples/sec
Average loss at batch 72700: 0.138463, 	throughput: 6 samples/sec
Average loss at batch 72800: 0.155280, 	throughput: 6 samples/sec
Average loss at batch 72900: 0.154517, 	throughput: 6 samples/sec
Average loss at batch 73000: 0.156866, 	throughput: 6 samples/sec
Average loss at batch 73100: 0.108308, 	throughput: 5 samples/sec
Average loss at batch 73200: 0.131895, 	throughput: 6 samples/sec
Average loss at batch 73300: 0.120772, 	throughput: 6 samples/sec
Average loss at batch 73400: 0.106912, 	throughput: 6 samples/sec
Average loss at batch 73500: 0.142055, 	throughput: 6 samples/sec
Average loss at batch 73600: 0.127558, 	throughput: 6 samples/sec
Finished 1 epochs
Done testing, epoch reached
Evaluation time: 0h3m17s
Accuracy after 19 epochs: 0.15083
After 19 epochs: Precision: 0.23540, recall: 0.19376, F1: 0.21256
Rouge:  -1
Average loss at batch 73700: 0.089121, 	throughput: 2 samples/sec
Average loss at batch 73800: 0.047411, 	throughput: 6 samples/sec
Average loss at batch 73900: 0.059714, 	throughput: 6 samples/sec
Average loss at batch 74000: 0.055811, 	throughput: 6 samples/sec
Average loss at batch 74100: 0.082915, 	throughput: 6 samples/sec
Average loss at batch 74200: 0.108336, 	throughput: 6 samples/sec
Average loss at batch 74300: 0.173981, 	throughput: 6 samples/sec
Average loss at batch 74400: 0.098731, 	throughput: 6 samples/sec
Average loss at batch 74500: 0.104816, 	throughput: 6 samples/sec
Average loss at batch 74600: 0.159938, 	throughput: 6 samples/sec
Average loss at batch 74700: 0.167067, 	throughput: 6 samples/sec
Average loss at batch 74800: 0.184348, 	throughput: 6 samples/sec
Average loss at batch 74900: 0.149573, 	throughput: 6 samples/sec
Average loss at batch 75000: 0.202462, 	throughput: 6 samples/sec
Average loss at batch 75100: 0.154576, 	throughput: 6 samples/sec
Average loss at batch 75200: 0.172950, 	throughput: 6 samples/sec
Average loss at batch 75300: 0.204308, 	throughput: 6 samples/sec
Average loss at batch 75400: 0.208542, 	throughput: 6 samples/sec
Average loss at batch 75500: 0.188647, 	throughput: 6 samples/sec
Average loss at batch 75600: 0.165131, 	throughput: 6 samples/sec
Average loss at batch 75700: 0.170260, 	throughput: 6 samples/sec
Average loss at batch 75800: 0.161902, 	throughput: 6 samples/sec
Average loss at batch 75900: 0.151280, 	throughput: 6 samples/sec
Average loss at batch 76000: 0.157477, 	throughput: 6 samples/sec
Average loss at batch 76100: 0.116754, 	throughput: 6 samples/sec
Average loss at batch 76200: 0.140670, 	throughput: 6 samples/sec
Average loss at batch 76300: 0.131234, 	throughput: 6 samples/sec
Average loss at batch 76400: 0.125955, 	throughput: 6 samples/sec
Average loss at batch 76500: 0.132091, 	throughput: 6 samples/sec
Average loss at batch 76600: 0.144059, 	throughput: 6 samples/sec
Average loss at batch 76700: 0.150532, 	throughput: 6 samples/sec
Average loss at batch 76800: 0.152739, 	throughput: 6 samples/sec
Average loss at batch 76900: 0.136104, 	throughput: 6 samples/sec
Average loss at batch 77000: 0.096147, 	throughput: 6 samples/sec
Average loss at batch 77100: 0.144579, 	throughput: 5 samples/sec
Average loss at batch 77200: 0.115377, 	throughput: 6 samples/sec
Average loss at batch 77300: 0.103365, 	throughput: 6 samples/sec
Average loss at batch 77400: 0.156886, 	throughput: 6 samples/sec
Finished 1 epochs
Done testing, epoch reached
Evaluation time: 0h3m17s
Accuracy after 20 epochs: 0.15357
After 20 epochs: Precision: 0.19709, recall: 0.17258, F1: 0.18402
Rouge:  -1
Average loss at batch 77500: 0.123357, 	throughput: 2 samples/sec
Average loss at batch 77600: 0.060068, 	throughput: 6 samples/sec
Average loss at batch 77700: 0.056465, 	throughput: 6 samples/sec
Average loss at batch 77800: 0.070567, 	throughput: 6 samples/sec
Average loss at batch 77900: 0.039919, 	throughput: 6 samples/sec
Average loss at batch 78000: 0.104261, 	throughput: 6 samples/sec
Average loss at batch 78100: 0.141692, 	throughput: 6 samples/sec
Average loss at batch 78200: 0.168633, 	throughput: 6 samples/sec
Average loss at batch 78300: 0.099183, 	throughput: 6 samples/sec
Average loss at batch 78400: 0.122933, 	throughput: 6 samples/sec
Average loss at batch 78500: 0.200860, 	throughput: 6 samples/sec
Average loss at batch 78600: 0.154720, 	throughput: 6 samples/sec
Average loss at batch 78700: 0.193176, 	throughput: 6 samples/sec
Average loss at batch 78800: 0.132479, 	throughput: 6 samples/sec
Average loss at batch 78900: 0.192018, 	throughput: 6 samples/sec
Average loss at batch 79000: 0.168766, 	throughput: 6 samples/sec
Average loss at batch 79100: 0.186303, 	throughput: 6 samples/sec
Average loss at batch 79200: 0.208359, 	throughput: 6 samples/sec
Average loss at batch 79300: 0.217837, 	throughput: 6 samples/sec
Average loss at batch 79400: 0.169856, 	throughput: 6 samples/sec
Average loss at batch 79500: 0.171486, 	throughput: 6 samples/sec
Average loss at batch 79600: 0.175538, 	throughput: 6 samples/sec
Average loss at batch 79700: 0.149532, 	throughput: 6 samples/sec
Average loss at batch 79800: 0.171142, 	throughput: 6 samples/sec
Average loss at batch 79900: 0.132499, 	throughput: 6 samples/sec
Average loss at batch 80000: 0.119698, 	throughput: 6 samples/sec
Average loss at batch 80100: 0.167034, 	throughput: 6 samples/sec
Average loss at batch 80200: 0.108046, 	throughput: 6 samples/sec
Average loss at batch 80300: 0.135340, 	throughput: 6 samples/sec
Average loss at batch 80400: 0.122990, 	throughput: 6 samples/sec
Average loss at batch 80500: 0.154159, 	throughput: 6 samples/sec
Average loss at batch 80600: 0.129540, 	throughput: 6 samples/sec
Average loss at batch 80700: 0.149334, 	throughput: 6 samples/sec
Average loss at batch 80800: 0.122853, 	throughput: 6 samples/sec
Average loss at batch 80900: 0.107020, 	throughput: 6 samples/sec
Average loss at batch 81000: 0.135686, 	throughput: 5 samples/sec
Average loss at batch 81100: 0.119929, 	throughput: 6 samples/sec
Average loss at batch 81200: 0.118444, 	throughput: 6 samples/sec
Average loss at batch 81300: 0.146676, 	throughput: 6 samples/sec
Finished 1 epochs
Done testing, epoch reached
Evaluation time: 0h3m22s
Accuracy after 21 epochs: 0.14455
After 21 epochs: Precision: 0.18871, recall: 0.16805, F1: 0.17778
Rouge:  -1
Average loss at batch 81400: 0.110794, 	throughput: 2 samples/sec
Average loss at batch 81500: 0.047031, 	throughput: 6 samples/sec
Average loss at batch 81600: 0.054355, 	throughput: 6 samples/sec
Average loss at batch 81700: 0.064868, 	throughput: 6 samples/sec
Average loss at batch 81800: 0.034040, 	throughput: 6 samples/sec
Average loss at batch 81900: 0.099335, 	throughput: 6 samples/sec
Average loss at batch 82000: 0.187450, 	throughput: 6 samples/sec
Average loss at batch 82100: 0.122210, 	throughput: 6 samples/sec
Average loss at batch 82200: 0.111334, 	throughput: 6 samples/sec
Average loss at batch 82300: 0.111466, 	throughput: 6 samples/sec
Average loss at batch 82400: 0.184881, 	throughput: 6 samples/sec
Average loss at batch 82500: 0.163265, 	throughput: 6 samples/sec
Average loss at batch 82600: 0.172869, 	throughput: 6 samples/sec
Average loss at batch 82700: 0.151237, 	throughput: 6 samples/sec
Average loss at batch 82800: 0.182891, 	throughput: 6 samples/sec
Average loss at batch 82900: 0.163290, 	throughput: 6 samples/sec
Average loss at batch 83000: 0.187417, 	throughput: 6 samples/sec
Average loss at batch 83100: 0.200985, 	throughput: 6 samples/sec
Average loss at batch 83200: 0.205499, 	throughput: 6 samples/sec
Average loss at batch 83300: 0.174454, 	throughput: 6 samples/sec
Average loss at batch 83400: 0.163536, 	throughput: 6 samples/sec
Average loss at batch 83500: 0.152333, 	throughput: 6 samples/sec
Average loss at batch 83600: 0.166371, 	throughput: 6 samples/sec
Average loss at batch 83700: 0.156877, 	throughput: 6 samples/sec
Average loss at batch 83800: 0.120216, 	throughput: 6 samples/sec
Average loss at batch 83900: 0.142790, 	throughput: 6 samples/sec
Average loss at batch 84000: 0.132758, 	throughput: 6 samples/sec
Average loss at batch 84100: 0.125986, 	throughput: 6 samples/sec
Average loss at batch 84200: 0.135948, 	throughput: 6 samples/sec
Average loss at batch 84300: 0.133549, 	throughput: 8 samples/sec
Average loss at batch 84400: 0.156725, 	throughput: 8 samples/sec
Average loss at batch 84500: 0.145213, 	throughput: 8 samples/sec
Average loss at batch 84600: 0.140836, 	throughput: 8 samples/sec
Average loss at batch 84700: 0.115205, 	throughput: 8 samples/sec
Average loss at batch 84800: 0.135956, 	throughput: 8 samples/sec
Average loss at batch 84900: 0.129571, 	throughput: 6 samples/sec
Average loss at batch 85000: 0.108737, 	throughput: 7 samples/sec
Average loss at batch 85100: 0.117871, 	throughput: 8 samples/sec
Average loss at batch 85200: 0.141260, 	throughput: 8 samples/sec
Finished 1 epochs
Done testing, epoch reached
Evaluation time: 0h2m48s
Accuracy after 22 epochs: 0.14323
After 22 epochs: Precision: 0.19342, recall: 0.17180, F1: 0.18197
Rouge:  -1
Average loss at batch 85300: 0.097734, 	throughput: 2 samples/sec
Average loss at batch 85400: 0.037151, 	throughput: 7 samples/sec
Average loss at batch 85500: 0.069824, 	throughput: 8 samples/sec
Average loss at batch 85600: 0.058744, 	throughput: 8 samples/sec
Average loss at batch 85700: 0.052560, 	throughput: 8 samples/sec
Average loss at batch 85800: 0.093787, 	throughput: 8 samples/sec
Average loss at batch 85900: 0.192509, 	throughput: 7 samples/sec
Average loss at batch 86000: 0.113110, 	throughput: 7 samples/sec
Average loss at batch 86100: 0.112224, 	throughput: 7 samples/sec
Average loss at batch 86200: 0.139232, 	throughput: 7 samples/sec
Average loss at batch 86300: 0.185917, 	throughput: 7 samples/sec
Average loss at batch 86400: 0.165969, 	throughput: 8 samples/sec
Average loss at batch 86500: 0.156290, 	throughput: 8 samples/sec
Average loss at batch 86600: 0.179589, 	throughput: 8 samples/sec
Average loss at batch 86700: 0.161116, 	throughput: 8 samples/sec
Average loss at batch 86800: 0.177225, 	throughput: 8 samples/sec
Average loss at batch 86900: 0.174915, 	throughput: 8 samples/sec
Average loss at batch 87000: 0.206083, 	throughput: 8 samples/sec
Average loss at batch 87100: 0.205017, 	throughput: 8 samples/sec
Average loss at batch 87200: 0.160639, 	throughput: 8 samples/sec
Average loss at batch 87300: 0.167932, 	throughput: 8 samples/sec
Average loss at batch 87400: 0.163171, 	throughput: 8 samples/sec
Average loss at batch 87500: 0.147583, 	throughput: 8 samples/sec
Average loss at batch 87600: 0.154070, 	throughput: 8 samples/sec
Average loss at batch 87700: 0.120966, 	throughput: 8 samples/sec
Average loss at batch 87800: 0.131408, 	throughput: 8 samples/sec
Average loss at batch 87900: 0.128357, 	throughput: 8 samples/sec
Average loss at batch 88000: 0.116693, 	throughput: 8 samples/sec
Average loss at batch 88100: 0.138693, 	throughput: 8 samples/sec
Average loss at batch 88200: 0.131880, 	throughput: 8 samples/sec
Average loss at batch 88300: 0.158017, 	throughput: 8 samples/sec
Average loss at batch 88400: 0.155563, 	throughput: 8 samples/sec
Average loss at batch 88500: 0.152940, 	throughput: 8 samples/sec
Average loss at batch 88600: 0.092015, 	throughput: 6 samples/sec
Average loss at batch 88700: 0.147588, 	throughput: 8 samples/sec
Average loss at batch 88800: 0.121961, 	throughput: 8 samples/sec
Average loss at batch 88900: 0.108375, 	throughput: 8 samples/sec
Average loss at batch 89000: 0.146064, 	throughput: 8 samples/sec
Average loss at batch 89100: 0.136693, 	throughput: 8 samples/sec
Finished 1 epochs
Done testing, epoch reached
Evaluation time: 0h2m52s
Accuracy after 23 epochs: 0.15215
After 23 epochs: Precision: 0.19197, recall: 0.16902, F1: 0.17977
Rouge:  -1
Average loss at batch 89200: 0.076660, 	throughput: 2 samples/sec
Average loss at batch 89300: 0.054251, 	throughput: 7 samples/sec
Average loss at batch 89400: 0.057465, 	throughput: 7 samples/sec
Average loss at batch 89500: 0.062375, 	throughput: 8 samples/sec
Average loss at batch 89600: 0.080365, 	throughput: 7 samples/sec
Average loss at batch 89700: 0.106651, 	throughput: 8 samples/sec
Average loss at batch 89800: 0.185008, 	throughput: 7 samples/sec
Average loss at batch 89900: 0.099446, 	throughput: 8 samples/sec
Average loss at batch 90000: 0.102003, 	throughput: 7 samples/sec
Average loss at batch 90100: 0.174360, 	throughput: 8 samples/sec
Average loss at batch 90200: 0.153601, 	throughput: 8 samples/sec
Average loss at batch 90300: 0.181377, 	throughput: 8 samples/sec
Average loss at batch 90400: 0.150937, 	throughput: 7 samples/sec
Average loss at batch 90500: 0.190184, 	throughput: 8 samples/sec
Average loss at batch 90600: 0.147144, 	throughput: 8 samples/sec
Average loss at batch 90700: 0.167233, 	throughput: 8 samples/sec
Average loss at batch 90800: 0.194421, 	throughput: 8 samples/sec
Average loss at batch 90900: 0.223417, 	throughput: 8 samples/sec
Average loss at batch 91000: 0.178710, 	throughput: 8 samples/sec
Average loss at batch 91100: 0.163076, 	throughput: 8 samples/sec
Average loss at batch 91200: 0.157990, 	throughput: 8 samples/sec
Average loss at batch 91300: 0.154054, 	throughput: 8 samples/sec
Average loss at batch 91400: 0.150240, 	throughput: 8 samples/sec
Average loss at batch 91500: 0.146835, 	throughput: 8 samples/sec
Average loss at batch 91600: 0.114953, 	throughput: 8 samples/sec
Average loss at batch 91700: 0.146362, 	throughput: 8 samples/sec
Average loss at batch 91800: 0.120193, 	throughput: 8 samples/sec
Average loss at batch 91900: 0.123807, 	throughput: 8 samples/sec
Average loss at batch 92000: 0.128669, 	throughput: 8 samples/sec
Average loss at batch 92100: 0.145165, 	throughput: 8 samples/sec
Average loss at batch 92200: 0.142541, 	throughput: 6 samples/sec
Average loss at batch 92300: 0.145930, 	throughput: 7 samples/sec
Average loss at batch 92400: 0.126905, 	throughput: 8 samples/sec
Average loss at batch 92500: 0.098039, 	throughput: 8 samples/sec
Average loss at batch 92600: 0.136398, 	throughput: 8 samples/sec
Average loss at batch 92700: 0.110179, 	throughput: 8 samples/sec
Average loss at batch 92800: 0.107589, 	throughput: 8 samples/sec
Average loss at batch 92900: 0.147492, 	throughput: 8 samples/sec
Finished 1 epochs
Done testing, epoch reached
Evaluation time: 0h2m51s
Accuracy after 24 epochs: 0.14951
After 24 epochs: Precision: 0.18478, recall: 0.16824, F1: 0.17612
Rouge:  -1
Average loss at batch 93000: 0.104529, 	throughput: 2 samples/sec
Average loss at batch 93100: 0.054549, 	throughput: 7 samples/sec
Average loss at batch 93200: 0.055635, 	throughput: 8 samples/sec
Average loss at batch 93300: 0.074108, 	throughput: 8 samples/sec
Average loss at batch 93400: 0.039236, 	throughput: 8 samples/sec
Average loss at batch 93500: 0.093623, 	throughput: 7 samples/sec
Average loss at batch 93600: 0.140554, 	throughput: 8 samples/sec
Average loss at batch 93700: 0.151756, 	throughput: 8 samples/sec
Average loss at batch 93800: 0.093776, 	throughput: 7 samples/sec
Average loss at batch 93900: 0.113569, 	throughput: 8 samples/sec
Average loss at batch 94000: 0.185939, 	throughput: 7 samples/sec
Average loss at batch 94100: 0.156084, 	throughput: 8 samples/sec
Average loss at batch 94200: 0.178031, 	throughput: 8 samples/sec
Average loss at batch 94300: 0.137402, 	throughput: 7 samples/sec
Average loss at batch 94400: 0.177693, 	throughput: 8 samples/sec
Average loss at batch 94500: 0.154673, 	throughput: 7 samples/sec
Average loss at batch 94600: 0.183321, 	throughput: 8 samples/sec
Average loss at batch 94700: 0.197888, 	throughput: 8 samples/sec
Average loss at batch 94800: 0.219106, 	throughput: 8 samples/sec
Average loss at batch 94900: 0.168260, 	throughput: 8 samples/sec
Average loss at batch 95000: 0.169031, 	throughput: 8 samples/sec
Average loss at batch 95100: 0.161879, 	throughput: 8 samples/sec
Average loss at batch 95200: 0.144087, 	throughput: 8 samples/sec
Average loss at batch 95300: 0.161674, 	throughput: 8 samples/sec
Average loss at batch 95400: 0.128980, 	throughput: 8 samples/sec
Average loss at batch 95500: 0.128389, 	throughput: 8 samples/sec
Average loss at batch 95600: 0.135946, 	throughput: 8 samples/sec
Average loss at batch 95700: 0.116242, 	throughput: 8 samples/sec
Average loss at batch 95800: 0.133865, 	throughput: 7 samples/sec
Average loss at batch 95900: 0.129296, 	throughput: 6 samples/sec
Average loss at batch 96000: 0.161722, 	throughput: 8 samples/sec
Average loss at batch 96100: 0.135046, 	throughput: 8 samples/sec
Average loss at batch 96200: 0.156735, 	throughput: 8 samples/sec
Average loss at batch 96300: 0.126124, 	throughput: 8 samples/sec
Average loss at batch 96400: 0.116494, 	throughput: 8 samples/sec
Average loss at batch 96500: 0.123524, 	throughput: 8 samples/sec
Average loss at batch 96600: 0.112106, 	throughput: 8 samples/sec
Average loss at batch 96700: 0.112414, 	throughput: 8 samples/sec
Average loss at batch 96800: 0.145126, 	throughput: 8 samples/sec
Finished 1 epochs
Done testing, epoch reached
Evaluation time: 0h2m50s
Accuracy after 25 epochs: 0.14901
After 25 epochs: Precision: 0.18269, recall: 0.17003, F1: 0.17613
Rouge:  -1
Average loss at batch 96900: 0.113412, 	throughput: 2 samples/sec
Average loss at batch 97000: 0.039742, 	throughput: 7 samples/sec
Average loss at batch 97100: 0.060853, 	throughput: 8 samples/sec
Average loss at batch 97200: 0.065196, 	throughput: 8 samples/sec
Average loss at batch 97300: 0.043998, 	throughput: 7 samples/sec
Average loss at batch 97400: 0.087969, 	throughput: 8 samples/sec
Average loss at batch 97500: 0.194945, 	throughput: 8 samples/sec
Average loss at batch 97600: 0.112989, 	throughput: 7 samples/sec
Average loss at batch 97700: 0.098440, 	throughput: 7 samples/sec
Average loss at batch 97800: 0.124146, 	throughput: 8 samples/sec
Average loss at batch 97900: 0.179889, 	throughput: 7 samples/sec
Average loss at batch 98000: 0.162214, 	throughput: 8 samples/sec
Average loss at batch 98100: 0.165501, 	throughput: 8 samples/sec
Average loss at batch 98200: 0.156553, 	throughput: 7 samples/sec
Average loss at batch 98300: 0.167842, 	throughput: 7 samples/sec
Average loss at batch 98400: 0.158039, 	throughput: 7 samples/sec
Average loss at batch 98500: 0.175057, 	throughput: 8 samples/sec
Average loss at batch 98600: 0.206347, 	throughput: 8 samples/sec
Average loss at batch 98700: 0.206210, 	throughput: 8 samples/sec
Average loss at batch 98800: 0.170662, 	throughput: 8 samples/sec
Average loss at batch 98900: 0.160355, 	throughput: 8 samples/sec
Average loss at batch 99000: 0.159768, 	throughput: 8 samples/sec
Average loss at batch 99100: 0.152439, 	throughput: 8 samples/sec
Average loss at batch 99200: 0.141872, 	throughput: 8 samples/sec
Average loss at batch 99300: 0.118776, 	throughput: 8 samples/sec
Average loss at batch 99400: 0.130891, 	throughput: 8 samples/sec
Average loss at batch 99500: 0.117100, 	throughput: 6 samples/sec
Average loss at batch 99600: 0.115330, 	throughput: 7 samples/sec
Average loss at batch 99700: 0.125022, 	throughput: 8 samples/sec
Average loss at batch 99800: 0.130549, 	throughput: 8 samples/sec
Average loss at batch 99900: 0.160254, 	throughput: 8 samples/sec
Average loss at batch 100000: 0.143333, 	throughput: 8 samples/sec
Average loss at batch 100100: 0.136624, 	throughput: 8 samples/sec
Average loss at batch 100200: 0.108712, 	throughput: 8 samples/sec
Average loss at batch 100300: 0.126728, 	throughput: 8 samples/sec
Average loss at batch 100400: 0.120694, 	throughput: 8 samples/sec
Average loss at batch 100500: 0.101814, 	throughput: 8 samples/sec
Average loss at batch 100600: 0.127764, 	throughput: 8 samples/sec
Average loss at batch 100700: 0.128477, 	throughput: 8 samples/sec
Finished 1 epochs
Done testing, epoch reached
Evaluation time: 0h2m49s
Accuracy after 26 epochs: 0.13098
After 26 epochs: Precision: 0.16935, recall: 0.15931, F1: 0.16418
Rouge:  -1
Average loss at batch 100800: 0.103294, 	throughput: 2 samples/sec
Average loss at batch 100900: 0.038055, 	throughput: 7 samples/sec
Average loss at batch 101000: 0.060383, 	throughput: 8 samples/sec
Average loss at batch 101100: 0.064324, 	throughput: 7 samples/sec
Average loss at batch 101200: 0.052572, 	throughput: 8 samples/sec
Average loss at batch 101300: 0.098527, 	throughput: 7 samples/sec
Average loss at batch 101400: 0.189304, 	throughput: 7 samples/sec
Average loss at batch 101500: 0.120038, 	throughput: 7 samples/sec
Average loss at batch 101600: 0.108867, 	throughput: 8 samples/sec
Average loss at batch 101700: 0.129998, 	throughput: 8 samples/sec
Average loss at batch 101800: 0.174588, 	throughput: 8 samples/sec
Average loss at batch 101900: 0.165985, 	throughput: 8 samples/sec
Average loss at batch 102000: 0.155968, 	throughput: 7 samples/sec
Average loss at batch 102100: 0.166753, 	throughput: 8 samples/sec
Average loss at batch 102200: 0.159044, 	throughput: 8 samples/sec
Average loss at batch 102300: 0.165666, 	throughput: 8 samples/sec
Average loss at batch 102400: 0.179663, 	throughput: 8 samples/sec
Average loss at batch 102500: 0.192998, 	throughput: 8 samples/sec
Average loss at batch 102600: 0.205688, 	throughput: 8 samples/sec
Average loss at batch 102700: 0.166235, 	throughput: 8 samples/sec
Average loss at batch 102800: 0.165658, 	throughput: 8 samples/sec
Average loss at batch 102900: 0.158425, 	throughput: 8 samples/sec
Average loss at batch 103000: 0.147435, 	throughput: 8 samples/sec
Average loss at batch 103100: 0.145351, 	throughput: 7 samples/sec
Average loss at batch 103200: 0.114397, 	throughput: 6 samples/sec
Average loss at batch 103300: 0.131761, 	throughput: 8 samples/sec
Average loss at batch 103400: 0.117026, 	throughput: 8 samples/sec
Average loss at batch 103500: 0.120146, 	throughput: 8 samples/sec
Average loss at batch 103600: 0.137983, 	throughput: 8 samples/sec
Average loss at batch 103700: 0.126026, 	throughput: 8 samples/sec
Average loss at batch 103800: 0.152582, 	throughput: 8 samples/sec
Average loss at batch 103900: 0.140985, 	throughput: 8 samples/sec
Average loss at batch 104000: 0.139815, 	throughput: 8 samples/sec
Average loss at batch 104100: 0.087980, 	throughput: 8 samples/sec
Average loss at batch 104200: 0.139621, 	throughput: 8 samples/sec
Average loss at batch 104300: 0.102309, 	throughput: 8 samples/sec
Average loss at batch 104400: 0.095467, 	throughput: 8 samples/sec
Average loss at batch 104500: 0.140604, 	throughput: 8 samples/sec
Finished 1 epochs
Done testing, epoch reached
Evaluation time: 0h2m50s
Accuracy after 27 epochs: 0.15164
After 27 epochs: Precision: 0.19031, recall: 0.17005, F1: 0.17961
Rouge:  -1
Not improved for 10 epochs, stopping training
Best scores - epoch 17: 
Precision: 0.25996, recall: 0.21868, F1: 0.23754
