ERROR   | 2021-12-02 00:29:55,617 | root     | b'out of memory'
ERROR   | 2021-12-02 00:29:55,618 | root     | got an error while analyzing quotearg_buffer_restyled
ERROR   | 2021-12-02 00:29:55,975 | root     | b'out of memory'
ERROR   | 2021-12-02 00:29:55,975 | root     | got an error while analyzing quotearg_buffer
ERROR   | 2021-12-02 00:29:56,888 | root     | b'out of memory'
ERROR   | 2021-12-02 00:29:56,888 | root     | got an error while analyzing quotearg_alloc_mem
ERROR   | 2021-12-02 00:29:57,955 | root     | b'out of memory'
ERROR   | 2021-12-02 00:29:57,955 | root     | got an error while analyzing quotearg_n_options
ERROR   | 2021-12-02 00:30:22,275 | root     | b'out of memory'
ERROR   | 2021-12-02 00:30:22,276 | root     | got an error while analyzing version_etc_ar
ERROR   | 2021-12-02 00:30:23,508 | root     | b'out of memory'
ERROR   | 2021-12-02 00:30:23,508 | root     | got an error while analyzing version_etc_va
ERROR   | 2021-12-02 00:30:30,496 | root     | b'out of memory'
ERROR   | 2021-12-02 00:30:30,496 | root     | got an error while analyzing x2nrealloc
ERROR   | 2021-12-02 00:30:44,025 | root     | b'out of memory'
ERROR   | 2021-12-02 00:30:44,025 | root     | got an error while analyzing xalloc_die
ERROR   | 2021-12-02 00:30:45,769 | root     | b'out of memory'
ERROR   | 2021-12-02 00:30:45,769 | root     | got an error while analyzing xgetcwd
ERROR   | 2021-12-02 00:31:01,976 | root     | b'out of memory'
ERROR   | 2021-12-02 00:31:01,976 | root     | got an error while analyzing dir_len
ERROR   | 2021-12-02 00:31:04,814 | root     | b'out of memory'
ERROR   | 2021-12-02 00:31:04,814 | root     | got an error while analyzing last_component
ERROR   | 2021-12-02 00:31:07,651 | root     | b'out of memory'
ERROR   | 2021-12-02 00:31:07,651 | root     | got an error while analyzing hash_pjw
ERROR   | 2021-12-02 00:31:12,673 | root     | b'out of memory'
ERROR   | 2021-12-02 00:31:12,673 | root     | got an error while analyzing locale_charset
ERROR   | 2021-12-02 00:31:15,477 | root     | b'out of memory'
ERROR   | 2021-12-02 00:31:15,477 | root     | got an error while analyzing clear_ungetc_buffer_preserving_position
ERROR   | 2021-12-02 00:31:18,282 | root     | b'out of memory'
ERROR   | 2021-12-02 00:31:18,282 | root     | got an error while analyzing rpl_fseeko
