ERROR   | 2021-12-01 21:38:03,540 | root     | list index out of range
ERROR   | 2021-12-01 21:38:03,541 | root     | got an error while analyzing adjust_value
ERROR   | 2021-12-01 21:54:55,647 | root     | b'out of memory'
ERROR   | 2021-12-01 21:54:55,648 | root     | got an error while analyzing humblock
ERROR   | 2021-12-01 21:54:56,148 | root     | b'out of memory'
ERROR   | 2021-12-01 21:54:56,148 | root     | got an error while analyzing human_options
ERROR   | 2021-12-01 21:54:57,391 | root     | b'out of memory'
ERROR   | 2021-12-01 21:54:57,391 | root     | got an error while analyzing clone_quoting_options
ERROR   | 2021-12-01 21:55:47,258 | root     | list index out of range
ERROR   | 2021-12-01 21:55:47,258 | root     | got an error while analyzing quotearg_buffer_restyled
ERROR   | 2021-12-01 21:56:31,740 | root     | b'out of memory'
ERROR   | 2021-12-01 21:56:31,745 | root     | got an error while analyzing quotearg_n_options
ERROR   | 2021-12-01 21:59:27,889 | root     | list index out of range
ERROR   | 2021-12-01 21:59:27,889 | root     | got an error while analyzing xalloc_die
ERROR   | 2021-12-01 22:05:13,419 | root     | b'out of memory'
ERROR   | 2021-12-01 22:05:13,423 | root     | got an error while analyzing xstrtoumax
ERROR   | 2021-12-01 22:05:57,117 | root     | b'out of memory'
ERROR   | 2021-12-01 22:05:57,122 | root     | got an error while analyzing argmatch
ERROR   | 2021-12-01 22:05:58,090 | root     | b'out of memory'
ERROR   | 2021-12-01 22:05:58,095 | root     | got an error while analyzing argmatch_valid
ERROR   | 2021-12-01 22:05:58,550 | root     | b'out of memory'
ERROR   | 2021-12-01 22:05:58,558 | root     | got an error while analyzing argmatch_to_argument
ERROR   | 2021-12-01 22:17:56,991 | root     | b'out of memory'
ERROR   | 2021-12-01 22:17:56,997 | root     | got an error while analyzing locale_charset
