gcc-5__Ou__coreutils-8.25__sum have 104 funcs
analyzing gcc-5__Ou__coreutils-8.25__sum/deregister_tm_clones
started running deregister_tm_clones
finished deregister_tm_clones
removing targets
analyzing gcc-5__Ou__coreutils-8.25__sum/register_tm_clones
started running register_tm_clones
finished register_tm_clones
removing targets
analyzing gcc-5__Ou__coreutils-8.25__sum/frame_dummy
started running frame_dummy
finished frame_dummy
removing targets
analyzing gcc-5__Ou__coreutils-8.25__sum/emit_stdin_note
started running emit_stdin_note
finished emit_stdin_note
analyzing gcc-5__Ou__coreutils-8.25__sum/emit_ancillary_info
started running emit_ancillary_info
finished emit_ancillary_info
removing targets
analyzing gcc-5__Ou__coreutils-8.25__sum/emit_try_help
started running emit_try_help
finished emit_try_help
analyzing gcc-5__Ou__coreutils-8.25__sum/bsd_sum_file
started running bsd_sum_file
finished bsd_sum_file
analyzing gcc-5__Ou__coreutils-8.25__sum/sysv_sum_file
started running sysv_sum_file
finished sysv_sum_file
analyzing gcc-5__Ou__coreutils-8.25__sum/close_stdout_set_file_name
started running close_stdout_set_file_name
finished close_stdout_set_file_name
analyzing gcc-5__Ou__coreutils-8.25__sum/close_stdout_set_ignore_EPIPE
started running close_stdout_set_ignore_EPIPE
finished close_stdout_set_ignore_EPIPE
analyzing gcc-5__Ou__coreutils-8.25__sum/close_stdout
started running close_stdout
finished close_stdout
analyzing gcc-5__Ou__coreutils-8.25__sum/fdadvise
started running fdadvise
finished fdadvise
analyzing gcc-5__Ou__coreutils-8.25__sum/fadvise
started running fadvise
finished fadvise
removing targets
analyzing gcc-5__Ou__coreutils-8.25__sum/adjust_value
started running adjust_value
finished adjust_value
analyzing gcc-5__Ou__coreutils-8.25__sum/group_number
started running group_number
finished group_number
analyzing gcc-5__Ou__coreutils-8.25__sum/human_readable
started running human_readable
stopped exploration
finished human_readable
removing targets
analyzing gcc-5__Ou__coreutils-8.25__sum/default_block_size
started running default_block_size
finished default_block_size
analyzing gcc-5__Ou__coreutils-8.25__sum/humblock
started running humblock
analyzing gcc-5__Ou__coreutils-8.25__sum/human_options
started running human_options
analyzing gcc-5__Ou__coreutils-8.25__sum/set_program_name
started running set_program_name
finished set_program_name
removing targets
analyzing gcc-5__Ou__coreutils-8.25__sum/clone_quoting_options
started running clone_quoting_options
analyzing gcc-5__Ou__coreutils-8.25__sum/get_quoting_style
started running get_quoting_style
finished get_quoting_style
removing targets
analyzing gcc-5__Ou__coreutils-8.25__sum/set_quoting_style
started running set_quoting_style
finished set_quoting_style
removing targets
analyzing gcc-5__Ou__coreutils-8.25__sum/set_char_quoting
started running set_char_quoting
finished set_char_quoting
removing targets
analyzing gcc-5__Ou__coreutils-8.25__sum/set_quoting_flags
started running set_quoting_flags
finished set_quoting_flags
removing targets
analyzing gcc-5__Ou__coreutils-8.25__sum/set_custom_quoting
started running set_custom_quoting
finished set_custom_quoting
removing targets
analyzing gcc-5__Ou__coreutils-8.25__sum/quoting_options_from_style
started running quoting_options_from_style
finished quoting_options_from_style
analyzing gcc-5__Ou__coreutils-8.25__sum/gettext_quote
started running gettext_quote
finished gettext_quote
analyzing gcc-5__Ou__coreutils-8.25__sum/quotearg_buffer_restyled
started running quotearg_buffer_restyled
finished quotearg_buffer_restyled
analyzing gcc-5__Ou__coreutils-8.25__sum/quotearg_buffer
started running quotearg_buffer
finished quotearg_buffer
removing targets
analyzing gcc-5__Ou__coreutils-8.25__sum/quotearg_alloc
started running quotearg_alloc
finished quotearg_alloc
analyzing gcc-5__Ou__coreutils-8.25__sum/quotearg_alloc_mem
started running quotearg_alloc_mem
finished quotearg_alloc_mem
removing targets
analyzing gcc-5__Ou__coreutils-8.25__sum/quotearg_free
started running quotearg_free
finished quotearg_free
removing targets
analyzing gcc-5__Ou__coreutils-8.25__sum/quotearg_n_options
started running quotearg_n_options
analyzing gcc-5__Ou__coreutils-8.25__sum/quotearg_n
started running quotearg_n
finished quotearg_n
analyzing gcc-5__Ou__coreutils-8.25__sum/quotearg_n_mem
started running quotearg_n_mem
finished quotearg_n_mem
analyzing gcc-5__Ou__coreutils-8.25__sum/quotearg
started running quotearg
finished quotearg
analyzing gcc-5__Ou__coreutils-8.25__sum/quotearg_mem
started running quotearg_mem
finished quotearg_mem
analyzing gcc-5__Ou__coreutils-8.25__sum/quotearg_n_style
started running quotearg_n_style
finished quotearg_n_style
analyzing gcc-5__Ou__coreutils-8.25__sum/quotearg_n_style_mem
started running quotearg_n_style_mem
finished quotearg_n_style_mem
analyzing gcc-5__Ou__coreutils-8.25__sum/quotearg_style
started running quotearg_style
finished quotearg_style
analyzing gcc-5__Ou__coreutils-8.25__sum/quotearg_style_mem
started running quotearg_style_mem
finished quotearg_style_mem
analyzing gcc-5__Ou__coreutils-8.25__sum/quotearg_char_mem
started running quotearg_char_mem
finished quotearg_char_mem
analyzing gcc-5__Ou__coreutils-8.25__sum/quotearg_char
started running quotearg_char
finished quotearg_char
analyzing gcc-5__Ou__coreutils-8.25__sum/quotearg_colon
started running quotearg_colon
finished quotearg_colon
analyzing gcc-5__Ou__coreutils-8.25__sum/quotearg_colon_mem
started running quotearg_colon_mem
finished quotearg_colon_mem
analyzing gcc-5__Ou__coreutils-8.25__sum/quotearg_n_style_colon
started running quotearg_n_style_colon
finished quotearg_n_style_colon
analyzing gcc-5__Ou__coreutils-8.25__sum/quotearg_n_custom
started running quotearg_n_custom
finished quotearg_n_custom
analyzing gcc-5__Ou__coreutils-8.25__sum/quotearg_n_custom_mem
started running quotearg_n_custom_mem
finished quotearg_n_custom_mem
analyzing gcc-5__Ou__coreutils-8.25__sum/quotearg_custom
started running quotearg_custom
finished quotearg_custom
analyzing gcc-5__Ou__coreutils-8.25__sum/quotearg_custom_mem
started running quotearg_custom_mem
finished quotearg_custom_mem
analyzing gcc-5__Ou__coreutils-8.25__sum/quote_n_mem
started running quote_n_mem
finished quote_n_mem
analyzing gcc-5__Ou__coreutils-8.25__sum/quote_mem
started running quote_mem
finished quote_mem
analyzing gcc-5__Ou__coreutils-8.25__sum/quote_n
started running quote_n
finished quote_n
analyzing gcc-5__Ou__coreutils-8.25__sum/quote
started running quote
finished quote
analyzing gcc-5__Ou__coreutils-8.25__sum/safe_read
started running safe_read
finished safe_read
analyzing gcc-5__Ou__coreutils-8.25__sum/version_etc_arn
started running version_etc_arn
finished version_etc_arn
removing targets
analyzing gcc-5__Ou__coreutils-8.25__sum/version_etc_ar
started running version_etc_ar
finished version_etc_ar
removing targets
analyzing gcc-5__Ou__coreutils-8.25__sum/version_etc_va
started running version_etc_va
finished version_etc_va
removing targets
analyzing gcc-5__Ou__coreutils-8.25__sum/version_etc
started running version_etc
finished version_etc
removing targets
analyzing gcc-5__Ou__coreutils-8.25__sum/emit_bug_reporting_address
started running emit_bug_reporting_address
finished emit_bug_reporting_address
analyzing gcc-5__Ou__coreutils-8.25__sum/xnmalloc
started running xnmalloc
finished xnmalloc
removing targets
analyzing gcc-5__Ou__coreutils-8.25__sum/xnrealloc
started running xnrealloc
finished xnrealloc
removing targets
analyzing gcc-5__Ou__coreutils-8.25__sum/x2nrealloc
started running x2nrealloc
finished x2nrealloc
removing targets
analyzing gcc-5__Ou__coreutils-8.25__sum/xcharalloc
started running xcharalloc
finished xcharalloc
analyzing gcc-5__Ou__coreutils-8.25__sum/xmalloc
started running xmalloc
finished xmalloc
analyzing gcc-5__Ou__coreutils-8.25__sum/xrealloc
started running xrealloc
finished xrealloc
removing targets
analyzing gcc-5__Ou__coreutils-8.25__sum/x2realloc
started running x2realloc
finished x2realloc
analyzing gcc-5__Ou__coreutils-8.25__sum/xzalloc
started running xzalloc
finished xzalloc
analyzing gcc-5__Ou__coreutils-8.25__sum/xcalloc
started running xcalloc
finished xcalloc
analyzing gcc-5__Ou__coreutils-8.25__sum/xmemdup
started running xmemdup
finished xmemdup
analyzing gcc-5__Ou__coreutils-8.25__sum/xstrdup
started running xstrdup
finished xstrdup
analyzing gcc-5__Ou__coreutils-8.25__sum/xalloc_die
started running xalloc_die
finished xalloc_die
analyzing gcc-5__Ou__coreutils-8.25__sum/bkm_scale
started running bkm_scale
finished bkm_scale
removing targets
analyzing gcc-5__Ou__coreutils-8.25__sum/bkm_scale_by_power
started running bkm_scale_by_power
finished bkm_scale_by_power
removing targets
analyzing gcc-5__Ou__coreutils-8.25__sum/xstrtoumax
started running xstrtoumax
analyzing gcc-5__Ou__coreutils-8.25__sum/rpl_fclose
started running rpl_fclose
finished rpl_fclose
analyzing gcc-5__Ou__coreutils-8.25__sum/clear_ungetc_buffer_preserving_position
started running clear_ungetc_buffer_preserving_position
finished clear_ungetc_buffer_preserving_position
removing targets
analyzing gcc-5__Ou__coreutils-8.25__sum/rpl_fflush
started running rpl_fflush
finished rpl_fflush
removing targets
analyzing gcc-5__Ou__coreutils-8.25__sum/rpl_fseeko
started running rpl_fseeko
finished rpl_fseeko
removing targets
analyzing gcc-5__Ou__coreutils-8.25__sum/argmatch
started running argmatch
analyzing gcc-5__Ou__coreutils-8.25__sum/argmatch_invalid
started running argmatch_invalid
finished argmatch_invalid
removing targets
analyzing gcc-5__Ou__coreutils-8.25__sum/argmatch_valid
started running argmatch_valid
analyzing gcc-5__Ou__coreutils-8.25__sum/argmatch_to_argument
started running argmatch_to_argument
analyzing gcc-5__Ou__coreutils-8.25__sum/c_strcasecmp
started running c_strcasecmp
finished c_strcasecmp
removing targets
analyzing gcc-5__Ou__coreutils-8.25__sum/close_stream
started running close_stream
finished close_stream
analyzing gcc-5__Ou__coreutils-8.25__sum/get_charset_aliases
started running get_charset_aliases
stopped exploration
finished get_charset_aliases
removing targets
analyzing gcc-5__Ou__coreutils-8.25__sum/locale_charset
started running locale_charset
analyzing gcc-5__Ou__coreutils-8.25__sum/c_isalnum
started running c_isalnum
finished c_isalnum
removing targets
analyzing gcc-5__Ou__coreutils-8.25__sum/c_isalpha
started running c_isalpha
finished c_isalpha
removing targets
analyzing gcc-5__Ou__coreutils-8.25__sum/c_isascii
started running c_isascii
finished c_isascii
removing targets
analyzing gcc-5__Ou__coreutils-8.25__sum/c_isblank
started running c_isblank
finished c_isblank
removing targets
analyzing gcc-5__Ou__coreutils-8.25__sum/c_iscntrl
started running c_iscntrl
finished c_iscntrl
removing targets
analyzing gcc-5__Ou__coreutils-8.25__sum/c_isdigit
started running c_isdigit
finished c_isdigit
removing targets
analyzing gcc-5__Ou__coreutils-8.25__sum/c_isgraph
started running c_isgraph
finished c_isgraph
removing targets
analyzing gcc-5__Ou__coreutils-8.25__sum/c_islower
started running c_islower
finished c_islower
removing targets
analyzing gcc-5__Ou__coreutils-8.25__sum/c_isprint
started running c_isprint
finished c_isprint
removing targets
analyzing gcc-5__Ou__coreutils-8.25__sum/c_ispunct
started running c_ispunct
finished c_ispunct
removing targets
analyzing gcc-5__Ou__coreutils-8.25__sum/c_isspace
started running c_isspace
finished c_isspace
removing targets
analyzing gcc-5__Ou__coreutils-8.25__sum/c_isupper
started running c_isupper
finished c_isupper
removing targets
analyzing gcc-5__Ou__coreutils-8.25__sum/c_isxdigit
started running c_isxdigit
finished c_isxdigit
removing targets
analyzing gcc-5__Ou__coreutils-8.25__sum/c_tolower
started running c_tolower
finished c_tolower
removing targets
analyzing gcc-5__Ou__coreutils-8.25__sum/c_toupper
started running c_toupper
finished c_toupper
removing targets
analyzing gcc-5__Ou__coreutils-8.25__sum/atexit
started running atexit
finished atexit
removing targets
