Fatal Python error: Cannot recover from stack overflow.

Current thread 0x00007fc18138c0c0 (most recent call first):
  File "/home/ittay.al/venv/pproc/lib/python3.7/site-packages/claripy/ast/base.py", line 307 in _arg_serialize
  File "/home/ittay.al/venv/pproc/lib/python3.7/site-packages/claripy/ast/base.py", line 316 in _arg_serialize
  File "/home/ittay.al/venv/pproc/lib/python3.7/site-packages/claripy/ast/base.py", line 316 in _arg_serialize
  File "/home/ittay.al/venv/pproc/lib/python3.7/site-packages/claripy/ast/base.py", line 316 in _arg_serialize
  File "/home/ittay.al/venv/pproc/lib/python3.7/site-packages/claripy/ast/base.py", line 335 in _ast_serialize
  File "/home/ittay.al/venv/pproc/lib/python3.7/site-packages/claripy/ast/base.py", line 266 in _calc_hash
  File "/home/ittay.al/venv/pproc/lib/python3.7/site-packages/claripy/ast/base.py", line 224 in __new__
  File "/home/ittay.al/venv/pproc/lib/python3.7/site-packages/claripy/backends/backend_z3.py", line 515 in _abstract_internal
  File "/home/ittay.al/venv/pproc/lib/python3.7/site-packages/claripy/backends/backend_z3.py", line 407 in <listcomp>
  File "/home/ittay.al/venv/pproc/lib/python3.7/site-packages/claripy/backends/backend_z3.py", line 407 in _abstract_internal
  File "/home/ittay.al/venv/pproc/lib/python3.7/site-packages/claripy/backends/backend_z3.py", line 407 in <listcomp>
  File "/home/ittay.al/venv/pproc/lib/python3.7/site-packages/claripy/backends/backend_z3.py", line 407 in _abstract_internal
  File "/home/ittay.al/venv/pproc/lib/python3.7/site-packages/claripy/backends/backend_z3.py", line 407 in <listcomp>
  File "/home/ittay.al/venv/pproc/lib/python3.7/site-packages/claripy/backends/backend_z3.py", line 407 in _abstract_internal
  File "/home/ittay.al/venv/pproc/lib/python3.7/site-packages/claripy/backends/backend_z3.py", line 407 in <listcomp>
  File "/home/ittay.al/venv/pproc/lib/python3.7/site-packages/claripy/backends/backend_z3.py", line 407 in _abstract_internal
  File "/home/ittay.al/venv/pproc/lib/python3.7/site-packages/claripy/backends/backend_z3.py", line 407 in <listcomp>
  File "/home/ittay.al/venv/pproc/lib/python3.7/site-packages/claripy/backends/backend_z3.py", line 407 in _abstract_internal
  File "/home/ittay.al/venv/pproc/lib/python3.7/site-packages/claripy/backends/backend_z3.py", line 407 in <listcomp>
  File "/home/ittay.al/venv/pproc/lib/python3.7/site-packages/claripy/backends/backend_z3.py", line 407 in _abstract_internal
  File "/home/ittay.al/venv/pproc/lib/python3.7/site-packages/claripy/backends/backend_z3.py", line 407 in <listcomp>
  File "/home/ittay.al/venv/pproc/lib/python3.7/site-packages/claripy/backends/backend_z3.py", line 407 in _abstract_internal
  File "/home/ittay.al/venv/pproc/lib/python3.7/site-packages/claripy/backends/backend_z3.py", line 407 in <listcomp>
  File "/home/ittay.al/venv/pproc/lib/python3.7/site-packages/claripy/backends/backend_z3.py", line 407 in _abstract_internal
  File "/home/ittay.al/venv/pproc/lib/python3.7/site-packages/claripy/backends/backend_z3.py", line 407 in <listcomp>
  File "/home/ittay.al/venv/pproc/lib/python3.7/site-packages/claripy/backends/backend_z3.py", line 407 in _abstract_internal
  File "/home/ittay.al/venv/pproc/lib/python3.7/site-packages/claripy/backends/backend_z3.py", line 407 in <listcomp>
  File "/home/ittay.al/venv/pproc/lib/python3.7/site-packages/claripy/backends/backend_z3.py", line 407 in _abstract_internal
  File "/home/ittay.al/venv/pproc/lib/python3.7/site-packages/claripy/backends/backend_z3.py", line 407 in <listcomp>
  File "/home/ittay.al/venv/pproc/lib/python3.7/site-packages/claripy/backends/backend_z3.py", line 407 in _abstract_internal
  File "/home/ittay.al/venv/pproc/lib/python3.7/site-packages/claripy/backends/backend_z3.py", line 407 in <listcomp>
  File "/home/ittay.al/venv/pproc/lib/python3.7/site-packages/claripy/backends/backend_z3.py", line 407 in _abstract_internal
  File "/home/ittay.al/venv/pproc/lib/python3.7/site-packages/claripy/backends/backend_z3.py", line 407 in <listcomp>
  File "/home/ittay.al/venv/pproc/lib/python3.7/site-packages/claripy/backends/backend_z3.py", line 407 in _abstract_internal
  File "/home/ittay.al/venv/pproc/lib/python3.7/site-packages/claripy/backends/backend_z3.py", line 407 in <listcomp>
  File "/home/ittay.al/venv/pproc/lib/python3.7/site-packages/claripy/backends/backend_z3.py", line 407 in _abstract_internal
  File "/home/ittay.al/venv/pproc/lib/python3.7/site-packages/claripy/backends/backend_z3.py", line 407 in <listcomp>
  File "/home/ittay.al/venv/pproc/lib/python3.7/site-packages/claripy/backends/backend_z3.py", line 407 in _abstract_internal
  File "/home/ittay.al/venv/pproc/lib/python3.7/site-packages/claripy/backends/backend_z3.py", line 407 in <listcomp>
  File "/home/ittay.al/venv/pproc/lib/python3.7/site-packages/claripy/backends/backend_z3.py", line 407 in _abstract_internal
  File "/home/ittay.al/venv/pproc/lib/python3.7/site-packages/claripy/backends/backend_z3.py", line 407 in <listcomp>
  File "/home/ittay.al/venv/pproc/lib/python3.7/site-packages/claripy/backends/backend_z3.py", line 407 in _abstract_internal
  File "/home/ittay.al/venv/pproc/lib/python3.7/site-packages/claripy/backends/backend_z3.py", line 407 in <listcomp>
  File "/home/ittay.al/venv/pproc/lib/python3.7/site-packages/claripy/backends/backend_z3.py", line 407 in _abstract_internal
  File "/home/ittay.al/venv/pproc/lib/python3.7/site-packages/claripy/backends/backend_z3.py", line 407 in <listcomp>
  File "/home/ittay.al/venv/pproc/lib/python3.7/site-packages/claripy/backends/backend_z3.py", line 407 in _abstract_internal
  File "/home/ittay.al/venv/pproc/lib/python3.7/site-packages/claripy/backends/backend_z3.py", line 407 in <listcomp>
  File "/home/ittay.al/venv/pproc/lib/python3.7/site-packages/claripy/backends/backend_z3.py", line 407 in _abstract_internal
  File "/home/ittay.al/venv/pproc/lib/python3.7/site-packages/claripy/backends/backend_z3.py", line 407 in <listcomp>
  File "/home/ittay.al/venv/pproc/lib/python3.7/site-packages/claripy/backends/backend_z3.py", line 407 in _abstract_internal
  File "/home/ittay.al/venv/pproc/lib/python3.7/site-packages/claripy/backends/backend_z3.py", line 407 in <listcomp>
  File "/home/ittay.al/venv/pproc/lib/python3.7/site-packages/claripy/backends/backend_z3.py", line 407 in _abstract_internal
  File "/home/ittay.al/venv/pproc/lib/python3.7/site-packages/claripy/backends/backend_z3.py", line 407 in <listcomp>
  File "/home/ittay.al/venv/pproc/lib/python3.7/site-packages/claripy/backends/backend_z3.py", line 407 in _abstract_internal
  File "/home/ittay.al/venv/pproc/lib/python3.7/site-packages/claripy/backends/backend_z3.py", line 407 in <listcomp>
  File "/home/ittay.al/venv/pproc/lib/python3.7/site-packages/claripy/backends/backend_z3.py", line 407 in _abstract_internal
  File "/home/ittay.al/venv/pproc/lib/python3.7/site-packages/claripy/backends/backend_z3.py", line 407 in <listcomp>
  File "/home/ittay.al/venv/pproc/lib/python3.7/site-packages/claripy/backends/backend_z3.py", line 407 in _abstract_internal
  File "/home/ittay.al/venv/pproc/lib/python3.7/site-packages/claripy/backends/backend_z3.py", line 407 in <listcomp>
  File "/home/ittay.al/venv/pproc/lib/python3.7/site-packages/claripy/backends/backend_z3.py", line 407 in _abstract_internal
  File "/home/ittay.al/venv/pproc/lib/python3.7/site-packages/claripy/backends/backend_z3.py", line 407 in <listcomp>
  File "/home/ittay.al/venv/pproc/lib/python3.7/site-packages/claripy/backends/backend_z3.py", line 407 in _abstract_internal
  File "/home/ittay.al/venv/pproc/lib/python3.7/site-packages/claripy/backends/backend_z3.py", line 407 in <listcomp>
  File "/home/ittay.al/venv/pproc/lib/python3.7/site-packages/claripy/backends/backend_z3.py", line 407 in _abstract_internal
  File "/home/ittay.al/venv/pproc/lib/python3.7/site-packages/claripy/backends/backend_z3.py", line 407 in <listcomp>
  File "/home/ittay.al/venv/pproc/lib/python3.7/site-packages/claripy/backends/backend_z3.py", line 407 in _abstract_internal
  File "/home/ittay.al/venv/pproc/lib/python3.7/site-packages/claripy/backends/backend_z3.py", line 407 in <listcomp>
  File "/home/ittay.al/venv/pproc/lib/python3.7/site-packages/claripy/backends/backend_z3.py", line 407 in _abstract_internal
  File "/home/ittay.al/venv/pproc/lib/python3.7/site-packages/claripy/backends/backend_z3.py", line 407 in <listcomp>
  File "/home/ittay.al/venv/pproc/lib/python3.7/site-packages/claripy/backends/backend_z3.py", line 407 in _abstract_internal
  File "/home/ittay.al/venv/pproc/lib/python3.7/site-packages/claripy/backends/backend_z3.py", line 407 in <listcomp>
  File "/home/ittay.al/venv/pproc/lib/python3.7/site-packages/claripy/backends/backend_z3.py", line 407 in _abstract_internal
  File "/home/ittay.al/venv/pproc/lib/python3.7/site-packages/claripy/backends/backend_z3.py", line 407 in <listcomp>
  File "/home/ittay.al/venv/pproc/lib/python3.7/site-packages/claripy/backends/backend_z3.py", line 407 in _abstract_internal
  File "/home/ittay.al/venv/pproc/lib/python3.7/site-packages/claripy/backends/backend_z3.py", line 407 in <listcomp>
  File "/home/ittay.al/venv/pproc/lib/python3.7/site-packages/claripy/backends/backend_z3.py", line 407 in _abstract_internal
  File "/home/ittay.al/venv/pproc/lib/python3.7/site-packages/claripy/backends/backend_z3.py", line 407 in <listcomp>
  File "/home/ittay.al/venv/pproc/lib/python3.7/site-packages/claripy/backends/backend_z3.py", line 407 in _abstract_internal
  File "/home/ittay.al/venv/pproc/lib/python3.7/site-packages/claripy/backends/backend_z3.py", line 407 in <listcomp>
  File "/home/ittay.al/venv/pproc/lib/python3.7/site-packages/claripy/backends/backend_z3.py", line 407 in _abstract_internal
  File "/home/ittay.al/venv/pproc/lib/python3.7/site-packages/claripy/backends/backend_z3.py", line 407 in <listcomp>
  File "/home/ittay.al/venv/pproc/lib/python3.7/site-packages/claripy/backends/backend_z3.py", line 407 in _abstract_internal
  File "/home/ittay.al/venv/pproc/lib/python3.7/site-packages/claripy/backends/backend_z3.py", line 407 in <listcomp>
  File "/home/ittay.al/venv/pproc/lib/python3.7/site-packages/claripy/backends/backend_z3.py", line 407 in _abstract_internal
  File "/home/ittay.al/venv/pproc/lib/python3.7/site-packages/claripy/backends/backend_z3.py", line 407 in <listcomp>
  File "/home/ittay.al/venv/pproc/lib/python3.7/site-packages/claripy/backends/backend_z3.py", line 407 in _abstract_internal
  File "/home/ittay.al/venv/pproc/lib/python3.7/site-packages/claripy/backends/backend_z3.py", line 407 in <listcomp>
  File "/home/ittay.al/venv/pproc/lib/python3.7/site-packages/claripy/backends/backend_z3.py", line 407 in _abstract_internal
  File "/home/ittay.al/venv/pproc/lib/python3.7/site-packages/claripy/backends/backend_z3.py", line 407 in <listcomp>
  File "/home/ittay.al/venv/pproc/lib/python3.7/site-packages/claripy/backends/backend_z3.py", line 407 in _abstract_internal
  File "/home/ittay.al/venv/pproc/lib/python3.7/site-packages/claripy/backends/backend_z3.py", line 407 in <listcomp>
  File "/home/ittay.al/venv/pproc/lib/python3.7/site-packages/claripy/backends/backend_z3.py", line 407 in _abstract_internal
  File "/home/ittay.al/venv/pproc/lib/python3.7/site-packages/claripy/backends/backend_z3.py", line 407 in <listcomp>
  File "/home/ittay.al/venv/pproc/lib/python3.7/site-packages/claripy/backends/backend_z3.py", line 407 in _abstract_internal
  File "/home/ittay.al/venv/pproc/lib/python3.7/site-packages/claripy/backends/backend_z3.py", line 407 in <listcomp>
  File "/home/ittay.al/venv/pproc/lib/python3.7/site-packages/claripy/backends/backend_z3.py", line 407 in _abstract_internal
  File "/home/ittay.al/venv/pproc/lib/python3.7/site-packages/claripy/backends/backend_z3.py", line 407 in <listcomp>
  File "/home/ittay.al/venv/pproc/lib/python3.7/site-packages/claripy/backends/backend_z3.py", line 407 in _abstract_internal
  File "/home/ittay.al/venv/pproc/lib/python3.7/site-packages/claripy/backends/backend_z3.py", line 407 in <listcomp>
  File "/home/ittay.al/venv/pproc/lib/python3.7/site-packages/claripy/backends/backend_z3.py", line 407 in _abstract_internal
  ...
timeout: the monitored command dumped core
Aborted
