gcc-5__Ou__dico__dicod have 483 funcs
analyzing gcc-5__Ou__dico__dicod/deregister_tm_clones
started running deregister_tm_clones
finished deregister_tm_clones
removing targets
analyzing gcc-5__Ou__dico__dicod/register_tm_clones
started running register_tm_clones
finished register_tm_clones
removing targets
analyzing gcc-5__Ou__dico__dicod/frame_dummy
started running frame_dummy
finished frame_dummy
removing targets
analyzing gcc-5__Ou__dico__dicod/access_log_status
started running access_log_status
finished access_log_status
analyzing gcc-5__Ou__dico__dicod/add_instr
started running add_instr
finished add_instr
removing targets
analyzing gcc-5__Ou__dico__dicod/print_str
started running print_str
finished print_str
removing targets
analyzing gcc-5__Ou__dico__dicod/alog_print
started running alog_print
finished alog_print
analyzing gcc-5__Ou__dico__dicod/sockaddr_to_hostname
started running sockaddr_to_hostname
finished sockaddr_to_hostname
removing targets
analyzing gcc-5__Ou__dico__dicod/sockaddr_to_portname
started running sockaddr_to_portname
finished sockaddr_to_portname
removing targets
analyzing gcc-5__Ou__dico__dicod/alog_remote_ip
started running alog_remote_ip
finished alog_remote_ip
removing targets
analyzing gcc-5__Ou__dico__dicod/alog_local_ip
started running alog_local_ip
finished alog_local_ip
removing targets
analyzing gcc-5__Ou__dico__dicod/alog_response_size
started running alog_response_size
finished alog_response_size
analyzing gcc-5__Ou__dico__dicod/alog_response_size_clf
started running alog_response_size_clf
finished alog_response_size_clf
removing targets
analyzing gcc-5__Ou__dico__dicod/alog_client
started running alog_client
finished alog_client
analyzing gcc-5__Ou__dico__dicod/alog_time_ms
started running alog_time_ms
finished alog_time_ms
analyzing gcc-5__Ou__dico__dicod/alog_remote_host
started running alog_remote_host
finished alog_remote_host
removing targets
analyzing gcc-5__Ou__dico__dicod/alog_command_verb
started running alog_command_verb
finished alog_command_verb
analyzing gcc-5__Ou__dico__dicod/alog_command_verb_abbr
started running alog_command_verb_abbr
finished alog_command_verb_abbr
analyzing gcc-5__Ou__dico__dicod/alog_logname
started running alog_logname
finished alog_logname
analyzing gcc-5__Ou__dico__dicod/alog_strategy
started running alog_strategy
finished alog_strategy
removing targets
analyzing gcc-5__Ou__dico__dicod/alog_server_port
started running alog_server_port
finished alog_server_port
removing targets
analyzing gcc-5__Ou__dico__dicod/alog_pid
started running alog_pid
finished alog_pid
analyzing gcc-5__Ou__dico__dicod/alog_database
started running alog_database
finished alog_database
analyzing gcc-5__Ou__dico__dicod/alog_request
started running alog_request
finished alog_request
analyzing gcc-5__Ou__dico__dicod/alog_token
started running alog_token
finished alog_token
removing targets
analyzing gcc-5__Ou__dico__dicod/alog_status
started running alog_status
finished alog_status
removing targets
analyzing gcc-5__Ou__dico__dicod/alog_time
started running alog_time
finished alog_time
analyzing gcc-5__Ou__dico__dicod/alog_process_time
started running alog_process_time
finished alog_process_time
analyzing gcc-5__Ou__dico__dicod/alog_remote_user
started running alog_remote_user
finished alog_remote_user
analyzing gcc-5__Ou__dico__dicod/alog_conf_hostname
started running alog_conf_hostname
finished alog_conf_hostname
analyzing gcc-5__Ou__dico__dicod/alog_hostname
started running alog_hostname
finished alog_hostname
removing targets
analyzing gcc-5__Ou__dico__dicod/alog_word
started running alog_word
finished alog_word
analyzing gcc-5__Ou__dico__dicod/find_alog_entry
started running find_alog_entry
finished find_alog_entry
removing targets
analyzing gcc-5__Ou__dico__dicod/compile_access_log
started running compile_access_log
stopped exploration
finished compile_access_log
analyzing gcc-5__Ou__dico__dicod/format_access_log
started running format_access_log
finished format_access_log
analyzing gcc-5__Ou__dico__dicod/access_log
started running access_log
finished access_log
removing targets
analyzing gcc-5__Ou__dico__dicod/free_cache
started running free_cache
finished free_cache
removing targets
analyzing gcc-5__Ou__dico__dicod/access_log_free_cache
started running access_log_free_cache
finished access_log_free_cache
analyzing gcc-5__Ou__dico__dicod/dicod_string_list_from_grecs
started running dicod_string_list_from_grecs
finished dicod_string_list_from_grecs
analyzing gcc-5__Ou__dico__dicod/dicod_acl_create
started running dicod_acl_create
finished dicod_acl_create
analyzing gcc-5__Ou__dico__dicod/parse_acl_line
started running parse_acl_line
finished parse_acl_line
analyzing gcc-5__Ou__dico__dicod/cmp_group_name
started running cmp_group_name
finished cmp_group_name
analyzing gcc-5__Ou__dico__dicod/dicod_acl_check
started running dicod_acl_check
finished dicod_acl_check
removing targets
analyzing gcc-5__Ou__dico__dicod/acl_hasher
started running acl_hasher
finished acl_hasher
analyzing gcc-5__Ou__dico__dicod/acl_compare
started running acl_compare
finished acl_compare
analyzing gcc-5__Ou__dico__dicod/dicod_acl_install
started running dicod_acl_install
finished dicod_acl_install
removing targets
analyzing gcc-5__Ou__dico__dicod/dicod_acl_lookup
started running dicod_acl_lookup
finished dicod_acl_lookup
removing targets
analyzing gcc-5__Ou__dico__dicod/alias_hasher
started running alias_hasher
finished alias_hasher
analyzing gcc-5__Ou__dico__dicod/alias_compare
started running alias_compare
finished alias_compare
analyzing gcc-5__Ou__dico__dicod/alias_install
started running alias_install
finished alias_install
analyzing gcc-5__Ou__dico__dicod/list_alias_cmp
started running list_alias_cmp
finished list_alias_cmp
analyzing gcc-5__Ou__dico__dicod/alias_expand
started running alias_expand
finished alias_expand
removing targets
analyzing gcc-5__Ou__dico__dicod/verify_apop
started running verify_apop
finished verify_apop
analyzing gcc-5__Ou__dico__dicod/auth
started running auth
finished auth
analyzing gcc-5__Ou__dico__dicod/dicod_auth
started running dicod_auth
finished dicod_auth
analyzing gcc-5__Ou__dico__dicod/auth_init
started running auth_init
finished auth_init
removing targets
analyzing gcc-5__Ou__dico__dicod/register_auth
started running register_auth
finished register_auth
analyzing gcc-5__Ou__dico__dicod/init_auth_data
started running init_auth_data
finished init_auth_data
analyzing gcc-5__Ou__dico__dicod/dicod_capa_register
started running dicod_capa_register
finished dicod_capa_register
analyzing gcc-5__Ou__dico__dicod/dicod_capa_add
started running dicod_capa_add
finished dicod_capa_add
analyzing gcc-5__Ou__dico__dicod/dicod_capa_is_enabled
started running dicod_capa_is_enabled
finished dicod_capa_is_enabled
analyzing gcc-5__Ou__dico__dicod/dicod_capa_flush
started running dicod_capa_flush
finished dicod_capa_flush
analyzing gcc-5__Ou__dico__dicod/dicod_capa_iterate
started running dicod_capa_iterate
finished dicod_capa_iterate
analyzing gcc-5__Ou__dico__dicod/my_strncasecmp
started running my_strncasecmp
finished my_strncasecmp
removing targets
analyzing gcc-5__Ou__dico__dicod/chk_crypt
started running chk_crypt
finished chk_crypt
analyzing gcc-5__Ou__dico__dicod/chk_md5
started running chk_md5
finished chk_md5
analyzing gcc-5__Ou__dico__dicod/chk_smd5
started running chk_smd5
finished chk_smd5
analyzing gcc-5__Ou__dico__dicod/chk_sha
started running chk_sha
finished chk_sha
analyzing gcc-5__Ou__dico__dicod/chk_ssha
started running chk_ssha
finished chk_ssha
analyzing gcc-5__Ou__dico__dicod/find_pwcheck
started running find_pwcheck
finished find_pwcheck
removing targets
analyzing gcc-5__Ou__dico__dicod/dicod_check_password
started running dicod_check_password
finished dicod_check_password
removing targets
analyzing gcc-5__Ou__dico__dicod/get_options
started running get_options
stopped exploration
finished get_options
removing targets
analyzing gcc-5__Ou__dico__dicod/dicod_quit
started running dicod_quit
finished dicod_quit
analyzing gcc-5__Ou__dico__dicod/dicod_help
started running dicod_help
finished dicod_help
analyzing gcc-5__Ou__dico__dicod/dicod_show_info
started running dicod_show_info
finished dicod_show_info
analyzing gcc-5__Ou__dico__dicod/dicod_show_databases
started running dicod_show_databases
finished dicod_show_databases
analyzing gcc-5__Ou__dico__dicod/dicod_show_strategies
started running dicod_show_strategies
finished dicod_show_strategies
analyzing gcc-5__Ou__dico__dicod/dicod_show_server
started running dicod_show_server
finished dicod_show_server
analyzing gcc-5__Ou__dico__dicod/dicod_status
started running dicod_status
finished dicod_status
analyzing gcc-5__Ou__dico__dicod/dicod_client
started running dicod_client
finished dicod_client
analyzing gcc-5__Ou__dico__dicod/dicod_match
started running dicod_match
finished dicod_match
analyzing gcc-5__Ou__dico__dicod/dicod_define
started running dicod_define
finished dicod_define
analyzing gcc-5__Ou__dico__dicod/dicod_add_command
started running dicod_add_command
finished dicod_add_command
removing targets
analyzing gcc-5__Ou__dico__dicod/cmd_comp
started running cmd_comp
finished cmd_comp
analyzing gcc-5__Ou__dico__dicod/dicod_remove_command
started running dicod_remove_command
finished dicod_remove_command
analyzing gcc-5__Ou__dico__dicod/dicod_init_command_tab
started running dicod_init_command_tab
finished dicod_init_command_tab
removing targets
analyzing gcc-5__Ou__dico__dicod/dicod_show_std_help
started running dicod_show_std_help
finished dicod_show_std_help
analyzing gcc-5__Ou__dico__dicod/locate_command
started running locate_command
finished locate_command
analyzing gcc-5__Ou__dico__dicod/dicod_handle_command
started running dicod_handle_command
finished dicod_handle_command
analyzing gcc-5__Ou__dico__dicod/dicod_database_init
started running dicod_database_init
finished dicod_database_init
removing targets
analyzing gcc-5__Ou__dico__dicod/dicod_database_open
started running dicod_database_open
finished dicod_database_open
removing targets
analyzing gcc-5__Ou__dico__dicod/dicod_database_close
started running dicod_database_close
finished dicod_database_close
removing targets
analyzing gcc-5__Ou__dico__dicod/dicod_database_deinit
started running dicod_database_deinit
finished dicod_database_deinit
removing targets
analyzing gcc-5__Ou__dico__dicod/dicod_database_get_descr
started running dicod_database_get_descr
finished dicod_database_get_descr
removing targets
analyzing gcc-5__Ou__dico__dicod/dicod_database_free_descr
started running dicod_database_free_descr
finished dicod_database_free_descr
removing targets
analyzing gcc-5__Ou__dico__dicod/dicod_database_get_info
started running dicod_database_get_info
finished dicod_database_get_info
removing targets
analyzing gcc-5__Ou__dico__dicod/dicod_database_free_info
started running dicod_database_free_info
finished dicod_database_free_info
removing targets
analyzing gcc-5__Ou__dico__dicod/dicod_database_get_languages
started running dicod_database_get_languages
finished dicod_database_get_languages
removing targets
analyzing gcc-5__Ou__dico__dicod/dicod_database_match
started running dicod_database_match
finished dicod_database_match
analyzing gcc-5__Ou__dico__dicod/dicod_database_define
started running dicod_database_define
finished dicod_database_define
analyzing gcc-5__Ou__dico__dicod/dicod_database_flags
started running dicod_database_flags
finished dicod_database_flags
removing targets
analyzing gcc-5__Ou__dico__dicod/dbtext_open
started running dbtext_open
finished dbtext_open
analyzing gcc-5__Ou__dico__dicod/open_file
started running open_file
finished open_file
analyzing gcc-5__Ou__dico__dicod/find_key
started running find_key
analyzing gcc-5__Ou__dico__dicod/dbtext_get_password
started running dbtext_get_password
finished dbtext_get_password
analyzing gcc-5__Ou__dico__dicod/dbtext_get_groups
started running dbtext_get_groups
finished dbtext_get_groups
analyzing gcc-5__Ou__dico__dicod/print_capa
started running print_capa
finished print_capa
removing targets
analyzing gcc-5__Ou__dico__dicod/output_capabilities
started running output_capabilities
finished output_capabilities
analyzing gcc-5__Ou__dico__dicod/initial_banner
started running initial_banner
finished initial_banner
analyzing gcc-5__Ou__dico__dicod/get_input_line
started running get_input_line
finished get_input_line
analyzing gcc-5__Ou__dico__dicod/sig_alarm
started running sig_alarm
finished sig_alarm
analyzing gcc-5__Ou__dico__dicod/load_modules
started running load_modules
finished load_modules
analyzing gcc-5__Ou__dico__dicod/init_databases
started running init_databases
finished init_databases
analyzing gcc-5__Ou__dico__dicod/open_databases
started running open_databases
finished open_databases
analyzing gcc-5__Ou__dico__dicod/close_databases
started running close_databases
finished close_databases
analyzing gcc-5__Ou__dico__dicod/exact_sel
started running exact_sel
finished exact_sel
removing targets
analyzing gcc-5__Ou__dico__dicod/prefix_sel
started running prefix_sel
finished prefix_sel
removing targets
analyzing gcc-5__Ou__dico__dicod/suffix_sel
started running suffix_sel
finished suffix_sel
removing targets
analyzing gcc-5__Ou__dico__dicod/soundex_sel
started running soundex_sel
finished soundex_sel
removing targets
analyzing gcc-5__Ou__dico__dicod/dicod_init_strategies
started running dicod_init_strategies
finished dicod_init_strategies
removing targets
analyzing gcc-5__Ou__dico__dicod/dicod_server_init
started running dicod_server_init
finished dicod_server_init
analyzing gcc-5__Ou__dico__dicod/dicod_server_cleanup
started running dicod_server_cleanup
finished dicod_server_cleanup
analyzing gcc-5__Ou__dico__dicod/log_connection
started running log_connection
finished log_connection
removing targets
analyzing gcc-5__Ou__dico__dicod/replace_io_stream
started running replace_io_stream
finished replace_io_stream
analyzing gcc-5__Ou__dico__dicod/dicod_loop
started running dicod_loop
finished dicod_loop
analyzing gcc-5__Ou__dico__dicod/dicod_inetd
started running dicod_inetd
finished dicod_inetd
analyzing gcc-5__Ou__dico__dicod/dicod_iostream
started running dicod_iostream
finished dicod_iostream
analyzing gcc-5__Ou__dico__dicod/register_sasl
started running register_sasl
finished register_sasl
analyzing gcc-5__Ou__dico__dicod/ident_extract_username
started running ident_extract_username
finished ident_extract_username
analyzing gcc-5__Ou__dico__dicod/is_des_p
started running is_des_p
finished is_des_p
analyzing gcc-5__Ou__dico__dicod/des_fixup_key_parity
started running des_fixup_key_parity
finished des_fixup_key_parity
removing targets
analyzing gcc-5__Ou__dico__dicod/des_cbc_cksum
started running des_cbc_cksum
finished des_cbc_cksum
removing targets
analyzing gcc-5__Ou__dico__dicod/des_string_to_key
started running des_string_to_key
finished des_string_to_key
analyzing gcc-5__Ou__dico__dicod/ident_decrypt
started running ident_decrypt
finished ident_decrypt
analyzing gcc-5__Ou__dico__dicod/io_buffer_init
started running io_buffer_init
finished io_buffer_init
analyzing gcc-5__Ou__dico__dicod/io_buffer_free
started running io_buffer_free
finished io_buffer_free
analyzing gcc-5__Ou__dico__dicod/recompute_timeout
started running recompute_timeout
finished recompute_timeout
analyzing gcc-5__Ou__dico__dicod/socket_io
started running socket_io
finished socket_io
analyzing gcc-5__Ou__dico__dicod/query_ident_name
started running query_ident_name
finished query_ident_name
analyzing gcc-5__Ou__dico__dicod/cmp_string_ci
started running cmp_string_ci
finished cmp_string_ci
analyzing gcc-5__Ou__dico__dicod/dicod_lang_check
started running dicod_lang_check
finished dicod_lang_check
removing targets
analyzing gcc-5__Ou__dico__dicod/dicod_lang
started running dicod_lang
finished dicod_lang
analyzing gcc-5__Ou__dico__dicod/show_lang_lists
started running show_lang_lists
finished show_lang_lists
analyzing gcc-5__Ou__dico__dicod/dicod_show_lang_pref
started running dicod_show_lang_pref
finished dicod_show_lang_pref
analyzing gcc-5__Ou__dico__dicod/dicod_show_lang_info
started running dicod_show_lang_info
finished dicod_show_lang_info
analyzing gcc-5__Ou__dico__dicod/dicod_show_lang_db
started running dicod_show_lang_db
finished dicod_show_lang_db
analyzing gcc-5__Ou__dico__dicod/register_lang
started running register_lang
finished register_lang
analyzing gcc-5__Ou__dico__dicod/lev_sel
started running lev_sel
finished lev_sel
removing targets
analyzing gcc-5__Ou__dico__dicod/dicod_xlevdist
started running dicod_xlevdist
finished dicod_xlevdist
analyzing gcc-5__Ou__dico__dicod/register_lev
started running register_lev
finished register_lev
removing targets
analyzing gcc-5__Ou__dico__dicod/add_i_option
started running add_i_option
finished add_i_option
analyzing gcc-5__Ou__dico__dicod/run_lint
started running run_lint
finished run_lint
analyzing gcc-5__Ou__dico__dicod/database_is_visible
started running database_is_visible
finished database_is_visible
analyzing gcc-5__Ou__dico__dicod/database_is_virtual
started running database_is_virtual
finished database_is_virtual
analyzing gcc-5__Ou__dico__dicod/dicod_loader_init
started running dicod_loader_init
finished dicod_loader_init
analyzing gcc-5__Ou__dico__dicod/module_init
started running module_init
finished module_init
removing targets
analyzing gcc-5__Ou__dico__dicod/module_load
started running module_load
finished module_load
removing targets
analyzing gcc-5__Ou__dico__dicod/dicod_load_module
started running dicod_load_module
finished dicod_load_module
analyzing gcc-5__Ou__dico__dicod/builtin_module_load
started running builtin_module_load
finished builtin_module_load
analyzing gcc-5__Ou__dico__dicod/dicod_builtin_module_init
started running dicod_builtin_module_init
finished dicod_builtin_module_init
analyzing gcc-5__Ou__dico__dicod/dicod_langlist_copy
started running dicod_langlist_copy
finished dicod_langlist_copy
analyzing gcc-5__Ou__dico__dicod/dicod_any_lang_list_p
started running dicod_any_lang_list_p
finished dicod_any_lang_list_p
removing targets
analyzing gcc-5__Ou__dico__dicod/dicod_word_first
started running dicod_word_first
finished dicod_word_first
analyzing gcc-5__Ou__dico__dicod/dicod_word_all
started running dicod_word_all
finished dicod_word_all
analyzing gcc-5__Ou__dico__dicod/print_matches
started running print_matches
finished print_matches
removing targets
analyzing gcc-5__Ou__dico__dicod/dicod_match_word_db
started running dicod_match_word_db
finished dicod_match_word_db
analyzing gcc-5__Ou__dico__dicod/dicod_match_word_first
started running dicod_match_word_first
finished dicod_match_word_first
analyzing gcc-5__Ou__dico__dicod/dicod_match_word_all
started running dicod_match_word_all
finished dicod_match_word_all
analyzing gcc-5__Ou__dico__dicod/dicod_database_print_definitions
started running dicod_database_print_definitions
finished dicod_database_print_definitions
removing targets
analyzing gcc-5__Ou__dico__dicod/print_definitions
started running print_definitions
finished print_definitions
analyzing gcc-5__Ou__dico__dicod/dicod_define_word_db
started running dicod_define_word_db
finished dicod_define_word_db
analyzing gcc-5__Ou__dico__dicod/dicod_define_word_first
started running dicod_define_word_first
finished dicod_define_word_first
analyzing gcc-5__Ou__dico__dicod/dicod_define_word_all
started running dicod_define_word_all
finished dicod_define_word_all
analyzing gcc-5__Ou__dico__dicod/dicod_module_test
started running dicod_module_test
finished dicod_module_test
removing targets
skipping database|is|visible
analyzing gcc-5__Ou__dico__dicod/grecs_list_iterate
started running grecs_list_iterate
finished grecs_list_iterate
removing targets
analyzing gcc-5__Ou__dico__dicod/cb_dico_list
started running cb_dico_list
finished cb_dico_list
removing targets
analyzing gcc-5__Ou__dico__dicod/cb_dico_sockaddr_list
started running cb_dico_sockaddr_list
finished cb_dico_sockaddr_list
removing targets
analyzing gcc-5__Ou__dico__dicod/allow_cb
started running allow_cb
finished allow_cb
removing targets
analyzing gcc-5__Ou__dico__dicod/deny_cb
started running deny_cb
finished deny_cb
removing targets
analyzing gcc-5__Ou__dico__dicod/acl_cb
started running acl_cb
finished acl_cb
removing targets
analyzing gcc-5__Ou__dico__dicod/apply_acl_cb
started running apply_acl_cb
finished apply_acl_cb
removing targets
analyzing gcc-5__Ou__dico__dicod/set_user
started running set_user
finished set_user
removing targets
analyzing gcc-5__Ou__dico__dicod/set_supp_group_iter
started running set_supp_group_iter
finished set_supp_group_iter
analyzing gcc-5__Ou__dico__dicod/set_supp_group
started running set_supp_group
finished set_supp_group
removing targets
analyzing gcc-5__Ou__dico__dicod/set_mode
started running set_mode
finished set_mode
removing targets
analyzing gcc-5__Ou__dico__dicod/set_log_facility
started running set_log_facility
finished set_log_facility
removing targets
analyzing gcc-5__Ou__dico__dicod/cmp_modinst_ident
started running cmp_modinst_ident
finished cmp_modinst_ident
removing targets
analyzing gcc-5__Ou__dico__dicod/load_module_cb
started running load_module_cb
finished load_module_cb
removing targets
analyzing gcc-5__Ou__dico__dicod/cmp_database_name
started running cmp_database_name
finished cmp_database_name
removing targets
analyzing gcc-5__Ou__dico__dicod/set_database
started running set_database
finished set_database
removing targets
analyzing gcc-5__Ou__dico__dicod/set_dict_handler
started running set_dict_handler
finished set_dict_handler
removing targets
analyzing gcc-5__Ou__dico__dicod/set_capability
started running set_capability
finished set_capability
analyzing gcc-5__Ou__dico__dicod/enable_capability
started running enable_capability
finished enable_capability
removing targets
analyzing gcc-5__Ou__dico__dicod/mime_headers_cb
started running mime_headers_cb
finished mime_headers_cb
removing targets
analyzing gcc-5__Ou__dico__dicod/member_database_cb
started running member_database_cb
finished member_database_cb
removing targets
analyzing gcc-5__Ou__dico__dicod/user_db_config
started running user_db_config
finished user_db_config
removing targets
analyzing gcc-5__Ou__dico__dicod/init_user_db
started running init_user_db
finished init_user_db
removing targets
analyzing gcc-5__Ou__dico__dicod/alias_cb
started running alias_cb
finished alias_cb
removing targets
analyzing gcc-5__Ou__dico__dicod/flush_strat_forward_fn
started running flush_strat_forward_fn
finished flush_strat_forward_fn
analyzing gcc-5__Ou__dico__dicod/flush_strat_forward
started running flush_strat_forward
finished flush_strat_forward
analyzing gcc-5__Ou__dico__dicod/strategy_cb
started running strategy_cb
finished strategy_cb
removing targets
analyzing gcc-5__Ou__dico__dicod/strategy_deny_all_cb
started running strategy_deny_all_cb
finished strategy_deny_all_cb
removing targets
analyzing gcc-5__Ou__dico__dicod/add_deny_word
started running add_deny_word
finished add_deny_word
removing targets
analyzing gcc-5__Ou__dico__dicod/strategy_deny_word_cb
started running strategy_deny_word_cb
finished strategy_deny_word_cb
removing targets
analyzing gcc-5__Ou__dico__dicod/strategy_deny_length
started running strategy_deny_length
finished strategy_deny_length
removing targets
analyzing gcc-5__Ou__dico__dicod/strategy_deny_length_lt_cb
started running strategy_deny_length_lt_cb
finished strategy_deny_length_lt_cb
analyzing gcc-5__Ou__dico__dicod/strategy_deny_length_le_cb
started running strategy_deny_length_le_cb
finished strategy_deny_length_le_cb
analyzing gcc-5__Ou__dico__dicod/strategy_deny_length_gt_cb
started running strategy_deny_length_gt_cb
finished strategy_deny_length_gt_cb
analyzing gcc-5__Ou__dico__dicod/strategy_deny_length_ge_cb
started running strategy_deny_length_ge_cb
finished strategy_deny_length_ge_cb
analyzing gcc-5__Ou__dico__dicod/strategy_deny_length_eq_cb
started running strategy_deny_length_eq_cb
finished strategy_deny_length_eq_cb
analyzing gcc-5__Ou__dico__dicod/strategy_deny_length_ne_cb
started running strategy_deny_length_ne_cb
finished strategy_deny_length_ne_cb
analyzing gcc-5__Ou__dico__dicod/config_init
started running config_init
finished config_init
analyzing gcc-5__Ou__dico__dicod/config_parse
started running config_parse
finished config_parse
analyzing gcc-5__Ou__dico__dicod/config_help
started running config_help
finished config_help
analyzing gcc-5__Ou__dico__dicod/show_sys_info_p
started running show_sys_info_p
finished show_sys_info_p
removing targets
analyzing gcc-5__Ou__dico__dicod/reset_db_visibility
started running reset_db_visibility
finished reset_db_visibility
analyzing gcc-5__Ou__dico__dicod/database_session_visibility
started running database_session_visibility
finished database_session_visibility
analyzing gcc-5__Ou__dico__dicod/check_db_visibility
started running check_db_visibility
finished check_db_visibility
analyzing gcc-5__Ou__dico__dicod/find_database
started running find_database
finished find_database
analyzing gcc-5__Ou__dico__dicod/database_count
started running database_count
finished database_count
analyzing gcc-5__Ou__dico__dicod/database_iterate
started running database_iterate
finished database_iterate
analyzing gcc-5__Ou__dico__dicod/database_remove_dependent
started running database_remove_dependent
finished database_remove_dependent
analyzing gcc-5__Ou__dico__dicod/dicod_database_free
started running dicod_database_free
finished dicod_database_free
analyzing gcc-5__Ou__dico__dicod/syslog_log_printer
started running syslog_log_printer
finished syslog_log_printer
removing targets
analyzing gcc-5__Ou__dico__dicod/dicod_log_setup
started running dicod_log_setup
finished dicod_log_setup
removing targets
analyzing gcc-5__Ou__dico__dicod/dicod_log_encode_envar
started running dicod_log_encode_envar
finished dicod_log_encode_envar
analyzing gcc-5__Ou__dico__dicod/dicod_log_pre_setup
started running dicod_log_pre_setup
finished dicod_log_pre_setup
analyzing gcc-5__Ou__dico__dicod/init_conf_override
started running init_conf_override
finished init_conf_override
analyzing gcc-5__Ou__dico__dicod/apply_conf_override
started running apply_conf_override
finished apply_conf_override
removing targets
analyzing gcc-5__Ou__dico__dicod/udb_init
started running udb_init
finished udb_init
analyzing gcc-5__Ou__dico__dicod/dicod_markup
started running dicod_markup
finished dicod_markup
removing targets
analyzing gcc-5__Ou__dico__dicod/register_markup
started running register_markup
finished register_markup
analyzing gcc-5__Ou__dico__dicod/markup_flush_capa
started running markup_flush_capa
finished markup_flush_capa
analyzing gcc-5__Ou__dico__dicod/dicod_mime
started running dicod_mime
finished dicod_mime
analyzing gcc-5__Ou__dico__dicod/register_mime
started running register_mime
finished register_mime
analyzing gcc-5__Ou__dico__dicod/print_headers
started running print_headers
finished print_headers
removing targets
analyzing gcc-5__Ou__dico__dicod/ostream_write
started running ostream_write
finished ostream_write
removing targets
analyzing gcc-5__Ou__dico__dicod/ostream_flush
started running ostream_flush
finished ostream_flush
analyzing gcc-5__Ou__dico__dicod/ostream_destroy
started running ostream_destroy
finished ostream_destroy
removing targets
analyzing gcc-5__Ou__dico__dicod/ostream_ioctl
started running ostream_ioctl
finished ostream_ioctl
removing targets
analyzing gcc-5__Ou__dico__dicod/dicod_ostream_create
started running dicod_ostream_create
finished dicod_ostream_create
analyzing gcc-5__Ou__dico__dicod/regex_sel
started running regex_sel
finished regex_sel
removing targets
analyzing gcc-5__Ou__dico__dicod/register_regex
started running register_regex
finished register_regex
skipping database|is|visible
analyzing gcc-5__Ou__dico__dicod/dicod_db_result_alloc
started running dicod_db_result_alloc
finished dicod_db_result_alloc
removing targets
analyzing gcc-5__Ou__dico__dicod/dicod_db_result_module
started running dicod_db_result_module
finished dicod_db_result_module
analyzing gcc-5__Ou__dico__dicod/dicod_db_result_free
started running dicod_db_result_free
finished dicod_db_result_free
analyzing gcc-5__Ou__dico__dicod/dicod_db_result_count
started running dicod_db_result_count
finished dicod_db_result_count
removing targets
analyzing gcc-5__Ou__dico__dicod/dicod_db_result_compare_count
started running dicod_db_result_compare_count
finished dicod_db_result_compare_count
removing targets
analyzing gcc-5__Ou__dico__dicod/dicod_db_result_output
started running dicod_db_result_output
finished dicod_db_result_output
analyzing gcc-5__Ou__dico__dicod/dicod_db_result_mime_header
started running dicod_db_result_mime_header
finished dicod_db_result_mime_header
analyzing gcc-5__Ou__dico__dicod/dicod_db_result_db
started running dicod_db_result_db
finished dicod_db_result_db
analyzing gcc-5__Ou__dico__dicod/address_family_to_domain
started running address_family_to_domain
finished address_family_to_domain
removing targets
analyzing gcc-5__Ou__dico__dicod/open_sockets
started running open_sockets
stopped exploration
finished open_sockets
analyzing gcc-5__Ou__dico__dicod/close_sockets
started running close_sockets
finished close_sockets
removing targets
analyzing gcc-5__Ou__dico__dicod/find_pid
started running find_pid
finished find_pid
removing targets
analyzing gcc-5__Ou__dico__dicod/register_child
started running register_child
finished register_child
analyzing gcc-5__Ou__dico__dicod/print_status
started running print_status
finished print_status
removing targets
analyzing gcc-5__Ou__dico__dicod/cleanup_children
started running cleanup_children
finished cleanup_children
removing targets
analyzing gcc-5__Ou__dico__dicod/stop_all
started running stop_all
finished stop_all
removing targets
analyzing gcc-5__Ou__dico__dicod/stop_children
started running stop_children
finished stop_children
removing targets
analyzing gcc-5__Ou__dico__dicod/check_pidfile
started running check_pidfile
finished check_pidfile
analyzing gcc-5__Ou__dico__dicod/create_pidfile
started running create_pidfile
finished create_pidfile
analyzing gcc-5__Ou__dico__dicod/remove_pidfile
started running remove_pidfile
finished remove_pidfile
analyzing gcc-5__Ou__dico__dicod/sig_stop
started running sig_stop
finished sig_stop
analyzing gcc-5__Ou__dico__dicod/sig_restart
started running sig_restart
finished sig_restart
analyzing gcc-5__Ou__dico__dicod/sig_child
started running sig_child
finished sig_child
analyzing gcc-5__Ou__dico__dicod/handle_connection
started running handle_connection
finished handle_connection
analyzing gcc-5__Ou__dico__dicod/pre_restart_lint_internal
started running pre_restart_lint_internal
finished pre_restart_lint_internal
analyzing gcc-5__Ou__dico__dicod/pre_restart_lint
started running pre_restart_lint
finished pre_restart_lint
analyzing gcc-5__Ou__dico__dicod/server_loop
started running server_loop
finished server_loop
analyzing gcc-5__Ou__dico__dicod/getmaxfd
started running getmaxfd
finished getmaxfd
analyzing gcc-5__Ou__dico__dicod/dicod_server
started running dicod_server
finished dicod_server
analyzing gcc-5__Ou__dico__dicod/clear_stats
started running clear_stats
finished clear_stats
analyzing gcc-5__Ou__dico__dicod/begin_timing
started running begin_timing
finished begin_timing
removing targets
analyzing gcc-5__Ou__dico__dicod/report_timing
started running report_timing
finished report_timing
analyzing gcc-5__Ou__dico__dicod/report_current_timing
started running report_current_timing
finished report_current_timing
removing targets
analyzing gcc-5__Ou__dico__dicod/stratcl_add_word
started running stratcl_add_word
finished stratcl_add_word
analyzing gcc-5__Ou__dico__dicod/stratcl_add_cmp
started running stratcl_add_cmp
finished stratcl_add_cmp
analyzing gcc-5__Ou__dico__dicod/stratcl_add_disable
started running stratcl_add_disable
finished stratcl_add_disable
analyzing gcc-5__Ou__dico__dicod/check_word
started running check_word
finished check_word
removing targets
analyzing gcc-5__Ou__dico__dicod/stratcl_check_word
started running stratcl_check_word
finished stratcl_check_word
removing targets
analyzing gcc-5__Ou__dico__dicod/dicod_xidle
started running dicod_xidle
finished dicod_xidle
analyzing gcc-5__Ou__dico__dicod/register_xidle
started running register_xidle
finished register_xidle
analyzing gcc-5__Ou__dico__dicod/dicod_xversion
started running dicod_xversion
finished dicod_xversion
analyzing gcc-5__Ou__dico__dicod/register_xversion
started running register_xversion
finished register_xversion
analyzing gcc-5__Ou__dico__dicod/vdb_free
started running vdb_free
finished vdb_free
analyzing gcc-5__Ou__dico__dicod/vdb_list_create
started running vdb_list_create
finished vdb_list_create
analyzing gcc-5__Ou__dico__dicod/virtual_result_new
started running virtual_result_new
finished virtual_result_new
analyzing gcc-5__Ou__dico__dicod/db_name_cmp
started running db_name_cmp
finished db_name_cmp
removing targets
analyzing gcc-5__Ou__dico__dicod/find_database_all
started running find_database_all
finished find_database_all
analyzing gcc-5__Ou__dico__dicod/virtual_init_db_ext
started running virtual_init_db_ext
finished virtual_init_db_ext
analyzing gcc-5__Ou__dico__dicod/virtual_free_db
started running virtual_free_db
finished virtual_free_db
analyzing gcc-5__Ou__dico__dicod/virtual_open
started running virtual_open
finished virtual_open
removing targets
analyzing gcc-5__Ou__dico__dicod/virtual_db_flags
started running virtual_db_flags
finished virtual_db_flags
analyzing gcc-5__Ou__dico__dicod/vdb_member_ok
started running vdb_member_ok
finished vdb_member_ok
analyzing gcc-5__Ou__dico__dicod/virtual_match
started running virtual_match
finished virtual_match
analyzing gcc-5__Ou__dico__dicod/virtual_define
started running virtual_define
finished virtual_define
analyzing gcc-5__Ou__dico__dicod/vdres_locate
started running vdres_locate
finished vdres_locate
removing targets
analyzing gcc-5__Ou__dico__dicod/virtual_output_result
started running virtual_output_result
finished virtual_output_result
analyzing gcc-5__Ou__dico__dicod/virtual_result_count
started running virtual_result_count
finished virtual_result_count
removing targets
analyzing gcc-5__Ou__dico__dicod/virtual_compare_count
started running virtual_compare_count
finished virtual_compare_count
removing targets
analyzing gcc-5__Ou__dico__dicod/virtual_free_result
started running virtual_free_result
finished virtual_free_result
removing targets
analyzing gcc-5__Ou__dico__dicod/virtual_descr
started running virtual_descr
finished virtual_descr
removing targets
analyzing gcc-5__Ou__dico__dicod/virtual_info
started running virtual_info
finished virtual_info
removing targets
analyzing gcc-5__Ou__dico__dicod/virtual_result_db
started running virtual_result_db
finished virtual_result_db
analyzing gcc-5__Ou__dico__dicod/appi18n_init
started running appi18n_init
finished appi18n_init
analyzing gcc-5__Ou__dico__dicod/mu_stpcpy
started running mu_stpcpy
finished mu_stpcpy
analyzing gcc-5__Ou__dico__dicod/sockaddr_to_str
started running sockaddr_to_str
finished sockaddr_to_str
removing targets
analyzing gcc-5__Ou__dico__dicod/sockaddr_to_astr
started running sockaddr_to_astr
finished sockaddr_to_astr
analyzing gcc-5__Ou__dico__dicod/hash_string_ci
started running hash_string_ci
finished hash_string_ci
removing targets
analyzing gcc-5__Ou__dico__dicod/timer_hasher
started running timer_hasher
finished timer_hasher
analyzing gcc-5__Ou__dico__dicod/timer_compare
started running timer_compare
finished timer_compare
analyzing gcc-5__Ou__dico__dicod/timer_alloc
started running timer_alloc
finished timer_alloc
analyzing gcc-5__Ou__dico__dicod/timer_get
started running timer_get
finished timer_get
analyzing gcc-5__Ou__dico__dicod/timer_start
started running timer_start
finished timer_start
analyzing gcc-5__Ou__dico__dicod/timer_stop
started running timer_stop
finished timer_stop
analyzing gcc-5__Ou__dico__dicod/timer_reset
started running timer_reset
finished timer_reset
analyzing gcc-5__Ou__dico__dicod/timer_get_real
started running timer_get_real
finished timer_get_real
analyzing gcc-5__Ou__dico__dicod/timer_get_user
started running timer_get_user
finished timer_get_user
analyzing gcc-5__Ou__dico__dicod/timer_get_system
started running timer_get_system
finished timer_get_system
analyzing gcc-5__Ou__dico__dicod/timer_format_time
started running timer_format_time
finished timer_format_time
removing targets
analyzing gcc-5__Ou__dico__dicod/switch_to_privs
started running switch_to_privs
finished switch_to_privs
analyzing gcc-5__Ou__dico__dicod/xdico_local_hostname
started running xdico_local_hostname
finished xdico_local_hostname
analyzing gcc-5__Ou__dico__dicod/print_transcript
started running print_transcript
finished print_transcript
removing targets
analyzing gcc-5__Ou__dico__dicod/transcript_read
started running transcript_read
finished transcript_read
analyzing gcc-5__Ou__dico__dicod/transcript_write
started running transcript_write
finished transcript_write
analyzing gcc-5__Ou__dico__dicod/transcript_flush
started running transcript_flush
finished transcript_flush
removing targets
analyzing gcc-5__Ou__dico__dicod/transcript_close
started running transcript_close
finished transcript_close
analyzing gcc-5__Ou__dico__dicod/transcript_destroy
started running transcript_destroy
finished transcript_destroy
analyzing gcc-5__Ou__dico__dicod/transcript_strerror
started running transcript_strerror
finished transcript_strerror
analyzing gcc-5__Ou__dico__dicod/transcript_ioctl
started running transcript_ioctl
finished transcript_ioctl
removing targets
analyzing gcc-5__Ou__dico__dicod/xdico_transcript_stream_create
started running xdico_transcript_stream_create
finished xdico_transcript_stream_create
analyzing gcc-5__Ou__dico__dicod/stream_writez
started running stream_writez
finished stream_writez
analyzing gcc-5__Ou__dico__dicod/stream_printf
started running stream_printf
finished stream_printf
removing targets
analyzing gcc-5__Ou__dico__dicod/stream_write_multiline
started running stream_write_multiline
finished stream_write_multiline
analyzing gcc-5__Ou__dico__dicod/xdico_tokenize_string
started running xdico_tokenize_string
finished xdico_tokenize_string
analyzing gcc-5__Ou__dico__dicod/trimnl
started running trimnl
finished trimnl
removing targets
analyzing gcc-5__Ou__dico__dicod/make_full_file_name
started running make_full_file_name
finished make_full_file_name
analyzing gcc-5__Ou__dico__dicod/xdico_list_create
started running xdico_list_create
finished xdico_list_create
analyzing gcc-5__Ou__dico__dicod/xdico_list_iterator
started running xdico_list_iterator
finished xdico_list_iterator
analyzing gcc-5__Ou__dico__dicod/xdico_list_append
started running xdico_list_append
finished xdico_list_append
analyzing gcc-5__Ou__dico__dicod/xdico_list_prepend
started running xdico_list_prepend
finished xdico_list_prepend
analyzing gcc-5__Ou__dico__dicod/xdico_assoc_create
started running xdico_assoc_create
finished xdico_assoc_create
analyzing gcc-5__Ou__dico__dicod/xdico_assoc_append
started running xdico_assoc_append
finished xdico_assoc_append
analyzing gcc-5__Ou__dico__dicod/xdico_assoc_add
started running xdico_assoc_add
finished xdico_assoc_add
analyzing gcc-5__Ou__dico__dicod/xdico_assign_string
started running xdico_assign_string
finished xdico_assign_string
removing targets
analyzing gcc-5__Ou__dico__dicod/xdico_sasl_mech_to_capa
started running xdico_sasl_mech_to_capa
finished xdico_sasl_mech_to_capa
removing targets
analyzing gcc-5__Ou__dico__dicod/xdico_sasl_capa_match_p
started running xdico_sasl_capa_match_p
finished xdico_sasl_capa_match_p
removing targets
analyzing gcc-5__Ou__dico__dicod/dicod_free_item
started running dicod_free_item
finished dicod_free_item
analyzing gcc-5__Ou__dico__dicod/c_strcasecmp
started running c_strcasecmp
finished c_strcasecmp
removing targets
analyzing gcc-5__Ou__dico__dicod/c_strncasecmp
started running c_strncasecmp
finished c_strncasecmp
removing targets
analyzing gcc-5__Ou__dico__dicod/gl_des_is_weak_key
started running gl_des_is_weak_key
finished gl_des_is_weak_key
removing targets
analyzing gcc-5__Ou__dico__dicod/des_key_schedule
started running des_key_schedule
finished des_key_schedule
analyzing gcc-5__Ou__dico__dicod/gl_des_setkey
started running gl_des_setkey
finished gl_des_setkey
analyzing gcc-5__Ou__dico__dicod/gl_des_makekey
started running gl_des_makekey
finished gl_des_makekey
removing targets
analyzing gcc-5__Ou__dico__dicod/gl_des_ecb_crypt
started running gl_des_ecb_crypt
stopped exploration
finished gl_des_ecb_crypt
removing targets
analyzing gcc-5__Ou__dico__dicod/gl_3des_set2keys
started running gl_3des_set2keys
finished gl_3des_set2keys
analyzing gcc-5__Ou__dico__dicod/gl_3des_set3keys
started running gl_3des_set3keys
finished gl_3des_set3keys
analyzing gcc-5__Ou__dico__dicod/gl_3des_ecb_crypt
started running gl_3des_ecb_crypt
stopped exploration
finished gl_3des_ecb_crypt
removing targets
analyzing gcc-5__Ou__dico__dicod/gl_3des_makekey
started running gl_3des_makekey
finished gl_3des_makekey
removing targets
analyzing gcc-5__Ou__dico__dicod/md5_init_ctx
started running md5_init_ctx
finished md5_init_ctx
analyzing gcc-5__Ou__dico__dicod/set_uint32
started running set_uint32
finished set_uint32
analyzing gcc-5__Ou__dico__dicod/md5_read_ctx
started running md5_read_ctx
finished md5_read_ctx
analyzing gcc-5__Ou__dico__dicod/md5_finish_ctx
started running md5_finish_ctx
finished md5_finish_ctx
removing targets
analyzing gcc-5__Ou__dico__dicod/md5_stream
started running md5_stream
finished md5_stream
analyzing gcc-5__Ou__dico__dicod/md5_buffer
started running md5_buffer
finished md5_buffer
analyzing gcc-5__Ou__dico__dicod/md5_process_bytes
started running md5_process_bytes
finished md5_process_bytes
removing targets
analyzing gcc-5__Ou__dico__dicod/md5_process_block
started running md5_process_block
finished md5_process_block
removing targets
analyzing gcc-5__Ou__dico__dicod/sha1_init_ctx
started running sha1_init_ctx
finished sha1_init_ctx
skipping set|uint
analyzing gcc-5__Ou__dico__dicod/sha1_read_ctx
started running sha1_read_ctx
finished sha1_read_ctx
analyzing gcc-5__Ou__dico__dicod/sha1_finish_ctx
started running sha1_finish_ctx
finished sha1_finish_ctx
removing targets
analyzing gcc-5__Ou__dico__dicod/sha1_stream
started running sha1_stream
finished sha1_stream
analyzing gcc-5__Ou__dico__dicod/sha1_buffer
started running sha1_buffer
finished sha1_buffer
analyzing gcc-5__Ou__dico__dicod/sha1_process_bytes
started running sha1_process_bytes
finished sha1_process_bytes
removing targets
analyzing gcc-5__Ou__dico__dicod/sha1_process_block
started running sha1_process_block
finished sha1_process_block
removing targets
analyzing gcc-5__Ou__dico__dicod/fwrite_lowcase
started running fwrite_lowcase
finished fwrite_lowcase
removing targets
analyzing gcc-5__Ou__dico__dicod/fwrite_uppcase
started running fwrite_uppcase
finished fwrite_uppcase
removing targets
analyzing gcc-5__Ou__dico__dicod/iso_week_days
started running iso_week_days
finished iso_week_days
analyzing gcc-5__Ou__dico__dicod/strftime_case_
started running strftime_case_
analyzing gcc-5__Ou__dico__dicod/fprintftime
started running fprintftime
finished fprintftime
analyzing gcc-5__Ou__dico__dicod/rotr_sz
started running rotr_sz
finished rotr_sz
analyzing gcc-5__Ou__dico__dicod/hash_get_n_buckets
started running hash_get_n_buckets
finished hash_get_n_buckets
analyzing gcc-5__Ou__dico__dicod/hash_get_n_buckets_used
started running hash_get_n_buckets_used
finished hash_get_n_buckets_used
analyzing gcc-5__Ou__dico__dicod/hash_get_n_entries
started running hash_get_n_entries
finished hash_get_n_entries
analyzing gcc-5__Ou__dico__dicod/hash_get_max_bucket_length
started running hash_get_max_bucket_length
analyzing gcc-5__Ou__dico__dicod/hash_table_ok
started running hash_table_ok
analyzing gcc-5__Ou__dico__dicod/hash_print_statistics
started running hash_print_statistics
finished hash_print_statistics
analyzing gcc-5__Ou__dico__dicod/safe_hasher
started running safe_hasher
finished safe_hasher
analyzing gcc-5__Ou__dico__dicod/hash_lookup
started running hash_lookup
finished hash_lookup
analyzing gcc-5__Ou__dico__dicod/hash_get_first
started running hash_get_first
finished hash_get_first
removing targets
analyzing gcc-5__Ou__dico__dicod/hash_get_next
started running hash_get_next
finished hash_get_next
analyzing gcc-5__Ou__dico__dicod/hash_get_entries
started running hash_get_entries
finished hash_get_entries
removing targets
analyzing gcc-5__Ou__dico__dicod/hash_do_for_each
started running hash_do_for_each
finished hash_do_for_each
removing targets
analyzing gcc-5__Ou__dico__dicod/hash_string
started running hash_string
finished hash_string
removing targets
analyzing gcc-5__Ou__dico__dicod/is_prime
started running is_prime
finished is_prime
removing targets
analyzing gcc-5__Ou__dico__dicod/next_prime
started running next_prime
finished next_prime
removing targets
analyzing gcc-5__Ou__dico__dicod/hash_reset_tuning
started running hash_reset_tuning
finished hash_reset_tuning
analyzing gcc-5__Ou__dico__dicod/raw_hasher
started running raw_hasher
finished raw_hasher
analyzing gcc-5__Ou__dico__dicod/raw_comparator
started running raw_comparator
finished raw_comparator
analyzing gcc-5__Ou__dico__dicod/check_tuning
started running check_tuning
finished check_tuning
removing targets
analyzing gcc-5__Ou__dico__dicod/compute_bucket_size
started running compute_bucket_size
finished compute_bucket_size
removing targets
analyzing gcc-5__Ou__dico__dicod/hash_initialize
started running hash_initialize
analyzing gcc-5__Ou__dico__dicod/hash_clear
started running hash_clear
analyzing gcc-5__Ou__dico__dicod/hash_free
started running hash_free
analyzing gcc-5__Ou__dico__dicod/allocate_entry
started running allocate_entry
analyzing gcc-5__Ou__dico__dicod/free_entry
started running free_entry
analyzing gcc-5__Ou__dico__dicod/hash_find_entry
started running hash_find_entry
analyzing gcc-5__Ou__dico__dicod/transfer_entries
started running transfer_entries
analyzing gcc-5__Ou__dico__dicod/hash_rehash
started running hash_rehash
analyzing gcc-5__Ou__dico__dicod/hash_insert_if_absent
started running hash_insert_if_absent
analyzing gcc-5__Ou__dico__dicod/hash_insert0
started running hash_insert0
finished hash_insert0
analyzing gcc-5__Ou__dico__dicod/hash_insert
started running hash_insert
finished hash_insert
analyzing gcc-5__Ou__dico__dicod/hash_delete
started running hash_delete
analyzing gcc-5__Ou__dico__dicod/umaxtostr
started running umaxtostr
analyzing gcc-5__Ou__dico__dicod/clone_quoting_options
started running clone_quoting_options
finished clone_quoting_options
analyzing gcc-5__Ou__dico__dicod/get_quoting_style
started running get_quoting_style
finished get_quoting_style
removing targets
analyzing gcc-5__Ou__dico__dicod/set_quoting_style
started running set_quoting_style
finished set_quoting_style
removing targets
analyzing gcc-5__Ou__dico__dicod/set_char_quoting
started running set_char_quoting
finished set_char_quoting
removing targets
analyzing gcc-5__Ou__dico__dicod/set_quoting_flags
started running set_quoting_flags
finished set_quoting_flags
removing targets
analyzing gcc-5__Ou__dico__dicod/set_custom_quoting
started running set_custom_quoting
finished set_custom_quoting
removing targets
analyzing gcc-5__Ou__dico__dicod/quoting_options_from_style
started running quoting_options_from_style
finished quoting_options_from_style
analyzing gcc-5__Ou__dico__dicod/gettext_quote
started running gettext_quote
finished gettext_quote
analyzing gcc-5__Ou__dico__dicod/quotearg_buffer_restyled
started running quotearg_buffer_restyled
finished quotearg_buffer_restyled
analyzing gcc-5__Ou__dico__dicod/quotearg_buffer
started running quotearg_buffer
analyzing gcc-5__Ou__dico__dicod/quotearg_alloc
started running quotearg_alloc
finished quotearg_alloc
analyzing gcc-5__Ou__dico__dicod/quotearg_alloc_mem
started running quotearg_alloc_mem
analyzing gcc-5__Ou__dico__dicod/quotearg_free
started running quotearg_free
finished quotearg_free
removing targets
analyzing gcc-5__Ou__dico__dicod/quotearg_n_options
started running quotearg_n_options
finished quotearg_n_options
analyzing gcc-5__Ou__dico__dicod/quotearg_n
started running quotearg_n
finished quotearg_n
analyzing gcc-5__Ou__dico__dicod/quotearg_n_mem
started running quotearg_n_mem
finished quotearg_n_mem
analyzing gcc-5__Ou__dico__dicod/quotearg
started running quotearg
finished quotearg
analyzing gcc-5__Ou__dico__dicod/quotearg_mem
started running quotearg_mem
finished quotearg_mem
analyzing gcc-5__Ou__dico__dicod/quotearg_n_style
started running quotearg_n_style
finished quotearg_n_style
analyzing gcc-5__Ou__dico__dicod/quotearg_n_style_mem
started running quotearg_n_style_mem
finished quotearg_n_style_mem
analyzing gcc-5__Ou__dico__dicod/quotearg_style
started running quotearg_style
finished quotearg_style
analyzing gcc-5__Ou__dico__dicod/quotearg_style_mem
started running quotearg_style_mem
finished quotearg_style_mem
analyzing gcc-5__Ou__dico__dicod/quotearg_char_mem
started running quotearg_char_mem
finished quotearg_char_mem
analyzing gcc-5__Ou__dico__dicod/quotearg_char
started running quotearg_char
finished quotearg_char
analyzing gcc-5__Ou__dico__dicod/quotearg_colon
started running quotearg_colon
finished quotearg_colon
analyzing gcc-5__Ou__dico__dicod/quotearg_colon_mem
started running quotearg_colon_mem
finished quotearg_colon_mem
analyzing gcc-5__Ou__dico__dicod/quotearg_n_custom
started running quotearg_n_custom
finished quotearg_n_custom
analyzing gcc-5__Ou__dico__dicod/quotearg_n_custom_mem
started running quotearg_n_custom_mem
finished quotearg_n_custom_mem
analyzing gcc-5__Ou__dico__dicod/quotearg_custom
started running quotearg_custom
finished quotearg_custom
analyzing gcc-5__Ou__dico__dicod/quotearg_custom_mem
started running quotearg_custom_mem
finished quotearg_custom_mem
analyzing gcc-5__Ou__dico__dicod/quote_n_mem
started running quote_n_mem
finished quote_n_mem
analyzing gcc-5__Ou__dico__dicod/quote_mem
started running quote_mem
finished quote_mem
analyzing gcc-5__Ou__dico__dicod/quote_n
started running quote_n
finished quote_n
analyzing gcc-5__Ou__dico__dicod/quote
started running quote
finished quote
analyzing gcc-5__Ou__dico__dicod/xnmalloc
started running xnmalloc
finished xnmalloc
removing targets
analyzing gcc-5__Ou__dico__dicod/xnrealloc
started running xnrealloc
finished xnrealloc
removing targets
analyzing gcc-5__Ou__dico__dicod/x2nrealloc
started running x2nrealloc
finished x2nrealloc
removing targets
analyzing gcc-5__Ou__dico__dicod/xcharalloc
started running xcharalloc
finished xcharalloc
analyzing gcc-5__Ou__dico__dicod/xmalloc
started running xmalloc
finished xmalloc
analyzing gcc-5__Ou__dico__dicod/xrealloc
started running xrealloc
finished xrealloc
removing targets
analyzing gcc-5__Ou__dico__dicod/x2realloc
started running x2realloc
finished x2realloc
analyzing gcc-5__Ou__dico__dicod/xzalloc
started running xzalloc
finished xzalloc
analyzing gcc-5__Ou__dico__dicod/xcalloc
started running xcalloc
finished xcalloc
analyzing gcc-5__Ou__dico__dicod/xmemdup
started running xmemdup
finished xmemdup
analyzing gcc-5__Ou__dico__dicod/xstrdup
started running xstrdup
finished xstrdup
analyzing gcc-5__Ou__dico__dicod/xgetdomainname
started running xgetdomainname
finished xgetdomainname
analyzing gcc-5__Ou__dico__dicod/xgethostname
started running xgethostname
analyzing gcc-5__Ou__dico__dicod/c_isascii
started running c_isascii
finished c_isascii
removing targets
analyzing gcc-5__Ou__dico__dicod/c_isalnum
started running c_isalnum
finished c_isalnum
removing targets
analyzing gcc-5__Ou__dico__dicod/c_isalpha
started running c_isalpha
finished c_isalpha
removing targets
analyzing gcc-5__Ou__dico__dicod/c_isblank
started running c_isblank
finished c_isblank
removing targets
analyzing gcc-5__Ou__dico__dicod/c_iscntrl
started running c_iscntrl
finished c_iscntrl
removing targets
analyzing gcc-5__Ou__dico__dicod/c_isdigit
started running c_isdigit
finished c_isdigit
removing targets
analyzing gcc-5__Ou__dico__dicod/c_islower
started running c_islower
finished c_islower
removing targets
analyzing gcc-5__Ou__dico__dicod/c_isgraph
started running c_isgraph
finished c_isgraph
removing targets
analyzing gcc-5__Ou__dico__dicod/c_isprint
started running c_isprint
finished c_isprint
removing targets
analyzing gcc-5__Ou__dico__dicod/c_ispunct
started running c_ispunct
finished c_ispunct
removing targets
analyzing gcc-5__Ou__dico__dicod/c_isspace
started running c_isspace
finished c_isspace
removing targets
analyzing gcc-5__Ou__dico__dicod/c_isupper
started running c_isupper
finished c_isupper
removing targets
analyzing gcc-5__Ou__dico__dicod/c_isxdigit
started running c_isxdigit
finished c_isxdigit
removing targets
analyzing gcc-5__Ou__dico__dicod/c_tolower
started running c_tolower
finished c_tolower
removing targets
analyzing gcc-5__Ou__dico__dicod/c_toupper
started running c_toupper
finished c_toupper
removing targets
analyzing gcc-5__Ou__dico__dicod/get_charset_aliases
started running get_charset_aliases
stopped exploration
finished get_charset_aliases
removing targets
analyzing gcc-5__Ou__dico__dicod/locale_charset
started running locale_charset
analyzing gcc-5__Ou__dico__dicod/xalloc_die
started running xalloc_die
finished xalloc_die
analyzing gcc-5__Ou__dico__dicod/stat
started running stat
finished stat
removing targets
