WARNING | 2021-12-01 22:07:06,660 | cle.backends.externs | Symbol was allocated without a known size; emulation may fail if it is used non-opaquely: tmpl_cmd_get_device_id_rs
WARNING | 2021-12-01 22:07:06,660 | cle.backends.externs | Symbol was allocated without a known size; emulation may fail if it is used non-opaquely: ipmi_sensor_units
WARNING | 2021-12-01 22:07:06,660 | cle.backends.externs | Symbol was allocated without a known size; emulation may fail if it is used non-opaquely: ipmi_sensor_types
WARNING | 2021-12-01 22:07:06,661 | cle.backends.externs | Symbol was allocated without a known size; emulation may fail if it is used non-opaquely: ipmi_oem_sensor_type
WARNING | 2021-12-01 22:07:06,661 | cle.backends.externs | Symbol was allocated without a known size; emulation may fail if it is used non-opaquely: tmpl_cmd_oem_intel_node_manager_set_node_manager_alert_destination_rs
WARNING | 2021-12-01 22:07:06,661 | cle.backends.externs | Symbol was allocated without a known size; emulation may fail if it is used non-opaquely: ipmi_sensor_type_power_supply
WARNING | 2021-12-01 22:07:06,661 | cle.backends.externs | Symbol was allocated without a known size; emulation may fail if it is used non-opaquely: tmpl_cmd_oem_intel_node_manager_get_node_manager_statistics_rs
WARNING | 2021-12-01 22:07:06,661 | cle.backends.externs | Symbol was allocated without a known size; emulation may fail if it is used non-opaquely: tmpl_cmd_oem_intel_node_manager_set_turbo_synchronization_ratio_rs
WARNING | 2021-12-01 22:07:06,661 | cle.backends.externs | Symbol was allocated without a known size; emulation may fail if it is used non-opaquely: tmpl_cmd_oem_intel_node_manager_get_node_manager_capabilities_rs
WARNING | 2021-12-01 22:07:06,661 | cle.backends.externs | Symbol was allocated without a known size; emulation may fail if it is used non-opaquely: tmpl_cmd_oem_intel_node_manager_set_node_manager_policy_rs
WARNING | 2021-12-01 22:07:06,661 | cle.backends.externs | Symbol was allocated without a known size; emulation may fail if it is used non-opaquely: tmpl_cmd_oem_intel_node_manager_enable_disable_node_manager_policy_control_rs
WARNING | 2021-12-01 22:07:06,662 | cle.backends.externs | Symbol was allocated without a known size; emulation may fail if it is used non-opaquely: tmpl_cmd_set_lan_configuration_parameters_rs
WARNING | 2021-12-01 22:07:06,662 | cle.backends.externs | Symbol was allocated without a known size; emulation may fail if it is used non-opaquely: tmpl_cmd_get_user_name_rs
WARNING | 2021-12-01 22:07:06,662 | cle.backends.externs | Symbol was allocated without a known size; emulation may fail if it is used non-opaquely: tmpl_cmd_oem_intel_node_manager_set_node_manager_power_draw_range_rs
WARNING | 2021-12-01 22:07:06,662 | cle.backends.externs | Symbol was allocated without a known size; emulation may fail if it is used non-opaquely: tmpl_cmd_get_sensor_reading_rs
WARNING | 2021-12-01 22:07:06,662 | cle.backends.externs | Symbol was allocated without a known size; emulation may fail if it is used non-opaquely: tmpl_cmd_oem_intel_node_manager_set_node_manager_policy_suspend_periods_rs
WARNING | 2021-12-01 22:07:06,662 | cle.backends.externs | Symbol was allocated without a known size; emulation may fail if it is used non-opaquely: tmpl_cmd_set_sol_configuration_parameters_rs
WARNING | 2021-12-01 22:07:06,662 | cle.backends.externs | Symbol was allocated without a known size; emulation may fail if it is used non-opaquely: tmpl_cmd_oem_intel_node_manager_get_node_manager_alert_destination_rs
WARNING | 2021-12-01 22:07:06,663 | cle.backends.externs | Symbol was allocated without a known size; emulation may fail if it is used non-opaquely: tmpl_cmd_oem_intel_node_manager_reset_node_manager_statistics_rs
WARNING | 2021-12-01 22:07:06,663 | cle.backends.externs | Symbol was allocated without a known size; emulation may fail if it is used non-opaquely: tmpl_cmd_oem_intel_node_manager_get_node_manager_policy_alert_thresholds_rs
WARNING | 2021-12-01 22:07:06,663 | cle.backends.externs | Symbol was allocated without a known size; emulation may fail if it is used non-opaquely: tmpl_cmd_get_sol_configuration_parameters_rs
WARNING | 2021-12-01 22:07:06,663 | cle.backends.externs | Symbol was allocated without a known size; emulation may fail if it is used non-opaquely: tmpl_cmd_get_system_info_parameters_rs
WARNING | 2021-12-01 22:07:06,663 | cle.backends.externs | Symbol was allocated without a known size; emulation may fail if it is used non-opaquely: tmpl_cmd_oem_intel_node_manager_get_node_manager_policy_rs
WARNING | 2021-12-01 22:07:06,663 | cle.backends.externs | Symbol was allocated without a known size; emulation may fail if it is used non-opaquely: tmpl_cmd_oem_intel_node_manager_set_node_manager_policy_alert_thresholds_rs
WARNING | 2021-12-01 22:07:06,663 | cle.backends.externs | Symbol was allocated without a known size; emulation may fail if it is used non-opaquely: tmpl_cmd_get_lan_configuration_parameters_rs
WARNING | 2021-12-01 22:07:06,663 | cle.backends.externs | Symbol was allocated without a known size; emulation may fail if it is used non-opaquely: tmpl_cmd_oem_intel_node_manager_get_turbo_synchronization_ratio_rs
WARNING | 2021-12-01 22:07:06,663 | cle.backends.externs | Symbol was allocated without a known size; emulation may fail if it is used non-opaquely: tmpl_cmd_oem_intel_node_manager_get_node_manager_version_rs
WARNING | 2021-12-01 22:07:06,664 | cle.backends.externs | Symbol was allocated without a known size; emulation may fail if it is used non-opaquely: tmpl_cmd_master_write_read_rs
WARNING | 2021-12-01 22:07:06,664 | cle.backends.externs | Symbol was allocated without a known size; emulation may fail if it is used non-opaquely: tmpl_cmd_get_user_access_rs
WARNING | 2021-12-01 22:07:06,664 | cle.backends.externs | Symbol was allocated without a known size; emulation may fail if it is used non-opaquely: tmpl_cmd_set_system_info_parameters_rs
WARNING | 2021-12-01 22:07:06,664 | cle.backends.externs | Symbol was allocated without a known size; emulation may fail if it is used non-opaquely: tmpl_cmd_oem_intel_node_manager_get_node_manager_policy_suspend_periods_rs
WARNING | 2021-12-01 22:07:06,664 | cle.backends.externs | Symbol was allocated without a known size; emulation may fail if it is used non-opaquely: ipmi_sensor_type_power_supply_max_index
WARNING | 2021-12-01 22:07:06,664 | cle.backends.externs | Symbol was allocated without a known size; emulation may fail if it is used non-opaquely: tmpl_cmd_get_lan_configuration_parameters_mac_address_rs
WARNING | 2021-12-01 22:07:06,673 | cle.loader | For more information about "Symbol was allocated without a known size", see https://docs.angr.io/extending-angr/environment#simdata
Fatal Python error: Cannot recover from MemoryErrors while normalizing exceptions.

Current thread 0x00007f839fbf90c0 (most recent call first):
  File "/home/ittay.al/venv/pproc/lib/python3.7/site-packages/angr/engines/vex/light/slicing.py", line 26 in handle_vex_block
  File "/home/ittay.al/venv/pproc/lib/python3.7/site-packages/angr/engines/vex/heavy/super_fastpath.py", line 19 in handle_vex_block
  File "/home/ittay.al/venv/pproc/lib/python3.7/site-packages/angr/engines/vex/heavy/heavy.py", line 138 in process_successors
  File "/home/ittay.al/venv/pproc/lib/python3.7/site-packages/angr/engines/soot/engine.py", line 64 in process_successors
  File "/home/ittay.al/venv/pproc/lib/python3.7/site-packages/angr/engines/unicorn.py", line 169 in process_successors
  File "/home/ittay.al/venv/pproc/lib/python3.7/site-packages/angr/engines/hook.py", line 54 in process_successors
  File "/home/ittay.al/venv/pproc/lib/python3.7/site-packages/angr/engines/syscall.py", line 18 in process_successors
  File "/home/ittay.al/venv/pproc/lib/python3.7/site-packages/angr/engines/failure.py", line 21 in process_successors
  File "/home/ittay.al/venv/pproc/lib/python3.7/site-packages/angr/engines/engine.py", line 149 in process
  File "/home/ittay.al/venv/pproc/lib/python3.7/site-packages/angr/engines/vex/light/slicing.py", line 19 in process
  File "/home/ittay.al/venv/pproc/lib/python3.7/site-packages/angr/factory.py", line 60 in successors
  File "/home/ittay.al/venv/pproc/lib/python3.7/site-packages/angr/sim_manager.py", line 441 in successors
  File "/home/ittay.al/venv/pproc/lib/python3.7/site-packages/angr/misc/hookset.py", line 80 in __call__
  File "/home/ittay.al/venv/pproc/lib/python3.7/site-packages/angr/exploration_techniques/loop_seer.py", line 98 in successors
  File "/home/ittay.al/venv/pproc/lib/python3.7/site-packages/angr/misc/hookset.py", line 75 in __call__
  File "/home/ittay.al/venv/pproc/lib/python3.7/site-packages/angr/sim_manager.py", line 402 in step_state
  File "/home/ittay.al/venv/pproc/lib/python3.7/site-packages/angr/sim_manager.py", line 365 in step
  File "/home/ittay.al/venv/pproc/lib/python3.7/site-packages/angr/sim_manager.py", line 280 in run
  File "paths_constraints_main.py", line 48 in analyze_func
  File "paths_constraints_main.py", line 212 in analyze_binary
  File "paths_constraints_main.py", line 188 in generate_dataset
  File "paths_constraints_main.py", line 348 in main
  File "paths_constraints_main.py", line 352 in <module>
timeout: the monitored command dumped core
Aborted
