gcc-5__Ou__freeipmi__ipmi-oem have 462 funcs
analyzing gcc-5__Ou__freeipmi__ipmi-oem/deregister_tm_clones
started running deregister_tm_clones
finished deregister_tm_clones
removing targets
analyzing gcc-5__Ou__freeipmi__ipmi-oem/register_tm_clones
started running register_tm_clones
finished register_tm_clones
removing targets
analyzing gcc-5__Ou__freeipmi__ipmi-oem/frame_dummy
started running frame_dummy
finished frame_dummy
removing targets
analyzing gcc-5__Ou__freeipmi__ipmi-oem/run_cmd_args
started running run_cmd_args
finished run_cmd_args
analyzing gcc-5__Ou__freeipmi__ipmi-oem/cmdline_parse
started running cmdline_parse
finished cmdline_parse
removing targets
analyzing gcc-5__Ou__freeipmi__ipmi-oem/ipmi_oem_argp_parse
started running ipmi_oem_argp_parse
finished ipmi_oem_argp_parse
analyzing gcc-5__Ou__freeipmi__ipmi-oem/ipmi_oem_check_response_and_completion_code
started running ipmi_oem_check_response_and_completion_code
finished ipmi_oem_check_response_and_completion_code
removing targets
analyzing gcc-5__Ou__freeipmi__ipmi-oem/ipmi_oem_parse_key_value
started running ipmi_oem_parse_key_value
finished ipmi_oem_parse_key_value
analyzing gcc-5__Ou__freeipmi__ipmi-oem/ipmi_oem_parse_enable
started running ipmi_oem_parse_enable
finished ipmi_oem_parse_enable
analyzing gcc-5__Ou__freeipmi__ipmi-oem/ipmi_oem_parse_1_byte_field
started running ipmi_oem_parse_1_byte_field
finished ipmi_oem_parse_1_byte_field
analyzing gcc-5__Ou__freeipmi__ipmi-oem/ipmi_oem_parse_2_byte_field
started running ipmi_oem_parse_2_byte_field
finished ipmi_oem_parse_2_byte_field
analyzing gcc-5__Ou__freeipmi__ipmi-oem/ipmi_oem_parse_4_byte_field
started running ipmi_oem_parse_4_byte_field
finished ipmi_oem_parse_4_byte_field
analyzing gcc-5__Ou__freeipmi__ipmi-oem/ipmi_oem_parse_unsigned_int_range
started running ipmi_oem_parse_unsigned_int_range
finished ipmi_oem_parse_unsigned_int_range
analyzing gcc-5__Ou__freeipmi__ipmi-oem/ipmi_oem_parse_ip_address
started running ipmi_oem_parse_ip_address
finished ipmi_oem_parse_ip_address
analyzing gcc-5__Ou__freeipmi__ipmi-oem/ipmi_oem_parse_string
started running ipmi_oem_parse_string
finished ipmi_oem_parse_string
analyzing gcc-5__Ou__freeipmi__ipmi-oem/ipmi_oem_get_system_info_string
started running ipmi_oem_get_system_info_string
finished ipmi_oem_get_system_info_string
analyzing gcc-5__Ou__freeipmi__ipmi-oem/ipmi_oem_dell_get_system_info
started running ipmi_oem_dell_get_system_info
finished ipmi_oem_dell_get_system_info
removing targets
analyzing gcc-5__Ou__freeipmi__ipmi-oem/ipmi_oem_dell_get_nic_selection
started running ipmi_oem_dell_get_nic_selection
finished ipmi_oem_dell_get_nic_selection
analyzing gcc-5__Ou__freeipmi__ipmi-oem/ipmi_oem_dell_set_nic_selection
started running ipmi_oem_dell_set_nic_selection
finished ipmi_oem_dell_set_nic_selection
analyzing gcc-5__Ou__freeipmi__ipmi-oem/ipmi_oem_dell_get_nic_selection_failover
started running ipmi_oem_dell_get_nic_selection_failover
finished ipmi_oem_dell_get_nic_selection_failover
analyzing gcc-5__Ou__freeipmi__ipmi-oem/ipmi_oem_dell_set_nic_selection_failover
started running ipmi_oem_dell_set_nic_selection_failover
finished ipmi_oem_dell_set_nic_selection_failover
analyzing gcc-5__Ou__freeipmi__ipmi-oem/ipmi_oem_dell_get_active_lom_status
started running ipmi_oem_dell_get_active_lom_status
finished ipmi_oem_dell_get_active_lom_status
removing targets
analyzing gcc-5__Ou__freeipmi__ipmi-oem/ipmi_oem_dell_get_ssh_config
started running ipmi_oem_dell_get_ssh_config
finished ipmi_oem_dell_get_ssh_config
analyzing gcc-5__Ou__freeipmi__ipmi-oem/ipmi_oem_dell_set_ssh_config
started running ipmi_oem_dell_set_ssh_config
finished ipmi_oem_dell_set_ssh_config
removing targets
analyzing gcc-5__Ou__freeipmi__ipmi-oem/ipmi_oem_dell_get_telnet_config
started running ipmi_oem_dell_get_telnet_config
finished ipmi_oem_dell_get_telnet_config
analyzing gcc-5__Ou__freeipmi__ipmi-oem/ipmi_oem_dell_set_telnet_config
started running ipmi_oem_dell_set_telnet_config
finished ipmi_oem_dell_set_telnet_config
removing targets
analyzing gcc-5__Ou__freeipmi__ipmi-oem/ipmi_oem_dell_get_web_server_config
started running ipmi_oem_dell_get_web_server_config
finished ipmi_oem_dell_get_web_server_config
analyzing gcc-5__Ou__freeipmi__ipmi-oem/ipmi_oem_dell_set_web_server_config
started running ipmi_oem_dell_set_web_server_config
finished ipmi_oem_dell_set_web_server_config
removing targets
analyzing gcc-5__Ou__freeipmi__ipmi-oem/ipmi_oem_dell_get_active_directory_config
started running ipmi_oem_dell_get_active_directory_config
finished ipmi_oem_dell_get_active_directory_config
analyzing gcc-5__Ou__freeipmi__ipmi-oem/ipmi_oem_dell_set_active_directory_config
started running ipmi_oem_dell_set_active_directory_config
finished ipmi_oem_dell_set_active_directory_config
removing targets
analyzing gcc-5__Ou__freeipmi__ipmi-oem/ipmi_oem_dell_reset_to_defaults
started running ipmi_oem_dell_reset_to_defaults
finished ipmi_oem_dell_reset_to_defaults
analyzing gcc-5__Ou__freeipmi__ipmi-oem/ipmi_oem_dell_get_power_consumption_data
started running ipmi_oem_dell_get_power_consumption_data
finished ipmi_oem_dell_get_power_consumption_data
analyzing gcc-5__Ou__freeipmi__ipmi-oem/ipmi_oem_dell_reset_power_consumption_data
started running ipmi_oem_dell_reset_power_consumption_data
finished ipmi_oem_dell_reset_power_consumption_data
analyzing gcc-5__Ou__freeipmi__ipmi-oem/ipmi_oem_dell_power_supply_info
started running ipmi_oem_dell_power_supply_info
finished ipmi_oem_dell_power_supply_info
analyzing gcc-5__Ou__freeipmi__ipmi-oem/ipmi_oem_dell_get_instantaneous_power_consumption_data
started running ipmi_oem_dell_get_instantaneous_power_consumption_data
finished ipmi_oem_dell_get_instantaneous_power_consumption_data
removing targets
analyzing gcc-5__Ou__freeipmi__ipmi-oem/ipmi_oem_dell_get_power_head_room
started running ipmi_oem_dell_get_power_head_room
finished ipmi_oem_dell_get_power_head_room
analyzing gcc-5__Ou__freeipmi__ipmi-oem/ipmi_oem_dell_get_power_consumption_statistics
started running ipmi_oem_dell_get_power_consumption_statistics
finished ipmi_oem_dell_get_power_consumption_statistics
analyzing gcc-5__Ou__freeipmi__ipmi-oem/ipmi_oem_dell_get_average_power_history
started running ipmi_oem_dell_get_average_power_history
finished ipmi_oem_dell_get_average_power_history
analyzing gcc-5__Ou__freeipmi__ipmi-oem/ipmi_oem_dell_get_peak_power_history
started running ipmi_oem_dell_get_peak_power_history
finished ipmi_oem_dell_get_peak_power_history
analyzing gcc-5__Ou__freeipmi__ipmi-oem/ipmi_oem_dell_get_power_capacity
started running ipmi_oem_dell_get_power_capacity
finished ipmi_oem_dell_get_power_capacity
analyzing gcc-5__Ou__freeipmi__ipmi-oem/ipmi_oem_dell_set_power_capacity
started running ipmi_oem_dell_set_power_capacity
finished ipmi_oem_dell_set_power_capacity
analyzing gcc-5__Ou__freeipmi__ipmi-oem/ipmi_oem_dell_get_power_capacity_status
started running ipmi_oem_dell_get_power_capacity_status
finished ipmi_oem_dell_get_power_capacity_status
analyzing gcc-5__Ou__freeipmi__ipmi-oem/ipmi_oem_dell_set_power_capacity_status
started running ipmi_oem_dell_set_power_capacity_status
finished ipmi_oem_dell_set_power_capacity_status
analyzing gcc-5__Ou__freeipmi__ipmi-oem/ipmi_oem_dell_get_chassis_identify_status
started running ipmi_oem_dell_get_chassis_identify_status
finished ipmi_oem_dell_get_chassis_identify_status
analyzing gcc-5__Ou__freeipmi__ipmi-oem/ipmi_oem_dell_power_monitoring_over_interval
started running ipmi_oem_dell_power_monitoring_over_interval
finished ipmi_oem_dell_power_monitoring_over_interval
analyzing gcc-5__Ou__freeipmi__ipmi-oem/ipmi_oem_dell_power_monitoring_interval_range
started running ipmi_oem_dell_power_monitoring_interval_range
finished ipmi_oem_dell_power_monitoring_interval_range
analyzing gcc-5__Ou__freeipmi__ipmi-oem/ipmi_oem_dell_get_last_post_code
started running ipmi_oem_dell_get_last_post_code
finished ipmi_oem_dell_get_last_post_code
analyzing gcc-5__Ou__freeipmi__ipmi-oem/ipmi_oem_dell_slot_power_toggle
started running ipmi_oem_dell_slot_power_toggle
finished ipmi_oem_dell_slot_power_toggle
analyzing gcc-5__Ou__freeipmi__ipmi-oem/ipmi_oem_dell_slot_power_control
started running ipmi_oem_dell_slot_power_control
finished ipmi_oem_dell_slot_power_control
analyzing gcc-5__Ou__freeipmi__ipmi-oem/ipmi_oem_dell_get_port_map
started running ipmi_oem_dell_get_port_map
finished ipmi_oem_dell_get_port_map
analyzing gcc-5__Ou__freeipmi__ipmi-oem/ipmi_oem_dell_set_port_map
started running ipmi_oem_dell_set_port_map
finished ipmi_oem_dell_set_port_map
analyzing gcc-5__Ou__freeipmi__ipmi-oem/ipmi_oem_fujitsu_get_power_on_source
started running ipmi_oem_fujitsu_get_power_on_source
finished ipmi_oem_fujitsu_get_power_on_source
analyzing gcc-5__Ou__freeipmi__ipmi-oem/ipmi_oem_fujitsu_get_power_off_source
started running ipmi_oem_fujitsu_get_power_off_source
finished ipmi_oem_fujitsu_get_power_off_source
analyzing gcc-5__Ou__freeipmi__ipmi-oem/ipmi_oem_fujitsu_get_remote_storage_status
started running ipmi_oem_fujitsu_get_remote_storage_status
finished ipmi_oem_fujitsu_get_remote_storage_status
analyzing gcc-5__Ou__freeipmi__ipmi-oem/ipmi_oem_fujitsu_get_system_status
started running ipmi_oem_fujitsu_get_system_status
finished ipmi_oem_fujitsu_get_system_status
analyzing gcc-5__Ou__freeipmi__ipmi-oem/ipmi_oem_fujitsu_get_eeprom_version_info
started running ipmi_oem_fujitsu_get_eeprom_version_info
finished ipmi_oem_fujitsu_get_eeprom_version_info
analyzing gcc-5__Ou__freeipmi__ipmi-oem/ipmi_oem_fujitsu_get_identify_led
started running ipmi_oem_fujitsu_get_identify_led
finished ipmi_oem_fujitsu_get_identify_led
analyzing gcc-5__Ou__freeipmi__ipmi-oem/ipmi_oem_fujitsu_set_identify_led
started running ipmi_oem_fujitsu_set_identify_led
finished ipmi_oem_fujitsu_set_identify_led
analyzing gcc-5__Ou__freeipmi__ipmi-oem/ipmi_oem_fujitsu_get_error_led
started running ipmi_oem_fujitsu_get_error_led
finished ipmi_oem_fujitsu_get_error_led
analyzing gcc-5__Ou__freeipmi__ipmi-oem/ipmi_oem_fujitsu_get_sel_entry_long_text
started running ipmi_oem_fujitsu_get_sel_entry_long_text
stopped exploration
finished ipmi_oem_fujitsu_get_sel_entry_long_text
analyzing gcc-5__Ou__freeipmi__ipmi-oem/ipmi_oem_gigabyte_get_nic_mode
started running ipmi_oem_gigabyte_get_nic_mode
finished ipmi_oem_gigabyte_get_nic_mode
analyzing gcc-5__Ou__freeipmi__ipmi-oem/ipmi_oem_gigabyte_set_nic_mode
started running ipmi_oem_gigabyte_set_nic_mode
finished ipmi_oem_gigabyte_set_nic_mode
analyzing gcc-5__Ou__freeipmi__ipmi-oem/ipmi_oem_gigabyte_get_bmc_services
started running ipmi_oem_gigabyte_get_bmc_services
finished ipmi_oem_gigabyte_get_bmc_services
removing targets
analyzing gcc-5__Ou__freeipmi__ipmi-oem/ipmi_oem_gigabyte_set_bmc_services
started running ipmi_oem_gigabyte_set_bmc_services
finished ipmi_oem_gigabyte_set_bmc_services
analyzing gcc-5__Ou__freeipmi__ipmi-oem/ipmi_oem_ibm_get_led
started running ipmi_oem_ibm_get_led
finished ipmi_oem_ibm_get_led
analyzing gcc-5__Ou__freeipmi__ipmi-oem/ipmi_oem_intel_get_smtp_config
started running ipmi_oem_intel_get_smtp_config
finished ipmi_oem_intel_get_smtp_config
removing targets
analyzing gcc-5__Ou__freeipmi__ipmi-oem/ipmi_oem_intel_set_smtp_config
started running ipmi_oem_intel_set_smtp_config
