ERROR   | 2021-12-01 23:00:50,429 | root     | b'out of memory'
ERROR   | 2021-12-01 23:00:50,429 | root     | got an error while analyzing cbuf_replayer
ERROR   | 2021-12-01 23:00:51,535 | root     | b'out of memory'
ERROR   | 2021-12-01 23:00:51,535 | root     | got an error while analyzing cbuf_writer
ERROR   | 2021-12-01 23:00:52,636 | root     | b'out of memory'
ERROR   | 2021-12-01 23:00:52,637 | root     | got an error while analyzing cbuf_grow
ERROR   | 2021-12-01 23:00:53,727 | root     | b'out of memory'
ERROR   | 2021-12-01 23:00:53,727 | root     | got an error while analyzing cbuf_shrink
ERROR   | 2021-12-01 23:03:29,309 | root     | b'out of memory'
ERROR   | 2021-12-01 23:03:29,310 | root     | got an error while analyzing conffile_parse
ERROR   | 2021-12-01 23:03:33,867 | root     | b'out of memory'
ERROR   | 2021-12-01 23:03:33,867 | root     | got an error while analyzing fd_read_line
ERROR   | 2021-12-01 23:08:49,693 | root     | b'out of memory'
ERROR   | 2021-12-01 23:08:49,694 | root     | got an error while analyzing hostrange_hn_within
ERROR   | 2021-12-01 23:08:50,824 | root     | b'out of memory'
ERROR   | 2021-12-01 23:08:50,825 | root     | got an error while analyzing hostrange_numstr
ERROR   | 2021-12-01 23:08:51,409 | root     | b'out of memory'
ERROR   | 2021-12-01 23:08:51,409 | root     | got an error while analyzing hostlist_new
ERROR   | 2021-12-01 23:08:51,897 | root     | b'out of memory'
ERROR   | 2021-12-01 23:08:51,897 | root     | got an error while analyzing hostlist_resize
ERROR   | 2021-12-01 23:08:52,383 | root     | b'out of memory'
ERROR   | 2021-12-01 23:08:52,383 | root     | got an error while analyzing hostlist_expand
ERROR   | 2021-12-01 23:08:52,880 | root     | b'out of memory'
ERROR   | 2021-12-01 23:08:52,880 | root     | got an error while analyzing hostlist_push_range
ERROR   | 2021-12-01 23:13:08,703 | root     | b'out of memory'
ERROR   | 2021-12-01 23:13:08,707 | root     | got an error while analyzing hostlist_insert_range
ERROR   | 2021-12-01 23:14:06,589 | root     | b'out of memory'
ERROR   | 2021-12-01 23:14:06,596 | root     | got an error while analyzing hostlist_copy
Killed
