gcc-5__Ou__gdbm__gdbmtool have 264 funcs
analyzing gcc-5__Ou__gdbm__gdbmtool/deregister_tm_clones
started running deregister_tm_clones
finished deregister_tm_clones
removing targets
analyzing gcc-5__Ou__gdbm__gdbmtool/register_tm_clones
started running register_tm_clones
finished register_tm_clones
removing targets
analyzing gcc-5__Ou__gdbm__gdbmtool/frame_dummy
started running frame_dummy
finished frame_dummy
removing targets
analyzing gcc-5__Ou__gdbm__gdbmtool/f_char
started running f_char
finished f_char
analyzing gcc-5__Ou__gdbm__gdbmtool/f_short
started running f_short
finished f_short
analyzing gcc-5__Ou__gdbm__gdbmtool/f_ushort
started running f_ushort
finished f_ushort
analyzing gcc-5__Ou__gdbm__gdbmtool/f_int
started running f_int
finished f_int
analyzing gcc-5__Ou__gdbm__gdbmtool/f_uint
started running f_uint
finished f_uint
analyzing gcc-5__Ou__gdbm__gdbmtool/f_long
started running f_long
finished f_long
analyzing gcc-5__Ou__gdbm__gdbmtool/f_ulong
started running f_ulong
finished f_ulong
analyzing gcc-5__Ou__gdbm__gdbmtool/f_llong
started running f_llong
finished f_llong
analyzing gcc-5__Ou__gdbm__gdbmtool/f_ullong
started running f_ullong
finished f_ullong
analyzing gcc-5__Ou__gdbm__gdbmtool/f_float
started running f_float
finished f_float
analyzing gcc-5__Ou__gdbm__gdbmtool/f_double
started running f_double
finished f_double
analyzing gcc-5__Ou__gdbm__gdbmtool/f_stringz
started running f_stringz
finished f_stringz
removing targets
analyzing gcc-5__Ou__gdbm__gdbmtool/f_string
started running f_string
finished f_string
removing targets
analyzing gcc-5__Ou__gdbm__gdbmtool/s_char
started running s_char
finished s_char
analyzing gcc-5__Ou__gdbm__gdbmtool/s_short
started running s_short
finished s_short
analyzing gcc-5__Ou__gdbm__gdbmtool/s_ushort
started running s_ushort
finished s_ushort
analyzing gcc-5__Ou__gdbm__gdbmtool/s_int
started running s_int
finished s_int
analyzing gcc-5__Ou__gdbm__gdbmtool/s_uint
started running s_uint
finished s_uint
analyzing gcc-5__Ou__gdbm__gdbmtool/s_long
started running s_long
finished s_long
analyzing gcc-5__Ou__gdbm__gdbmtool/s_ulong
started running s_ulong
finished s_ulong
analyzing gcc-5__Ou__gdbm__gdbmtool/s_llong
started running s_llong
finished s_llong
analyzing gcc-5__Ou__gdbm__gdbmtool/s_ullong
started running s_ullong
finished s_ullong
analyzing gcc-5__Ou__gdbm__gdbmtool/s_double
started running s_double
finished s_double
analyzing gcc-5__Ou__gdbm__gdbmtool/s_float
started running s_float
finished s_float
analyzing gcc-5__Ou__gdbm__gdbmtool/s_stringz
started running s_stringz
finished s_stringz
analyzing gcc-5__Ou__gdbm__gdbmtool/s_string
started running s_string
finished s_string
analyzing gcc-5__Ou__gdbm__gdbmtool/datadef_lookup
started running datadef_lookup
finished datadef_lookup
removing targets
analyzing gcc-5__Ou__gdbm__gdbmtool/dsegm_new
started running dsegm_new
finished dsegm_new
analyzing gcc-5__Ou__gdbm__gdbmtool/dsegm_new_field
started running dsegm_new_field
finished dsegm_new_field
analyzing gcc-5__Ou__gdbm__gdbmtool/dsegm_free_list
started running dsegm_free_list
finished dsegm_free_list
removing targets
analyzing gcc-5__Ou__gdbm__gdbmtool/datum_format
started running datum_format
stopped exploration
finished datum_format
removing targets
analyzing gcc-5__Ou__gdbm__gdbmtool/xd_expand
started running xd_expand
finished xd_expand
removing targets
analyzing gcc-5__Ou__gdbm__gdbmtool/xd_store
started running xd_store
finished xd_store
analyzing gcc-5__Ou__gdbm__gdbmtool/datum_scan_notag
started running datum_scan_notag
finished datum_scan_notag
analyzing gcc-5__Ou__gdbm__gdbmtool/datum_scan_tag
started running datum_scan_tag
finished datum_scan_tag
analyzing gcc-5__Ou__gdbm__gdbmtool/datum_scan
started running datum_scan
finished datum_scan
removing targets
analyzing gcc-5__Ou__gdbm__gdbmtool/dsprint
started running dsprint
finished dsprint
analyzing gcc-5__Ou__gdbm__gdbmtool/yystpcpy
started running yystpcpy
finished yystpcpy
removing targets
analyzing gcc-5__Ou__gdbm__gdbmtool/yytnamerr
started running yytnamerr
finished yytnamerr
removing targets
analyzing gcc-5__Ou__gdbm__gdbmtool/yysyntax_error
started running yysyntax_error
finished yysyntax_error
analyzing gcc-5__Ou__gdbm__gdbmtool/yydestruct
started running yydestruct
finished yydestruct
removing targets
analyzing gcc-5__Ou__gdbm__gdbmtool/yyparse
started running yyparse
stopped exploration
finished yyparse
removing targets
analyzing gcc-5__Ou__gdbm__gdbmtool/terror
started running terror
finished terror
removing targets
analyzing gcc-5__Ou__gdbm__gdbmtool/yyerror
started running yyerror
finished yyerror
analyzing gcc-5__Ou__gdbm__gdbmtool/gram_trace
started running gram_trace
finished gram_trace
analyzing gcc-5__Ou__gdbm__gdbmtool/instream_argv_read
started running instream_argv_read
finished instream_argv_read
removing targets
analyzing gcc-5__Ou__gdbm__gdbmtool/instream_argv_close
started running instream_argv_close
finished instream_argv_close
analyzing gcc-5__Ou__gdbm__gdbmtool/instream_argv_eq
started running instream_argv_eq
finished instream_argv_eq
analyzing gcc-5__Ou__gdbm__gdbmtool/instream_argv_create
started running instream_argv_create
finished instream_argv_create
analyzing gcc-5__Ou__gdbm__gdbmtool/instream_file_read
started running instream_file_read
finished instream_file_read
analyzing gcc-5__Ou__gdbm__gdbmtool/instream_file_close
started running instream_file_close
finished instream_file_close
analyzing gcc-5__Ou__gdbm__gdbmtool/instream_file_eq
started running instream_file_eq
finished instream_file_eq
removing targets
analyzing gcc-5__Ou__gdbm__gdbmtool/instream_file_create
started running instream_file_create
finished instream_file_create
analyzing gcc-5__Ou__gdbm__gdbmtool/instream_name
started running instream_name
finished instream_name
analyzing gcc-5__Ou__gdbm__gdbmtool/instream_read
started running instream_read
finished instream_read
analyzing gcc-5__Ou__gdbm__gdbmtool/instream_close
started running instream_close
finished instream_close
analyzing gcc-5__Ou__gdbm__gdbmtool/instream_interactive
started running instream_interactive
finished instream_interactive
analyzing gcc-5__Ou__gdbm__gdbmtool/instream_eq
started running instream_eq
finished instream_eq
analyzing gcc-5__Ou__gdbm__gdbmtool/advance_line
started running advance_line
finished advance_line
analyzing gcc-5__Ou__gdbm__gdbmtool/interactive
started running interactive
finished interactive
removing targets
analyzing gcc-5__Ou__gdbm__gdbmtool/input_context_lookup
started running input_context_lookup
finished input_context_lookup
removing targets
analyzing gcc-5__Ou__gdbm__gdbmtool/input_context_push
started running input_context_push
finished input_context_push
analyzing gcc-5__Ou__gdbm__gdbmtool/lex_trace
started running lex_trace
finished lex_trace
analyzing gcc-5__Ou__gdbm__gdbmtool/input_context_pop
started running input_context_pop
finished input_context_pop
removing targets
analyzing gcc-5__Ou__gdbm__gdbmtool/t_num
started running t_num
finished t_num
analyzing gcc-5__Ou__gdbm__gdbmtool/yylex
started running yylex
stopped exploration
finished yylex
removing targets
analyzing gcc-5__Ou__gdbm__gdbmtool/yy_get_next_buffer
started running yy_get_next_buffer
stopped exploration
finished yy_get_next_buffer
removing targets
analyzing gcc-5__Ou__gdbm__gdbmtool/yy_get_previous_state
started running yy_get_previous_state
finished yy_get_previous_state
removing targets
analyzing gcc-5__Ou__gdbm__gdbmtool/yy_try_NUL_trans
started running yy_try_NUL_trans
finished yy_try_NUL_trans
removing targets
analyzing gcc-5__Ou__gdbm__gdbmtool/yyrestart
started running yyrestart
finished yyrestart
removing targets
analyzing gcc-5__Ou__gdbm__gdbmtool/yy_switch_to_buffer
started running yy_switch_to_buffer
finished yy_switch_to_buffer
analyzing gcc-5__Ou__gdbm__gdbmtool/yy_load_buffer_state
started running yy_load_buffer_state
finished yy_load_buffer_state
analyzing gcc-5__Ou__gdbm__gdbmtool/yy_create_buffer
started running yy_create_buffer
finished yy_create_buffer
analyzing gcc-5__Ou__gdbm__gdbmtool/yy_delete_buffer
started running yy_delete_buffer
finished yy_delete_buffer
removing targets
analyzing gcc-5__Ou__gdbm__gdbmtool/yy_init_buffer
started running yy_init_buffer
finished yy_init_buffer
analyzing gcc-5__Ou__gdbm__gdbmtool/yy_flush_buffer
started running yy_flush_buffer
finished yy_flush_buffer
removing targets
analyzing gcc-5__Ou__gdbm__gdbmtool/yypush_buffer_state
started running yypush_buffer_state
finished yypush_buffer_state
removing targets
analyzing gcc-5__Ou__gdbm__gdbmtool/yypop_buffer_state
started running yypop_buffer_state
finished yypop_buffer_state
removing targets
analyzing gcc-5__Ou__gdbm__gdbmtool/yyensure_buffer_stack
started running yyensure_buffer_stack
finished yyensure_buffer_stack
removing targets
analyzing gcc-5__Ou__gdbm__gdbmtool/yy_scan_buffer
started running yy_scan_buffer
finished yy_scan_buffer
removing targets
analyzing gcc-5__Ou__gdbm__gdbmtool/yy_scan_string
started running yy_scan_string
finished yy_scan_string
analyzing gcc-5__Ou__gdbm__gdbmtool/yy_scan_bytes
started running yy_scan_bytes
finished yy_scan_bytes
analyzing gcc-5__Ou__gdbm__gdbmtool/yy_fatal_error
started running yy_fatal_error
finished yy_fatal_error
analyzing gcc-5__Ou__gdbm__gdbmtool/yyget_lineno
started running yyget_lineno
finished yyget_lineno
analyzing gcc-5__Ou__gdbm__gdbmtool/yyget_in
started running yyget_in
finished yyget_in
analyzing gcc-5__Ou__gdbm__gdbmtool/yyget_out
started running yyget_out
finished yyget_out
analyzing gcc-5__Ou__gdbm__gdbmtool/yyget_leng
started running yyget_leng
finished yyget_leng
analyzing gcc-5__Ou__gdbm__gdbmtool/yyget_text
started running yyget_text
finished yyget_text
analyzing gcc-5__Ou__gdbm__gdbmtool/yyset_lineno
started running yyset_lineno
finished yyset_lineno
analyzing gcc-5__Ou__gdbm__gdbmtool/yyset_in
started running yyset_in
finished yyset_in
analyzing gcc-5__Ou__gdbm__gdbmtool/yyset_out
started running yyset_out
finished yyset_out
analyzing gcc-5__Ou__gdbm__gdbmtool/yyget_debug
started running yyget_debug
finished yyget_debug
analyzing gcc-5__Ou__gdbm__gdbmtool/yyset_debug
started running yyset_debug
finished yyset_debug
analyzing gcc-5__Ou__gdbm__gdbmtool/yy_init_globals
started running yy_init_globals
finished yy_init_globals
analyzing gcc-5__Ou__gdbm__gdbmtool/yylex_destroy
started running yylex_destroy
finished yylex_destroy
removing targets
analyzing gcc-5__Ou__gdbm__gdbmtool/yyalloc
started running yyalloc
finished yyalloc
analyzing gcc-5__Ou__gdbm__gdbmtool/yyrealloc
started running yyrealloc
finished yyrealloc
analyzing gcc-5__Ou__gdbm__gdbmtool/yyfree
started running yyfree
finished yyfree
analyzing gcc-5__Ou__gdbm__gdbmtool/yywrap
started running yywrap
finished yywrap
analyzing gcc-5__Ou__gdbm__gdbmtool/begin_def
started running begin_def
finished begin_def
analyzing gcc-5__Ou__gdbm__gdbmtool/end_def
started running end_def
finished end_def
analyzing gcc-5__Ou__gdbm__gdbmtool/print_prompt_at_bol
started running print_prompt_at_bol
finished print_prompt_at_bol
removing targets
analyzing gcc-5__Ou__gdbm__gdbmtool/string_begin
started running string_begin
finished string_begin
analyzing gcc-5__Ou__gdbm__gdbmtool/strseg_attach
started running strseg_attach
finished strseg_attach
removing targets
analyzing gcc-5__Ou__gdbm__gdbmtool/string_add
started running string_add
finished string_add
analyzing gcc-5__Ou__gdbm__gdbmtool/string_addc
started running string_addc
finished string_addc
analyzing gcc-5__Ou__gdbm__gdbmtool/string_end
started running string_end
finished string_end
removing targets
analyzing gcc-5__Ou__gdbm__gdbmtool/unescape
started running unescape
finished unescape
removing targets
analyzing gcc-5__Ou__gdbm__gdbmtool/escape
started running escape
finished escape
removing targets
analyzing gcc-5__Ou__gdbm__gdbmtool/vlerror
started running vlerror
finished vlerror
analyzing gcc-5__Ou__gdbm__gdbmtool/lerror
started running lerror
finished lerror
removing targets
analyzing gcc-5__Ou__gdbm__gdbmtool/pe_file_name
started running pe_file_name
finished pe_file_name
removing targets
analyzing gcc-5__Ou__gdbm__gdbmtool/pe_program_name
started running pe_program_name
finished pe_program_name
analyzing gcc-5__Ou__gdbm__gdbmtool/pe_package_name
started running pe_package_name
finished pe_package_name
analyzing gcc-5__Ou__gdbm__gdbmtool/pe_program_version
started running pe_program_version
finished pe_program_version
analyzing gcc-5__Ou__gdbm__gdbmtool/pe_space
started running pe_space
finished pe_space
analyzing gcc-5__Ou__gdbm__gdbmtool/expand_char
started running expand_char
finished expand_char
removing targets
analyzing gcc-5__Ou__gdbm__gdbmtool/psname
started running psname
finished psname
removing targets
analyzing gcc-5__Ou__gdbm__gdbmtool/make_prompt
started running make_prompt
finished make_prompt
analyzing gcc-5__Ou__gdbm__gdbmtool/gdbm_avail_block_valid_p
started running gdbm_avail_block_valid_p
finished gdbm_avail_block_valid_p
removing targets
analyzing gcc-5__Ou__gdbm__gdbmtool/gdbm_file_seek
started running gdbm_file_seek
finished gdbm_file_seek
skipping instream|interactive
analyzing gcc-5__Ou__gdbm__gdbmtool/closedb
started running closedb
finished closedb
removing targets
analyzing gcc-5__Ou__gdbm__gdbmtool/opendb
started running opendb
finished opendb
analyzing gcc-5__Ou__gdbm__gdbmtool/checkdb
started running checkdb
finished checkdb
removing targets
analyzing gcc-5__Ou__gdbm__gdbmtool/checkdb_begin
started running checkdb_begin
finished checkdb_begin
analyzing gcc-5__Ou__gdbm__gdbmtool/bucket_print_lines
started running bucket_print_lines
finished bucket_print_lines
analyzing gcc-5__Ou__gdbm__gdbmtool/format_key_start
started running format_key_start
finished format_key_start
removing targets
analyzing gcc-5__Ou__gdbm__gdbmtool/print_bucket
started running print_bucket
finished print_bucket
removing targets
analyzing gcc-5__Ou__gdbm__gdbmtool/av_table_display
started running av_table_display
finished av_table_display
removing targets
analyzing gcc-5__Ou__gdbm__gdbmtool/trimnl
started running trimnl
finished trimnl
analyzing gcc-5__Ou__gdbm__gdbmtool/get_screen_lines
started running get_screen_lines
finished get_screen_lines
analyzing gcc-5__Ou__gdbm__gdbmtool/open_handler
started running open_handler
finished open_handler
analyzing gcc-5__Ou__gdbm__gdbmtool/close_handler
started running close_handler
finished close_handler
removing targets
analyzing gcc-5__Ou__gdbm__gdbmtool/count_to_str
started running count_to_str
finished count_to_str
removing targets
analyzing gcc-5__Ou__gdbm__gdbmtool/count_handler
started running count_handler
finished count_handler
analyzing gcc-5__Ou__gdbm__gdbmtool/delete_handler
started running delete_handler
finished delete_handler
analyzing gcc-5__Ou__gdbm__gdbmtool/fetch_handler
started running fetch_handler
finished fetch_handler
analyzing gcc-5__Ou__gdbm__gdbmtool/store_handler
started running store_handler
finished store_handler
analyzing gcc-5__Ou__gdbm__gdbmtool/firstkey_handler
started running firstkey_handler
finished firstkey_handler
removing targets
analyzing gcc-5__Ou__gdbm__gdbmtool/nextkey_handler
started running nextkey_handler
finished nextkey_handler
removing targets
analyzing gcc-5__Ou__gdbm__gdbmtool/reorganize_handler
started running reorganize_handler
finished reorganize_handler
analyzing gcc-5__Ou__gdbm__gdbmtool/err_printer
started running err_printer
finished err_printer
removing targets
analyzing gcc-5__Ou__gdbm__gdbmtool/recover_handler
started running recover_handler
finished recover_handler
removing targets
analyzing gcc-5__Ou__gdbm__gdbmtool/avail_begin
started running avail_begin
finished avail_begin
analyzing gcc-5__Ou__gdbm__gdbmtool/avail_handler
started running avail_handler
finished avail_handler
analyzing gcc-5__Ou__gdbm__gdbmtool/print_current_bucket_begin
started running print_current_bucket_begin
finished print_current_bucket_begin
analyzing gcc-5__Ou__gdbm__gdbmtool/print_current_bucket_handler
started running print_current_bucket_handler
finished print_current_bucket_handler
removing targets
analyzing gcc-5__Ou__gdbm__gdbmtool/getnum
started running getnum
finished getnum
analyzing gcc-5__Ou__gdbm__gdbmtool/print_bucket_begin
started running print_bucket_begin
finished print_bucket_begin
analyzing gcc-5__Ou__gdbm__gdbmtool/print_dir_begin
started running print_dir_begin
finished print_dir_begin
analyzing gcc-5__Ou__gdbm__gdbmtool/bucket_count
started running bucket_count
finished bucket_count
removing targets
analyzing gcc-5__Ou__gdbm__gdbmtool/print_dir_handler
started running print_dir_handler
finished print_dir_handler
analyzing gcc-5__Ou__gdbm__gdbmtool/print_header_begin
started running print_header_begin
finished print_header_begin
analyzing gcc-5__Ou__gdbm__gdbmtool/print_header_handler
started running print_header_handler
finished print_header_handler
analyzing gcc-5__Ou__gdbm__gdbmtool/hash_handler
started running hash_handler
finished hash_handler
removing targets
analyzing gcc-5__Ou__gdbm__gdbmtool/print_cache_begin
started running print_cache_begin
finished print_cache_begin
analyzing gcc-5__Ou__gdbm__gdbmtool/print_cache_handler
started running print_cache_handler
finished print_cache_handler
analyzing gcc-5__Ou__gdbm__gdbmtool/print_version_handler
started running print_version_handler
finished print_version_handler
analyzing gcc-5__Ou__gdbm__gdbmtool/list_begin
started running list_begin
finished list_begin
analyzing gcc-5__Ou__gdbm__gdbmtool/list_handler
started running list_handler
finished list_handler
analyzing gcc-5__Ou__gdbm__gdbmtool/quit_handler
started running quit_handler
finished quit_handler
analyzing gcc-5__Ou__gdbm__gdbmtool/export_handler
started running export_handler
finished export_handler
removing targets
analyzing gcc-5__Ou__gdbm__gdbmtool/import_handler
started running import_handler
finished import_handler
removing targets
analyzing gcc-5__Ou__gdbm__gdbmtool/status_handler
started running status_handler
finished status_handler
removing targets
analyzing gcc-5__Ou__gdbm__gdbmtool/debug_handler
started running debug_handler
finished debug_handler
analyzing gcc-5__Ou__gdbm__gdbmtool/source_handler
started running source_handler
finished source_handler
analyzing gcc-5__Ou__gdbm__gdbmtool/cmdcmp
started running cmdcmp
finished cmdcmp
analyzing gcc-5__Ou__gdbm__gdbmtool/sort_commands
started running sort_commands
finished sort_commands
analyzing gcc-5__Ou__gdbm__gdbmtool/command_generator
started running command_generator
finished command_generator
removing targets
analyzing gcc-5__Ou__gdbm__gdbmtool/help_begin
started running help_begin
finished help_begin
removing targets
analyzing gcc-5__Ou__gdbm__gdbmtool/help_handler
started running help_handler
finished help_handler
removing targets
analyzing gcc-5__Ou__gdbm__gdbmtool/command_lookup
started running command_lookup
finished command_lookup
analyzing gcc-5__Ou__gdbm__gdbmtool/gdbmarg_string
started running gdbmarg_string
finished gdbmarg_string
analyzing gcc-5__Ou__gdbm__gdbmtool/gdbmarg_datum
started running gdbmarg_datum
finished gdbmarg_datum
analyzing gcc-5__Ou__gdbm__gdbmtool/gdbmarg_kvpair
started running gdbmarg_kvpair
finished gdbmarg_kvpair
analyzing gcc-5__Ou__gdbm__gdbmtool/slist_new_s
started running slist_new_s
finished slist_new_s
analyzing gcc-5__Ou__gdbm__gdbmtool/slist_new
started running slist_new
finished slist_new
analyzing gcc-5__Ou__gdbm__gdbmtool/slist_new_l
started running slist_new_l
finished slist_new_l
analyzing gcc-5__Ou__gdbm__gdbmtool/slist_free
started running slist_free
finished slist_free
removing targets
analyzing gcc-5__Ou__gdbm__gdbmtool/slist_insert
started running slist_insert
finished slist_insert
removing targets
analyzing gcc-5__Ou__gdbm__gdbmtool/kvpair_string
started running kvpair_string
finished kvpair_string
analyzing gcc-5__Ou__gdbm__gdbmtool/kvpair_list
started running kvpair_list
finished kvpair_list
analyzing gcc-5__Ou__gdbm__gdbmtool/kvlist_free
started running kvlist_free
finished kvlist_free
removing targets
analyzing gcc-5__Ou__gdbm__gdbmtool/gdbmarg_free
started running gdbmarg_free
finished gdbmarg_free
removing targets
analyzing gcc-5__Ou__gdbm__gdbmtool/gdbmarg_destroy
started running gdbmarg_destroy
finished gdbmarg_destroy
removing targets
analyzing gcc-5__Ou__gdbm__gdbmtool/gdbmarglist_init
started running gdbmarglist_init
finished gdbmarglist_init
removing targets
analyzing gcc-5__Ou__gdbm__gdbmtool/gdbmarglist_add
started running gdbmarglist_add
finished gdbmarglist_add
removing targets
analyzing gcc-5__Ou__gdbm__gdbmtool/gdbmarglist_free
started running gdbmarglist_free
finished gdbmarglist_free
removing targets
analyzing gcc-5__Ou__gdbm__gdbmtool/param_free_argv
started running param_free_argv
finished param_free_argv
removing targets
analyzing gcc-5__Ou__gdbm__gdbmtool/coerce_ref
started running coerce_ref
finished coerce_ref
analyzing gcc-5__Ou__gdbm__gdbmtool/coerce_k2d
started running coerce_k2d
finished coerce_k2d
analyzing gcc-5__Ou__gdbm__gdbmtool/coerce_s2d
started running coerce_s2d
finished coerce_s2d
analyzing gcc-5__Ou__gdbm__gdbmtool/coerce
started running coerce
finished coerce
removing targets
analyzing gcc-5__Ou__gdbm__gdbmtool/run_last_command
started running run_last_command
finished run_last_command
analyzing gcc-5__Ou__gdbm__gdbmtool/run_command
started running run_command
stopped exploration
finished run_command
analyzing gcc-5__Ou__gdbm__gdbmtool/source_rcfile
started running source_rcfile
finished source_rcfile
analyzing gcc-5__Ou__gdbm__gdbmtool/open_hook
started running open_hook
finished open_hook
removing targets
analyzing gcc-5__Ou__gdbm__gdbmtool/varfind
started running varfind
finished varfind
removing targets
analyzing gcc-5__Ou__gdbm__gdbmtool/s2s
started running s2s
finished s2s
analyzing gcc-5__Ou__gdbm__gdbmtool/b2s
started running b2s
finished b2s
removing targets
analyzing gcc-5__Ou__gdbm__gdbmtool/i2s
started running i2s
finished i2s
analyzing gcc-5__Ou__gdbm__gdbmtool/s2b
started running s2b
finished s2b
removing targets
analyzing gcc-5__Ou__gdbm__gdbmtool/s2i
started running s2i
finished s2i
removing targets
analyzing gcc-5__Ou__gdbm__gdbmtool/b2b
started running b2b
finished b2b
analyzing gcc-5__Ou__gdbm__gdbmtool/b2i
started running b2i
finished b2i
analyzing gcc-5__Ou__gdbm__gdbmtool/i2i
started running i2i
finished i2i
analyzing gcc-5__Ou__gdbm__gdbmtool/i2b
started running i2b
finished i2b
analyzing gcc-5__Ou__gdbm__gdbmtool/variable_set
started running variable_set
finished variable_set
analyzing gcc-5__Ou__gdbm__gdbmtool/variable_unset
started running variable_unset
finished variable_unset
analyzing gcc-5__Ou__gdbm__gdbmtool/variable_get
started running variable_get
finished variable_get
analyzing gcc-5__Ou__gdbm__gdbmtool/varcmp
started running varcmp
finished varcmp
analyzing gcc-5__Ou__gdbm__gdbmtool/variable_print_all
started running variable_print_all
finished variable_print_all
removing targets
analyzing gcc-5__Ou__gdbm__gdbmtool/variable_is_set
started running variable_is_set
finished variable_is_set
analyzing gcc-5__Ou__gdbm__gdbmtool/variable_is_true
started running variable_is_true
finished variable_is_true
analyzing gcc-5__Ou__gdbm__gdbmtool/mkfilename
started running mkfilename
finished mkfilename
analyzing gcc-5__Ou__gdbm__gdbmtool/tildexpand
started running tildexpand
finished tildexpand
removing targets
analyzing gcc-5__Ou__gdbm__gdbmtool/vgetyn
started running vgetyn
finished vgetyn
removing targets
analyzing gcc-5__Ou__gdbm__gdbmtool/getyn
started running getyn
finished getyn
removing targets
analyzing gcc-5__Ou__gdbm__gdbmtool/pre_input
started running pre_input
finished pre_input
removing targets
analyzing gcc-5__Ou__gdbm__gdbmtool/retrieve_history
started running retrieve_history
finished retrieve_history
analyzing gcc-5__Ou__gdbm__gdbmtool/input_history_begin
started running input_history_begin
finished input_history_begin
removing targets
analyzing gcc-5__Ou__gdbm__gdbmtool/input_history_handler
started running input_history_handler
finished input_history_handler
analyzing gcc-5__Ou__gdbm__gdbmtool/get_history_file_name
started running get_history_file_name
finished get_history_file_name
removing targets
analyzing gcc-5__Ou__gdbm__gdbmtool/shell_completion
started running shell_completion
finished shell_completion
removing targets
analyzing gcc-5__Ou__gdbm__gdbmtool/input_init
started running input_init
finished input_init
analyzing gcc-5__Ou__gdbm__gdbmtool/input_done
started running input_done
finished input_done
analyzing gcc-5__Ou__gdbm__gdbmtool/instream_stdin_close
started running instream_stdin_close
finished instream_stdin_close
analyzing gcc-5__Ou__gdbm__gdbmtool/stdin_read_readline
started running stdin_read_readline
finished stdin_read_readline
removing targets
analyzing gcc-5__Ou__gdbm__gdbmtool/instream_stdin_read
started running instream_stdin_read
finished instream_stdin_read
removing targets
analyzing gcc-5__Ou__gdbm__gdbmtool/instream_stdin_eq
started running instream_stdin_eq
finished instream_stdin_eq
analyzing gcc-5__Ou__gdbm__gdbmtool/instream_stdin_create
started running instream_stdin_create
finished instream_stdin_create
analyzing gcc-5__Ou__gdbm__gdbmtool/ealloc_die
started running ealloc_die
finished ealloc_die
analyzing gcc-5__Ou__gdbm__gdbmtool/emalloc
started running emalloc
finished emalloc
analyzing gcc-5__Ou__gdbm__gdbmtool/erealloc
started running erealloc
finished erealloc
analyzing gcc-5__Ou__gdbm__gdbmtool/ecalloc
started running ecalloc
finished ecalloc
analyzing gcc-5__Ou__gdbm__gdbmtool/ezalloc
started running ezalloc
finished ezalloc
analyzing gcc-5__Ou__gdbm__gdbmtool/estrdup
started running estrdup
finished estrdup
removing targets
analyzing gcc-5__Ou__gdbm__gdbmtool/optcmp
started running optcmp
finished optcmp
removing targets
analyzing gcc-5__Ou__gdbm__gdbmtool/sort_options
started running sort_options
finished sort_options
analyzing gcc-5__Ou__gdbm__gdbmtool/sort_group
started running sort_group
finished sort_group
removing targets
analyzing gcc-5__Ou__gdbm__gdbmtool/sort_all_options
started running sort_all_options
finished sort_all_options
removing targets
analyzing gcc-5__Ou__gdbm__gdbmtool/add_options
started running add_options
finished add_options
removing targets
analyzing gcc-5__Ou__gdbm__gdbmtool/parseopt_first
started running parseopt_first
finished parseopt_first
analyzing gcc-5__Ou__gdbm__gdbmtool/indent
started running indent
finished indent
removing targets
analyzing gcc-5__Ou__gdbm__gdbmtool/print_option_descr
started running print_option_descr
finished print_option_descr
removing targets
analyzing gcc-5__Ou__gdbm__gdbmtool/print_option
started running print_option
finished print_option
removing targets
analyzing gcc-5__Ou__gdbm__gdbmtool/parseopt_print_help
started running parseopt_print_help
finished parseopt_print_help
analyzing gcc-5__Ou__gdbm__gdbmtool/cmpidx_short
started running cmpidx_short
finished cmpidx_short
analyzing gcc-5__Ou__gdbm__gdbmtool/cmpidx_long
started running cmpidx_long
finished cmpidx_long
analyzing gcc-5__Ou__gdbm__gdbmtool/print_usage
started running print_usage
finished print_usage
analyzing gcc-5__Ou__gdbm__gdbmtool/print_version_only
started running print_version_only
finished print_version_only
removing targets
analyzing gcc-5__Ou__gdbm__gdbmtool/handle_option
started running handle_option
finished handle_option
removing targets
analyzing gcc-5__Ou__gdbm__gdbmtool/parseopt_next
started running parseopt_next
finished parseopt_next
analyzing gcc-5__Ou__gdbm__gdbmtool/set_progname
started running set_progname
finished set_progname
analyzing gcc-5__Ou__gdbm__gdbmtool/prerror
started running prerror
finished prerror
analyzing gcc-5__Ou__gdbm__gdbmtool/verror
started running verror
finished verror
analyzing gcc-5__Ou__gdbm__gdbmtool/error
started running error
finished error
removing targets
analyzing gcc-5__Ou__gdbm__gdbmtool/sys_perror
started running sys_perror
finished sys_perror
removing targets
analyzing gcc-5__Ou__gdbm__gdbmtool/gdbm_perror
started running gdbm_perror
finished gdbm_perror
removing targets
analyzing gcc-5__Ou__gdbm__gdbmtool/stat
started running stat
finished stat
removing targets
