gcc-5__Ou__global__global have 444 funcs
analyzing gcc-5__Ou__global__global/deregister_tm_clones
started running deregister_tm_clones
finished deregister_tm_clones
removing targets
analyzing gcc-5__Ou__global__global/register_tm_clones
started running register_tm_clones
finished register_tm_clones
removing targets
analyzing gcc-5__Ou__global__global/frame_dummy
started running frame_dummy
finished frame_dummy
removing targets
analyzing gcc-5__Ou__global__global/help
started running help
finished help
analyzing gcc-5__Ou__global__global/setcom
started running setcom
finished setcom
removing targets
analyzing gcc-5__Ou__global__global/decide_tag_by_context
started running decide_tag_by_context
stopped exploration
finished decide_tag_by_context
removing targets
analyzing gcc-5__Ou__global__global/completion_tags
started running completion_tags
finished completion_tags
analyzing gcc-5__Ou__global__global/completion
started running completion
finished completion
removing targets
analyzing gcc-5__Ou__global__global/completion_idutils
started running completion_idutils
stopped exploration
finished completion_idutils
analyzing gcc-5__Ou__global__global/completion_path
started running completion_path
finished completion_path
analyzing gcc-5__Ou__global__global/print_count
started running print_count
finished print_count
removing targets
analyzing gcc-5__Ou__global__global/idutils
started running idutils
finished idutils
analyzing gcc-5__Ou__global__global/grep
started running grep
