gcc-5__Ou__gnuit__gitps2 have 159 funcs
analyzing gcc-5__Ou__gnuit__gitps2/deregister_tm_clones
started running deregister_tm_clones
finished deregister_tm_clones
removing targets
analyzing gcc-5__Ou__gnuit__gitps2/register_tm_clones
started running register_tm_clones
finished register_tm_clones
removing targets
analyzing gcc-5__Ou__gnuit__gitps2/frame_dummy
started running frame_dummy
finished frame_dummy
removing targets
analyzing gcc-5__Ou__gnuit__gitps2/remove_log
started running remove_log
finished remove_log
removing targets
analyzing gcc-5__Ou__gnuit__gitps2/set_title
started running set_title
finished set_title
analyzing gcc-5__Ou__gnuit__gitps2/set_header
started running set_header
finished set_header
analyzing gcc-5__Ou__gnuit__gitps2/set_status
started running set_status
finished set_status
analyzing gcc-5__Ou__gnuit__gitps2/set_signal
started running set_signal
finished set_signal
removing targets
analyzing gcc-5__Ou__gnuit__gitps2/report_undefined_key
started running report_undefined_key
finished report_undefined_key
analyzing gcc-5__Ou__gnuit__gitps2/free_ps_list
started running free_ps_list
finished free_ps_list
removing targets
analyzing gcc-5__Ou__gnuit__gitps2/read_ps_line
started running read_ps_line
finished read_ps_line
analyzing gcc-5__Ou__gnuit__gitps2/get_PID_index
started running get_PID_index
finished get_PID_index
analyzing gcc-5__Ou__gnuit__gitps2/kill_process
started running kill_process
analyzing gcc-5__Ou__gnuit__gitps2/build_ps_list
started running build_ps_list
finished build_ps_list
removing targets
analyzing gcc-5__Ou__gnuit__gitps2/update_process
started running update_process
finished update_process
analyzing gcc-5__Ou__gnuit__gitps2/update_all
started running update_all
finished update_all
analyzing gcc-5__Ou__gnuit__gitps2/clean_up
started running clean_up
finished clean_up
analyzing gcc-5__Ou__gnuit__gitps2/fatal
started running fatal
finished fatal
analyzing gcc-5__Ou__gnuit__gitps2/ps
started running ps
finished ps
analyzing gcc-5__Ou__gnuit__gitps2/read_keys
started running read_keys
finished read_keys
removing targets
analyzing gcc-5__Ou__gnuit__gitps2/resize
started running resize
finished resize
analyzing gcc-5__Ou__gnuit__gitps2/refresh
started running refresh
finished refresh
analyzing gcc-5__Ou__gnuit__gitps2/hide
started running hide
finished hide
analyzing gcc-5__Ou__gnuit__gitps2/clock_refresh
started running clock_refresh
finished clock_refresh
analyzing gcc-5__Ou__gnuit__gitps2/tty_set_last_char_flag
started running tty_set_last_char_flag
finished tty_set_last_char_flag
analyzing gcc-5__Ou__gnuit__gitps2/tty_set_mode
started running tty_set_mode
finished tty_set_mode
removing targets
analyzing gcc-5__Ou__gnuit__gitps2/tty_get_mode
started running tty_get_mode
finished tty_get_mode
analyzing gcc-5__Ou__gnuit__gitps2/tty_set_interrupt_char
started running tty_set_interrupt_char
finished tty_set_interrupt_char
analyzing gcc-5__Ou__gnuit__gitps2/tty_flush
started running tty_flush
finished tty_flush
removing targets
analyzing gcc-5__Ou__gnuit__gitps2/tty_writec
started running tty_writec
finished tty_writec
removing targets
analyzing gcc-5__Ou__gnuit__gitps2/tty_io_clear
started running tty_io_clear
finished tty_io_clear
analyzing gcc-5__Ou__gnuit__gitps2/tty_start_cursorapp
started running tty_start_cursorapp
finished tty_start_cursorapp
analyzing gcc-5__Ou__gnuit__gitps2/tty_end_cursorapp
started running tty_end_cursorapp
finished tty_end_cursorapp
analyzing gcc-5__Ou__gnuit__gitps2/tty_end
started running tty_end
finished tty_end
removing targets
analyzing gcc-5__Ou__gnuit__gitps2/tty_key_human2machine
started running tty_key_human2machine
finished tty_key_human2machine
removing targets
analyzing gcc-5__Ou__gnuit__gitps2/tty_key_machine2human
started running tty_key_machine2human
finished tty_key_machine2human
removing targets
analyzing gcc-5__Ou__gnuit__gitps2/tty_update
started running tty_update
finished tty_update
removing targets
analyzing gcc-5__Ou__gnuit__gitps2/tty_writes
started running tty_writes
finished tty_writes
removing targets
analyzing gcc-5__Ou__gnuit__gitps2/tty_puts
started running tty_puts
finished tty_puts
removing targets
analyzing gcc-5__Ou__gnuit__gitps2/tty_putc
started running tty_putc
finished tty_putc
analyzing gcc-5__Ou__gnuit__gitps2/tty_read
started running tty_read
finished tty_read
analyzing gcc-5__Ou__gnuit__gitps2/tty_clear
started running tty_clear
finished tty_clear
analyzing gcc-5__Ou__gnuit__gitps2/tty_fill
started running tty_fill
finished tty_fill
analyzing gcc-5__Ou__gnuit__gitps2/tty_touch
started running tty_touch
finished tty_touch
analyzing gcc-5__Ou__gnuit__gitps2/tty_io_goto
started running tty_io_goto
finished tty_io_goto
removing targets
analyzing gcc-5__Ou__gnuit__gitps2/tty_io_foreground
started running tty_io_foreground
finished tty_io_foreground
removing targets
analyzing gcc-5__Ou__gnuit__gitps2/tty_io_background
started running tty_io_background
finished tty_io_background
removing targets
analyzing gcc-5__Ou__gnuit__gitps2/tty_io_brightness
started running tty_io_brightness
finished tty_io_brightness
removing targets
analyzing gcc-5__Ou__gnuit__gitps2/tty_io_reversevid
started running tty_io_reversevid
finished tty_io_reversevid
removing targets
analyzing gcc-5__Ou__gnuit__gitps2/tty_io_colors
started running tty_io_colors
finished tty_io_colors
analyzing gcc-5__Ou__gnuit__gitps2/tty_goto
started running tty_goto
finished tty_goto
analyzing gcc-5__Ou__gnuit__gitps2/tty_get_cursor
started running tty_get_cursor
finished tty_get_cursor
analyzing gcc-5__Ou__gnuit__gitps2/tty_foreground
started running tty_foreground
finished tty_foreground
analyzing gcc-5__Ou__gnuit__gitps2/tty_background
started running tty_background
finished tty_background
analyzing gcc-5__Ou__gnuit__gitps2/tty_brightness
started running tty_brightness
finished tty_brightness
analyzing gcc-5__Ou__gnuit__gitps2/tty_reversevid
started running tty_reversevid
finished tty_reversevid
analyzing gcc-5__Ou__gnuit__gitps2/tty_colors
started running tty_colors
finished tty_colors
analyzing gcc-5__Ou__gnuit__gitps2/tty_beep
started running tty_beep
finished tty_beep
analyzing gcc-5__Ou__gnuit__gitps2/tty_cursor
started running tty_cursor
finished tty_cursor
removing targets
analyzing gcc-5__Ou__gnuit__gitps2/tty_save
started running tty_save
finished tty_save
analyzing gcc-5__Ou__gnuit__gitps2/tty_restore
started running tty_restore
finished tty_restore
analyzing gcc-5__Ou__gnuit__gitps2/tty_defaults
started running tty_defaults
finished tty_defaults
removing targets
analyzing gcc-5__Ou__gnuit__gitps2/tty_extract_key
started running tty_extract_key
finished tty_extract_key
removing targets
analyzing gcc-5__Ou__gnuit__gitps2/tty_getc
started running tty_getc
finished tty_getc
analyzing gcc-5__Ou__gnuit__gitps2/tty_key_list_insert_sequence
started running tty_key_list_insert_sequence
finished tty_key_list_insert_sequence
analyzing gcc-5__Ou__gnuit__gitps2/tty_key_list_insert
started running tty_key_list_insert
finished tty_key_list_insert
removing targets
analyzing gcc-5__Ou__gnuit__gitps2/tty_key_search_restart
started running tty_key_search_restart
finished tty_key_search_restart
analyzing gcc-5__Ou__gnuit__gitps2/tty_key_search
started running tty_key_search
finished tty_key_search
removing targets
analyzing gcc-5__Ou__gnuit__gitps2/tty_key_print
started running tty_key_print
finished tty_key_print
analyzing gcc-5__Ou__gnuit__gitps2/tty_get_key
started running tty_get_key
