gcc-5__Ou__gnuplot-4.6.6__gnuplot_x11 have 115 funcs
analyzing gcc-5__Ou__gnuplot-4.6.6__gnuplot_x11/deregister_tm_clones
started running deregister_tm_clones
finished deregister_tm_clones
removing targets
analyzing gcc-5__Ou__gnuplot-4.6.6__gnuplot_x11/register_tm_clones
started running register_tm_clones
finished register_tm_clones
removing targets
analyzing gcc-5__Ou__gnuplot-4.6.6__gnuplot_x11/frame_dummy
started running frame_dummy
finished frame_dummy
removing targets
analyzing gcc-5__Ou__gnuplot-4.6.6__gnuplot_x11/RCSid
started running RCSid
finished RCSid
analyzing gcc-5__Ou__gnuplot-4.6.6__gnuplot_x11/byteswap
started running byteswap
finished byteswap
removing targets
analyzing gcc-5__Ou__gnuplot-4.6.6__gnuplot_x11/mainloop
started running mainloop
finished mainloop
analyzing gcc-5__Ou__gnuplot-4.6.6__gnuplot_x11/delete_plot
started running delete_plot
finished delete_plot
removing targets
analyzing gcc-5__Ou__gnuplot-4.6.6__gnuplot_x11/prepare_plot
started running prepare_plot
finished prepare_plot
removing targets
analyzing gcc-5__Ou__gnuplot-4.6.6__gnuplot_x11/store_command
started running store_command
finished store_command
removing targets
analyzing gcc-5__Ou__gnuplot-4.6.6__gnuplot_x11/read_input
started running read_input
finished read_input
analyzing gcc-5__Ou__gnuplot-4.6.6__gnuplot_x11/read_input_line
started running read_input_line
finished read_input_line
removing targets
analyzing gcc-5__Ou__gnuplot-4.6.6__gnuplot_x11/scan_palette_from_buf
started running scan_palette_from_buf
finished scan_palette_from_buf
analyzing gcc-5__Ou__gnuplot-4.6.6__gnuplot_x11/record
started running record
finished record
analyzing gcc-5__Ou__gnuplot-4.6.6__gnuplot_x11/DrawRotatedErrorHandler
started running DrawRotatedErrorHandler
finished DrawRotatedErrorHandler
analyzing gcc-5__Ou__gnuplot-4.6.6__gnuplot_x11/DrawRotated
started running DrawRotated
finished DrawRotated
analyzing gcc-5__Ou__gnuplot-4.6.6__gnuplot_x11/exec_cmd
started running exec_cmd
finished exec_cmd
removing targets
analyzing gcc-5__Ou__gnuplot-4.6.6__gnuplot_x11/display
started running display
finished display
removing targets
analyzing gcc-5__Ou__gnuplot-4.6.6__gnuplot_x11/UpdateWindow
started running UpdateWindow
finished UpdateWindow
removing targets
analyzing gcc-5__Ou__gnuplot-4.6.6__gnuplot_x11/CmapClear
started running CmapClear
finished CmapClear
analyzing gcc-5__Ou__gnuplot-4.6.6__gnuplot_x11/RecolorWindow
started running RecolorWindow
finished RecolorWindow
removing targets
analyzing gcc-5__Ou__gnuplot-4.6.6__gnuplot_x11/FreeColormapList
started running FreeColormapList
finished FreeColormapList
removing targets
analyzing gcc-5__Ou__gnuplot-4.6.6__gnuplot_x11/FreeColors
started running FreeColors
finished FreeColors
removing targets
analyzing gcc-5__Ou__gnuplot-4.6.6__gnuplot_x11/ReleaseColormap
started running ReleaseColormap
finished ReleaseColormap
removing targets
analyzing gcc-5__Ou__gnuplot-4.6.6__gnuplot_x11/ReallocColors
started running ReallocColors
finished ReallocColors
analyzing gcc-5__Ou__gnuplot-4.6.6__gnuplot_x11/GetVisual
started running GetVisual
finished GetVisual
analyzing gcc-5__Ou__gnuplot-4.6.6__gnuplot_x11/PaletteMake
started running PaletteMake
finished PaletteMake
analyzing gcc-5__Ou__gnuplot-4.6.6__gnuplot_x11/PaletteSetColor
started running PaletteSetColor
stopped exploration
finished PaletteSetColor
removing targets
analyzing gcc-5__Ou__gnuplot-4.6.6__gnuplot_x11/gp_execute_GE_plotdone
started running gp_execute_GE_plotdone
finished gp_execute_GE_plotdone
removing targets
analyzing gcc-5__Ou__gnuplot-4.6.6__gnuplot_x11/ErrorHandler
started running ErrorHandler
finished ErrorHandler
analyzing gcc-5__Ou__gnuplot-4.6.6__gnuplot_x11/DrawRuler
started running DrawRuler
finished DrawRuler
removing targets
analyzing gcc-5__Ou__gnuplot-4.6.6__gnuplot_x11/EventuallyDrawMouseAddOns
started running EventuallyDrawMouseAddOns
finished EventuallyDrawMouseAddOns
analyzing gcc-5__Ou__gnuplot-4.6.6__gnuplot_x11/DrawLineToRuler
started running DrawLineToRuler
finished DrawLineToRuler
removing targets
analyzing gcc-5__Ou__gnuplot-4.6.6__gnuplot_x11/DrawBox
started running DrawBox
finished DrawBox
removing targets
analyzing gcc-5__Ou__gnuplot-4.6.6__gnuplot_x11/AnnotatePoint
started running AnnotatePoint
finished AnnotatePoint
analyzing gcc-5__Ou__gnuplot-4.6.6__gnuplot_x11/SetTime
started running SetTime
finished SetTime
analyzing gcc-5__Ou__gnuplot-4.6.6__gnuplot_x11/AllocateXorPixel
started running AllocateXorPixel
finished AllocateXorPixel
analyzing gcc-5__Ou__gnuplot-4.6.6__gnuplot_x11/GetGCXor
started running GetGCXor
finished GetGCXor
analyzing gcc-5__Ou__gnuplot-4.6.6__gnuplot_x11/GetGCXorDashed
started running GetGCXorDashed
finished GetGCXorDashed
analyzing gcc-5__Ou__gnuplot-4.6.6__gnuplot_x11/EraseCoords
started running EraseCoords
finished EraseCoords
analyzing gcc-5__Ou__gnuplot-4.6.6__gnuplot_x11/DrawCoords
started running DrawCoords
finished DrawCoords
removing targets
analyzing gcc-5__Ou__gnuplot-4.6.6__gnuplot_x11/DisplayCoords
started running DisplayCoords
finished DisplayCoords
analyzing gcc-5__Ou__gnuplot-4.6.6__gnuplot_x11/is_meta
started running is_meta
finished is_meta
removing targets
analyzing gcc-5__Ou__gnuplot-4.6.6__gnuplot_x11/getMultiTabConsoleSwitchCommand
started running getMultiTabConsoleSwitchCommand
finished getMultiTabConsoleSwitchCommand
analyzing gcc-5__Ou__gnuplot-4.6.6__gnuplot_x11/reset_cursor
started running reset_cursor
finished reset_cursor
removing targets
analyzing gcc-5__Ou__gnuplot-4.6.6__gnuplot_x11/update_modifiers
started running update_modifiers
finished update_modifiers
removing targets
analyzing gcc-5__Ou__gnuplot-4.6.6__gnuplot_x11/process_configure_notify_event
started running process_configure_notify_event
finished process_configure_notify_event
analyzing gcc-5__Ou__gnuplot-4.6.6__gnuplot_x11/process_event
started running process_event
finished process_event
removing targets
analyzing gcc-5__Ou__gnuplot-4.6.6__gnuplot_x11/preset
started running preset
stopped exploration
finished preset
analyzing gcc-5__Ou__gnuplot-4.6.6__gnuplot_x11/pr_GetR
started running pr_GetR
finished pr_GetR
analyzing gcc-5__Ou__gnuplot-4.6.6__gnuplot_x11/pr_color
started running pr_color
stopped exploration
finished pr_color
analyzing gcc-5__Ou__gnuplot-4.6.6__gnuplot_x11/pr_dashes
started running pr_dashes
stopped exploration
finished pr_dashes
analyzing gcc-5__Ou__gnuplot-4.6.6__gnuplot_x11/gpXTextWidth
started running gpXTextWidth
finished gpXTextWidth
removing targets
analyzing gcc-5__Ou__gnuplot-4.6.6__gnuplot_x11/gpXTextHeight
started running gpXTextHeight
finished gpXTextHeight
removing targets
analyzing gcc-5__Ou__gnuplot-4.6.6__gnuplot_x11/gpXSetFont
started running gpXSetFont
finished gpXSetFont
removing targets
analyzing gcc-5__Ou__gnuplot-4.6.6__gnuplot_x11/gpXDrawImageString
started running gpXDrawImageString
finished gpXDrawImageString
removing targets
analyzing gcc-5__Ou__gnuplot-4.6.6__gnuplot_x11/gpXDrawString
started running gpXDrawString
finished gpXDrawString
removing targets
analyzing gcc-5__Ou__gnuplot-4.6.6__gnuplot_x11/gpXFreeFont
started running gpXFreeFont
finished gpXFreeFont
removing targets
analyzing gcc-5__Ou__gnuplot-4.6.6__gnuplot_x11/gpXLoadQueryFont
started running gpXLoadQueryFont
finished gpXLoadQueryFont
removing targets
analyzing gcc-5__Ou__gnuplot-4.6.6__gnuplot_x11/gpFallbackFont
started running gpFallbackFont
finished gpFallbackFont
removing targets
analyzing gcc-5__Ou__gnuplot-4.6.6__gnuplot_x11/gpXGetFontascent
started running gpXGetFontascent
finished gpXGetFontascent
removing targets
analyzing gcc-5__Ou__gnuplot-4.6.6__gnuplot_x11/fontset_transsep
started running fontset_transsep
finished fontset_transsep
analyzing gcc-5__Ou__gnuplot-4.6.6__gnuplot_x11/pr_encoding
started running pr_encoding
finished pr_encoding
analyzing gcc-5__Ou__gnuplot-4.6.6__gnuplot_x11/pr_font
started running pr_font
analyzing gcc-5__Ou__gnuplot-4.6.6__gnuplot_x11/pr_geometry
started running pr_geometry
finished pr_geometry
removing targets
analyzing gcc-5__Ou__gnuplot-4.6.6__gnuplot_x11/pr_pointsize
started running pr_pointsize
finished pr_pointsize
analyzing gcc-5__Ou__gnuplot-4.6.6__gnuplot_x11/pr_width
started running pr_width
analyzing gcc-5__Ou__gnuplot-4.6.6__gnuplot_x11/pr_window
started running pr_window
analyzing gcc-5__Ou__gnuplot-4.6.6__gnuplot_x11/pr_raise
started running pr_raise
