gcc-5__Ou__gnutls28-3.4.10__p11tool have 452 funcs
analyzing gcc-5__Ou__gnutls28-3.4.10__p11tool/deregister_tm_clones
started running deregister_tm_clones
finished deregister_tm_clones
removing targets
analyzing gcc-5__Ou__gnutls28-3.4.10__p11tool/register_tm_clones
started running register_tm_clones
finished register_tm_clones
removing targets
analyzing gcc-5__Ou__gnutls28-3.4.10__p11tool/frame_dummy
started running frame_dummy
finished frame_dummy
removing targets
analyzing gcc-5__Ou__gnutls28-3.4.10__p11tool/tls_log_func
started running tls_log_func
finished tls_log_func
analyzing gcc-5__Ou__gnutls28-3.4.10__p11tool/opt_to_flags
started running opt_to_flags
finished opt_to_flags
removing targets
analyzing gcc-5__Ou__gnutls28-3.4.10__p11tool/cmd_parser
started running cmd_parser
finished cmd_parser
analyzing gcc-5__Ou__gnutls28-3.4.10__p11tool/pkcs11_delete
started running pkcs11_delete
finished pkcs11_delete
removing targets
analyzing gcc-5__Ou__gnutls28-3.4.10__p11tool/pkcs11_list
started running pkcs11_list
finished pkcs11_list
analyzing gcc-5__Ou__gnutls28-3.4.10__p11tool/pkcs11_test_sign
started running pkcs11_test_sign
finished pkcs11_test_sign
analyzing gcc-5__Ou__gnutls28-3.4.10__p11tool/pkcs11_export
started running pkcs11_export
finished pkcs11_export
analyzing gcc-5__Ou__gnutls28-3.4.10__p11tool/pkcs11_export_chain
started running pkcs11_export_chain
