gcc-5__Ou__idutils__lid have 350 funcs
analyzing gcc-5__Ou__idutils__lid/deregister_tm_clones
started running deregister_tm_clones
finished deregister_tm_clones
removing targets
analyzing gcc-5__Ou__idutils__lid/register_tm_clones
started running register_tm_clones
finished register_tm_clones
removing targets
analyzing gcc-5__Ou__idutils__lid/frame_dummy
started running frame_dummy
finished frame_dummy
removing targets
analyzing gcc-5__Ou__idutils__lid/help_me
started running help_me
stopped exploration
finished help_me
analyzing gcc-5__Ou__idutils__lid/lower_caseify
started running lower_caseify
finished lower_caseify
removing targets
analyzing gcc-5__Ou__idutils__lid/parse_key_style
started running parse_key_style
finished parse_key_style
analyzing gcc-5__Ou__idutils__lid/parse_result_style
started running parse_result_style
finished parse_result_style
analyzing gcc-5__Ou__idutils__lid/get_query_func
started running get_query_func
finished get_query_func
removing targets
analyzing gcc-5__Ou__idutils__lid/get_report_func
started running get_report_func
finished get_report_func
removing targets
analyzing gcc-5__Ou__idutils__lid/report_filenames
started running report_filenames
finished report_filenames
removing targets
analyzing gcc-5__Ou__idutils__lid/report_grep
started running report_grep
finished report_grep
removing targets
analyzing gcc-5__Ou__idutils__lid/get_editor_argv
started running get_editor_argv
finished get_editor_argv
removing targets
analyzing gcc-5__Ou__idutils__lid/report_edit
started running report_edit
stopped exploration
finished report_edit
removing targets
analyzing gcc-5__Ou__idutils__lid/report_nothing
started running report_nothing
finished report_nothing
removing targets
analyzing gcc-5__Ou__idutils__lid/vector_cardinality
started running vector_cardinality
finished vector_cardinality
removing targets
analyzing gcc-5__Ou__idutils__lid/search_flinkv
started running search_flinkv
finished search_flinkv
analyzing gcc-5__Ou__idutils__lid/query_literal_word
started running query_literal_word
finished query_literal_word
removing targets
analyzing gcc-5__Ou__idutils__lid/query_literal_prefix
started running query_literal_prefix
stopped exploration
finished query_literal_prefix
removing targets
analyzing gcc-5__Ou__idutils__lid/query_regexp
started running query_regexp
