gcc-5__Ou__inetutils__ping have 154 funcs
analyzing gcc-5__Ou__inetutils__ping/deregister_tm_clones
started running deregister_tm_clones
finished deregister_tm_clones
removing targets
analyzing gcc-5__Ou__inetutils__ping/register_tm_clones
started running register_tm_clones
finished register_tm_clones
removing targets
analyzing gcc-5__Ou__inetutils__ping/frame_dummy
started running frame_dummy
finished frame_dummy
removing targets
analyzing gcc-5__Ou__inetutils__ping/parse_opt
started running parse_opt
finished parse_opt
removing targets
analyzing gcc-5__Ou__inetutils__ping/decode_type
started running decode_type
finished decode_type
analyzing gcc-5__Ou__inetutils__ping/decode_ip_timestamp
started running decode_ip_timestamp
finished decode_ip_timestamp
analyzing gcc-5__Ou__inetutils__ping/sig_int
started running sig_int
finished sig_int
analyzing gcc-5__Ou__inetutils__ping/ping_run
started running ping_run
finished ping_run
analyzing gcc-5__Ou__inetutils__ping/send_echo
started running send_echo
finished send_echo
removing targets
analyzing gcc-5__Ou__inetutils__ping/ping_finish
started running ping_finish
finished ping_finish
analyzing gcc-5__Ou__inetutils__ping/ping_cvt_number
started running ping_cvt_number
finished ping_cvt_number
analyzing gcc-5__Ou__inetutils__ping/init_data_buffer
started running init_data_buffer
finished init_data_buffer
removing targets
analyzing gcc-5__Ou__inetutils__ping/decode_pattern
started running decode_pattern
finished decode_pattern
removing targets
analyzing gcc-5__Ou__inetutils__ping/tvsub
started running tvsub
finished tvsub
removing targets
analyzing gcc-5__Ou__inetutils__ping/nabs
started running nabs
finished nabs
removing targets
analyzing gcc-5__Ou__inetutils__ping/nsqrt
started running nsqrt
stopped exploration
finished nsqrt
removing targets
analyzing gcc-5__Ou__inetutils__ping/is_normed_time
started running is_normed_time
finished is_normed_time
analyzing gcc-5__Ou__inetutils__ping/ping_cvt_time
started running ping_cvt_time
finished ping_cvt_time
analyzing gcc-5__Ou__inetutils__ping/ping_set_data
started running ping_set_data
finished ping_set_data
analyzing gcc-5__Ou__inetutils__ping/ping_set_count
started running ping_set_count
finished ping_set_count
analyzing gcc-5__Ou__inetutils__ping/ping_set_sockopt
started running ping_set_sockopt
finished ping_set_sockopt
analyzing gcc-5__Ou__inetutils__ping/ping_set_interval
started running ping_set_interval
finished ping_set_interval
analyzing gcc-5__Ou__inetutils__ping/ping_unset_data
started running ping_unset_data
finished ping_unset_data
analyzing gcc-5__Ou__inetutils__ping/ping_timeout_p
started running ping_timeout_p
finished ping_timeout_p
analyzing gcc-5__Ou__inetutils__ping/ipaddr2str
started running ipaddr2str
finished ipaddr2str
analyzing gcc-5__Ou__inetutils__ping/sinaddr2str
started running sinaddr2str
finished sinaddr2str
removing targets
analyzing gcc-5__Ou__inetutils__ping/ping_echo
started running ping_echo
finished ping_echo
removing targets
analyzing gcc-5__Ou__inetutils__ping/handler
started running handler
finished handler
removing targets
analyzing gcc-5__Ou__inetutils__ping/print_echo
started running print_echo
finished print_echo
analyzing gcc-5__Ou__inetutils__ping/print_icmp_code
started running print_icmp_code
finished print_icmp_code
removing targets
analyzing gcc-5__Ou__inetutils__ping/print_ip_header
started running print_ip_header
finished print_ip_header
removing targets
analyzing gcc-5__Ou__inetutils__ping/print_ip_data
started running print_ip_data
finished print_ip_data
analyzing gcc-5__Ou__inetutils__ping/print_icmp
started running print_icmp
finished print_icmp
analyzing gcc-5__Ou__inetutils__ping/print_parameterprob
started running print_parameterprob
finished print_parameterprob
analyzing gcc-5__Ou__inetutils__ping/print_icmp_header
started running print_icmp_header
finished print_icmp_header
removing targets
analyzing gcc-5__Ou__inetutils__ping/print_ip_opt
started running print_ip_opt
stopped exploration
finished print_ip_opt
removing targets
analyzing gcc-5__Ou__inetutils__ping/echo_finish
started running echo_finish
finished echo_finish
analyzing gcc-5__Ou__inetutils__ping/ping_address
started running ping_address
finished ping_address
analyzing gcc-5__Ou__inetutils__ping/recv_address
started running recv_address
finished recv_address
removing targets
analyzing gcc-5__Ou__inetutils__ping/print_address
started running print_address
finished print_address
analyzing gcc-5__Ou__inetutils__ping/address_finish
started running address_finish
finished address_finish
analyzing gcc-5__Ou__inetutils__ping/ping_router
started running ping_router
finished ping_router
analyzing gcc-5__Ou__inetutils__ping/ping_timestamp
started running ping_timestamp
finished ping_timestamp
analyzing gcc-5__Ou__inetutils__ping/recv_timestamp
started running recv_timestamp
finished recv_timestamp
removing targets
analyzing gcc-5__Ou__inetutils__ping/print_timestamp
started running print_timestamp
finished print_timestamp
analyzing gcc-5__Ou__inetutils__ping/timestamp_finish
started running timestamp_finish
finished timestamp_finish
analyzing gcc-5__Ou__inetutils__ping/ping_init
started running ping_init
finished ping_init
analyzing gcc-5__Ou__inetutils__ping/ping_reset
started running ping_reset
finished ping_reset
analyzing gcc-5__Ou__inetutils__ping/ping_set_type
started running ping_set_type
finished ping_set_type
analyzing gcc-5__Ou__inetutils__ping/ping_xmit
started running ping_xmit
finished ping_xmit
analyzing gcc-5__Ou__inetutils__ping/my_echo_reply
started running my_echo_reply
finished my_echo_reply
removing targets
analyzing gcc-5__Ou__inetutils__ping/ping_recv
started running ping_recv
finished ping_recv
analyzing gcc-5__Ou__inetutils__ping/ping_set_event_handler
started running ping_set_event_handler
finished ping_set_event_handler
analyzing gcc-5__Ou__inetutils__ping/ping_set_packetsize
started running ping_set_packetsize
finished ping_set_packetsize
analyzing gcc-5__Ou__inetutils__ping/ping_set_dest
started running ping_set_dest
finished ping_set_dest
analyzing gcc-5__Ou__inetutils__ping/icmp_generic_encode
started running icmp_generic_encode
finished icmp_generic_encode
removing targets
analyzing gcc-5__Ou__inetutils__ping/icmp_generic_decode
started running icmp_generic_decode
finished icmp_generic_decode
removing targets
analyzing gcc-5__Ou__inetutils__ping/icmp_echo_encode
started running icmp_echo_encode
finished icmp_echo_encode
analyzing gcc-5__Ou__inetutils__ping/icmp_echo_decode
started running icmp_echo_decode
finished icmp_echo_decode
analyzing gcc-5__Ou__inetutils__ping/icmp_timestamp_encode
started running icmp_timestamp_encode
finished icmp_timestamp_encode
removing targets
analyzing gcc-5__Ou__inetutils__ping/icmp_address_encode
started running icmp_address_encode
finished icmp_address_encode
removing targets
analyzing gcc-5__Ou__inetutils__ping/icmp_cksum
started running icmp_cksum
finished icmp_cksum
removing targets
analyzing gcc-5__Ou__inetutils__ping/validate_uparams
started running validate_uparams
finished validate_uparams
removing targets
analyzing gcc-5__Ou__inetutils__ping/fill_in_uparams
started running fill_in_uparams
analyzing gcc-5__Ou__inetutils__ping/find_char
started running find_char
finished find_char
removing targets
analyzing gcc-5__Ou__inetutils__ping/make_hol
started running make_hol
analyzing gcc-5__Ou__inetutils__ping/hol_add_cluster
started running hol_add_cluster
analyzing gcc-5__Ou__inetutils__ping/hol_free
started running hol_free
analyzing gcc-5__Ou__inetutils__ping/hol_entry_short_iterate
started running hol_entry_short_iterate
analyzing gcc-5__Ou__inetutils__ping/until_short
started running until_short
analyzing gcc-5__Ou__inetutils__ping/hol_entry_first_short
started running hol_entry_first_short
analyzing gcc-5__Ou__inetutils__ping/hol_entry_first_long
started running hol_entry_first_long
analyzing gcc-5__Ou__inetutils__ping/hol_find_entry
started running hol_find_entry
analyzing gcc-5__Ou__inetutils__ping/hol_set_group
started running hol_set_group
analyzing gcc-5__Ou__inetutils__ping/group_cmp
started running group_cmp
finished group_cmp
removing targets
analyzing gcc-5__Ou__inetutils__ping/hol_cluster_cmp
started running hol_cluster_cmp
analyzing gcc-5__Ou__inetutils__ping/hol_cluster_base
started running hol_cluster_base
finished hol_cluster_base
removing targets
analyzing gcc-5__Ou__inetutils__ping/hol_cluster_is_child
started running hol_cluster_is_child
finished hol_cluster_is_child
removing targets
analyzing gcc-5__Ou__inetutils__ping/canon_doc_option
started running canon_doc_option
analyzing gcc-5__Ou__inetutils__ping/hol_entry_cmp
started running hol_entry_cmp
analyzing gcc-5__Ou__inetutils__ping/hol_entry_qcmp
started running hol_entry_qcmp
finished hol_entry_qcmp
analyzing gcc-5__Ou__inetutils__ping/hol_sort
started running hol_sort
analyzing gcc-5__Ou__inetutils__ping/hol_append
started running hol_append
analyzing gcc-5__Ou__inetutils__ping/indent_to
started running indent_to
finished indent_to
analyzing gcc-5__Ou__inetutils__ping/space
started running space
analyzing gcc-5__Ou__inetutils__ping/arg
started running arg
analyzing gcc-5__Ou__inetutils__ping/filter_doc
started running filter_doc
analyzing gcc-5__Ou__inetutils__ping/print_header
started running print_header
analyzing gcc-5__Ou__inetutils__ping/comma
started running comma
analyzing gcc-5__Ou__inetutils__ping/hol_entry_help
started running hol_entry_help
analyzing gcc-5__Ou__inetutils__ping/hol_help
started running hol_help
analyzing gcc-5__Ou__inetutils__ping/add_argless_short_opt
started running add_argless_short_opt
analyzing gcc-5__Ou__inetutils__ping/usage_argful_short_opt
started running usage_argful_short_opt
analyzing gcc-5__Ou__inetutils__ping/usage_long_opt
started running usage_long_opt
analyzing gcc-5__Ou__inetutils__ping/hol_usage
started running hol_usage
analyzing gcc-5__Ou__inetutils__ping/argp_hol
started running argp_hol
analyzing gcc-5__Ou__inetutils__ping/argp_args_levels
started running argp_args_levels
analyzing gcc-5__Ou__inetutils__ping/argp_args_usage
started running argp_args_usage
analyzing gcc-5__Ou__inetutils__ping/argp_doc
started running argp_doc
analyzing gcc-5__Ou__inetutils__ping/argp_help
started running argp_help
finished argp_help
analyzing gcc-5__Ou__inetutils__ping/argp_state_help
started running argp_state_help
finished argp_state_help
removing targets
analyzing gcc-5__Ou__inetutils__ping/argp_error
started running argp_error
finished argp_error
removing targets
analyzing gcc-5__Ou__inetutils__ping/argp_failure
started running argp_failure
finished argp_failure
removing targets
analyzing gcc-5__Ou__inetutils__ping/argp_default_parser
started running argp_default_parser
finished argp_default_parser
removing targets
analyzing gcc-5__Ou__inetutils__ping/argp_version_parser
started running argp_version_parser
finished argp_version_parser
removing targets
analyzing gcc-5__Ou__inetutils__ping/find_long_option
started running find_long_option
finished find_long_option
removing targets
analyzing gcc-5__Ou__inetutils__ping/group_parse
started running group_parse
analyzing gcc-5__Ou__inetutils__ping/convert_options
started running convert_options
analyzing gcc-5__Ou__inetutils__ping/parser_convert
started running parser_convert
analyzing gcc-5__Ou__inetutils__ping/calc_sizes
started running calc_sizes
analyzing gcc-5__Ou__inetutils__ping/parser_init
started running parser_init
finished parser_init
analyzing gcc-5__Ou__inetutils__ping/parser_finalize
started running parser_finalize
analyzing gcc-5__Ou__inetutils__ping/parser_parse_arg
started running parser_parse_arg
analyzing gcc-5__Ou__inetutils__ping/parser_parse_opt
started running parser_parse_opt
finished parser_parse_opt
removing targets
analyzing gcc-5__Ou__inetutils__ping/parser_parse_next
started running parser_parse_next
analyzing gcc-5__Ou__inetutils__ping/argp_parse
started running argp_parse
finished argp_parse
removing targets
analyzing gcc-5__Ou__inetutils__ping/argp_usage
started running argp_usage
finished argp_usage
analyzing gcc-5__Ou__inetutils__ping/version_etc_hook
started running version_etc_hook
finished version_etc_hook
analyzing gcc-5__Ou__inetutils__ping/argp_version_setup
started running argp_version_setup
finished argp_version_setup
analyzing gcc-5__Ou__inetutils__ping/last_component
started running last_component
analyzing gcc-5__Ou__inetutils__ping/base_len
started running base_len
analyzing gcc-5__Ou__inetutils__ping/set_program_name
started running set_program_name
finished set_program_name
removing targets
analyzing gcc-5__Ou__inetutils__ping/version_etc_arn
started running version_etc_arn
finished version_etc_arn
removing targets
analyzing gcc-5__Ou__inetutils__ping/version_etc_ar
started running version_etc_ar
analyzing gcc-5__Ou__inetutils__ping/version_etc_va
started running version_etc_va
analyzing gcc-5__Ou__inetutils__ping/version_etc
started running version_etc
finished version_etc
removing targets
analyzing gcc-5__Ou__inetutils__ping/emit_bug_reporting_address
started running emit_bug_reporting_address
finished emit_bug_reporting_address
analyzing gcc-5__Ou__inetutils__ping/xnmalloc
started running xnmalloc
finished xnmalloc
removing targets
analyzing gcc-5__Ou__inetutils__ping/xnrealloc
started running xnrealloc
finished xnrealloc
removing targets
analyzing gcc-5__Ou__inetutils__ping/x2nrealloc
started running x2nrealloc
analyzing gcc-5__Ou__inetutils__ping/xcharalloc
started running xcharalloc
finished xcharalloc
analyzing gcc-5__Ou__inetutils__ping/xmalloc
started running xmalloc
finished xmalloc
analyzing gcc-5__Ou__inetutils__ping/xrealloc
started running xrealloc
finished xrealloc
removing targets
analyzing gcc-5__Ou__inetutils__ping/x2realloc
started running x2realloc
finished x2realloc
analyzing gcc-5__Ou__inetutils__ping/xzalloc
started running xzalloc
finished xzalloc
analyzing gcc-5__Ou__inetutils__ping/xcalloc
started running xcalloc
finished xcalloc
analyzing gcc-5__Ou__inetutils__ping/xmemdup
started running xmemdup
finished xmemdup
analyzing gcc-5__Ou__inetutils__ping/xstrdup
started running xstrdup
finished xstrdup
analyzing gcc-5__Ou__inetutils__ping/xalloc_die
started running xalloc_die
finished xalloc_die
analyzing gcc-5__Ou__inetutils__ping/rpl_getopt_long
started running rpl_getopt_long
finished rpl_getopt_long
analyzing gcc-5__Ou__inetutils__ping/rpl_getopt_long_only
started running rpl_getopt_long_only
finished rpl_getopt_long_only
analyzing gcc-5__Ou__inetutils__ping/argp_make_fmtstream
started running argp_make_fmtstream
analyzing gcc-5__Ou__inetutils__ping/argp_fmtstream_free
started running argp_fmtstream_free
analyzing gcc-5__Ou__inetutils__ping/argp_fmtstream_printf
started running argp_fmtstream_printf
analyzing gcc-5__Ou__inetutils__ping/argp_fmtstream_write
started running argp_fmtstream_write
analyzing gcc-5__Ou__inetutils__ping/argp_fmtstream_puts
started running argp_fmtstream_puts
finished argp_fmtstream_puts
analyzing gcc-5__Ou__inetutils__ping/argp_fmtstream_putc
started running argp_fmtstream_putc
analyzing gcc-5__Ou__inetutils__ping/argp_fmtstream_set_lmargin
started running argp_fmtstream_set_lmargin
analyzing gcc-5__Ou__inetutils__ping/argp_fmtstream_set_rmargin
started running argp_fmtstream_set_rmargin
analyzing gcc-5__Ou__inetutils__ping/argp_fmtstream_set_wmargin
started running argp_fmtstream_set_wmargin
analyzing gcc-5__Ou__inetutils__ping/argp_fmtstream_point
started running argp_fmtstream_point
analyzing gcc-5__Ou__inetutils__ping/exchange
started running exchange
analyzing gcc-5__Ou__inetutils__ping/rpl_getopt_internal
started running rpl_getopt_internal
finished rpl_getopt_internal
analyzing gcc-5__Ou__inetutils__ping/rpl_getopt
started running rpl_getopt
finished rpl_getopt
