ERROR   | 2021-12-01 23:59:12,168 | root     | argument 3: <class 'RecursionError'>: maximum recursion depth exceeded in __instancecheck__
ERROR   | 2021-12-01 23:59:12,168 | root     | got an error while analyzing fill_in_uparams
ERROR   | 2021-12-02 00:05:39,083 | root     | b'out of memory'
ERROR   | 2021-12-02 00:05:39,083 | root     | got an error while analyzing make_hol
ERROR   | 2021-12-02 00:05:41,655 | root     | b'out of memory'
ERROR   | 2021-12-02 00:05:41,655 | root     | got an error while analyzing hol_add_cluster
ERROR   | 2021-12-02 00:05:42,023 | root     | b'out of memory'
ERROR   | 2021-12-02 00:05:42,023 | root     | got an error while analyzing hol_free
ERROR   | 2021-12-02 00:05:42,395 | root     | b'out of memory'
ERROR   | 2021-12-02 00:05:42,396 | root     | got an error while analyzing hol_entry_short_iterate
ERROR   | 2021-12-02 00:05:42,894 | root     | b'out of memory'
ERROR   | 2021-12-02 00:05:42,894 | root     | got an error while analyzing until_short
ERROR   | 2021-12-02 00:05:43,256 | root     | b'out of memory'
ERROR   | 2021-12-02 00:05:43,256 | root     | got an error while analyzing hol_entry_first_short
ERROR   | 2021-12-02 00:05:43,618 | root     | b'out of memory'
ERROR   | 2021-12-02 00:05:43,618 | root     | got an error while analyzing hol_entry_first_long
ERROR   | 2021-12-02 00:05:43,977 | root     | b'out of memory'
ERROR   | 2021-12-02 00:05:43,977 | root     | got an error while analyzing hol_find_entry
ERROR   | 2021-12-02 00:05:44,450 | root     | b'out of memory'
ERROR   | 2021-12-02 00:05:44,450 | root     | got an error while analyzing hol_set_group
ERROR   | 2021-12-02 00:05:45,334 | root     | b'out of memory'
ERROR   | 2021-12-02 00:05:45,335 | root     | got an error while analyzing hol_cluster_cmp
ERROR   | 2021-12-02 00:06:23,444 | root     | b'out of memory'
ERROR   | 2021-12-02 00:06:23,444 | root     | got an error while analyzing canon_doc_option
ERROR   | 2021-12-02 00:06:23,835 | root     | b'out of memory'
ERROR   | 2021-12-02 00:06:23,835 | root     | got an error while analyzing hol_entry_cmp
ERROR   | 2021-12-02 00:06:24,544 | root     | b'out of memory'
ERROR   | 2021-12-02 00:06:24,544 | root     | got an error while analyzing hol_sort
ERROR   | 2021-12-02 00:06:24,934 | root     | b'out of memory'
ERROR   | 2021-12-02 00:06:24,934 | root     | got an error while analyzing hol_append
ERROR   | 2021-12-02 00:06:25,964 | root     | b'out of memory'
ERROR   | 2021-12-02 00:06:25,965 | root     | got an error while analyzing space
ERROR   | 2021-12-02 00:06:26,345 | root     | b'out of memory'
ERROR   | 2021-12-02 00:06:26,345 | root     | got an error while analyzing arg
ERROR   | 2021-12-02 00:06:26,722 | root     | b'out of memory'
ERROR   | 2021-12-02 00:06:26,722 | root     | got an error while analyzing filter_doc
ERROR   | 2021-12-02 00:06:27,115 | root     | b'out of memory'
ERROR   | 2021-12-02 00:06:27,115 | root     | got an error while analyzing print_header
ERROR   | 2021-12-02 00:06:27,491 | root     | b'out of memory'
ERROR   | 2021-12-02 00:06:27,491 | root     | got an error while analyzing comma
ERROR   | 2021-12-02 00:06:27,873 | root     | b'out of memory'
ERROR   | 2021-12-02 00:06:27,873 | root     | got an error while analyzing hol_entry_help
ERROR   | 2021-12-02 00:06:28,263 | root     | b'out of memory'
ERROR   | 2021-12-02 00:06:28,263 | root     | got an error while analyzing hol_help
ERROR   | 2021-12-02 00:06:28,645 | root     | b'out of memory'
ERROR   | 2021-12-02 00:06:28,645 | root     | got an error while analyzing add_argless_short_opt
ERROR   | 2021-12-02 00:06:29,030 | root     | b'out of memory'
ERROR   | 2021-12-02 00:06:29,030 | root     | got an error while analyzing usage_argful_short_opt
ERROR   | 2021-12-02 00:06:29,419 | root     | b'out of memory'
ERROR   | 2021-12-02 00:06:29,419 | root     | got an error while analyzing usage_long_opt
ERROR   | 2021-12-02 00:06:29,801 | root     | b'out of memory'
ERROR   | 2021-12-02 00:06:29,801 | root     | got an error while analyzing hol_usage
ERROR   | 2021-12-02 00:06:30,183 | root     | b'out of memory'
ERROR   | 2021-12-02 00:06:30,183 | root     | got an error while analyzing argp_hol
ERROR   | 2021-12-02 00:06:30,564 | root     | b'out of memory'
ERROR   | 2021-12-02 00:06:30,564 | root     | got an error while analyzing argp_args_levels
ERROR   | 2021-12-02 00:06:30,953 | root     | b'out of memory'
ERROR   | 2021-12-02 00:06:30,953 | root     | got an error while analyzing argp_args_usage
ERROR   | 2021-12-02 00:06:31,342 | root     | b'out of memory'
ERROR   | 2021-12-02 00:06:31,342 | root     | got an error while analyzing argp_doc
ERROR   | 2021-12-02 00:07:22,041 | root     | b'out of memory'
ERROR   | 2021-12-02 00:07:22,041 | root     | got an error while analyzing group_parse
ERROR   | 2021-12-02 00:07:22,435 | root     | b'out of memory'
ERROR   | 2021-12-02 00:07:22,435 | root     | got an error while analyzing convert_options
ERROR   | 2021-12-02 00:07:22,824 | root     | b'out of memory'
ERROR   | 2021-12-02 00:07:22,824 | root     | got an error while analyzing parser_convert
ERROR   | 2021-12-02 00:07:23,204 | root     | b'out of memory'
ERROR   | 2021-12-02 00:07:23,204 | root     | got an error while analyzing calc_sizes
ERROR   | 2021-12-02 00:07:24,487 | root     | b'out of memory'
ERROR   | 2021-12-02 00:07:24,488 | root     | got an error while analyzing parser_finalize
ERROR   | 2021-12-02 00:07:24,879 | root     | b'out of memory'
ERROR   | 2021-12-02 00:07:24,880 | root     | got an error while analyzing parser_parse_arg
ERROR   | 2021-12-02 00:07:25,688 | root     | b'out of memory'
ERROR   | 2021-12-02 00:07:25,689 | root     | got an error while analyzing parser_parse_next
ERROR   | 2021-12-02 00:07:29,030 | root     | b'out of memory'
ERROR   | 2021-12-02 00:07:29,030 | root     | got an error while analyzing last_component
ERROR   | 2021-12-02 00:07:29,678 | root     | b'out of memory'
ERROR   | 2021-12-02 00:07:29,679 | root     | got an error while analyzing base_len
ERROR   | 2021-12-02 00:07:31,842 | root     | b'out of memory'
ERROR   | 2021-12-02 00:07:31,843 | root     | got an error while analyzing version_etc_ar
ERROR   | 2021-12-02 00:07:32,238 | root     | b'out of memory'
ERROR   | 2021-12-02 00:07:32,238 | root     | got an error while analyzing version_etc_va
ERROR   | 2021-12-02 00:07:34,299 | root     | b'out of memory'
ERROR   | 2021-12-02 00:07:34,299 | root     | got an error while analyzing x2nrealloc
ERROR   | 2021-12-02 00:07:38,979 | root     | list index out of range
ERROR   | 2021-12-02 00:07:38,979 | root     | got an error while analyzing xalloc_die
ERROR   | 2021-12-02 00:07:40,227 | root     | b'out of memory'
ERROR   | 2021-12-02 00:07:40,227 | root     | got an error while analyzing argp_make_fmtstream
ERROR   | 2021-12-02 00:07:40,640 | root     | b'out of memory'
ERROR   | 2021-12-02 00:07:40,640 | root     | got an error while analyzing argp_fmtstream_free
ERROR   | 2021-12-02 00:07:41,431 | root     | b'out of memory'
ERROR   | 2021-12-02 00:07:41,431 | root     | got an error while analyzing argp_fmtstream_printf
ERROR   | 2021-12-02 00:07:41,832 | root     | b'out of memory'
ERROR   | 2021-12-02 00:07:41,833 | root     | got an error while analyzing argp_fmtstream_write
ERROR   | 2021-12-02 00:07:42,809 | root     | b'out of memory'
ERROR   | 2021-12-02 00:07:42,809 | root     | got an error while analyzing argp_fmtstream_putc
ERROR   | 2021-12-02 00:07:43,205 | root     | b'out of memory'
ERROR   | 2021-12-02 00:07:43,205 | root     | got an error while analyzing argp_fmtstream_set_lmargin
ERROR   | 2021-12-02 00:07:43,595 | root     | b'out of memory'
ERROR   | 2021-12-02 00:07:43,595 | root     | got an error while analyzing argp_fmtstream_set_rmargin
ERROR   | 2021-12-02 00:07:43,994 | root     | b'out of memory'
ERROR   | 2021-12-02 00:07:43,994 | root     | got an error while analyzing argp_fmtstream_set_wmargin
ERROR   | 2021-12-02 00:07:44,391 | root     | b'out of memory'
ERROR   | 2021-12-02 00:07:44,391 | root     | got an error while analyzing argp_fmtstream_point
ERROR   | 2021-12-02 00:07:44,785 | root     | b'out of memory'
ERROR   | 2021-12-02 00:07:44,785 | root     | got an error while analyzing exchange
