gcc-5__Ou__inetutils__rsh have 89 funcs
analyzing gcc-5__Ou__inetutils__rsh/deregister_tm_clones
started running deregister_tm_clones
finished deregister_tm_clones
removing targets
analyzing gcc-5__Ou__inetutils__rsh/register_tm_clones
started running register_tm_clones
finished register_tm_clones
removing targets
analyzing gcc-5__Ou__inetutils__rsh/frame_dummy
started running frame_dummy
finished frame_dummy
removing targets
analyzing gcc-5__Ou__inetutils__rsh/parse_opt
started running parse_opt
finished parse_opt
removing targets
analyzing gcc-5__Ou__inetutils__rsh/talk
started running talk
finished talk
removing targets
analyzing gcc-5__Ou__inetutils__rsh/sendsig
started running sendsig
finished sendsig
analyzing gcc-5__Ou__inetutils__rsh/sigpipe
started running sigpipe
finished sigpipe
analyzing gcc-5__Ou__inetutils__rsh/copyargs
started running copyargs
finished copyargs
removing targets
analyzing gcc-5__Ou__inetutils__rsh/argp_default_parser
started running argp_default_parser
finished argp_default_parser
removing targets
analyzing gcc-5__Ou__inetutils__rsh/argp_version_parser
started running argp_version_parser
finished argp_version_parser
removing targets
analyzing gcc-5__Ou__inetutils__rsh/find_long_option
started running find_long_option
finished find_long_option
removing targets
analyzing gcc-5__Ou__inetutils__rsh/group_parse
started running group_parse
finished group_parse
removing targets
analyzing gcc-5__Ou__inetutils__rsh/convert_options
started running convert_options
stopped exploration
finished convert_options
removing targets
analyzing gcc-5__Ou__inetutils__rsh/parser_convert
started running parser_convert
finished parser_convert
removing targets
analyzing gcc-5__Ou__inetutils__rsh/calc_sizes
started running calc_sizes
finished calc_sizes
removing targets
analyzing gcc-5__Ou__inetutils__rsh/parser_init
started running parser_init
finished parser_init
analyzing gcc-5__Ou__inetutils__rsh/parser_finalize
started running parser_finalize
finished parser_finalize
removing targets
analyzing gcc-5__Ou__inetutils__rsh/parser_parse_arg
started running parser_parse_arg
finished parser_parse_arg
removing targets
analyzing gcc-5__Ou__inetutils__rsh/parser_parse_opt
started running parser_parse_opt
finished parser_parse_opt
removing targets
analyzing gcc-5__Ou__inetutils__rsh/parser_parse_next
started running parser_parse_next
finished parser_parse_next
removing targets
analyzing gcc-5__Ou__inetutils__rsh/argp_parse
started running argp_parse
finished argp_parse
removing targets
analyzing gcc-5__Ou__inetutils__rsh/argp_usage
started running argp_usage
finished argp_usage
analyzing gcc-5__Ou__inetutils__rsh/version_etc_hook
started running version_etc_hook
finished version_etc_hook
analyzing gcc-5__Ou__inetutils__rsh/argp_version_setup
started running argp_version_setup
finished argp_version_setup
analyzing gcc-5__Ou__inetutils__rsh/last_component
started running last_component
finished last_component
removing targets
analyzing gcc-5__Ou__inetutils__rsh/base_len
started running base_len
finished base_len
analyzing gcc-5__Ou__inetutils__rsh/set_program_name
started running set_program_name
finished set_program_name
removing targets
analyzing gcc-5__Ou__inetutils__rsh/version_etc_arn
started running version_etc_arn
finished version_etc_arn
removing targets
analyzing gcc-5__Ou__inetutils__rsh/version_etc_ar
started running version_etc_ar
finished version_etc_ar
removing targets
analyzing gcc-5__Ou__inetutils__rsh/version_etc_va
started running version_etc_va
finished version_etc_va
removing targets
analyzing gcc-5__Ou__inetutils__rsh/version_etc
started running version_etc
finished version_etc
removing targets
analyzing gcc-5__Ou__inetutils__rsh/emit_bug_reporting_address
started running emit_bug_reporting_address
finished emit_bug_reporting_address
analyzing gcc-5__Ou__inetutils__rsh/rpl_getopt_long
started running rpl_getopt_long
finished rpl_getopt_long
analyzing gcc-5__Ou__inetutils__rsh/rpl_getopt_long_only
started running rpl_getopt_long_only
finished rpl_getopt_long_only
analyzing gcc-5__Ou__inetutils__rsh/rpl_ioctl
started running rpl_ioctl
finished rpl_ioctl
removing targets
analyzing gcc-5__Ou__inetutils__rsh/validate_uparams
started running validate_uparams
finished validate_uparams
removing targets
analyzing gcc-5__Ou__inetutils__rsh/fill_in_uparams
started running fill_in_uparams
analyzing gcc-5__Ou__inetutils__rsh/find_char
started running find_char
finished find_char
removing targets
analyzing gcc-5__Ou__inetutils__rsh/make_hol
started running make_hol
analyzing gcc-5__Ou__inetutils__rsh/hol_add_cluster
started running hol_add_cluster
finished hol_add_cluster
analyzing gcc-5__Ou__inetutils__rsh/hol_free
started running hol_free
finished hol_free
removing targets
analyzing gcc-5__Ou__inetutils__rsh/hol_entry_short_iterate
started running hol_entry_short_iterate
finished hol_entry_short_iterate
removing targets
analyzing gcc-5__Ou__inetutils__rsh/until_short
started running until_short
analyzing gcc-5__Ou__inetutils__rsh/hol_entry_first_short
started running hol_entry_first_short
analyzing gcc-5__Ou__inetutils__rsh/hol_entry_first_long
started running hol_entry_first_long
analyzing gcc-5__Ou__inetutils__rsh/hol_find_entry
started running hol_find_entry
analyzing gcc-5__Ou__inetutils__rsh/hol_set_group
started running hol_set_group
analyzing gcc-5__Ou__inetutils__rsh/group_cmp
started running group_cmp
finished group_cmp
removing targets
analyzing gcc-5__Ou__inetutils__rsh/hol_cluster_cmp
started running hol_cluster_cmp
analyzing gcc-5__Ou__inetutils__rsh/hol_cluster_base
started running hol_cluster_base
analyzing gcc-5__Ou__inetutils__rsh/hol_cluster_is_child
started running hol_cluster_is_child
finished hol_cluster_is_child
removing targets
analyzing gcc-5__Ou__inetutils__rsh/canon_doc_option
started running canon_doc_option
analyzing gcc-5__Ou__inetutils__rsh/hol_entry_cmp
started running hol_entry_cmp
analyzing gcc-5__Ou__inetutils__rsh/hol_entry_qcmp
started running hol_entry_qcmp
finished hol_entry_qcmp
analyzing gcc-5__Ou__inetutils__rsh/hol_sort
started running hol_sort
analyzing gcc-5__Ou__inetutils__rsh/hol_append
started running hol_append
analyzing gcc-5__Ou__inetutils__rsh/indent_to
started running indent_to
finished indent_to
analyzing gcc-5__Ou__inetutils__rsh/space
started running space
analyzing gcc-5__Ou__inetutils__rsh/arg
started running arg
analyzing gcc-5__Ou__inetutils__rsh/filter_doc
started running filter_doc
analyzing gcc-5__Ou__inetutils__rsh/print_header
started running print_header
analyzing gcc-5__Ou__inetutils__rsh/comma
started running comma
analyzing gcc-5__Ou__inetutils__rsh/hol_entry_help
started running hol_entry_help
analyzing gcc-5__Ou__inetutils__rsh/hol_help
started running hol_help
analyzing gcc-5__Ou__inetutils__rsh/add_argless_short_opt
started running add_argless_short_opt
analyzing gcc-5__Ou__inetutils__rsh/usage_argful_short_opt
started running usage_argful_short_opt
analyzing gcc-5__Ou__inetutils__rsh/usage_long_opt
started running usage_long_opt
finished usage_long_opt
removing targets
analyzing gcc-5__Ou__inetutils__rsh/hol_usage
started running hol_usage
finished hol_usage
removing targets
analyzing gcc-5__Ou__inetutils__rsh/argp_hol
started running argp_hol
analyzing gcc-5__Ou__inetutils__rsh/argp_args_levels
started running argp_args_levels
analyzing gcc-5__Ou__inetutils__rsh/argp_args_usage
started running argp_args_usage
analyzing gcc-5__Ou__inetutils__rsh/argp_doc
started running argp_doc
analyzing gcc-5__Ou__inetutils__rsh/argp_help
started running argp_help
finished argp_help
analyzing gcc-5__Ou__inetutils__rsh/argp_state_help
started running argp_state_help
analyzing gcc-5__Ou__inetutils__rsh/argp_error
started running argp_error
analyzing gcc-5__Ou__inetutils__rsh/argp_failure
started running argp_failure
analyzing gcc-5__Ou__inetutils__rsh/exchange
started running exchange
analyzing gcc-5__Ou__inetutils__rsh/rpl_getopt_internal
started running rpl_getopt_internal
finished rpl_getopt_internal
analyzing gcc-5__Ou__inetutils__rsh/rpl_getopt
started running rpl_getopt
finished rpl_getopt
analyzing gcc-5__Ou__inetutils__rsh/argp_make_fmtstream
started running argp_make_fmtstream
analyzing gcc-5__Ou__inetutils__rsh/argp_fmtstream_free
started running argp_fmtstream_free
analyzing gcc-5__Ou__inetutils__rsh/argp_fmtstream_printf
started running argp_fmtstream_printf
analyzing gcc-5__Ou__inetutils__rsh/argp_fmtstream_write
started running argp_fmtstream_write
analyzing gcc-5__Ou__inetutils__rsh/argp_fmtstream_puts
started running argp_fmtstream_puts
finished argp_fmtstream_puts
analyzing gcc-5__Ou__inetutils__rsh/argp_fmtstream_putc
started running argp_fmtstream_putc
analyzing gcc-5__Ou__inetutils__rsh/argp_fmtstream_set_lmargin
started running argp_fmtstream_set_lmargin
analyzing gcc-5__Ou__inetutils__rsh/argp_fmtstream_set_rmargin
started running argp_fmtstream_set_rmargin
analyzing gcc-5__Ou__inetutils__rsh/argp_fmtstream_set_wmargin
started running argp_fmtstream_set_wmargin
analyzing gcc-5__Ou__inetutils__rsh/argp_fmtstream_point
started running argp_fmtstream_point
