ERROR   | 2021-12-02 00:10:17,959 | root     | argument 3: <class 'RecursionError'>: maximum recursion depth exceeded in __instancecheck__
ERROR   | 2021-12-02 00:10:17,959 | root     | got an error while analyzing fill_in_uparams
ERROR   | 2021-12-02 00:19:40,478 | root     | b'out of memory'
ERROR   | 2021-12-02 00:19:40,478 | root     | got an error while analyzing make_hol
ERROR   | 2021-12-02 00:19:57,951 | root     | b'out of memory'
ERROR   | 2021-12-02 00:19:57,951 | root     | got an error while analyzing until_short
ERROR   | 2021-12-02 00:19:58,239 | root     | b'out of memory'
ERROR   | 2021-12-02 00:19:58,239 | root     | got an error while analyzing hol_entry_first_short
ERROR   | 2021-12-02 00:19:58,527 | root     | b'out of memory'
ERROR   | 2021-12-02 00:19:58,527 | root     | got an error while analyzing hol_entry_first_long
ERROR   | 2021-12-02 00:19:58,814 | root     | b'out of memory'
ERROR   | 2021-12-02 00:19:58,814 | root     | got an error while analyzing hol_find_entry
ERROR   | 2021-12-02 00:19:59,223 | root     | b'out of memory'
ERROR   | 2021-12-02 00:19:59,223 | root     | got an error while analyzing hol_set_group
ERROR   | 2021-12-02 00:19:59,984 | root     | b'out of memory'
ERROR   | 2021-12-02 00:19:59,984 | root     | got an error while analyzing hol_cluster_cmp
ERROR   | 2021-12-02 00:20:00,275 | root     | b'out of memory'
ERROR   | 2021-12-02 00:20:00,275 | root     | got an error while analyzing hol_cluster_base
ERROR   | 2021-12-02 00:20:01,014 | root     | b'out of memory'
ERROR   | 2021-12-02 00:20:01,014 | root     | got an error while analyzing canon_doc_option
ERROR   | 2021-12-02 00:20:01,303 | root     | b'out of memory'
ERROR   | 2021-12-02 00:20:01,304 | root     | got an error while analyzing hol_entry_cmp
ERROR   | 2021-12-02 00:20:01,843 | root     | b'out of memory'
ERROR   | 2021-12-02 00:20:01,843 | root     | got an error while analyzing hol_sort
ERROR   | 2021-12-02 00:20:02,137 | root     | b'out of memory'
ERROR   | 2021-12-02 00:20:02,137 | root     | got an error while analyzing hol_append
ERROR   | 2021-12-02 00:20:02,918 | root     | b'out of memory'
ERROR   | 2021-12-02 00:20:02,918 | root     | got an error while analyzing space
ERROR   | 2021-12-02 00:20:03,212 | root     | b'out of memory'
ERROR   | 2021-12-02 00:20:03,212 | root     | got an error while analyzing arg
ERROR   | 2021-12-02 00:20:03,512 | root     | b'out of memory'
ERROR   | 2021-12-02 00:20:03,512 | root     | got an error while analyzing filter_doc
ERROR   | 2021-12-02 00:20:03,832 | root     | b'out of memory'
ERROR   | 2021-12-02 00:20:03,832 | root     | got an error while analyzing print_header
ERROR   | 2021-12-02 00:20:04,142 | root     | b'out of memory'
ERROR   | 2021-12-02 00:20:04,143 | root     | got an error while analyzing comma
ERROR   | 2021-12-02 00:20:04,459 | root     | b'out of memory'
ERROR   | 2021-12-02 00:20:04,459 | root     | got an error while analyzing hol_entry_help
ERROR   | 2021-12-02 00:20:04,779 | root     | b'out of memory'
ERROR   | 2021-12-02 00:20:04,779 | root     | got an error while analyzing hol_help
ERROR   | 2021-12-02 00:20:05,109 | root     | b'out of memory'
ERROR   | 2021-12-02 00:20:05,109 | root     | got an error while analyzing add_argless_short_opt
ERROR   | 2021-12-02 00:20:05,430 | root     | b'out of memory'
ERROR   | 2021-12-02 00:20:05,430 | root     | got an error while analyzing usage_argful_short_opt
ERROR   | 2021-12-02 00:20:46,887 | root     | b'out of memory'
ERROR   | 2021-12-02 00:20:46,887 | root     | got an error while analyzing argp_hol
ERROR   | 2021-12-02 00:20:47,228 | root     | b'out of memory'
ERROR   | 2021-12-02 00:20:47,228 | root     | got an error while analyzing argp_args_levels
ERROR   | 2021-12-02 00:20:47,570 | root     | b'out of memory'
ERROR   | 2021-12-02 00:20:47,570 | root     | got an error while analyzing argp_args_usage
ERROR   | 2021-12-02 00:20:48,028 | root     | b'out of memory'
ERROR   | 2021-12-02 00:20:48,028 | root     | got an error while analyzing argp_doc
ERROR   | 2021-12-02 00:20:49,164 | root     | b'out of memory'
ERROR   | 2021-12-02 00:20:49,166 | root     | got an error while analyzing argp_state_help
ERROR   | 2021-12-02 00:20:49,789 | root     | b'out of memory'
ERROR   | 2021-12-02 00:20:49,790 | root     | got an error while analyzing argp_error
ERROR   | 2021-12-02 00:20:50,395 | root     | b'out of memory'
ERROR   | 2021-12-02 00:20:50,396 | root     | got an error while analyzing argp_failure
ERROR   | 2021-12-02 00:20:50,736 | root     | b'out of memory'
ERROR   | 2021-12-02 00:20:50,736 | root     | got an error while analyzing exchange
ERROR   | 2021-12-02 00:20:52,084 | root     | b'out of memory'
ERROR   | 2021-12-02 00:20:52,085 | root     | got an error while analyzing argp_make_fmtstream
ERROR   | 2021-12-02 00:20:52,509 | root     | b'out of memory'
ERROR   | 2021-12-02 00:20:52,510 | root     | got an error while analyzing argp_fmtstream_free
ERROR   | 2021-12-02 00:20:53,334 | root     | b'out of memory'
ERROR   | 2021-12-02 00:20:53,334 | root     | got an error while analyzing argp_fmtstream_printf
ERROR   | 2021-12-02 00:20:53,636 | root     | b'out of memory'
ERROR   | 2021-12-02 00:20:53,637 | root     | got an error while analyzing argp_fmtstream_write
ERROR   | 2021-12-02 00:20:54,435 | root     | b'out of memory'
ERROR   | 2021-12-02 00:20:54,435 | root     | got an error while analyzing argp_fmtstream_putc
ERROR   | 2021-12-02 00:20:54,736 | root     | b'out of memory'
ERROR   | 2021-12-02 00:20:54,736 | root     | got an error while analyzing argp_fmtstream_set_lmargin
ERROR   | 2021-12-02 00:20:55,042 | root     | b'out of memory'
ERROR   | 2021-12-02 00:20:55,043 | root     | got an error while analyzing argp_fmtstream_set_rmargin
ERROR   | 2021-12-02 00:20:55,345 | root     | b'out of memory'
ERROR   | 2021-12-02 00:20:55,345 | root     | got an error while analyzing argp_fmtstream_set_wmargin
ERROR   | 2021-12-02 00:20:55,645 | root     | b'out of memory'
ERROR   | 2021-12-02 00:20:55,645 | root     | got an error while analyzing argp_fmtstream_point
