gcc-5__Ou__inetutils__rshd have 103 funcs
analyzing gcc-5__Ou__inetutils__rshd/deregister_tm_clones
started running deregister_tm_clones
finished deregister_tm_clones
removing targets
analyzing gcc-5__Ou__inetutils__rshd/register_tm_clones
started running register_tm_clones
finished register_tm_clones
removing targets
analyzing gcc-5__Ou__inetutils__rshd/frame_dummy
started running frame_dummy
finished frame_dummy
removing targets
analyzing gcc-5__Ou__inetutils__rshd/parse_opt
started running parse_opt
finished parse_opt
removing targets
analyzing gcc-5__Ou__inetutils__rshd/doit
started running doit
stopped exploration
finished doit
analyzing gcc-5__Ou__inetutils__rshd/rshd_error
started running rshd_error
finished rshd_error
removing targets
analyzing gcc-5__Ou__inetutils__rshd/getstr
started running getstr
stopped exploration
finished getstr
analyzing gcc-5__Ou__inetutils__rshd/local_domain
started running local_domain
finished local_domain
analyzing gcc-5__Ou__inetutils__rshd/topdomain
started running topdomain
finished topdomain
analyzing gcc-5__Ou__inetutils__rshd/localhost
started running localhost
finished localhost
analyzing gcc-5__Ou__inetutils__rshd/argp_default_parser
started running argp_default_parser
finished argp_default_parser
removing targets
analyzing gcc-5__Ou__inetutils__rshd/argp_version_parser
started running argp_version_parser
finished argp_version_parser
removing targets
analyzing gcc-5__Ou__inetutils__rshd/find_long_option
started running find_long_option
finished find_long_option
removing targets
analyzing gcc-5__Ou__inetutils__rshd/group_parse
started running group_parse
finished group_parse
removing targets
analyzing gcc-5__Ou__inetutils__rshd/convert_options
started running convert_options
stopped exploration
finished convert_options
removing targets
analyzing gcc-5__Ou__inetutils__rshd/parser_convert
started running parser_convert
finished parser_convert
removing targets
analyzing gcc-5__Ou__inetutils__rshd/calc_sizes
started running calc_sizes
finished calc_sizes
removing targets
analyzing gcc-5__Ou__inetutils__rshd/parser_init
started running parser_init
finished parser_init
analyzing gcc-5__Ou__inetutils__rshd/parser_finalize
started running parser_finalize
finished parser_finalize
removing targets
analyzing gcc-5__Ou__inetutils__rshd/parser_parse_arg
started running parser_parse_arg
finished parser_parse_arg
removing targets
analyzing gcc-5__Ou__inetutils__rshd/parser_parse_opt
started running parser_parse_opt
finished parser_parse_opt
removing targets
analyzing gcc-5__Ou__inetutils__rshd/parser_parse_next
started running parser_parse_next
finished parser_parse_next
removing targets
analyzing gcc-5__Ou__inetutils__rshd/argp_parse
started running argp_parse
finished argp_parse
removing targets
analyzing gcc-5__Ou__inetutils__rshd/argp_usage
started running argp_usage
finished argp_usage
analyzing gcc-5__Ou__inetutils__rshd/version_etc_hook
started running version_etc_hook
finished version_etc_hook
analyzing gcc-5__Ou__inetutils__rshd/argp_version_setup
started running argp_version_setup
finished argp_version_setup
analyzing gcc-5__Ou__inetutils__rshd/last_component
started running last_component
finished last_component
removing targets
analyzing gcc-5__Ou__inetutils__rshd/base_len
started running base_len
finished base_len
analyzing gcc-5__Ou__inetutils__rshd/set_program_name
started running set_program_name
finished set_program_name
removing targets
analyzing gcc-5__Ou__inetutils__rshd/version_etc_arn
started running version_etc_arn
finished version_etc_arn
removing targets
analyzing gcc-5__Ou__inetutils__rshd/version_etc_ar
started running version_etc_ar
finished version_etc_ar
removing targets
analyzing gcc-5__Ou__inetutils__rshd/version_etc_va
started running version_etc_va
finished version_etc_va
removing targets
analyzing gcc-5__Ou__inetutils__rshd/version_etc
started running version_etc
finished version_etc
removing targets
analyzing gcc-5__Ou__inetutils__rshd/emit_bug_reporting_address
started running emit_bug_reporting_address
finished emit_bug_reporting_address
analyzing gcc-5__Ou__inetutils__rshd/xnmalloc
started running xnmalloc
finished xnmalloc
removing targets
analyzing gcc-5__Ou__inetutils__rshd/xnrealloc
started running xnrealloc
finished xnrealloc
removing targets
analyzing gcc-5__Ou__inetutils__rshd/x2nrealloc
started running x2nrealloc
finished x2nrealloc
removing targets
analyzing gcc-5__Ou__inetutils__rshd/xcharalloc
started running xcharalloc
finished xcharalloc
analyzing gcc-5__Ou__inetutils__rshd/xmalloc
started running xmalloc
finished xmalloc
analyzing gcc-5__Ou__inetutils__rshd/xrealloc
started running xrealloc
finished xrealloc
removing targets
analyzing gcc-5__Ou__inetutils__rshd/x2realloc
started running x2realloc
finished x2realloc
analyzing gcc-5__Ou__inetutils__rshd/xzalloc
started running xzalloc
finished xzalloc
analyzing gcc-5__Ou__inetutils__rshd/xcalloc
started running xcalloc
finished xcalloc
analyzing gcc-5__Ou__inetutils__rshd/xmemdup
started running xmemdup
finished xmemdup
analyzing gcc-5__Ou__inetutils__rshd/xstrdup
started running xstrdup
finished xstrdup
analyzing gcc-5__Ou__inetutils__rshd/xalloc_die
started running xalloc_die
finished xalloc_die
analyzing gcc-5__Ou__inetutils__rshd/rpl_getopt_long
started running rpl_getopt_long
finished rpl_getopt_long
analyzing gcc-5__Ou__inetutils__rshd/rpl_getopt_long_only
started running rpl_getopt_long_only
finished rpl_getopt_long_only
analyzing gcc-5__Ou__inetutils__rshd/rpl_ioctl
started running rpl_ioctl
finished rpl_ioctl
removing targets
analyzing gcc-5__Ou__inetutils__rshd/validate_uparams
started running validate_uparams
finished validate_uparams
removing targets
analyzing gcc-5__Ou__inetutils__rshd/fill_in_uparams
started running fill_in_uparams
analyzing gcc-5__Ou__inetutils__rshd/find_char
started running find_char
finished find_char
removing targets
analyzing gcc-5__Ou__inetutils__rshd/make_hol
started running make_hol
stopped exploration
finished make_hol
analyzing gcc-5__Ou__inetutils__rshd/hol_add_cluster
started running hol_add_cluster
finished hol_add_cluster
analyzing gcc-5__Ou__inetutils__rshd/hol_free
started running hol_free
finished hol_free
removing targets
analyzing gcc-5__Ou__inetutils__rshd/hol_entry_short_iterate
started running hol_entry_short_iterate
finished hol_entry_short_iterate
removing targets
analyzing gcc-5__Ou__inetutils__rshd/until_short
started running until_short
finished until_short
analyzing gcc-5__Ou__inetutils__rshd/hol_entry_first_short
started running hol_entry_first_short
finished hol_entry_first_short
analyzing gcc-5__Ou__inetutils__rshd/hol_entry_first_long
started running hol_entry_first_long
finished hol_entry_first_long
removing targets
analyzing gcc-5__Ou__inetutils__rshd/hol_find_entry
started running hol_find_entry
