gcc-5__Ou__barcode__sample have 57 funcs
analyzing gcc-5__Ou__barcode__sample/deregister_tm_clones
started running deregister_tm_clones
finished deregister_tm_clones
removing targets
analyzing gcc-5__Ou__barcode__sample/register_tm_clones
started running register_tm_clones
finished register_tm_clones
removing targets
analyzing gcc-5__Ou__barcode__sample/frame_dummy
started running frame_dummy
finished frame_dummy
removing targets
analyzing gcc-5__Ou__barcode__sample/Barcode_Create
started running Barcode_Create
finished Barcode_Create
analyzing gcc-5__Ou__barcode__sample/Barcode_Delete
started running Barcode_Delete
finished Barcode_Delete
removing targets
analyzing gcc-5__Ou__barcode__sample/Barcode_Encode
started running Barcode_Encode
finished Barcode_Encode
removing targets
analyzing gcc-5__Ou__barcode__sample/Barcode_Print
started running Barcode_Print
finished Barcode_Print
removing targets
analyzing gcc-5__Ou__barcode__sample/Barcode_Position
started running Barcode_Position
finished Barcode_Position
analyzing gcc-5__Ou__barcode__sample/Barcode_Encode_and_Print
started running Barcode_Encode_and_Print
finished Barcode_Encode_and_Print
analyzing gcc-5__Ou__barcode__sample/Barcode_Version
started running Barcode_Version
finished Barcode_Version
removing targets
analyzing gcc-5__Ou__barcode__sample/ean_make_checksum
started running ean_make_checksum
finished ean_make_checksum
analyzing gcc-5__Ou__barcode__sample/Barcode_ean_verify
started running Barcode_ean_verify
finished Barcode_ean_verify
analyzing gcc-5__Ou__barcode__sample/upc_e_to_a0
started running upc_e_to_a0
finished upc_e_to_a0
removing targets
analyzing gcc-5__Ou__barcode__sample/upc_e_to_a
started running upc_e_to_a
finished upc_e_to_a
analyzing gcc-5__Ou__barcode__sample/upc_a_to_e
started running upc_a_to_e
finished upc_a_to_e
analyzing gcc-5__Ou__barcode__sample/Barcode_upc_verify
started running Barcode_upc_verify
finished Barcode_upc_verify
analyzing gcc-5__Ou__barcode__sample/Barcode_isbn_verify
started running Barcode_isbn_verify
finished Barcode_isbn_verify
removing targets
analyzing gcc-5__Ou__barcode__sample/width_of_partial
started running width_of_partial
finished width_of_partial
removing targets
analyzing gcc-5__Ou__barcode__sample/Barcode_ean_encode
started running Barcode_ean_encode
finished Barcode_ean_encode
removing targets
analyzing gcc-5__Ou__barcode__sample/Barcode_upc_encode
started running Barcode_upc_encode
finished Barcode_upc_encode
analyzing gcc-5__Ou__barcode__sample/Barcode_isbn_encode
started running Barcode_isbn_encode
finished Barcode_isbn_encode
analyzing gcc-5__Ou__barcode__sample/Barcode_128b_verify
started running Barcode_128b_verify
finished Barcode_128b_verify
removing targets
analyzing gcc-5__Ou__barcode__sample/Barcode_128b_encode
started running Barcode_128b_encode
finished Barcode_128b_encode
removing targets
analyzing gcc-5__Ou__barcode__sample/Barcode_128c_verify
started running Barcode_128c_verify
finished Barcode_128c_verify
removing targets
analyzing gcc-5__Ou__barcode__sample/Barcode_128c_encode
started running Barcode_128c_encode
finished Barcode_128c_encode
removing targets
analyzing gcc-5__Ou__barcode__sample/Barcode_128_verify
started running Barcode_128_verify
finished Barcode_128_verify
removing targets
analyzing gcc-5__Ou__barcode__sample/Barcode_a_or_b
started running Barcode_a_or_b
finished Barcode_a_or_b
removing targets
analyzing gcc-5__Ou__barcode__sample/Barcode_encode_as
started running Barcode_encode_as
finished Barcode_encode_as
removing targets
analyzing gcc-5__Ou__barcode__sample/Barcode_128_make_array
started running Barcode_128_make_array
analyzing gcc-5__Ou__barcode__sample/Barcode_128_encode
started running Barcode_128_encode
stopped exploration
finished Barcode_128_encode
removing targets
analyzing gcc-5__Ou__barcode__sample/Barcode_128raw_verify
started running Barcode_128raw_verify
finished Barcode_128raw_verify
removing targets
analyzing gcc-5__Ou__barcode__sample/Barcode_128raw_encode
started running Barcode_128raw_encode
analyzing gcc-5__Ou__barcode__sample/Barcode_39_verify
started running Barcode_39_verify
analyzing gcc-5__Ou__barcode__sample/Barcode_39ext_verify
started running Barcode_39ext_verify
finished Barcode_39ext_verify
removing targets
analyzing gcc-5__Ou__barcode__sample/add_one
started running add_one
stopped exploration
finished add_one
removing targets
analyzing gcc-5__Ou__barcode__sample/Barcode_39_encode
started running Barcode_39_encode
analyzing gcc-5__Ou__barcode__sample/Barcode_39ext_encode
started running Barcode_39ext_encode
analyzing gcc-5__Ou__barcode__sample/Barcode_93_verify
started running Barcode_93_verify
analyzing gcc-5__Ou__barcode__sample/Barcode_93_encode
started running Barcode_93_encode
analyzing gcc-5__Ou__barcode__sample/Barcode_i25_verify
started running Barcode_i25_verify
analyzing gcc-5__Ou__barcode__sample/Barcode_i25_encode
started running Barcode_i25_encode
analyzing gcc-5__Ou__barcode__sample/Barcode_msi_verify
started running Barcode_msi_verify
skipping add|one
analyzing gcc-5__Ou__barcode__sample/Barcode_msi_encode
started running Barcode_msi_encode
analyzing gcc-5__Ou__barcode__sample/Barcode_pls_verify
started running Barcode_pls_verify
skipping add|one
analyzing gcc-5__Ou__barcode__sample/Barcode_pls_encode
started running Barcode_pls_encode
analyzing gcc-5__Ou__barcode__sample/Barcode_cbr_verify
started running Barcode_cbr_verify
skipping add|one
analyzing gcc-5__Ou__barcode__sample/Barcode_cbr_encode
started running Barcode_cbr_encode
analyzing gcc-5__Ou__barcode__sample/Barcode_ps_print
started running Barcode_ps_print
analyzing gcc-5__Ou__barcode__sample/Barcode_svg_print
started running Barcode_svg_print
analyzing gcc-5__Ou__barcode__sample/gotox
started running gotox
analyzing gcc-5__Ou__barcode__sample/gotoy
started running gotoy
finished gotoy
removing targets
analyzing gcc-5__Ou__barcode__sample/Barcode_pcl_print
started running Barcode_pcl_print
analyzing gcc-5__Ou__barcode__sample/Barcode_11_verify
started running Barcode_11_verify
finished Barcode_11_verify
removing targets
analyzing gcc-5__Ou__barcode__sample/Barcode_11_encode
started running Barcode_11_encode
