gcc-5__Ou__inetutils__whois have 114 funcs
analyzing gcc-5__Ou__inetutils__whois/deregister_tm_clones
started running deregister_tm_clones
finished deregister_tm_clones
removing targets
analyzing gcc-5__Ou__inetutils__whois/register_tm_clones
started running register_tm_clones
finished register_tm_clones
removing targets
analyzing gcc-5__Ou__inetutils__whois/frame_dummy
started running frame_dummy
finished frame_dummy
removing targets
analyzing gcc-5__Ou__inetutils__whois/ripe_argp_parser
started running ripe_argp_parser
finished ripe_argp_parser
removing targets
analyzing gcc-5__Ou__inetutils__whois/gwhois_argp_parser
started running gwhois_argp_parser
finished gwhois_argp_parser
removing targets
analyzing gcc-5__Ou__inetutils__whois/whichwhois
started running whichwhois
finished whichwhois
removing targets
analyzing gcc-5__Ou__inetutils__whois/whereas
started running whereas
finished whereas
removing targets
analyzing gcc-5__Ou__inetutils__whois/is_ripe_server
started running is_ripe_server
finished is_ripe_server
analyzing gcc-5__Ou__inetutils__whois/queryformat
started running queryformat
finished queryformat
analyzing gcc-5__Ou__inetutils__whois/do_query
started running do_query
finished do_query
analyzing gcc-5__Ou__inetutils__whois/query_crsnic
started running query_crsnic
