WARNING | 2021-12-02 00:41:19,961 | cle.backends.externs | Symbol was allocated without a known size; emulation may fail if it is used non-opaquely: mu_mh_context
WARNING | 2021-12-02 00:41:19,962 | cle.backends.externs | Symbol was allocated without a known size; emulation may fail if it is used non-opaquely: mu_maildir_record
WARNING | 2021-12-02 00:41:19,962 | cle.backends.externs | Symbol was allocated without a known size; emulation may fail if it is used non-opaquely: mu_imaps_record
WARNING | 2021-12-02 00:41:19,962 | cle.backends.externs | Symbol was allocated without a known size; emulation may fail if it is used non-opaquely: mu_c_tab
WARNING | 2021-12-02 00:41:19,962 | cle.backends.externs | Symbol was allocated without a known size; emulation may fail if it is used non-opaquely: mu_smtps_record
WARNING | 2021-12-02 00:41:19,962 | cle.backends.externs | Symbol was allocated without a known size; emulation may fail if it is used non-opaquely: mu_nntp_record
WARNING | 2021-12-02 00:41:19,962 | cle.backends.externs | Symbol was allocated without a known size; emulation may fail if it is used non-opaquely: mu_smtp_record
WARNING | 2021-12-02 00:41:19,962 | cle.backends.externs | Symbol was allocated without a known size; emulation may fail if it is used non-opaquely: mu_pops_record
WARNING | 2021-12-02 00:41:19,962 | cle.backends.externs | Symbol was allocated without a known size; emulation may fail if it is used non-opaquely: mu_mh_record
WARNING | 2021-12-02 00:41:19,963 | cle.backends.externs | Symbol was allocated without a known size; emulation may fail if it is used non-opaquely: mu_prog_record
WARNING | 2021-12-02 00:41:19,963 | cle.backends.externs | Symbol was allocated without a known size; emulation may fail if it is used non-opaquely: mu_strin
WARNING | 2021-12-02 00:41:19,963 | cle.backends.externs | Symbol was allocated without a known size; emulation may fail if it is used non-opaquely: mu_pop_record
WARNING | 2021-12-02 00:41:19,963 | cle.backends.externs | Symbol was allocated without a known size; emulation may fail if it is used non-opaquely: mu_mh_profile
WARNING | 2021-12-02 00:41:19,963 | cle.backends.externs | Symbol was allocated without a known size; emulation may fail if it is used non-opaquely: mu_program_name
WARNING | 2021-12-02 00:41:19,963 | cle.backends.externs | Symbol was allocated without a known size; emulation may fail if it is used non-opaquely: mu_sendmail_record
WARNING | 2021-12-02 00:41:19,963 | cle.backends.externs | Symbol was allocated without a known size; emulation may fail if it is used non-opaquely: mu_mbox_record
WARNING | 2021-12-02 00:41:19,963 | cle.backends.externs | Symbol was allocated without a known size; emulation may fail if it is used non-opaquely: mu_imap_record
WARNING | 2021-12-02 00:41:19,963 | cle.backends.externs | Symbol was allocated without a known size; emulation may fail if it is used non-opaquely: mu_strerr
WARNING | 2021-12-02 00:41:19,963 | cle.backends.externs | Symbol was allocated without a known size; emulation may fail if it is used non-opaquely: mu_strout
WARNING | 2021-12-02 00:41:19,963 | cle.backends.externs | Symbol was allocated without a known size; emulation may fail if it is used non-opaquely: mu_version_copyright
WARNING | 2021-12-02 00:41:19,969 | cle.loader | For more information about "Symbol was allocated without a known size", see https://docs.angr.io/extending-angr/environment#simdata
ERROR   | 2021-12-02 00:58:24,572 | root     | b'out of memory'
ERROR   | 2021-12-02 00:58:24,572 | root     | got an error while analyzing part_match
ERROR   | 2021-12-02 00:58:25,262 | root     | b'out of memory'
ERROR   | 2021-12-02 00:58:25,262 | root     | got an error while analyzing match_char_class
ERROR   | 2021-12-02 00:58:28,026 | root     | b'out of memory'
ERROR   | 2021-12-02 00:58:28,026 | root     | got an error while analyzing make_dir_hier
ERROR   | 2021-12-02 00:58:29,342 | root     | b'out of memory'
ERROR   | 2021-12-02 00:58:29,342 | root     | got an error while analyzing mh_makedir
ERROR   | 2021-12-02 00:58:30,444 | root     | b'out of memory'
ERROR   | 2021-12-02 00:58:30,444 | root     | got an error while analyzing mh_check_folder
ERROR   | 2021-12-02 00:58:32,017 | root     | b'out of memory'
ERROR   | 2021-12-02 00:58:32,017 | root     | got an error while analyzing mh_vgetyn
ERROR   | 2021-12-02 00:58:37,622 | root     | b'out of memory'
ERROR   | 2021-12-02 00:58:37,622 | root     | got an error while analyzing mh_open_folder
ERROR   | 2021-12-02 01:00:05,210 | root     | b'out of memory'
ERROR   | 2021-12-02 01:00:05,210 | root     | got an error while analyzing mh_spawnp
ERROR   | 2021-12-02 01:00:33,585 | root     | b'out of memory'
ERROR   | 2021-12-02 01:00:33,586 | root     | got an error while analyzing mh_quote
ERROR   | 2021-12-02 01:00:51,985 | root     | b'out of memory'
ERROR   | 2021-12-02 01:00:51,986 | root     | got an error while analyzing mu_locus_point_same_file
ERROR   | 2021-12-02 01:00:53,122 | root     | b'out of memory'
ERROR   | 2021-12-02 01:00:53,122 | root     | got an error while analyzing mu_locus_point_same_line
ERROR   | 2021-12-02 01:00:54,263 | root     | b'out of memory'
ERROR   | 2021-12-02 01:00:54,263 | root     | got an error while analyzing mu_locus_point_eq
ERROR   | 2021-12-02 01:00:54,997 | root     | b'out of memory'
ERROR   | 2021-12-02 01:00:54,997 | root     | got an error while analyzing ctx_push
ERROR   | 2021-12-02 01:01:24,100 | root     | b'out of memory'
ERROR   | 2021-12-02 01:01:24,100 | root     | got an error while analyzing yytnamerr
ERROR   | 2021-12-02 01:01:24,708 | root     | b'out of memory'
ERROR   | 2021-12-02 01:01:24,708 | root     | got an error while analyzing yysyntax_error
ERROR   | 2021-12-02 01:03:09,882 | root     | b'out of memory'
ERROR   | 2021-12-02 01:03:09,883 | root     | got an error while analyzing fmt_yylex
ASSERTION VIOLATION
File: ../src/ast/shared_occs.cpp
Line: 119
UNEXPECTED CODE WAS REACHED.
Z3 4.8.13.0
Please file an issue with this message and more detail about how you encountered it at https://github.com/Z3Prover/z3/issues/new
