gcc-5__Ou__mailutils__header have 23 funcs
analyzing gcc-5__Ou__mailutils__header/deregister_tm_clones
started running deregister_tm_clones
finished deregister_tm_clones
removing targets
analyzing gcc-5__Ou__mailutils__header/register_tm_clones
started running register_tm_clones
finished register_tm_clones
removing targets
analyzing gcc-5__Ou__mailutils__header/frame_dummy
started running frame_dummy
finished frame_dummy
removing targets
analyzing gcc-5__Ou__mailutils__header/prompt
started running prompt
finished prompt
removing targets
analyzing gcc-5__Ou__mailutils__header/load_file
started running load_file
finished load_file
analyzing gcc-5__Ou__mailutils__header/check_args
started running check_args
finished check_args
removing targets
analyzing gcc-5__Ou__mailutils__header/cmd_quit
started running cmd_quit
finished cmd_quit
analyzing gcc-5__Ou__mailutils__header/cmd_load
started running cmd_load
finished cmd_load
analyzing gcc-5__Ou__mailutils__header/cmd_free
started running cmd_free
finished cmd_free
analyzing gcc-5__Ou__mailutils__header/cmd_print
started running cmd_print
finished cmd_print
analyzing gcc-5__Ou__mailutils__header/cmd_dump
started running cmd_dump
finished cmd_dump
analyzing gcc-5__Ou__mailutils__header/cmd_remove
started running cmd_remove
finished cmd_remove
analyzing gcc-5__Ou__mailutils__header/cmd_insert
started running cmd_insert
finished cmd_insert
analyzing gcc-5__Ou__mailutils__header/cmd_write
started running cmd_write
finished cmd_write
analyzing gcc-5__Ou__mailutils__header/cmd_overwrite
started running cmd_overwrite
finished cmd_overwrite
analyzing gcc-5__Ou__mailutils__header/cmd_append
started running cmd_append
finished cmd_append
analyzing gcc-5__Ou__mailutils__header/cmd_iterate
started running cmd_iterate
