gcc-5__Ou__mailutils__imap4d have 276 funcs
analyzing gcc-5__Ou__mailutils__imap4d/deregister_tm_clones
started running deregister_tm_clones
finished deregister_tm_clones
removing targets
analyzing gcc-5__Ou__mailutils__imap4d/register_tm_clones
started running register_tm_clones
finished register_tm_clones
removing targets
analyzing gcc-5__Ou__mailutils__imap4d/frame_dummy
started running frame_dummy
finished frame_dummy
removing targets
analyzing gcc-5__Ou__mailutils__imap4d/imap4d_append0
started running imap4d_append0
finished imap4d_append0
analyzing gcc-5__Ou__mailutils__imap4d/imap4d_append
started running imap4d_append
finished imap4d_append
analyzing gcc-5__Ou__mailutils__imap4d/comp
started running comp
finished comp
analyzing gcc-5__Ou__mailutils__imap4d/auth_add
started running auth_add
finished auth_add
analyzing gcc-5__Ou__mailutils__imap4d/auth_remove
started running auth_remove
finished auth_remove
analyzing gcc-5__Ou__mailutils__imap4d/imap4d_auth_capability
started running imap4d_auth_capability
finished imap4d_auth_capability
removing targets
analyzing gcc-5__Ou__mailutils__imap4d/imap4d_authenticate
started running imap4d_authenticate
finished imap4d_authenticate
analyzing gcc-5__Ou__mailutils__imap4d/imap4d_bye
started running imap4d_bye
finished imap4d_bye
analyzing gcc-5__Ou__mailutils__imap4d/sigpipe
started running sigpipe
finished sigpipe
analyzing gcc-5__Ou__mailutils__imap4d/imap4d_bye0
started running imap4d_bye0
finished imap4d_bye0
skipping comp
analyzing gcc-5__Ou__mailutils__imap4d/imap4d_capability_add
started running imap4d_capability_add
finished imap4d_capability_add
removing targets
analyzing gcc-5__Ou__mailutils__imap4d/imap4d_capability_remove
started running imap4d_capability_remove
finished imap4d_capability_remove
analyzing gcc-5__Ou__mailutils__imap4d/imap4d_capability_init
started running imap4d_capability_init
finished imap4d_capability_init
removing targets
analyzing gcc-5__Ou__mailutils__imap4d/print_capa
started running print_capa
finished print_capa
analyzing gcc-5__Ou__mailutils__imap4d/imap4d_capability
started running imap4d_capability
finished imap4d_capability
analyzing gcc-5__Ou__mailutils__imap4d/imap4d_check
started running imap4d_check
finished imap4d_check
analyzing gcc-5__Ou__mailutils__imap4d/imap4d_close0
started running imap4d_close0
finished imap4d_close0
analyzing gcc-5__Ou__mailutils__imap4d/imap4d_close
started running imap4d_close
finished imap4d_close
analyzing gcc-5__Ou__mailutils__imap4d/imap4d_unselect
started running imap4d_unselect
finished imap4d_unselect
analyzing gcc-5__Ou__mailutils__imap4d/imap4d_copy
started running imap4d_copy
finished imap4d_copy
analyzing gcc-5__Ou__mailutils__imap4d/size_sum
started running size_sum
finished size_sum
analyzing gcc-5__Ou__mailutils__imap4d/do_copy
started running do_copy
finished do_copy
analyzing gcc-5__Ou__mailutils__imap4d/try_copy
started running try_copy
finished try_copy
analyzing gcc-5__Ou__mailutils__imap4d/safe_copy
started running safe_copy
finished safe_copy
analyzing gcc-5__Ou__mailutils__imap4d/imap4d_copy0
started running imap4d_copy0
finished imap4d_copy0
removing targets
analyzing gcc-5__Ou__mailutils__imap4d/imap4d_create
started running imap4d_create
finished imap4d_create
analyzing gcc-5__Ou__mailutils__imap4d/imap4d_delete
started running imap4d_delete
finished imap4d_delete
analyzing gcc-5__Ou__mailutils__imap4d/imap4d_examine
started running imap4d_examine
finished imap4d_examine
analyzing gcc-5__Ou__mailutils__imap4d/imap4d_expunge
started running imap4d_expunge
finished imap4d_expunge
analyzing gcc-5__Ou__mailutils__imap4d/fetch_send_address
started running fetch_send_address
finished fetch_send_address
removing targets
analyzing gcc-5__Ou__mailutils__imap4d/fetch_send_header_value
started running fetch_send_header_value
finished fetch_send_header_value
removing targets
analyzing gcc-5__Ou__mailutils__imap4d/fetch_send_header_address
started running fetch_send_header_address
finished fetch_send_header_address
removing targets
analyzing gcc-5__Ou__mailutils__imap4d/send_parameter_list
started running send_parameter_list
finished send_parameter_list
removing targets
analyzing gcc-5__Ou__mailutils__imap4d/fetch_send_header_list
started running fetch_send_header_list
finished fetch_send_header_list
removing targets
analyzing gcc-5__Ou__mailutils__imap4d/fetch_envelope0
started running fetch_envelope0
finished fetch_envelope0
analyzing gcc-5__Ou__mailutils__imap4d/format_param
started running format_param
finished format_param
removing targets
analyzing gcc-5__Ou__mailutils__imap4d/get_content_type
started running get_content_type
finished get_content_type
analyzing gcc-5__Ou__mailutils__imap4d/bodystructure
started running bodystructure
finished bodystructure
analyzing gcc-5__Ou__mailutils__imap4d/fetch_bodystructure0
started running fetch_bodystructure0
finished fetch_bodystructure0
analyzing gcc-5__Ou__mailutils__imap4d/set_seen
started running set_seen
finished set_seen
removing targets
analyzing gcc-5__Ou__mailutils__imap4d/fetch_get_part
started running fetch_get_part
finished fetch_get_part
removing targets
analyzing gcc-5__Ou__mailutils__imap4d/frt_register_message
started running frt_register_message
finished frt_register_message
removing targets
analyzing gcc-5__Ou__mailutils__imap4d/frt_unregister_messages
started running frt_unregister_messages
finished frt_unregister_messages
analyzing gcc-5__Ou__mailutils__imap4d/fetch_get_part_rfc822
started running fetch_get_part_rfc822
finished fetch_get_part_rfc822
removing targets
analyzing gcc-5__Ou__mailutils__imap4d/fetch_send_section_part
started running fetch_send_section_part
finished fetch_send_section_part
analyzing gcc-5__Ou__mailutils__imap4d/fetch_io
started running fetch_io
finished fetch_io
analyzing gcc-5__Ou__mailutils__imap4d/count_nl
started running count_nl
finished count_nl
removing targets
analyzing gcc-5__Ou__mailutils__imap4d/ffc_init
started running ffc_init
finished ffc_init
analyzing gcc-5__Ou__mailutils__imap4d/append_ffc
started running append_ffc
finished append_ffc
analyzing gcc-5__Ou__mailutils__imap4d/append_simple_function
started running append_simple_function
finished append_simple_function
analyzing gcc-5__Ou__mailutils__imap4d/find_macro
started running find_macro
finished find_macro
removing targets
analyzing gcc-5__Ou__mailutils__imap4d/find_fetch_att_tab
started running find_fetch_att_tab
finished find_fetch_att_tab
removing targets
analyzing gcc-5__Ou__mailutils__imap4d/parse_fetch_rfc822
started running parse_fetch_rfc822
finished parse_fetch_rfc822
analyzing gcc-5__Ou__mailutils__imap4d/parse_header_list
started running parse_header_list
stopped exploration
finished parse_header_list
removing targets
analyzing gcc-5__Ou__mailutils__imap4d/parse_section_text
started running parse_section_text
finished parse_section_text
analyzing gcc-5__Ou__mailutils__imap4d/parsebuf_get_number
started running parsebuf_get_number
finished parsebuf_get_number
analyzing gcc-5__Ou__mailutils__imap4d/parse_section_part
started running parse_section_part
finished parse_section_part
analyzing gcc-5__Ou__mailutils__imap4d/parse_section
started running parse_section
finished parse_section
removing targets
analyzing gcc-5__Ou__mailutils__imap4d/parse_substring
started running parse_substring
finished parse_substring
removing targets
analyzing gcc-5__Ou__mailutils__imap4d/parse_body_args
started running parse_body_args
finished parse_body_args
analyzing gcc-5__Ou__mailutils__imap4d/parse_body_peek
started running parse_body_peek
finished parse_body_peek
analyzing gcc-5__Ou__mailutils__imap4d/parse_fetch_body
started running parse_fetch_body
finished parse_fetch_body
analyzing gcc-5__Ou__mailutils__imap4d/parse_fetch_att
started running parse_fetch_att
finished parse_fetch_att
analyzing gcc-5__Ou__mailutils__imap4d/parse_fetch_att_list
started running parse_fetch_att_list
finished parse_fetch_att_list
removing targets
analyzing gcc-5__Ou__mailutils__imap4d/parse_macro
started running parse_macro
finished parse_macro
analyzing gcc-5__Ou__mailutils__imap4d/fetch_thunk
started running fetch_thunk
finished fetch_thunk
analyzing gcc-5__Ou__mailutils__imap4d/imap4d_fetch0
started running imap4d_fetch0
finished imap4d_fetch0
analyzing gcc-5__Ou__mailutils__imap4d/imap4d_fetch
started running imap4d_fetch
finished imap4d_fetch
analyzing gcc-5__Ou__mailutils__imap4d/eat_args
started running eat_args
finished eat_args
analyzing gcc-5__Ou__mailutils__imap4d/get_os
started running get_os
finished get_os
analyzing gcc-5__Ou__mailutils__imap4d/get_os_version
started running get_os_version
finished get_os_version
analyzing gcc-5__Ou__mailutils__imap4d/get_command
started running get_command
finished get_command
analyzing gcc-5__Ou__mailutils__imap4d/build_str
started running build_str
finished build_str
removing targets
analyzing gcc-5__Ou__mailutils__imap4d/get_arguments
started running get_arguments
finished get_arguments
analyzing gcc-5__Ou__mailutils__imap4d/get_environment
started running get_environment
finished get_environment
analyzing gcc-5__Ou__mailutils__imap4d/get_id_value
started running get_id_value
finished get_id_value
removing targets
analyzing gcc-5__Ou__mailutils__imap4d/imap4d_id
started running imap4d_id
finished imap4d_id
analyzing gcc-5__Ou__mailutils__imap4d/imap4d_idle
started running imap4d_idle
finished imap4d_idle
analyzing gcc-5__Ou__mailutils__imap4d/set_foreground
started running set_foreground
finished set_foreground
analyzing gcc-5__Ou__mailutils__imap4d/set_inetd_mode
started running set_inetd_mode
finished set_inetd_mode
analyzing gcc-5__Ou__mailutils__imap4d/set_daemon_mode
started running set_daemon_mode
finished set_daemon_mode
analyzing gcc-5__Ou__mailutils__imap4d/set_preauth
started running set_preauth
finished set_preauth
analyzing gcc-5__Ou__mailutils__imap4d/cb_mode
started running cb_mode
finished cb_mode
analyzing gcc-5__Ou__mailutils__imap4d/parse_preauth_scheme
started running parse_preauth_scheme
finished parse_preauth_scheme
analyzing gcc-5__Ou__mailutils__imap4d/cb_preauth
started running cb_preauth
finished cb_preauth
analyzing gcc-5__Ou__mailutils__imap4d/cb_mailbox_mode
started running cb_mailbox_mode
finished cb_mailbox_mode
analyzing gcc-5__Ou__mailutils__imap4d/cb2_group
started running cb2_group
finished cb2_group
analyzing gcc-5__Ou__mailutils__imap4d/cb_group
started running cb_group
finished cb_group
removing targets
analyzing gcc-5__Ou__mailutils__imap4d/cb_tls
started running cb_tls
finished cb_tls
analyzing gcc-5__Ou__mailutils__imap4d/check_user_groups
started running check_user_groups
finished check_user_groups
analyzing gcc-5__Ou__mailutils__imap4d/imap_check_group_list
started running imap_check_group_list
finished imap_check_group_list
analyzing gcc-5__Ou__mailutils__imap4d/cb_prefix_delim
started running cb_prefix_delim
finished cb_prefix_delim
analyzing gcc-5__Ou__mailutils__imap4d/cb_prefix_scheme
started running cb_prefix_scheme
finished cb_prefix_scheme
analyzing gcc-5__Ou__mailutils__imap4d/prefix_section_parser
started running prefix_section_parser
finished prefix_section_parser
removing targets
analyzing gcc-5__Ou__mailutils__imap4d/namespace_section_parser
started running namespace_section_parser
finished namespace_section_parser
removing targets
analyzing gcc-5__Ou__mailutils__imap4d/namespace_cfg_init
started running namespace_cfg_init
finished namespace_cfg_init
analyzing gcc-5__Ou__mailutils__imap4d/mu_get_user_groups
started running mu_get_user_groups
stopped exploration
finished mu_get_user_groups
removing targets
analyzing gcc-5__Ou__mailutils__imap4d/imap4d_session_setup0
started running imap4d_session_setup0
finished imap4d_session_setup0
removing targets
analyzing gcc-5__Ou__mailutils__imap4d/imap4d_session_setup
started running imap4d_session_setup
finished imap4d_session_setup
analyzing gcc-5__Ou__mailutils__imap4d/imap4d_child_signal_setup
started running imap4d_child_signal_setup
finished imap4d_child_signal_setup
analyzing gcc-5__Ou__mailutils__imap4d/imap4d_mainloop
started running imap4d_mainloop
finished imap4d_mainloop
removing targets
analyzing gcc-5__Ou__mailutils__imap4d/imap4d_connection
started running imap4d_connection
finished imap4d_connection
analyzing gcc-5__Ou__mailutils__imap4d/imap4d_check_home_dir
started running imap4d_check_home_dir
finished imap4d_check_home_dir
analyzing gcc-5__Ou__mailutils__imap4d/imap4d_master_signal
started running imap4d_master_signal
finished imap4d_master_signal
analyzing gcc-5__Ou__mailutils__imap4d/imap4d_alloc_die
started running imap4d_alloc_die
finished imap4d_alloc_die
analyzing gcc-5__Ou__mailutils__imap4d/log_cipher
started running log_cipher
finished log_cipher
analyzing gcc-5__Ou__mailutils__imap4d/io_setio
started running io_setio
finished io_setio
removing targets
analyzing gcc-5__Ou__mailutils__imap4d/imap4d_init_tls_server
started running imap4d_init_tls_server
finished imap4d_init_tls_server
analyzing gcc-5__Ou__mailutils__imap4d/sc2string
started running sc2string
finished sc2string
removing targets
analyzing gcc-5__Ou__mailutils__imap4d/io_copy_out
started running io_copy_out
finished io_copy_out
analyzing gcc-5__Ou__mailutils__imap4d/io_send_bytes
started running io_send_bytes
finished io_send_bytes
analyzing gcc-5__Ou__mailutils__imap4d/io_sendf
started running io_sendf
finished io_sendf
removing targets
analyzing gcc-5__Ou__mailutils__imap4d/io_send_qstring
started running io_send_qstring
finished io_send_qstring
removing targets
analyzing gcc-5__Ou__mailutils__imap4d/io_send_astring
started running io_send_astring
finished io_send_astring
removing targets
analyzing gcc-5__Ou__mailutils__imap4d/io_send_literal
started running io_send_literal
finished io_send_literal
analyzing gcc-5__Ou__mailutils__imap4d/io_untagged_response
started running io_untagged_response
finished io_untagged_response
removing targets
analyzing gcc-5__Ou__mailutils__imap4d/io_format_completion_response
started running io_format_completion_response
finished io_format_completion_response
analyzing gcc-5__Ou__mailutils__imap4d/io_completion_response
started running io_completion_response
finished io_completion_response
removing targets
analyzing gcc-5__Ou__mailutils__imap4d/io_stream_completion_response
started running io_stream_completion_response
finished io_stream_completion_response
removing targets
analyzing gcc-5__Ou__mailutils__imap4d/io_wait_input
started running io_wait_input
finished io_wait_input
analyzing gcc-5__Ou__mailutils__imap4d/io_flush
started running io_flush
finished io_flush
analyzing gcc-5__Ou__mailutils__imap4d/util_is_master
started running util_is_master
finished util_is_master
analyzing gcc-5__Ou__mailutils__imap4d/io_getline
started running io_getline
finished io_getline
analyzing gcc-5__Ou__mailutils__imap4d/unquote
started running unquote
finished unquote
removing targets
analyzing gcc-5__Ou__mailutils__imap4d/imap4d_tokbuf_init
started running imap4d_tokbuf_init
finished imap4d_tokbuf_init
analyzing gcc-5__Ou__mailutils__imap4d/imap4d_tokbuf_destroy
started running imap4d_tokbuf_destroy
finished imap4d_tokbuf_destroy
analyzing gcc-5__Ou__mailutils__imap4d/imap4d_tokbuf_argc
started running imap4d_tokbuf_argc
finished imap4d_tokbuf_argc
analyzing gcc-5__Ou__mailutils__imap4d/imap4d_tokbuf_getarg
started running imap4d_tokbuf_getarg
finished imap4d_tokbuf_getarg
removing targets
analyzing gcc-5__Ou__mailutils__imap4d/imap4d_tokbuf_unquote
started running imap4d_tokbuf_unquote
finished imap4d_tokbuf_unquote
removing targets
analyzing gcc-5__Ou__mailutils__imap4d/imap4d_tokbuf_decrlf
started running imap4d_tokbuf_decrlf
finished imap4d_tokbuf_decrlf
removing targets
analyzing gcc-5__Ou__mailutils__imap4d/imap4d_tokbuf_expand
started running imap4d_tokbuf_expand
finished imap4d_tokbuf_expand
removing targets
analyzing gcc-5__Ou__mailutils__imap4d/insert_nul
started running insert_nul
finished insert_nul
analyzing gcc-5__Ou__mailutils__imap4d/gettok
started running gettok
finished gettok
removing targets
analyzing gcc-5__Ou__mailutils__imap4d/imap4d_tokbuf_tokenize
started running imap4d_tokbuf_tokenize
finished imap4d_tokbuf_tokenize
removing targets
analyzing gcc-5__Ou__mailutils__imap4d/check_input_err
started running check_input_err
finished check_input_err
removing targets
analyzing gcc-5__Ou__mailutils__imap4d/imap4d_tokbuf_getline
started running imap4d_tokbuf_getline
finished imap4d_tokbuf_getline
analyzing gcc-5__Ou__mailutils__imap4d/imap4d_readline
started running imap4d_readline
finished imap4d_readline
analyzing gcc-5__Ou__mailutils__imap4d/imap4d_tokbuf_from_string
started running imap4d_tokbuf_from_string
finished imap4d_tokbuf_from_string
analyzing gcc-5__Ou__mailutils__imap4d/list_fun
started running list_fun
finished list_fun
removing targets
analyzing gcc-5__Ou__mailutils__imap4d/match_pfx
started running match_pfx
finished match_pfx
removing targets
analyzing gcc-5__Ou__mailutils__imap4d/list_ref
started running list_ref
finished list_ref
removing targets
analyzing gcc-5__Ou__mailutils__imap4d/imap4d_list
started running imap4d_list
finished imap4d_list
analyzing gcc-5__Ou__mailutils__imap4d/imap4d_logout
started running imap4d_logout
finished imap4d_logout
analyzing gcc-5__Ou__mailutils__imap4d/imap4d_login
started running imap4d_login
finished imap4d_login
removing targets
analyzing gcc-5__Ou__mailutils__imap4d/imap4d_lsub
started running imap4d_lsub
finished imap4d_lsub
analyzing gcc-5__Ou__mailutils__imap4d/namespace_lookup
started running namespace_lookup
finished namespace_lookup
removing targets
analyzing gcc-5__Ou__mailutils__imap4d/cmplen
started running cmplen
finished cmplen
analyzing gcc-5__Ou__mailutils__imap4d/translate_delim
started running translate_delim
finished translate_delim
removing targets
analyzing gcc-5__Ou__mailutils__imap4d/trim_delim
started running trim_delim
finished trim_delim
analyzing gcc-5__Ou__mailutils__imap4d/namespace_init
started running namespace_init
analyzing gcc-5__Ou__mailutils__imap4d/prefix_translate_name
started running prefix_translate_name
analyzing gcc-5__Ou__mailutils__imap4d/translate_name
started running translate_name
finished translate_name
analyzing gcc-5__Ou__mailutils__imap4d/extract_username
started running extract_username
analyzing gcc-5__Ou__mailutils__imap4d/namespace_translate_name
started running namespace_translate_name
finished namespace_translate_name
analyzing gcc-5__Ou__mailutils__imap4d/namespace_get_name
started running namespace_get_name
analyzing gcc-5__Ou__mailutils__imap4d/prefix_printer
started running prefix_printer
analyzing gcc-5__Ou__mailutils__imap4d/print_namespace
started running print_namespace
analyzing gcc-5__Ou__mailutils__imap4d/imap4d_namespace
started running imap4d_namespace
finished imap4d_namespace
analyzing gcc-5__Ou__mailutils__imap4d/imap4d_noop
started running imap4d_noop
finished imap4d_noop
analyzing gcc-5__Ou__mailutils__imap4d/parsebuf_free
started running parsebuf_free
analyzing gcc-5__Ou__mailutils__imap4d/imap4d_parsebuf_exit
started running imap4d_parsebuf_exit
analyzing gcc-5__Ou__mailutils__imap4d/pbcopy
started running pbcopy
analyzing gcc-5__Ou__mailutils__imap4d/pbcopy_char
started running pbcopy_char
finished pbcopy_char
analyzing gcc-5__Ou__mailutils__imap4d/imap4d_parsebuf_peek
started running imap4d_parsebuf_peek
analyzing gcc-5__Ou__mailutils__imap4d/imap4d_parsebuf_next
started running imap4d_parsebuf_next
analyzing gcc-5__Ou__mailutils__imap4d/imap4d_with_parsebuf
started running imap4d_with_parsebuf
finished imap4d_with_parsebuf
analyzing gcc-5__Ou__mailutils__imap4d/do_preauth_stdio
started running do_preauth_stdio
finished do_preauth_stdio
analyzing gcc-5__Ou__mailutils__imap4d/ident_extract_username
started running ident_extract_username
finished ident_extract_username
analyzing gcc-5__Ou__mailutils__imap4d/is_des_p
started running is_des_p
finished is_des_p
analyzing gcc-5__Ou__mailutils__imap4d/des_fixup_key_parity
started running des_fixup_key_parity
analyzing gcc-5__Ou__mailutils__imap4d/des_cbc_cksum
started running des_cbc_cksum
finished des_cbc_cksum
removing targets
analyzing gcc-5__Ou__mailutils__imap4d/des_string_to_key
started running des_string_to_key
finished des_string_to_key
analyzing gcc-5__Ou__mailutils__imap4d/decode64_buf
started running decode64_buf
analyzing gcc-5__Ou__mailutils__imap4d/ident_decrypt
started running ident_decrypt
finished ident_decrypt
analyzing gcc-5__Ou__mailutils__imap4d/do_preauth_ident
started running do_preauth_ident
finished do_preauth_ident
removing targets
analyzing gcc-5__Ou__mailutils__imap4d/preauth_getvar
started running preauth_getvar
finished preauth_getvar
removing targets
analyzing gcc-5__Ou__mailutils__imap4d/do_preauth_program
started running do_preauth_program
finished do_preauth_program
analyzing gcc-5__Ou__mailutils__imap4d/imap4d_preauth_setup
started running imap4d_preauth_setup
finished imap4d_preauth_setup
analyzing gcc-5__Ou__mailutils__imap4d/addsize
started running addsize
analyzing gcc-5__Ou__mailutils__imap4d/directory_size
started running directory_size
finished directory_size
analyzing gcc-5__Ou__mailutils__imap4d/quota_setup
started running quota_setup
finished quota_setup
analyzing gcc-5__Ou__mailutils__imap4d/quota_check
started running quota_check
finished quota_check
removing targets
analyzing gcc-5__Ou__mailutils__imap4d/quota_update
started running quota_update
finished quota_update
analyzing gcc-5__Ou__mailutils__imap4d/make_interdir
started running make_interdir
analyzing gcc-5__Ou__mailutils__imap4d/imap4d_rename
started running imap4d_rename
finished imap4d_rename
analyzing gcc-5__Ou__mailutils__imap4d/imap4d_search
started running imap4d_search
finished imap4d_search
analyzing gcc-5__Ou__mailutils__imap4d/imap4d_search0
started running imap4d_search0
finished imap4d_search0
analyzing gcc-5__Ou__mailutils__imap4d/do_search
started running do_search
analyzing gcc-5__Ou__mailutils__imap4d/parse_gettoken
started running parse_gettoken
finished parse_gettoken
analyzing gcc-5__Ou__mailutils__imap4d/parse_free_mem
started running parse_free_mem
analyzing gcc-5__Ou__mailutils__imap4d/parse_regmem
started running parse_regmem
finished parse_regmem
analyzing gcc-5__Ou__mailutils__imap4d/parse_alloc
started running parse_alloc
finished parse_alloc
analyzing gcc-5__Ou__mailutils__imap4d/parse_strdup
started running parse_strdup
finished parse_strdup
analyzing gcc-5__Ou__mailutils__imap4d/free_msgset
started running free_msgset
finished free_msgset
analyzing gcc-5__Ou__mailutils__imap4d/parse_msgset_create
started running parse_msgset_create
finished parse_msgset_create
analyzing gcc-5__Ou__mailutils__imap4d/parse_search_key_list
started running parse_search_key_list
finished parse_search_key_list
removing targets
analyzing gcc-5__Ou__mailutils__imap4d/parse_search_key
started running parse_search_key
finished parse_search_key
analyzing gcc-5__Ou__mailutils__imap4d/parse_equiv_key
started running parse_equiv_key
finished parse_equiv_key
removing targets
analyzing gcc-5__Ou__mailutils__imap4d/parse_simple_key
started running parse_simple_key
finished parse_simple_key
removing targets
analyzing gcc-5__Ou__mailutils__imap4d/evaluate_node
started running evaluate_node
finished evaluate_node
removing targets
analyzing gcc-5__Ou__mailutils__imap4d/search_run
started running search_run
finished search_run
analyzing gcc-5__Ou__mailutils__imap4d/cond_msgset
started running cond_msgset
finished cond_msgset
analyzing gcc-5__Ou__mailutils__imap4d/cond_bcc
started running cond_bcc
analyzing gcc-5__Ou__mailutils__imap4d/cond_before
started running cond_before
analyzing gcc-5__Ou__mailutils__imap4d/cond_body
started running cond_body
analyzing gcc-5__Ou__mailutils__imap4d/cond_cc
started running cond_cc
analyzing gcc-5__Ou__mailutils__imap4d/cond_from
started running cond_from
analyzing gcc-5__Ou__mailutils__imap4d/cond_header
started running cond_header
analyzing gcc-5__Ou__mailutils__imap4d/cond_keyword
started running cond_keyword
analyzing gcc-5__Ou__mailutils__imap4d/cond_larger
started running cond_larger
analyzing gcc-5__Ou__mailutils__imap4d/cond_on
started running cond_on
analyzing gcc-5__Ou__mailutils__imap4d/cond_sentbefore
started running cond_sentbefore
analyzing gcc-5__Ou__mailutils__imap4d/cond_senton
started running cond_senton
analyzing gcc-5__Ou__mailutils__imap4d/cond_sentsince
started running cond_sentsince
analyzing gcc-5__Ou__mailutils__imap4d/cond_since
started running cond_since
analyzing gcc-5__Ou__mailutils__imap4d/cond_smaller
started running cond_smaller
analyzing gcc-5__Ou__mailutils__imap4d/cond_subject
started running cond_subject
analyzing gcc-5__Ou__mailutils__imap4d/cond_text
started running cond_text
analyzing gcc-5__Ou__mailutils__imap4d/cond_to
started running cond_to
analyzing gcc-5__Ou__mailutils__imap4d/cond_uid
started running cond_uid
analyzing gcc-5__Ou__mailutils__imap4d/imap4d_select
started running imap4d_select
finished imap4d_select
analyzing gcc-5__Ou__mailutils__imap4d/imap4d_select0
started running imap4d_select0
finished imap4d_select0
removing targets
analyzing gcc-5__Ou__mailutils__imap4d/imap4d_select_status
started running imap4d_select_status
finished imap4d_select_status
removing targets
analyzing gcc-5__Ou__mailutils__imap4d/imap4d_enter_critical
started running imap4d_enter_critical
finished imap4d_enter_critical
removing targets
analyzing gcc-5__Ou__mailutils__imap4d/imap4d_leave_critical
started running imap4d_leave_critical
finished imap4d_leave_critical
removing targets
analyzing gcc-5__Ou__mailutils__imap4d/imap4d_child_signal
started running imap4d_child_signal
finished imap4d_child_signal
analyzing gcc-5__Ou__mailutils__imap4d/imap4d_starttls
started running imap4d_starttls
analyzing gcc-5__Ou__mailutils__imap4d/tls_encryption_on
started running tls_encryption_on
analyzing gcc-5__Ou__mailutils__imap4d/starttls_init
started running starttls_init
finished starttls_init
analyzing gcc-5__Ou__mailutils__imap4d/status_get_handler
started running status_get_handler
finished status_get_handler
removing targets
analyzing gcc-5__Ou__mailutils__imap4d/imap4d_status
started running imap4d_status
finished imap4d_status
analyzing gcc-5__Ou__mailutils__imap4d/status_messages
started running status_messages
finished status_messages
analyzing gcc-5__Ou__mailutils__imap4d/status_recent
started running status_recent
finished status_recent
analyzing gcc-5__Ou__mailutils__imap4d/status_uidnext
started running status_uidnext
finished status_uidnext
analyzing gcc-5__Ou__mailutils__imap4d/status_uidvalidity
started running status_uidvalidity
finished status_uidvalidity
analyzing gcc-5__Ou__mailutils__imap4d/status_unseen
started running status_unseen
finished status_unseen
analyzing gcc-5__Ou__mailutils__imap4d/mu_prstr
started running mu_prstr
finished mu_prstr
removing targets
analyzing gcc-5__Ou__mailutils__imap4d/store_thunk
started running store_thunk
analyzing gcc-5__Ou__mailutils__imap4d/imap4d_store0
started running imap4d_store0
finished imap4d_store0
analyzing gcc-5__Ou__mailutils__imap4d/imap4d_store
started running imap4d_store
finished imap4d_store
analyzing gcc-5__Ou__mailutils__imap4d/open_subscription
started running open_subscription
finished open_subscription
analyzing gcc-5__Ou__mailutils__imap4d/imap4d_subscribe
started running imap4d_subscribe
finished imap4d_subscribe
analyzing gcc-5__Ou__mailutils__imap4d/realloc_attributes
started running realloc_attributes
finished realloc_attributes
removing targets
analyzing gcc-5__Ou__mailutils__imap4d/imap4d_sync_invalidate
started running imap4d_sync_invalidate
finished imap4d_sync_invalidate
analyzing gcc-5__Ou__mailutils__imap4d/reread_attributes
started running reread_attributes
finished reread_attributes
analyzing gcc-5__Ou__mailutils__imap4d/notify
started running notify
finished notify
analyzing gcc-5__Ou__mailutils__imap4d/uid_to_msgno
started running uid_to_msgno
finished uid_to_msgno
analyzing gcc-5__Ou__mailutils__imap4d/imap4d_sync_flags
started running imap4d_sync_flags
finished imap4d_sync_flags
removing targets
analyzing gcc-5__Ou__mailutils__imap4d/action
started running action
finished action
removing targets
analyzing gcc-5__Ou__mailutils__imap4d/imap4d_set_observer
started running imap4d_set_observer
finished imap4d_set_observer
analyzing gcc-5__Ou__mailutils__imap4d/imap4d_sync
started running imap4d_sync
finished imap4d_sync
analyzing gcc-5__Ou__mailutils__imap4d/imap4d_uid
started running imap4d_uid
finished imap4d_uid
analyzing gcc-5__Ou__mailutils__imap4d/imap4d_unsubscribe
started running imap4d_unsubscribe
finished imap4d_unsubscribe
analyzing gcc-5__Ou__mailutils__imap4d/util_do_command
started running util_do_command
finished util_do_command
analyzing gcc-5__Ou__mailutils__imap4d/util_getcommand
started running util_getcommand
analyzing gcc-5__Ou__mailutils__imap4d/adjust_tm
started running adjust_tm
finished adjust_tm
removing targets
analyzing gcc-5__Ou__mailutils__imap4d/util_parse_internal_date
started running util_parse_internal_date
finished util_parse_internal_date
analyzing gcc-5__Ou__mailutils__imap4d/util_parse_822_date
started running util_parse_822_date
finished util_parse_822_date
analyzing gcc-5__Ou__mailutils__imap4d/util_parse_ctime_date
started running util_parse_ctime_date
finished util_parse_ctime_date
analyzing gcc-5__Ou__mailutils__imap4d/util_strcasestr
started running util_strcasestr
finished util_strcasestr
analyzing gcc-5__Ou__mailutils__imap4d/util_print_flags
started running util_print_flags
finished util_print_flags
analyzing gcc-5__Ou__mailutils__imap4d/util_attribute_matches_flag
started running util_attribute_matches_flag
finished util_attribute_matches_flag
analyzing gcc-5__Ou__mailutils__imap4d/util_localname
started running util_localname
finished util_localname
removing targets
analyzing gcc-5__Ou__mailutils__imap4d/util_uidvalidity
started running util_uidvalidity
finished util_uidvalidity
analyzing gcc-5__Ou__mailutils__imap4d/util_bye
started running util_bye
finished util_bye
analyzing gcc-5__Ou__mailutils__imap4d/util_chdir
started running util_chdir
finished util_chdir
analyzing gcc-5__Ou__mailutils__imap4d/is_atom
started running is_atom
finished is_atom
analyzing gcc-5__Ou__mailutils__imap4d/set_xscript_level
started running set_xscript_level
finished set_xscript_level
removing targets
analyzing gcc-5__Ou__mailutils__imap4d/mu_tcpwrapper_cfg_init
started running mu_tcpwrapper_cfg_init
finished mu_tcpwrapper_cfg_init
analyzing gcc-5__Ou__mailutils__imap4d/mu_tcpwrapper_access
started running mu_tcpwrapper_access
finished mu_tcpwrapper_access
analyzing gcc-5__Ou__mailutils__imap4d/mu_tcp_wrapper_prefork
started running mu_tcp_wrapper_prefork
analyzing gcc-5__Ou__mailutils__imap4d/stat
started running stat
finished stat
removing targets
