gcc-5__Ou__binutils-2.26__chew have 64 funcs
analyzing gcc-5__Ou__binutils-2.26__chew/deregister_tm_clones
started running deregister_tm_clones
finished deregister_tm_clones
removing targets
analyzing gcc-5__Ou__binutils-2.26__chew/register_tm_clones
started running register_tm_clones
finished register_tm_clones
removing targets
analyzing gcc-5__Ou__binutils-2.26__chew/frame_dummy
started running frame_dummy
finished frame_dummy
removing targets
analyzing gcc-5__Ou__binutils-2.26__chew/init_string_with_size
started running init_string_with_size
finished init_string_with_size
analyzing gcc-5__Ou__binutils-2.26__chew/init_string
started running init_string
finished init_string
analyzing gcc-5__Ou__binutils-2.26__chew/find
started running find
finished find
removing targets
analyzing gcc-5__Ou__binutils-2.26__chew/write_buffer
started running write_buffer
finished write_buffer
removing targets
analyzing gcc-5__Ou__binutils-2.26__chew/delete_string
started running delete_string
finished delete_string
analyzing gcc-5__Ou__binutils-2.26__chew/addr
started running addr
finished addr
analyzing gcc-5__Ou__binutils-2.26__chew/at
started running at
finished at
removing targets
analyzing gcc-5__Ou__binutils-2.26__chew/catchar
started running catchar
finished catchar
removing targets
analyzing gcc-5__Ou__binutils-2.26__chew/overwrite_string
started running overwrite_string
finished overwrite_string
analyzing gcc-5__Ou__binutils-2.26__chew/catbuf
started running catbuf
finished catbuf
removing targets
analyzing gcc-5__Ou__binutils-2.26__chew/cattext
started running cattext
finished cattext
analyzing gcc-5__Ou__binutils-2.26__chew/catstr
started running catstr
finished catstr
analyzing gcc-5__Ou__binutils-2.26__chew/skip_white_and_stars
started running skip_white_and_stars
finished skip_white_and_stars
removing targets
analyzing gcc-5__Ou__binutils-2.26__chew/skip_past_newline_1
started running skip_past_newline_1
finished skip_past_newline_1
removing targets
analyzing gcc-5__Ou__binutils-2.26__chew/die
started running die
finished die
analyzing gcc-5__Ou__binutils-2.26__chew/check_range
started running check_range
finished check_range
removing targets
analyzing gcc-5__Ou__binutils-2.26__chew/icheck_range
started running icheck_range
finished icheck_range
removing targets
analyzing gcc-5__Ou__binutils-2.26__chew/exec
started running exec
finished exec
removing targets
analyzing gcc-5__Ou__binutils-2.26__chew/call
started running call
finished call
analyzing gcc-5__Ou__binutils-2.26__chew/remchar
started running remchar
finished remchar
removing targets
analyzing gcc-5__Ou__binutils-2.26__chew/strip_trailing_newlines
started running strip_trailing_newlines
finished strip_trailing_newlines
removing targets
analyzing gcc-5__Ou__binutils-2.26__chew/push_number
started running push_number
finished push_number
analyzing gcc-5__Ou__binutils-2.26__chew/push_text
started running push_text
finished push_text
analyzing gcc-5__Ou__binutils-2.26__chew/remove_noncomments
started running remove_noncomments
