WARNING | 2021-12-02 01:25:45,558 | cle.backends.externs | Symbol was allocated without a known size; emulation may fail if it is used non-opaquely: mu_mh_context
WARNING | 2021-12-02 01:25:45,559 | cle.backends.externs | Symbol was allocated without a known size; emulation may fail if it is used non-opaquely: mu_maildir_record
WARNING | 2021-12-02 01:25:45,559 | cle.backends.externs | Symbol was allocated without a known size; emulation may fail if it is used non-opaquely: mu_imaps_record
WARNING | 2021-12-02 01:25:45,559 | cle.backends.externs | Symbol was allocated without a known size; emulation may fail if it is used non-opaquely: mu_c_tab
WARNING | 2021-12-02 01:25:45,559 | cle.backends.externs | Symbol was allocated without a known size; emulation may fail if it is used non-opaquely: mu_smtps_record
WARNING | 2021-12-02 01:25:45,559 | cle.backends.externs | Symbol was allocated without a known size; emulation may fail if it is used non-opaquely: mu_nntp_record
WARNING | 2021-12-02 01:25:45,559 | cle.backends.externs | Symbol was allocated without a known size; emulation may fail if it is used non-opaquely: mu_smtp_record
WARNING | 2021-12-02 01:25:45,559 | cle.backends.externs | Symbol was allocated without a known size; emulation may fail if it is used non-opaquely: mu_pops_record
WARNING | 2021-12-02 01:25:45,559 | cle.backends.externs | Symbol was allocated without a known size; emulation may fail if it is used non-opaquely: mu_mh_record
WARNING | 2021-12-02 01:25:45,559 | cle.backends.externs | Symbol was allocated without a known size; emulation may fail if it is used non-opaquely: mu_prog_record
WARNING | 2021-12-02 01:25:45,560 | cle.backends.externs | Symbol was allocated without a known size; emulation may fail if it is used non-opaquely: mu_strin
WARNING | 2021-12-02 01:25:45,560 | cle.backends.externs | Symbol was allocated without a known size; emulation may fail if it is used non-opaquely: mu_pop_record
WARNING | 2021-12-02 01:25:45,560 | cle.backends.externs | Symbol was allocated without a known size; emulation may fail if it is used non-opaquely: mu_mh_profile
WARNING | 2021-12-02 01:25:45,560 | cle.backends.externs | Symbol was allocated without a known size; emulation may fail if it is used non-opaquely: mu_program_name
WARNING | 2021-12-02 01:25:45,560 | cle.backends.externs | Symbol was allocated without a known size; emulation may fail if it is used non-opaquely: mu_sendmail_record
WARNING | 2021-12-02 01:25:45,560 | cle.backends.externs | Symbol was allocated without a known size; emulation may fail if it is used non-opaquely: mu_mbox_record
WARNING | 2021-12-02 01:25:45,560 | cle.backends.externs | Symbol was allocated without a known size; emulation may fail if it is used non-opaquely: mu_imap_record
WARNING | 2021-12-02 01:25:45,560 | cle.backends.externs | Symbol was allocated without a known size; emulation may fail if it is used non-opaquely: mu_strerr
WARNING | 2021-12-02 01:25:45,560 | cle.backends.externs | Symbol was allocated without a known size; emulation may fail if it is used non-opaquely: mu_strout
WARNING | 2021-12-02 01:25:45,560 | cle.backends.externs | Symbol was allocated without a known size; emulation may fail if it is used non-opaquely: mu_version_copyright
WARNING | 2021-12-02 01:25:45,566 | cle.loader | For more information about "Symbol was allocated without a known size", see https://docs.angr.io/extending-angr/environment#simdata
ERROR   | 2021-12-02 01:42:07,139 | root     | b'out of memory'
ERROR   | 2021-12-02 01:42:07,151 | root     | got an error while analyzing print_hdr_segment
ERROR   | 2021-12-02 01:42:15,466 | root     | b'out of memory'
ERROR   | 2021-12-02 01:42:15,471 | root     | got an error while analyzing print_hdr_string
ERROR   | 2021-12-02 01:42:24,849 | root     | b'out of memory'
ERROR   | 2021-12-02 01:42:24,877 | root     | got an error while analyzing print_simple_segment
ERROR   | 2021-12-02 01:43:27,930 | root     | b'out of memory'
ERROR   | 2021-12-02 01:43:27,930 | root     | got an error while analyzing reset_fmt_defaults
ERROR   | 2021-12-02 01:43:28,632 | root     | b'out of memory'
ERROR   | 2021-12-02 01:43:28,632 | root     | got an error while analyzing format_num
ERROR   | 2021-12-02 01:43:29,466 | root     | b'out of memory'
ERROR   | 2021-12-02 01:43:29,466 | root     | got an error while analyzing format_str
ERROR   | 2021-12-02 01:43:49,038 | root     | list index out of range
ERROR   | 2021-12-02 01:43:49,041 | root     | got an error while analyzing mh_fvm_run
ERROR   | 2021-12-02 01:44:23,650 | root     | b'out of memory'
ERROR   | 2021-12-02 01:44:23,650 | root     | got an error while analyzing mh_format_str
ERROR   | 2021-12-02 01:44:25,846 | root     | b'out of memory'
ERROR   | 2021-12-02 01:44:25,847 | root     | got an error while analyzing builtin_msg
ERROR   | 2021-12-02 01:44:26,549 | root     | b'out of memory'
ERROR   | 2021-12-02 01:44:26,549 | root     | got an error while analyzing builtin_cur
ERROR   | 2021-12-02 01:44:35,003 | root     | b'out of memory'
ERROR   | 2021-12-02 01:44:35,006 | root     | got an error while analyzing builtin_size
ERROR   | 2021-12-02 01:50:32,463 | root     | b'out of memory'
ERROR   | 2021-12-02 01:50:32,469 | root     | got an error while analyzing mh_fvm_create
ERROR   | 2021-12-02 01:50:34,267 | root     | b'out of memory'
ERROR   | 2021-12-02 01:50:34,268 | root     | got an error while analyzing mh_fvm_set_output
ERROR   | 2021-12-02 01:50:34,979 | root     | b'out of memory'
ERROR   | 2021-12-02 01:50:34,979 | root     | got an error while analyzing mh_fvm_set_width
ERROR   | 2021-12-02 01:50:35,678 | root     | b'out of memory'
ERROR   | 2021-12-02 01:50:35,678 | root     | got an error while analyzing mh_fvm_set_format
ERROR   | 2021-12-02 01:51:25,471 | root     | b'out of memory'
ERROR   | 2021-12-02 01:51:25,472 | root     | got an error while analyzing part_match
ERROR   | 2021-12-02 01:51:26,203 | root     | b'out of memory'
ERROR   | 2021-12-02 01:51:26,203 | root     | got an error while analyzing match_char_class
ERROR   | 2021-12-02 01:52:48,757 | root     | b'out of memory'
ERROR   | 2021-12-02 01:52:48,761 | root     | got an error while analyzing mh_find_file
ERROR   | 2021-12-02 01:57:45,819 | root     | b'out of memory'
ERROR   | 2021-12-02 01:57:45,819 | root     | got an error while analyzing mh_quote
ERROR   | 2021-12-02 01:59:00,970 | root     | b'out of memory'
ERROR   | 2021-12-02 01:59:00,970 | root     | got an error while analyzing parse_cleartext
ERROR   | 2021-12-02 01:59:01,658 | root     | b'out of memory'
ERROR   | 2021-12-02 01:59:01,658 | root     | got an error while analyzing parse_component
ERROR   | 2021-12-02 01:59:04,614 | root     | b'out of memory'
ERROR   | 2021-12-02 01:59:04,614 | root     | got an error while analyzing mhl_format_destroy
ERROR   | 2021-12-02 02:01:19,474 | root     | b'out of memory'
ERROR   | 2021-12-02 02:01:19,474 | root     | got an error while analyzing want_header
ERROR   | 2021-12-02 02:01:20,245 | root     | b'out of memory'
ERROR   | 2021-12-02 02:01:20,245 | root     | got an error while analyzing eval_var
ERROR   | 2021-12-02 02:01:21,794 | root     | b'out of memory'
ERROR   | 2021-12-02 02:01:21,795 | root     | got an error while analyzing print
ERROR   | 2021-12-02 02:01:22,505 | root     | b'out of memory'
ERROR   | 2021-12-02 02:01:22,505 | root     | got an error while analyzing newline
ERROR   | 2021-12-02 02:01:23,217 | root     | b'out of memory'
ERROR   | 2021-12-02 02:01:23,218 | root     | got an error while analyzing goto_offset
ERROR   | 2021-12-02 02:01:23,924 | root     | b'out of memory'
ERROR   | 2021-12-02 02:01:23,924 | root     | got an error while analyzing print_header_value
ERROR   | 2021-12-02 02:01:24,628 | root     | b'out of memory'
ERROR   | 2021-12-02 02:01:24,628 | root     | got an error while analyzing print_component_name
ERROR   | 2021-12-02 02:01:25,340 | root     | b'out of memory'
ERROR   | 2021-12-02 02:01:25,340 | root     | got an error while analyzing eval_component
ERROR   | 2021-12-02 02:01:26,042 | root     | b'out of memory'
ERROR   | 2021-12-02 02:01:26,042 | root     | got an error while analyzing eval_body
ERROR   | 2021-12-02 02:01:26,752 | root     | b'out of memory'
ERROR   | 2021-12-02 02:01:26,752 | root     | got an error while analyzing eval_extras
ERROR   | 2021-12-02 02:01:27,471 | root     | b'out of memory'
ERROR   | 2021-12-02 02:01:27,471 | root     | got an error while analyzing eval_comp
ERROR   | 2021-12-02 02:02:06,850 | root     | b'out of memory'
ERROR   | 2021-12-02 02:02:06,851 | root     | got an error while analyzing yy_symbol_print
ERROR   | 2021-12-02 02:02:08,268 | root     | b'out of memory'
ERROR   | 2021-12-02 02:02:08,269 | root     | got an error while analyzing yy_reduce_print
ERROR   | 2021-12-02 02:02:08,938 | root     | b'out of memory'
ERROR   | 2021-12-02 02:02:08,938 | root     | got an error while analyzing yytnamerr
ERROR   | 2021-12-02 02:02:09,609 | root     | b'out of memory'
ERROR   | 2021-12-02 02:02:09,609 | root     | got an error while analyzing yysyntax_error
ERROR   | 2021-12-02 02:04:45,849 | root     | b'out of memory'
ERROR   | 2021-12-02 02:04:45,849 | root     | got an error while analyzing token_fmtspec
ERROR   | 2021-12-02 02:16:13,998 | root     | b'out of memory'
ERROR   | 2021-12-02 02:16:14,000 | root     | got an error while analyzing yylex_func
ERROR   | 2021-12-02 02:19:15,986 | root     | b'out of memory'
ERROR   | 2021-12-02 02:19:15,986 | root     | got an error while analyzing mh_format_dump_code
ERROR   | 2021-12-02 02:19:18,836 | root     | b'out of memory'
ERROR   | 2021-12-02 02:19:18,836 | root     | got an error while analyzing printelim
ERROR   | 2021-12-02 02:19:19,513 | root     | b'out of memory'
ERROR   | 2021-12-02 02:19:19,513 | root     | got an error while analyzing ensure_space
ERROR   | 2021-12-02 02:19:20,195 | root     | b'out of memory'
ERROR   | 2021-12-02 02:19:20,195 | root     | got an error while analyzing emit_instr
ERROR   | 2021-12-02 02:19:31,073 | root     | b'out of memory'
ERROR   | 2021-12-02 02:19:31,077 | root     | got an error while analyzing emit_funcall
ERROR   | 2021-12-02 02:21:14,932 | root     | b'out of memory'
ERROR   | 2021-12-02 02:21:14,932 | root     | got an error while analyzing mh_msgset_single_message
ERROR   | 2021-12-02 02:21:28,786 | root     | list index out of range
ERROR   | 2021-12-02 02:21:28,789 | root     | got an error while analyzing emptyrange_abort
ERROR   | 2021-12-02 02:21:35,490 | root     | b'out of memory'
ERROR   | 2021-12-02 02:21:35,490 | root     | got an error while analyzing parse_count
ERROR   | 2021-12-02 02:21:53,516 | root     | b'out of memory'
ERROR   | 2021-12-02 02:21:53,516 | root     | got an error while analyzing parse_term
ERROR   | 2021-12-02 02:22:01,146 | root     | b'out of memory'
ERROR   | 2021-12-02 02:22:01,146 | root     | got an error while analyzing print_short
ERROR   | 2021-12-02 02:22:31,526 | root     | b'out of memory'
ERROR   | 2021-12-02 02:22:31,527 | root     | got an error while analyzing invoke
ERROR   | 2021-12-02 02:22:32,456 | root     | b'out of memory'
ERROR   | 2021-12-02 02:22:32,456 | root     | got an error while analyzing anno
ERROR   | 2021-12-02 02:22:33,354 | root     | b'out of memory'
ERROR   | 2021-12-02 02:22:33,354 | root     | got an error while analyzing annotate
ERROR   | 2021-12-02 02:22:34,284 | root     | b'out of memory'
ERROR   | 2021-12-02 02:22:34,284 | root     | got an error while analyzing display
ERROR   | 2021-12-02 02:22:35,207 | root     | b'out of memory'
ERROR   | 2021-12-02 02:22:35,208 | root     | got an error while analyzing edit
ERROR   | 2021-12-02 02:22:36,133 | root     | b'out of memory'
ERROR   | 2021-12-02 02:22:36,133 | root     | got an error while analyzing list
ERROR   | 2021-12-02 02:22:37,053 | root     | b'out of memory'
ERROR   | 2021-12-02 02:22:37,054 | root     | got an error while analyzing push
ERROR   | 2021-12-02 02:22:37,976 | root     | b'out of memory'
ERROR   | 2021-12-02 02:22:37,976 | root     | got an error while analyzing quit
ERROR   | 2021-12-02 02:22:38,925 | root     | b'out of memory'
ERROR   | 2021-12-02 02:22:38,925 | root     | got an error while analyzing refile
ERROR   | 2021-12-02 02:22:39,814 | root     | b'out of memory'
ERROR   | 2021-12-02 02:22:39,814 | root     | got an error while analyzing call_send
ERROR   | 2021-12-02 02:22:40,719 | root     | b'out of memory'
ERROR   | 2021-12-02 02:22:40,719 | root     | got an error while analyzing whom
ERROR   | 2021-12-02 02:22:41,642 | root     | b'out of memory'
ERROR   | 2021-12-02 02:22:41,642 | root     | got an error while analyzing whatnow_help
ERROR   | 2021-12-02 02:22:42,555 | root     | b'out of memory'
ERROR   | 2021-12-02 02:22:42,555 | root     | got an error while analyzing disp_help
ERROR   | 2021-12-02 02:22:43,463 | root     | b'out of memory'
ERROR   | 2021-12-02 02:22:43,463 | root     | got an error while analyzing use
ERROR   | 2021-12-02 02:22:44,356 | root     | b'out of memory'
ERROR   | 2021-12-02 02:22:44,356 | root     | got an error while analyzing replace
ERROR   | 2021-12-02 02:23:22,964 | root     | b'out of memory'
ERROR   | 2021-12-02 02:23:22,966 | root     | got an error while analyzing mh_whatnowproc
ERROR   | 2021-12-02 02:35:24,956 | root     | b'out of memory'
ERROR   | 2021-12-02 02:35:24,956 | root     | got an error while analyzing mh_whatnow_env_to_environ
ERROR   | 2021-12-02 02:35:28,004 | root     | b'out of memory'
ERROR   | 2021-12-02 02:35:28,004 | root     | got an error while analyzing ali_list_to_string
ERROR   | 2021-12-02 02:36:34,004 | root     | b'out of memory'
ERROR   | 2021-12-02 02:36:34,004 | root     | got an error while analyzing mh_alias_get_alias
ERROR   | 2021-12-02 02:36:41,318 | root     | b'out of memory'
ERROR   | 2021-12-02 02:36:41,318 | root     | got an error while analyzing ali_yylex
ERROR   | 2021-12-02 02:36:41,997 | root     | b'out of memory'
ERROR   | 2021-12-02 02:36:41,997 | root     | got an error while analyzing yy_get_next_buffer
ERROR   | 2021-12-02 02:36:42,680 | root     | b'out of memory'
ERROR   | 2021-12-02 02:36:42,681 | root     | got an error while analyzing yy_get_previous_state
ERROR   | 2021-12-02 02:36:43,363 | root     | b'out of memory'
ERROR   | 2021-12-02 02:36:43,363 | root     | got an error while analyzing yy_try_NUL_trans
ERROR   | 2021-12-02 02:38:58,065 | root     | b'out of memory'
ERROR   | 2021-12-02 02:38:58,065 | root     | got an error while analyzing yy_scan_bytes
ERROR   | 2021-12-02 02:38:59,159 | root     | list index out of range
ERROR   | 2021-12-02 02:38:59,159 | root     | got an error while analyzing yy_fatal_error
