gcc-5__Ou__mailutils__send have 410 funcs
analyzing gcc-5__Ou__mailutils__send/deregister_tm_clones
started running deregister_tm_clones
finished deregister_tm_clones
removing targets
analyzing gcc-5__Ou__mailutils__send/register_tm_clones
started running register_tm_clones
finished register_tm_clones
removing targets
analyzing gcc-5__Ou__mailutils__send/frame_dummy
started running frame_dummy
finished frame_dummy
removing targets
analyzing gcc-5__Ou__mailutils__send/add_alias
started running add_alias
finished add_alias
analyzing gcc-5__Ou__mailutils__send/set_draftfolder
started running set_draftfolder
finished set_draftfolder
analyzing gcc-5__Ou__mailutils__send/add_draftmessage
started running add_draftmessage
finished add_draftmessage
analyzing gcc-5__Ou__mailutils__send/set_split_opt
started running set_split_opt
finished set_split_opt
analyzing gcc-5__Ou__mailutils__send/watch_printf
started running watch_printf
finished watch_printf
removing targets
analyzing gcc-5__Ou__mailutils__send/add_file
started running add_file
finished add_file
removing targets
analyzing gcc-5__Ou__mailutils__send/checkdraft
started running checkdraft
finished checkdraft
analyzing gcc-5__Ou__mailutils__send/elt_fixup
started running elt_fixup
finished elt_fixup
analyzing gcc-5__Ou__mailutils__send/mesg_list_fixup
started running mesg_list_fixup
finished mesg_list_fixup
removing targets
analyzing gcc-5__Ou__mailutils__send/read_mts_profile
started running read_mts_profile
finished read_mts_profile
analyzing gcc-5__Ou__mailutils__send/open_mailer
started running open_mailer
finished open_mailer
analyzing gcc-5__Ou__mailutils__send/create_message_id
started running create_message_id
finished create_message_id
analyzing gcc-5__Ou__mailutils__send/get_sender_personal
started running get_sender_personal
finished get_sender_personal
analyzing gcc-5__Ou__mailutils__send/set_address_header
started running set_address_header
finished set_address_header
analyzing gcc-5__Ou__mailutils__send/expand_aliases
started running expand_aliases
finished expand_aliases
analyzing gcc-5__Ou__mailutils__send/fix_fcc
started running fix_fcc
finished fix_fcc
analyzing gcc-5__Ou__mailutils__send/fix_dcc
started running fix_dcc
finished fix_dcc
analyzing gcc-5__Ou__mailutils__send/backup_file
started running backup_file
finished backup_file
analyzing gcc-5__Ou__mailutils__send/addfolder
started running addfolder
finished addfolder
analyzing gcc-5__Ou__mailutils__send/list_create_or_die
started running list_create_or_die
finished list_create_or_die
analyzing gcc-5__Ou__mailutils__send/ali_list_to_string
started running ali_list_to_string
finished ali_list_to_string
analyzing gcc-5__Ou__mailutils__send/ali_append
started running ali_append
finished ali_append
removing targets
analyzing gcc-5__Ou__mailutils__send/yy_symbol_value_print
started running yy_symbol_value_print
finished yy_symbol_value_print
analyzing gcc-5__Ou__mailutils__send/yy_symbol_print
started running yy_symbol_print
finished yy_symbol_print
removing targets
analyzing gcc-5__Ou__mailutils__send/yy_stack_print
started running yy_stack_print
finished yy_stack_print
analyzing gcc-5__Ou__mailutils__send/yy_reduce_print
started running yy_reduce_print
finished yy_reduce_print
analyzing gcc-5__Ou__mailutils__send/yydestruct
started running yydestruct
finished yydestruct
removing targets
analyzing gcc-5__Ou__mailutils__send/ali_yyparse
started running ali_yyparse
finished ali_yyparse
removing targets
analyzing gcc-5__Ou__mailutils__send/ali_list_dup
started running ali_list_dup
finished ali_list_dup
analyzing gcc-5__Ou__mailutils__send/ali_member
started running ali_member
finished ali_member
analyzing gcc-5__Ou__mailutils__send/aliascmp
started running aliascmp
finished aliascmp
analyzing gcc-5__Ou__mailutils__send/alias_expand_list
started running alias_expand_list
finished alias_expand_list
analyzing gcc-5__Ou__mailutils__send/mh_alias_get_internal
started running mh_alias_get_internal
finished mh_alias_get_internal
removing targets
analyzing gcc-5__Ou__mailutils__send/mh_alias_get
started running mh_alias_get
finished mh_alias_get
analyzing gcc-5__Ou__mailutils__send/mh_alias_get_address
started running mh_alias_get_address
finished mh_alias_get_address
removing targets
analyzing gcc-5__Ou__mailutils__send/mh_alias_get_alias
started running mh_alias_get_alias
finished mh_alias_get_alias
analyzing gcc-5__Ou__mailutils__send/mh_alias_enumerate
started running mh_alias_enumerate
finished mh_alias_enumerate
analyzing gcc-5__Ou__mailutils__send/unix_group_to_list
started running unix_group_to_list
finished unix_group_to_list
analyzing gcc-5__Ou__mailutils__send/unix_gid_to_list
started running unix_gid_to_list
finished unix_gid_to_list
analyzing gcc-5__Ou__mailutils__send/unix_passwd_to_list
started running unix_passwd_to_list
finished unix_passwd_to_list
analyzing gcc-5__Ou__mailutils__send/mh_read_aliases
started running mh_read_aliases
finished mh_read_aliases
removing targets
analyzing gcc-5__Ou__mailutils__send/ali_yyerror
started running ali_yyerror
finished ali_yyerror
analyzing gcc-5__Ou__mailutils__send/ctx_lookup
started running ctx_lookup
finished ctx_lookup
removing targets
analyzing gcc-5__Ou__mailutils__send/push_source
started running push_source
finished push_source
analyzing gcc-5__Ou__mailutils__send/pop_source
started running pop_source
finished pop_source
removing targets
analyzing gcc-5__Ou__mailutils__send/ali_yylex
started running ali_yylex
stopped exploration
finished ali_yylex
removing targets
analyzing gcc-5__Ou__mailutils__send/yy_get_next_buffer
started running yy_get_next_buffer
finished yy_get_next_buffer
removing targets
analyzing gcc-5__Ou__mailutils__send/yy_get_previous_state
started running yy_get_previous_state
finished yy_get_previous_state
removing targets
analyzing gcc-5__Ou__mailutils__send/yy_try_NUL_trans
started running yy_try_NUL_trans
finished yy_try_NUL_trans
removing targets
analyzing gcc-5__Ou__mailutils__send/ali_yyrestart
started running ali_yyrestart
finished ali_yyrestart
removing targets
analyzing gcc-5__Ou__mailutils__send/ali_yy_switch_to_buffer
started running ali_yy_switch_to_buffer
finished ali_yy_switch_to_buffer
analyzing gcc-5__Ou__mailutils__send/ali_yy_load_buffer_state
started running ali_yy_load_buffer_state
finished ali_yy_load_buffer_state
analyzing gcc-5__Ou__mailutils__send/ali_yy_create_buffer
started running ali_yy_create_buffer
finished ali_yy_create_buffer
analyzing gcc-5__Ou__mailutils__send/ali_yy_delete_buffer
started running ali_yy_delete_buffer
finished ali_yy_delete_buffer
removing targets
analyzing gcc-5__Ou__mailutils__send/ali_yy_init_buffer
started running ali_yy_init_buffer
finished ali_yy_init_buffer
analyzing gcc-5__Ou__mailutils__send/ali_yy_flush_buffer
started running ali_yy_flush_buffer
finished ali_yy_flush_buffer
removing targets
analyzing gcc-5__Ou__mailutils__send/yypush_buffer_state
started running yypush_buffer_state
finished yypush_buffer_state
removing targets
analyzing gcc-5__Ou__mailutils__send/yypop_buffer_state
started running yypop_buffer_state
finished yypop_buffer_state
removing targets
analyzing gcc-5__Ou__mailutils__send/yyensure_buffer_stack
started running yyensure_buffer_stack
finished yyensure_buffer_stack
removing targets
analyzing gcc-5__Ou__mailutils__send/yy_scan_buffer
started running yy_scan_buffer
finished yy_scan_buffer
removing targets
analyzing gcc-5__Ou__mailutils__send/yy_scan_string
started running yy_scan_string
finished yy_scan_string
analyzing gcc-5__Ou__mailutils__send/yy_scan_bytes
started running yy_scan_bytes
finished yy_scan_bytes
analyzing gcc-5__Ou__mailutils__send/yy_fatal_error
started running yy_fatal_error
finished yy_fatal_error
analyzing gcc-5__Ou__mailutils__send/yyget_lineno
started running yyget_lineno
finished yyget_lineno
analyzing gcc-5__Ou__mailutils__send/yyget_in
started running yyget_in
finished yyget_in
analyzing gcc-5__Ou__mailutils__send/yyget_out
started running yyget_out
finished yyget_out
analyzing gcc-5__Ou__mailutils__send/yyget_leng
started running yyget_leng
finished yyget_leng
analyzing gcc-5__Ou__mailutils__send/yyget_text
started running yyget_text
finished yyget_text
analyzing gcc-5__Ou__mailutils__send/yyset_lineno
started running yyset_lineno
finished yyset_lineno
analyzing gcc-5__Ou__mailutils__send/yyset_in
started running yyset_in
finished yyset_in
analyzing gcc-5__Ou__mailutils__send/yyset_out
started running yyset_out
finished yyset_out
analyzing gcc-5__Ou__mailutils__send/yyget_debug
started running yyget_debug
finished yyget_debug
analyzing gcc-5__Ou__mailutils__send/yyset_debug
started running yyset_debug
finished yyset_debug
analyzing gcc-5__Ou__mailutils__send/yy_init_globals
started running yy_init_globals
finished yy_init_globals
analyzing gcc-5__Ou__mailutils__send/yylex_destroy
started running yylex_destroy
finished yylex_destroy
removing targets
analyzing gcc-5__Ou__mailutils__send/ali_yyalloc
started running ali_yyalloc
finished ali_yyalloc
analyzing gcc-5__Ou__mailutils__send/ali_yyrealloc
started running ali_yyrealloc
finished ali_yyrealloc
analyzing gcc-5__Ou__mailutils__send/ali_yyfree
started running ali_yyfree
finished ali_yyfree
analyzing gcc-5__Ou__mailutils__send/ali_yywrap
started running ali_yywrap
finished ali_yywrap
analyzing gcc-5__Ou__mailutils__send/mh_alias_read
started running mh_alias_read
finished mh_alias_read
analyzing gcc-5__Ou__mailutils__send/ali_verbatim
started running ali_verbatim
finished ali_verbatim
removing targets
analyzing gcc-5__Ou__mailutils__send/mh_extra_help_hook
started running mh_extra_help_hook
finished mh_extra_help_hook
analyzing gcc-5__Ou__mailutils__send/augment_argv
started running augment_argv
finished augment_argv
analyzing gcc-5__Ou__mailutils__send/process_std_options
started running process_std_options
finished process_std_options
removing targets
analyzing gcc-5__Ou__mailutils__send/process_folder_arg
started running process_folder_arg
finished process_folder_arg
removing targets
analyzing gcc-5__Ou__mailutils__send/mh_opt_set_folder
started running mh_opt_set_folder
finished mh_opt_set_folder
analyzing gcc-5__Ou__mailutils__send/mh_version_hook
started running mh_version_hook
finished mh_version_hook
analyzing gcc-5__Ou__mailutils__send/has_folder_option
started running has_folder_option
finished has_folder_option
removing targets
analyzing gcc-5__Ou__mailutils__send/opt_init
started running opt_init
stopped exploration
finished opt_init
removing targets
analyzing gcc-5__Ou__mailutils__send/mh_getopt_ext
started running mh_getopt_ext
finished mh_getopt_ext
analyzing gcc-5__Ou__mailutils__send/mh_getopt
started running mh_getopt
finished mh_getopt
analyzing gcc-5__Ou__mailutils__send/mh_opt_notimpl
started running mh_opt_notimpl
finished mh_opt_notimpl
analyzing gcc-5__Ou__mailutils__send/mh_opt_notimpl_warning
started running mh_opt_notimpl_warning
finished mh_opt_notimpl_warning
removing targets
analyzing gcc-5__Ou__mailutils__send/mh_opt_clear_string
started running mh_opt_clear_string
finished mh_opt_clear_string
analyzing gcc-5__Ou__mailutils__send/mh_opt_find_file
started running mh_opt_find_file
finished mh_opt_find_file
analyzing gcc-5__Ou__mailutils__send/mh_opt_read_formfile
started running mh_opt_read_formfile
finished mh_opt_read_formfile
analyzing gcc-5__Ou__mailutils__send/mh_opt_parse_formfile
started running mh_opt_parse_formfile
finished mh_opt_parse_formfile
analyzing gcc-5__Ou__mailutils__send/mh_opt_parse_format
started running mh_opt_parse_format
finished mh_opt_parse_format
analyzing gcc-5__Ou__mailutils__send/mh_read_property_file
started running mh_read_property_file
finished mh_read_property_file
analyzing gcc-5__Ou__mailutils__send/prop_merger
started running prop_merger
finished prop_merger
analyzing gcc-5__Ou__mailutils__send/mh_property_merge
started running mh_property_merge
finished mh_property_merge
removing targets
analyzing gcc-5__Ou__mailutils__send/mh_read_profile
started running mh_read_profile
finished mh_read_profile
analyzing gcc-5__Ou__mailutils__send/mh_current_folder
started running mh_current_folder
finished mh_current_folder
analyzing gcc-5__Ou__mailutils__send/mh_set_current_folder
started running mh_set_current_folder
finished mh_set_current_folder
analyzing gcc-5__Ou__mailutils__send/mh_mailbox_get_property
started running mh_mailbox_get_property
finished mh_mailbox_get_property
analyzing gcc-5__Ou__mailutils__send/mh_global_sequences_drop
started running mh_global_sequences_drop
finished mh_global_sequences_drop
analyzing gcc-5__Ou__mailutils__send/mh_global_sequences_get
started running mh_global_sequences_get
finished mh_global_sequences_get
analyzing gcc-5__Ou__mailutils__send/mh_global_sequences_set
started running mh_global_sequences_set
finished mh_global_sequences_set
analyzing gcc-5__Ou__mailutils__send/mh_global_sequences_iterate
started running mh_global_sequences_iterate
finished mh_global_sequences_iterate
analyzing gcc-5__Ou__mailutils__send/mh_global_save_state
started running mh_global_save_state
finished mh_global_save_state
analyzing gcc-5__Ou__mailutils__send/mu_prstr
started running mu_prstr
finished mu_prstr
removing targets
analyzing gcc-5__Ou__mailutils__send/mh_init
started running mh_init
finished mh_init
analyzing gcc-5__Ou__mailutils__send/mh_init2
started running mh_init2
finished mh_init2
analyzing gcc-5__Ou__mailutils__send/mh_err_memory
started running mh_err_memory
finished mh_err_memory
analyzing gcc-5__Ou__mailutils__send/mh_local_mailbox
started running mh_local_mailbox
finished mh_local_mailbox
removing targets
analyzing gcc-5__Ou__mailutils__send/mh_get_my_user_name
started running mh_get_my_user_name
finished mh_get_my_user_name
analyzing gcc-5__Ou__mailutils__send/mh_get_my_real_name
started running mh_get_my_real_name
finished mh_get_my_real_name
analyzing gcc-5__Ou__mailutils__send/mh_my_email
started running mh_my_email
finished mh_my_email
analyzing gcc-5__Ou__mailutils__send/mh_my_host
started running mh_my_host
finished mh_my_host
analyzing gcc-5__Ou__mailutils__send/part_match
started running part_match
stopped exploration
finished part_match
removing targets
analyzing gcc-5__Ou__mailutils__send/match_char_class
started running match_char_class
