gcc-5__Ou__mailutils__show have 379 funcs
analyzing gcc-5__Ou__mailutils__show/deregister_tm_clones
started running deregister_tm_clones
finished deregister_tm_clones
removing targets
analyzing gcc-5__Ou__mailutils__show/register_tm_clones
started running register_tm_clones
finished register_tm_clones
removing targets
analyzing gcc-5__Ou__mailutils__show/frame_dummy
started running frame_dummy
finished frame_dummy
removing targets
analyzing gcc-5__Ou__mailutils__show/addarg
started running addarg
finished addarg
removing targets
analyzing gcc-5__Ou__mailutils__show/insarg
started running insarg
finished insarg
analyzing gcc-5__Ou__mailutils__show/finisarg
started running finisarg
finished finisarg
analyzing gcc-5__Ou__mailutils__show/set_draft
started running set_draft
finished set_draft
removing targets
analyzing gcc-5__Ou__mailutils__show/set_file
started running set_file
finished set_file
removing targets
analyzing gcc-5__Ou__mailutils__show/add_show_arg
started running add_show_arg
finished add_show_arg
analyzing gcc-5__Ou__mailutils__show/resolve_mime
started running resolve_mime
finished resolve_mime
analyzing gcc-5__Ou__mailutils__show/resolve_msg
started running resolve_msg
finished resolve_msg
analyzing gcc-5__Ou__mailutils__show/adduid
started running adduid
finished adduid
analyzing gcc-5__Ou__mailutils__show/printheader
started running printheader
finished printheader
analyzing gcc-5__Ou__mailutils__show/checkfile
started running checkfile
finished checkfile
removing targets
analyzing gcc-5__Ou__mailutils__show/mh_mailbox_get_cur
started running mh_mailbox_get_cur
finished mh_mailbox_get_cur
analyzing gcc-5__Ou__mailutils__show/mh_mailbox_set_cur
started running mh_mailbox_set_cur
finished mh_mailbox_set_cur
analyzing gcc-5__Ou__mailutils__show/mh_extra_help_hook
started running mh_extra_help_hook
finished mh_extra_help_hook
analyzing gcc-5__Ou__mailutils__show/augment_argv
started running augment_argv
finished augment_argv
analyzing gcc-5__Ou__mailutils__show/process_std_options
started running process_std_options
finished process_std_options
removing targets
analyzing gcc-5__Ou__mailutils__show/process_folder_arg
started running process_folder_arg
finished process_folder_arg
removing targets
analyzing gcc-5__Ou__mailutils__show/mh_opt_set_folder
started running mh_opt_set_folder
finished mh_opt_set_folder
analyzing gcc-5__Ou__mailutils__show/mh_version_hook
started running mh_version_hook
finished mh_version_hook
analyzing gcc-5__Ou__mailutils__show/has_folder_option
started running has_folder_option
finished has_folder_option
removing targets
analyzing gcc-5__Ou__mailutils__show/opt_init
started running opt_init
stopped exploration
finished opt_init
removing targets
analyzing gcc-5__Ou__mailutils__show/mh_getopt_ext
started running mh_getopt_ext
finished mh_getopt_ext
analyzing gcc-5__Ou__mailutils__show/mh_getopt
started running mh_getopt
finished mh_getopt
analyzing gcc-5__Ou__mailutils__show/mh_opt_notimpl
started running mh_opt_notimpl
finished mh_opt_notimpl
analyzing gcc-5__Ou__mailutils__show/mh_opt_notimpl_warning
started running mh_opt_notimpl_warning
finished mh_opt_notimpl_warning
removing targets
analyzing gcc-5__Ou__mailutils__show/mh_opt_clear_string
started running mh_opt_clear_string
finished mh_opt_clear_string
analyzing gcc-5__Ou__mailutils__show/mh_opt_find_file
started running mh_opt_find_file
finished mh_opt_find_file
analyzing gcc-5__Ou__mailutils__show/mh_opt_read_formfile
started running mh_opt_read_formfile
finished mh_opt_read_formfile
analyzing gcc-5__Ou__mailutils__show/mh_opt_parse_formfile
started running mh_opt_parse_formfile
finished mh_opt_parse_formfile
analyzing gcc-5__Ou__mailutils__show/mh_opt_parse_format
started running mh_opt_parse_format
finished mh_opt_parse_format
analyzing gcc-5__Ou__mailutils__show/mh_read_property_file
started running mh_read_property_file
finished mh_read_property_file
analyzing gcc-5__Ou__mailutils__show/prop_merger
started running prop_merger
finished prop_merger
analyzing gcc-5__Ou__mailutils__show/mh_property_merge
started running mh_property_merge
finished mh_property_merge
removing targets
analyzing gcc-5__Ou__mailutils__show/mh_read_profile
started running mh_read_profile
finished mh_read_profile
analyzing gcc-5__Ou__mailutils__show/mh_current_folder
started running mh_current_folder
finished mh_current_folder
analyzing gcc-5__Ou__mailutils__show/mh_set_current_folder
started running mh_set_current_folder
finished mh_set_current_folder
analyzing gcc-5__Ou__mailutils__show/mh_mailbox_get_property
started running mh_mailbox_get_property
finished mh_mailbox_get_property
analyzing gcc-5__Ou__mailutils__show/mh_global_sequences_drop
started running mh_global_sequences_drop
finished mh_global_sequences_drop
analyzing gcc-5__Ou__mailutils__show/mh_global_sequences_get
started running mh_global_sequences_get
finished mh_global_sequences_get
analyzing gcc-5__Ou__mailutils__show/mh_global_sequences_set
started running mh_global_sequences_set
finished mh_global_sequences_set
analyzing gcc-5__Ou__mailutils__show/mh_global_sequences_iterate
started running mh_global_sequences_iterate
finished mh_global_sequences_iterate
analyzing gcc-5__Ou__mailutils__show/mh_global_save_state
started running mh_global_save_state
finished mh_global_save_state
analyzing gcc-5__Ou__mailutils__show/mu_prstr
started running mu_prstr
finished mu_prstr
removing targets
analyzing gcc-5__Ou__mailutils__show/mh_init
started running mh_init
finished mh_init
analyzing gcc-5__Ou__mailutils__show/mh_init2
started running mh_init2
finished mh_init2
analyzing gcc-5__Ou__mailutils__show/mh_err_memory
started running mh_err_memory
finished mh_err_memory
analyzing gcc-5__Ou__mailutils__show/mh_local_mailbox
started running mh_local_mailbox
finished mh_local_mailbox
removing targets
analyzing gcc-5__Ou__mailutils__show/mh_get_my_user_name
started running mh_get_my_user_name
finished mh_get_my_user_name
analyzing gcc-5__Ou__mailutils__show/mh_get_my_real_name
started running mh_get_my_real_name
finished mh_get_my_real_name
analyzing gcc-5__Ou__mailutils__show/mh_my_email
started running mh_my_email
finished mh_my_email
analyzing gcc-5__Ou__mailutils__show/mh_my_host
started running mh_my_host
finished mh_my_host
analyzing gcc-5__Ou__mailutils__show/part_match
started running part_match
stopped exploration
finished part_match
removing targets
analyzing gcc-5__Ou__mailutils__show/match_char_class
started running match_char_class
