WARNING | 2021-12-02 01:38:42,993 | cle.backends.externs | Symbol was allocated without a known size; emulation may fail if it is used non-opaquely: mu_mh_context
WARNING | 2021-12-02 01:38:42,993 | cle.backends.externs | Symbol was allocated without a known size; emulation may fail if it is used non-opaquely: mu_maildir_record
WARNING | 2021-12-02 01:38:42,993 | cle.backends.externs | Symbol was allocated without a known size; emulation may fail if it is used non-opaquely: mu_imaps_record
WARNING | 2021-12-02 01:38:42,993 | cle.backends.externs | Symbol was allocated without a known size; emulation may fail if it is used non-opaquely: mu_c_tab
WARNING | 2021-12-02 01:38:42,993 | cle.backends.externs | Symbol was allocated without a known size; emulation may fail if it is used non-opaquely: mu_smtps_record
WARNING | 2021-12-02 01:38:42,994 | cle.backends.externs | Symbol was allocated without a known size; emulation may fail if it is used non-opaquely: mu_nntp_record
WARNING | 2021-12-02 01:38:42,994 | cle.backends.externs | Symbol was allocated without a known size; emulation may fail if it is used non-opaquely: mu_smtp_record
WARNING | 2021-12-02 01:38:42,994 | cle.backends.externs | Symbol was allocated without a known size; emulation may fail if it is used non-opaquely: mu_pops_record
WARNING | 2021-12-02 01:38:42,994 | cle.backends.externs | Symbol was allocated without a known size; emulation may fail if it is used non-opaquely: mu_mh_record
WARNING | 2021-12-02 01:38:42,994 | cle.backends.externs | Symbol was allocated without a known size; emulation may fail if it is used non-opaquely: mu_prog_record
WARNING | 2021-12-02 01:38:42,994 | cle.backends.externs | Symbol was allocated without a known size; emulation may fail if it is used non-opaquely: mu_strin
WARNING | 2021-12-02 01:38:42,994 | cle.backends.externs | Symbol was allocated without a known size; emulation may fail if it is used non-opaquely: mu_pop_record
WARNING | 2021-12-02 01:38:42,994 | cle.backends.externs | Symbol was allocated without a known size; emulation may fail if it is used non-opaquely: mu_mh_profile
WARNING | 2021-12-02 01:38:42,994 | cle.backends.externs | Symbol was allocated without a known size; emulation may fail if it is used non-opaquely: mu_program_name
WARNING | 2021-12-02 01:38:42,994 | cle.backends.externs | Symbol was allocated without a known size; emulation may fail if it is used non-opaquely: mu_sendmail_record
WARNING | 2021-12-02 01:38:42,994 | cle.backends.externs | Symbol was allocated without a known size; emulation may fail if it is used non-opaquely: mu_mbox_record
WARNING | 2021-12-02 01:38:42,994 | cle.backends.externs | Symbol was allocated without a known size; emulation may fail if it is used non-opaquely: mu_imap_record
WARNING | 2021-12-02 01:38:42,995 | cle.backends.externs | Symbol was allocated without a known size; emulation may fail if it is used non-opaquely: mu_strerr
WARNING | 2021-12-02 01:38:42,995 | cle.backends.externs | Symbol was allocated without a known size; emulation may fail if it is used non-opaquely: mu_strout
WARNING | 2021-12-02 01:38:42,995 | cle.backends.externs | Symbol was allocated without a known size; emulation may fail if it is used non-opaquely: mu_version_copyright
WARNING | 2021-12-02 01:38:43,001 | cle.loader | For more information about "Symbol was allocated without a known size", see https://docs.angr.io/extending-angr/environment#simdata
ERROR   | 2021-12-02 02:07:00,492 | root     | b'out of memory'
ERROR   | 2021-12-02 02:07:00,492 | root     | got an error while analyzing part_match
ERROR   | 2021-12-02 02:07:01,065 | root     | b'out of memory'
ERROR   | 2021-12-02 02:07:01,065 | root     | got an error while analyzing match_char_class
ERROR   | 2021-12-02 02:07:59,640 | root     | b'out of memory'
ERROR   | 2021-12-02 02:07:59,640 | root     | got an error while analyzing mh_find_file
ERROR   | 2021-12-02 02:08:00,740 | root     | b'out of memory'
ERROR   | 2021-12-02 02:08:00,740 | root     | got an error while analyzing mh_spawnp
ERROR   | 2021-12-02 02:09:29,375 | root     | b'out of memory'
ERROR   | 2021-12-02 02:09:29,375 | root     | got an error while analyzing mh_quote
ERROR   | 2021-12-02 02:09:41,575 | root     | b'out of memory'
ERROR   | 2021-12-02 02:09:41,575 | root     | got an error while analyzing mu_locus_point_same_file
ERROR   | 2021-12-02 02:09:42,425 | root     | b'out of memory'
ERROR   | 2021-12-02 02:09:42,425 | root     | got an error while analyzing mu_locus_point_same_line
ERROR   | 2021-12-02 02:09:43,261 | root     | b'out of memory'
ERROR   | 2021-12-02 02:09:43,264 | root     | got an error while analyzing mu_locus_point_eq
ERROR   | 2021-12-02 02:09:43,929 | root     | b'out of memory'
ERROR   | 2021-12-02 02:09:43,929 | root     | got an error while analyzing ctx_push
ERROR   | 2021-12-02 02:09:50,224 | root     | b'out of memory'
ERROR   | 2021-12-02 02:09:50,225 | root     | got an error while analyzing yy_symbol_print
ERROR   | 2021-12-02 02:09:51,106 | root     | b'out of memory'
ERROR   | 2021-12-02 02:09:51,106 | root     | got an error while analyzing yy_stack_print
ERROR   | 2021-12-02 02:09:51,745 | root     | b'out of memory'
ERROR   | 2021-12-02 02:09:51,745 | root     | got an error while analyzing yy_reduce_print
ERROR   | 2021-12-02 02:09:52,365 | root     | b'out of memory'
ERROR   | 2021-12-02 02:09:52,366 | root     | got an error while analyzing yytnamerr
ERROR   | 2021-12-02 02:09:52,996 | root     | b'out of memory'
ERROR   | 2021-12-02 02:09:52,996 | root     | got an error while analyzing yysyntax_error
ERROR   | 2021-12-02 02:09:59,854 | root     | b'out of memory'
ERROR   | 2021-12-02 02:09:59,854 | root     | got an error while analyzing skip
ERROR   | 2021-12-02 02:10:08,842 | root     | list index out of range
ERROR   | 2021-12-02 02:10:08,842 | root     | got an error while analyzing fmt_yylex
ERROR   | 2021-12-02 02:10:09,952 | root     | b'out of memory'
ERROR   | 2021-12-02 02:10:09,952 | root     | got an error while analyzing token_fmtspec
ERROR   | 2021-12-02 02:10:11,106 | root     | b'out of memory'
ERROR   | 2021-12-02 02:10:11,106 | root     | got an error while analyzing token_function
ERROR   | 2021-12-02 02:10:11,949 | root     | b'out of memory'
ERROR   | 2021-12-02 02:10:11,949 | root     | got an error while analyzing token_component
ERROR   | 2021-12-02 02:10:18,640 | root     | b'out of memory'
ERROR   | 2021-12-02 02:10:18,640 | root     | got an error while analyzing yylex_func
ERROR   | 2021-12-02 02:10:19,992 | root     | b'out of memory'
ERROR   | 2021-12-02 02:10:19,992 | root     | got an error while analyzing format_parse
ERROR   | 2021-12-02 02:10:21,781 | root     | b'out of memory'
ERROR   | 2021-12-02 02:10:21,781 | root     | got an error while analyzing mh_read_formfile
ERROR   | 2021-12-02 02:10:24,117 | root     | b'out of memory'
ERROR   | 2021-12-02 02:10:24,117 | root     | got an error while analyzing new_node
ERROR   | 2021-12-02 02:10:24,907 | root     | b'out of memory'
ERROR   | 2021-12-02 02:10:24,907 | root     | got an error while analyzing node_free
ERROR   | 2021-12-02 02:10:25,697 | root     | b'out of memory'
ERROR   | 2021-12-02 02:10:25,697 | root     | got an error while analyzing node_list_free
ERROR   | 2021-12-02 02:10:26,451 | root     | b'out of memory'
ERROR   | 2021-12-02 02:10:26,452 | root     | got an error while analyzing typecast
ERROR   | 2021-12-02 02:10:32,314 | root     | b'out of memory'
ERROR   | 2021-12-02 02:10:32,314 | root     | got an error while analyzing dump_statement
ERROR   | 2021-12-02 02:10:32,954 | root     | b'out of memory'
ERROR   | 2021-12-02 02:10:32,955 | root     | got an error while analyzing mh_format_dump_code
ERROR   | 2021-12-02 02:10:33,743 | root     | b'out of memory'
ERROR   | 2021-12-02 02:10:33,743 | root     | got an error while analyzing mh_format_free_tree
ERROR   | 2021-12-02 02:10:34,538 | root     | b'out of memory'
ERROR   | 2021-12-02 02:10:34,539 | root     | got an error while analyzing mh_format_free
ERROR   | 2021-12-02 02:10:35,327 | root     | b'out of memory'
ERROR   | 2021-12-02 02:10:35,327 | root     | got an error while analyzing mh_format_destroy
ERROR   | 2021-12-02 02:10:35,951 | root     | b'out of memory'
ERROR   | 2021-12-02 02:10:35,951 | root     | got an error while analyzing printelim
ERROR   | 2021-12-02 02:10:36,568 | root     | b'out of memory'
ERROR   | 2021-12-02 02:10:36,569 | root     | got an error while analyzing ensure_space
ERROR   | 2021-12-02 02:10:37,206 | root     | b'out of memory'
ERROR   | 2021-12-02 02:10:37,206 | root     | got an error while analyzing emit_instr
ERROR   | 2021-12-02 02:10:38,450 | root     | b'out of memory'
ERROR   | 2021-12-02 02:10:38,450 | root     | got an error while analyzing emit_string
ERROR   | 2021-12-02 02:10:40,103 | root     | b'out of memory'
ERROR   | 2021-12-02 02:10:40,103 | root     | got an error while analyzing emit_special
ERROR   | 2021-12-02 02:10:40,751 | root     | b'out of memory'
ERROR   | 2021-12-02 02:10:40,751 | root     | got an error while analyzing emit_funcall
ERROR   | 2021-12-02 02:10:41,505 | root     | b'out of memory'
ERROR   | 2021-12-02 02:10:41,506 | root     | got an error while analyzing codegen_node
ERROR   | 2021-12-02 02:10:42,269 | root     | b'out of memory'
ERROR   | 2021-12-02 02:10:42,270 | root     | got an error while analyzing codegen_nodelist
ERROR   | 2021-12-02 02:10:42,897 | root     | b'out of memory'
ERROR   | 2021-12-02 02:10:42,897 | root     | got an error while analyzing codegen
ERROR   | 2021-12-02 02:10:56,791 | root     | b'out of memory'
ERROR   | 2021-12-02 02:10:56,791 | root     | got an error while analyzing mh_msgset_single_message
ERROR   | 2021-12-02 02:10:57,633 | root     | b'out of memory'
ERROR   | 2021-12-02 02:10:57,633 | root     | got an error while analyzing msgset_parser_init
ERROR   | 2021-12-02 02:10:58,426 | root     | b'out of memory'
ERROR   | 2021-12-02 02:10:58,427 | root     | got an error while analyzing msgset_abort
ERROR   | 2021-12-02 02:10:59,216 | root     | b'out of memory'
ERROR   | 2021-12-02 02:10:59,217 | root     | got an error while analyzing emptyrange_abort
ERROR   | 2021-12-02 02:10:59,843 | root     | b'out of memory'
ERROR   | 2021-12-02 02:10:59,843 | root     | got an error while analyzing nextarg
ERROR   | 2021-12-02 02:11:00,485 | root     | b'out of memory'
ERROR   | 2021-12-02 02:11:00,485 | root     | got an error while analyzing parse_count
ERROR   | 2021-12-02 02:11:01,109 | root     | b'out of memory'
ERROR   | 2021-12-02 02:11:01,109 | root     | got an error while analyzing msgset_first
ERROR   | 2021-12-02 02:11:03,129 | root     | b'out of memory'
ERROR   | 2021-12-02 02:11:03,129 | root     | got an error while analyzing msgset_prev
ERROR   | 2021-12-02 02:11:03,795 | root     | b'out of memory'
ERROR   | 2021-12-02 02:11:03,795 | root     | got an error while analyzing msgset_next
ERROR   | 2021-12-02 02:11:04,443 | root     | b'out of memory'
ERROR   | 2021-12-02 02:11:04,443 | root     | got an error while analyzing parse_term
ERROR   | 2021-12-02 02:11:05,605 | root     | b'out of memory'
ERROR   | 2021-12-02 02:11:05,605 | root     | got an error while analyzing add_messages
ERROR   | 2021-12-02 02:11:06,576 | root     | b'out of memory'
ERROR   | 2021-12-02 02:11:06,576 | root     | got an error while analyzing parse_range
ERROR   | 2021-12-02 02:11:09,779 | root     | b'out of memory'
ERROR   | 2021-12-02 02:11:09,780 | root     | got an error while analyzing mh_msgset_parse
ERROR   | 2021-12-02 02:11:15,172 | root     | list index out of range
ERROR   | 2021-12-02 02:11:15,173 | root     | got an error while analyzing addrcp
ERROR   | 2021-12-02 02:11:16,685 | root     | b'out of memory'
ERROR   | 2021-12-02 02:11:16,685 | root     | got an error while analyzing mh_alias_expand
ERROR   | 2021-12-02 02:11:18,040 | root     | b'out of memory'
ERROR   | 2021-12-02 02:11:18,040 | root     | got an error while analyzing destroy_addrs
ERROR   | 2021-12-02 02:11:18,684 | root     | b'out of memory'
ERROR   | 2021-12-02 02:11:18,684 | root     | got an error while analyzing print_readable
ERROR   | 2021-12-02 02:11:31,928 | root     | b'out of memory'
ERROR   | 2021-12-02 02:11:31,928 | root     | got an error while analyzing mh_whom_file
ERROR   | 2021-12-02 02:11:33,800 | root     | b'out of memory'
ERROR   | 2021-12-02 02:11:33,801 | root     | got an error while analyzing mh_mailbox_get_cur
ERROR   | 2021-12-02 02:11:36,442 | root     | b'out of memory'
ERROR   | 2021-12-02 02:11:36,442 | root     | got an error while analyzing ali_list_to_string
ERROR   | 2021-12-02 02:11:54,820 | root     | b'out of memory'
ERROR   | 2021-12-02 02:11:54,820 | root     | got an error while analyzing mh_alias_get_internal
ERROR   | 2021-12-02 02:11:56,188 | root     | b'out of memory'
ERROR   | 2021-12-02 02:11:56,188 | root     | got an error while analyzing mh_alias_get_address
ERROR   | 2021-12-02 02:11:57,245 | root     | b'out of memory'
ERROR   | 2021-12-02 02:11:57,246 | root     | got an error while analyzing mh_alias_get_alias
ERROR   | 2021-12-02 02:11:58,318 | root     | b'out of memory'
ERROR   | 2021-12-02 02:11:58,319 | root     | got an error while analyzing mh_alias_enumerate
ERROR   | 2021-12-02 02:11:59,125 | root     | b'out of memory'
ERROR   | 2021-12-02 02:11:59,125 | root     | got an error while analyzing unix_group_to_list
ERROR   | 2021-12-02 02:12:00,108 | root     | b'out of memory'
ERROR   | 2021-12-02 02:12:00,108 | root     | got an error while analyzing unix_gid_to_list
ERROR   | 2021-12-02 02:12:00,871 | root     | b'out of memory'
ERROR   | 2021-12-02 02:12:00,872 | root     | got an error while analyzing unix_passwd_to_list
ERROR   | 2021-12-02 02:12:02,015 | root     | b'out of memory'
ERROR   | 2021-12-02 02:12:02,015 | root     | got an error while analyzing mh_read_aliases
ERROR   | 2021-12-02 02:12:02,639 | root     | b'out of memory'
ERROR   | 2021-12-02 02:12:02,639 | root     | got an error while analyzing mh_string_init
ERROR   | 2021-12-02 02:12:03,252 | root     | b'out of memory'
ERROR   | 2021-12-02 02:12:03,253 | root     | got an error while analyzing mh_string_free
ERROR   | 2021-12-02 02:12:03,863 | root     | b'out of memory'
ERROR   | 2021-12-02 02:12:03,863 | root     | got an error while analyzing mh_string_realloc
ERROR   | 2021-12-02 02:12:04,476 | root     | b'out of memory'
ERROR   | 2021-12-02 02:12:04,477 | root     | got an error while analyzing mh_string_is_null
ERROR   | 2021-12-02 02:12:05,289 | root     | b'out of memory'
ERROR   | 2021-12-02 02:12:05,289 | root     | got an error while analyzing mh_string_length
ERROR   | 2021-12-02 02:12:06,099 | root     | b'out of memory'
ERROR   | 2021-12-02 02:12:06,099 | root     | got an error while analyzing mh_string_value
ERROR   | 2021-12-02 02:12:10,448 | root     | b'out of memory'
ERROR   | 2021-12-02 02:12:10,449 | root     | got an error while analyzing mh_string_load
ERROR   | 2021-12-02 02:12:11,087 | root     | b'out of memory'
ERROR   | 2021-12-02 02:12:11,087 | root     | got an error while analyzing mh_string_copy
ERROR   | 2021-12-02 02:12:11,718 | root     | b'out of memory'
ERROR   | 2021-12-02 02:12:11,718 | root     | got an error while analyzing output_width
ERROR   | 2021-12-02 02:12:14,577 | root     | b'out of memory'
ERROR   | 2021-12-02 02:12:14,578 | root     | got an error while analyzing compress_ws
ERROR   | 2021-12-02 02:12:15,433 | root     | b'out of memory'
ERROR   | 2021-12-02 02:12:15,433 | root     | got an error while analyzing put_string
ERROR   | 2021-12-02 02:12:16,225 | root     | b'out of memory'
ERROR   | 2021-12-02 02:12:16,226 | root     | got an error while analyzing print_hdr_segment
ERROR   | 2021-12-02 02:12:17,321 | root     | b'out of memory'
ERROR   | 2021-12-02 02:12:17,322 | root     | got an error while analyzing print_hdr_string
ERROR   | 2021-12-02 02:12:18,633 | root     | b'out of memory'
ERROR   | 2021-12-02 02:12:18,634 | root     | got an error while analyzing print_simple_segment
ERROR   | 2021-12-02 02:12:19,649 | root     | b'out of memory'
ERROR   | 2021-12-02 02:12:19,649 | root     | got an error while analyzing print_string
ERROR   | 2021-12-02 02:12:21,392 | root     | b'out of memory'
ERROR   | 2021-12-02 02:12:21,393 | root     | got an error while analyzing print_fmt_string
ERROR   | 2021-12-02 02:12:22,017 | root     | b'out of memory'
ERROR   | 2021-12-02 02:12:22,017 | root     | got an error while analyzing reset_fmt_defaults
ERROR   | 2021-12-02 02:12:22,655 | root     | b'out of memory'
ERROR   | 2021-12-02 02:12:22,656 | root     | got an error while analyzing format_num
ERROR   | 2021-12-02 02:12:23,429 | root     | b'out of memory'
ERROR   | 2021-12-02 02:12:23,429 | root     | got an error while analyzing format_str
ERROR   | 2021-12-02 02:12:30,948 | root     | list index out of range
ERROR   | 2021-12-02 02:12:30,948 | root     | got an error while analyzing mh_fvm_run
ERROR   | 2021-12-02 02:12:31,768 | root     | b'out of memory'
ERROR   | 2021-12-02 02:12:31,768 | root     | got an error while analyzing msg_uid_1
ERROR   | 2021-12-02 02:12:42,133 | root     | b'out of memory'
ERROR   | 2021-12-02 02:12:42,133 | root     | got an error while analyzing mh_format_str
ERROR   | 2021-12-02 02:12:43,335 | root     | b'out of memory'
ERROR   | 2021-12-02 02:12:43,336 | root     | got an error while analyzing builtin_msg
ERROR   | 2021-12-02 02:12:43,979 | root     | b'out of memory'
ERROR   | 2021-12-02 02:12:43,979 | root     | got an error while analyzing builtin_cur
ERROR   | 2021-12-02 02:12:44,630 | root     | b'out of memory'
ERROR   | 2021-12-02 02:12:44,630 | root     | got an error while analyzing builtin_size
ERROR   | 2021-12-02 02:12:45,267 | root     | b'out of memory'
ERROR   | 2021-12-02 02:12:45,267 | root     | got an error while analyzing builtin_strlen
ERROR   | 2021-12-02 02:12:45,895 | root     | b'out of memory'
ERROR   | 2021-12-02 02:12:45,895 | root     | got an error while analyzing builtin_width
ERROR   | 2021-12-02 02:12:46,532 | root     | b'out of memory'
ERROR   | 2021-12-02 02:12:46,532 | root     | got an error while analyzing builtin_charleft
ERROR   | 2021-12-02 02:12:47,186 | root     | b'out of memory'
ERROR   | 2021-12-02 02:12:47,186 | root     | got an error while analyzing builtin_timenow
ERROR   | 2021-12-02 02:12:50,099 | root     | b'out of memory'
ERROR   | 2021-12-02 02:12:50,099 | root     | got an error while analyzing builtin_eq
ERROR   | 2021-12-02 02:12:53,100 | root     | list index out of range
ERROR   | 2021-12-02 02:12:53,100 | root     | got an error while analyzing builtin_ne
ERROR   | 2021-12-02 02:12:53,735 | root     | b'out of memory'
ERROR   | 2021-12-02 02:12:53,735 | root     | got an error while analyzing builtin_gt
ERROR   | 2021-12-02 02:12:54,386 | root     | b'out of memory'
ERROR   | 2021-12-02 02:12:54,386 | root     | got an error while analyzing builtin_match
ERROR   | 2021-12-02 02:12:55,054 | root     | b'out of memory'
ERROR   | 2021-12-02 02:12:55,054 | root     | got an error while analyzing builtin_amatch
ERROR   | 2021-12-02 02:12:55,685 | root     | b'out of memory'
ERROR   | 2021-12-02 02:12:55,685 | root     | got an error while analyzing builtin_plus
ERROR   | 2021-12-02 02:12:56,317 | root     | b'out of memory'
ERROR   | 2021-12-02 02:12:56,317 | root     | got an error while analyzing builtin_minus
ERROR   | 2021-12-02 02:12:56,963 | root     | b'out of memory'
ERROR   | 2021-12-02 02:12:56,963 | root     | got an error while analyzing builtin_divide
ERROR   | 2021-12-02 02:12:57,594 | root     | b'out of memory'
ERROR   | 2021-12-02 02:12:57,594 | root     | got an error while analyzing builtin_modulo
ERROR   | 2021-12-02 02:12:59,402 | root     | b'out of memory'
ERROR   | 2021-12-02 02:12:59,402 | root     | got an error while analyzing builtin_nonzero
ERROR   | 2021-12-02 02:13:00,042 | root     | b'out of memory'
ERROR   | 2021-12-02 02:13:00,042 | root     | got an error while analyzing builtin_zero
ERROR   | 2021-12-02 02:13:00,682 | root     | b'out of memory'
ERROR   | 2021-12-02 02:13:00,682 | root     | got an error while analyzing builtin_null
ERROR   | 2021-12-02 02:13:01,332 | root     | b'out of memory'
ERROR   | 2021-12-02 02:13:01,332 | root     | got an error while analyzing builtin_nonnull
ERROR   | 2021-12-02 02:13:02,550 | root     | b'out of memory'
ERROR   | 2021-12-02 02:13:02,550 | root     | got an error while analyzing builtin_compval
ERROR   | 2021-12-02 02:13:03,416 | root     | b'out of memory'
ERROR   | 2021-12-02 02:13:03,417 | root     | got an error while analyzing builtin_trim
ERROR   | 2021-12-02 02:13:04,073 | root     | b'out of memory'
ERROR   | 2021-12-02 02:13:04,073 | root     | got an error while analyzing builtin_sec
ERROR   | 2021-12-02 02:13:04,720 | root     | b'out of memory'
ERROR   | 2021-12-02 02:13:04,721 | root     | got an error while analyzing builtin_min
ERROR   | 2021-12-02 02:13:05,376 | root     | b'out of memory'
ERROR   | 2021-12-02 02:13:05,376 | root     | got an error while analyzing builtin_hour
ERROR   | 2021-12-02 02:13:06,036 | root     | b'out of memory'
ERROR   | 2021-12-02 02:13:06,037 | root     | got an error while analyzing builtin_wday
ERROR   | 2021-12-02 02:13:21,296 | root     | list index out of range
ERROR   | 2021-12-02 02:13:21,296 | root     | got an error while analyzing builtin_dst
ERROR   | 2021-12-02 02:13:21,903 | root     | b'out of memory'
ERROR   | 2021-12-02 02:13:21,903 | root     | got an error while analyzing builtin_clock
ERROR   | 2021-12-02 02:13:22,534 | root     | b'out of memory'
ERROR   | 2021-12-02 02:13:22,534 | root     | got an error while analyzing builtin_rclock
ERROR   | 2021-12-02 02:13:26,198 | root     | b'out of memory'
ERROR   | 2021-12-02 02:13:26,199 | root     | got an error while analyzing builtin_nodate
ERROR   | 2021-12-02 02:13:36,233 | root     | b'out of memory'
ERROR   | 2021-12-02 02:13:36,233 | root     | got an error while analyzing builtin_mbox
ERROR   | 2021-12-02 02:13:40,249 | root     | b'out of memory'
ERROR   | 2021-12-02 02:13:40,250 | root     | got an error while analyzing builtin_ingrp
ERROR   | 2021-12-02 02:13:48,487 | root     | b'out of memory'
ERROR   | 2021-12-02 02:13:48,488 | root     | got an error while analyzing builtin_in_reply_to
ERROR   | 2021-12-02 02:13:49,092 | root     | b'out of memory'
ERROR   | 2021-12-02 02:13:49,092 | root     | got an error while analyzing builtin_references
ERROR   | 2021-12-02 02:13:52,829 | root     | b'out of memory'
ERROR   | 2021-12-02 02:13:52,829 | root     | got an error while analyzing comp_pc
ERROR   | 2021-12-02 02:13:53,420 | root     | b'out of memory'
ERROR   | 2021-12-02 02:13:53,420 | root     | got an error while analyzing extract_labels
ERROR   | 2021-12-02 02:13:54,718 | root     | b'out of memory'
ERROR   | 2021-12-02 02:13:54,718 | root     | got an error while analyzing mh_format_dump_disass
ERROR   | 2021-12-02 02:13:55,319 | root     | b'out of memory'
ERROR   | 2021-12-02 02:13:55,320 | root     | got an error while analyzing mh_fvm_create
ERROR   | 2021-12-02 02:13:56,560 | root     | b'out of memory'
ERROR   | 2021-12-02 02:13:56,560 | root     | got an error while analyzing mh_fvm_set_output
ERROR   | 2021-12-02 02:13:57,150 | root     | b'out of memory'
ERROR   | 2021-12-02 02:13:57,150 | root     | got an error while analyzing mh_fvm_set_width
ERROR   | 2021-12-02 02:13:57,737 | root     | b'out of memory'
ERROR   | 2021-12-02 02:13:57,737 | root     | got an error while analyzing mh_fvm_set_format
