gcc-5__Ou__mailutils__whom have 361 funcs
analyzing gcc-5__Ou__mailutils__whom/deregister_tm_clones
started running deregister_tm_clones
finished deregister_tm_clones
removing targets
analyzing gcc-5__Ou__mailutils__whom/register_tm_clones
started running register_tm_clones
finished register_tm_clones
removing targets
analyzing gcc-5__Ou__mailutils__whom/frame_dummy
started running frame_dummy
finished frame_dummy
removing targets
analyzing gcc-5__Ou__mailutils__whom/add_alias
started running add_alias
finished add_alias
analyzing gcc-5__Ou__mailutils__whom/set_draftmessage
started running set_draftmessage
finished set_draftmessage
removing targets
analyzing gcc-5__Ou__mailutils__whom/ali_yyerror
started running ali_yyerror
finished ali_yyerror
analyzing gcc-5__Ou__mailutils__whom/ctx_lookup
started running ctx_lookup
finished ctx_lookup
removing targets
analyzing gcc-5__Ou__mailutils__whom/push_source
started running push_source
finished push_source
analyzing gcc-5__Ou__mailutils__whom/pop_source
started running pop_source
finished pop_source
removing targets
analyzing gcc-5__Ou__mailutils__whom/ali_yylex
started running ali_yylex
stopped exploration
finished ali_yylex
removing targets
analyzing gcc-5__Ou__mailutils__whom/yy_get_next_buffer
started running yy_get_next_buffer
finished yy_get_next_buffer
removing targets
analyzing gcc-5__Ou__mailutils__whom/yy_get_previous_state
started running yy_get_previous_state
finished yy_get_previous_state
removing targets
analyzing gcc-5__Ou__mailutils__whom/yy_try_NUL_trans
started running yy_try_NUL_trans
finished yy_try_NUL_trans
removing targets
analyzing gcc-5__Ou__mailutils__whom/ali_yyrestart
started running ali_yyrestart
finished ali_yyrestart
removing targets
analyzing gcc-5__Ou__mailutils__whom/ali_yy_switch_to_buffer
started running ali_yy_switch_to_buffer
finished ali_yy_switch_to_buffer
analyzing gcc-5__Ou__mailutils__whom/ali_yy_load_buffer_state
started running ali_yy_load_buffer_state
finished ali_yy_load_buffer_state
analyzing gcc-5__Ou__mailutils__whom/ali_yy_create_buffer
started running ali_yy_create_buffer
finished ali_yy_create_buffer
analyzing gcc-5__Ou__mailutils__whom/ali_yy_delete_buffer
started running ali_yy_delete_buffer
finished ali_yy_delete_buffer
removing targets
analyzing gcc-5__Ou__mailutils__whom/ali_yy_init_buffer
started running ali_yy_init_buffer
finished ali_yy_init_buffer
analyzing gcc-5__Ou__mailutils__whom/ali_yy_flush_buffer
started running ali_yy_flush_buffer
finished ali_yy_flush_buffer
removing targets
analyzing gcc-5__Ou__mailutils__whom/yypush_buffer_state
started running yypush_buffer_state
finished yypush_buffer_state
removing targets
analyzing gcc-5__Ou__mailutils__whom/yypop_buffer_state
started running yypop_buffer_state
finished yypop_buffer_state
removing targets
analyzing gcc-5__Ou__mailutils__whom/yyensure_buffer_stack
started running yyensure_buffer_stack
finished yyensure_buffer_stack
removing targets
analyzing gcc-5__Ou__mailutils__whom/yy_scan_buffer
started running yy_scan_buffer
finished yy_scan_buffer
removing targets
analyzing gcc-5__Ou__mailutils__whom/yy_scan_string
started running yy_scan_string
finished yy_scan_string
analyzing gcc-5__Ou__mailutils__whom/yy_scan_bytes
started running yy_scan_bytes
finished yy_scan_bytes
analyzing gcc-5__Ou__mailutils__whom/yy_fatal_error
started running yy_fatal_error
finished yy_fatal_error
analyzing gcc-5__Ou__mailutils__whom/yyget_lineno
started running yyget_lineno
finished yyget_lineno
analyzing gcc-5__Ou__mailutils__whom/yyget_in
started running yyget_in
finished yyget_in
analyzing gcc-5__Ou__mailutils__whom/yyget_out
started running yyget_out
finished yyget_out
analyzing gcc-5__Ou__mailutils__whom/yyget_leng
started running yyget_leng
finished yyget_leng
analyzing gcc-5__Ou__mailutils__whom/yyget_text
started running yyget_text
finished yyget_text
analyzing gcc-5__Ou__mailutils__whom/yyset_lineno
started running yyset_lineno
finished yyset_lineno
analyzing gcc-5__Ou__mailutils__whom/yyset_in
started running yyset_in
finished yyset_in
analyzing gcc-5__Ou__mailutils__whom/yyset_out
started running yyset_out
finished yyset_out
analyzing gcc-5__Ou__mailutils__whom/yyget_debug
started running yyget_debug
finished yyget_debug
analyzing gcc-5__Ou__mailutils__whom/yyset_debug
started running yyset_debug
finished yyset_debug
analyzing gcc-5__Ou__mailutils__whom/yy_init_globals
started running yy_init_globals
finished yy_init_globals
analyzing gcc-5__Ou__mailutils__whom/yylex_destroy
started running yylex_destroy
finished yylex_destroy
removing targets
analyzing gcc-5__Ou__mailutils__whom/ali_yyalloc
started running ali_yyalloc
finished ali_yyalloc
analyzing gcc-5__Ou__mailutils__whom/ali_yyrealloc
started running ali_yyrealloc
finished ali_yyrealloc
analyzing gcc-5__Ou__mailutils__whom/ali_yyfree
started running ali_yyfree
finished ali_yyfree
analyzing gcc-5__Ou__mailutils__whom/ali_yywrap
started running ali_yywrap
finished ali_yywrap
analyzing gcc-5__Ou__mailutils__whom/mh_alias_read
started running mh_alias_read
finished mh_alias_read
analyzing gcc-5__Ou__mailutils__whom/ali_verbatim
started running ali_verbatim
finished ali_verbatim
removing targets
analyzing gcc-5__Ou__mailutils__whom/mh_extra_help_hook
started running mh_extra_help_hook
finished mh_extra_help_hook
analyzing gcc-5__Ou__mailutils__whom/augment_argv
started running augment_argv
finished augment_argv
analyzing gcc-5__Ou__mailutils__whom/process_std_options
started running process_std_options
finished process_std_options
removing targets
analyzing gcc-5__Ou__mailutils__whom/process_folder_arg
started running process_folder_arg
finished process_folder_arg
removing targets
analyzing gcc-5__Ou__mailutils__whom/mh_opt_set_folder
started running mh_opt_set_folder
finished mh_opt_set_folder
analyzing gcc-5__Ou__mailutils__whom/mh_version_hook
started running mh_version_hook
finished mh_version_hook
analyzing gcc-5__Ou__mailutils__whom/has_folder_option
started running has_folder_option
finished has_folder_option
removing targets
analyzing gcc-5__Ou__mailutils__whom/opt_init
started running opt_init
stopped exploration
finished opt_init
removing targets
analyzing gcc-5__Ou__mailutils__whom/mh_getopt_ext
started running mh_getopt_ext
finished mh_getopt_ext
analyzing gcc-5__Ou__mailutils__whom/mh_getopt
started running mh_getopt
finished mh_getopt
analyzing gcc-5__Ou__mailutils__whom/mh_opt_notimpl
started running mh_opt_notimpl
finished mh_opt_notimpl
analyzing gcc-5__Ou__mailutils__whom/mh_opt_notimpl_warning
started running mh_opt_notimpl_warning
finished mh_opt_notimpl_warning
removing targets
analyzing gcc-5__Ou__mailutils__whom/mh_opt_clear_string
started running mh_opt_clear_string
finished mh_opt_clear_string
analyzing gcc-5__Ou__mailutils__whom/mh_opt_find_file
started running mh_opt_find_file
finished mh_opt_find_file
analyzing gcc-5__Ou__mailutils__whom/mh_opt_read_formfile
started running mh_opt_read_formfile
finished mh_opt_read_formfile
analyzing gcc-5__Ou__mailutils__whom/mh_opt_parse_formfile
started running mh_opt_parse_formfile
finished mh_opt_parse_formfile
analyzing gcc-5__Ou__mailutils__whom/mh_opt_parse_format
started running mh_opt_parse_format
finished mh_opt_parse_format
analyzing gcc-5__Ou__mailutils__whom/mh_read_property_file
started running mh_read_property_file
finished mh_read_property_file
analyzing gcc-5__Ou__mailutils__whom/prop_merger
started running prop_merger
finished prop_merger
analyzing gcc-5__Ou__mailutils__whom/mh_property_merge
started running mh_property_merge
finished mh_property_merge
removing targets
analyzing gcc-5__Ou__mailutils__whom/mh_read_profile
started running mh_read_profile
finished mh_read_profile
analyzing gcc-5__Ou__mailutils__whom/mh_current_folder
started running mh_current_folder
finished mh_current_folder
analyzing gcc-5__Ou__mailutils__whom/mh_set_current_folder
started running mh_set_current_folder
finished mh_set_current_folder
analyzing gcc-5__Ou__mailutils__whom/mh_mailbox_get_property
started running mh_mailbox_get_property
finished mh_mailbox_get_property
analyzing gcc-5__Ou__mailutils__whom/mh_global_sequences_drop
started running mh_global_sequences_drop
finished mh_global_sequences_drop
analyzing gcc-5__Ou__mailutils__whom/mh_global_sequences_get
started running mh_global_sequences_get
finished mh_global_sequences_get
analyzing gcc-5__Ou__mailutils__whom/mh_global_sequences_set
started running mh_global_sequences_set
finished mh_global_sequences_set
analyzing gcc-5__Ou__mailutils__whom/mh_global_sequences_iterate
started running mh_global_sequences_iterate
finished mh_global_sequences_iterate
analyzing gcc-5__Ou__mailutils__whom/mh_global_save_state
started running mh_global_save_state
finished mh_global_save_state
analyzing gcc-5__Ou__mailutils__whom/mu_prstr
started running mu_prstr
finished mu_prstr
removing targets
analyzing gcc-5__Ou__mailutils__whom/mh_init
started running mh_init
finished mh_init
analyzing gcc-5__Ou__mailutils__whom/mh_init2
started running mh_init2
finished mh_init2
analyzing gcc-5__Ou__mailutils__whom/mh_err_memory
started running mh_err_memory
finished mh_err_memory
analyzing gcc-5__Ou__mailutils__whom/mh_local_mailbox
started running mh_local_mailbox
finished mh_local_mailbox
removing targets
analyzing gcc-5__Ou__mailutils__whom/mh_get_my_user_name
started running mh_get_my_user_name
finished mh_get_my_user_name
analyzing gcc-5__Ou__mailutils__whom/mh_get_my_real_name
started running mh_get_my_real_name
finished mh_get_my_real_name
analyzing gcc-5__Ou__mailutils__whom/mh_my_email
started running mh_my_email
finished mh_my_email
analyzing gcc-5__Ou__mailutils__whom/mh_my_host
started running mh_my_host
finished mh_my_host
analyzing gcc-5__Ou__mailutils__whom/part_match
started running part_match
analyzing gcc-5__Ou__mailutils__whom/match_char_class
started running match_char_class
analyzing gcc-5__Ou__mailutils__whom/email_match
started running email_match
finished email_match
analyzing gcc-5__Ou__mailutils__whom/mh_is_my_name
started running mh_is_my_name
finished mh_is_my_name
removing targets
analyzing gcc-5__Ou__mailutils__whom/make_dir_hier
started running make_dir_hier
finished make_dir_hier
analyzing gcc-5__Ou__mailutils__whom/mh_makedir
started running mh_makedir
finished mh_makedir
analyzing gcc-5__Ou__mailutils__whom/mh_check_folder
started running mh_check_folder
finished mh_check_folder
analyzing gcc-5__Ou__mailutils__whom/mh_interactive_mode_p
started running mh_interactive_mode_p
finished mh_interactive_mode_p
removing targets
analyzing gcc-5__Ou__mailutils__whom/mh_vgetyn
started running mh_vgetyn
finished mh_vgetyn
analyzing gcc-5__Ou__mailutils__whom/mh_getyn
started running mh_getyn
finished mh_getyn
removing targets
analyzing gcc-5__Ou__mailutils__whom/mh_getyn_interactive
started running mh_getyn_interactive
finished mh_getyn_interactive
removing targets
analyzing gcc-5__Ou__mailutils__whom/mh_audit_open
started running mh_audit_open
finished mh_audit_open
analyzing gcc-5__Ou__mailutils__whom/mh_audit_close
started running mh_audit_close
finished mh_audit_close
analyzing gcc-5__Ou__mailutils__whom/mh_message_number
started running mh_message_number
finished mh_message_number
analyzing gcc-5__Ou__mailutils__whom/mh_open_folder
started running mh_open_folder
finished mh_open_folder
analyzing gcc-5__Ou__mailutils__whom/mh_get_dir
started running mh_get_dir
finished mh_get_dir
analyzing gcc-5__Ou__mailutils__whom/mh_expand_name
started running mh_expand_name
finished mh_expand_name
analyzing gcc-5__Ou__mailutils__whom/mh_find_file
started running mh_find_file
analyzing gcc-5__Ou__mailutils__whom/mh_spawnp
started running mh_spawnp
analyzing gcc-5__Ou__mailutils__whom/mh_file_copy
started running mh_file_copy
finished mh_file_copy
analyzing gcc-5__Ou__mailutils__whom/mh_file_to_message
started running mh_file_to_message
finished mh_file_to_message
removing targets
analyzing gcc-5__Ou__mailutils__whom/mh_install_help
started running mh_install_help
finished mh_install_help
analyzing gcc-5__Ou__mailutils__whom/mh_real_install
started running mh_real_install
finished mh_real_install
analyzing gcc-5__Ou__mailutils__whom/mh_install
started running mh_install
finished mh_install
analyzing gcc-5__Ou__mailutils__whom/mh_annotate
started running mh_annotate
finished mh_annotate
analyzing gcc-5__Ou__mailutils__whom/mh_create_message_id
started running mh_create_message_id
finished mh_create_message_id
analyzing gcc-5__Ou__mailutils__whom/mh_set_reply_regex
started running mh_set_reply_regex
finished mh_set_reply_regex
analyzing gcc-5__Ou__mailutils__whom/mh_charset
started running mh_charset
finished mh_charset
analyzing gcc-5__Ou__mailutils__whom/mh_decode_2047
started running mh_decode_2047
finished mh_decode_2047
analyzing gcc-5__Ou__mailutils__whom/mh_quote
started running mh_quote
analyzing gcc-5__Ou__mailutils__whom/mh_expand_aliases
started running mh_expand_aliases
finished mh_expand_aliases
analyzing gcc-5__Ou__mailutils__whom/mh_draft_message
started running mh_draft_message
finished mh_draft_message
analyzing gcc-5__Ou__mailutils__whom/mh_safe_make_file_name
started running mh_safe_make_file_name
finished mh_safe_make_file_name
analyzing gcc-5__Ou__mailutils__whom/mh_width
started running mh_width
finished mh_width
analyzing gcc-5__Ou__mailutils__whom/mu_locus_point_same_file
started running mu_locus_point_same_file
analyzing gcc-5__Ou__mailutils__whom/mu_locus_point_same_line
started running mu_locus_point_same_line
analyzing gcc-5__Ou__mailutils__whom/mu_locus_point_eq
started running mu_locus_point_eq
analyzing gcc-5__Ou__mailutils__whom/ctx_push
started running ctx_push
analyzing gcc-5__Ou__mailutils__whom/ctx_pop
started running ctx_pop
finished ctx_pop
removing targets
analyzing gcc-5__Ou__mailutils__whom/ctx_get
started running ctx_get
finished ctx_get
analyzing gcc-5__Ou__mailutils__whom/yy_symbol_value_print
started running yy_symbol_value_print
finished yy_symbol_value_print
analyzing gcc-5__Ou__mailutils__whom/yy_symbol_print
started running yy_symbol_print
analyzing gcc-5__Ou__mailutils__whom/yy_stack_print
started running yy_stack_print
analyzing gcc-5__Ou__mailutils__whom/yy_reduce_print
started running yy_reduce_print
analyzing gcc-5__Ou__mailutils__whom/yytnamerr
started running yytnamerr
analyzing gcc-5__Ou__mailutils__whom/yysyntax_error
started running yysyntax_error
analyzing gcc-5__Ou__mailutils__whom/yydestruct
started running yydestruct
finished yydestruct
removing targets
analyzing gcc-5__Ou__mailutils__whom/fmt_yyparse
started running fmt_yyparse
finished fmt_yyparse
removing targets
analyzing gcc-5__Ou__mailutils__whom/token_leng
started running token_leng
finished token_leng
analyzing gcc-5__Ou__mailutils__whom/mark
started running mark
finished mark
removing targets
analyzing gcc-5__Ou__mailutils__whom/input
started running input
finished input
removing targets
analyzing gcc-5__Ou__mailutils__whom/eatinput
started running eatinput
finished eatinput
analyzing gcc-5__Ou__mailutils__whom/peek
started running peek
finished peek
analyzing gcc-5__Ou__mailutils__whom/unput
started running unput
finished unput
removing targets
analyzing gcc-5__Ou__mailutils__whom/skip
started running skip
analyzing gcc-5__Ou__mailutils__whom/skipeol
started running skipeol
finished skipeol
analyzing gcc-5__Ou__mailutils__whom/bogus
started running bogus
finished bogus
analyzing gcc-5__Ou__mailutils__whom/find_bol
started running find_bol
finished find_bol
removing targets
analyzing gcc-5__Ou__mailutils__whom/fmt_yyerror
started running fmt_yyerror
finished fmt_yyerror
removing targets
analyzing gcc-5__Ou__mailutils__whom/fmt_yylex
started running fmt_yylex
finished fmt_yylex
analyzing gcc-5__Ou__mailutils__whom/token_fmtspec
started running token_fmtspec
analyzing gcc-5__Ou__mailutils__whom/token_function
started running token_function
analyzing gcc-5__Ou__mailutils__whom/token_component
started running token_component
analyzing gcc-5__Ou__mailutils__whom/yylex_initial
started running yylex_initial
finished yylex_initial
analyzing gcc-5__Ou__mailutils__whom/yylex_cond
started running yylex_cond
finished yylex_cond
analyzing gcc-5__Ou__mailutils__whom/yylex_expr
started running yylex_expr
finished yylex_expr
analyzing gcc-5__Ou__mailutils__whom/yylex_func
started running yylex_func
analyzing gcc-5__Ou__mailutils__whom/format_parse
started running format_parse
analyzing gcc-5__Ou__mailutils__whom/mh_format_string_parse
started running mh_format_string_parse
finished mh_format_string_parse
analyzing gcc-5__Ou__mailutils__whom/mh_read_formfile
started running mh_read_formfile
analyzing gcc-5__Ou__mailutils__whom/mh_format_file_parse
started running mh_format_file_parse
finished mh_format_file_parse
analyzing gcc-5__Ou__mailutils__whom/backslash
started running backslash
finished backslash
removing targets
analyzing gcc-5__Ou__mailutils__whom/new_node
started running new_node
analyzing gcc-5__Ou__mailutils__whom/node_free
started running node_free
analyzing gcc-5__Ou__mailutils__whom/node_list_free
started running node_list_free
analyzing gcc-5__Ou__mailutils__whom/typecast
started running typecast
analyzing gcc-5__Ou__mailutils__whom/indent
started running indent
finished indent
analyzing gcc-5__Ou__mailutils__whom/delim
started running delim
finished delim
removing targets
analyzing gcc-5__Ou__mailutils__whom/mh_print_fmtspec
started running mh_print_fmtspec
finished mh_print_fmtspec
removing targets
analyzing gcc-5__Ou__mailutils__whom/dump_node_pretty
started running dump_node_pretty
finished dump_node_pretty
removing targets
analyzing gcc-5__Ou__mailutils__whom/dump_statement
started running dump_statement
analyzing gcc-5__Ou__mailutils__whom/mh_format_dump_code
started running mh_format_dump_code
analyzing gcc-5__Ou__mailutils__whom/mh_format_free_tree
started running mh_format_free_tree
analyzing gcc-5__Ou__mailutils__whom/mh_format_free
started running mh_format_free
analyzing gcc-5__Ou__mailutils__whom/mh_format_destroy
started running mh_format_destroy
analyzing gcc-5__Ou__mailutils__whom/printelim
started running printelim
analyzing gcc-5__Ou__mailutils__whom/ensure_space
started running ensure_space
analyzing gcc-5__Ou__mailutils__whom/emit_instr
started running emit_instr
analyzing gcc-5__Ou__mailutils__whom/emit_opcode
started running emit_opcode
finished emit_opcode
analyzing gcc-5__Ou__mailutils__whom/emit_string
started running emit_string
analyzing gcc-5__Ou__mailutils__whom/emit_opcode_typed
started running emit_opcode_typed
finished emit_opcode_typed
removing targets
analyzing gcc-5__Ou__mailutils__whom/emit_special
started running emit_special
analyzing gcc-5__Ou__mailutils__whom/emit_funcall
started running emit_funcall
analyzing gcc-5__Ou__mailutils__whom/codegen_node
started running codegen_node
analyzing gcc-5__Ou__mailutils__whom/codegen_nodelist
started running codegen_nodelist
analyzing gcc-5__Ou__mailutils__whom/codegen
started running codegen
analyzing gcc-5__Ou__mailutils__whom/mh_msgset_first
started running mh_msgset_first
finished mh_msgset_first
analyzing gcc-5__Ou__mailutils__whom/mh_msgset_last
started running mh_msgset_last
finished mh_msgset_last
analyzing gcc-5__Ou__mailutils__whom/mh_msgset_single_message
started running mh_msgset_single_message
analyzing gcc-5__Ou__mailutils__whom/msgset_parser_init
started running msgset_parser_init
analyzing gcc-5__Ou__mailutils__whom/msgset_abort
started running msgset_abort
analyzing gcc-5__Ou__mailutils__whom/emptyrange_abort
started running emptyrange_abort
analyzing gcc-5__Ou__mailutils__whom/nextarg
started running nextarg
analyzing gcc-5__Ou__mailutils__whom/parse_count
started running parse_count
analyzing gcc-5__Ou__mailutils__whom/msgset_first
started running msgset_first
analyzing gcc-5__Ou__mailutils__whom/msgset_last
started running msgset_last
finished msgset_last
analyzing gcc-5__Ou__mailutils__whom/msgset_cur
started running msgset_cur
finished msgset_cur
analyzing gcc-5__Ou__mailutils__whom/msgset_prev
started running msgset_prev
analyzing gcc-5__Ou__mailutils__whom/msgset_next
started running msgset_next
analyzing gcc-5__Ou__mailutils__whom/parse_term
started running parse_term
analyzing gcc-5__Ou__mailutils__whom/add_messages
started running add_messages
analyzing gcc-5__Ou__mailutils__whom/parse_range
started running parse_range
analyzing gcc-5__Ou__mailutils__whom/msgset_parser_run
started running msgset_parser_run
finished msgset_parser_run
analyzing gcc-5__Ou__mailutils__whom/mh_msgset_parse
started running mh_msgset_parse
analyzing gcc-5__Ou__mailutils__whom/mh_msgset_parse_string
started running mh_msgset_parse_string
finished mh_msgset_parse_string
analyzing gcc-5__Ou__mailutils__whom/mh_get_message
started running mh_get_message
finished mh_get_message
analyzing gcc-5__Ou__mailutils__whom/mh_stream_to_message
started running mh_stream_to_message
finished mh_stream_to_message
analyzing gcc-5__Ou__mailutils__whom/addrcp
started running addrcp
finished addrcp
analyzing gcc-5__Ou__mailutils__whom/ismydomain
started running ismydomain
finished ismydomain
removing targets
analyzing gcc-5__Ou__mailutils__whom/mh_alias_expand
started running mh_alias_expand
analyzing gcc-5__Ou__mailutils__whom/scan_addrs
started running scan_addrs
finished scan_addrs
removing targets
analyzing gcc-5__Ou__mailutils__whom/destroy_addrs
started running destroy_addrs
analyzing gcc-5__Ou__mailutils__whom/print_readable
started running print_readable
analyzing gcc-5__Ou__mailutils__whom/read_header
started running read_header
finished read_header
analyzing gcc-5__Ou__mailutils__whom/mh_whom_header
started running mh_whom_header
finished mh_whom_header
analyzing gcc-5__Ou__mailutils__whom/mh_whom_file
started running mh_whom_file
analyzing gcc-5__Ou__mailutils__whom/mh_whom_message
started running mh_whom_message
finished mh_whom_message
analyzing gcc-5__Ou__mailutils__whom/mh_mailbox_get_cur
started running mh_mailbox_get_cur
analyzing gcc-5__Ou__mailutils__whom/mh_mailbox_set_cur
started running mh_mailbox_set_cur
finished mh_mailbox_set_cur
analyzing gcc-5__Ou__mailutils__whom/list_create_or_die
started running list_create_or_die
finished list_create_or_die
analyzing gcc-5__Ou__mailutils__whom/ali_list_to_string
started running ali_list_to_string
analyzing gcc-5__Ou__mailutils__whom/ali_append
started running ali_append
finished ali_append
removing targets
skipping yy|symbol|value|print
skipping yy|symbol|print
skipping yy|stack|print
skipping yy|reduce|print
skipping yydestruct
analyzing gcc-5__Ou__mailutils__whom/ali_yyparse
started running ali_yyparse
finished ali_yyparse
removing targets
analyzing gcc-5__Ou__mailutils__whom/ali_list_dup
started running ali_list_dup
finished ali_list_dup
analyzing gcc-5__Ou__mailutils__whom/ali_member
started running ali_member
finished ali_member
analyzing gcc-5__Ou__mailutils__whom/aliascmp
started running aliascmp
finished aliascmp
analyzing gcc-5__Ou__mailutils__whom/alias_expand_list
started running alias_expand_list
finished alias_expand_list
analyzing gcc-5__Ou__mailutils__whom/mh_alias_get_internal
started running mh_alias_get_internal
analyzing gcc-5__Ou__mailutils__whom/mh_alias_get
started running mh_alias_get
finished mh_alias_get
analyzing gcc-5__Ou__mailutils__whom/mh_alias_get_address
started running mh_alias_get_address
analyzing gcc-5__Ou__mailutils__whom/mh_alias_get_alias
started running mh_alias_get_alias
analyzing gcc-5__Ou__mailutils__whom/mh_alias_enumerate
started running mh_alias_enumerate
analyzing gcc-5__Ou__mailutils__whom/unix_group_to_list
started running unix_group_to_list
analyzing gcc-5__Ou__mailutils__whom/unix_gid_to_list
started running unix_gid_to_list
analyzing gcc-5__Ou__mailutils__whom/unix_passwd_to_list
started running unix_passwd_to_list
analyzing gcc-5__Ou__mailutils__whom/mh_read_aliases
started running mh_read_aliases
skipping mu|prstr
analyzing gcc-5__Ou__mailutils__whom/mh_string_init
started running mh_string_init
analyzing gcc-5__Ou__mailutils__whom/mh_string_free
started running mh_string_free
analyzing gcc-5__Ou__mailutils__whom/mh_string_realloc
started running mh_string_realloc
analyzing gcc-5__Ou__mailutils__whom/mh_string_is_null
started running mh_string_is_null
analyzing gcc-5__Ou__mailutils__whom/mh_string_length
started running mh_string_length
analyzing gcc-5__Ou__mailutils__whom/mh_string_value
started running mh_string_value
analyzing gcc-5__Ou__mailutils__whom/mh_string_clear
started running mh_string_clear
finished mh_string_clear
removing targets
analyzing gcc-5__Ou__mailutils__whom/mh_string_load
started running mh_string_load
analyzing gcc-5__Ou__mailutils__whom/mh_string_copy
started running mh_string_copy
analyzing gcc-5__Ou__mailutils__whom/output_width
started running output_width
analyzing gcc-5__Ou__mailutils__whom/mbsubstrlen
started running mbsubstrlen
finished mbsubstrlen
removing targets
analyzing gcc-5__Ou__mailutils__whom/mbsnlen
started running mbsnlen
finished mbsnlen
analyzing gcc-5__Ou__mailutils__whom/str_compress_ws
started running str_compress_ws
finished str_compress_ws
analyzing gcc-5__Ou__mailutils__whom/compress_ws
started running compress_ws
analyzing gcc-5__Ou__mailutils__whom/put_string
started running put_string
analyzing gcc-5__Ou__mailutils__whom/print_hdr_segment
started running print_hdr_segment
analyzing gcc-5__Ou__mailutils__whom/print_hdr_string
started running print_hdr_string
analyzing gcc-5__Ou__mailutils__whom/print_simple_segment
started running print_simple_segment
analyzing gcc-5__Ou__mailutils__whom/print_string
started running print_string
analyzing gcc-5__Ou__mailutils__whom/print_fmt_segment
started running print_fmt_segment
finished print_fmt_segment
analyzing gcc-5__Ou__mailutils__whom/print_fmt_string
started running print_fmt_string
analyzing gcc-5__Ou__mailutils__whom/reset_fmt_defaults
started running reset_fmt_defaults
analyzing gcc-5__Ou__mailutils__whom/format_num
started running format_num
analyzing gcc-5__Ou__mailutils__whom/format_str
started running format_str
analyzing gcc-5__Ou__mailutils__whom/addr_cmp
started running addr_cmp
finished addr_cmp
analyzing gcc-5__Ou__mailutils__whom/addrlist_lookup
started running addrlist_lookup
finished addrlist_lookup
analyzing gcc-5__Ou__mailutils__whom/addr_free
started running addr_free
finished addr_free
analyzing gcc-5__Ou__mailutils__whom/addrlist_destroy
started running addrlist_destroy
finished addrlist_destroy
analyzing gcc-5__Ou__mailutils__whom/mh_fvm_run
started running mh_fvm_run
finished mh_fvm_run
analyzing gcc-5__Ou__mailutils__whom/msg_uid_1
started running msg_uid_1
analyzing gcc-5__Ou__mailutils__whom/mh_format_str
started running mh_format_str
analyzing gcc-5__Ou__mailutils__whom/builtin_not_implemented
started running builtin_not_implemented
finished builtin_not_implemented
analyzing gcc-5__Ou__mailutils__whom/builtin_msg
started running builtin_msg
analyzing gcc-5__Ou__mailutils__whom/builtin_cur
started running builtin_cur
analyzing gcc-5__Ou__mailutils__whom/builtin_size
started running builtin_size
analyzing gcc-5__Ou__mailutils__whom/builtin_strlen
started running builtin_strlen
analyzing gcc-5__Ou__mailutils__whom/builtin_width
started running builtin_width
analyzing gcc-5__Ou__mailutils__whom/builtin_charleft
started running builtin_charleft
analyzing gcc-5__Ou__mailutils__whom/builtin_timenow
started running builtin_timenow
analyzing gcc-5__Ou__mailutils__whom/builtin_me
started running builtin_me
finished builtin_me
analyzing gcc-5__Ou__mailutils__whom/builtin_myhost
started running builtin_myhost
finished builtin_myhost
analyzing gcc-5__Ou__mailutils__whom/builtin_myname
started running builtin_myname
finished builtin_myname
analyzing gcc-5__Ou__mailutils__whom/builtin_localmbox
started running builtin_localmbox
finished builtin_localmbox
analyzing gcc-5__Ou__mailutils__whom/builtin_eq
started running builtin_eq
analyzing gcc-5__Ou__mailutils__whom/builtin_ne
started running builtin_ne
finished builtin_ne
analyzing gcc-5__Ou__mailutils__whom/builtin_gt
started running builtin_gt
analyzing gcc-5__Ou__mailutils__whom/builtin_match
started running builtin_match
analyzing gcc-5__Ou__mailutils__whom/builtin_amatch
started running builtin_amatch
analyzing gcc-5__Ou__mailutils__whom/builtin_plus
started running builtin_plus
analyzing gcc-5__Ou__mailutils__whom/builtin_minus
started running builtin_minus
analyzing gcc-5__Ou__mailutils__whom/builtin_divide
started running builtin_divide
analyzing gcc-5__Ou__mailutils__whom/builtin_modulo
started running builtin_modulo
analyzing gcc-5__Ou__mailutils__whom/builtin_getenv
started running builtin_getenv
finished builtin_getenv
analyzing gcc-5__Ou__mailutils__whom/builtin_profile
started running builtin_profile
finished builtin_profile
analyzing gcc-5__Ou__mailutils__whom/builtin_nonzero
started running builtin_nonzero
analyzing gcc-5__Ou__mailutils__whom/builtin_zero
started running builtin_zero
analyzing gcc-5__Ou__mailutils__whom/builtin_null
started running builtin_null
analyzing gcc-5__Ou__mailutils__whom/builtin_nonnull
started running builtin_nonnull
analyzing gcc-5__Ou__mailutils__whom/builtin_comp
started running builtin_comp
finished builtin_comp
analyzing gcc-5__Ou__mailutils__whom/builtin_compval
started running builtin_compval
analyzing gcc-5__Ou__mailutils__whom/builtin_trim
started running builtin_trim
analyzing gcc-5__Ou__mailutils__whom/builtin_sec
started running builtin_sec
analyzing gcc-5__Ou__mailutils__whom/builtin_min
started running builtin_min
analyzing gcc-5__Ou__mailutils__whom/builtin_hour
started running builtin_hour
analyzing gcc-5__Ou__mailutils__whom/builtin_wday
started running builtin_wday
analyzing gcc-5__Ou__mailutils__whom/builtin_day
started running builtin_day
finished builtin_day
analyzing gcc-5__Ou__mailutils__whom/builtin_weekday
started running builtin_weekday
finished builtin_weekday
analyzing gcc-5__Ou__mailutils__whom/builtin_sday
started running builtin_sday
finished builtin_sday
analyzing gcc-5__Ou__mailutils__whom/builtin_mday
started running builtin_mday
finished builtin_mday
analyzing gcc-5__Ou__mailutils__whom/builtin_yday
started running builtin_yday
finished builtin_yday
analyzing gcc-5__Ou__mailutils__whom/builtin_mon
started running builtin_mon
finished builtin_mon
analyzing gcc-5__Ou__mailutils__whom/builtin_month
started running builtin_month
finished builtin_month
analyzing gcc-5__Ou__mailutils__whom/builtin_lmonth
started running builtin_lmonth
finished builtin_lmonth
analyzing gcc-5__Ou__mailutils__whom/builtin_year
started running builtin_year
finished builtin_year
analyzing gcc-5__Ou__mailutils__whom/builtin_zone
started running builtin_zone
finished builtin_zone
analyzing gcc-5__Ou__mailutils__whom/builtin_tzone
started running builtin_tzone
finished builtin_tzone
analyzing gcc-5__Ou__mailutils__whom/builtin_szone
started running builtin_szone
finished builtin_szone
analyzing gcc-5__Ou__mailutils__whom/builtin_str_noop
started running builtin_str_noop
finished builtin_str_noop
analyzing gcc-5__Ou__mailutils__whom/builtin_date2local
started running builtin_date2local
finished builtin_date2local
analyzing gcc-5__Ou__mailutils__whom/builtin_date2gmt
started running builtin_date2gmt
finished builtin_date2gmt
analyzing gcc-5__Ou__mailutils__whom/builtin_dst
started running builtin_dst
finished builtin_dst
analyzing gcc-5__Ou__mailutils__whom/builtin_clock
started running builtin_clock
analyzing gcc-5__Ou__mailutils__whom/builtin_rclock
started running builtin_rclock
analyzing gcc-5__Ou__mailutils__whom/date_cvt
started running date_cvt
finished date_cvt
analyzing gcc-5__Ou__mailutils__whom/builtin_tws
started running builtin_tws
finished builtin_tws
analyzing gcc-5__Ou__mailutils__whom/builtin_pretty
started running builtin_pretty
finished builtin_pretty
analyzing gcc-5__Ou__mailutils__whom/builtin_nodate
started running builtin_nodate
analyzing gcc-5__Ou__mailutils__whom/builtin_proper
started running builtin_proper
finished builtin_proper
analyzing gcc-5__Ou__mailutils__whom/builtin_friendly
started running builtin_friendly
finished builtin_friendly
analyzing gcc-5__Ou__mailutils__whom/builtin_addr
started running builtin_addr
finished builtin_addr
analyzing gcc-5__Ou__mailutils__whom/builtin_pers
started running builtin_pers
finished builtin_pers
analyzing gcc-5__Ou__mailutils__whom/builtin_note
started running builtin_note
finished builtin_note
analyzing gcc-5__Ou__mailutils__whom/builtin_mbox
started running builtin_mbox
analyzing gcc-5__Ou__mailutils__whom/builtin_mymbox
started running builtin_mymbox
finished builtin_mymbox
analyzing gcc-5__Ou__mailutils__whom/builtin_host
started running builtin_host
finished builtin_host
analyzing gcc-5__Ou__mailutils__whom/builtin_nohost
started running builtin_nohost
finished builtin_nohost
analyzing gcc-5__Ou__mailutils__whom/builtin_type
started running builtin_type
finished builtin_type
analyzing gcc-5__Ou__mailutils__whom/builtin_path
started running builtin_path
finished builtin_path
analyzing gcc-5__Ou__mailutils__whom/builtin_ingrp
started running builtin_ingrp
analyzing gcc-5__Ou__mailutils__whom/builtin_gname
started running builtin_gname
finished builtin_gname
analyzing gcc-5__Ou__mailutils__whom/builtin_formataddr
started running builtin_formataddr
finished builtin_formataddr
analyzing gcc-5__Ou__mailutils__whom/builtin_putaddr
started running builtin_putaddr
finished builtin_putaddr
analyzing gcc-5__Ou__mailutils__whom/builtin_unre
started running builtin_unre
finished builtin_unre
analyzing gcc-5__Ou__mailutils__whom/builtin_isreply
started running builtin_isreply
finished builtin_isreply
analyzing gcc-5__Ou__mailutils__whom/builtin_decode
started running builtin_decode
finished builtin_decode
analyzing gcc-5__Ou__mailutils__whom/builtin_reply_regex
started running builtin_reply_regex
finished builtin_reply_regex
analyzing gcc-5__Ou__mailutils__whom/mh_decode_rcpt_flag
started running mh_decode_rcpt_flag
finished mh_decode_rcpt_flag
analyzing gcc-5__Ou__mailutils__whom/builtin_rcpt
started running builtin_rcpt
finished builtin_rcpt
analyzing gcc-5__Ou__mailutils__whom/builtin_printhdr
started running builtin_printhdr
finished builtin_printhdr
analyzing gcc-5__Ou__mailutils__whom/builtin_in_reply_to
started running builtin_in_reply_to
analyzing gcc-5__Ou__mailutils__whom/builtin_references
started running builtin_references
analyzing gcc-5__Ou__mailutils__whom/builtin_package
started running builtin_package
finished builtin_package
analyzing gcc-5__Ou__mailutils__whom/builtin_package_string
started running builtin_package_string
finished builtin_package_string
analyzing gcc-5__Ou__mailutils__whom/builtin_version
started running builtin_version
finished builtin_version
analyzing gcc-5__Ou__mailutils__whom/mh_lookup_builtin
started running mh_lookup_builtin
finished mh_lookup_builtin
removing targets
analyzing gcc-5__Ou__mailutils__whom/find_label
started running find_label
finished find_label
removing targets
analyzing gcc-5__Ou__mailutils__whom/comp_pc
started running comp_pc
analyzing gcc-5__Ou__mailutils__whom/extract_labels
started running extract_labels
analyzing gcc-5__Ou__mailutils__whom/format_label
started running format_label
finished format_label
analyzing gcc-5__Ou__mailutils__whom/mh_format_dump_disass
started running mh_format_dump_disass
analyzing gcc-5__Ou__mailutils__whom/mh_fvm_create
started running mh_fvm_create
analyzing gcc-5__Ou__mailutils__whom/mh_fvm_destroy
started running mh_fvm_destroy
finished mh_fvm_destroy
removing targets
analyzing gcc-5__Ou__mailutils__whom/mh_fvm_set_output
started running mh_fvm_set_output
analyzing gcc-5__Ou__mailutils__whom/mh_fvm_set_width
started running mh_fvm_set_width
analyzing gcc-5__Ou__mailutils__whom/mh_fvm_set_format
started running mh_fvm_set_format
analyzing gcc-5__Ou__mailutils__whom/stat
started running stat
finished stat
removing targets
