gcc-5__Ou__mc__mc have 1764 funcs
analyzing gcc-5__Ou__mc__mc/deregister_tm_clones
started running deregister_tm_clones
finished deregister_tm_clones
removing targets
analyzing gcc-5__Ou__mc__mc/register_tm_clones
started running register_tm_clones
finished register_tm_clones
removing targets
analyzing gcc-5__Ou__mc__mc/frame_dummy
started running frame_dummy
finished frame_dummy
removing targets
analyzing gcc-5__Ou__mc__mc/send_message
started running send_message
finished send_message
analyzing gcc-5__Ou__mc__mc/get_ownership
started running get_ownership
finished get_ownership
analyzing gcc-5__Ou__mc__mc/inc_flag_pos
started running inc_flag_pos
finished inc_flag_pos
removing targets
analyzing gcc-5__Ou__mc__mc/dec_flag_pos
started running dec_flag_pos
finished dec_flag_pos
removing targets
analyzing gcc-5__Ou__mc__mc/set_perm_by_flags
started running set_perm_by_flags
finished set_perm_by_flags
removing targets
analyzing gcc-5__Ou__mc__mc/get_perm
started running get_perm
finished get_perm
removing targets
analyzing gcc-5__Ou__mc__mc/get_mode
started running get_mode
finished get_mode
analyzing gcc-5__Ou__mc__mc/print_flags
started running print_flags
finished print_flags
removing targets
analyzing gcc-5__Ou__mc__mc/update_mode
started running update_mode
finished update_mode
analyzing gcc-5__Ou__mc__mc/chl_callback
started running chl_callback
finished chl_callback
removing targets
analyzing gcc-5__Ou__mc__mc/do_enter_key
started running do_enter_key
stopped exploration
finished do_enter_key
removing targets
analyzing gcc-5__Ou__mc__mc/chown_refresh
started running chown_refresh
finished chown_refresh
analyzing gcc-5__Ou__mc__mc/chown_info_update
started running chown_info_update
finished chown_info_update
removing targets
analyzing gcc-5__Ou__mc__mc/b_setpos
started running b_setpos
finished b_setpos
analyzing gcc-5__Ou__mc__mc/advanced_chown_callback
started running advanced_chown_callback
finished advanced_chown_callback
removing targets
analyzing gcc-5__Ou__mc__mc/init_chown_advanced
started running init_chown_advanced
finished init_chown_advanced
removing targets
analyzing gcc-5__Ou__mc__mc/chown_advanced_done
started running chown_advanced_done
finished chown_advanced_done
analyzing gcc-5__Ou__mc__mc/next_file
started running next_file
finished next_file
removing targets
analyzing gcc-5__Ou__mc__mc/apply_advanced_chowns
started running apply_advanced_chowns
finished apply_advanced_chowns
analyzing gcc-5__Ou__mc__mc/chown_advanced_cmd
started running chown_advanced_cmd
finished chown_advanced_cmd
analyzing gcc-5__Ou__mc__mc/register_task_running
started running register_task_running
finished register_task_running
analyzing gcc-5__Ou__mc__mc/unregister_task_running
started running unregister_task_running
finished unregister_task_running
removing targets
analyzing gcc-5__Ou__mc__mc/do_background
started running do_background
finished do_background
analyzing gcc-5__Ou__mc__mc/background_attention
started running background_attention
finished background_attention
analyzing gcc-5__Ou__mc__mc/parent_call_header
started running parent_call_header
finished parent_call_header
analyzing gcc-5__Ou__mc__mc/parent_call
started running parent_call
finished parent_call
removing targets
analyzing gcc-5__Ou__mc__mc/parent_call_string
started running parent_call_string
finished parent_call_string
removing targets
analyzing gcc-5__Ou__mc__mc/dlg_widget_active
started running dlg_widget_active
finished dlg_widget_active
analyzing gcc-5__Ou__mc__mc/display_callback
started running display_callback
finished display_callback
removing targets
analyzing gcc-5__Ou__mc__mc/display_init
started running display_init
finished display_init
analyzing gcc-5__Ou__mc__mc/display_box
started running display_box
finished display_box
removing targets
analyzing gcc-5__Ou__mc__mc/sort_box
started running sort_box
finished sort_box
analyzing gcc-5__Ou__mc__mc/confirm_box
started running confirm_box
finished confirm_box
removing targets
analyzing gcc-5__Ou__mc__mc/display_bits_box
started running display_bits_box
finished display_bits_box
removing targets
analyzing gcc-5__Ou__mc__mc/tree_callback
started running tree_callback
finished tree_callback
removing targets
analyzing gcc-5__Ou__mc__mc/tree_box
started running tree_box
finished tree_box
analyzing gcc-5__Ou__mc__mc/configure_vfs
started running configure_vfs
finished configure_vfs
analyzing gcc-5__Ou__mc__mc/cd_dialog
started running cd_dialog
finished cd_dialog
analyzing gcc-5__Ou__mc__mc/symlink_dialog
started running symlink_dialog
finished symlink_dialog
analyzing gcc-5__Ou__mc__mc/jobs_fill_listbox
started running jobs_fill_listbox
finished jobs_fill_listbox
removing targets
analyzing gcc-5__Ou__mc__mc/task_cb
started running task_cb
finished task_cb
removing targets
analyzing gcc-5__Ou__mc__mc/jobs_cmd
started running jobs_cmd
finished jobs_cmd
removing targets
analyzing gcc-5__Ou__mc__mc/chmod_toggle_select
started running chmod_toggle_select
finished chmod_toggle_select
removing targets
analyzing gcc-5__Ou__mc__mc/chmod_refresh
started running chmod_refresh
finished chmod_refresh
analyzing gcc-5__Ou__mc__mc/chmod_callback
started running chmod_callback
finished chmod_callback
removing targets
analyzing gcc-5__Ou__mc__mc/init_chmod
started running init_chmod
finished init_chmod
analyzing gcc-5__Ou__mc__mc/chmod_done
started running chmod_done
finished chmod_done
removing targets
skipping next|file
analyzing gcc-5__Ou__mc__mc/do_chmod
started running do_chmod
finished do_chmod
analyzing gcc-5__Ou__mc__mc/apply_mask
started running apply_mask
finished apply_mask
analyzing gcc-5__Ou__mc__mc/chmod_cmd
started running chmod_cmd
finished chmod_cmd
skipping chown|refresh
skipping next|file
analyzing gcc-5__Ou__mc__mc/chown_callback
started running chown_callback
finished chown_callback
removing targets
analyzing gcc-5__Ou__mc__mc/init_chown
started running init_chown
finished init_chown
analyzing gcc-5__Ou__mc__mc/chown_done
started running chown_done
finished chown_done
removing targets
analyzing gcc-5__Ou__mc__mc/do_chown
started running do_chown
finished do_chown
analyzing gcc-5__Ou__mc__mc/apply_chowns
started running apply_chowns
finished apply_chowns
analyzing gcc-5__Ou__mc__mc/chown_cmd
started running chown_cmd
stopped exploration
finished chown_cmd
analyzing gcc-5__Ou__mc__mc/view_file_at_line
started running view_file_at_line
finished view_file_at_line
removing targets
analyzing gcc-5__Ou__mc__mc/view_file
started running view_file
finished view_file
analyzing gcc-5__Ou__mc__mc/scan_for_file
started running scan_for_file
stopped exploration
finished scan_for_file
removing targets
analyzing gcc-5__Ou__mc__mc/do_view_cmd
started running do_view_cmd
stopped exploration
finished do_view_cmd
removing targets
analyzing gcc-5__Ou__mc__mc/view_cmd
started running view_cmd
finished view_cmd
analyzing gcc-5__Ou__mc__mc/view_file_cmd
started running view_file_cmd
finished view_file_cmd
analyzing gcc-5__Ou__mc__mc/view_simple_cmd
started running view_simple_cmd
finished view_simple_cmd
analyzing gcc-5__Ou__mc__mc/filtered_view_cmd
started running filtered_view_cmd
finished filtered_view_cmd
analyzing gcc-5__Ou__mc__mc/do_edit_at_line
started running do_edit_at_line
finished do_edit_at_line
removing targets
analyzing gcc-5__Ou__mc__mc/do_edit
started running do_edit
finished do_edit
analyzing gcc-5__Ou__mc__mc/edit_cmd
started running edit_cmd
finished edit_cmd
analyzing gcc-5__Ou__mc__mc/edit_cmd_new
started running edit_cmd_new
finished edit_cmd_new
analyzing gcc-5__Ou__mc__mc/copy_cmd
started running copy_cmd
finished copy_cmd
analyzing gcc-5__Ou__mc__mc/ren_cmd
started running ren_cmd
finished ren_cmd
analyzing gcc-5__Ou__mc__mc/copy_cmd_local
started running copy_cmd_local
finished copy_cmd_local
analyzing gcc-5__Ou__mc__mc/ren_cmd_local
started running ren_cmd_local
finished ren_cmd_local
analyzing gcc-5__Ou__mc__mc/mkdir_cmd
started running mkdir_cmd
finished mkdir_cmd
analyzing gcc-5__Ou__mc__mc/delete_cmd
started running delete_cmd
finished delete_cmd
analyzing gcc-5__Ou__mc__mc/delete_cmd_local
started running delete_cmd_local
finished delete_cmd_local
analyzing gcc-5__Ou__mc__mc/find_cmd
started running find_cmd
finished find_cmd
analyzing gcc-5__Ou__mc__mc/set_panel_filter_to
started running set_panel_filter_to
finished set_panel_filter_to
analyzing gcc-5__Ou__mc__mc/set_panel_filter
started running set_panel_filter
finished set_panel_filter
removing targets
analyzing gcc-5__Ou__mc__mc/filter_cmd
started running filter_cmd
finished filter_cmd
analyzing gcc-5__Ou__mc__mc/reread_cmd
started running reread_cmd
finished reread_cmd
analyzing gcc-5__Ou__mc__mc/reverse_selection_cmd
started running reverse_selection_cmd
finished reverse_selection_cmd
removing targets
analyzing gcc-5__Ou__mc__mc/select_unselect_cmd
started running select_unselect_cmd
finished select_unselect_cmd
removing targets
analyzing gcc-5__Ou__mc__mc/select_cmd
started running select_cmd
finished select_cmd
analyzing gcc-5__Ou__mc__mc/unselect_cmd
started running unselect_cmd
finished unselect_cmd
analyzing gcc-5__Ou__mc__mc/check_for_default
started running check_for_default
finished check_for_default
analyzing gcc-5__Ou__mc__mc/ext_cmd
started running ext_cmd
finished ext_cmd
analyzing gcc-5__Ou__mc__mc/menu_edit_cmd
started running menu_edit_cmd
finished menu_edit_cmd
analyzing gcc-5__Ou__mc__mc/quick_chdir_cmd
started running quick_chdir_cmd
finished quick_chdir_cmd
analyzing gcc-5__Ou__mc__mc/edit_mc_menu_cmd
started running edit_mc_menu_cmd
finished edit_mc_menu_cmd
analyzing gcc-5__Ou__mc__mc/edit_user_menu_cmd
started running edit_user_menu_cmd
finished edit_user_menu_cmd
analyzing gcc-5__Ou__mc__mc/edit_syntax_cmd
started running edit_syntax_cmd
finished edit_syntax_cmd
analyzing gcc-5__Ou__mc__mc/reselect_vfs
started running reselect_vfs
finished reselect_vfs
analyzing gcc-5__Ou__mc__mc/compare_files
started running compare_files
finished compare_files
analyzing gcc-5__Ou__mc__mc/compare_dir
started running compare_dir
