gcc-5__Ou__nettle__eccdata have 217 funcs
analyzing gcc-5__Ou__nettle__eccdata/deregister_tm_clones
started running deregister_tm_clones
finished deregister_tm_clones
removing targets
analyzing gcc-5__Ou__nettle__eccdata/register_tm_clones
started running register_tm_clones
finished register_tm_clones
removing targets
analyzing gcc-5__Ou__nettle__eccdata/frame_dummy
started running frame_dummy
finished frame_dummy
removing targets
analyzing gcc-5__Ou__nettle__eccdata/gmp_die
started running gmp_die
finished gmp_die
analyzing gcc-5__Ou__nettle__eccdata/gmp_default_alloc
started running gmp_default_alloc
finished gmp_default_alloc
removing targets
analyzing gcc-5__Ou__nettle__eccdata/gmp_default_realloc
started running gmp_default_realloc
finished gmp_default_realloc
analyzing gcc-5__Ou__nettle__eccdata/gmp_default_free
started running gmp_default_free
finished gmp_default_free
analyzing gcc-5__Ou__nettle__eccdata/mp_get_memory_functions
started running mp_get_memory_functions
finished mp_get_memory_functions
removing targets
analyzing gcc-5__Ou__nettle__eccdata/mp_set_memory_functions
started running mp_set_memory_functions
finished mp_set_memory_functions
removing targets
analyzing gcc-5__Ou__nettle__eccdata/gmp_xalloc_limbs
started running gmp_xalloc_limbs
finished gmp_xalloc_limbs
analyzing gcc-5__Ou__nettle__eccdata/gmp_xrealloc_limbs
started running gmp_xrealloc_limbs
finished gmp_xrealloc_limbs
removing targets
analyzing gcc-5__Ou__nettle__eccdata/mpn_copyi
started running mpn_copyi
finished mpn_copyi
removing targets
analyzing gcc-5__Ou__nettle__eccdata/mpn_copyd
started running mpn_copyd
finished mpn_copyd
removing targets
analyzing gcc-5__Ou__nettle__eccdata/mpn_cmp
started running mpn_cmp
finished mpn_cmp
removing targets
analyzing gcc-5__Ou__nettle__eccdata/mpn_cmp4
started running mpn_cmp4
finished mpn_cmp4
removing targets
analyzing gcc-5__Ou__nettle__eccdata/mpn_normalized_size
started running mpn_normalized_size
finished mpn_normalized_size
removing targets
analyzing gcc-5__Ou__nettle__eccdata/mpn_zero_p
started running mpn_zero_p
finished mpn_zero_p
analyzing gcc-5__Ou__nettle__eccdata/mpn_zero
started running mpn_zero
finished mpn_zero
removing targets
analyzing gcc-5__Ou__nettle__eccdata/mpn_add_1
started running mpn_add_1
finished mpn_add_1
removing targets
analyzing gcc-5__Ou__nettle__eccdata/mpn_add_n
started running mpn_add_n
finished mpn_add_n
removing targets
analyzing gcc-5__Ou__nettle__eccdata/mpn_add
started running mpn_add
finished mpn_add
removing targets
analyzing gcc-5__Ou__nettle__eccdata/mpn_sub_1
started running mpn_sub_1
finished mpn_sub_1
removing targets
analyzing gcc-5__Ou__nettle__eccdata/mpn_sub_n
started running mpn_sub_n
finished mpn_sub_n
removing targets
analyzing gcc-5__Ou__nettle__eccdata/mpn_sub
started running mpn_sub
finished mpn_sub
removing targets
analyzing gcc-5__Ou__nettle__eccdata/mpn_mul_1
started running mpn_mul_1
finished mpn_mul_1
removing targets
analyzing gcc-5__Ou__nettle__eccdata/mpn_addmul_1
started running mpn_addmul_1
finished mpn_addmul_1
removing targets
analyzing gcc-5__Ou__nettle__eccdata/mpn_submul_1
started running mpn_submul_1
finished mpn_submul_1
removing targets
analyzing gcc-5__Ou__nettle__eccdata/mpn_mul
started running mpn_mul
finished mpn_mul
removing targets
analyzing gcc-5__Ou__nettle__eccdata/mpn_mul_n
started running mpn_mul_n
finished mpn_mul_n
analyzing gcc-5__Ou__nettle__eccdata/mpn_sqr
started running mpn_sqr
finished mpn_sqr
analyzing gcc-5__Ou__nettle__eccdata/mpn_lshift
started running mpn_lshift
finished mpn_lshift
removing targets
analyzing gcc-5__Ou__nettle__eccdata/mpn_rshift
started running mpn_rshift
finished mpn_rshift
removing targets
analyzing gcc-5__Ou__nettle__eccdata/mpn_common_scan
started running mpn_common_scan
finished mpn_common_scan
removing targets
analyzing gcc-5__Ou__nettle__eccdata/mpn_scan1
started running mpn_scan1
finished mpn_scan1
analyzing gcc-5__Ou__nettle__eccdata/mpn_scan0
started running mpn_scan0
finished mpn_scan0
analyzing gcc-5__Ou__nettle__eccdata/mpn_com
started running mpn_com
finished mpn_com
removing targets
analyzing gcc-5__Ou__nettle__eccdata/mpn_neg
started running mpn_neg
finished mpn_neg
removing targets
analyzing gcc-5__Ou__nettle__eccdata/mpn_invert_3by2
started running mpn_invert_3by2
stopped exploration
finished mpn_invert_3by2
removing targets
analyzing gcc-5__Ou__nettle__eccdata/mpn_div_qr_1_invert
started running mpn_div_qr_1_invert
finished mpn_div_qr_1_invert
removing targets
analyzing gcc-5__Ou__nettle__eccdata/mpn_div_qr_2_invert
started running mpn_div_qr_2_invert
finished mpn_div_qr_2_invert
removing targets
analyzing gcc-5__Ou__nettle__eccdata/mpn_div_qr_invert
started running mpn_div_qr_invert
finished mpn_div_qr_invert
removing targets
analyzing gcc-5__Ou__nettle__eccdata/mpn_div_qr_1_preinv
started running mpn_div_qr_1_preinv
stopped exploration
finished mpn_div_qr_1_preinv
removing targets
analyzing gcc-5__Ou__nettle__eccdata/mpn_div_qr_1
started running mpn_div_qr_1
finished mpn_div_qr_1
removing targets
analyzing gcc-5__Ou__nettle__eccdata/mpn_div_qr_2_preinv
started running mpn_div_qr_2_preinv
stopped exploration
finished mpn_div_qr_2_preinv
removing targets
analyzing gcc-5__Ou__nettle__eccdata/mpn_div_qr_pi1
started running mpn_div_qr_pi1
stopped exploration
finished mpn_div_qr_pi1
removing targets
analyzing gcc-5__Ou__nettle__eccdata/mpn_div_qr_preinv
started running mpn_div_qr_preinv
finished mpn_div_qr_preinv
removing targets
analyzing gcc-5__Ou__nettle__eccdata/mpn_div_qr
started running mpn_div_qr
finished mpn_div_qr
removing targets
analyzing gcc-5__Ou__nettle__eccdata/mpn_base_power_of_two_p
started running mpn_base_power_of_two_p
finished mpn_base_power_of_two_p
removing targets
analyzing gcc-5__Ou__nettle__eccdata/mpn_get_base_info
started running mpn_get_base_info
finished mpn_get_base_info
removing targets
analyzing gcc-5__Ou__nettle__eccdata/mpn_limb_size_in_base_2
started running mpn_limb_size_in_base_2
finished mpn_limb_size_in_base_2
removing targets
analyzing gcc-5__Ou__nettle__eccdata/mpn_get_str_bits
started running mpn_get_str_bits
finished mpn_get_str_bits
analyzing gcc-5__Ou__nettle__eccdata/mpn_limb_get_str
started running mpn_limb_get_str
stopped exploration
finished mpn_limb_get_str
removing targets
analyzing gcc-5__Ou__nettle__eccdata/mpn_get_str_other
started running mpn_get_str_other
stopped exploration
finished mpn_get_str_other
analyzing gcc-5__Ou__nettle__eccdata/mpn_get_str
started running mpn_get_str
finished mpn_get_str
removing targets
analyzing gcc-5__Ou__nettle__eccdata/mpn_set_str_bits
started running mpn_set_str_bits
finished mpn_set_str_bits
removing targets
analyzing gcc-5__Ou__nettle__eccdata/mpn_set_str_other
started running mpn_set_str_other
analyzing gcc-5__Ou__nettle__eccdata/mpn_set_str
started running mpn_set_str
finished mpn_set_str
removing targets
analyzing gcc-5__Ou__nettle__eccdata/mpz_init
started running mpz_init
analyzing gcc-5__Ou__nettle__eccdata/mpz_init2
started running mpz_init2
analyzing gcc-5__Ou__nettle__eccdata/mpz_clear
started running mpz_clear
analyzing gcc-5__Ou__nettle__eccdata/mpz_realloc
started running mpz_realloc
analyzing gcc-5__Ou__nettle__eccdata/mpz_set_si
started running mpz_set_si
analyzing gcc-5__Ou__nettle__eccdata/mpz_set_ui
started running mpz_set_ui
analyzing gcc-5__Ou__nettle__eccdata/mpz_set
started running mpz_set
analyzing gcc-5__Ou__nettle__eccdata/mpz_init_set_si
started running mpz_init_set_si
finished mpz_init_set_si
analyzing gcc-5__Ou__nettle__eccdata/mpz_init_set_ui
started running mpz_init_set_ui
finished mpz_init_set_ui
analyzing gcc-5__Ou__nettle__eccdata/mpz_init_set
started running mpz_init_set
finished mpz_init_set
analyzing gcc-5__Ou__nettle__eccdata/mpz_fits_slong_p
started running mpz_fits_slong_p
analyzing gcc-5__Ou__nettle__eccdata/mpz_fits_ulong_p
started running mpz_fits_ulong_p
analyzing gcc-5__Ou__nettle__eccdata/mpz_get_si
started running mpz_get_si
analyzing gcc-5__Ou__nettle__eccdata/mpz_get_ui
started running mpz_get_ui
analyzing gcc-5__Ou__nettle__eccdata/mpz_size
started running mpz_size
analyzing gcc-5__Ou__nettle__eccdata/mpz_getlimbn
started running mpz_getlimbn
finished mpz_getlimbn
removing targets
analyzing gcc-5__Ou__nettle__eccdata/mpz_realloc2
started running mpz_realloc2
finished mpz_realloc2
analyzing gcc-5__Ou__nettle__eccdata/mpz_limbs_read
started running mpz_limbs_read
analyzing gcc-5__Ou__nettle__eccdata/mpz_limbs_modify
started running mpz_limbs_modify
finished mpz_limbs_modify
removing targets
analyzing gcc-5__Ou__nettle__eccdata/mpz_limbs_write
started running mpz_limbs_write
finished mpz_limbs_write
analyzing gcc-5__Ou__nettle__eccdata/mpz_limbs_finish
started running mpz_limbs_finish
analyzing gcc-5__Ou__nettle__eccdata/mpz_roinit_n
started running mpz_roinit_n
analyzing gcc-5__Ou__nettle__eccdata/mpz_set_d
started running mpz_set_d
finished mpz_set_d
removing targets
analyzing gcc-5__Ou__nettle__eccdata/mpz_init_set_d
started running mpz_init_set_d
finished mpz_init_set_d
analyzing gcc-5__Ou__nettle__eccdata/mpz_get_d
started running mpz_get_d
analyzing gcc-5__Ou__nettle__eccdata/mpz_cmpabs_d
started running mpz_cmpabs_d
stopped exploration
finished mpz_cmpabs_d
removing targets
analyzing gcc-5__Ou__nettle__eccdata/mpz_cmp_d
started running mpz_cmp_d
finished mpz_cmp_d
removing targets
analyzing gcc-5__Ou__nettle__eccdata/mpz_sgn
started running mpz_sgn
finished mpz_sgn
analyzing gcc-5__Ou__nettle__eccdata/mpz_cmp_si
started running mpz_cmp_si
finished mpz_cmp_si
removing targets
analyzing gcc-5__Ou__nettle__eccdata/mpz_cmp_ui
started running mpz_cmp_ui
finished mpz_cmp_ui
removing targets
analyzing gcc-5__Ou__nettle__eccdata/mpz_cmp
started running mpz_cmp
finished mpz_cmp
removing targets
analyzing gcc-5__Ou__nettle__eccdata/mpz_cmpabs_ui
started running mpz_cmpabs_ui
finished mpz_cmpabs_ui
removing targets
analyzing gcc-5__Ou__nettle__eccdata/mpz_cmpabs
started running mpz_cmpabs
finished mpz_cmpabs
analyzing gcc-5__Ou__nettle__eccdata/mpz_abs
started running mpz_abs
finished mpz_abs
analyzing gcc-5__Ou__nettle__eccdata/mpz_neg
started running mpz_neg
finished mpz_neg
analyzing gcc-5__Ou__nettle__eccdata/mpz_swap
started running mpz_swap
finished mpz_swap
analyzing gcc-5__Ou__nettle__eccdata/mpz_abs_add_ui
started running mpz_abs_add_ui
analyzing gcc-5__Ou__nettle__eccdata/mpz_abs_sub_ui
started running mpz_abs_sub_ui
analyzing gcc-5__Ou__nettle__eccdata/mpz_add_ui
started running mpz_add_ui
analyzing gcc-5__Ou__nettle__eccdata/mpz_sub_ui
started running mpz_sub_ui
analyzing gcc-5__Ou__nettle__eccdata/mpz_ui_sub
started running mpz_ui_sub
analyzing gcc-5__Ou__nettle__eccdata/mpz_abs_add
started running mpz_abs_add
analyzing gcc-5__Ou__nettle__eccdata/mpz_abs_sub
started running mpz_abs_sub
analyzing gcc-5__Ou__nettle__eccdata/mpz_add
started running mpz_add
analyzing gcc-5__Ou__nettle__eccdata/mpz_sub
started running mpz_sub
finished mpz_sub
removing targets
analyzing gcc-5__Ou__nettle__eccdata/mpz_mul_si
started running mpz_mul_si
finished mpz_mul_si
removing targets
analyzing gcc-5__Ou__nettle__eccdata/mpz_mul_ui
started running mpz_mul_ui
finished mpz_mul_ui
removing targets
analyzing gcc-5__Ou__nettle__eccdata/mpz_mul
started running mpz_mul
finished mpz_mul
removing targets
analyzing gcc-5__Ou__nettle__eccdata/mpz_mul_2exp
started running mpz_mul_2exp
finished mpz_mul_2exp
removing targets
analyzing gcc-5__Ou__nettle__eccdata/mpz_addmul_ui
started running mpz_addmul_ui
finished mpz_addmul_ui
analyzing gcc-5__Ou__nettle__eccdata/mpz_submul_ui
started running mpz_submul_ui
finished mpz_submul_ui
analyzing gcc-5__Ou__nettle__eccdata/mpz_addmul
started running mpz_addmul
finished mpz_addmul
analyzing gcc-5__Ou__nettle__eccdata/mpz_submul
started running mpz_submul
finished mpz_submul
analyzing gcc-5__Ou__nettle__eccdata/mpz_div_qr
started running mpz_div_qr
analyzing gcc-5__Ou__nettle__eccdata/mpz_cdiv_qr
started running mpz_cdiv_qr
finished mpz_cdiv_qr
analyzing gcc-5__Ou__nettle__eccdata/mpz_fdiv_qr
started running mpz_fdiv_qr
finished mpz_fdiv_qr
analyzing gcc-5__Ou__nettle__eccdata/mpz_tdiv_qr
started running mpz_tdiv_qr
finished mpz_tdiv_qr
analyzing gcc-5__Ou__nettle__eccdata/mpz_cdiv_q
started running mpz_cdiv_q
finished mpz_cdiv_q
analyzing gcc-5__Ou__nettle__eccdata/mpz_fdiv_q
started running mpz_fdiv_q
finished mpz_fdiv_q
analyzing gcc-5__Ou__nettle__eccdata/mpz_tdiv_q
started running mpz_tdiv_q
finished mpz_tdiv_q
analyzing gcc-5__Ou__nettle__eccdata/mpz_cdiv_r
started running mpz_cdiv_r
finished mpz_cdiv_r
analyzing gcc-5__Ou__nettle__eccdata/mpz_fdiv_r
started running mpz_fdiv_r
finished mpz_fdiv_r
analyzing gcc-5__Ou__nettle__eccdata/mpz_tdiv_r
started running mpz_tdiv_r
finished mpz_tdiv_r
analyzing gcc-5__Ou__nettle__eccdata/mpz_mod
started running mpz_mod
analyzing gcc-5__Ou__nettle__eccdata/mpz_div_q_2exp
started running mpz_div_q_2exp
analyzing gcc-5__Ou__nettle__eccdata/mpz_div_r_2exp
started running mpz_div_r_2exp
analyzing gcc-5__Ou__nettle__eccdata/mpz_cdiv_q_2exp
started running mpz_cdiv_q_2exp
finished mpz_cdiv_q_2exp
analyzing gcc-5__Ou__nettle__eccdata/mpz_fdiv_q_2exp
started running mpz_fdiv_q_2exp
finished mpz_fdiv_q_2exp
analyzing gcc-5__Ou__nettle__eccdata/mpz_tdiv_q_2exp
started running mpz_tdiv_q_2exp
finished mpz_tdiv_q_2exp
analyzing gcc-5__Ou__nettle__eccdata/mpz_cdiv_r_2exp
started running mpz_cdiv_r_2exp
finished mpz_cdiv_r_2exp
analyzing gcc-5__Ou__nettle__eccdata/mpz_fdiv_r_2exp
started running mpz_fdiv_r_2exp
finished mpz_fdiv_r_2exp
analyzing gcc-5__Ou__nettle__eccdata/mpz_tdiv_r_2exp
started running mpz_tdiv_r_2exp
finished mpz_tdiv_r_2exp
analyzing gcc-5__Ou__nettle__eccdata/mpz_divexact
started running mpz_divexact
finished mpz_divexact
analyzing gcc-5__Ou__nettle__eccdata/mpz_divisible_p
started running mpz_divisible_p
finished mpz_divisible_p
analyzing gcc-5__Ou__nettle__eccdata/mpz_congruent_p
started running mpz_congruent_p
finished mpz_congruent_p
analyzing gcc-5__Ou__nettle__eccdata/mpz_div_qr_ui
started running mpz_div_qr_ui
analyzing gcc-5__Ou__nettle__eccdata/mpz_cdiv_qr_ui
started running mpz_cdiv_qr_ui
finished mpz_cdiv_qr_ui
analyzing gcc-5__Ou__nettle__eccdata/mpz_fdiv_qr_ui
started running mpz_fdiv_qr_ui
finished mpz_fdiv_qr_ui
analyzing gcc-5__Ou__nettle__eccdata/mpz_tdiv_qr_ui
started running mpz_tdiv_qr_ui
finished mpz_tdiv_qr_ui
analyzing gcc-5__Ou__nettle__eccdata/mpz_cdiv_q_ui
started running mpz_cdiv_q_ui
finished mpz_cdiv_q_ui
analyzing gcc-5__Ou__nettle__eccdata/mpz_fdiv_q_ui
started running mpz_fdiv_q_ui
finished mpz_fdiv_q_ui
analyzing gcc-5__Ou__nettle__eccdata/mpz_tdiv_q_ui
started running mpz_tdiv_q_ui
finished mpz_tdiv_q_ui
analyzing gcc-5__Ou__nettle__eccdata/mpz_cdiv_r_ui
started running mpz_cdiv_r_ui
finished mpz_cdiv_r_ui
analyzing gcc-5__Ou__nettle__eccdata/mpz_fdiv_r_ui
started running mpz_fdiv_r_ui
finished mpz_fdiv_r_ui
analyzing gcc-5__Ou__nettle__eccdata/mpz_tdiv_r_ui
started running mpz_tdiv_r_ui
finished mpz_tdiv_r_ui
analyzing gcc-5__Ou__nettle__eccdata/mpz_cdiv_ui
started running mpz_cdiv_ui
finished mpz_cdiv_ui
analyzing gcc-5__Ou__nettle__eccdata/mpz_fdiv_ui
started running mpz_fdiv_ui
finished mpz_fdiv_ui
analyzing gcc-5__Ou__nettle__eccdata/mpz_tdiv_ui
started running mpz_tdiv_ui
finished mpz_tdiv_ui
analyzing gcc-5__Ou__nettle__eccdata/mpz_mod_ui
started running mpz_mod_ui
finished mpz_mod_ui
analyzing gcc-5__Ou__nettle__eccdata/mpz_divexact_ui
started running mpz_divexact_ui
finished mpz_divexact_ui
analyzing gcc-5__Ou__nettle__eccdata/mpz_divisible_ui_p
started running mpz_divisible_ui_p
finished mpz_divisible_ui_p
analyzing gcc-5__Ou__nettle__eccdata/mpn_gcd_11
started running mpn_gcd_11
finished mpn_gcd_11
removing targets
analyzing gcc-5__Ou__nettle__eccdata/mpz_gcd_ui
started running mpz_gcd_ui
finished mpz_gcd_ui
removing targets
analyzing gcc-5__Ou__nettle__eccdata/mpz_make_odd
started running mpz_make_odd
analyzing gcc-5__Ou__nettle__eccdata/mpz_gcd
started running mpz_gcd
analyzing gcc-5__Ou__nettle__eccdata/mpz_gcdext
started running mpz_gcdext
analyzing gcc-5__Ou__nettle__eccdata/mpz_lcm
started running mpz_lcm
analyzing gcc-5__Ou__nettle__eccdata/mpz_lcm_ui
started running mpz_lcm_ui
analyzing gcc-5__Ou__nettle__eccdata/mpz_invert
started running mpz_invert
finished mpz_invert
removing targets
analyzing gcc-5__Ou__nettle__eccdata/mpz_pow_ui
started running mpz_pow_ui
finished mpz_pow_ui
analyzing gcc-5__Ou__nettle__eccdata/mpz_ui_pow_ui
started running mpz_ui_pow_ui
finished mpz_ui_pow_ui
analyzing gcc-5__Ou__nettle__eccdata/mpz_powm
started running mpz_powm
finished mpz_powm
removing targets
analyzing gcc-5__Ou__nettle__eccdata/mpz_powm_ui
started running mpz_powm_ui
finished mpz_powm_ui
analyzing gcc-5__Ou__nettle__eccdata/mpz_rootrem
started running mpz_rootrem
analyzing gcc-5__Ou__nettle__eccdata/mpz_root
started running mpz_root
finished mpz_root
analyzing gcc-5__Ou__nettle__eccdata/mpz_sqrtrem
started running mpz_sqrtrem
finished mpz_sqrtrem
analyzing gcc-5__Ou__nettle__eccdata/mpz_sqrt
started running mpz_sqrt
finished mpz_sqrt
analyzing gcc-5__Ou__nettle__eccdata/mpz_perfect_square_p
started running mpz_perfect_square_p
analyzing gcc-5__Ou__nettle__eccdata/mpn_perfect_square_p
started running mpn_perfect_square_p
finished mpn_perfect_square_p
removing targets
analyzing gcc-5__Ou__nettle__eccdata/mpn_sqrtrem
started running mpn_sqrtrem
finished mpn_sqrtrem
removing targets
analyzing gcc-5__Ou__nettle__eccdata/mpz_fac_ui
started running mpz_fac_ui
finished mpz_fac_ui
analyzing gcc-5__Ou__nettle__eccdata/mpz_bin_uiui
started running mpz_bin_uiui
finished mpz_bin_uiui
analyzing gcc-5__Ou__nettle__eccdata/gmp_millerrabin
started running gmp_millerrabin
finished gmp_millerrabin
removing targets
analyzing gcc-5__Ou__nettle__eccdata/mpz_probab_prime_p
started running mpz_probab_prime_p
analyzing gcc-5__Ou__nettle__eccdata/mpz_tstbit
started running mpz_tstbit
analyzing gcc-5__Ou__nettle__eccdata/mpz_abs_add_bit
started running mpz_abs_add_bit
analyzing gcc-5__Ou__nettle__eccdata/mpz_abs_sub_bit
started running mpz_abs_sub_bit
analyzing gcc-5__Ou__nettle__eccdata/mpz_setbit
started running mpz_setbit
finished mpz_setbit
analyzing gcc-5__Ou__nettle__eccdata/mpz_clrbit
started running mpz_clrbit
finished mpz_clrbit
analyzing gcc-5__Ou__nettle__eccdata/mpz_combit
started running mpz_combit
analyzing gcc-5__Ou__nettle__eccdata/mpz_com
started running mpz_com
finished mpz_com
analyzing gcc-5__Ou__nettle__eccdata/mpz_and
started running mpz_and
finished mpz_and
removing targets
analyzing gcc-5__Ou__nettle__eccdata/mpz_ior
started running mpz_ior
analyzing gcc-5__Ou__nettle__eccdata/mpz_xor
started running mpz_xor
analyzing gcc-5__Ou__nettle__eccdata/gmp_popcount_limb
started running gmp_popcount_limb
finished gmp_popcount_limb
removing targets
analyzing gcc-5__Ou__nettle__eccdata/mpn_popcount
started running mpn_popcount
finished mpn_popcount
removing targets
analyzing gcc-5__Ou__nettle__eccdata/mpz_popcount
started running mpz_popcount
analyzing gcc-5__Ou__nettle__eccdata/mpz_hamdist
started running mpz_hamdist
analyzing gcc-5__Ou__nettle__eccdata/mpz_scan1
started running mpz_scan1
analyzing gcc-5__Ou__nettle__eccdata/mpz_scan0
started running mpz_scan0
analyzing gcc-5__Ou__nettle__eccdata/mpz_sizeinbase
started running mpz_sizeinbase
finished mpz_sizeinbase
removing targets
analyzing gcc-5__Ou__nettle__eccdata/mpz_get_str
started running mpz_get_str
finished mpz_get_str
removing targets
analyzing gcc-5__Ou__nettle__eccdata/mpz_set_str
started running mpz_set_str
finished mpz_set_str
removing targets
analyzing gcc-5__Ou__nettle__eccdata/mpz_init_set_str
started running mpz_init_set_str
finished mpz_init_set_str
analyzing gcc-5__Ou__nettle__eccdata/mpz_out_str
started running mpz_out_str
finished mpz_out_str
analyzing gcc-5__Ou__nettle__eccdata/gmp_detect_endian
started running gmp_detect_endian
finished gmp_detect_endian
analyzing gcc-5__Ou__nettle__eccdata/mpz_import
started running mpz_import
finished mpz_import
removing targets
analyzing gcc-5__Ou__nettle__eccdata/mpz_export
started running mpz_export
finished mpz_export
removing targets
analyzing gcc-5__Ou__nettle__eccdata/ecc_init
started running ecc_init
finished ecc_init
analyzing gcc-5__Ou__nettle__eccdata/ecc_clear
started running ecc_clear
finished ecc_clear
analyzing gcc-5__Ou__nettle__eccdata/ecc_zero_p
started running ecc_zero_p
analyzing gcc-5__Ou__nettle__eccdata/ecc_equal_p
started running ecc_equal_p
analyzing gcc-5__Ou__nettle__eccdata/ecc_set_zero
started running ecc_set_zero
analyzing gcc-5__Ou__nettle__eccdata/ecc_set
started running ecc_set
analyzing gcc-5__Ou__nettle__eccdata/ecc_dup
started running ecc_dup
finished ecc_dup
analyzing gcc-5__Ou__nettle__eccdata/ecc_add
started running ecc_add
finished ecc_add
analyzing gcc-5__Ou__nettle__eccdata/ecc_mul_binary
started running ecc_mul_binary
finished ecc_mul_binary
removing targets
analyzing gcc-5__Ou__nettle__eccdata/ecc_alloc
started running ecc_alloc
finished ecc_alloc
analyzing gcc-5__Ou__nettle__eccdata/ecc_set_str
started running ecc_set_str
analyzing gcc-5__Ou__nettle__eccdata/ecc_curve_init_str
started running ecc_curve_init_str
analyzing gcc-5__Ou__nettle__eccdata/ecc_curve_init
started running ecc_curve_init
finished ecc_curve_init
removing targets
analyzing gcc-5__Ou__nettle__eccdata/ecc_pippenger_precompute
started running ecc_pippenger_precompute
analyzing gcc-5__Ou__nettle__eccdata/ecc_mul_pippenger
started running ecc_mul_pippenger
analyzing gcc-5__Ou__nettle__eccdata/ecc_point_out
started running ecc_point_out
finished ecc_point_out
removing targets
analyzing gcc-5__Ou__nettle__eccdata/ecc_curve_check
started running ecc_curve_check
finished ecc_curve_check
analyzing gcc-5__Ou__nettle__eccdata/output_digits
started running output_digits
finished output_digits
analyzing gcc-5__Ou__nettle__eccdata/output_bignum
started running output_bignum
finished output_bignum
analyzing gcc-5__Ou__nettle__eccdata/output_point
started running output_point
finished output_point
analyzing gcc-5__Ou__nettle__eccdata/output_modulo
started running output_modulo
finished output_modulo
analyzing gcc-5__Ou__nettle__eccdata/output_curve
started running output_curve
stopped exploration
finished output_curve
