ERROR   | 2021-12-02 03:44:32,479 | root     | b'out of memory'
ERROR   | 2021-12-02 03:44:32,479 | root     | got an error while analyzing mpn_set_str_other
ERROR   | 2021-12-02 03:44:34,258 | root     | b'out of memory'
ERROR   | 2021-12-02 03:44:34,258 | root     | got an error while analyzing mpz_init
ERROR   | 2021-12-02 03:44:34,698 | root     | b'out of memory'
ERROR   | 2021-12-02 03:44:34,698 | root     | got an error while analyzing mpz_init2
ERROR   | 2021-12-02 03:44:35,118 | root     | b'out of memory'
ERROR   | 2021-12-02 03:44:35,118 | root     | got an error while analyzing mpz_clear
ERROR   | 2021-12-02 03:44:35,545 | root     | b'out of memory'
ERROR   | 2021-12-02 03:44:35,545 | root     | got an error while analyzing mpz_realloc
ERROR   | 2021-12-02 03:44:36,653 | root     | b'out of memory'
ERROR   | 2021-12-02 03:44:36,653 | root     | got an error while analyzing mpz_set_si
ERROR   | 2021-12-02 03:44:37,440 | root     | b'out of memory'
ERROR   | 2021-12-02 03:44:37,441 | root     | got an error while analyzing mpz_set_ui
ERROR   | 2021-12-02 03:44:38,240 | root     | b'out of memory'
ERROR   | 2021-12-02 03:44:38,240 | root     | got an error while analyzing mpz_set
ERROR   | 2021-12-02 03:44:39,298 | root     | b'out of memory'
ERROR   | 2021-12-02 03:44:39,298 | root     | got an error while analyzing mpz_fits_slong_p
ERROR   | 2021-12-02 03:44:39,591 | root     | b'out of memory'
ERROR   | 2021-12-02 03:44:39,592 | root     | got an error while analyzing mpz_fits_ulong_p
ERROR   | 2021-12-02 03:44:39,885 | root     | b'out of memory'
ERROR   | 2021-12-02 03:44:39,885 | root     | got an error while analyzing mpz_get_si
ERROR   | 2021-12-02 03:44:40,183 | root     | b'out of memory'
ERROR   | 2021-12-02 03:44:40,183 | root     | got an error while analyzing mpz_get_ui
ERROR   | 2021-12-02 03:44:40,478 | root     | b'out of memory'
ERROR   | 2021-12-02 03:44:40,478 | root     | got an error while analyzing mpz_size
ERROR   | 2021-12-02 03:44:41,399 | root     | b'out of memory'
ERROR   | 2021-12-02 03:44:41,399 | root     | got an error while analyzing mpz_limbs_read
ERROR   | 2021-12-02 03:44:42,322 | root     | b'out of memory'
ERROR   | 2021-12-02 03:44:42,322 | root     | got an error while analyzing mpz_limbs_finish
ERROR   | 2021-12-02 03:44:42,622 | root     | b'out of memory'
ERROR   | 2021-12-02 03:44:42,622 | root     | got an error while analyzing mpz_roinit_n
ERROR   | 2021-12-02 03:44:43,530 | root     | b'out of memory'
ERROR   | 2021-12-02 03:44:43,531 | root     | got an error while analyzing mpz_get_d
ERROR   | 2021-12-02 03:57:33,577 | root     | b'out of memory'
ERROR   | 2021-12-02 03:57:33,577 | root     | got an error while analyzing mpz_abs_add_ui
ERROR   | 2021-12-02 03:57:33,866 | root     | b'out of memory'
ERROR   | 2021-12-02 03:57:33,866 | root     | got an error while analyzing mpz_abs_sub_ui
ERROR   | 2021-12-02 03:57:34,158 | root     | b'out of memory'
ERROR   | 2021-12-02 03:57:34,158 | root     | got an error while analyzing mpz_add_ui
ERROR   | 2021-12-02 03:57:34,455 | root     | b'out of memory'
ERROR   | 2021-12-02 03:57:34,455 | root     | got an error while analyzing mpz_sub_ui
ERROR   | 2021-12-02 03:57:34,747 | root     | b'out of memory'
ERROR   | 2021-12-02 03:57:34,747 | root     | got an error while analyzing mpz_ui_sub
ERROR   | 2021-12-02 03:57:35,040 | root     | b'out of memory'
ERROR   | 2021-12-02 03:57:35,040 | root     | got an error while analyzing mpz_abs_add
ERROR   | 2021-12-02 03:57:35,333 | root     | b'out of memory'
ERROR   | 2021-12-02 03:57:35,334 | root     | got an error while analyzing mpz_abs_sub
ERROR   | 2021-12-02 03:57:35,624 | root     | b'out of memory'
ERROR   | 2021-12-02 03:57:35,625 | root     | got an error while analyzing mpz_add
ERROR   | 2021-12-02 04:00:39,309 | root     | b'out of memory'
ERROR   | 2021-12-02 04:00:39,309 | root     | got an error while analyzing mpz_div_qr
ERROR   | 2021-12-02 04:00:41,838 | root     | b'out of memory'
ERROR   | 2021-12-02 04:00:41,838 | root     | got an error while analyzing mpz_mod
ERROR   | 2021-12-02 04:00:42,107 | root     | b'out of memory'
ERROR   | 2021-12-02 04:00:42,108 | root     | got an error while analyzing mpz_div_q_2exp
ERROR   | 2021-12-02 04:00:42,377 | root     | b'out of memory'
ERROR   | 2021-12-02 04:00:42,377 | root     | got an error while analyzing mpz_div_r_2exp
ERROR   | 2021-12-02 04:04:21,876 | root     | b'out of memory'
ERROR   | 2021-12-02 04:04:21,876 | root     | got an error while analyzing mpz_div_qr_ui
ERROR   | 2021-12-02 04:04:26,843 | root     | b'out of memory'
ERROR   | 2021-12-02 04:04:26,843 | root     | got an error while analyzing mpz_make_odd
ERROR   | 2021-12-02 04:04:27,120 | root     | b'out of memory'
ERROR   | 2021-12-02 04:04:27,120 | root     | got an error while analyzing mpz_gcd
ERROR   | 2021-12-02 04:04:27,399 | root     | b'out of memory'
ERROR   | 2021-12-02 04:04:27,399 | root     | got an error while analyzing mpz_gcdext
ERROR   | 2021-12-02 04:04:27,683 | root     | b'out of memory'
ERROR   | 2021-12-02 04:04:27,683 | root     | got an error while analyzing mpz_lcm
ERROR   | 2021-12-02 04:04:28,090 | root     | b'out of memory'
ERROR   | 2021-12-02 04:04:28,090 | root     | got an error while analyzing mpz_lcm_ui
ERROR   | 2021-12-02 04:08:31,963 | root     | b'out of memory'
ERROR   | 2021-12-02 04:08:31,963 | root     | got an error while analyzing mpz_rootrem
ERROR   | 2021-12-02 04:08:32,982 | root     | b'out of memory'
ERROR   | 2021-12-02 04:08:32,982 | root     | got an error while analyzing mpz_perfect_square_p
ERROR   | 2021-12-02 04:08:34,899 | root     | b'out of memory'
ERROR   | 2021-12-02 04:08:34,899 | root     | got an error while analyzing mpz_probab_prime_p
ERROR   | 2021-12-02 04:08:35,160 | root     | b'out of memory'
ERROR   | 2021-12-02 04:08:35,161 | root     | got an error while analyzing mpz_tstbit
ERROR   | 2021-12-02 04:08:35,422 | root     | b'out of memory'
ERROR   | 2021-12-02 04:08:35,422 | root     | got an error while analyzing mpz_abs_add_bit
ERROR   | 2021-12-02 04:08:35,683 | root     | b'out of memory'
ERROR   | 2021-12-02 04:08:35,683 | root     | got an error while analyzing mpz_abs_sub_bit
ERROR   | 2021-12-02 04:08:36,605 | root     | b'out of memory'
ERROR   | 2021-12-02 04:08:36,605 | root     | got an error while analyzing mpz_combit
ERROR   | 2021-12-02 04:09:31,337 | root     | b'out of memory'
ERROR   | 2021-12-02 04:09:31,337 | root     | got an error while analyzing mpz_ior
ERROR   | 2021-12-02 04:09:31,621 | root     | b'out of memory'
ERROR   | 2021-12-02 04:09:31,621 | root     | got an error while analyzing mpz_xor
ERROR   | 2021-12-02 04:09:32,661 | root     | b'out of memory'
ERROR   | 2021-12-02 04:09:32,661 | root     | got an error while analyzing mpz_popcount
ERROR   | 2021-12-02 04:09:32,959 | root     | b'out of memory'
ERROR   | 2021-12-02 04:09:32,959 | root     | got an error while analyzing mpz_hamdist
ERROR   | 2021-12-02 04:09:33,253 | root     | b'out of memory'
ERROR   | 2021-12-02 04:09:33,253 | root     | got an error while analyzing mpz_scan1
ERROR   | 2021-12-02 04:09:33,547 | root     | b'out of memory'
ERROR   | 2021-12-02 04:09:33,547 | root     | got an error while analyzing mpz_scan0
ERROR   | 2021-12-02 04:09:37,201 | root     | b'out of memory'
ERROR   | 2021-12-02 04:09:37,201 | root     | got an error while analyzing ecc_zero_p
ERROR   | 2021-12-02 04:09:37,498 | root     | b'out of memory'
ERROR   | 2021-12-02 04:09:37,498 | root     | got an error while analyzing ecc_equal_p
ERROR   | 2021-12-02 04:09:37,786 | root     | b'out of memory'
ERROR   | 2021-12-02 04:09:37,786 | root     | got an error while analyzing ecc_set_zero
ERROR   | 2021-12-02 04:09:38,079 | root     | b'out of memory'
ERROR   | 2021-12-02 04:09:38,079 | root     | got an error while analyzing ecc_set
ERROR   | 2021-12-02 04:09:40,072 | root     | b'out of memory'
ERROR   | 2021-12-02 04:09:40,072 | root     | got an error while analyzing ecc_set_str
ERROR   | 2021-12-02 04:09:40,374 | root     | b'out of memory'
ERROR   | 2021-12-02 04:09:40,374 | root     | got an error while analyzing ecc_curve_init_str
ERROR   | 2021-12-02 04:09:41,028 | root     | b'out of memory'
ERROR   | 2021-12-02 04:09:41,028 | root     | got an error while analyzing ecc_pippenger_precompute
ERROR   | 2021-12-02 04:09:41,345 | root     | b'out of memory'
ERROR   | 2021-12-02 04:09:41,345 | root     | got an error while analyzing ecc_mul_pippenger
