gcc-5__Ou__nettle__sexp-conv have 39 funcs
analyzing gcc-5__Ou__nettle__sexp-conv/deregister_tm_clones
started running deregister_tm_clones
finished deregister_tm_clones
removing targets
analyzing gcc-5__Ou__nettle__sexp-conv/register_tm_clones
started running register_tm_clones
finished register_tm_clones
removing targets
analyzing gcc-5__Ou__nettle__sexp-conv/frame_dummy
started running frame_dummy
finished frame_dummy
removing targets
analyzing gcc-5__Ou__nettle__sexp-conv/sexp_convert_item
started running sexp_convert_item
finished sexp_convert_item
removing targets
analyzing gcc-5__Ou__nettle__sexp-conv/match_argument
started running match_argument
finished match_argument
analyzing gcc-5__Ou__nettle__sexp-conv/parse_options
started running parse_options
