gcc-5__Ou__pspp__pspp-dump-sav have 108 funcs
analyzing gcc-5__Ou__pspp__pspp-dump-sav/deregister_tm_clones
started running deregister_tm_clones
finished deregister_tm_clones
removing targets
analyzing gcc-5__Ou__pspp__pspp-dump-sav/register_tm_clones
started running register_tm_clones
finished register_tm_clones
removing targets
analyzing gcc-5__Ou__pspp__pspp-dump-sav/frame_dummy
started running frame_dummy
finished frame_dummy
removing targets
analyzing gcc-5__Ou__pspp__pspp-dump-sav/is_integer_format
started running is_integer_format
finished is_integer_format
removing targets
analyzing gcc-5__Ou__pspp__pspp-dump-sav/integer_convert
started running integer_convert
finished integer_convert
removing targets
analyzing gcc-5__Ou__pspp__pspp-dump-sav/integer_get
started running integer_get
finished integer_get
analyzing gcc-5__Ou__pspp__pspp-dump-sav/integer_put
started running integer_put
finished integer_put
analyzing gcc-5__Ou__pspp__pspp-dump-sav/bytes_differ
started running bytes_differ
finished bytes_differ
analyzing gcc-5__Ou__pspp__pspp-dump-sav/integer_identify
started running integer_identify
finished integer_identify
removing targets
analyzing gcc-5__Ou__pspp__pspp-dump-sav/float_convert
started running float_convert
finished float_convert
removing targets
analyzing gcc-5__Ou__pspp__pspp-dump-sav/float_get_double
started running float_get_double
finished float_get_double
analyzing gcc-5__Ou__pspp__pspp-dump-sav/float_get_size
started running float_get_size
finished float_get_size
removing targets
analyzing gcc-5__Ou__pspp__pspp-dump-sav/float_identify
started running float_identify
