WARNING | 2021-12-02 02:03:37,496 | cle.backends.externs | Symbol was allocated without a known size; emulation may fail if it is used non-opaquely: rl_attempted_completion_function
WARNING | 2021-12-02 02:03:37,496 | cle.backends.externs | Symbol was allocated without a known size; emulation may fail if it is used non-opaquely: grad_config_dir
WARNING | 2021-12-02 02:03:37,497 | cle.backends.externs | Symbol was allocated without a known size; emulation may fail if it is used non-opaquely: rl_getc_function
WARNING | 2021-12-02 02:03:37,497 | cle.backends.externs | Symbol was allocated without a known size; emulation may fail if it is used non-opaquely: grad_source_info_option
WARNING | 2021-12-02 02:03:37,497 | cle.backends.externs | Symbol was allocated without a known size; emulation may fail if it is used non-opaquely: grad_log_dir
WARNING | 2021-12-02 02:03:37,497 | cle.backends.externs | Symbol was allocated without a known size; emulation may fail if it is used non-opaquely: rl_instream
WARNING | 2021-12-02 02:03:37,497 | cle.backends.externs | Symbol was allocated without a known size; emulation may fail if it is used non-opaquely: grad_utmp_file
WARNING | 2021-12-02 02:03:37,497 | cle.backends.externs | Symbol was allocated without a known size; emulation may fail if it is used non-opaquely: rl_readline_name
WARNING | 2021-12-02 02:03:37,497 | cle.backends.externs | Symbol was allocated without a known size; emulation may fail if it is used non-opaquely: grad_wtmp_file
WARNING | 2021-12-02 02:03:37,497 | cle.backends.externs | Symbol was allocated without a known size; emulation may fail if it is used non-opaquely: grad_bug_report_address
WARNING | 2021-12-02 02:03:37,497 | cle.backends.externs | Symbol was allocated without a known size; emulation may fail if it is used non-opaquely: grad_resolve_hostnames
WARNING | 2021-12-02 02:03:37,497 | cle.backends.externs | Symbol was allocated without a known size; emulation may fail if it is used non-opaquely: grad_acct_dir
WARNING | 2021-12-02 02:03:37,497 | cle.backends.externs | Symbol was allocated without a known size; emulation may fail if it is used non-opaquely: grad_pid_dir
WARNING | 2021-12-02 02:03:37,505 | cle.loader | For more information about "Symbol was allocated without a known size", see https://docs.angr.io/extending-angr/environment#simdata
ERROR   | 2021-12-02 03:04:46,280 | root     | list index out of range
ERROR   | 2021-12-02 03:04:46,281 | root     | got an error while analyzing cc_symbol_print
ERROR   | 2021-12-02 03:04:52,079 | root     | b'out of memory'
ERROR   | 2021-12-02 03:04:52,079 | root     | got an error while analyzing cc_reduce_print
ERROR   | 2021-12-02 03:06:03,995 | root     | b'out of memory'
ERROR   | 2021-12-02 03:06:03,995 | root     | got an error while analyzing copy_digit
ERROR   | 2021-12-02 03:06:14,197 | root     | b'out of memory'
ERROR   | 2021-12-02 03:06:14,197 | root     | got an error while analyzing cfg_malloc
ERROR   | 2021-12-02 03:06:16,141 | root     | b'out of memory'
ERROR   | 2021-12-02 03:06:16,141 | root     | got an error while analyzing cfg_type_error
ERROR   | 2021-12-02 03:07:12,681 | root     | b'out of memory'
ERROR   | 2021-12-02 03:07:12,681 | root     | got an error while analyzing radius_switch_to_user
ERROR   | 2021-12-02 03:07:14,565 | root     | b'out of memory'
ERROR   | 2021-12-02 03:07:14,566 | root     | got an error while analyzing radius_exec_command
ERROR   | 2021-12-02 03:07:16,491 | root     | b'out of memory'
ERROR   | 2021-12-02 03:07:16,491 | root     | got an error while analyzing radius_exec_program
ERROR   | 2021-12-02 03:07:20,584 | root     | b'out of memory'
ERROR   | 2021-12-02 03:07:20,584 | root     | got an error while analyzing filter_cleanup_proc
ERROR   | 2021-12-02 03:07:24,266 | root     | b'out of memory'
ERROR   | 2021-12-02 03:07:24,266 | root     | got an error while analyzing filter_close
ERROR   | 2021-12-02 03:07:27,299 | root     | b'out of memory'
ERROR   | 2021-12-02 03:07:27,299 | root     | got an error while analyzing filter_kill
ERROR   | 2021-12-02 03:07:29,274 | root     | list index out of range
ERROR   | 2021-12-02 03:07:29,274 | root     | got an error while analyzing filter_open
ERROR   | 2021-12-02 03:07:31,166 | root     | b'out of memory'
ERROR   | 2021-12-02 03:07:31,166 | root     | got an error while analyzing filter_xlate
ERROR   | 2021-12-02 03:07:35,495 | root     | list index out of range
ERROR   | 2021-12-02 03:07:35,495 | root     | got an error while analyzing filter_read
ERROR   | 2021-12-02 03:07:42,346 | root     | b'out of memory'
ERROR   | 2021-12-02 03:07:42,346 | root     | got an error while analyzing free_symbol_entry
ERROR   | 2021-12-02 03:07:54,215 | root     | b'out of memory'
ERROR   | 2021-12-02 03:07:54,215 | root     | got an error while analyzing locus_dup
ERROR   | 2021-12-02 03:07:57,166 | root     | b'out of memory'
ERROR   | 2021-12-02 03:07:57,166 | root     | got an error while analyzing locus_free
ERROR   | 2021-12-02 03:08:08,179 | root     | b'out of memory'
ERROR   | 2021-12-02 03:08:08,179 | root     | got an error while analyzing free_user_entry
ERROR   | 2021-12-02 03:08:17,149 | root     | b'out of memory'
ERROR   | 2021-12-02 03:08:17,149 | root     | got an error while analyzing user_lookup
ERROR   | 2021-12-02 03:08:19,024 | root     | b'out of memory'
ERROR   | 2021-12-02 03:08:19,025 | root     | got an error while analyzing user_next
ERROR   | 2021-12-02 03:08:29,128 | root     | b'out of memory'
ERROR   | 2021-12-02 03:08:29,128 | root     | got an error while analyzing user_find
ERROR   | 2021-12-02 03:08:30,999 | root     | b'out of memory'
ERROR   | 2021-12-02 03:08:30,999 | root     | got an error while analyzing nextkn
ERROR   | 2021-12-02 03:08:38,826 | root     | b'out of memory'
ERROR   | 2021-12-02 03:08:38,826 | root     | got an error while analyzing rule_eval_rewrite
ERROR   | 2021-12-02 03:08:42,624 | root     | b'out of memory'
ERROR   | 2021-12-02 03:08:42,624 | root     | got an error while analyzing hints_eval_compat
ERROR   | 2021-12-02 03:08:44,492 | root     | b'out of memory'
ERROR   | 2021-12-02 03:08:44,492 | root     | got an error while analyzing hints_setup
ERROR   | 2021-12-02 03:08:55,026 | root     | b'out of memory'
ERROR   | 2021-12-02 03:08:55,026 | root     | got an error while analyzing client_free
ERROR   | 2021-12-02 03:09:06,357 | root     | b'out of memory'
ERROR   | 2021-12-02 03:09:06,357 | root     | got an error while analyzing free_radck_type
ERROR   | 2021-12-02 03:09:23,919 | root     | b'out of memory'
ERROR   | 2021-12-02 03:09:23,919 | root     | got an error while analyzing portcmp
ERROR   | 2021-12-02 03:09:32,092 | root     | list index out of range
ERROR   | 2021-12-02 03:09:32,092 | root     | got an error while analyzing presufcmp
ERROR   | 2021-12-02 03:09:39,897 | root     | b'out of memory'
ERROR   | 2021-12-02 03:09:39,897 | root     | got an error while analyzing matching_rule_free
ERROR   | 2021-12-02 03:09:41,796 | root     | b'out of memory'
ERROR   | 2021-12-02 03:09:41,796 | root     | got an error while analyzing match_char_class
ERROR   | 2021-12-02 03:09:45,775 | root     | b'out of memory'
ERROR   | 2021-12-02 03:09:45,775 | root     | got an error while analyzing matches
ERROR   | 2021-12-02 03:09:47,693 | root     | b'out of memory'
ERROR   | 2021-12-02 03:09:47,694 | root     | got an error while analyzing realm_set_secret
ERROR   | 2021-12-02 03:09:56,805 | root     | b'out of memory'
ERROR   | 2021-12-02 03:09:56,805 | root     | got an error while analyzing dump_user
ERROR   | 2021-12-02 03:10:12,719 | root     | b'out of memory'
ERROR   | 2021-12-02 03:10:12,719 | root     | got an error while analyzing forward_data
ERROR   | 2021-12-02 03:10:14,600 | root     | b'out of memory'
ERROR   | 2021-12-02 03:10:14,600 | root     | got an error while analyzing forwarder
ERROR   | 2021-12-02 03:10:20,135 | root     | b'out of memory'
ERROR   | 2021-12-02 03:10:20,135 | root     | got an error while analyzing fixup_forward_server
ERROR   | 2021-12-02 03:10:29,325 | root     | b'out of memory'
ERROR   | 2021-12-02 03:10:29,325 | root     | got an error while analyzing input_create
ERROR   | 2021-12-02 03:10:33,044 | root     | b'out of memory'
ERROR   | 2021-12-02 03:10:33,044 | root     | got an error while analyzing input_register_method
ERROR   | 2021-12-02 03:10:34,960 | root     | b'out of memory'
ERROR   | 2021-12-02 03:10:34,960 | root     | got an error while analyzing input_register_channel
ERROR   | 2021-12-02 03:10:36,854 | root     | b'out of memory'
ERROR   | 2021-12-02 03:10:36,855 | root     | got an error while analyzing channel_close
ERROR   | 2021-12-02 03:10:38,879 | root     | list index out of range
ERROR   | 2021-12-02 03:10:38,879 | root     | got an error while analyzing channel_handle
ERROR   | 2021-12-02 03:10:41,928 | root     | b'out of memory'
ERROR   | 2021-12-02 03:10:41,928 | root     | got an error while analyzing input_close_channels
ERROR   | 2021-12-02 03:10:43,842 | root     | b'out of memory'
ERROR   | 2021-12-02 03:10:43,842 | root     | got an error while analyzing input_close_channel_fd
ERROR   | 2021-12-02 03:10:45,733 | root     | b'out of memory'
ERROR   | 2021-12-02 03:10:45,733 | root     | got an error while analyzing input_find_channel
ERROR   | 2021-12-02 03:10:47,628 | root     | b'out of memory'
ERROR   | 2021-12-02 03:10:47,629 | root     | got an error while analyzing input_close_channel_data
ERROR   | 2021-12-02 03:10:49,671 | root     | list index out of range
ERROR   | 2021-12-02 03:10:49,672 | root     | got an error while analyzing input_select
ERROR   | 2021-12-02 03:10:51,570 | root     | b'out of memory'
ERROR   | 2021-12-02 03:10:51,570 | root     | got an error while analyzing input_select_channel
ERROR   | 2021-12-02 03:10:53,431 | root     | b'out of memory'
ERROR   | 2021-12-02 03:10:53,431 | root     | got an error while analyzing input_iterate_channels
ERROR   | 2021-12-02 03:10:56,401 | root     | b'out of memory'
ERROR   | 2021-12-02 03:10:56,403 | root     | got an error while analyzing logbuf_append
ERROR   | 2021-12-02 03:11:00,117 | root     | b'out of memory'
ERROR   | 2021-12-02 03:11:00,117 | root     | got an error while analyzing logbuf_vformat
ERROR   | 2021-12-02 03:11:01,984 | root     | b'out of memory'
ERROR   | 2021-12-02 03:11:01,984 | root     | got an error while analyzing logbuf_ptr
ERROR   | 2021-12-02 03:11:03,857 | root     | b'out of memory'
ERROR   | 2021-12-02 03:11:03,857 | root     | got an error while analyzing logbuf_printable_length
ERROR   | 2021-12-02 03:11:14,060 | root     | b'out of memory'
ERROR   | 2021-12-02 03:11:14,061 | root     | got an error while analyzing run_log_hook
ERROR   | 2021-12-02 03:11:15,928 | root     | b'out of memory'
ERROR   | 2021-12-02 03:11:15,928 | root     | got an error while analyzing log_format_hook
ERROR   | 2021-12-02 03:11:17,815 | root     | b'out of memory'
ERROR   | 2021-12-02 03:11:17,815 | root     | got an error while analyzing channel_open_file
ERROR   | 2021-12-02 03:11:21,652 | root     | b'out of memory'
ERROR   | 2021-12-02 03:11:21,652 | root     | got an error while analyzing log_to_channel
ERROR   | 2021-12-02 03:11:27,531 | root     | b'out of memory'
ERROR   | 2021-12-02 03:11:27,531 | root     | got an error while analyzing channel_free
ERROR   | 2021-12-02 03:11:37,335 | root     | b'out of memory'
ERROR   | 2021-12-02 03:11:37,335 | root     | got an error while analyzing register_channel
ERROR   | 2021-12-02 03:11:39,337 | root     | list index out of range
ERROR   | 2021-12-02 03:11:39,337 | root     | got an error while analyzing register_category0
ERROR   | 2021-12-02 03:12:01,040 | root     | b'out of memory'
ERROR   | 2021-12-02 03:12:01,040 | root     | got an error while analyzing get_priority
ERROR   | 2021-12-02 03:12:20,597 | root     | b'out of memory'
ERROR   | 2021-12-02 03:12:20,597 | root     | got an error while analyzing mlc_register_method
ERROR   | 2021-12-02 03:12:24,401 | root     | list index out of range
ERROR   | 2021-12-02 03:12:24,402 | root     | got an error while analyzing radius_mlc_collect_user
ERROR   | 2021-12-02 03:12:26,386 | root     | list index out of range
ERROR   | 2021-12-02 03:12:26,386 | root     | got an error while analyzing radius_mlc_collect_realm
ERROR   | 2021-12-02 03:12:28,385 | root     | list index out of range
ERROR   | 2021-12-02 03:12:28,386 | root     | got an error while analyzing radius_mlc_close
ERROR   | 2021-12-02 03:12:31,538 | root     | b'out of memory'
ERROR   | 2021-12-02 03:12:31,538 | root     | got an error while analyzing check_ts
ERROR   | 2021-12-02 03:13:12,504 | root     | b'out of memory'
ERROR   | 2021-12-02 03:13:12,504 | root     | got an error while analyzing radius_mlc_realm
ERROR   | 2021-12-02 03:13:14,416 | root     | b'out of memory'
ERROR   | 2021-12-02 03:13:14,416 | root     | got an error while analyzing name_cmp
ERROR   | 2021-12-02 03:13:21,871 | root     | b'out of memory'
ERROR   | 2021-12-02 03:13:21,871 | root     | got an error while analyzing passwd_recode
ERROR   | 2021-12-02 03:13:23,802 | root     | b'out of memory'
ERROR   | 2021-12-02 03:13:23,802 | root     | got an error while analyzing tunnel_passwd_recode
ERROR   | 2021-12-02 03:13:27,676 | root     | b'out of memory'
ERROR   | 2021-12-02 03:13:27,676 | root     | got an error while analyzing proxy_cmp
ERROR   | 2021-12-02 03:13:29,596 | root     | b'out of memory'
ERROR   | 2021-12-02 03:13:29,596 | root     | got an error while analyzing proxy_send_pdu
ERROR   | 2021-12-02 03:13:31,493 | root     | b'out of memory'
ERROR   | 2021-12-02 03:13:31,493 | root     | got an error while analyzing proxy_send_request
ERROR   | 2021-12-02 03:13:36,667 | root     | b'out of memory'
ERROR   | 2021-12-02 03:13:36,667 | root     | got an error while analyzing proxy_send
ERROR   | 2021-12-02 03:13:38,584 | root     | b'out of memory'
ERROR   | 2021-12-02 03:13:38,584 | root     | got an error while analyzing proxy_retry
ERROR   | 2021-12-02 03:13:40,495 | root     | b'out of memory'
ERROR   | 2021-12-02 03:13:40,495 | root     | got an error while analyzing select_propagated
ERROR   | 2021-12-02 03:13:42,431 | root     | b'out of memory'
ERROR   | 2021-12-02 03:13:42,431 | root     | got an error while analyzing proxy_receive
ERROR   | 2021-12-02 03:13:44,336 | root     | b'out of memory'
ERROR   | 2021-12-02 03:13:44,336 | root     | got an error while analyzing sym_counter
ERROR   | 2021-12-02 03:13:46,279 | root     | b'out of memory'
ERROR   | 2021-12-02 03:13:46,279 | root     | got an error while analyzing radck_setbit
ERROR   | 2021-12-02 03:13:48,199 | root     | b'out of memory'
ERROR   | 2021-12-02 03:13:48,199 | root     | got an error while analyzing radck_bitisset
ERROR   | 2021-12-02 03:13:51,556 | root     | b'out of memory'
ERROR   | 2021-12-02 03:13:51,556 | root     | got an error while analyzing mark_profile
ERROR   | 2021-12-02 03:13:55,470 | root     | b'out of memory'
ERROR   | 2021-12-02 03:13:55,470 | root     | got an error while analyzing pass1
ERROR   | 2021-12-02 03:13:57,371 | root     | b'out of memory'
ERROR   | 2021-12-02 03:13:57,371 | root     | got an error while analyzing pass2
ERROR   | 2021-12-02 03:14:01,127 | root     | b'out of memory'
ERROR   | 2021-12-02 03:14:01,127 | root     | got an error while analyzing check_dup_attr
ERROR   | 2021-12-02 03:14:03,039 | root     | b'out of memory'
ERROR   | 2021-12-02 03:14:03,040 | root     | got an error while analyzing compile_pair
ERROR   | 2021-12-02 03:14:04,936 | root     | b'out of memory'
ERROR   | 2021-12-02 03:14:04,936 | root     | got an error while analyzing fix_check_pairs
ERROR   | 2021-12-02 03:14:07,985 | root     | b'out of memory'
ERROR   | 2021-12-02 03:14:07,985 | root     | got an error while analyzing fix_reply_pairs
ERROR   | 2021-12-02 03:14:11,996 | root     | b'out of memory'
ERROR   | 2021-12-02 03:14:11,996 | root     | got an error while analyzing radius_send_reply
ERROR   | 2021-12-02 03:14:13,913 | root     | b'out of memory'
ERROR   | 2021-12-02 03:14:13,913 | root     | got an error while analyzing validate_client
ERROR   | 2021-12-02 03:14:15,806 | root     | b'out of memory'
ERROR   | 2021-12-02 03:14:15,806 | root     | got an error while analyzing radius_verify_digest
ERROR   | 2021-12-02 03:14:17,696 | root     | b'out of memory'
ERROR   | 2021-12-02 03:14:17,696 | root     | got an error while analyzing add_server_address
ERROR   | 2021-12-02 03:14:19,606 | root     | b'out of memory'
ERROR   | 2021-12-02 03:14:19,607 | root     | got an error while analyzing radius_auth_req_decode
ERROR   | 2021-12-02 03:14:22,619 | root     | b'out of memory'
ERROR   | 2021-12-02 03:14:22,619 | root     | got an error while analyzing radius_acct_req_decode
ERROR   | 2021-12-02 03:14:24,505 | root     | b'out of memory'
ERROR   | 2021-12-02 03:14:24,507 | root     | got an error while analyzing decrypt_pair
ERROR   | 2021-12-02 03:14:33,168 | root     | b'out of memory'
ERROR   | 2021-12-02 03:14:33,168 | root     | got an error while analyzing radius_req_cmp
ERROR   | 2021-12-02 03:14:35,078 | root     | b'out of memory'
ERROR   | 2021-12-02 03:14:35,078 | root     | got an error while analyzing radius_req_update
ERROR   | 2021-12-02 03:14:40,349 | root     | list index out of range
ERROR   | 2021-12-02 03:14:40,349 | root     | got an error while analyzing radius_req_drop
ERROR   | 2021-12-02 03:14:42,419 | root     | b'out of memory'
ERROR   | 2021-12-02 03:14:42,419 | root     | got an error while analyzing radius_req_xmit
ERROR   | 2021-12-02 03:14:48,391 | root     | b'out of memory'
ERROR   | 2021-12-02 03:14:48,391 | root     | got an error while analyzing radius_respond
ERROR   | 2021-12-02 03:14:50,325 | root     | b'out of memory'
ERROR   | 2021-12-02 03:14:50,325 | root     | got an error while analyzing radius_req_register_locus
ERROR   | 2021-12-02 03:14:52,265 | root     | b'out of memory'
ERROR   | 2021-12-02 03:14:52,265 | root     | got an error while analyzing skip_common_substring
ERROR   | 2021-12-02 03:14:55,312 | root     | b'out of memory'
ERROR   | 2021-12-02 03:14:55,312 | root     | got an error while analyzing radius_trace_path
ERROR   | 2021-12-02 03:16:36,119 | root     | b'out of memory'
ERROR   | 2021-12-02 03:16:36,121 | root     | got an error while analyzing radiusd_restart
ERROR   | 2021-12-02 03:16:38,100 | root     | b'out of memory'
ERROR   | 2021-12-02 03:16:38,100 | root     | got an error while analyzing radiusd_rpp_wait
ERROR   | 2021-12-02 03:16:47,576 | root     | b'out of memory'
ERROR   | 2021-12-02 03:16:47,576 | root     | got an error while analyzing radiusd_set_preconfig_hook
ERROR   | 2021-12-02 03:16:50,855 | root     | b'out of memory'
ERROR   | 2021-12-02 03:16:50,855 | root     | got an error while analyzing radiusd_set_postconfig_hook
ERROR   | 2021-12-02 03:17:09,608 | root     | list index out of range
ERROR   | 2021-12-02 03:17:09,609 | root     | got an error while analyzing udp_input_handler
ERROR   | 2021-12-02 03:17:13,389 | root     | b'out of memory'
ERROR   | 2021-12-02 03:17:13,390 | root     | got an error while analyzing udp_input_cmp
ERROR   | 2021-12-02 03:17:18,029 | root     | list index out of range
ERROR   | 2021-12-02 03:17:18,029 | root     | got an error while analyzing udp_open
ERROR   | 2021-12-02 03:17:19,878 | root     | b'out of memory'
ERROR   | 2021-12-02 03:17:19,878 | root     | got an error while analyzing channel_counter
ERROR   | 2021-12-02 03:17:42,442 | root     | list index out of range
ERROR   | 2021-12-02 03:17:42,443 | root     | got an error while analyzing curtime_to_str
ERROR   | 2021-12-02 03:17:46,180 | root     | b'out of memory'
ERROR   | 2021-12-02 03:17:46,180 | root     | got an error while analyzing parse_dict_attr
ERROR   | 2021-12-02 03:17:48,047 | root     | b'out of memory'
ERROR   | 2021-12-02 03:17:48,047 | root     | got an error while analyzing radius_xlate0
ERROR   | 2021-12-02 03:17:49,915 | root     | b'out of memory'
ERROR   | 2021-12-02 03:17:49,916 | root     | got an error while analyzing radius_xlate
ERROR   | 2021-12-02 03:17:51,769 | root     | b'out of memory'
ERROR   | 2021-12-02 03:17:51,769 | root     | got an error while analyzing util_xlate
ERROR   | 2021-12-02 03:17:53,625 | root     | b'out of memory'
ERROR   | 2021-12-02 03:17:53,625 | root     | got an error while analyzing pair_set_value
ERROR   | 2021-12-02 03:17:56,603 | root     | b'out of memory'
ERROR   | 2021-12-02 03:17:56,603 | root     | got an error while analyzing radius_eval_avp
ERROR   | 2021-12-02 03:18:00,411 | root     | b'out of memory'
ERROR   | 2021-12-02 03:18:00,411 | root     | got an error while analyzing radiusd_request_alloc
ERROR   | 2021-12-02 03:18:02,304 | root     | b'out of memory'
ERROR   | 2021-12-02 03:18:02,304 | root     | got an error while analyzing radiusd_request_free
ERROR   | 2021-12-02 03:18:04,186 | root     | b'out of memory'
ERROR   | 2021-12-02 03:18:04,186 | root     | got an error while analyzing request_create
ERROR   | 2021-12-02 03:18:07,937 | root     | b'out of memory'
ERROR   | 2021-12-02 03:18:07,937 | root     | got an error while analyzing request_drop
ERROR   | 2021-12-02 03:18:09,777 | root     | b'out of memory'
ERROR   | 2021-12-02 03:18:09,777 | root     | got an error while analyzing request_respond
ERROR   | 2021-12-02 03:18:12,864 | root     | b'out of memory'
ERROR   | 2021-12-02 03:18:12,864 | root     | got an error while analyzing request_xmit
ERROR   | 2021-12-02 03:18:14,760 | root     | b'out of memory'
ERROR   | 2021-12-02 03:18:14,760 | root     | got an error while analyzing request_cmp
ERROR   | 2021-12-02 03:18:16,641 | root     | b'out of memory'
ERROR   | 2021-12-02 03:18:16,641 | root     | got an error while analyzing request_cleanup
ERROR   | 2021-12-02 03:18:20,352 | root     | b'out of memory'
ERROR   | 2021-12-02 03:18:20,353 | root     | got an error while analyzing request_retransmit
ERROR   | 2021-12-02 03:18:22,195 | root     | list index out of range
ERROR   | 2021-12-02 03:18:22,195 | root     | got an error while analyzing request_call_handler
ERROR   | 2021-12-02 03:18:30,076 | root     | b'out of memory'
ERROR   | 2021-12-02 03:18:30,076 | root     | got an error while analyzing request_fail
ERROR   | 2021-12-02 03:18:39,634 | root     | list index out of range
ERROR   | 2021-12-02 03:18:39,634 | root     | got an error while analyzing rw_yy_symbol_print
ERROR   | 2021-12-02 03:18:44,631 | root     | b'out of memory'
ERROR   | 2021-12-02 03:18:44,631 | root     | got an error while analyzing rw_yy_reduce_print
ERROR   | 2021-12-02 03:19:36,803 | root     | b'out of memory'
ERROR   | 2021-12-02 03:19:36,803 | root     | got an error while analyzing obj_alloc
ERROR   | 2021-12-02 03:19:38,707 | root     | b'out of memory'
ERROR   | 2021-12-02 03:19:38,708 | root     | got an error while analyzing obj_free_all
ERROR   | 2021-12-02 03:19:42,379 | root     | b'out of memory'
ERROR   | 2021-12-02 03:19:42,379 | root     | got an error while analyzing frame_push
ERROR   | 2021-12-02 03:20:05,430 | root     | b'out of memory'
ERROR   | 2021-12-02 03:20:05,430 | root     | got an error while analyzing var_alloc
ERROR   | 2021-12-02 03:20:17,714 | root     | b'out of memory'
ERROR   | 2021-12-02 03:20:17,714 | root     | got an error while analyzing mtx_insert
ERROR   | 2021-12-02 03:20:27,903 | root     | b'out of memory'
ERROR   | 2021-12-02 03:20:27,903 | root     | got an error while analyzing mtx_frame
ERROR   | 2021-12-02 03:20:38,138 | root     | b'out of memory'
ERROR   | 2021-12-02 03:20:38,139 | root     | got an error while analyzing mtx_return
ERROR   | 2021-12-02 03:20:40,061 | root     | b'out of memory'
ERROR   | 2021-12-02 03:20:40,062 | root     | got an error while analyzing mtx_alloc
ERROR   | 2021-12-02 03:20:41,970 | root     | b'out of memory'
ERROR   | 2021-12-02 03:20:41,970 | root     | got an error while analyzing mtx_const
ERROR   | 2021-12-02 03:20:43,872 | root     | b'out of memory'
ERROR   | 2021-12-02 03:20:43,872 | root     | got an error while analyzing mtx_ref
ERROR   | 2021-12-02 03:20:45,744 | root     | b'out of memory'
ERROR   | 2021-12-02 03:20:45,744 | root     | got an error while analyzing mtx_var
ERROR   | 2021-12-02 03:20:47,622 | root     | b'out of memory'
ERROR   | 2021-12-02 03:20:47,622 | root     | got an error while analyzing mtx_asgn
ERROR   | 2021-12-02 03:20:49,475 | root     | b'out of memory'
ERROR   | 2021-12-02 03:20:49,475 | root     | got an error while analyzing attr_datatype
ERROR   | 2021-12-02 03:20:51,342 | root     | b'out of memory'
ERROR   | 2021-12-02 03:20:51,342 | root     | got an error while analyzing mtx_attr
ERROR   | 2021-12-02 03:20:54,347 | root     | b'out of memory'
ERROR   | 2021-12-02 03:20:54,347 | root     | got an error while analyzing mtx_attr_check
ERROR   | 2021-12-02 03:20:58,200 | root     | b'out of memory'
ERROR   | 2021-12-02 03:20:58,201 | root     | got an error while analyzing mtx_attr_asgn
ERROR   | 2021-12-02 03:21:00,069 | root     | b'out of memory'
ERROR   | 2021-12-02 03:21:00,069 | root     | got an error while analyzing mtx_attr_delete
ERROR   | 2021-12-02 03:21:01,934 | root     | b'out of memory'
ERROR   | 2021-12-02 03:21:01,934 | root     | got an error while analyzing mtx_bin
ERROR   | 2021-12-02 03:21:03,824 | root     | b'out of memory'
ERROR   | 2021-12-02 03:21:03,825 | root     | got an error while analyzing mtx_un
ERROR   | 2021-12-02 03:21:05,705 | root     | b'out of memory'
ERROR   | 2021-12-02 03:21:05,705 | root     | got an error while analyzing mtx_match
ERROR   | 2021-12-02 03:21:07,568 | root     | b'out of memory'
ERROR   | 2021-12-02 03:21:07,568 | root     | got an error while analyzing mtx_cond
ERROR   | 2021-12-02 03:21:10,576 | root     | b'out of memory'
ERROR   | 2021-12-02 03:21:10,576 | root     | got an error while analyzing mtx_coerce
ERROR   | 2021-12-02 03:21:12,471 | root     | b'out of memory'
ERROR   | 2021-12-02 03:21:12,471 | root     | got an error while analyzing coerce
ERROR   | 2021-12-02 03:21:14,363 | root     | b'out of memory'
ERROR   | 2021-12-02 03:21:14,363 | root     | got an error while analyzing mtx_call
ERROR   | 2021-12-02 03:21:16,314 | root     | b'out of memory'
ERROR   | 2021-12-02 03:21:16,314 | root     | got an error while analyzing mtx_builtin
ERROR   | 2021-12-02 03:21:27,591 | root     | b'out of memory'
ERROR   | 2021-12-02 03:21:27,591 | root     | got an error while analyzing pass2_unary
ERROR   | 2021-12-02 03:21:29,475 | root     | b'out of memory'
ERROR   | 2021-12-02 03:21:29,476 | root     | got an error while analyzing pass2_binary
ERROR   | 2021-12-02 03:21:31,379 | root     | b'out of memory'
ERROR   | 2021-12-02 03:21:31,379 | root     | got an error while analyzing mtx_branch
ERROR   | 2021-12-02 03:21:33,281 | root     | b'out of memory'
ERROR   | 2021-12-02 03:21:33,281 | root     | got an error while analyzing mtx_bool
ERROR   | 2021-12-02 03:21:40,884 | root     | b'out of memory'
ERROR   | 2021-12-02 03:21:40,884 | root     | got an error while analyzing add_target
ERROR   | 2021-12-02 03:21:43,906 | root     | b'out of memory'
ERROR   | 2021-12-02 03:21:43,907 | root     | got an error while analyzing fixup_target
ERROR   | 2021-12-02 03:21:54,973 | root     | b'out of memory'
ERROR   | 2021-12-02 03:21:54,973 | root     | got an error while analyzing rx_alloc
ERROR   | 2021-12-02 03:22:09,795 | root     | b'out of memory'
ERROR   | 2021-12-02 03:22:09,795 | root     | got an error while analyzing pushstr
ERROR   | 2021-12-02 03:22:18,322 | root     | b'out of memory'
ERROR   | 2021-12-02 03:22:18,322 | root     | got an error while analyzing temp_space_copy
ERROR   | 2021-12-02 03:22:20,224 | root     | b'out of memory'
ERROR   | 2021-12-02 03:22:20,224 | root     | got an error while analyzing temp_space_fix
ERROR   | 2021-12-02 03:22:22,130 | root     | b'out of memory'
ERROR   | 2021-12-02 03:22:22,130 | root     | got an error while analyzing cpopn
ERROR   | 2021-12-02 03:22:25,794 | root     | b'out of memory'
ERROR   | 2021-12-02 03:22:25,796 | root     | got an error while analyzing mem2string
ERROR   | 2021-12-02 03:22:39,865 | root     | b'out of memory'
ERROR   | 2021-12-02 03:22:39,865 | root     | got an error while analyzing getarg
ERROR   | 2021-12-02 03:22:41,757 | root     | list index out of range
ERROR   | 2021-12-02 03:22:41,758 | root     | got an error while analyzing rw_error
ERROR   | 2021-12-02 03:22:43,629 | root     | list index out of range
ERROR   | 2021-12-02 03:22:43,629 | root     | got an error while analyzing rw_error_free
ERROR   | 2021-12-02 03:22:55,557 | root     | b'out of memory'
ERROR   | 2021-12-02 03:22:55,557 | root     | got an error while analyzing rw_pushref
ERROR   | 2021-12-02 03:22:57,420 | root     | b'out of memory'
ERROR   | 2021-12-02 03:22:57,420 | root     | got an error while analyzing rw_pushv
ERROR   | 2021-12-02 03:23:02,187 | root     | b'out of memory'
ERROR   | 2021-12-02 03:23:02,187 | root     | got an error while analyzing rw_asgn
ERROR   | 2021-12-02 03:23:09,746 | root     | list index out of range
ERROR   | 2021-12-02 03:23:09,747 | root     | got an error while analyzing attrasgn_internal
ERROR   | 2021-12-02 03:23:34,521 | root     | b'out of memory'
ERROR   | 2021-12-02 03:23:34,521 | root     | got an error while analyzing rw_adds
ERROR   | 2021-12-02 03:24:25,799 | root     | b'out of memory'
ERROR   | 2021-12-02 03:24:25,799 | root     | got an error while analyzing rw_ges
ERROR   | 2021-12-02 03:24:31,405 | root     | b'out of memory'
ERROR   | 2021-12-02 03:24:31,405 | root     | got an error while analyzing rw_match
ERROR   | 2021-12-02 03:24:40,236 | root     | list index out of range
ERROR   | 2021-12-02 03:24:40,236 | root     | got an error while analyzing rw_builtin
ERROR   | 2021-12-02 03:24:42,153 | root     | b'out of memory'
ERROR   | 2021-12-02 03:24:42,153 | root     | got an error while analyzing run
ERROR   | 2021-12-02 03:25:42,148 | root     | b'out of memory'
ERROR   | 2021-12-02 03:25:42,148 | root     | got an error while analyzing add_match_segment
ERROR   | 2021-12-02 03:25:45,155 | root     | b'out of memory'
ERROR   | 2021-12-02 03:25:45,155 | root     | got an error while analyzing add_ref_segment
ERROR   | 2021-12-02 03:25:54,993 | root     | list index out of range
ERROR   | 2021-12-02 03:25:54,994 | root     | got an error while analyzing bi_gsub
ERROR   | 2021-12-02 03:26:03,573 | root     | b'out of memory'
ERROR   | 2021-12-02 03:26:03,573 | root     | got an error while analyzing bi_quote_string
ERROR   | 2021-12-02 03:26:05,474 | root     | b'out of memory'
ERROR   | 2021-12-02 03:26:05,475 | root     | got an error while analyzing bi_unquote_string
ERROR   | 2021-12-02 03:26:20,265 | root     | b'out of memory'
ERROR   | 2021-12-02 03:26:20,265 | root     | got an error while analyzing function_free
ERROR   | 2021-12-02 03:26:22,164 | root     | b'out of memory'
ERROR   | 2021-12-02 03:26:22,165 | root     | got an error while analyzing function_install
ERROR   | 2021-12-02 03:26:32,569 | root     | b'out of memory'
ERROR   | 2021-12-02 03:26:32,569 | root     | got an error while analyzing return_value
ERROR   | 2021-12-02 03:26:50,880 | root     | b'out of memory'
ERROR   | 2021-12-02 03:26:50,880 | root     | got an error while analyzing try_load
ERROR   | 2021-12-02 03:26:52,724 | root     | b'out of memory'
ERROR   | 2021-12-02 03:26:52,724 | root     | got an error while analyzing rewrite_load_module
ERROR   | 2021-12-02 03:27:14,092 | root     | b'out of memory'
ERROR   | 2021-12-02 03:27:14,092 | root     | got an error while analyzing grad_value_free
ERROR   | 2021-12-02 03:27:16,032 | root     | b'out of memory'
ERROR   | 2021-12-02 03:27:16,033 | root     | got an error while analyzing pipe_write
ERROR   | 2021-12-02 03:27:17,980 | root     | b'out of memory'
ERROR   | 2021-12-02 03:27:17,981 | root     | got an error while analyzing pipe_read
ERROR   | 2021-12-02 03:27:32,385 | root     | b'out of memory'
ERROR   | 2021-12-02 03:27:32,385 | root     | got an error while analyzing rpp_comparator
ERROR   | 2021-12-02 03:27:36,089 | root     | b'out of memory'
ERROR   | 2021-12-02 03:27:36,089 | root     | got an error while analyzing rpp_remove
ERROR   | 2021-12-02 03:27:55,349 | root     | b'out of memory'
ERROR   | 2021-12-02 03:27:55,349 | root     | got an error while analyzing rpp_forward_request
ERROR   | 2021-12-02 03:28:18,098 | root     | b'out of memory'
ERROR   | 2021-12-02 03:28:18,098 | root     | got an error while analyzing scheme_eval_avl
ERROR   | 2021-12-02 03:28:20,003 | root     | b'out of memory'
ERROR   | 2021-12-02 03:28:20,003 | root     | got an error while analyzing sql_auth_avail_p
ERROR   | 2021-12-02 03:28:21,877 | root     | b'out of memory'
ERROR   | 2021-12-02 03:28:21,877 | root     | got an error while analyzing timespan_new
ERROR   | 2021-12-02 03:28:27,027 | root     | b'out of memory'
ERROR   | 2021-12-02 03:28:27,027 | root     | got an error while analyzing timespan_parse
ERROR   | 2021-12-02 03:28:30,827 | root     | b'out of memory'
ERROR   | 2021-12-02 03:28:30,827 | root     | got an error while analyzing ts_parse
ERROR   | 2021-12-02 03:28:46,584 | root     | list index out of range
ERROR   | 2021-12-02 03:28:46,585 | root     | got an error while analyzing tsh_run_rewrite
ERROR   | 2021-12-02 03:28:48,555 | root     | list index out of range
ERROR   | 2021-12-02 03:28:48,556 | root     | got an error while analyzing tsh_source_rewrite
ERROR   | 2021-12-02 03:29:26,237 | root     | b'out of memory'
ERROR   | 2021-12-02 03:29:26,238 | root     | got an error while analyzing tsh_find_function
ERROR   | 2021-12-02 03:29:30,049 | root     | b'out of memory'
ERROR   | 2021-12-02 03:29:30,049 | root     | got an error while analyzing tsh_run_command
ERROR   | 2021-12-02 03:29:38,578 | root     | list index out of range
ERROR   | 2021-12-02 03:29:38,578 | root     | got an error while analyzing version
ERROR   | 2021-12-02 03:29:48,068 | root     | b'out of memory'
ERROR   | 2021-12-02 03:29:48,068 | root     | got an error while analyzing oid_dup
ERROR   | 2021-12-02 03:29:53,207 | root     | b'out of memory'
ERROR   | 2021-12-02 03:29:53,208 | root     | got an error while analyzing oid_create_from_string
ERROR   | 2021-12-02 03:29:55,160 | root     | list index out of range
ERROR   | 2021-12-02 03:29:55,160 | root     | got an error while analyzing oid_create_from_subid
ERROR   | 2021-12-02 03:29:57,045 | root     | b'out of memory'
ERROR   | 2021-12-02 03:29:57,046 | root     | got an error while analyzing oid_cmp
ERROR   | 2021-12-02 03:29:58,930 | root     | b'out of memory'
ERROR   | 2021-12-02 03:29:58,930 | root     | got an error while analyzing sprint_oid
ERROR   | 2021-12-02 03:30:00,815 | root     | b'out of memory'
ERROR   | 2021-12-02 03:30:00,816 | root     | got an error while analyzing snmp_pdu_create
ERROR   | 2021-12-02 03:30:04,596 | root     | b'out of memory'
ERROR   | 2021-12-02 03:30:04,596 | root     | got an error while analyzing snmp_pdu_add_var
ERROR   | 2021-12-02 03:30:09,749 | root     | b'out of memory'
ERROR   | 2021-12-02 03:30:09,749 | root     | got an error while analyzing snmp_pdu_encode
ERROR   | 2021-12-02 03:30:19,933 | root     | b'out of memory'
ERROR   | 2021-12-02 03:30:19,933 | root     | got an error while analyzing snmp_send
ERROR   | 2021-12-02 03:30:21,800 | root     | b'out of memory'
ERROR   | 2021-12-02 03:30:21,800 | root     | got an error while analyzing snmp_request_xmit
ERROR   | 2021-12-02 03:30:31,162 | root     | b'out of memory'
ERROR   | 2021-12-02 03:30:31,162 | root     | got an error while analyzing snmp_fdset
ERROR   | 2021-12-02 03:30:37,079 | root     | b'out of memory'
ERROR   | 2021-12-02 03:30:37,079 | root     | got an error while analyzing snmp_session_create
ERROR   | 2021-12-02 03:30:39,453 | root     | list index out of range
ERROR   | 2021-12-02 03:30:39,453 | root     | got an error while analyzing snmp_session_open
ERROR   | 2021-12-02 03:30:41,376 | root     | b'out of memory'
ERROR   | 2021-12-02 03:30:41,376 | root     | got an error while analyzing snmp_session_close
ERROR   | 2021-12-02 03:30:54,224 | root     | list index out of range
ERROR   | 2021-12-02 03:30:54,224 | root     | got an error while analyzing snmp_var_create
ERROR   | 2021-12-02 03:30:56,084 | root     | b'out of memory'
ERROR   | 2021-12-02 03:30:56,085 | root     | got an error while analyzing snmp_var_dup
ERROR   | 2021-12-02 03:31:00,028 | root     | b'out of memory'
ERROR   | 2021-12-02 03:31:00,028 | root     | got an error while analyzing snmp_var_decode
ERROR   | 2021-12-02 03:31:07,181 | root     | b'out of memory'
ERROR   | 2021-12-02 03:31:07,182 | root     | got an error while analyzing asn_decode_length
ERROR   | 2021-12-02 03:31:09,066 | root     | b'out of memory'
ERROR   | 2021-12-02 03:31:09,066 | root     | got an error while analyzing asn_encode_length
ERROR   | 2021-12-02 03:31:10,965 | root     | b'out of memory'
ERROR   | 2021-12-02 03:31:10,965 | root     | got an error while analyzing asn_recode_length
ERROR   | 2021-12-02 03:31:12,843 | root     | b'out of memory'
ERROR   | 2021-12-02 03:31:12,843 | root     | got an error while analyzing asn_encode_header
ERROR   | 2021-12-02 03:31:14,709 | root     | b'out of memory'
ERROR   | 2021-12-02 03:31:14,709 | root     | got an error while analyzing asn_decode_header
ERROR   | 2021-12-02 03:31:18,517 | root     | list index out of range
ERROR   | 2021-12-02 03:31:18,517 | root     | got an error while analyzing asn_decode_int
ERROR   | 2021-12-02 03:31:24,052 | root     | b'out of memory'
ERROR   | 2021-12-02 03:31:24,052 | root     | got an error while analyzing asn_decode_string
ERROR   | 2021-12-02 03:31:26,019 | root     | list index out of range
ERROR   | 2021-12-02 03:31:26,019 | root     | got an error while analyzing asn_encode_string
ERROR   | 2021-12-02 03:31:27,906 | root     | b'out of memory'
ERROR   | 2021-12-02 03:31:27,906 | root     | got an error while analyzing asn_decode_oid
ERROR   | 2021-12-02 03:31:29,809 | root     | b'out of memory'
ERROR   | 2021-12-02 03:31:29,809 | root     | got an error while analyzing asn_encode_oid
ERROR   | 2021-12-02 03:31:35,638 | root     | b'out of memory'
ERROR   | 2021-12-02 03:31:35,638 | root     | got an error while analyzing grad_argp_parse
ERROR   | 2021-12-02 03:32:02,658 | root     | b'out of memory'
ERROR   | 2021-12-02 03:32:02,658 | root     | got an error while analyzing validate_uparams
ERROR   | 2021-12-02 03:32:08,493 | root     | b'out of memory'
ERROR   | 2021-12-02 03:32:08,494 | root     | got an error while analyzing make_hol
ERROR   | 2021-12-02 03:32:12,342 | root     | b'out of memory'
ERROR   | 2021-12-02 03:32:12,342 | root     | got an error while analyzing hol_free
ERROR   | 2021-12-02 03:32:15,599 | root     | b'out of memory'
ERROR   | 2021-12-02 03:32:15,599 | root     | got an error while analyzing hol_entry_short_iterate
ERROR   | 2021-12-02 03:32:19,569 | root     | b'out of memory'
ERROR   | 2021-12-02 03:32:19,569 | root     | got an error while analyzing hol_entry_first_short
ERROR   | 2021-12-02 03:32:21,481 | root     | b'out of memory'
ERROR   | 2021-12-02 03:32:21,481 | root     | got an error while analyzing hol_entry_first_long
ERROR   | 2021-12-02 03:32:23,398 | root     | b'out of memory'
ERROR   | 2021-12-02 03:32:23,398 | root     | got an error while analyzing hol_find_entry
ERROR   | 2021-12-02 03:32:29,359 | root     | b'out of memory'
ERROR   | 2021-12-02 03:32:29,359 | root     | got an error while analyzing hol_cluster_cmp
ERROR   | 2021-12-02 03:32:31,226 | root     | b'out of memory'
ERROR   | 2021-12-02 03:32:31,226 | root     | got an error while analyzing hol_cluster_base
ERROR   | 2021-12-02 03:32:36,427 | root     | b'out of memory'
ERROR   | 2021-12-02 03:32:36,427 | root     | got an error while analyzing canon_doc_option
ERROR   | 2021-12-02 03:32:38,317 | root     | b'out of memory'
ERROR   | 2021-12-02 03:32:38,317 | root     | got an error while analyzing hol_entry_cmp
ERROR   | 2021-12-02 03:32:42,082 | root     | b'out of memory'
ERROR   | 2021-12-02 03:32:42,082 | root     | got an error while analyzing hol_sort
ERROR   | 2021-12-02 03:32:43,987 | root     | b'out of memory'
ERROR   | 2021-12-02 03:32:43,987 | root     | got an error while analyzing hol_append
ERROR   | 2021-12-02 03:32:48,028 | root     | b'out of memory'
ERROR   | 2021-12-02 03:32:48,028 | root     | got an error while analyzing space
ERROR   | 2021-12-02 03:32:51,115 | root     | b'out of memory'
ERROR   | 2021-12-02 03:32:51,115 | root     | got an error while analyzing arg
ERROR   | 2021-12-02 03:32:53,007 | root     | b'out of memory'
ERROR   | 2021-12-02 03:32:53,007 | root     | got an error while analyzing filter_doc
ERROR   | 2021-12-02 03:32:54,911 | root     | b'out of memory'
ERROR   | 2021-12-02 03:32:54,911 | root     | got an error while analyzing print_header
ERROR   | 2021-12-02 03:32:56,796 | root     | b'out of memory'
ERROR   | 2021-12-02 03:32:56,797 | root     | got an error while analyzing comma
ERROR   | 2021-12-02 03:32:58,690 | root     | b'out of memory'
ERROR   | 2021-12-02 03:32:58,690 | root     | got an error while analyzing hol_entry_help
ERROR   | 2021-12-02 03:33:00,570 | root     | b'out of memory'
ERROR   | 2021-12-02 03:33:00,571 | root     | got an error while analyzing hol_help
ERROR   | 2021-12-02 03:33:02,454 | root     | b'out of memory'
ERROR   | 2021-12-02 03:33:02,454 | root     | got an error while analyzing add_argless_short_opt
ERROR   | 2021-12-02 03:33:04,328 | root     | b'out of memory'
ERROR   | 2021-12-02 03:33:04,328 | root     | got an error while analyzing usage_argful_short_opt
ERROR   | 2021-12-02 03:33:06,206 | root     | b'out of memory'
ERROR   | 2021-12-02 03:33:06,207 | root     | got an error while analyzing usage_long_opt
ERROR   | 2021-12-02 03:33:09,354 | root     | b'out of memory'
ERROR   | 2021-12-02 03:33:09,354 | root     | got an error while analyzing hol_usage
ERROR   | 2021-12-02 03:33:11,272 | root     | b'out of memory'
ERROR   | 2021-12-02 03:33:11,272 | root     | got an error while analyzing argp_hol
ERROR   | 2021-12-02 03:33:13,147 | root     | b'out of memory'
ERROR   | 2021-12-02 03:33:13,147 | root     | got an error while analyzing argp_args_levels
ERROR   | 2021-12-02 03:33:15,025 | root     | b'out of memory'
ERROR   | 2021-12-02 03:33:15,025 | root     | got an error while analyzing argp_args_usage
ERROR   | 2021-12-02 03:33:16,924 | root     | b'out of memory'
ERROR   | 2021-12-02 03:33:16,924 | root     | got an error while analyzing argp_doc
ERROR   | 2021-12-02 03:33:39,180 | root     | b'out of memory'
ERROR   | 2021-12-02 03:33:39,180 | root     | got an error while analyzing find_long_option
ERROR   | 2021-12-02 03:33:41,080 | root     | b'out of memory'
ERROR   | 2021-12-02 03:33:41,080 | root     | got an error while analyzing group_parse
ERROR   | 2021-12-02 03:33:42,993 | root     | b'out of memory'
ERROR   | 2021-12-02 03:33:42,993 | root     | got an error while analyzing convert_options
ERROR   | 2021-12-02 03:33:44,872 | root     | b'out of memory'
ERROR   | 2021-12-02 03:33:44,872 | root     | got an error while analyzing parser_convert
ERROR   | 2021-12-02 03:33:46,752 | root     | b'out of memory'
ERROR   | 2021-12-02 03:33:46,752 | root     | got an error while analyzing calc_sizes
ERROR   | 2021-12-02 03:33:54,248 | root     | b'out of memory'
ERROR   | 2021-12-02 03:33:54,248 | root     | got an error while analyzing parser_parse_arg
ERROR   | 2021-12-02 03:33:58,045 | root     | b'out of memory'
ERROR   | 2021-12-02 03:33:58,045 | root     | got an error while analyzing parser_parse_next
ERROR   | 2021-12-02 03:34:09,017 | root     | b'out of memory'
ERROR   | 2021-12-02 03:34:09,017 | root     | got an error while analyzing bitset_set
ERROR   | 2021-12-02 03:34:10,940 | root     | b'out of memory'
ERROR   | 2021-12-02 03:34:10,940 | root     | got an error while analyzing bitset_clear
ERROR   | 2021-12-02 03:34:12,856 | root     | b'out of memory'
ERROR   | 2021-12-02 03:34:12,857 | root     | got an error while analyzing bitset_contain
ERROR   | 2021-12-02 03:34:20,179 | root     | b'out of memory'
ERROR   | 2021-12-02 03:34:20,179 | root     | got an error while analyzing bitset_not
ERROR   | 2021-12-02 03:34:22,084 | root     | b'out of memory'
ERROR   | 2021-12-02 03:34:22,084 | root     | got an error while analyzing bitset_merge
ERROR   | 2021-12-02 03:34:25,298 | root     | b'out of memory'
ERROR   | 2021-12-02 03:34:25,298 | root     | got an error while analyzing bitset_mask
ERROR   | 2021-12-02 03:34:27,205 | root     | b'out of memory'
ERROR   | 2021-12-02 03:34:27,205 | root     | got an error while analyzing re_string_char_size_at
ERROR   | 2021-12-02 03:34:29,108 | root     | b'out of memory'
ERROR   | 2021-12-02 03:34:29,108 | root     | got an error while analyzing re_string_wchar_at
ERROR   | 2021-12-02 03:34:32,815 | root     | b'out of memory'
ERROR   | 2021-12-02 03:34:32,815 | root     | got an error while analyzing re_string_allocate
ERROR   | 2021-12-02 03:34:36,885 | root     | b'out of memory'
ERROR   | 2021-12-02 03:34:36,885 | root     | got an error while analyzing re_string_realloc_buffers
ERROR   | 2021-12-02 03:34:38,770 | root     | b'out of memory'
ERROR   | 2021-12-02 03:34:38,770 | root     | got an error while analyzing re_string_construct_common
ERROR   | 2021-12-02 03:34:40,656 | root     | b'out of memory'
ERROR   | 2021-12-02 03:34:40,656 | root     | got an error while analyzing build_wcs_buffer
ERROR   | 2021-12-02 03:34:43,869 | root     | b'out of memory'
ERROR   | 2021-12-02 03:34:43,869 | root     | got an error while analyzing build_wcs_upper_buffer
ERROR   | 2021-12-02 03:34:45,760 | root     | b'out of memory'
ERROR   | 2021-12-02 03:34:45,760 | root     | got an error while analyzing re_string_skip_chars
ERROR   | 2021-12-02 03:34:47,686 | root     | b'out of memory'
ERROR   | 2021-12-02 03:34:47,686 | root     | got an error while analyzing build_upper_buffer
ERROR   | 2021-12-02 03:34:49,604 | root     | b'out of memory'
ERROR   | 2021-12-02 03:34:49,605 | root     | got an error while analyzing re_string_translate_buffer
ERROR   | 2021-12-02 03:34:51,492 | root     | b'out of memory'
ERROR   | 2021-12-02 03:34:51,492 | root     | got an error while analyzing re_string_reconstruct
ERROR   | 2021-12-02 03:34:53,372 | root     | b'out of memory'
ERROR   | 2021-12-02 03:34:53,372 | root     | got an error while analyzing re_string_peek_byte_case
ERROR   | 2021-12-02 03:34:55,251 | root     | b'out of memory'
ERROR   | 2021-12-02 03:34:55,251 | root     | got an error while analyzing re_string_fetch_byte_case
ERROR   | 2021-12-02 03:34:57,131 | root     | b'out of memory'
ERROR   | 2021-12-02 03:34:57,131 | root     | got an error while analyzing re_string_destruct
ERROR   | 2021-12-02 03:35:00,473 | root     | list index out of range
ERROR   | 2021-12-02 03:35:00,474 | root     | got an error while analyzing re_string_context_at
ERROR   | 2021-12-02 03:35:02,374 | root     | b'out of memory'
ERROR   | 2021-12-02 03:35:02,374 | root     | got an error while analyzing re_node_set_alloc
ERROR   | 2021-12-02 03:35:04,253 | root     | b'out of memory'
ERROR   | 2021-12-02 03:35:04,254 | root     | got an error while analyzing re_node_set_init_1
ERROR   | 2021-12-02 03:35:06,131 | root     | b'out of memory'
ERROR   | 2021-12-02 03:35:06,131 | root     | got an error while analyzing re_node_set_init_2
ERROR   | 2021-12-02 03:35:08,022 | root     | b'out of memory'
ERROR   | 2021-12-02 03:35:08,022 | root     | got an error while analyzing re_node_set_init_copy
ERROR   | 2021-12-02 03:35:09,916 | root     | b'out of memory'
ERROR   | 2021-12-02 03:35:09,916 | root     | got an error while analyzing re_node_set_add_intersect
ERROR   | 2021-12-02 03:35:15,882 | root     | b'out of memory'
ERROR   | 2021-12-02 03:35:15,882 | root     | got an error while analyzing re_node_set_insert
ERROR   | 2021-12-02 03:35:19,216 | root     | b'out of memory'
ERROR   | 2021-12-02 03:35:19,216 | root     | got an error while analyzing re_node_set_insert_last
ERROR   | 2021-12-02 03:35:23,287 | root     | b'out of memory'
ERROR   | 2021-12-02 03:35:23,288 | root     | got an error while analyzing re_node_set_contains
ERROR   | 2021-12-02 03:35:25,172 | root     | b'out of memory'
ERROR   | 2021-12-02 03:35:25,172 | root     | got an error while analyzing re_node_set_remove_at
ERROR   | 2021-12-02 03:35:27,071 | root     | b'out of memory'
ERROR   | 2021-12-02 03:35:27,072 | root     | got an error while analyzing re_dfa_add_node
ERROR   | 2021-12-02 03:35:29,018 | root     | b'out of memory'
ERROR   | 2021-12-02 03:35:29,018 | root     | got an error while analyzing calc_state_hash
ERROR   | 2021-12-02 03:35:30,930 | root     | b'out of memory'
ERROR   | 2021-12-02 03:35:30,930 | root     | got an error while analyzing re_acquire_state
ERROR   | 2021-12-02 03:35:32,826 | root     | b'out of memory'
ERROR   | 2021-12-02 03:35:32,826 | root     | got an error while analyzing re_acquire_state_context
ERROR   | 2021-12-02 03:35:34,718 | root     | b'out of memory'
ERROR   | 2021-12-02 03:35:34,718 | root     | got an error while analyzing register_state
ERROR   | 2021-12-02 03:35:37,914 | root     | b'out of memory'
ERROR   | 2021-12-02 03:35:37,914 | root     | got an error while analyzing free_state
ERROR   | 2021-12-02 03:35:44,273 | root     | b'out of memory'
ERROR   | 2021-12-02 03:35:44,273 | root     | got an error while analyzing rpl_re_compile_pattern
ERROR   | 2021-12-02 03:35:47,962 | root     | b'out of memory'
ERROR   | 2021-12-02 03:35:47,963 | root     | got an error while analyzing rpl_re_compile_fastmap
ERROR   | 2021-12-02 03:35:49,852 | root     | b'out of memory'
ERROR   | 2021-12-02 03:35:49,852 | root     | got an error while analyzing re_compile_fastmap_iter
ERROR   | 2021-12-02 03:35:51,861 | root     | list index out of range
ERROR   | 2021-12-02 03:35:51,861 | root     | got an error while analyzing rpl_regcomp
ERROR   | 2021-12-02 03:35:57,287 | root     | b'out of memory'
ERROR   | 2021-12-02 03:35:57,287 | root     | got an error while analyzing free_dfa_content
ERROR   | 2021-12-02 03:35:59,185 | root     | b'out of memory'
ERROR   | 2021-12-02 03:35:59,185 | root     | got an error while analyzing rpl_regfree
ERROR   | 2021-12-02 03:36:01,095 | root     | b'out of memory'
ERROR   | 2021-12-02 03:36:01,095 | root     | got an error while analyzing re_compile_internal
ERROR   | 2021-12-02 03:36:03,016 | root     | b'out of memory'
ERROR   | 2021-12-02 03:36:03,016 | root     | got an error while analyzing init_dfa
ERROR   | 2021-12-02 03:36:04,910 | root     | b'out of memory'
ERROR   | 2021-12-02 03:36:04,910 | root     | got an error while analyzing init_word_char
ERROR   | 2021-12-02 03:36:06,813 | root     | b'out of memory'
ERROR   | 2021-12-02 03:36:06,813 | root     | got an error while analyzing free_workarea_compile
ERROR   | 2021-12-02 03:36:08,702 | root     | b'out of memory'
ERROR   | 2021-12-02 03:36:08,702 | root     | got an error while analyzing create_initial_state
ERROR   | 2021-12-02 03:36:10,600 | root     | b'out of memory'
ERROR   | 2021-12-02 03:36:10,600 | root     | got an error while analyzing optimize_utf8
ERROR   | 2021-12-02 03:36:13,961 | root     | b'out of memory'
ERROR   | 2021-12-02 03:36:13,961 | root     | got an error while analyzing analyze
ERROR   | 2021-12-02 03:36:15,866 | root     | b'out of memory'
ERROR   | 2021-12-02 03:36:15,866 | root     | got an error while analyzing postorder
ERROR   | 2021-12-02 03:36:17,752 | root     | list index out of range
ERROR   | 2021-12-02 03:36:17,753 | root     | got an error while analyzing preorder
ERROR   | 2021-12-02 03:36:19,660 | root     | b'out of memory'
ERROR   | 2021-12-02 03:36:19,660 | root     | got an error while analyzing optimize_subexps
ERROR   | 2021-12-02 03:36:21,588 | root     | b'out of memory'
ERROR   | 2021-12-02 03:36:21,589 | root     | got an error while analyzing lower_subexps
ERROR   | 2021-12-02 03:36:23,530 | root     | b'out of memory'
ERROR   | 2021-12-02 03:36:23,530 | root     | got an error while analyzing lower_subexp
ERROR   | 2021-12-02 03:36:25,433 | root     | b'out of memory'
ERROR   | 2021-12-02 03:36:25,433 | root     | got an error while analyzing calc_first
ERROR   | 2021-12-02 03:36:27,325 | root     | b'out of memory'
ERROR   | 2021-12-02 03:36:27,326 | root     | got an error while analyzing calc_next
ERROR   | 2021-12-02 03:36:30,562 | root     | b'out of memory'
ERROR   | 2021-12-02 03:36:30,562 | root     | got an error while analyzing link_nfa_nodes
ERROR   | 2021-12-02 03:36:32,504 | root     | b'out of memory'
ERROR   | 2021-12-02 03:36:32,504 | root     | got an error while analyzing duplicate_node_closure
ERROR   | 2021-12-02 03:36:34,442 | root     | b'out of memory'
ERROR   | 2021-12-02 03:36:34,442 | root     | got an error while analyzing search_duplicated_node
ERROR   | 2021-12-02 03:36:36,360 | root     | b'out of memory'
ERROR   | 2021-12-02 03:36:36,361 | root     | got an error while analyzing duplicate_node
ERROR   | 2021-12-02 03:36:38,290 | root     | b'out of memory'
ERROR   | 2021-12-02 03:36:38,290 | root     | got an error while analyzing calc_inveclosure
ERROR   | 2021-12-02 03:36:40,214 | root     | b'out of memory'
ERROR   | 2021-12-02 03:36:40,214 | root     | got an error while analyzing calc_eclosure
ERROR   | 2021-12-02 03:36:42,166 | root     | b'out of memory'
ERROR   | 2021-12-02 03:36:42,166 | root     | got an error while analyzing calc_eclosure_iter
ERROR   | 2021-12-02 03:36:44,098 | root     | b'out of memory'
ERROR   | 2021-12-02 03:36:44,098 | root     | got an error while analyzing fetch_token
ERROR   | 2021-12-02 03:36:45,997 | root     | b'out of memory'
ERROR   | 2021-12-02 03:36:45,998 | root     | got an error while analyzing peek_token
ERROR   | 2021-12-02 03:36:49,207 | root     | b'out of memory'
ERROR   | 2021-12-02 03:36:49,207 | root     | got an error while analyzing peek_token_bracket
ERROR   | 2021-12-02 03:36:51,117 | root     | b'out of memory'
ERROR   | 2021-12-02 03:36:51,117 | root     | got an error while analyzing parse
ERROR   | 2021-12-02 03:36:53,007 | root     | b'out of memory'
ERROR   | 2021-12-02 03:36:53,007 | root     | got an error while analyzing parse_reg_exp
ERROR   | 2021-12-02 03:36:54,909 | root     | b'out of memory'
ERROR   | 2021-12-02 03:36:54,909 | root     | got an error while analyzing parse_branch
ERROR   | 2021-12-02 03:36:56,823 | root     | b'out of memory'
ERROR   | 2021-12-02 03:36:56,823 | root     | got an error while analyzing parse_expression
ERROR   | 2021-12-02 03:36:58,726 | root     | b'out of memory'
ERROR   | 2021-12-02 03:36:58,727 | root     | got an error while analyzing parse_sub_exp
ERROR   | 2021-12-02 03:37:00,642 | root     | b'out of memory'
ERROR   | 2021-12-02 03:37:00,643 | root     | got an error while analyzing parse_dup_op
ERROR   | 2021-12-02 03:37:02,551 | root     | b'out of memory'
ERROR   | 2021-12-02 03:37:02,551 | root     | got an error while analyzing build_range_exp
ERROR   | 2021-12-02 03:37:08,003 | root     | list index out of range
ERROR   | 2021-12-02 03:37:08,004 | root     | got an error while analyzing parse_bracket_exp
ERROR   | 2021-12-02 03:37:09,917 | root     | b'out of memory'
ERROR   | 2021-12-02 03:37:09,917 | root     | got an error while analyzing parse_bracket_element
ERROR   | 2021-12-02 03:37:11,809 | root     | b'out of memory'
ERROR   | 2021-12-02 03:37:11,810 | root     | got an error while analyzing parse_bracket_symbol
ERROR   | 2021-12-02 03:37:16,224 | root     | list index out of range
ERROR   | 2021-12-02 03:37:16,225 | root     | got an error while analyzing build_charclass
ERROR   | 2021-12-02 03:37:18,742 | root     | list index out of range
ERROR   | 2021-12-02 03:37:18,743 | root     | got an error while analyzing build_charclass_op
ERROR   | 2021-12-02 03:37:20,634 | root     | b'out of memory'
ERROR   | 2021-12-02 03:37:20,634 | root     | got an error while analyzing fetch_number
ERROR   | 2021-12-02 03:37:22,513 | root     | b'out of memory'
ERROR   | 2021-12-02 03:37:22,513 | root     | got an error while analyzing free_charset
ERROR   | 2021-12-02 03:37:27,723 | root     | b'out of memory'
ERROR   | 2021-12-02 03:37:27,723 | root     | got an error while analyzing create_token_tree
ERROR   | 2021-12-02 03:37:29,647 | root     | b'out of memory'
ERROR   | 2021-12-02 03:37:29,647 | root     | got an error while analyzing mark_opt_subexp
ERROR   | 2021-12-02 03:37:31,561 | root     | b'out of memory'
ERROR   | 2021-12-02 03:37:31,562 | root     | got an error while analyzing free_token
ERROR   | 2021-12-02 03:37:35,307 | root     | b'out of memory'
ERROR   | 2021-12-02 03:37:35,307 | root     | got an error while analyzing duplicate_tree
ERROR   | 2021-12-02 03:37:54,454 | root     | list index out of range
ERROR   | 2021-12-02 03:37:54,454 | root     | got an error while analyzing rpl_re_set_registers
ERROR   | 2021-12-02 03:37:56,343 | root     | b'out of memory'
ERROR   | 2021-12-02 03:37:56,343 | root     | got an error while analyzing re_search_internal
ERROR   | 2021-12-02 03:37:58,221 | root     | b'out of memory'
ERROR   | 2021-12-02 03:37:58,221 | root     | got an error while analyzing prune_impossible_nodes
ERROR   | 2021-12-02 03:38:01,462 | root     | b'out of memory'
ERROR   | 2021-12-02 03:38:01,462 | root     | got an error while analyzing check_matching
ERROR   | 2021-12-02 03:38:03,382 | root     | b'out of memory'
ERROR   | 2021-12-02 03:38:03,382 | root     | got an error while analyzing check_halt_node_context
ERROR   | 2021-12-02 03:38:05,276 | root     | b'out of memory'
ERROR   | 2021-12-02 03:38:05,276 | root     | got an error while analyzing check_halt_state_context
ERROR   | 2021-12-02 03:38:07,173 | root     | b'out of memory'
ERROR   | 2021-12-02 03:38:07,174 | root     | got an error while analyzing proceed_next_node
ERROR   | 2021-12-02 03:38:09,081 | root     | b'out of memory'
ERROR   | 2021-12-02 03:38:09,081 | root     | got an error while analyzing push_fail_stack
ERROR   | 2021-12-02 03:38:10,983 | root     | b'out of memory'
ERROR   | 2021-12-02 03:38:10,983 | root     | got an error while analyzing pop_fail_stack
ERROR   | 2021-12-02 03:38:12,903 | root     | b'out of memory'
ERROR   | 2021-12-02 03:38:12,903 | root     | got an error while analyzing set_regs
ERROR   | 2021-12-02 03:38:16,797 | root     | b'out of memory'
ERROR   | 2021-12-02 03:38:16,797 | root     | got an error while analyzing update_regs
ERROR   | 2021-12-02 03:38:20,136 | root     | b'out of memory'
ERROR   | 2021-12-02 03:38:20,136 | root     | got an error while analyzing sift_states_backward
ERROR   | 2021-12-02 03:38:22,084 | root     | b'out of memory'
ERROR   | 2021-12-02 03:38:22,085 | root     | got an error while analyzing build_sifted_states
ERROR   | 2021-12-02 03:38:23,999 | root     | b'out of memory'
ERROR   | 2021-12-02 03:38:23,999 | root     | got an error while analyzing clean_state_log_if_needed
ERROR   | 2021-12-02 03:38:27,927 | root     | b'out of memory'
ERROR   | 2021-12-02 03:38:27,928 | root     | got an error while analyzing update_cur_sifted_state
ERROR   | 2021-12-02 03:38:29,838 | root     | b'out of memory'
ERROR   | 2021-12-02 03:38:29,838 | root     | got an error while analyzing add_epsilon_src_nodes
ERROR   | 2021-12-02 03:38:31,742 | root     | b'out of memory'
ERROR   | 2021-12-02 03:38:31,742 | root     | got an error while analyzing check_dst_limits
ERROR   | 2021-12-02 03:38:33,649 | root     | b'out of memory'
ERROR   | 2021-12-02 03:38:33,649 | root     | got an error while analyzing check_dst_limits_calc_pos_1
ERROR   | 2021-12-02 03:38:35,538 | root     | b'out of memory'
ERROR   | 2021-12-02 03:38:35,538 | root     | got an error while analyzing check_dst_limits_calc_pos
ERROR   | 2021-12-02 03:38:38,776 | root     | b'out of memory'
ERROR   | 2021-12-02 03:38:38,776 | root     | got an error while analyzing check_subexp_limits
ERROR   | 2021-12-02 03:38:40,719 | root     | b'out of memory'
ERROR   | 2021-12-02 03:38:40,719 | root     | got an error while analyzing sift_states_bkref
ERROR   | 2021-12-02 03:38:42,649 | root     | b'out of memory'
ERROR   | 2021-12-02 03:38:42,650 | root     | got an error while analyzing sift_states_iter_mb
ERROR   | 2021-12-02 03:38:44,576 | root     | b'out of memory'
ERROR   | 2021-12-02 03:38:44,576 | root     | got an error while analyzing transit_state
ERROR   | 2021-12-02 03:38:46,519 | root     | b'out of memory'
ERROR   | 2021-12-02 03:38:46,519 | root     | got an error while analyzing merge_state_with_log
ERROR   | 2021-12-02 03:38:48,425 | root     | b'out of memory'
ERROR   | 2021-12-02 03:38:48,425 | root     | got an error while analyzing find_recover_state
ERROR   | 2021-12-02 03:38:50,337 | root     | b'out of memory'
ERROR   | 2021-12-02 03:38:50,337 | root     | got an error while analyzing check_subexp_matching_top
ERROR   | 2021-12-02 03:38:52,229 | root     | b'out of memory'
ERROR   | 2021-12-02 03:38:52,229 | root     | got an error while analyzing transit_state_mb
ERROR   | 2021-12-02 03:38:54,133 | root     | b'out of memory'
ERROR   | 2021-12-02 03:38:54,133 | root     | got an error while analyzing transit_state_bkref
ERROR   | 2021-12-02 03:38:57,349 | root     | b'out of memory'
ERROR   | 2021-12-02 03:38:57,349 | root     | got an error while analyzing get_subexp
ERROR   | 2021-12-02 03:38:59,245 | root     | b'out of memory'
ERROR   | 2021-12-02 03:38:59,245 | root     | got an error while analyzing get_subexp_sub
ERROR   | 2021-12-02 03:39:01,139 | root     | b'out of memory'
ERROR   | 2021-12-02 03:39:01,139 | root     | got an error while analyzing find_subexp_node
ERROR   | 2021-12-02 03:39:03,044 | root     | b'out of memory'
ERROR   | 2021-12-02 03:39:03,044 | root     | got an error while analyzing check_arrival
ERROR   | 2021-12-02 03:39:04,938 | root     | b'out of memory'
ERROR   | 2021-12-02 03:39:04,938 | root     | got an error while analyzing check_arrival_add_next_nodes
ERROR   | 2021-12-02 03:39:06,834 | root     | b'out of memory'
ERROR   | 2021-12-02 03:39:06,834 | root     | got an error while analyzing check_arrival_expand_ecl
ERROR   | 2021-12-02 03:39:10,672 | root     | b'out of memory'
ERROR   | 2021-12-02 03:39:10,672 | root     | got an error while analyzing expand_bkref_cache
ERROR   | 2021-12-02 03:39:15,888 | root     | b'out of memory'
ERROR   | 2021-12-02 03:39:15,888 | root     | got an error while analyzing group_nodes_into_DFAstates
ERROR   | 2021-12-02 03:39:17,781 | root     | b'out of memory'
ERROR   | 2021-12-02 03:39:17,781 | root     | got an error while analyzing check_node_accept_bytes
ERROR   | 2021-12-02 03:39:19,711 | root     | b'out of memory'
ERROR   | 2021-12-02 03:39:19,711 | root     | got an error while analyzing check_node_accept
ERROR   | 2021-12-02 03:39:21,636 | root     | b'out of memory'
ERROR   | 2021-12-02 03:39:21,636 | root     | got an error while analyzing extend_buffers
ERROR   | 2021-12-02 03:39:23,563 | root     | b'out of memory'
ERROR   | 2021-12-02 03:39:23,563 | root     | got an error while analyzing match_ctx_init
ERROR   | 2021-12-02 03:39:25,486 | root     | b'out of memory'
ERROR   | 2021-12-02 03:39:25,486 | root     | got an error while analyzing match_ctx_clean
ERROR   | 2021-12-02 03:39:27,382 | root     | b'out of memory'
ERROR   | 2021-12-02 03:39:27,382 | root     | got an error while analyzing match_ctx_free
ERROR   | 2021-12-02 03:39:29,267 | root     | b'out of memory'
ERROR   | 2021-12-02 03:39:29,267 | root     | got an error while analyzing match_ctx_add_entry
ERROR   | 2021-12-02 03:39:32,497 | root     | b'out of memory'
ERROR   | 2021-12-02 03:39:32,497 | root     | got an error while analyzing search_cur_bkref_entry
ERROR   | 2021-12-02 03:39:34,404 | root     | b'out of memory'
ERROR   | 2021-12-02 03:39:34,404 | root     | got an error while analyzing match_ctx_add_subtop
ERROR   | 2021-12-02 03:39:36,320 | root     | b'out of memory'
ERROR   | 2021-12-02 03:39:36,320 | root     | got an error while analyzing match_ctx_add_sublast
ERROR   | 2021-12-02 03:39:38,235 | root     | b'out of memory'
ERROR   | 2021-12-02 03:39:38,236 | root     | got an error while analyzing sift_ctx_init
ERROR   | 2021-12-02 03:39:42,108 | root     | b'out of memory'
ERROR   | 2021-12-02 03:39:42,108 | root     | got an error while analyzing argp_fmtstream_free
ERROR   | 2021-12-02 03:39:46,469 | root     | b'out of memory'
ERROR   | 2021-12-02 03:39:46,470 | root     | got an error while analyzing argp_fmtstream_write
ERROR   | 2021-12-02 03:39:51,772 | root     | b'out of memory'
ERROR   | 2021-12-02 03:39:51,772 | root     | got an error while analyzing argp_fmtstream_putc
ERROR   | 2021-12-02 03:39:53,682 | root     | b'out of memory'
ERROR   | 2021-12-02 03:39:53,682 | root     | got an error while analyzing argp_fmtstream_set_lmargin
ERROR   | 2021-12-02 03:39:55,565 | root     | b'out of memory'
ERROR   | 2021-12-02 03:39:55,565 | root     | got an error while analyzing argp_fmtstream_set_rmargin
ERROR   | 2021-12-02 03:39:57,451 | root     | b'out of memory'
ERROR   | 2021-12-02 03:39:57,451 | root     | got an error while analyzing argp_fmtstream_set_wmargin
ERROR   | 2021-12-02 03:39:59,336 | root     | b'out of memory'
ERROR   | 2021-12-02 03:39:59,336 | root     | got an error while analyzing argp_fmtstream_point
ERROR   | 2021-12-02 03:40:04,285 | root     | list index out of range
ERROR   | 2021-12-02 03:40:04,286 | root     | got an error while analyzing locale_charset
ERROR   | 2021-12-02 03:40:06,162 | root     | b'out of memory'
ERROR   | 2021-12-02 03:40:06,162 | root     | got an error while analyzing exchange
