gcc-5__Ou__radius__radzap have 79 funcs
analyzing gcc-5__Ou__radius__radzap/deregister_tm_clones
started running deregister_tm_clones
finished deregister_tm_clones
removing targets
analyzing gcc-5__Ou__radius__radzap/register_tm_clones
started running register_tm_clones
finished register_tm_clones
removing targets
analyzing gcc-5__Ou__radius__radzap/frame_dummy
started running frame_dummy
finished frame_dummy
removing targets
analyzing gcc-5__Ou__radius__radzap/parse_opt
started running parse_opt
finished parse_opt
removing targets
analyzing gcc-5__Ou__radius__radzap/radzap
started running radzap
stopped exploration
finished radzap
removing targets
analyzing gcc-5__Ou__radius__radzap/confirm
started running confirm
finished confirm
analyzing gcc-5__Ou__radius__radzap/write_wtmp
started running write_wtmp
finished write_wtmp
analyzing gcc-5__Ou__radius__radzap/grad_app_setup
started running grad_app_setup
finished grad_app_setup
analyzing gcc-5__Ou__radius__radzap/rad_common_argp_parser
started running rad_common_argp_parser
finished rad_common_argp_parser
removing targets
analyzing gcc-5__Ou__radius__radzap/grad_argp_parse
started running grad_argp_parse
finished grad_argp_parse
analyzing gcc-5__Ou__radius__radzap/argp_default_parser
started running argp_default_parser
finished argp_default_parser
removing targets
analyzing gcc-5__Ou__radius__radzap/argp_version_parser
started running argp_version_parser
finished argp_version_parser
removing targets
analyzing gcc-5__Ou__radius__radzap/find_long_option
started running find_long_option
finished find_long_option
removing targets
analyzing gcc-5__Ou__radius__radzap/group_parse
started running group_parse
finished group_parse
removing targets
analyzing gcc-5__Ou__radius__radzap/convert_options
started running convert_options
analyzing gcc-5__Ou__radius__radzap/parser_convert
started running parser_convert
analyzing gcc-5__Ou__radius__radzap/calc_sizes
started running calc_sizes
analyzing gcc-5__Ou__radius__radzap/parser_init
started running parser_init
finished parser_init
analyzing gcc-5__Ou__radius__radzap/parser_finalize
started running parser_finalize
finished parser_finalize
removing targets
analyzing gcc-5__Ou__radius__radzap/parser_parse_arg
started running parser_parse_arg
finished parser_parse_arg
removing targets
analyzing gcc-5__Ou__radius__radzap/parser_parse_opt
started running parser_parse_opt
finished parser_parse_opt
removing targets
analyzing gcc-5__Ou__radius__radzap/parser_parse_next
started running parser_parse_next
analyzing gcc-5__Ou__radius__radzap/argp_parse
started running argp_parse
finished argp_parse
removing targets
analyzing gcc-5__Ou__radius__radzap/argp_usage
started running argp_usage
finished argp_usage
analyzing gcc-5__Ou__radius__radzap/rpl_getopt_long
started running rpl_getopt_long
finished rpl_getopt_long
analyzing gcc-5__Ou__radius__radzap/rpl_getopt_long_only
started running rpl_getopt_long_only
finished rpl_getopt_long_only
analyzing gcc-5__Ou__radius__radzap/validate_uparams
started running validate_uparams
finished validate_uparams
removing targets
analyzing gcc-5__Ou__radius__radzap/fill_in_uparams
started running fill_in_uparams
finished fill_in_uparams
analyzing gcc-5__Ou__radius__radzap/find_char
started running find_char
finished find_char
removing targets
analyzing gcc-5__Ou__radius__radzap/make_hol
started running make_hol
analyzing gcc-5__Ou__radius__radzap/hol_add_cluster
started running hol_add_cluster
finished hol_add_cluster
analyzing gcc-5__Ou__radius__radzap/hol_free
started running hol_free
analyzing gcc-5__Ou__radius__radzap/hol_entry_short_iterate
started running hol_entry_short_iterate
analyzing gcc-5__Ou__radius__radzap/until_short
started running until_short
finished until_short
analyzing gcc-5__Ou__radius__radzap/hol_entry_first_short
started running hol_entry_first_short
analyzing gcc-5__Ou__radius__radzap/hol_entry_first_long
started running hol_entry_first_long
analyzing gcc-5__Ou__radius__radzap/hol_find_entry
started running hol_find_entry
analyzing gcc-5__Ou__radius__radzap/hol_set_group
started running hol_set_group
finished hol_set_group
analyzing gcc-5__Ou__radius__radzap/group_cmp
started running group_cmp
finished group_cmp
removing targets
analyzing gcc-5__Ou__radius__radzap/hol_cluster_cmp
started running hol_cluster_cmp
analyzing gcc-5__Ou__radius__radzap/hol_cluster_base
started running hol_cluster_base
analyzing gcc-5__Ou__radius__radzap/hol_cluster_is_child
started running hol_cluster_is_child
finished hol_cluster_is_child
removing targets
analyzing gcc-5__Ou__radius__radzap/canon_doc_option
started running canon_doc_option
analyzing gcc-5__Ou__radius__radzap/hol_entry_cmp
started running hol_entry_cmp
analyzing gcc-5__Ou__radius__radzap/hol_entry_qcmp
started running hol_entry_qcmp
finished hol_entry_qcmp
analyzing gcc-5__Ou__radius__radzap/hol_sort
started running hol_sort
analyzing gcc-5__Ou__radius__radzap/hol_append
started running hol_append
analyzing gcc-5__Ou__radius__radzap/indent_to
started running indent_to
finished indent_to
analyzing gcc-5__Ou__radius__radzap/space
started running space
finished space
analyzing gcc-5__Ou__radius__radzap/arg
started running arg
finished arg
removing targets
analyzing gcc-5__Ou__radius__radzap/filter_doc
started running filter_doc
finished filter_doc
removing targets
analyzing gcc-5__Ou__radius__radzap/print_header
started running print_header
finished print_header
analyzing gcc-5__Ou__radius__radzap/comma
started running comma
finished comma
removing targets
analyzing gcc-5__Ou__radius__radzap/hol_entry_help
started running hol_entry_help
analyzing gcc-5__Ou__radius__radzap/hol_help
started running hol_help
analyzing gcc-5__Ou__radius__radzap/add_argless_short_opt
started running add_argless_short_opt
analyzing gcc-5__Ou__radius__radzap/usage_argful_short_opt
started running usage_argful_short_opt
analyzing gcc-5__Ou__radius__radzap/usage_long_opt
started running usage_long_opt
analyzing gcc-5__Ou__radius__radzap/hol_usage
started running hol_usage
analyzing gcc-5__Ou__radius__radzap/argp_hol
started running argp_hol
analyzing gcc-5__Ou__radius__radzap/argp_args_levels
started running argp_args_levels
analyzing gcc-5__Ou__radius__radzap/argp_args_usage
started running argp_args_usage
analyzing gcc-5__Ou__radius__radzap/argp_doc
started running argp_doc
analyzing gcc-5__Ou__radius__radzap/argp_help
started running argp_help
finished argp_help
analyzing gcc-5__Ou__radius__radzap/argp_state_help
started running argp_state_help
finished argp_state_help
removing targets
analyzing gcc-5__Ou__radius__radzap/argp_error
started running argp_error
finished argp_error
removing targets
analyzing gcc-5__Ou__radius__radzap/argp_failure
started running argp_failure
finished argp_failure
removing targets
analyzing gcc-5__Ou__radius__radzap/exchange
started running exchange
analyzing gcc-5__Ou__radius__radzap/rpl_getopt
started running rpl_getopt
finished rpl_getopt
analyzing gcc-5__Ou__radius__radzap/argp_make_fmtstream
started running argp_make_fmtstream
finished argp_make_fmtstream
analyzing gcc-5__Ou__radius__radzap/argp_fmtstream_free
started running argp_fmtstream_free
analyzing gcc-5__Ou__radius__radzap/argp_fmtstream_printf
started running argp_fmtstream_printf
finished argp_fmtstream_printf
removing targets
analyzing gcc-5__Ou__radius__radzap/argp_fmtstream_write
started running argp_fmtstream_write
finished argp_fmtstream_write
removing targets
analyzing gcc-5__Ou__radius__radzap/argp_fmtstream_puts
started running argp_fmtstream_puts
finished argp_fmtstream_puts
analyzing gcc-5__Ou__radius__radzap/argp_fmtstream_putc
started running argp_fmtstream_putc
finished argp_fmtstream_putc
removing targets
analyzing gcc-5__Ou__radius__radzap/argp_fmtstream_set_lmargin
started running argp_fmtstream_set_lmargin
finished argp_fmtstream_set_lmargin
removing targets
analyzing gcc-5__Ou__radius__radzap/argp_fmtstream_set_rmargin
started running argp_fmtstream_set_rmargin
finished argp_fmtstream_set_rmargin
removing targets
analyzing gcc-5__Ou__radius__radzap/argp_fmtstream_set_wmargin
started running argp_fmtstream_set_wmargin
finished argp_fmtstream_set_wmargin
removing targets
analyzing gcc-5__Ou__radius__radzap/argp_fmtstream_point
started running argp_fmtstream_point
finished argp_fmtstream_point
removing targets
