gcc-5__Ou__rush__rushwho have 199 funcs
analyzing gcc-5__Ou__rush__rushwho/deregister_tm_clones
started running deregister_tm_clones
finished deregister_tm_clones
removing targets
analyzing gcc-5__Ou__rush__rushwho/register_tm_clones
started running register_tm_clones
finished register_tm_clones
removing targets
analyzing gcc-5__Ou__rush__rushwho/frame_dummy
started running frame_dummy
finished frame_dummy
removing targets
analyzing gcc-5__Ou__rush__rushwho/indent
started running indent
finished indent
removing targets
analyzing gcc-5__Ou__rush__rushwho/print_option_descr
started running print_option_descr
finished print_option_descr
removing targets
analyzing gcc-5__Ou__rush__rushwho/print_help
started running print_help
finished print_help
analyzing gcc-5__Ou__rush__rushwho/cmpidx_short
started running cmpidx_short
finished cmpidx_short
analyzing gcc-5__Ou__rush__rushwho/cmpidx_long
started running cmpidx_long
finished cmpidx_long
removing targets
analyzing gcc-5__Ou__rush__rushwho/print_usage
started running print_usage
finished print_usage
analyzing gcc-5__Ou__rush__rushwho/print_version_only
started running print_version_only
finished print_version_only
analyzing gcc-5__Ou__rush__rushwho/print_version
started running print_version
finished print_version
analyzing gcc-5__Ou__rush__rushwho/get_options
started running get_options
