gcc-5__Ou__sed__sed have 187 funcs
analyzing gcc-5__Ou__sed__sed/deregister_tm_clones
started running deregister_tm_clones
finished deregister_tm_clones
removing targets
analyzing gcc-5__Ou__sed__sed/register_tm_clones
started running register_tm_clones
finished register_tm_clones
removing targets
analyzing gcc-5__Ou__sed__sed/frame_dummy
started running frame_dummy
finished frame_dummy
removing targets
analyzing gcc-5__Ou__sed__sed/contact
started running contact
finished contact
removing targets
analyzing gcc-5__Ou__sed__sed/bad_command
started running bad_command
finished bad_command
analyzing gcc-5__Ou__sed__sed/bad_prog
started running bad_prog
finished bad_prog
removing targets
analyzing gcc-5__Ou__sed__sed/inchar
started running inchar
finished inchar
removing targets
analyzing gcc-5__Ou__sed__sed/savchar
started running savchar
finished savchar
removing targets
analyzing gcc-5__Ou__sed__sed/in_nonblank
started running in_nonblank
finished in_nonblank
analyzing gcc-5__Ou__sed__sed/in_integer
started running in_integer
finished in_integer
removing targets
analyzing gcc-5__Ou__sed__sed/add_then_next
started running add_then_next
finished add_then_next
analyzing gcc-5__Ou__sed__sed/convert_number
started running convert_number
finished convert_number
removing targets
analyzing gcc-5__Ou__sed__sed/read_filename
started running read_filename
finished read_filename
analyzing gcc-5__Ou__sed__sed/get_openfile
started running get_openfile
finished get_openfile
analyzing gcc-5__Ou__sed__sed/next_cmd_entry
started running next_cmd_entry
finished next_cmd_entry
removing targets
analyzing gcc-5__Ou__sed__sed/snarf_char_class
started running snarf_char_class
