gcc-5__Ou__tar__rmt have 133 funcs
analyzing gcc-5__Ou__tar__rmt/deregister_tm_clones
started running deregister_tm_clones
finished deregister_tm_clones
removing targets
analyzing gcc-5__Ou__tar__rmt/register_tm_clones
started running register_tm_clones
finished register_tm_clones
removing targets
analyzing gcc-5__Ou__tar__rmt/frame_dummy
started running frame_dummy
finished frame_dummy
removing targets
analyzing gcc-5__Ou__tar__rmt/trimnl
started running trimnl
finished trimnl
removing targets
analyzing gcc-5__Ou__tar__rmt/rmt_read
started running rmt_read
finished rmt_read
analyzing gcc-5__Ou__tar__rmt/rmt_write
started running rmt_write
finished rmt_write
removing targets
analyzing gcc-5__Ou__tar__rmt/rmt_reply
started running rmt_reply
finished rmt_reply
analyzing gcc-5__Ou__tar__rmt/rmt_error_message
started running rmt_error_message
finished rmt_error_message
removing targets
analyzing gcc-5__Ou__tar__rmt/rmt_error
started running rmt_error
finished rmt_error
analyzing gcc-5__Ou__tar__rmt/prepare_record_buffer
started running prepare_record_buffer
finished prepare_record_buffer
removing targets
analyzing gcc-5__Ou__tar__rmt/xlat_kw
started running xlat_kw
finished xlat_kw
analyzing gcc-5__Ou__tar__rmt/skip_ws
started running skip_ws
finished skip_ws
removing targets
analyzing gcc-5__Ou__tar__rmt/decode_open_flag
started running decode_open_flag
finished decode_open_flag
analyzing gcc-5__Ou__tar__rmt/open_device
started running open_device
finished open_device
analyzing gcc-5__Ou__tar__rmt/close_device
started running close_device
finished close_device
analyzing gcc-5__Ou__tar__rmt/lseek_device
started running lseek_device
finished lseek_device
removing targets
analyzing gcc-5__Ou__tar__rmt/read_device
started running read_device
finished read_device
analyzing gcc-5__Ou__tar__rmt/write_device
started running write_device
finished write_device
analyzing gcc-5__Ou__tar__rmt/iocop_device
started running iocop_device
finished iocop_device
analyzing gcc-5__Ou__tar__rmt/status_device
started running status_device
finished status_device
removing targets
analyzing gcc-5__Ou__tar__rmt/parse_opt
started running parse_opt
finished parse_opt
removing targets
analyzing gcc-5__Ou__tar__rmt/xalloc_die
started running xalloc_die
finished xalloc_die
analyzing gcc-5__Ou__tar__rmt/argp_default_parser
started running argp_default_parser
finished argp_default_parser
removing targets
analyzing gcc-5__Ou__tar__rmt/argp_version_parser
started running argp_version_parser
finished argp_version_parser
removing targets
analyzing gcc-5__Ou__tar__rmt/find_long_option
started running find_long_option
finished find_long_option
removing targets
analyzing gcc-5__Ou__tar__rmt/group_parse
started running group_parse
finished group_parse
removing targets
analyzing gcc-5__Ou__tar__rmt/convert_options
started running convert_options
stopped exploration
finished convert_options
removing targets
analyzing gcc-5__Ou__tar__rmt/parser_convert
started running parser_convert
finished parser_convert
removing targets
analyzing gcc-5__Ou__tar__rmt/calc_sizes
started running calc_sizes
finished calc_sizes
removing targets
analyzing gcc-5__Ou__tar__rmt/parser_init
started running parser_init
finished parser_init
analyzing gcc-5__Ou__tar__rmt/parser_finalize
started running parser_finalize
finished parser_finalize
removing targets
analyzing gcc-5__Ou__tar__rmt/parser_parse_arg
started running parser_parse_arg
finished parser_parse_arg
removing targets
analyzing gcc-5__Ou__tar__rmt/parser_parse_opt
started running parser_parse_opt
finished parser_parse_opt
removing targets
analyzing gcc-5__Ou__tar__rmt/parser_parse_next
started running parser_parse_next
finished parser_parse_next
removing targets
analyzing gcc-5__Ou__tar__rmt/argp_parse
started running argp_parse
finished argp_parse
removing targets
analyzing gcc-5__Ou__tar__rmt/argp_usage
started running argp_usage
finished argp_usage
analyzing gcc-5__Ou__tar__rmt/version_etc_hook
started running version_etc_hook
finished version_etc_hook
analyzing gcc-5__Ou__tar__rmt/argp_version_setup
started running argp_version_setup
finished argp_version_setup
analyzing gcc-5__Ou__tar__rmt/c_isalnum
started running c_isalnum
finished c_isalnum
removing targets
analyzing gcc-5__Ou__tar__rmt/c_isalpha
started running c_isalpha
finished c_isalpha
removing targets
analyzing gcc-5__Ou__tar__rmt/c_isascii
started running c_isascii
finished c_isascii
removing targets
analyzing gcc-5__Ou__tar__rmt/c_isblank
started running c_isblank
finished c_isblank
removing targets
analyzing gcc-5__Ou__tar__rmt/c_iscntrl
started running c_iscntrl
finished c_iscntrl
removing targets
analyzing gcc-5__Ou__tar__rmt/c_isdigit
started running c_isdigit
finished c_isdigit
removing targets
analyzing gcc-5__Ou__tar__rmt/c_isgraph
started running c_isgraph
finished c_isgraph
removing targets
analyzing gcc-5__Ou__tar__rmt/c_islower
started running c_islower
finished c_islower
removing targets
analyzing gcc-5__Ou__tar__rmt/c_isprint
started running c_isprint
finished c_isprint
removing targets
analyzing gcc-5__Ou__tar__rmt/c_ispunct
started running c_ispunct
finished c_ispunct
removing targets
analyzing gcc-5__Ou__tar__rmt/c_isspace
started running c_isspace
finished c_isspace
removing targets
analyzing gcc-5__Ou__tar__rmt/c_isupper
started running c_isupper
finished c_isupper
removing targets
analyzing gcc-5__Ou__tar__rmt/c_isxdigit
started running c_isxdigit
finished c_isxdigit
removing targets
analyzing gcc-5__Ou__tar__rmt/c_tolower
started running c_tolower
finished c_tolower
removing targets
analyzing gcc-5__Ou__tar__rmt/c_toupper
started running c_toupper
finished c_toupper
removing targets
analyzing gcc-5__Ou__tar__rmt/last_component
started running last_component
finished last_component
removing targets
analyzing gcc-5__Ou__tar__rmt/base_len
started running base_len
finished base_len
analyzing gcc-5__Ou__tar__rmt/full_write
started running full_write
finished full_write
removing targets
analyzing gcc-5__Ou__tar__rmt/umaxtostr
started running umaxtostr
finished umaxtostr
removing targets
analyzing gcc-5__Ou__tar__rmt/set_program_name
started running set_program_name
finished set_program_name
removing targets
analyzing gcc-5__Ou__tar__rmt/safe_read
started running safe_read
finished safe_read
analyzing gcc-5__Ou__tar__rmt/safe_write
started running safe_write
finished safe_write
analyzing gcc-5__Ou__tar__rmt/version_etc_arn
started running version_etc_arn
finished version_etc_arn
removing targets
analyzing gcc-5__Ou__tar__rmt/version_etc_ar
started running version_etc_ar
finished version_etc_ar
removing targets
analyzing gcc-5__Ou__tar__rmt/version_etc_va
started running version_etc_va
finished version_etc_va
removing targets
analyzing gcc-5__Ou__tar__rmt/version_etc
started running version_etc
finished version_etc
removing targets
analyzing gcc-5__Ou__tar__rmt/emit_bug_reporting_address
started running emit_bug_reporting_address
finished emit_bug_reporting_address
analyzing gcc-5__Ou__tar__rmt/xnmalloc
started running xnmalloc
finished xnmalloc
removing targets
analyzing gcc-5__Ou__tar__rmt/xnrealloc
started running xnrealloc
finished xnrealloc
removing targets
analyzing gcc-5__Ou__tar__rmt/x2nrealloc
started running x2nrealloc
finished x2nrealloc
removing targets
analyzing gcc-5__Ou__tar__rmt/xcharalloc
started running xcharalloc
finished xcharalloc
analyzing gcc-5__Ou__tar__rmt/xmalloc
started running xmalloc
finished xmalloc
analyzing gcc-5__Ou__tar__rmt/xrealloc
started running xrealloc
finished xrealloc
removing targets
analyzing gcc-5__Ou__tar__rmt/x2realloc
started running x2realloc
finished x2realloc
analyzing gcc-5__Ou__tar__rmt/xzalloc
started running xzalloc
finished xzalloc
analyzing gcc-5__Ou__tar__rmt/xcalloc
started running xcalloc
finished xcalloc
removing targets
analyzing gcc-5__Ou__tar__rmt/xmemdup
started running xmemdup
finished xmemdup
analyzing gcc-5__Ou__tar__rmt/xstrdup
started running xstrdup
finished xstrdup
analyzing gcc-5__Ou__tar__rmt/rpl_getopt_long
started running rpl_getopt_long
finished rpl_getopt_long
analyzing gcc-5__Ou__tar__rmt/rpl_getopt_long_only
started running rpl_getopt_long_only
finished rpl_getopt_long_only
analyzing gcc-5__Ou__tar__rmt/validate_uparams
started running validate_uparams
finished validate_uparams
removing targets
analyzing gcc-5__Ou__tar__rmt/fill_in_uparams
started running fill_in_uparams
analyzing gcc-5__Ou__tar__rmt/find_char
started running find_char
finished find_char
removing targets
analyzing gcc-5__Ou__tar__rmt/make_hol
started running make_hol
analyzing gcc-5__Ou__tar__rmt/hol_add_cluster
started running hol_add_cluster
analyzing gcc-5__Ou__tar__rmt/hol_free
started running hol_free
analyzing gcc-5__Ou__tar__rmt/hol_entry_short_iterate
started running hol_entry_short_iterate
finished hol_entry_short_iterate
analyzing gcc-5__Ou__tar__rmt/until_short
started running until_short
analyzing gcc-5__Ou__tar__rmt/hol_entry_first_short
started running hol_entry_first_short
analyzing gcc-5__Ou__tar__rmt/hol_entry_first_long
started running hol_entry_first_long
analyzing gcc-5__Ou__tar__rmt/hol_find_entry
started running hol_find_entry
analyzing gcc-5__Ou__tar__rmt/hol_set_group
started running hol_set_group
analyzing gcc-5__Ou__tar__rmt/group_cmp
started running group_cmp
finished group_cmp
removing targets
analyzing gcc-5__Ou__tar__rmt/hol_cluster_cmp
started running hol_cluster_cmp
analyzing gcc-5__Ou__tar__rmt/hol_cluster_base
started running hol_cluster_base
analyzing gcc-5__Ou__tar__rmt/hol_cluster_is_child
started running hol_cluster_is_child
finished hol_cluster_is_child
removing targets
analyzing gcc-5__Ou__tar__rmt/canon_doc_option
started running canon_doc_option
analyzing gcc-5__Ou__tar__rmt/hol_entry_cmp
started running hol_entry_cmp
analyzing gcc-5__Ou__tar__rmt/hol_entry_qcmp
started running hol_entry_qcmp
finished hol_entry_qcmp
analyzing gcc-5__Ou__tar__rmt/hol_sort
started running hol_sort
analyzing gcc-5__Ou__tar__rmt/hol_append
started running hol_append
analyzing gcc-5__Ou__tar__rmt/indent_to
started running indent_to
finished indent_to
analyzing gcc-5__Ou__tar__rmt/space
started running space
analyzing gcc-5__Ou__tar__rmt/arg
started running arg
analyzing gcc-5__Ou__tar__rmt/filter_doc
started running filter_doc
analyzing gcc-5__Ou__tar__rmt/print_header
started running print_header
analyzing gcc-5__Ou__tar__rmt/comma
started running comma
analyzing gcc-5__Ou__tar__rmt/hol_entry_help
started running hol_entry_help
analyzing gcc-5__Ou__tar__rmt/hol_help
started running hol_help
analyzing gcc-5__Ou__tar__rmt/add_argless_short_opt
started running add_argless_short_opt
analyzing gcc-5__Ou__tar__rmt/usage_argful_short_opt
started running usage_argful_short_opt
analyzing gcc-5__Ou__tar__rmt/usage_long_opt
started running usage_long_opt
analyzing gcc-5__Ou__tar__rmt/hol_usage
started running hol_usage
analyzing gcc-5__Ou__tar__rmt/argp_hol
started running argp_hol
analyzing gcc-5__Ou__tar__rmt/argp_args_levels
started running argp_args_levels
analyzing gcc-5__Ou__tar__rmt/argp_args_usage
started running argp_args_usage
analyzing gcc-5__Ou__tar__rmt/argp_doc
started running argp_doc
analyzing gcc-5__Ou__tar__rmt/argp_help
started running argp_help
finished argp_help
analyzing gcc-5__Ou__tar__rmt/argp_state_help
started running argp_state_help
analyzing gcc-5__Ou__tar__rmt/argp_error
started running argp_error
analyzing gcc-5__Ou__tar__rmt/argp_failure
started running argp_failure
analyzing gcc-5__Ou__tar__rmt/exchange
started running exchange
analyzing gcc-5__Ou__tar__rmt/process_long_option
started running process_long_option
analyzing gcc-5__Ou__tar__rmt/rpl_getopt_internal
started running rpl_getopt_internal
finished rpl_getopt_internal
analyzing gcc-5__Ou__tar__rmt/rpl_getopt
started running rpl_getopt
finished rpl_getopt
analyzing gcc-5__Ou__tar__rmt/argp_make_fmtstream
started running argp_make_fmtstream
analyzing gcc-5__Ou__tar__rmt/argp_fmtstream_free
started running argp_fmtstream_free
analyzing gcc-5__Ou__tar__rmt/argp_fmtstream_printf
started running argp_fmtstream_printf
analyzing gcc-5__Ou__tar__rmt/argp_fmtstream_write
started running argp_fmtstream_write
analyzing gcc-5__Ou__tar__rmt/argp_fmtstream_puts
started running argp_fmtstream_puts
finished argp_fmtstream_puts
analyzing gcc-5__Ou__tar__rmt/argp_fmtstream_putc
started running argp_fmtstream_putc
analyzing gcc-5__Ou__tar__rmt/argp_fmtstream_set_lmargin
started running argp_fmtstream_set_lmargin
analyzing gcc-5__Ou__tar__rmt/argp_fmtstream_set_rmargin
started running argp_fmtstream_set_rmargin
analyzing gcc-5__Ou__tar__rmt/argp_fmtstream_set_wmargin
started running argp_fmtstream_set_wmargin
analyzing gcc-5__Ou__tar__rmt/argp_fmtstream_point
started running argp_fmtstream_point
