gcc-5__Ou__tar__tar have 1140 funcs
analyzing gcc-5__Ou__tar__tar/deregister_tm_clones
started running deregister_tm_clones
finished deregister_tm_clones
removing targets
analyzing gcc-5__Ou__tar__tar/register_tm_clones
started running register_tm_clones
finished register_tm_clones
removing targets
analyzing gcc-5__Ou__tar__tar/frame_dummy
started running frame_dummy
finished frame_dummy
removing targets
analyzing gcc-5__Ou__tar__tar/mv_begin_write
started running mv_begin_write
finished mv_begin_write
removing targets
analyzing gcc-5__Ou__tar__tar/bufmap_locate
started running bufmap_locate
finished bufmap_locate
removing targets
analyzing gcc-5__Ou__tar__tar/bufmap_free
started running bufmap_free
finished bufmap_free
removing targets
analyzing gcc-5__Ou__tar__tar/bufmap_reset
started running bufmap_reset
finished bufmap_reset
analyzing gcc-5__Ou__tar__tar/buffer_write_global_xheader
started running buffer_write_global_xheader
finished buffer_write_global_xheader
analyzing gcc-5__Ou__tar__tar/mv_begin_read
started running mv_begin_read
finished mv_begin_read
analyzing gcc-5__Ou__tar__tar/mv_end
started running mv_end
finished mv_end
removing targets
analyzing gcc-5__Ou__tar__tar/mv_size_left
started running mv_size_left
finished mv_size_left
removing targets
analyzing gcc-5__Ou__tar__tar/clear_read_error_count
started running clear_read_error_count
finished clear_read_error_count
analyzing gcc-5__Ou__tar__tar/set_start_time
started running set_start_time
finished set_start_time
analyzing gcc-5__Ou__tar__tar/set_volume_start_time
started running set_volume_start_time
finished set_volume_start_time
analyzing gcc-5__Ou__tar__tar/compute_duration
started running compute_duration
finished compute_duration
analyzing gcc-5__Ou__tar__tar/find_zip_program
started running find_zip_program
finished find_zip_program
removing targets
analyzing gcc-5__Ou__tar__tar/first_decompress_program
started running first_decompress_program
finished first_decompress_program
removing targets
analyzing gcc-5__Ou__tar__tar/next_decompress_program
started running next_decompress_program
finished next_decompress_program
removing targets
analyzing gcc-5__Ou__tar__tar/compress_option
started running compress_option
finished compress_option
analyzing gcc-5__Ou__tar__tar/check_compressed_archive
started running check_compressed_archive
finished check_compressed_archive
removing targets
analyzing gcc-5__Ou__tar__tar/guess_seekable_archive
started running guess_seekable_archive
finished guess_seekable_archive
removing targets
analyzing gcc-5__Ou__tar__tar/open_compressed_archive
started running open_compressed_archive
finished open_compressed_archive
removing targets
analyzing gcc-5__Ou__tar__tar/print_stats
started running print_stats
finished print_stats
removing targets
analyzing gcc-5__Ou__tar__tar/format_total_stats
started running format_total_stats
finished format_total_stats
removing targets
analyzing gcc-5__Ou__tar__tar/print_total_stats
started running print_total_stats
finished print_total_stats
analyzing gcc-5__Ou__tar__tar/current_block_ordinal
started running current_block_ordinal
finished current_block_ordinal
analyzing gcc-5__Ou__tar__tar/reset_eof
started running reset_eof
finished reset_eof
removing targets
analyzing gcc-5__Ou__tar__tar/find_next_block
started running find_next_block
finished find_next_block
removing targets
analyzing gcc-5__Ou__tar__tar/set_next_block_after
started running set_next_block_after
finished set_next_block_after
removing targets
analyzing gcc-5__Ou__tar__tar/available_space_after
started running available_space_after
finished available_space_after
analyzing gcc-5__Ou__tar__tar/xclose
started running xclose
finished xclose
analyzing gcc-5__Ou__tar__tar/init_buffer
started running init_buffer
finished init_buffer
removing targets
analyzing gcc-5__Ou__tar__tar/check_tty
started running check_tty
finished check_tty
analyzing gcc-5__Ou__tar__tar/archive_write_error
started running archive_write_error
finished archive_write_error
removing targets
analyzing gcc-5__Ou__tar__tar/archive_read_error
started running archive_read_error
finished archive_read_error
analyzing gcc-5__Ou__tar__tar/archive_is_dev
started running archive_is_dev
finished archive_is_dev
analyzing gcc-5__Ou__tar__tar/short_read
started running short_read
finished short_read
removing targets
analyzing gcc-5__Ou__tar__tar/flush_archive
started running flush_archive
finished flush_archive
removing targets
analyzing gcc-5__Ou__tar__tar/backspace_output
started running backspace_output
finished backspace_output
removing targets
analyzing gcc-5__Ou__tar__tar/seek_archive
started running seek_archive
finished seek_archive
analyzing gcc-5__Ou__tar__tar/close_archive
started running close_archive
finished close_archive
removing targets
analyzing gcc-5__Ou__tar__tar/write_fatal_details
started running write_fatal_details
finished write_fatal_details
analyzing gcc-5__Ou__tar__tar/init_volume_number
started running init_volume_number
finished init_volume_number
analyzing gcc-5__Ou__tar__tar/closeout_volume_number
started running closeout_volume_number
finished closeout_volume_number
analyzing gcc-5__Ou__tar__tar/increase_volume_number
started running increase_volume_number
finished increase_volume_number
removing targets
analyzing gcc-5__Ou__tar__tar/change_tape_menu
started running change_tape_menu
finished change_tape_menu
removing targets
analyzing gcc-5__Ou__tar__tar/new_volume
started running new_volume
finished new_volume
removing targets
analyzing gcc-5__Ou__tar__tar/read_header0
started running read_header0
finished read_header0
analyzing gcc-5__Ou__tar__tar/try_new_volume
started running try_new_volume
finished try_new_volume
removing targets
analyzing gcc-5__Ou__tar__tar/drop_volume_label_suffix
started running drop_volume_label_suffix
finished drop_volume_label_suffix
analyzing gcc-5__Ou__tar__tar/check_label_pattern
started running check_label_pattern
finished check_label_pattern
analyzing gcc-5__Ou__tar__tar/match_volume_label
started running match_volume_label
finished match_volume_label
removing targets
analyzing gcc-5__Ou__tar__tar/add_volume_label
started running add_volume_label
finished add_volume_label
analyzing gcc-5__Ou__tar__tar/add_chunk_header
started running add_chunk_header
finished add_chunk_header
removing targets
analyzing gcc-5__Ou__tar__tar/write_volume_label
started running write_volume_label
finished write_volume_label
removing targets
analyzing gcc-5__Ou__tar__tar/gnu_add_multi_volume_header
started running gnu_add_multi_volume_header
finished gnu_add_multi_volume_header
analyzing gcc-5__Ou__tar__tar/add_multi_volume_header
started running add_multi_volume_header
finished add_multi_volume_header
removing targets
analyzing gcc-5__Ou__tar__tar/simple_flush_read
started running simple_flush_read
finished simple_flush_read
analyzing gcc-5__Ou__tar__tar/simple_flush_write
started running simple_flush_write
finished simple_flush_write
analyzing gcc-5__Ou__tar__tar/gnu_flush_read
started running gnu_flush_read
finished gnu_flush_read
analyzing gcc-5__Ou__tar__tar/gnu_flush_write
started running gnu_flush_write
finished gnu_flush_write
analyzing gcc-5__Ou__tar__tar/flush_read
started running flush_read
finished flush_read
analyzing gcc-5__Ou__tar__tar/flush_write
started running flush_write
finished flush_write
analyzing gcc-5__Ou__tar__tar/open_archive
started running open_archive
finished open_archive
analyzing gcc-5__Ou__tar__tar/alloc_action
started running alloc_action
finished alloc_action
analyzing gcc-5__Ou__tar__tar/copy_string_unquote
started running copy_string_unquote
finished copy_string_unquote
analyzing gcc-5__Ou__tar__tar/checkpoint_compile_action
started running checkpoint_compile_action
finished checkpoint_compile_action
analyzing gcc-5__Ou__tar__tar/checkpoint_finish_compile
started running checkpoint_finish_compile
finished checkpoint_finish_compile
removing targets
analyzing gcc-5__Ou__tar__tar/getwidth
started running getwidth
finished getwidth
analyzing gcc-5__Ou__tar__tar/getarg
started running getarg
finished getarg
removing targets
analyzing gcc-5__Ou__tar__tar/format_checkpoint_string
started running format_checkpoint_string
