gcc-5__Ou__texinfo__ginstall-info have 60 funcs
analyzing gcc-5__Ou__texinfo__ginstall-info/deregister_tm_clones
started running deregister_tm_clones
finished deregister_tm_clones
removing targets
analyzing gcc-5__Ou__texinfo__ginstall-info/register_tm_clones
started running register_tm_clones
finished register_tm_clones
removing targets
analyzing gcc-5__Ou__texinfo__ginstall-info/frame_dummy
started running frame_dummy
finished frame_dummy
removing targets
analyzing gcc-5__Ou__texinfo__ginstall-info/vdiag
started running vdiag
finished vdiag
analyzing gcc-5__Ou__texinfo__ginstall-info/error
started running error
finished error
removing targets
analyzing gcc-5__Ou__texinfo__ginstall-info/warning
started running warning
finished warning
removing targets
analyzing gcc-5__Ou__texinfo__ginstall-info/fatal
started running fatal
finished fatal
removing targets
analyzing gcc-5__Ou__texinfo__ginstall-info/concat
started running concat
finished concat
analyzing gcc-5__Ou__texinfo__ginstall-info/copy_string
started running copy_string
finished copy_string
analyzing gcc-5__Ou__texinfo__ginstall-info/pfatal_with_name
started running pfatal_with_name
finished pfatal_with_name
analyzing gcc-5__Ou__texinfo__ginstall-info/menu_line_lessp
started running menu_line_lessp
finished menu_line_lessp
removing targets
analyzing gcc-5__Ou__texinfo__ginstall-info/menu_line_equal
started running menu_line_equal
finished menu_line_equal
removing targets
analyzing gcc-5__Ou__texinfo__ginstall-info/extract_menu_item_name
started running extract_menu_item_name
finished extract_menu_item_name
removing targets
analyzing gcc-5__Ou__texinfo__ginstall-info/extract_menu_file_name
started running extract_menu_file_name
finished extract_menu_file_name
removing targets
analyzing gcc-5__Ou__texinfo__ginstall-info/strip_info_suffix
started running strip_info_suffix
finished strip_info_suffix
analyzing gcc-5__Ou__texinfo__ginstall-info/menu_item_equal
started running menu_item_equal
finished menu_item_equal
analyzing gcc-5__Ou__texinfo__ginstall-info/suggest_asking_for_help
started running suggest_asking_for_help
finished suggest_asking_for_help
analyzing gcc-5__Ou__texinfo__ginstall-info/print_help
started running print_help
finished print_help
analyzing gcc-5__Ou__texinfo__ginstall-info/ensure_dirfile_exists
started running ensure_dirfile_exists
finished ensure_dirfile_exists
removing targets
analyzing gcc-5__Ou__texinfo__ginstall-info/open_possibly_compressed_file
started running open_possibly_compressed_file
analyzing gcc-5__Ou__texinfo__ginstall-info/readfile
started running readfile
finished readfile
analyzing gcc-5__Ou__texinfo__ginstall-info/output_dirfile
started running output_dirfile
analyzing gcc-5__Ou__texinfo__ginstall-info/parse_input
started running parse_input
analyzing gcc-5__Ou__texinfo__ginstall-info/parse_dir_file
started running parse_dir_file
analyzing gcc-5__Ou__texinfo__ginstall-info/mark_entry_for_deletion
started running mark_entry_for_deletion
finished mark_entry_for_deletion
removing targets
analyzing gcc-5__Ou__texinfo__ginstall-info/adjust_column
started running adjust_column
finished adjust_column
removing targets
analyzing gcc-5__Ou__texinfo__ginstall-info/format_entry
started running format_entry
finished format_entry
removing targets
analyzing gcc-5__Ou__texinfo__ginstall-info/split_entry
started running split_entry
finished split_entry
analyzing gcc-5__Ou__texinfo__ginstall-info/reformat_new_entries
started running reformat_new_entries
finished reformat_new_entries
removing targets
analyzing gcc-5__Ou__texinfo__ginstall-info/add_missing_basenames
started running add_missing_basenames
finished add_missing_basenames
removing targets
analyzing gcc-5__Ou__texinfo__ginstall-info/add_missing_names
started running add_missing_names
finished add_missing_names
removing targets
analyzing gcc-5__Ou__texinfo__ginstall-info/add_missing_descriptions
started running add_missing_descriptions
finished add_missing_descriptions
removing targets
analyzing gcc-5__Ou__texinfo__ginstall-info/munge_old_style_debian_options
started running munge_old_style_debian_options
finished munge_old_style_debian_options
removing targets
analyzing gcc-5__Ou__texinfo__ginstall-info/findlines
started running findlines
finished findlines
analyzing gcc-5__Ou__texinfo__ginstall-info/compare_section_names
started running compare_section_names
analyzing gcc-5__Ou__texinfo__ginstall-info/compare_entries_text
started running compare_entries_text
analyzing gcc-5__Ou__texinfo__ginstall-info/insert_entry_here
started running insert_entry_here
analyzing gcc-5__Ou__texinfo__ginstall-info/mbscasecmp
started running mbscasecmp
analyzing gcc-5__Ou__texinfo__ginstall-info/mbsncasecmp
started running mbsncasecmp
analyzing gcc-5__Ou__texinfo__ginstall-info/mbuiter_multi_next
started running mbuiter_multi_next
analyzing gcc-5__Ou__texinfo__ginstall-info/mbuiter_multi_reloc
started running mbuiter_multi_reloc
analyzing gcc-5__Ou__texinfo__ginstall-info/mbuiter_multi_copy
started running mbuiter_multi_copy
analyzing gcc-5__Ou__texinfo__ginstall-info/strnlen1
started running strnlen1
analyzing gcc-5__Ou__texinfo__ginstall-info/xnmalloc
started running xnmalloc
analyzing gcc-5__Ou__texinfo__ginstall-info/xnrealloc
started running xnrealloc
analyzing gcc-5__Ou__texinfo__ginstall-info/x2nrealloc
started running x2nrealloc
analyzing gcc-5__Ou__texinfo__ginstall-info/xcharalloc
started running xcharalloc
analyzing gcc-5__Ou__texinfo__ginstall-info/xmalloc
started running xmalloc
analyzing gcc-5__Ou__texinfo__ginstall-info/xrealloc
started running xrealloc
analyzing gcc-5__Ou__texinfo__ginstall-info/x2realloc
started running x2realloc
analyzing gcc-5__Ou__texinfo__ginstall-info/xzalloc
started running xzalloc
analyzing gcc-5__Ou__texinfo__ginstall-info/xcalloc
started running xcalloc
analyzing gcc-5__Ou__texinfo__ginstall-info/xmemdup
started running xmemdup
analyzing gcc-5__Ou__texinfo__ginstall-info/xstrdup
started running xstrdup
analyzing gcc-5__Ou__texinfo__ginstall-info/xalloc_die
started running xalloc_die
analyzing gcc-5__Ou__texinfo__ginstall-info/rpl_mbrtowc
started running rpl_mbrtowc
analyzing gcc-5__Ou__texinfo__ginstall-info/hard_locale
started running hard_locale
analyzing gcc-5__Ou__texinfo__ginstall-info/mb_width_aux
started running mb_width_aux
analyzing gcc-5__Ou__texinfo__ginstall-info/mb_copy
started running mb_copy
analyzing gcc-5__Ou__texinfo__ginstall-info/is_basic
started running is_basic
