gcc-5__Ou__trueprint__trueprint have 132 funcs
analyzing gcc-5__Ou__trueprint__trueprint/deregister_tm_clones
started running deregister_tm_clones
finished deregister_tm_clones
removing targets
analyzing gcc-5__Ou__trueprint__trueprint/register_tm_clones
started running register_tm_clones
finished register_tm_clones
removing targets
analyzing gcc-5__Ou__trueprint__trueprint/frame_dummy
started running frame_dummy
finished frame_dummy
removing targets
analyzing gcc-5__Ou__trueprint__trueprint/setup_debug
started running setup_debug
finished setup_debug
analyzing gcc-5__Ou__trueprint__trueprint/dm
started running dm
finished dm
removing targets
analyzing gcc-5__Ou__trueprint__trueprint/match
started running match
finished match
removing targets
analyzing gcc-5__Ou__trueprint__trueprint/setup_index
started running setup_index
finished setup_index
analyzing gcc-5__Ou__trueprint__trueprint/grow_array
started running grow_array
finished grow_array
analyzing gcc-5__Ou__trueprint__trueprint/page_has_changed
started running page_has_changed
finished page_has_changed
removing targets
analyzing gcc-5__Ou__trueprint__trueprint/add_file
started running add_file
finished add_file
analyzing gcc-5__Ou__trueprint__trueprint/end_file
started running end_file
finished end_file
removing targets
analyzing gcc-5__Ou__trueprint__trueprint/get_file_last_page
started running get_file_last_page
finished get_file_last_page
analyzing gcc-5__Ou__trueprint__trueprint/get_file_first_page
started running get_file_first_page
finished get_file_first_page
analyzing gcc-5__Ou__trueprint__trueprint/get_file_modified_time
started running get_file_modified_time
finished get_file_modified_time
removing targets
analyzing gcc-5__Ou__trueprint__trueprint/add_function
started running add_function
finished add_function
analyzing gcc-5__Ou__trueprint__trueprint/end_function
started running end_function
finished end_function
removing targets
analyzing gcc-5__Ou__trueprint__trueprint/get_function_name_posn
started running get_function_name_posn
finished get_function_name_posn
removing targets
analyzing gcc-5__Ou__trueprint__trueprint/get_function_name
started running get_function_name
finished get_function_name
analyzing gcc-5__Ou__trueprint__trueprint/file_name
started running file_name
finished file_name
analyzing gcc-5__Ou__trueprint__trueprint/function_changed
started running function_changed
finished function_changed
removing targets
analyzing gcc-5__Ou__trueprint__trueprint/page_changed
started running page_changed
finished page_changed
removing targets
analyzing gcc-5__Ou__trueprint__trueprint/dot_fill
started running dot_fill
finished dot_fill
removing targets
analyzing gcc-5__Ou__trueprint__trueprint/compare
started running compare
finished compare
analyzing gcc-5__Ou__trueprint__trueprint/sort_function_names
started running sort_function_names
finished sort_function_names
removing targets
analyzing gcc-5__Ou__trueprint__trueprint/print_index
started running print_index
finished print_index
removing targets
analyzing gcc-5__Ou__trueprint__trueprint/print_index_line
started running print_index_line
finished print_index_line
removing targets
analyzing gcc-5__Ou__trueprint__trueprint/print_out_file_index
started running print_out_file_index
finished print_out_file_index
analyzing gcc-5__Ou__trueprint__trueprint/get_verilog_char
started running get_verilog_char
finished get_verilog_char
removing targets
analyzing gcc-5__Ou__trueprint__trueprint/perl_setup
started running perl_setup
finished perl_setup
analyzing gcc-5__Ou__trueprint__trueprint/isword
started running isword
finished isword
analyzing gcc-5__Ou__trueprint__trueprint/isidentstart
started running isidentstart
finished isidentstart
analyzing gcc-5__Ou__trueprint__trueprint/my_get_perl_char
started running my_get_perl_char
finished my_get_perl_char
removing targets
analyzing gcc-5__Ou__trueprint__trueprint/get_perl_char
started running get_perl_char
finished get_perl_char
analyzing gcc-5__Ou__trueprint__trueprint/note
started running note
finished note
analyzing gcc-5__Ou__trueprint__trueprint/setup_postscript
started running setup_postscript
finished setup_postscript
analyzing gcc-5__Ou__trueprint__trueprint/init_postscript
started running init_postscript
finished init_postscript
analyzing gcc-5__Ou__trueprint__trueprint/set_layout_default
started running set_layout_default
finished set_layout_default
removing targets
analyzing gcc-5__Ou__trueprint__trueprint/set_layout_1
started running set_layout_1
finished set_layout_1
removing targets
analyzing gcc-5__Ou__trueprint__trueprint/set_layout_2
started running set_layout_2
finished set_layout_2
removing targets
analyzing gcc-5__Ou__trueprint__trueprint/set_layout_3
started running set_layout_3
finished set_layout_3
removing targets
analyzing gcc-5__Ou__trueprint__trueprint/set_layout_4
started running set_layout_4
finished set_layout_4
removing targets
analyzing gcc-5__Ou__trueprint__trueprint/PS_header
started running PS_header
finished PS_header
analyzing gcc-5__Ou__trueprint__trueprint/PS_side_full
started running PS_side_full
finished PS_side_full
removing targets
analyzing gcc-5__Ou__trueprint__trueprint/PS_endpage
started running PS_endpage
finished PS_endpage
removing targets
analyzing gcc-5__Ou__trueprint__trueprint/PS_startpage
started running PS_startpage
finished PS_startpage
analyzing gcc-5__Ou__trueprint__trueprint/PS_end_output
started running PS_end_output
finished PS_end_output
analyzing gcc-5__Ou__trueprint__trueprint/balance_strings
started running balance_strings
finished balance_strings
removing targets
analyzing gcc-5__Ou__trueprint__trueprint/PS_pagesize
started running PS_pagesize
finished PS_pagesize
analyzing gcc-5__Ou__trueprint__trueprint/set_no_of_sides_default
started running set_no_of_sides_default
finished set_no_of_sides_default
analyzing gcc-5__Ou__trueprint__trueprint/set_no_of_sides
started running set_no_of_sides
finished set_no_of_sides
analyzing gcc-5__Ou__trueprint__trueprint/setup_diffs
started running setup_diffs
finished setup_diffs
analyzing gcc-5__Ou__trueprint__trueprint/init_diffs
started running init_diffs
finished init_diffs
analyzing gcc-5__Ou__trueprint__trueprint/end_diffs
started running end_diffs
finished end_diffs
analyzing gcc-5__Ou__trueprint__trueprint/getdelline
started running getdelline
finished getdelline
analyzing gcc-5__Ou__trueprint__trueprint/line_inserted
started running line_inserted
finished line_inserted
analyzing gcc-5__Ou__trueprint__trueprint/set_input_stream
started running set_input_stream
finished set_input_stream
analyzing gcc-5__Ou__trueprint__trueprint/setup_input
started running setup_input
finished setup_input
analyzing gcc-5__Ou__trueprint__trueprint/init_input
started running init_input
finished init_input
analyzing gcc-5__Ou__trueprint__trueprint/buffered_read
started running buffered_read
finished buffered_read
removing targets
analyzing gcc-5__Ou__trueprint__trueprint/ungetnextchar
started running ungetnextchar
finished ungetnextchar
analyzing gcc-5__Ou__trueprint__trueprint/getnextchar
started running getnextchar
finished getnextchar
removing targets
analyzing gcc-5__Ou__trueprint__trueprint/setup_language
started running setup_language
finished setup_language
analyzing gcc-5__Ou__trueprint__trueprint/set_language_default
started running set_language_default
finished set_language_default
removing targets
analyzing gcc-5__Ou__trueprint__trueprint/set_language_opt
started running set_language_opt
finished set_language_opt
analyzing gcc-5__Ou__trueprint__trueprint/filename_to_language
started running filename_to_language
finished filename_to_language
analyzing gcc-5__Ou__trueprint__trueprint/language_defaults
started running language_defaults
finished language_defaults
removing targets
analyzing gcc-5__Ou__trueprint__trueprint/set_get_char
started running set_get_char
finished set_get_char
removing targets
analyzing gcc-5__Ou__trueprint__trueprint/is_pike_reserved_word
started running is_pike_reserved_word
finished is_pike_reserved_word
analyzing gcc-5__Ou__trueprint__trueprint/get_pike_char
started running get_pike_char
finished get_pike_char
removing targets
analyzing gcc-5__Ou__trueprint__trueprint/setup_print_prompter
started running setup_print_prompter
finished setup_print_prompter
analyzing gcc-5__Ou__trueprint__trueprint/print_prompt
started running print_prompt
finished print_prompt
removing targets
analyzing gcc-5__Ou__trueprint__trueprint/check_selection
started running check_selection
stopped exploration
finished check_selection
removing targets
analyzing gcc-5__Ou__trueprint__trueprint/expand_string
started running expand_string
finished expand_string
removing targets
analyzing gcc-5__Ou__trueprint__trueprint/expand_character
started running expand_character
finished expand_character
removing targets
analyzing gcc-5__Ou__trueprint__trueprint/add_string
started running add_string
finished add_string
analyzing gcc-5__Ou__trueprint__trueprint/add_character
started running add_character
finished add_character
analyzing gcc-5__Ou__trueprint__trueprint/get_c_char
started running get_c_char
finished get_c_char
removing targets
analyzing gcc-5__Ou__trueprint__trueprint/get_pc_char
started running get_pc_char
finished get_pc_char
removing targets
analyzing gcc-5__Ou__trueprint__trueprint/print_files
started running print_files
