gcc-5__Ou__uucp__uucico have 500 funcs
analyzing gcc-5__Ou__uucp__uucico/deregister_tm_clones
started running deregister_tm_clones
finished deregister_tm_clones
removing targets
analyzing gcc-5__Ou__uucp__uucico/register_tm_clones
started running register_tm_clones
finished register_tm_clones
removing targets
analyzing gcc-5__Ou__uucp__uucico/frame_dummy
started running frame_dummy
finished frame_dummy
removing targets
analyzing gcc-5__Ou__uucp__uucico/uusage
started running uusage
finished uusage
analyzing gcc-5__Ou__uucp__uucico/uhelp
started running uhelp
finished uhelp
analyzing gcc-5__Ou__uucp__uucico/uabort
started running uabort
finished uabort
removing targets
analyzing gcc-5__Ou__uucp__uucico/fcall
started running fcall
stopped exploration
finished fcall
analyzing gcc-5__Ou__uucp__uucico/fconn_call
started running fconn_call
finished fconn_call
removing targets
analyzing gcc-5__Ou__uucp__uucico/fdo_call
started running fdo_call
finished fdo_call
analyzing gcc-5__Ou__uucp__uucico/iuport_lock
started running iuport_lock
finished iuport_lock
analyzing gcc-5__Ou__uucp__uucico/flogin_prompt
started running flogin_prompt
finished flogin_prompt
removing targets
analyzing gcc-5__Ou__uucp__uucico/icallin_cmp
started running icallin_cmp
finished icallin_cmp
analyzing gcc-5__Ou__uucp__uucico/faccept_call
started running faccept_call
stopped exploration
finished faccept_call
removing targets
analyzing gcc-5__Ou__uucp__uucico/uaccept_call_cleanup
started running uaccept_call_cleanup
finished uaccept_call_cleanup
removing targets
analyzing gcc-5__Ou__uucp__uucico/uapply_proto_params
started running uapply_proto_params
finished uapply_proto_params
removing targets
analyzing gcc-5__Ou__uucp__uucico/fsend_uucp_cmd
started running fsend_uucp_cmd
finished fsend_uucp_cmd
removing targets
analyzing gcc-5__Ou__uucp__uucico/zget_uucp_cmd
started running zget_uucp_cmd
finished zget_uucp_cmd
analyzing gcc-5__Ou__uucp__uucico/zget_typed_line
started running zget_typed_line
finished zget_typed_line
removing targets
analyzing gcc-5__Ou__uucp__uucico/fspawn_uuxqt
started running fspawn_uuxqt
finished fspawn_uuxqt
removing targets
analyzing gcc-5__Ou__uucp__uucico/utqueue
started running utqueue
finished utqueue
removing targets
analyzing gcc-5__Ou__uucp__uucico/utdequeue
started running utdequeue
finished utdequeue
removing targets
analyzing gcc-5__Ou__uucp__uucico/fqueue_local
started running fqueue_local
finished fqueue_local
analyzing gcc-5__Ou__uucp__uucico/fqueue_remote
started running fqueue_remote
finished fqueue_remote
removing targets
analyzing gcc-5__Ou__uucp__uucico/fqueue_send
started running fqueue_send
finished fqueue_send
removing targets
analyzing gcc-5__Ou__uucp__uucico/fqueue_receive
started running fqueue_receive
finished fqueue_receive
removing targets
analyzing gcc-5__Ou__uucp__uucico/utchanalc
started running utchanalc
finished utchanalc
removing targets
analyzing gcc-5__Ou__uucp__uucico/qtchan
started running qtchan
finished qtchan
analyzing gcc-5__Ou__uucp__uucico/utchanfree
started running utchanfree
finished utchanfree
removing targets
analyzing gcc-5__Ou__uucp__uucico/qtransalc
started running qtransalc
finished qtransalc
removing targets
analyzing gcc-5__Ou__uucp__uucico/utransfree
started running utransfree
finished utransfree
analyzing gcc-5__Ou__uucp__uucico/utfree_queue
started running utfree_queue
finished utfree_queue
removing targets
analyzing gcc-5__Ou__uucp__uucico/fttime
started running fttime
finished fttime
analyzing gcc-5__Ou__uucp__uucico/fqueue
started running fqueue
finished fqueue
removing targets
analyzing gcc-5__Ou__uucp__uucico/uclear_queue
started running uclear_queue
finished uclear_queue
analyzing gcc-5__Ou__uucp__uucico/fcheck_queue
started running fcheck_queue
finished fcheck_queue
removing targets
analyzing gcc-5__Ou__uucp__uucico/floop
started running floop
finished floop
removing targets
analyzing gcc-5__Ou__uucp__uucico/fgot_data
started running fgot_data
stopped exploration
finished fgot_data
removing targets
analyzing gcc-5__Ou__uucp__uucico/ftadd_cmd
started running ftadd_cmd
finished ftadd_cmd
removing targets
analyzing gcc-5__Ou__uucp__uucico/fremote_hangup_reply
started running fremote_hangup_reply
finished fremote_hangup_reply
analyzing gcc-5__Ou__uucp__uucico/usent_receive_ack
started running usent_receive_ack
finished usent_receive_ack
removing targets
analyzing gcc-5__Ou__uucp__uucico/utfree_receive_ack
started running utfree_receive_ack
finished utfree_receive_ack
analyzing gcc-5__Ou__uucp__uucico/uwindow_acked
started running uwindow_acked
finished uwindow_acked
removing targets
analyzing gcc-5__Ou__uucp__uucico/utfree_acked
started running utfree_acked
finished utfree_acked
removing targets
analyzing gcc-5__Ou__uucp__uucico/ufailed
started running ufailed
finished ufailed
removing targets
analyzing gcc-5__Ou__uucp__uucico/flocal_poll_file
started running flocal_poll_file
finished flocal_poll_file
analyzing gcc-5__Ou__uucp__uucico/usfree_send
started running usfree_send
finished usfree_send
removing targets
analyzing gcc-5__Ou__uucp__uucico/flocal_send_file_init
started running flocal_send_file_init
finished flocal_send_file_init
removing targets
analyzing gcc-5__Ou__uucp__uucico/flocal_send_fail
started running flocal_send_fail
finished flocal_send_fail
removing targets
analyzing gcc-5__Ou__uucp__uucico/flocal_send_request
started running flocal_send_request
stopped exploration
finished flocal_send_request
removing targets
analyzing gcc-5__Ou__uucp__uucico/flocal_send_await_reply
started running flocal_send_await_reply
finished flocal_send_await_reply
removing targets
analyzing gcc-5__Ou__uucp__uucico/flocal_send_open_file
started running flocal_send_open_file
finished flocal_send_open_file
removing targets
analyzing gcc-5__Ou__uucp__uucico/flocal_send_cancelled
started running flocal_send_cancelled
finished flocal_send_cancelled
removing targets
analyzing gcc-5__Ou__uucp__uucico/fremote_rec_file_init
started running fremote_rec_file_init
finished fremote_rec_file_init
removing targets
analyzing gcc-5__Ou__uucp__uucico/fremote_rec_reply
started running fremote_rec_reply
finished fremote_rec_reply
analyzing gcc-5__Ou__uucp__uucico/fremote_rec_fail
started running fremote_rec_fail
finished fremote_rec_fail
analyzing gcc-5__Ou__uucp__uucico/fremote_rec_fail_send
started running fremote_rec_fail_send
finished fremote_rec_fail_send
removing targets
analyzing gcc-5__Ou__uucp__uucico/fsend_file_end
started running fsend_file_end
finished fsend_file_end
removing targets
analyzing gcc-5__Ou__uucp__uucico/fsend_await_confirm
started running fsend_await_confirm
finished fsend_await_confirm
removing targets
analyzing gcc-5__Ou__uucp__uucico/fsend_exec_file_init
started running fsend_exec_file_init
finished fsend_exec_file_init
analyzing gcc-5__Ou__uucp__uucico/usadd_exec_line
started running usadd_exec_line
finished usadd_exec_line
removing targets
analyzing gcc-5__Ou__uucp__uucico/fsend_exec_file
started running fsend_exec_file
finished fsend_exec_file
analyzing gcc-5__Ou__uucp__uucico/urrec_free
started running urrec_free
finished urrec_free
removing targets
analyzing gcc-5__Ou__uucp__uucico/flocal_rec_file_init
started running flocal_rec_file_init
finished flocal_rec_file_init
removing targets
analyzing gcc-5__Ou__uucp__uucico/flocal_rec_fail
started running flocal_rec_fail
finished flocal_rec_fail
removing targets
analyzing gcc-5__Ou__uucp__uucico/flocal_rec_send_request
started running flocal_rec_send_request
finished flocal_rec_send_request
removing targets
analyzing gcc-5__Ou__uucp__uucico/flocal_rec_await_reply
started running flocal_rec_await_reply
finished flocal_rec_await_reply
removing targets
analyzing gcc-5__Ou__uucp__uucico/frec_check_free
started running frec_check_free
finished frec_check_free
analyzing gcc-5__Ou__uucp__uucico/fremote_send_file_init
started running fremote_send_file_init
finished fremote_send_file_init
removing targets
analyzing gcc-5__Ou__uucp__uucico/fremote_send_reply
started running fremote_send_reply
finished fremote_send_reply
removing targets
analyzing gcc-5__Ou__uucp__uucico/fremote_send_fail
started running fremote_send_fail
finished fremote_send_fail
analyzing gcc-5__Ou__uucp__uucico/fremote_send_fail_send
started running fremote_send_fail_send
finished fremote_send_fail_send
removing targets
analyzing gcc-5__Ou__uucp__uucico/fremote_discard
started running fremote_discard
finished fremote_discard
removing targets
analyzing gcc-5__Ou__uucp__uucico/frec_file_end
started running frec_file_end
