gcc-5__Ou__uucp__uuconv have 116 funcs
analyzing gcc-5__Ou__uucp__uuconv/deregister_tm_clones
started running deregister_tm_clones
finished deregister_tm_clones
removing targets
analyzing gcc-5__Ou__uucp__uuconv/register_tm_clones
started running register_tm_clones
finished register_tm_clones
removing targets
analyzing gcc-5__Ou__uucp__uuconv/frame_dummy
started running frame_dummy
finished frame_dummy
removing targets
analyzing gcc-5__Ou__uucp__uuconv/uvusage
started running uvusage
finished uvusage
analyzing gcc-5__Ou__uucp__uuconv/uvhelp
started running uvhelp
finished uvhelp
analyzing gcc-5__Ou__uucp__uuconv/uvwrite_time
started running uvwrite_time
stopped exploration
finished uvwrite_time
removing targets
analyzing gcc-5__Ou__uucp__uuconv/uvwrite_string
started running uvwrite_string
finished uvwrite_string
removing targets
analyzing gcc-5__Ou__uucp__uuconv/uvwrite_size
started running uvwrite_size
finished uvwrite_size
removing targets
analyzing gcc-5__Ou__uucp__uuconv/uvwrite_boolean
started running uvwrite_boolean
finished uvwrite_boolean
removing targets
analyzing gcc-5__Ou__uucp__uuconv/uvwrite_string_array
started running uvwrite_string_array
finished uvwrite_string_array
removing targets
analyzing gcc-5__Ou__uucp__uuconv/uvwrite_chat_script
started running uvwrite_chat_script
finished uvwrite_chat_script
removing targets
analyzing gcc-5__Ou__uucp__uuconv/uvwrite_chat
started running uvwrite_chat
finished uvwrite_chat
removing targets
analyzing gcc-5__Ou__uucp__uuconv/uvwrite_proto_params
started running uvwrite_proto_params
finished uvwrite_proto_params
removing targets
analyzing gcc-5__Ou__uucp__uuconv/uvwrite_taylor_system
started running uvwrite_taylor_system
analyzing gcc-5__Ou__uucp__uuconv/uvwrite_v2_system
started running uvwrite_v2_system
analyzing gcc-5__Ou__uucp__uuconv/uvwrite_hdb_system
started running uvwrite_hdb_system
analyzing gcc-5__Ou__uucp__uuconv/fvperm_string_cmp
started running fvperm_string_cmp
finished fvperm_string_cmp
removing targets
analyzing gcc-5__Ou__uucp__uuconv/fvperm_array_cmp
started running fvperm_array_cmp
finished fvperm_array_cmp
removing targets
analyzing gcc-5__Ou__uucp__uuconv/uvadd_perm
started running uvadd_perm
analyzing gcc-5__Ou__uucp__uuconv/uvwrite_perms
started running uvwrite_perms
finished uvwrite_perms
analyzing gcc-5__Ou__uucp__uuconv/uvwrite_perm_array
started running uvwrite_perm_array
analyzing gcc-5__Ou__uucp__uuconv/uvwrite_perm_boolean
started running uvwrite_perm_boolean
finished uvwrite_perm_boolean
removing targets
analyzing gcc-5__Ou__uucp__uuconv/uvwrite_perm_rw_array
started running uvwrite_perm_rw_array
finished uvwrite_perm_rw_array
removing targets
analyzing gcc-5__Ou__uucp__uuconv/uvwrite_perm_string
started running uvwrite_perm_string
