ERROR   | 2021-12-02 03:39:35,520 | root     | b'out of memory'
ERROR   | 2021-12-02 03:39:35,520 | root     | got an error while analyzing fscmd_seq
ERROR   | 2021-12-02 03:39:36,695 | root     | b'out of memory'
ERROR   | 2021-12-02 03:39:36,696 | root     | got an error while analyzing zsysdep_data_file_name
ERROR   | 2021-12-02 03:39:37,825 | root     | b'out of memory'
ERROR   | 2021-12-02 03:39:37,825 | root     | got an error while analyzing zscmd_file
ERROR   | 2021-12-02 03:39:38,886 | root     | b'out of memory'
ERROR   | 2021-12-02 03:39:38,886 | root     | got an error while analyzing fsysdep_in_directory
ERROR   | 2021-12-02 03:39:39,993 | root     | list index out of range
ERROR   | 2021-12-02 03:39:39,993 | root     | got an error while analyzing usysdep_exit
ERROR   | 2021-12-02 03:39:42,561 | root     | b'out of memory'
ERROR   | 2021-12-02 03:39:42,561 | root     | got an error while analyzing zsysdep_local_file
ERROR   | 2021-12-02 03:49:09,764 | root     | b'out of memory'
ERROR   | 2021-12-02 03:49:09,764 | root     | got an error while analyzing fsdo_lock
ERROR   | 2021-12-02 03:49:13,227 | root     | b'out of memory'
ERROR   | 2021-12-02 03:49:13,227 | root     | got an error while analyzing fsdo_unlock
ERROR   | 2021-12-02 03:49:13,992 | root     | b'out of memory'
ERROR   | 2021-12-02 03:49:13,992 | root     | got an error while analyzing usysdep_localtime
ERROR   | 2021-12-02 03:49:15,629 | root     | b'out of memory'
ERROR   | 2021-12-02 03:49:15,629 | root     | got an error while analyzing fsysdep_make_dirs
ERROR   | 2021-12-02 03:49:19,216 | root     | b'out of memory'
ERROR   | 2021-12-02 03:49:19,216 | root     | got an error while analyzing fsysdep_run
ERROR   | 2021-12-02 03:49:26,325 | root     | b'out of memory'
ERROR   | 2021-12-02 03:49:26,325 | root     | got an error while analyzing usset_signal
ERROR   | 2021-12-02 03:49:28,043 | root     | b'out of memory'
ERROR   | 2021-12-02 03:49:28,043 | root     | got an error while analyzing zsysdep_in_dir
ERROR   | 2021-12-02 03:49:30,583 | root     | b'out of memory'
ERROR   | 2021-12-02 03:49:30,583 | root     | got an error while analyzing ixsspawn
ERROR   | 2021-12-02 03:49:32,360 | root     | b'out of memory'
ERROR   | 2021-12-02 03:49:32,360 | root     | got an error while analyzing zsysdep_spool_commands
ERROR   | 2021-12-02 03:49:32,892 | root     | b'out of memory'
ERROR   | 2021-12-02 03:49:32,892 | root     | got an error while analyzing zsfind_file
ERROR   | 2021-12-02 03:51:20,347 | root     | b'out of memory'
ERROR   | 2021-12-02 03:51:20,347 | root     | got an error while analyzing fsuser_access
ERROR   | 2021-12-02 03:51:27,909 | root     | b'out of memory'
ERROR   | 2021-12-02 03:51:27,909 | root     | got an error while analyzing esysdep_user_fopen
ERROR   | 2021-12-02 03:51:29,191 | root     | b'out of memory'
ERROR   | 2021-12-02 03:51:29,191 | root     | got an error while analyzing fsuser_perms
ERROR   | 2021-12-02 03:51:35,146 | root     | b'out of memory'
ERROR   | 2021-12-02 03:51:35,146 | root     | got an error while analyzing ixsysdep_user_file_mode
ERROR   | 2021-12-02 03:51:39,392 | root     | b'out of memory'
ERROR   | 2021-12-02 03:51:39,392 | root     | got an error while analyzing zsappend3
ERROR   | 2021-12-02 03:51:42,269 | root     | b'out of memory'
ERROR   | 2021-12-02 03:51:42,269 | root     | got an error while analyzing usysdep_detach
ERROR   | 2021-12-02 03:51:44,486 | root     | b'out of memory'
ERROR   | 2021-12-02 03:51:44,487 | root     | got an error while analyzing ixsfork
ERROR   | 2021-12-02 03:51:46,257 | root     | b'out of memory'
ERROR   | 2021-12-02 03:51:46,257 | root     | got an error while analyzing ixswait
ERROR   | 2021-12-02 03:51:47,033 | root     | b'out of memory'
ERROR   | 2021-12-02 03:51:47,033 | root     | got an error while analyzing zsfile_to_jobid
ERROR   | 2021-12-02 03:51:48,359 | root     | b'out of memory'
ERROR   | 2021-12-02 03:51:48,359 | root     | got an error while analyzing zsjobid_to_file
ERROR   | 2021-12-02 03:52:29,560 | root     | b'out of memory'
ERROR   | 2021-12-02 03:52:29,561 | root     | got an error while analyzing zeprint_num
ERROR   | 2021-12-02 03:52:30,053 | root     | b'out of memory'
ERROR   | 2021-12-02 03:52:30,053 | root     | got an error while analyzing uuconf_init
ERROR   | 2021-12-02 03:52:30,546 | root     | b'out of memory'
ERROR   | 2021-12-02 03:52:30,547 | root     | got an error while analyzing uuconf_lockdir
ERROR   | 2021-12-02 03:52:31,053 | root     | b'out of memory'
ERROR   | 2021-12-02 03:52:31,054 | root     | got an error while analyzing uuconf_system_local
ERROR   | 2021-12-02 03:52:31,547 | root     | b'out of memory'
ERROR   | 2021-12-02 03:52:31,547 | root     | got an error while analyzing uuconf_localname
ERROR   | 2021-12-02 03:52:32,035 | root     | b'out of memory'
ERROR   | 2021-12-02 03:52:32,035 | root     | got an error while analyzing uuconf_logfile
ERROR   | 2021-12-02 03:52:33,134 | root     | b'out of memory'
ERROR   | 2021-12-02 03:52:33,134 | root     | got an error while analyzing uuconf_system_names
ERROR   | 2021-12-02 03:52:33,623 | root     | b'out of memory'
ERROR   | 2021-12-02 03:52:33,623 | root     | got an error while analyzing uuconf_spooldir
ERROR   | 2021-12-02 03:52:34,115 | root     | b'out of memory'
ERROR   | 2021-12-02 03:52:34,115 | root     | got an error while analyzing uuconf_statsfile
ERROR   | 2021-12-02 03:52:34,610 | root     | b'out of memory'
ERROR   | 2021-12-02 03:52:34,610 | root     | got an error while analyzing uuconf_taylor_init
ERROR   | 2021-12-02 03:52:35,107 | root     | b'out of memory'
ERROR   | 2021-12-02 03:52:35,107 | root     | got an error while analyzing itdebug
ERROR   | 2021-12-02 03:53:14,114 | root     | b'out of memory'
ERROR   | 2021-12-02 03:53:14,114 | root     | got an error while analyzing itset_default
ERROR   | 2021-12-02 03:53:14,604 | root     | b'out of memory'
ERROR   | 2021-12-02 03:53:14,604 | root     | got an error while analyzing uiset_call
ERROR   | 2021-12-02 03:53:15,600 | root     | b'out of memory'
ERROR   | 2021-12-02 03:53:15,600 | root     | got an error while analyzing iialias
ERROR   | 2021-12-02 03:53:16,106 | root     | b'out of memory'
ERROR   | 2021-12-02 03:53:16,106 | root     | got an error while analyzing iialternate
ERROR   | 2021-12-02 03:53:16,614 | root     | b'out of memory'
ERROR   | 2021-12-02 03:53:16,614 | root     | got an error while analyzing iidefault_alternates
ERROR   | 2021-12-02 03:53:18,270 | root     | b'out of memory'
ERROR   | 2021-12-02 03:53:18,270 | root     | got an error while analyzing iibaud_range
ERROR   | 2021-12-02 03:53:18,780 | root     | b'out of memory'
ERROR   | 2021-12-02 03:53:18,780 | root     | got an error while analyzing iisize
ERROR   | 2021-12-02 03:53:20,443 | root     | b'out of memory'
ERROR   | 2021-12-02 03:53:20,443 | root     | got an error while analyzing iichat
ERROR   | 2021-12-02 03:53:20,952 | root     | b'out of memory'
ERROR   | 2021-12-02 03:53:20,952 | root     | got an error while analyzing iidebug
ERROR   | 2021-12-02 03:53:22,057 | root     | b'out of memory'
ERROR   | 2021-12-02 03:53:22,057 | root     | got an error while analyzing iiproto_param
ERROR   | 2021-12-02 03:54:03,728 | root     | b'out of memory'
ERROR   | 2021-12-02 03:54:03,728 | root     | got an error while analyzing uuconf_taylor_system_unknown
ERROR   | 2021-12-02 03:54:04,264 | root     | b'out of memory'
ERROR   | 2021-12-02 03:54:04,265 | root     | got an error while analyzing uuconf_taylor_system_names
ERROR   | 2021-12-02 03:54:06,504 | root     | b'out of memory'
ERROR   | 2021-12-02 03:54:06,504 | root     | got an error while analyzing icchat
ERROR   | 2021-12-02 03:54:07,041 | root     | b'out of memory'
ERROR   | 2021-12-02 03:54:07,041 | root     | got an error while analyzing icchat_fail
ERROR   | 2021-12-02 03:54:08,040 | root     | b'out of memory'
ERROR   | 2021-12-02 03:54:08,040 | root     | got an error while analyzing uuconf_cmd_args
ERROR   | 2021-12-02 03:54:08,589 | root     | b'out of memory'
ERROR   | 2021-12-02 03:54:08,589 | root     | got an error while analyzing uuconf_cmd_file
ERROR   | 2021-12-02 03:54:40,430 | root     | b'out of memory'
ERROR   | 2021-12-02 03:54:40,430 | root     | got an error while analyzing itmyname
ERROR   | 2021-12-02 03:54:40,984 | root     | b'out of memory'
ERROR   | 2021-12-02 03:54:40,984 | root     | got an error while analyzing itadd_span
ERROR   | 2021-12-02 03:54:41,925 | root     | b'out of memory'
ERROR   | 2021-12-02 03:54:41,925 | root     | got an error while analyzing itnew
ERROR   | 2021-12-02 03:54:42,717 | root     | b'out of memory'
ERROR   | 2021-12-02 03:54:42,717 | root     | got an error while analyzing ipproto_param
ERROR   | 2021-12-02 03:54:43,528 | root     | b'out of memory'
ERROR   | 2021-12-02 03:54:43,528 | root     | got an error while analyzing ipbaud_range
ERROR   | 2021-12-02 03:54:47,061 | root     | b'out of memory'
ERROR   | 2021-12-02 03:54:47,062 | root     | got an error while analyzing uuconf_add_block
ERROR   | 2021-12-02 03:54:47,899 | root     | b'out of memory'
ERROR   | 2021-12-02 03:54:47,899 | root     | got an error while analyzing uuconf_grade_cmp
ERROR   | 2021-12-02 03:54:48,689 | root     | b'out of memory'
ERROR   | 2021-12-02 03:54:48,689 | root     | got an error while analyzing idchat
ERROR   | 2021-12-02 03:54:51,185 | root     | b'out of memory'
ERROR   | 2021-12-02 03:54:51,186 | root     | got an error while analyzing idcomplete
ERROR   | 2021-12-02 03:54:51,991 | root     | b'out of memory'
ERROR   | 2021-12-02 03:54:51,991 | root     | got an error while analyzing idproto_param
ERROR   | 2021-12-02 03:54:53,293 | root     | b'out of memory'
ERROR   | 2021-12-02 03:54:53,293 | root     | got an error while analyzing zbufalc
ERROR   | 2021-12-02 03:54:54,664 | root     | b'out of memory'
ERROR   | 2021-12-02 03:54:54,664 | root     | got an error while analyzing ubuffree
ERROR   | 2021-12-02 03:57:32,894 | root     | b'out of memory'
ERROR   | 2021-12-02 03:57:32,895 | root     | got an error while analyzing fcmd_needs_quotes
ERROR   | 2021-12-02 03:57:33,697 | root     | b'out of memory'
ERROR   | 2021-12-02 03:57:33,697 | root     | got an error while analyzing uquote_cmd
ERROR   | 2021-12-02 03:57:34,497 | root     | b'out of memory'
ERROR   | 2021-12-02 03:57:34,497 | root     | got an error while analyzing ufree_quoted_cmd
ERROR   | 2021-12-02 03:57:35,890 | root     | b'out of memory'
ERROR   | 2021-12-02 03:57:35,891 | root     | got an error while analyzing zquote_cmd_string
ERROR   | 2021-12-02 03:57:36,680 | root     | b'out of memory'
ERROR   | 2021-12-02 03:57:36,680 | root     | got an error while analyzing fspool_file
