gcc-5__Ou__uucp__uustat have 183 funcs
analyzing gcc-5__Ou__uucp__uustat/deregister_tm_clones
started running deregister_tm_clones
finished deregister_tm_clones
removing targets
analyzing gcc-5__Ou__uucp__uustat/register_tm_clones
started running register_tm_clones
finished register_tm_clones
removing targets
analyzing gcc-5__Ou__uucp__uustat/frame_dummy
started running frame_dummy
finished frame_dummy
removing targets
analyzing gcc-5__Ou__uucp__uustat/ususage
started running ususage
finished ususage
analyzing gcc-5__Ou__uucp__uustat/ushelp
started running ushelp
finished ushelp
analyzing gcc-5__Ou__uucp__uustat/fsxqt_file_read
started running fsxqt_file_read
finished fsxqt_file_read
analyzing gcc-5__Ou__uucp__uustat/usxqt_file_free
started running usxqt_file_free
finished usxqt_file_free
analyzing gcc-5__Ou__uucp__uustat/isxqt_cmd
started running isxqt_cmd
finished isxqt_cmd
removing targets
analyzing gcc-5__Ou__uucp__uustat/isxqt_file
started running isxqt_file
finished isxqt_file
removing targets
analyzing gcc-5__Ou__uucp__uustat/isxqt_user
started running isxqt_user
finished isxqt_user
analyzing gcc-5__Ou__uucp__uustat/fsworkfiles
started running fsworkfiles
finished fsworkfiles
removing targets
analyzing gcc-5__Ou__uucp__uustat/fsworkfiles_system
started running fsworkfiles_system
finished fsworkfiles_system
analyzing gcc-5__Ou__uucp__uustat/fsworkfile_show
started running fsworkfile_show
finished fsworkfile_show
removing targets
analyzing gcc-5__Ou__uucp__uustat/usworkfile_header
started running usworkfile_header
finished usworkfile_header
removing targets
analyzing gcc-5__Ou__uucp__uustat/fsexecutions
started running fsexecutions
