ERROR   | 2021-12-02 04:00:50,369 | root     | 
ERROR   | 2021-12-02 04:00:50,370 | root     | got an error while analyzing ustats
ERROR   | 2021-12-02 04:06:23,020 | root     | b'out of memory'
ERROR   | 2021-12-02 04:06:23,021 | root     | got an error while analyzing fscmd_seq
ERROR   | 2021-12-02 04:06:54,097 | root     | b'out of memory'
ERROR   | 2021-12-02 04:06:54,097 | root     | got an error while analyzing zsysdep_data_file_name
ERROR   | 2021-12-02 04:06:56,906 | root     | b'out of memory'
ERROR   | 2021-12-02 04:06:56,906 | root     | got an error while analyzing zscmd_file
ERROR   | 2021-12-02 04:07:03,323 | root     | b'out of memory'
ERROR   | 2021-12-02 04:07:03,323 | root     | got an error while analyzing fsysdep_in_directory
ERROR   | 2021-12-02 04:18:21,892 | root     | b'out of memory'
ERROR   | 2021-12-02 04:18:21,892 | root     | got an error while analyzing usysdep_localtime
ERROR   | 2021-12-02 04:19:15,649 | root     | b'out of memory'
ERROR   | 2021-12-02 04:19:15,649 | root     | got an error while analyzing fsysdep_make_dirs
ERROR   | 2021-12-02 04:19:18,897 | root     | b'out of memory'
ERROR   | 2021-12-02 04:19:18,897 | root     | got an error while analyzing zsysdep_in_dir
ERROR   | 2021-12-02 04:19:20,396 | root     | b'out of memory'
ERROR   | 2021-12-02 04:19:20,396 | root     | got an error while analyzing zsysdep_spool_commands
ERROR   | 2021-12-02 04:19:20,964 | root     | b'out of memory'
ERROR   | 2021-12-02 04:19:20,965 | root     | got an error while analyzing zsfind_file
ERROR   | 2021-12-02 04:19:25,815 | root     | b'out of memory'
ERROR   | 2021-12-02 04:19:25,815 | root     | got an error while analyzing zsappend3
ERROR   | 2021-12-02 04:30:36,751 | root     | b'out of memory'
ERROR   | 2021-12-02 04:30:36,752 | root     | got an error while analyzing zsfile_to_jobid
ERROR   | 2021-12-02 04:30:38,490 | root     | b'out of memory'
ERROR   | 2021-12-02 04:30:38,490 | root     | got an error while analyzing uuconf_debugfile
ERROR   | 2021-12-02 04:30:39,014 | root     | b'out of memory'
ERROR   | 2021-12-02 04:30:39,014 | root     | got an error while analyzing uuconf_debuglevel
ERROR   | 2021-12-02 04:30:40,164 | root     | b'out of memory'
ERROR   | 2021-12-02 04:30:40,164 | root     | got an error while analyzing zeprint_num
ERROR   | 2021-12-02 04:31:43,321 | root     | b'out of memory'
ERROR   | 2021-12-02 04:31:43,321 | root     | got an error while analyzing uuconf_spooldir
ERROR   | 2021-12-02 04:31:44,167 | root     | b'out of memory'
ERROR   | 2021-12-02 04:31:44,167 | root     | got an error while analyzing uuconf_statsfile
ERROR   | 2021-12-02 04:31:45,025 | root     | b'out of memory'
ERROR   | 2021-12-02 04:31:45,025 | root     | got an error while analyzing uuconf_taylor_init
ERROR   | 2021-12-02 04:31:45,877 | root     | b'out of memory'
ERROR   | 2021-12-02 04:31:45,877 | root     | got an error while analyzing itdebug
ERROR   | 2021-12-02 04:31:47,887 | root     | b'out of memory'
ERROR   | 2021-12-02 04:31:47,887 | root     | got an error while analyzing itaddfile
ERROR   | 2021-12-02 04:31:48,744 | root     | b'out of memory'
ERROR   | 2021-12-02 04:31:48,745 | root     | got an error while analyzing itunknown
ERROR   | 2021-12-02 04:31:50,769 | root     | b'out of memory'
ERROR   | 2021-12-02 04:31:50,769 | root     | got an error while analyzing itprogram
ERROR   | 2021-12-02 04:31:51,612 | root     | b'out of memory'
ERROR   | 2021-12-02 04:31:51,612 | root     | got an error while analyzing itset_default
ERROR   | 2021-12-02 04:31:52,453 | root     | b'out of memory'
ERROR   | 2021-12-02 04:31:52,453 | root     | got an error while analyzing uiset_call
ERROR   | 2021-12-02 04:32:27,977 | root     | b'out of memory'
ERROR   | 2021-12-02 04:32:27,977 | root     | got an error while analyzing iialternate
ERROR   | 2021-12-02 04:32:28,544 | root     | b'out of memory'
ERROR   | 2021-12-02 04:32:28,544 | root     | got an error while analyzing iidefault_alternates
ERROR   | 2021-12-02 04:32:30,333 | root     | b'out of memory'
ERROR   | 2021-12-02 04:32:30,333 | root     | got an error while analyzing iibaud_range
ERROR   | 2021-12-02 04:32:30,867 | root     | b'out of memory'
ERROR   | 2021-12-02 04:32:30,867 | root     | got an error while analyzing iisize
ERROR   | 2021-12-02 04:32:32,652 | root     | b'out of memory'
ERROR   | 2021-12-02 04:32:32,652 | root     | got an error while analyzing iichat
ERROR   | 2021-12-02 04:32:33,183 | root     | b'out of memory'
ERROR   | 2021-12-02 04:32:33,183 | root     | got an error while analyzing iidebug
ERROR   | 2021-12-02 04:32:34,329 | root     | b'out of memory'
ERROR   | 2021-12-02 04:32:34,329 | root     | got an error while analyzing iiproto_param
ERROR   | 2021-12-02 04:32:34,863 | root     | b'out of memory'
ERROR   | 2021-12-02 04:32:34,863 | root     | got an error while analyzing iirequest
ERROR   | 2021-12-02 04:32:35,393 | root     | b'out of memory'
ERROR   | 2021-12-02 04:32:35,394 | root     | got an error while analyzing iitransfer
ERROR   | 2021-12-02 04:32:58,684 | root     | b'out of memory'
ERROR   | 2021-12-02 04:32:58,684 | root     | got an error while analyzing uuconf_taylor_system_unknown
ERROR   | 2021-12-02 04:32:59,540 | root     | b'out of memory'
ERROR   | 2021-12-02 04:32:59,541 | root     | got an error while analyzing uuconf_taylor_system_names
ERROR   | 2021-12-02 04:33:02,321 | root     | b'out of memory'
ERROR   | 2021-12-02 04:33:02,321 | root     | got an error while analyzing uuconf_malloc_block
ERROR   | 2021-12-02 04:33:03,461 | root     | b'out of memory'
ERROR   | 2021-12-02 04:33:03,461 | root     | got an error while analyzing icchat
ERROR   | 2021-12-02 04:33:03,995 | root     | b'out of memory'
ERROR   | 2021-12-02 04:33:03,995 | root     | got an error while analyzing icchat_fail
ERROR   | 2021-12-02 04:33:05,033 | root     | b'out of memory'
ERROR   | 2021-12-02 04:33:05,033 | root     | got an error while analyzing uuconf_cmd_args
ERROR   | 2021-12-02 04:33:05,580 | root     | b'out of memory'
ERROR   | 2021-12-02 04:33:05,580 | root     | got an error while analyzing uuconf_cmd_file
ERROR   | 2021-12-02 04:33:07,942 | root     | b'out of memory'
ERROR   | 2021-12-02 04:33:07,942 | root     | got an error while analyzing itsystem
ERROR   | 2021-12-02 04:33:23,637 | root     | list index out of range
ERROR   | 2021-12-02 04:33:23,637 | root     | got an error while analyzing itadd_span
ERROR   | 2021-12-02 04:33:24,291 | root     | b'out of memory'
ERROR   | 2021-12-02 04:33:24,291 | root     | got an error while analyzing itnew
ERROR   | 2021-12-02 04:33:24,821 | root     | b'out of memory'
ERROR   | 2021-12-02 04:33:24,821 | root     | got an error while analyzing ipproto_param
ERROR   | 2021-12-02 04:33:25,356 | root     | b'out of memory'
ERROR   | 2021-12-02 04:33:25,356 | root     | got an error while analyzing ipbaud_range
ERROR   | 2021-12-02 04:33:27,594 | root     | b'out of memory'
ERROR   | 2021-12-02 04:33:27,594 | root     | got an error while analyzing uuconf_grade_cmp
ERROR   | 2021-12-02 04:33:28,128 | root     | b'out of memory'
ERROR   | 2021-12-02 04:33:28,128 | root     | got an error while analyzing idchat
ERROR   | 2021-12-02 04:33:29,285 | root     | b'out of memory'
ERROR   | 2021-12-02 04:33:29,285 | root     | got an error while analyzing idcomplete
ERROR   | 2021-12-02 04:33:29,815 | root     | b'out of memory'
ERROR   | 2021-12-02 04:33:29,815 | root     | got an error while analyzing idproto_param
ERROR   | 2021-12-02 04:33:30,859 | root     | b'out of memory'
ERROR   | 2021-12-02 04:33:30,859 | root     | got an error while analyzing zbufalc
ERROR   | 2021-12-02 04:35:58,499 | root     | b'out of memory'
ERROR   | 2021-12-02 04:35:58,500 | root     | got an error while analyzing cdebug_char
ERROR   | 2021-12-02 04:36:00,051 | root     | b'out of memory'
ERROR   | 2021-12-02 04:36:00,051 | root     | got an error while analyzing udebug_buffer
ERROR   | 2021-12-02 04:36:05,069 | root     | b'out of memory'
ERROR   | 2021-12-02 04:36:05,069 | root     | got an error while analyzing fneeds_quotes
ERROR   | 2021-12-02 04:36:05,608 | root     | b'out of memory'
ERROR   | 2021-12-02 04:36:05,608 | root     | got an error while analyzing fcmd_needs_quotes
ERROR   | 2021-12-02 04:36:06,129 | root     | b'out of memory'
ERROR   | 2021-12-02 04:36:06,129 | root     | got an error while analyzing uquote_cmd
ERROR   | 2021-12-02 04:36:06,653 | root     | b'out of memory'
ERROR   | 2021-12-02 04:36:06,653 | root     | got an error while analyzing ufree_quoted_cmd
ERROR   | 2021-12-02 04:36:07,753 | root     | b'out of memory'
ERROR   | 2021-12-02 04:36:07,754 | root     | got an error while analyzing fspool_file
