ERROR   | 2021-12-02 03:39:38,340 | root     | b'out of memory'
ERROR   | 2021-12-02 03:39:38,341 | root     | got an error while analyzing fscmd_seq
ERROR   | 2021-12-02 03:39:39,908 | root     | b'out of memory'
ERROR   | 2021-12-02 03:39:39,908 | root     | got an error while analyzing zsysdep_data_file_name
ERROR   | 2021-12-02 03:39:41,359 | root     | b'out of memory'
ERROR   | 2021-12-02 03:39:41,359 | root     | got an error while analyzing zscmd_file
ERROR   | 2021-12-02 03:39:44,259 | root     | b'out of memory'
ERROR   | 2021-12-02 03:39:44,259 | root     | got an error while analyzing fsysdep_in_directory
ERROR   | 2021-12-02 03:39:45,780 | root     | list index out of range
ERROR   | 2021-12-02 03:39:45,780 | root     | got an error while analyzing usysdep_exit
ERROR   | 2021-12-02 03:45:47,771 | root     | b'out of memory'
ERROR   | 2021-12-02 03:45:47,772 | root     | got an error while analyzing fsdo_lock
ERROR   | 2021-12-02 03:45:51,172 | root     | b'out of memory'
ERROR   | 2021-12-02 03:45:51,172 | root     | got an error while analyzing fsdo_unlock
ERROR   | 2021-12-02 03:45:52,004 | root     | b'out of memory'
ERROR   | 2021-12-02 03:45:52,004 | root     | got an error while analyzing usysdep_localtime
ERROR   | 2021-12-02 03:45:54,229 | root     | b'out of memory'
ERROR   | 2021-12-02 03:45:54,229 | root     | got an error while analyzing fsysdep_mail
ERROR   | 2021-12-02 03:45:55,989 | root     | b'out of memory'
ERROR   | 2021-12-02 03:45:55,989 | root     | got an error while analyzing fsysdep_make_dirs
ERROR   | 2021-12-02 03:46:00,263 | root     | b'out of memory'
ERROR   | 2021-12-02 03:46:00,263 | root     | got an error while analyzing fsysdep_move_file
ERROR   | 2021-12-02 03:46:07,016 | root     | b'out of memory'
ERROR   | 2021-12-02 03:46:07,016 | root     | got an error while analyzing usset_signal
ERROR   | 2021-12-02 03:46:09,537 | root     | b'out of memory'
ERROR   | 2021-12-02 03:46:09,537 | root     | got an error while analyzing zsysdep_in_dir
ERROR   | 2021-12-02 03:46:10,840 | root     | b'out of memory'
ERROR   | 2021-12-02 03:46:10,840 | root     | got an error while analyzing zsysdep_spool_commands
ERROR   | 2021-12-02 03:46:11,649 | root     | b'out of memory'
ERROR   | 2021-12-02 03:46:11,649 | root     | got an error while analyzing zsysdep_spool_file_name
ERROR   | 2021-12-02 03:46:12,473 | root     | b'out of memory'
ERROR   | 2021-12-02 03:46:12,473 | root     | got an error while analyzing zsfind_file
ERROR   | 2021-12-02 03:46:14,155 | root     | b'out of memory'
ERROR   | 2021-12-02 03:46:14,155 | root     | got an error while analyzing fsysdep_sync
ERROR   | 2021-12-02 03:48:23,894 | root     | b'out of memory'
ERROR   | 2021-12-02 03:48:23,894 | root     | got an error while analyzing fswork_file
ERROR   | 2021-12-02 03:48:24,835 | root     | b'out of memory'
ERROR   | 2021-12-02 03:48:24,835 | root     | got an error while analyzing iswork_cmp
ERROR   | 2021-12-02 03:48:25,582 | root     | b'out of memory'
ERROR   | 2021-12-02 03:48:25,582 | root     | got an error while analyzing fsysdep_has_work
ERROR   | 2021-12-02 03:48:26,227 | root     | b'out of memory'
ERROR   | 2021-12-02 03:48:26,227 | root     | got an error while analyzing fsysdep_get_work_init
ERROR   | 2021-12-02 03:48:26,896 | root     | b'out of memory'
ERROR   | 2021-12-02 03:48:26,896 | root     | got an error while analyzing fsysdep_get_work
ERROR   | 2021-12-02 03:48:27,534 | root     | b'out of memory'
ERROR   | 2021-12-02 03:48:27,534 | root     | got an error while analyzing fsysdep_did_work
ERROR   | 2021-12-02 03:48:29,090 | root     | b'out of memory'
ERROR   | 2021-12-02 03:48:29,090 | root     | got an error while analyzing zsysdep_save_temp_file
ERROR   | 2021-12-02 03:48:29,768 | root     | b'out of memory'
ERROR   | 2021-12-02 03:48:29,768 | root     | got an error while analyzing zsysdep_jobid
ASSERTION VIOLATION
File: ../src/ast/shared_occs.cpp
Line: 119
UNEXPECTED CODE WAS REACHED.
Z3 4.8.13.0
Please file an issue with this message and more detail about how you encountered it at https://github.com/Z3Prover/z3/issues/new
