ERROR   | 2021-12-01 21:17:06,432 | root     | list index out of range
ERROR   | 2021-12-01 21:17:06,433 | root     | got an error while analyzing powerld
ERROR   | 2021-12-01 21:17:06,920 | root     | list index out of range
ERROR   | 2021-12-01 21:17:06,920 | root     | got an error while analyzing absld
ERROR   | 2021-12-01 21:17:07,408 | root     | list index out of range
ERROR   | 2021-12-01 21:17:07,408 | root     | got an error while analyzing expld
ERROR   | 2021-12-01 21:17:07,911 | root     | list index out of range
ERROR   | 2021-12-01 21:17:07,911 | root     | got an error while analyzing simple_round_ceiling
ERROR   | 2021-12-01 21:17:08,367 | root     | list index out of range
ERROR   | 2021-12-01 21:17:08,367 | root     | got an error while analyzing simple_round_floor
ERROR   | 2021-12-01 21:17:08,745 | root     | list index out of range
ERROR   | 2021-12-01 21:17:08,745 | root     | got an error while analyzing simple_round_from_zero
ERROR   | 2021-12-01 21:17:08,992 | root     | list index out of range
ERROR   | 2021-12-01 21:17:08,992 | root     | got an error while analyzing simple_round_to_zero
ERROR   | 2021-12-01 21:17:09,245 | root     | list index out of range
ERROR   | 2021-12-01 21:17:09,245 | root     | got an error while analyzing simple_round_nearest
ERROR   | 2021-12-01 21:17:09,501 | root     | list index out of range
ERROR   | 2021-12-01 21:17:09,502 | root     | got an error while analyzing simple_round
ERROR   | 2021-12-01 21:17:10,239 | root     | list index out of range
ERROR   | 2021-12-01 21:17:10,239 | root     | got an error while analyzing simple_strtod_int
ERROR   | 2021-12-01 21:17:38,324 | root     | list index out of range
ERROR   | 2021-12-01 21:17:38,324 | root     | got an error while analyzing double_to_human
ERROR   | 2021-12-01 21:26:26,985 | root     | list index out of range
ERROR   | 2021-12-01 21:26:26,986 | root     | got an error while analyzing process_field
Killed
