gcc-5__Ou__coreutils-8.25__realpath have 178 funcs
analyzing gcc-5__Ou__coreutils-8.25__realpath/deregister_tm_clones
started running deregister_tm_clones
finished deregister_tm_clones
removing targets
analyzing gcc-5__Ou__coreutils-8.25__realpath/register_tm_clones
started running register_tm_clones
finished register_tm_clones
removing targets
analyzing gcc-5__Ou__coreutils-8.25__realpath/frame_dummy
started running frame_dummy
finished frame_dummy
removing targets
analyzing gcc-5__Ou__coreutils-8.25__realpath/emit_ancillary_info
started running emit_ancillary_info
finished emit_ancillary_info
removing targets
analyzing gcc-5__Ou__coreutils-8.25__realpath/emit_try_help
started running emit_try_help
finished emit_try_help
analyzing gcc-5__Ou__coreutils-8.25__realpath/realpath_canon
started running realpath_canon
finished realpath_canon
analyzing gcc-5__Ou__coreutils-8.25__realpath/path_prefix
started running path_prefix
finished path_prefix
removing targets
analyzing gcc-5__Ou__coreutils-8.25__realpath/isdir
started running isdir
finished isdir
analyzing gcc-5__Ou__coreutils-8.25__realpath/process_path
started running process_path
finished process_path
analyzing gcc-5__Ou__coreutils-8.25__realpath/path_common_prefix
started running path_common_prefix
finished path_common_prefix
removing targets
analyzing gcc-5__Ou__coreutils-8.25__realpath/buffer_or_output
started running buffer_or_output
finished buffer_or_output
removing targets
analyzing gcc-5__Ou__coreutils-8.25__realpath/relpath
started running relpath
finished relpath
analyzing gcc-5__Ou__coreutils-8.25__realpath/seen_triple
started running seen_triple
finished seen_triple
removing targets
analyzing gcc-5__Ou__coreutils-8.25__realpath/canonicalize_filename_mode
started running canonicalize_filename_mode
stopped exploration
finished canonicalize_filename_mode
removing targets
analyzing gcc-5__Ou__coreutils-8.25__realpath/close_stdout_set_file_name
started running close_stdout_set_file_name
finished close_stdout_set_file_name
analyzing gcc-5__Ou__coreutils-8.25__realpath/close_stdout_set_ignore_EPIPE
started running close_stdout_set_ignore_EPIPE
finished close_stdout_set_ignore_EPIPE
analyzing gcc-5__Ou__coreutils-8.25__realpath/close_stdout
started running close_stdout
finished close_stdout
analyzing gcc-5__Ou__coreutils-8.25__realpath/record_file
started running record_file
finished record_file
removing targets
analyzing gcc-5__Ou__coreutils-8.25__realpath/seen_file
started running seen_file
finished seen_file
removing targets
analyzing gcc-5__Ou__coreutils-8.25__realpath/hash_get_n_buckets
started running hash_get_n_buckets
finished hash_get_n_buckets
analyzing gcc-5__Ou__coreutils-8.25__realpath/hash_get_n_buckets_used
started running hash_get_n_buckets_used
finished hash_get_n_buckets_used
analyzing gcc-5__Ou__coreutils-8.25__realpath/hash_get_n_entries
started running hash_get_n_entries
finished hash_get_n_entries
analyzing gcc-5__Ou__coreutils-8.25__realpath/hash_get_max_bucket_length
started running hash_get_max_bucket_length
finished hash_get_max_bucket_length
removing targets
analyzing gcc-5__Ou__coreutils-8.25__realpath/hash_table_ok
started running hash_table_ok
finished hash_table_ok
removing targets
analyzing gcc-5__Ou__coreutils-8.25__realpath/hash_print_statistics
started running hash_print_statistics
finished hash_print_statistics
analyzing gcc-5__Ou__coreutils-8.25__realpath/safe_hasher
started running safe_hasher
finished safe_hasher
analyzing gcc-5__Ou__coreutils-8.25__realpath/hash_lookup
started running hash_lookup
finished hash_lookup
analyzing gcc-5__Ou__coreutils-8.25__realpath/hash_get_first
started running hash_get_first
stopped exploration
finished hash_get_first
removing targets
analyzing gcc-5__Ou__coreutils-8.25__realpath/hash_get_next
started running hash_get_next
finished hash_get_next
analyzing gcc-5__Ou__coreutils-8.25__realpath/hash_get_entries
started running hash_get_entries
finished hash_get_entries
removing targets
analyzing gcc-5__Ou__coreutils-8.25__realpath/hash_do_for_each
started running hash_do_for_each
finished hash_do_for_each
removing targets
analyzing gcc-5__Ou__coreutils-8.25__realpath/hash_string
started running hash_string
finished hash_string
removing targets
analyzing gcc-5__Ou__coreutils-8.25__realpath/is_prime
started running is_prime
finished is_prime
removing targets
analyzing gcc-5__Ou__coreutils-8.25__realpath/next_prime
started running next_prime
finished next_prime
removing targets
analyzing gcc-5__Ou__coreutils-8.25__realpath/hash_reset_tuning
started running hash_reset_tuning
finished hash_reset_tuning
analyzing gcc-5__Ou__coreutils-8.25__realpath/raw_hasher
started running raw_hasher
finished raw_hasher
analyzing gcc-5__Ou__coreutils-8.25__realpath/raw_comparator
started running raw_comparator
finished raw_comparator
analyzing gcc-5__Ou__coreutils-8.25__realpath/check_tuning
started running check_tuning
finished check_tuning
removing targets
analyzing gcc-5__Ou__coreutils-8.25__realpath/compute_bucket_size
started running compute_bucket_size
finished compute_bucket_size
removing targets
analyzing gcc-5__Ou__coreutils-8.25__realpath/hash_initialize
started running hash_initialize
finished hash_initialize
removing targets
analyzing gcc-5__Ou__coreutils-8.25__realpath/hash_clear
started running hash_clear
finished hash_clear
removing targets
analyzing gcc-5__Ou__coreutils-8.25__realpath/hash_free
started running hash_free
finished hash_free
removing targets
analyzing gcc-5__Ou__coreutils-8.25__realpath/allocate_entry
started running allocate_entry
finished allocate_entry
removing targets
analyzing gcc-5__Ou__coreutils-8.25__realpath/free_entry
started running free_entry
finished free_entry
analyzing gcc-5__Ou__coreutils-8.25__realpath/hash_find_entry
started running hash_find_entry
finished hash_find_entry
analyzing gcc-5__Ou__coreutils-8.25__realpath/transfer_entries
started running transfer_entries
stopped exploration
finished transfer_entries
removing targets
analyzing gcc-5__Ou__coreutils-8.25__realpath/hash_rehash
started running hash_rehash
finished hash_rehash
analyzing gcc-5__Ou__coreutils-8.25__realpath/hash_insert_if_absent
started running hash_insert_if_absent
finished hash_insert_if_absent
removing targets
analyzing gcc-5__Ou__coreutils-8.25__realpath/hash_insert
started running hash_insert
finished hash_insert
analyzing gcc-5__Ou__coreutils-8.25__realpath/hash_delete
started running hash_delete
stopped exploration
finished hash_delete
analyzing gcc-5__Ou__coreutils-8.25__realpath/triple_hash
started running triple_hash
finished triple_hash
analyzing gcc-5__Ou__coreutils-8.25__realpath/triple_hash_no_name
started running triple_hash_no_name
finished triple_hash_no_name
analyzing gcc-5__Ou__coreutils-8.25__realpath/triple_compare
started running triple_compare
finished triple_compare
removing targets
analyzing gcc-5__Ou__coreutils-8.25__realpath/triple_compare_ino_str
started running triple_compare_ino_str
finished triple_compare_ino_str
removing targets
analyzing gcc-5__Ou__coreutils-8.25__realpath/triple_free
started running triple_free
finished triple_free
analyzing gcc-5__Ou__coreutils-8.25__realpath/set_program_name
started running set_program_name
finished set_program_name
removing targets
analyzing gcc-5__Ou__coreutils-8.25__realpath/mbsstr_trimmed_wordbounded
started running mbsstr_trimmed_wordbounded
stopped exploration
finished mbsstr_trimmed_wordbounded
analyzing gcc-5__Ou__coreutils-8.25__realpath/proper_name
started running proper_name
finished proper_name
analyzing gcc-5__Ou__coreutils-8.25__realpath/proper_name_utf8
started running proper_name_utf8
finished proper_name_utf8
analyzing gcc-5__Ou__coreutils-8.25__realpath/clone_quoting_options
started running clone_quoting_options
finished clone_quoting_options
analyzing gcc-5__Ou__coreutils-8.25__realpath/get_quoting_style
started running get_quoting_style
finished get_quoting_style
removing targets
analyzing gcc-5__Ou__coreutils-8.25__realpath/set_quoting_style
started running set_quoting_style
finished set_quoting_style
removing targets
analyzing gcc-5__Ou__coreutils-8.25__realpath/set_char_quoting
started running set_char_quoting
finished set_char_quoting
removing targets
analyzing gcc-5__Ou__coreutils-8.25__realpath/set_quoting_flags
started running set_quoting_flags
finished set_quoting_flags
removing targets
analyzing gcc-5__Ou__coreutils-8.25__realpath/set_custom_quoting
started running set_custom_quoting
finished set_custom_quoting
removing targets
analyzing gcc-5__Ou__coreutils-8.25__realpath/quoting_options_from_style
started running quoting_options_from_style
finished quoting_options_from_style
analyzing gcc-5__Ou__coreutils-8.25__realpath/gettext_quote
started running gettext_quote
finished gettext_quote
analyzing gcc-5__Ou__coreutils-8.25__realpath/quotearg_buffer_restyled
started running quotearg_buffer_restyled
stopped exploration
finished quotearg_buffer_restyled
analyzing gcc-5__Ou__coreutils-8.25__realpath/quotearg_buffer
started running quotearg_buffer
finished quotearg_buffer
removing targets
analyzing gcc-5__Ou__coreutils-8.25__realpath/quotearg_alloc
started running quotearg_alloc
finished quotearg_alloc
analyzing gcc-5__Ou__coreutils-8.25__realpath/quotearg_alloc_mem
started running quotearg_alloc_mem
finished quotearg_alloc_mem
removing targets
analyzing gcc-5__Ou__coreutils-8.25__realpath/quotearg_free
started running quotearg_free
finished quotearg_free
removing targets
analyzing gcc-5__Ou__coreutils-8.25__realpath/quotearg_n_options
started running quotearg_n_options
finished quotearg_n_options
analyzing gcc-5__Ou__coreutils-8.25__realpath/quotearg_n
started running quotearg_n
finished quotearg_n
analyzing gcc-5__Ou__coreutils-8.25__realpath/quotearg_n_mem
started running quotearg_n_mem
finished quotearg_n_mem
analyzing gcc-5__Ou__coreutils-8.25__realpath/quotearg
started running quotearg
finished quotearg
analyzing gcc-5__Ou__coreutils-8.25__realpath/quotearg_mem
started running quotearg_mem
finished quotearg_mem
analyzing gcc-5__Ou__coreutils-8.25__realpath/quotearg_n_style
started running quotearg_n_style
finished quotearg_n_style
analyzing gcc-5__Ou__coreutils-8.25__realpath/quotearg_n_style_mem
started running quotearg_n_style_mem
finished quotearg_n_style_mem
analyzing gcc-5__Ou__coreutils-8.25__realpath/quotearg_style
started running quotearg_style
finished quotearg_style
analyzing gcc-5__Ou__coreutils-8.25__realpath/quotearg_style_mem
started running quotearg_style_mem
finished quotearg_style_mem
analyzing gcc-5__Ou__coreutils-8.25__realpath/quotearg_char_mem
started running quotearg_char_mem
finished quotearg_char_mem
analyzing gcc-5__Ou__coreutils-8.25__realpath/quotearg_char
started running quotearg_char
finished quotearg_char
analyzing gcc-5__Ou__coreutils-8.25__realpath/quotearg_colon
started running quotearg_colon
finished quotearg_colon
analyzing gcc-5__Ou__coreutils-8.25__realpath/quotearg_colon_mem
started running quotearg_colon_mem
finished quotearg_colon_mem
analyzing gcc-5__Ou__coreutils-8.25__realpath/quotearg_n_style_colon
started running quotearg_n_style_colon
finished quotearg_n_style_colon
analyzing gcc-5__Ou__coreutils-8.25__realpath/quotearg_n_custom
started running quotearg_n_custom
finished quotearg_n_custom
analyzing gcc-5__Ou__coreutils-8.25__realpath/quotearg_n_custom_mem
started running quotearg_n_custom_mem
finished quotearg_n_custom_mem
analyzing gcc-5__Ou__coreutils-8.25__realpath/quotearg_custom
started running quotearg_custom
finished quotearg_custom
analyzing gcc-5__Ou__coreutils-8.25__realpath/quotearg_custom_mem
started running quotearg_custom_mem
finished quotearg_custom_mem
analyzing gcc-5__Ou__coreutils-8.25__realpath/quote_n_mem
started running quote_n_mem
finished quote_n_mem
analyzing gcc-5__Ou__coreutils-8.25__realpath/quote_mem
started running quote_mem
finished quote_mem
analyzing gcc-5__Ou__coreutils-8.25__realpath/quote_n
started running quote_n
finished quote_n
analyzing gcc-5__Ou__coreutils-8.25__realpath/quote
started running quote
finished quote
analyzing gcc-5__Ou__coreutils-8.25__realpath/same_name
started running same_name
finished same_name
analyzing gcc-5__Ou__coreutils-8.25__realpath/trim2
started running trim2
finished trim2
analyzing gcc-5__Ou__coreutils-8.25__realpath/version_etc_arn
started running version_etc_arn
finished version_etc_arn
removing targets
analyzing gcc-5__Ou__coreutils-8.25__realpath/version_etc_ar
started running version_etc_ar
finished version_etc_ar
removing targets
analyzing gcc-5__Ou__coreutils-8.25__realpath/version_etc_va
started running version_etc_va
finished version_etc_va
removing targets
analyzing gcc-5__Ou__coreutils-8.25__realpath/version_etc
started running version_etc
finished version_etc
removing targets
analyzing gcc-5__Ou__coreutils-8.25__realpath/emit_bug_reporting_address
started running emit_bug_reporting_address
finished emit_bug_reporting_address
analyzing gcc-5__Ou__coreutils-8.25__realpath/xnmalloc
started running xnmalloc
finished xnmalloc
removing targets
analyzing gcc-5__Ou__coreutils-8.25__realpath/xnrealloc
started running xnrealloc
finished xnrealloc
removing targets
analyzing gcc-5__Ou__coreutils-8.25__realpath/x2nrealloc
started running x2nrealloc
finished x2nrealloc
removing targets
analyzing gcc-5__Ou__coreutils-8.25__realpath/xcharalloc
started running xcharalloc
finished xcharalloc
analyzing gcc-5__Ou__coreutils-8.25__realpath/xmalloc
started running xmalloc
finished xmalloc
analyzing gcc-5__Ou__coreutils-8.25__realpath/xrealloc
started running xrealloc
finished xrealloc
removing targets
analyzing gcc-5__Ou__coreutils-8.25__realpath/x2realloc
started running x2realloc
finished x2realloc
analyzing gcc-5__Ou__coreutils-8.25__realpath/xzalloc
started running xzalloc
finished xzalloc
analyzing gcc-5__Ou__coreutils-8.25__realpath/xcalloc
started running xcalloc
finished xcalloc
analyzing gcc-5__Ou__coreutils-8.25__realpath/xmemdup
started running xmemdup
finished xmemdup
analyzing gcc-5__Ou__coreutils-8.25__realpath/xstrdup
started running xstrdup
finished xstrdup
analyzing gcc-5__Ou__coreutils-8.25__realpath/xalloc_die
started running xalloc_die
finished xalloc_die
analyzing gcc-5__Ou__coreutils-8.25__realpath/xgetcwd
started running xgetcwd
finished xgetcwd
analyzing gcc-5__Ou__coreutils-8.25__realpath/xmem_cd_iconv
started running xmem_cd_iconv
finished xmem_cd_iconv
analyzing gcc-5__Ou__coreutils-8.25__realpath/xstr_cd_iconv
started running xstr_cd_iconv
finished xstr_cd_iconv
analyzing gcc-5__Ou__coreutils-8.25__realpath/xstr_iconv
started running xstr_iconv
finished xstr_iconv
analyzing gcc-5__Ou__coreutils-8.25__realpath/areadlink_with_size
started running areadlink_with_size
finished areadlink_with_size
removing targets
analyzing gcc-5__Ou__coreutils-8.25__realpath/rotl64
started running rotl64
finished rotl64
analyzing gcc-5__Ou__coreutils-8.25__realpath/rotr64
started running rotr64
finished rotr64
analyzing gcc-5__Ou__coreutils-8.25__realpath/rotl32
started running rotl32
finished rotl32
analyzing gcc-5__Ou__coreutils-8.25__realpath/rotr32
started running rotr32
finished rotr32
analyzing gcc-5__Ou__coreutils-8.25__realpath/rotl_sz
started running rotl_sz
finished rotl_sz
analyzing gcc-5__Ou__coreutils-8.25__realpath/rotr_sz
started running rotr_sz
finished rotr_sz
analyzing gcc-5__Ou__coreutils-8.25__realpath/rotl16
started running rotl16
finished rotl16
analyzing gcc-5__Ou__coreutils-8.25__realpath/rotr16
started running rotr16
finished rotr16
analyzing gcc-5__Ou__coreutils-8.25__realpath/rotl8
started running rotl8
finished rotl8
analyzing gcc-5__Ou__coreutils-8.25__realpath/rotr8
started running rotr8
finished rotr8
analyzing gcc-5__Ou__coreutils-8.25__realpath/c_strcasecmp
started running c_strcasecmp
finished c_strcasecmp
removing targets
analyzing gcc-5__Ou__coreutils-8.25__realpath/close_stream
started running close_stream
finished close_stream
analyzing gcc-5__Ou__coreutils-8.25__realpath/dir_name
started running dir_name
finished dir_name
analyzing gcc-5__Ou__coreutils-8.25__realpath/dir_len
started running dir_len
finished dir_len
removing targets
analyzing gcc-5__Ou__coreutils-8.25__realpath/mdir_name
started running mdir_name
finished mdir_name
analyzing gcc-5__Ou__coreutils-8.25__realpath/last_component
started running last_component
finished last_component
removing targets
analyzing gcc-5__Ou__coreutils-8.25__realpath/base_len
started running base_len
finished base_len
analyzing gcc-5__Ou__coreutils-8.25__realpath/hash_pjw
started running hash_pjw
finished hash_pjw
removing targets
analyzing gcc-5__Ou__coreutils-8.25__realpath/get_charset_aliases
started running get_charset_aliases
stopped exploration
finished get_charset_aliases
removing targets
analyzing gcc-5__Ou__coreutils-8.25__realpath/locale_charset
started running locale_charset
finished locale_charset
analyzing gcc-5__Ou__coreutils-8.25__realpath/mbiter_multi_next
started running mbiter_multi_next
finished mbiter_multi_next
removing targets
analyzing gcc-5__Ou__coreutils-8.25__realpath/mbiter_multi_reloc
started running mbiter_multi_reloc
finished mbiter_multi_reloc
analyzing gcc-5__Ou__coreutils-8.25__realpath/mbiter_multi_copy
started running mbiter_multi_copy
finished mbiter_multi_copy
removing targets
analyzing gcc-5__Ou__coreutils-8.25__realpath/knuth_morris_pratt
started running knuth_morris_pratt
finished knuth_morris_pratt
removing targets
analyzing gcc-5__Ou__coreutils-8.25__realpath/knuth_morris_pratt_multibyte
started running knuth_morris_pratt_multibyte
finished knuth_morris_pratt_multibyte
analyzing gcc-5__Ou__coreutils-8.25__realpath/mbsstr
started running mbsstr
finished mbsstr
analyzing gcc-5__Ou__coreutils-8.25__realpath/mbuiter_multi_next
started running mbuiter_multi_next
finished mbuiter_multi_next
removing targets
analyzing gcc-5__Ou__coreutils-8.25__realpath/mbuiter_multi_reloc
started running mbuiter_multi_reloc
finished mbuiter_multi_reloc
analyzing gcc-5__Ou__coreutils-8.25__realpath/mbuiter_multi_copy
started running mbuiter_multi_copy
finished mbuiter_multi_copy
removing targets
analyzing gcc-5__Ou__coreutils-8.25__realpath/mem_cd_iconv
started running mem_cd_iconv
finished mem_cd_iconv
analyzing gcc-5__Ou__coreutils-8.25__realpath/str_cd_iconv
started running str_cd_iconv
finished str_cd_iconv
analyzing gcc-5__Ou__coreutils-8.25__realpath/str_iconv
started running str_iconv
finished str_iconv
removing targets
analyzing gcc-5__Ou__coreutils-8.25__realpath/strnlen1
started running strnlen1
finished strnlen1
analyzing gcc-5__Ou__coreutils-8.25__realpath/rpl_fclose
started running rpl_fclose
finished rpl_fclose
analyzing gcc-5__Ou__coreutils-8.25__realpath/clear_ungetc_buffer_preserving_position
started running clear_ungetc_buffer_preserving_position
finished clear_ungetc_buffer_preserving_position
removing targets
analyzing gcc-5__Ou__coreutils-8.25__realpath/rpl_fflush
started running rpl_fflush
finished rpl_fflush
removing targets
analyzing gcc-5__Ou__coreutils-8.25__realpath/rpl_fseeko
started running rpl_fseeko
finished rpl_fseeko
removing targets
analyzing gcc-5__Ou__coreutils-8.25__realpath/c_isalnum
started running c_isalnum
finished c_isalnum
removing targets
analyzing gcc-5__Ou__coreutils-8.25__realpath/c_isalpha
started running c_isalpha
finished c_isalpha
removing targets
analyzing gcc-5__Ou__coreutils-8.25__realpath/c_isascii
started running c_isascii
finished c_isascii
removing targets
analyzing gcc-5__Ou__coreutils-8.25__realpath/c_isblank
started running c_isblank
finished c_isblank
removing targets
analyzing gcc-5__Ou__coreutils-8.25__realpath/c_iscntrl
started running c_iscntrl
finished c_iscntrl
removing targets
analyzing gcc-5__Ou__coreutils-8.25__realpath/c_isdigit
started running c_isdigit
finished c_isdigit
removing targets
analyzing gcc-5__Ou__coreutils-8.25__realpath/c_isgraph
started running c_isgraph
finished c_isgraph
removing targets
analyzing gcc-5__Ou__coreutils-8.25__realpath/c_islower
started running c_islower
finished c_islower
removing targets
analyzing gcc-5__Ou__coreutils-8.25__realpath/c_isprint
started running c_isprint
finished c_isprint
removing targets
analyzing gcc-5__Ou__coreutils-8.25__realpath/c_ispunct
started running c_ispunct
finished c_ispunct
removing targets
analyzing gcc-5__Ou__coreutils-8.25__realpath/c_isspace
started running c_isspace
finished c_isspace
removing targets
analyzing gcc-5__Ou__coreutils-8.25__realpath/c_isupper
started running c_isupper
finished c_isupper
removing targets
analyzing gcc-5__Ou__coreutils-8.25__realpath/c_isxdigit
started running c_isxdigit
finished c_isxdigit
removing targets
analyzing gcc-5__Ou__coreutils-8.25__realpath/c_tolower
started running c_tolower
finished c_tolower
removing targets
analyzing gcc-5__Ou__coreutils-8.25__realpath/c_toupper
started running c_toupper
finished c_toupper
removing targets
analyzing gcc-5__Ou__coreutils-8.25__realpath/mmalloca
started running mmalloca
finished mmalloca
removing targets
analyzing gcc-5__Ou__coreutils-8.25__realpath/freea
started running freea
finished freea
removing targets
analyzing gcc-5__Ou__coreutils-8.25__realpath/mb_width_aux
started running mb_width_aux
finished mb_width_aux
analyzing gcc-5__Ou__coreutils-8.25__realpath/mb_copy
started running mb_copy
finished mb_copy
removing targets
analyzing gcc-5__Ou__coreutils-8.25__realpath/is_basic
started running is_basic
finished is_basic
analyzing gcc-5__Ou__coreutils-8.25__realpath/mbslen
started running mbslen
finished mbslen
analyzing gcc-5__Ou__coreutils-8.25__realpath/atexit
started running atexit
finished atexit
removing targets
analyzing gcc-5__Ou__coreutils-8.25__realpath/stat
started running stat
finished stat
removing targets
