gcc-5__Ou__coreutils-8.25__rm have 213 funcs
analyzing gcc-5__Ou__coreutils-8.25__rm/deregister_tm_clones
started running deregister_tm_clones
finished deregister_tm_clones
removing targets
analyzing gcc-5__Ou__coreutils-8.25__rm/register_tm_clones
started running register_tm_clones
finished register_tm_clones
removing targets
analyzing gcc-5__Ou__coreutils-8.25__rm/frame_dummy
started running frame_dummy
finished frame_dummy
removing targets
analyzing gcc-5__Ou__coreutils-8.25__rm/select_plural
started running select_plural
finished select_plural
analyzing gcc-5__Ou__coreutils-8.25__rm/emit_ancillary_info
started running emit_ancillary_info
finished emit_ancillary_info
removing targets
analyzing gcc-5__Ou__coreutils-8.25__rm/emit_try_help
started running emit_try_help
finished emit_try_help
analyzing gcc-5__Ou__coreutils-8.25__rm/diagnose_leading_hyphen
started running diagnose_leading_hyphen
finished diagnose_leading_hyphen
removing targets
analyzing gcc-5__Ou__coreutils-8.25__rm/rm_option_init
started running rm_option_init
finished rm_option_init
analyzing gcc-5__Ou__coreutils-8.25__rm/dot_or_dotdot
started running dot_or_dotdot
finished dot_or_dotdot
removing targets
analyzing gcc-5__Ou__coreutils-8.25__rm/readdir_ignoring_dot_and_dotdot
started running readdir_ignoring_dot_and_dotdot
finished readdir_ignoring_dot_and_dotdot
analyzing gcc-5__Ou__coreutils-8.25__rm/is_empty_dir
started running is_empty_dir
finished is_empty_dir
analyzing gcc-5__Ou__coreutils-8.25__rm/cache_fstatat
started running cache_fstatat
finished cache_fstatat
removing targets
analyzing gcc-5__Ou__coreutils-8.25__rm/cache_stat_init
started running cache_stat_init
finished cache_stat_init
analyzing gcc-5__Ou__coreutils-8.25__rm/write_protected_non_symlink
started running write_protected_non_symlink
finished write_protected_non_symlink
analyzing gcc-5__Ou__coreutils-8.25__rm/prompt
started running prompt
finished prompt
removing targets
analyzing gcc-5__Ou__coreutils-8.25__rm/nonexistent_file_errno
started running nonexistent_file_errno
finished nonexistent_file_errno
removing targets
analyzing gcc-5__Ou__coreutils-8.25__rm/ignorable_missing
started running ignorable_missing
finished ignorable_missing
removing targets
analyzing gcc-5__Ou__coreutils-8.25__rm/fts_skip_tree
started running fts_skip_tree
finished fts_skip_tree
analyzing gcc-5__Ou__coreutils-8.25__rm/mark_ancestor_dirs
started running mark_ancestor_dirs
finished mark_ancestor_dirs
removing targets
analyzing gcc-5__Ou__coreutils-8.25__rm/excise
started running excise
finished excise
removing targets
analyzing gcc-5__Ou__coreutils-8.25__rm/rm_fts
started running rm_fts
finished rm_fts
removing targets
analyzing gcc-5__Ou__coreutils-8.25__rm/rm
started running rm
stopped exploration
finished rm
removing targets
analyzing gcc-5__Ou__coreutils-8.25__rm/argmatch
started running argmatch
finished argmatch
analyzing gcc-5__Ou__coreutils-8.25__rm/argmatch_invalid
started running argmatch_invalid
finished argmatch_invalid
removing targets
analyzing gcc-5__Ou__coreutils-8.25__rm/argmatch_valid
started running argmatch_valid
finished argmatch_valid
analyzing gcc-5__Ou__coreutils-8.25__rm/argmatch_to_argument
started running argmatch_to_argument
finished argmatch_to_argument
removing targets
analyzing gcc-5__Ou__coreutils-8.25__rm/close_stdin_set_file_name
started running close_stdin_set_file_name
finished close_stdin_set_file_name
analyzing gcc-5__Ou__coreutils-8.25__rm/close_stdin
started running close_stdin
finished close_stdin
analyzing gcc-5__Ou__coreutils-8.25__rm/close_stdout_set_file_name
started running close_stdout_set_file_name
finished close_stdout_set_file_name
analyzing gcc-5__Ou__coreutils-8.25__rm/close_stdout_set_ignore_EPIPE
started running close_stdout_set_ignore_EPIPE
finished close_stdout_set_ignore_EPIPE
analyzing gcc-5__Ou__coreutils-8.25__rm/close_stdout
started running close_stdout
finished close_stdout
analyzing gcc-5__Ou__coreutils-8.25__rm/last_component
started running last_component
finished last_component
removing targets
analyzing gcc-5__Ou__coreutils-8.25__rm/base_len
started running base_len
finished base_len
analyzing gcc-5__Ou__coreutils-8.25__rm/file_type
started running file_type
finished file_type
removing targets
analyzing gcc-5__Ou__coreutils-8.25__rm/priv_set_remove_linkdir
started running priv_set_remove_linkdir
finished priv_set_remove_linkdir
analyzing gcc-5__Ou__coreutils-8.25__rm/priv_set_restore_linkdir
started running priv_set_restore_linkdir
finished priv_set_restore_linkdir
analyzing gcc-5__Ou__coreutils-8.25__rm/set_program_name
started running set_program_name
finished set_program_name
removing targets
analyzing gcc-5__Ou__coreutils-8.25__rm/clone_quoting_options
started running clone_quoting_options
finished clone_quoting_options
analyzing gcc-5__Ou__coreutils-8.25__rm/get_quoting_style
started running get_quoting_style
finished get_quoting_style
removing targets
analyzing gcc-5__Ou__coreutils-8.25__rm/set_quoting_style
started running set_quoting_style
finished set_quoting_style
removing targets
analyzing gcc-5__Ou__coreutils-8.25__rm/set_char_quoting
started running set_char_quoting
finished set_char_quoting
removing targets
analyzing gcc-5__Ou__coreutils-8.25__rm/set_quoting_flags
started running set_quoting_flags
finished set_quoting_flags
removing targets
analyzing gcc-5__Ou__coreutils-8.25__rm/set_custom_quoting
started running set_custom_quoting
finished set_custom_quoting
removing targets
analyzing gcc-5__Ou__coreutils-8.25__rm/quoting_options_from_style
started running quoting_options_from_style
finished quoting_options_from_style
analyzing gcc-5__Ou__coreutils-8.25__rm/gettext_quote
started running gettext_quote
finished gettext_quote
analyzing gcc-5__Ou__coreutils-8.25__rm/quotearg_buffer_restyled
started running quotearg_buffer_restyled
stopped exploration
finished quotearg_buffer_restyled
analyzing gcc-5__Ou__coreutils-8.25__rm/quotearg_buffer
started running quotearg_buffer
finished quotearg_buffer
removing targets
analyzing gcc-5__Ou__coreutils-8.25__rm/quotearg_alloc
started running quotearg_alloc
finished quotearg_alloc
analyzing gcc-5__Ou__coreutils-8.25__rm/quotearg_alloc_mem
started running quotearg_alloc_mem
finished quotearg_alloc_mem
removing targets
analyzing gcc-5__Ou__coreutils-8.25__rm/quotearg_free
started running quotearg_free
finished quotearg_free
removing targets
analyzing gcc-5__Ou__coreutils-8.25__rm/quotearg_n_options
started running quotearg_n_options
finished quotearg_n_options
analyzing gcc-5__Ou__coreutils-8.25__rm/quotearg_n
started running quotearg_n
finished quotearg_n
analyzing gcc-5__Ou__coreutils-8.25__rm/quotearg_n_mem
started running quotearg_n_mem
finished quotearg_n_mem
analyzing gcc-5__Ou__coreutils-8.25__rm/quotearg
started running quotearg
finished quotearg
analyzing gcc-5__Ou__coreutils-8.25__rm/quotearg_mem
started running quotearg_mem
finished quotearg_mem
analyzing gcc-5__Ou__coreutils-8.25__rm/quotearg_n_style
started running quotearg_n_style
finished quotearg_n_style
analyzing gcc-5__Ou__coreutils-8.25__rm/quotearg_n_style_mem
started running quotearg_n_style_mem
finished quotearg_n_style_mem
analyzing gcc-5__Ou__coreutils-8.25__rm/quotearg_style
started running quotearg_style
finished quotearg_style
analyzing gcc-5__Ou__coreutils-8.25__rm/quotearg_style_mem
started running quotearg_style_mem
finished quotearg_style_mem
analyzing gcc-5__Ou__coreutils-8.25__rm/quotearg_char_mem
started running quotearg_char_mem
finished quotearg_char_mem
analyzing gcc-5__Ou__coreutils-8.25__rm/quotearg_char
started running quotearg_char
finished quotearg_char
analyzing gcc-5__Ou__coreutils-8.25__rm/quotearg_colon
started running quotearg_colon
finished quotearg_colon
analyzing gcc-5__Ou__coreutils-8.25__rm/quotearg_colon_mem
started running quotearg_colon_mem
finished quotearg_colon_mem
analyzing gcc-5__Ou__coreutils-8.25__rm/quotearg_n_style_colon
started running quotearg_n_style_colon
finished quotearg_n_style_colon
analyzing gcc-5__Ou__coreutils-8.25__rm/quotearg_n_custom
started running quotearg_n_custom
finished quotearg_n_custom
analyzing gcc-5__Ou__coreutils-8.25__rm/quotearg_n_custom_mem
started running quotearg_n_custom_mem
finished quotearg_n_custom_mem
analyzing gcc-5__Ou__coreutils-8.25__rm/quotearg_custom
started running quotearg_custom
finished quotearg_custom
analyzing gcc-5__Ou__coreutils-8.25__rm/quotearg_custom_mem
started running quotearg_custom_mem
finished quotearg_custom_mem
analyzing gcc-5__Ou__coreutils-8.25__rm/quote_n_mem
started running quote_n_mem
finished quote_n_mem
analyzing gcc-5__Ou__coreutils-8.25__rm/quote_mem
started running quote_mem
finished quote_mem
analyzing gcc-5__Ou__coreutils-8.25__rm/quote_n
started running quote_n
finished quote_n
analyzing gcc-5__Ou__coreutils-8.25__rm/quote
started running quote
finished quote
analyzing gcc-5__Ou__coreutils-8.25__rm/get_root_dev_ino
started running get_root_dev_ino
finished get_root_dev_ino
analyzing gcc-5__Ou__coreutils-8.25__rm/statat
started running statat
finished statat
analyzing gcc-5__Ou__coreutils-8.25__rm/lstatat
started running lstatat
finished lstatat
analyzing gcc-5__Ou__coreutils-8.25__rm/version_etc_arn
started running version_etc_arn
finished version_etc_arn
removing targets
analyzing gcc-5__Ou__coreutils-8.25__rm/version_etc_ar
started running version_etc_ar
finished version_etc_ar
removing targets
analyzing gcc-5__Ou__coreutils-8.25__rm/version_etc_va
started running version_etc_va
finished version_etc_va
removing targets
analyzing gcc-5__Ou__coreutils-8.25__rm/version_etc
started running version_etc
finished version_etc
removing targets
analyzing gcc-5__Ou__coreutils-8.25__rm/emit_bug_reporting_address
started running emit_bug_reporting_address
finished emit_bug_reporting_address
analyzing gcc-5__Ou__coreutils-8.25__rm/can_write_any_file
started running can_write_any_file
finished can_write_any_file
removing targets
analyzing gcc-5__Ou__coreutils-8.25__rm/xnmalloc
started running xnmalloc
finished xnmalloc
removing targets
analyzing gcc-5__Ou__coreutils-8.25__rm/xnrealloc
started running xnrealloc
finished xnrealloc
removing targets
analyzing gcc-5__Ou__coreutils-8.25__rm/x2nrealloc
started running x2nrealloc
finished x2nrealloc
removing targets
analyzing gcc-5__Ou__coreutils-8.25__rm/xcharalloc
started running xcharalloc
finished xcharalloc
analyzing gcc-5__Ou__coreutils-8.25__rm/xmalloc
started running xmalloc
finished xmalloc
analyzing gcc-5__Ou__coreutils-8.25__rm/xrealloc
started running xrealloc
finished xrealloc
removing targets
analyzing gcc-5__Ou__coreutils-8.25__rm/x2realloc
started running x2realloc
finished x2realloc
analyzing gcc-5__Ou__coreutils-8.25__rm/xzalloc
started running xzalloc
finished xzalloc
analyzing gcc-5__Ou__coreutils-8.25__rm/xcalloc
started running xcalloc
finished xcalloc
analyzing gcc-5__Ou__coreutils-8.25__rm/xmemdup
started running xmemdup
finished xmemdup
analyzing gcc-5__Ou__coreutils-8.25__rm/xstrdup
started running xstrdup
finished xstrdup
analyzing gcc-5__Ou__coreutils-8.25__rm/xalloc_die
started running xalloc_die
finished xalloc_die
analyzing gcc-5__Ou__coreutils-8.25__rm/xfts_open
started running xfts_open
finished xfts_open
analyzing gcc-5__Ou__coreutils-8.25__rm/cycle_warning_required
started running cycle_warning_required
finished cycle_warning_required
removing targets
analyzing gcc-5__Ou__coreutils-8.25__rm/yesno
started running yesno
finished yesno
analyzing gcc-5__Ou__coreutils-8.25__rm/clear_ungetc_buffer_preserving_position
started running clear_ungetc_buffer_preserving_position
finished clear_ungetc_buffer_preserving_position
removing targets
analyzing gcc-5__Ou__coreutils-8.25__rm/rpl_fflush
started running rpl_fflush
finished rpl_fflush
removing targets
analyzing gcc-5__Ou__coreutils-8.25__rm/freadahead
started running freadahead
finished freadahead
removing targets
analyzing gcc-5__Ou__coreutils-8.25__rm/rpl_fseeko
started running rpl_fseeko
finished rpl_fseeko
removing targets
analyzing gcc-5__Ou__coreutils-8.25__rm/AD_compare
started running AD_compare
finished AD_compare
removing targets
analyzing gcc-5__Ou__coreutils-8.25__rm/AD_hash
started running AD_hash
finished AD_hash
analyzing gcc-5__Ou__coreutils-8.25__rm/setup_dir
started running setup_dir
finished setup_dir
removing targets
analyzing gcc-5__Ou__coreutils-8.25__rm/enter_dir
started running enter_dir
finished enter_dir
removing targets
analyzing gcc-5__Ou__coreutils-8.25__rm/leave_dir
started running leave_dir
finished leave_dir
removing targets
analyzing gcc-5__Ou__coreutils-8.25__rm/free_dir
started running free_dir
finished free_dir
removing targets
analyzing gcc-5__Ou__coreutils-8.25__rm/fd_ring_clear
started running fd_ring_clear
finished fd_ring_clear
removing targets
analyzing gcc-5__Ou__coreutils-8.25__rm/fts_set_stat_required
started running fts_set_stat_required
finished fts_set_stat_required
removing targets
analyzing gcc-5__Ou__coreutils-8.25__rm/opendirat
started running opendirat
finished opendirat
analyzing gcc-5__Ou__coreutils-8.25__rm/cwd_advance_fd
started running cwd_advance_fd
finished cwd_advance_fd
removing targets
analyzing gcc-5__Ou__coreutils-8.25__rm/restore_initial_cwd
started running restore_initial_cwd
finished restore_initial_cwd
removing targets
analyzing gcc-5__Ou__coreutils-8.25__rm/diropen
started running diropen
finished diropen
removing targets
analyzing gcc-5__Ou__coreutils-8.25__rm/fts_open
started running fts_open
stopped exploration
finished fts_open
removing targets
analyzing gcc-5__Ou__coreutils-8.25__rm/fts_load
started running fts_load
finished fts_load
analyzing gcc-5__Ou__coreutils-8.25__rm/fts_close
started running fts_close
finished fts_close
removing targets
analyzing gcc-5__Ou__coreutils-8.25__rm/dirent_inode_sort_may_be_useful
started running dirent_inode_sort_may_be_useful
finished dirent_inode_sort_may_be_useful
analyzing gcc-5__Ou__coreutils-8.25__rm/leaf_optimization_applies
started running leaf_optimization_applies
finished leaf_optimization_applies
analyzing gcc-5__Ou__coreutils-8.25__rm/LCO_hash
started running LCO_hash
finished LCO_hash
analyzing gcc-5__Ou__coreutils-8.25__rm/LCO_compare
started running LCO_compare
finished LCO_compare
analyzing gcc-5__Ou__coreutils-8.25__rm/link_count_optimize_ok
started running link_count_optimize_ok
finished link_count_optimize_ok
removing targets
analyzing gcc-5__Ou__coreutils-8.25__rm/fts_read
started running fts_read
stopped exploration
finished fts_read
removing targets
analyzing gcc-5__Ou__coreutils-8.25__rm/fts_set
started running fts_set
finished fts_set
removing targets
analyzing gcc-5__Ou__coreutils-8.25__rm/fts_children
started running fts_children
finished fts_children
removing targets
analyzing gcc-5__Ou__coreutils-8.25__rm/fts_compare_ino
started running fts_compare_ino
finished fts_compare_ino
removing targets
analyzing gcc-5__Ou__coreutils-8.25__rm/set_stat_type
started running set_stat_type
finished set_stat_type
removing targets
analyzing gcc-5__Ou__coreutils-8.25__rm/fts_build
started running fts_build
stopped exploration
finished fts_build
removing targets
analyzing gcc-5__Ou__coreutils-8.25__rm/fts_stat
started running fts_stat
finished fts_stat
removing targets
analyzing gcc-5__Ou__coreutils-8.25__rm/fts_compar
started running fts_compar
finished fts_compar
analyzing gcc-5__Ou__coreutils-8.25__rm/fts_sort
started running fts_sort
finished fts_sort
removing targets
analyzing gcc-5__Ou__coreutils-8.25__rm/fts_alloc
started running fts_alloc
finished fts_alloc
analyzing gcc-5__Ou__coreutils-8.25__rm/fts_lfree
started running fts_lfree
finished fts_lfree
removing targets
analyzing gcc-5__Ou__coreutils-8.25__rm/fts_palloc
started running fts_palloc
finished fts_palloc
removing targets
analyzing gcc-5__Ou__coreutils-8.25__rm/fts_padjust
started running fts_padjust
finished fts_padjust
removing targets
analyzing gcc-5__Ou__coreutils-8.25__rm/fts_maxarglen
started running fts_maxarglen
finished fts_maxarglen
removing targets
analyzing gcc-5__Ou__coreutils-8.25__rm/fts_safe_changedir
started running fts_safe_changedir
finished fts_safe_changedir
removing targets
analyzing gcc-5__Ou__coreutils-8.25__rm/c_strcasecmp
started running c_strcasecmp
finished c_strcasecmp
removing targets
analyzing gcc-5__Ou__coreutils-8.25__rm/set_cloexec_flag
started running set_cloexec_flag
finished set_cloexec_flag
analyzing gcc-5__Ou__coreutils-8.25__rm/dup_cloexec
started running dup_cloexec
finished dup_cloexec
analyzing gcc-5__Ou__coreutils-8.25__rm/close_stream
started running close_stream
finished close_stream
analyzing gcc-5__Ou__coreutils-8.25__rm/is_zero_or_power_of_two
started running is_zero_or_power_of_two
finished is_zero_or_power_of_two
analyzing gcc-5__Ou__coreutils-8.25__rm/cycle_check_init
started running cycle_check_init
finished cycle_check_init
analyzing gcc-5__Ou__coreutils-8.25__rm/cycle_check
started running cycle_check
finished cycle_check
removing targets
analyzing gcc-5__Ou__coreutils-8.25__rm/open_safer
started running open_safer
finished open_safer
removing targets
analyzing gcc-5__Ou__coreutils-8.25__rm/hash_get_n_buckets
started running hash_get_n_buckets
finished hash_get_n_buckets
analyzing gcc-5__Ou__coreutils-8.25__rm/hash_get_n_buckets_used
started running hash_get_n_buckets_used
finished hash_get_n_buckets_used
analyzing gcc-5__Ou__coreutils-8.25__rm/hash_get_n_entries
started running hash_get_n_entries
finished hash_get_n_entries
analyzing gcc-5__Ou__coreutils-8.25__rm/hash_get_max_bucket_length
started running hash_get_max_bucket_length
finished hash_get_max_bucket_length
removing targets
analyzing gcc-5__Ou__coreutils-8.25__rm/hash_table_ok
started running hash_table_ok
finished hash_table_ok
removing targets
analyzing gcc-5__Ou__coreutils-8.25__rm/hash_print_statistics
started running hash_print_statistics
finished hash_print_statistics
analyzing gcc-5__Ou__coreutils-8.25__rm/safe_hasher
started running safe_hasher
finished safe_hasher
analyzing gcc-5__Ou__coreutils-8.25__rm/hash_lookup
started running hash_lookup
finished hash_lookup
analyzing gcc-5__Ou__coreutils-8.25__rm/hash_get_first
started running hash_get_first
stopped exploration
finished hash_get_first
removing targets
analyzing gcc-5__Ou__coreutils-8.25__rm/hash_get_next
started running hash_get_next
finished hash_get_next
analyzing gcc-5__Ou__coreutils-8.25__rm/hash_get_entries
started running hash_get_entries
finished hash_get_entries
removing targets
analyzing gcc-5__Ou__coreutils-8.25__rm/hash_do_for_each
started running hash_do_for_each
finished hash_do_for_each
removing targets
analyzing gcc-5__Ou__coreutils-8.25__rm/hash_string
started running hash_string
finished hash_string
removing targets
analyzing gcc-5__Ou__coreutils-8.25__rm/is_prime
started running is_prime
finished is_prime
removing targets
analyzing gcc-5__Ou__coreutils-8.25__rm/next_prime
started running next_prime
finished next_prime
removing targets
analyzing gcc-5__Ou__coreutils-8.25__rm/hash_reset_tuning
started running hash_reset_tuning
finished hash_reset_tuning
analyzing gcc-5__Ou__coreutils-8.25__rm/raw_hasher
started running raw_hasher
finished raw_hasher
analyzing gcc-5__Ou__coreutils-8.25__rm/raw_comparator
started running raw_comparator
finished raw_comparator
analyzing gcc-5__Ou__coreutils-8.25__rm/check_tuning
started running check_tuning
finished check_tuning
removing targets
analyzing gcc-5__Ou__coreutils-8.25__rm/compute_bucket_size
started running compute_bucket_size
finished compute_bucket_size
removing targets
analyzing gcc-5__Ou__coreutils-8.25__rm/hash_initialize
started running hash_initialize
finished hash_initialize
removing targets
analyzing gcc-5__Ou__coreutils-8.25__rm/hash_clear
started running hash_clear
finished hash_clear
removing targets
analyzing gcc-5__Ou__coreutils-8.25__rm/hash_free
started running hash_free
finished hash_free
removing targets
analyzing gcc-5__Ou__coreutils-8.25__rm/allocate_entry
started running allocate_entry
finished allocate_entry
removing targets
analyzing gcc-5__Ou__coreutils-8.25__rm/free_entry
started running free_entry
finished free_entry
analyzing gcc-5__Ou__coreutils-8.25__rm/hash_find_entry
started running hash_find_entry
finished hash_find_entry
analyzing gcc-5__Ou__coreutils-8.25__rm/transfer_entries
started running transfer_entries
stopped exploration
finished transfer_entries
removing targets
analyzing gcc-5__Ou__coreutils-8.25__rm/hash_rehash
started running hash_rehash
finished hash_rehash
analyzing gcc-5__Ou__coreutils-8.25__rm/hash_insert_if_absent
started running hash_insert_if_absent
finished hash_insert_if_absent
removing targets
analyzing gcc-5__Ou__coreutils-8.25__rm/hash_insert
started running hash_insert
finished hash_insert
analyzing gcc-5__Ou__coreutils-8.25__rm/hash_delete
started running hash_delete
analyzing gcc-5__Ou__coreutils-8.25__rm/i_ring_init
started running i_ring_init
finished i_ring_init
analyzing gcc-5__Ou__coreutils-8.25__rm/i_ring_empty
started running i_ring_empty
analyzing gcc-5__Ou__coreutils-8.25__rm/i_ring_push
started running i_ring_push
analyzing gcc-5__Ou__coreutils-8.25__rm/i_ring_pop
started running i_ring_pop
finished i_ring_pop
analyzing gcc-5__Ou__coreutils-8.25__rm/get_charset_aliases
started running get_charset_aliases
stopped exploration
finished get_charset_aliases
removing targets
analyzing gcc-5__Ou__coreutils-8.25__rm/locale_charset
started running locale_charset
finished locale_charset
analyzing gcc-5__Ou__coreutils-8.25__rm/openat_safer
started running openat_safer
finished openat_safer
removing targets
analyzing gcc-5__Ou__coreutils-8.25__rm/dup_safer
started running dup_safer
finished dup_safer
analyzing gcc-5__Ou__coreutils-8.25__rm/fd_safer
started running fd_safer
finished fd_safer
removing targets
analyzing gcc-5__Ou__coreutils-8.25__rm/rpl_fclose
started running rpl_fclose
finished rpl_fclose
analyzing gcc-5__Ou__coreutils-8.25__rm/rpl_fcntl
started running rpl_fcntl
finished rpl_fcntl
removing targets
analyzing gcc-5__Ou__coreutils-8.25__rm/rotl64
started running rotl64
finished rotl64
analyzing gcc-5__Ou__coreutils-8.25__rm/rotr64
started running rotr64
finished rotr64
analyzing gcc-5__Ou__coreutils-8.25__rm/rotl32
started running rotl32
finished rotl32
analyzing gcc-5__Ou__coreutils-8.25__rm/rotr32
started running rotr32
finished rotr32
analyzing gcc-5__Ou__coreutils-8.25__rm/rotl_sz
started running rotl_sz
finished rotl_sz
analyzing gcc-5__Ou__coreutils-8.25__rm/rotr_sz
started running rotr_sz
finished rotr_sz
analyzing gcc-5__Ou__coreutils-8.25__rm/rotl16
started running rotl16
finished rotl16
analyzing gcc-5__Ou__coreutils-8.25__rm/rotr16
started running rotr16
finished rotr16
analyzing gcc-5__Ou__coreutils-8.25__rm/rotl8
started running rotl8
finished rotl8
analyzing gcc-5__Ou__coreutils-8.25__rm/rotr8
started running rotr8
finished rotr8
analyzing gcc-5__Ou__coreutils-8.25__rm/c_isalnum
started running c_isalnum
finished c_isalnum
removing targets
analyzing gcc-5__Ou__coreutils-8.25__rm/c_isalpha
started running c_isalpha
finished c_isalpha
removing targets
analyzing gcc-5__Ou__coreutils-8.25__rm/c_isascii
started running c_isascii
finished c_isascii
removing targets
analyzing gcc-5__Ou__coreutils-8.25__rm/c_isblank
started running c_isblank
finished c_isblank
removing targets
analyzing gcc-5__Ou__coreutils-8.25__rm/c_iscntrl
started running c_iscntrl
finished c_iscntrl
removing targets
analyzing gcc-5__Ou__coreutils-8.25__rm/c_isdigit
started running c_isdigit
finished c_isdigit
removing targets
analyzing gcc-5__Ou__coreutils-8.25__rm/c_isgraph
started running c_isgraph
finished c_isgraph
removing targets
analyzing gcc-5__Ou__coreutils-8.25__rm/c_islower
started running c_islower
finished c_islower
removing targets
analyzing gcc-5__Ou__coreutils-8.25__rm/c_isprint
started running c_isprint
finished c_isprint
removing targets
analyzing gcc-5__Ou__coreutils-8.25__rm/c_ispunct
started running c_ispunct
finished c_ispunct
removing targets
analyzing gcc-5__Ou__coreutils-8.25__rm/c_isspace
started running c_isspace
finished c_isspace
removing targets
analyzing gcc-5__Ou__coreutils-8.25__rm/c_isupper
started running c_isupper
finished c_isupper
removing targets
analyzing gcc-5__Ou__coreutils-8.25__rm/c_isxdigit
started running c_isxdigit
finished c_isxdigit
removing targets
analyzing gcc-5__Ou__coreutils-8.25__rm/c_tolower
started running c_tolower
finished c_tolower
removing targets
analyzing gcc-5__Ou__coreutils-8.25__rm/c_toupper
started running c_toupper
finished c_toupper
removing targets
analyzing gcc-5__Ou__coreutils-8.25__rm/atexit
started running atexit
finished atexit
removing targets
analyzing gcc-5__Ou__coreutils-8.25__rm/stat
started running stat
finished stat
removing targets
analyzing gcc-5__Ou__coreutils-8.25__rm/fstatat
started running fstatat
finished fstatat
removing targets
