ERROR   | 2021-12-02 13:56:03,096 | root     | list index out of range
ERROR   | 2021-12-02 13:56:03,097 | root     | got an error while analyzing adjust_value
ERROR   | 2021-12-02 14:09:46,323 | root     | b'out of memory'
ERROR   | 2021-12-02 14:09:46,330 | root     | got an error while analyzing humblock
ERROR   | 2021-12-02 14:09:46,878 | root     | b'out of memory'
ERROR   | 2021-12-02 14:09:46,885 | root     | got an error while analyzing human_options
ERROR   | 2021-12-02 14:09:47,236 | root     | b'out of memory'
ERROR   | 2021-12-02 14:09:47,240 | root     | got an error while analyzing umaxtostr
ERROR   | 2021-12-02 14:09:48,075 | root     | b'out of memory'
ERROR   | 2021-12-02 14:09:48,076 | root     | got an error while analyzing clone_quoting_options
ERROR   | 2021-12-02 14:12:27,014 | root     | b'out of memory'
ERROR   | 2021-12-02 14:12:27,018 | root     | got an error while analyzing quotearg_buffer_restyled
ERROR   | 2021-12-02 14:12:48,068 | root     | b'out of memory'
ERROR   | 2021-12-02 14:12:48,072 | root     | got an error while analyzing quotearg_alloc_mem
ERROR   | 2021-12-02 14:13:10,947 | root     | b'out of memory'
ERROR   | 2021-12-02 14:13:10,994 | root     | got an error while analyzing quotearg_n_options
ERROR   | 2021-12-02 14:19:20,694 | root     | b'out of memory'
ERROR   | 2021-12-02 14:19:20,699 | root     | got an error while analyzing randint_all_free
ERROR   | 2021-12-02 14:20:50,678 | root     | b'out of memory'
ERROR   | 2021-12-02 14:20:50,680 | root     | got an error while analyzing readisaac
ERROR   | 2021-12-02 14:20:51,081 | root     | b'out of memory'
ERROR   | 2021-12-02 14:20:51,118 | root     | got an error while analyzing randread
ERROR   | 2021-12-02 14:20:51,473 | root     | b'out of memory'
ERROR   | 2021-12-02 14:20:51,485 | root     | got an error while analyzing randread_free
Killed
