gcc-5__Ou__coreutils-8.25__truncate have 122 funcs
analyzing gcc-5__Ou__coreutils-8.25__truncate/deregister_tm_clones
started running deregister_tm_clones
finished deregister_tm_clones
removing targets
analyzing gcc-5__Ou__coreutils-8.25__truncate/register_tm_clones
started running register_tm_clones
finished register_tm_clones
removing targets
analyzing gcc-5__Ou__coreutils-8.25__truncate/frame_dummy
started running frame_dummy
finished frame_dummy
removing targets
analyzing gcc-5__Ou__coreutils-8.25__truncate/to_uchar
started running to_uchar
finished to_uchar
analyzing gcc-5__Ou__coreutils-8.25__truncate/emit_mandatory_arg_note
started running emit_mandatory_arg_note
finished emit_mandatory_arg_note
analyzing gcc-5__Ou__coreutils-8.25__truncate/emit_size_note
started running emit_size_note
finished emit_size_note
analyzing gcc-5__Ou__coreutils-8.25__truncate/emit_ancillary_info
started running emit_ancillary_info
finished emit_ancillary_info
removing targets
analyzing gcc-5__Ou__coreutils-8.25__truncate/emit_try_help
started running emit_try_help
finished emit_try_help
analyzing gcc-5__Ou__coreutils-8.25__truncate/usable_st_size
started running usable_st_size
finished usable_st_size
removing targets
analyzing gcc-5__Ou__coreutils-8.25__truncate/do_ftruncate
started running do_ftruncate
stopped exploration
finished do_ftruncate
removing targets
analyzing gcc-5__Ou__coreutils-8.25__truncate/close_stdout_set_file_name
started running close_stdout_set_file_name
finished close_stdout_set_file_name
analyzing gcc-5__Ou__coreutils-8.25__truncate/close_stdout_set_ignore_EPIPE
started running close_stdout_set_ignore_EPIPE
finished close_stdout_set_ignore_EPIPE
analyzing gcc-5__Ou__coreutils-8.25__truncate/close_stdout
started running close_stdout
finished close_stdout
analyzing gcc-5__Ou__coreutils-8.25__truncate/set_program_name
started running set_program_name
finished set_program_name
removing targets
analyzing gcc-5__Ou__coreutils-8.25__truncate/mbsstr_trimmed_wordbounded
started running mbsstr_trimmed_wordbounded
stopped exploration
finished mbsstr_trimmed_wordbounded
analyzing gcc-5__Ou__coreutils-8.25__truncate/proper_name
started running proper_name
finished proper_name
analyzing gcc-5__Ou__coreutils-8.25__truncate/proper_name_utf8
started running proper_name_utf8
finished proper_name_utf8
analyzing gcc-5__Ou__coreutils-8.25__truncate/clone_quoting_options
started running clone_quoting_options
finished clone_quoting_options
analyzing gcc-5__Ou__coreutils-8.25__truncate/get_quoting_style
started running get_quoting_style
finished get_quoting_style
removing targets
analyzing gcc-5__Ou__coreutils-8.25__truncate/set_quoting_style
started running set_quoting_style
finished set_quoting_style
removing targets
analyzing gcc-5__Ou__coreutils-8.25__truncate/set_char_quoting
started running set_char_quoting
finished set_char_quoting
removing targets
analyzing gcc-5__Ou__coreutils-8.25__truncate/set_quoting_flags
started running set_quoting_flags
finished set_quoting_flags
removing targets
analyzing gcc-5__Ou__coreutils-8.25__truncate/set_custom_quoting
started running set_custom_quoting
finished set_custom_quoting
removing targets
analyzing gcc-5__Ou__coreutils-8.25__truncate/quoting_options_from_style
started running quoting_options_from_style
finished quoting_options_from_style
analyzing gcc-5__Ou__coreutils-8.25__truncate/gettext_quote
started running gettext_quote
finished gettext_quote
analyzing gcc-5__Ou__coreutils-8.25__truncate/quotearg_buffer_restyled
started running quotearg_buffer_restyled
stopped exploration
finished quotearg_buffer_restyled
analyzing gcc-5__Ou__coreutils-8.25__truncate/quotearg_buffer
started running quotearg_buffer
finished quotearg_buffer
removing targets
analyzing gcc-5__Ou__coreutils-8.25__truncate/quotearg_alloc
started running quotearg_alloc
finished quotearg_alloc
analyzing gcc-5__Ou__coreutils-8.25__truncate/quotearg_alloc_mem
started running quotearg_alloc_mem
finished quotearg_alloc_mem
removing targets
analyzing gcc-5__Ou__coreutils-8.25__truncate/quotearg_free
started running quotearg_free
finished quotearg_free
removing targets
analyzing gcc-5__Ou__coreutils-8.25__truncate/quotearg_n_options
started running quotearg_n_options
finished quotearg_n_options
analyzing gcc-5__Ou__coreutils-8.25__truncate/quotearg_n
started running quotearg_n
finished quotearg_n
analyzing gcc-5__Ou__coreutils-8.25__truncate/quotearg_n_mem
started running quotearg_n_mem
finished quotearg_n_mem
analyzing gcc-5__Ou__coreutils-8.25__truncate/quotearg
started running quotearg
finished quotearg
analyzing gcc-5__Ou__coreutils-8.25__truncate/quotearg_mem
started running quotearg_mem
finished quotearg_mem
analyzing gcc-5__Ou__coreutils-8.25__truncate/quotearg_n_style
started running quotearg_n_style
finished quotearg_n_style
analyzing gcc-5__Ou__coreutils-8.25__truncate/quotearg_n_style_mem
started running quotearg_n_style_mem
finished quotearg_n_style_mem
analyzing gcc-5__Ou__coreutils-8.25__truncate/quotearg_style
started running quotearg_style
finished quotearg_style
analyzing gcc-5__Ou__coreutils-8.25__truncate/quotearg_style_mem
started running quotearg_style_mem
finished quotearg_style_mem
analyzing gcc-5__Ou__coreutils-8.25__truncate/quotearg_char_mem
started running quotearg_char_mem
finished quotearg_char_mem
analyzing gcc-5__Ou__coreutils-8.25__truncate/quotearg_char
started running quotearg_char
finished quotearg_char
analyzing gcc-5__Ou__coreutils-8.25__truncate/quotearg_colon
started running quotearg_colon
finished quotearg_colon
analyzing gcc-5__Ou__coreutils-8.25__truncate/quotearg_colon_mem
started running quotearg_colon_mem
finished quotearg_colon_mem
analyzing gcc-5__Ou__coreutils-8.25__truncate/quotearg_n_style_colon
started running quotearg_n_style_colon
finished quotearg_n_style_colon
analyzing gcc-5__Ou__coreutils-8.25__truncate/quotearg_n_custom
started running quotearg_n_custom
finished quotearg_n_custom
analyzing gcc-5__Ou__coreutils-8.25__truncate/quotearg_n_custom_mem
started running quotearg_n_custom_mem
finished quotearg_n_custom_mem
analyzing gcc-5__Ou__coreutils-8.25__truncate/quotearg_custom
started running quotearg_custom
finished quotearg_custom
analyzing gcc-5__Ou__coreutils-8.25__truncate/quotearg_custom_mem
started running quotearg_custom_mem
finished quotearg_custom_mem
analyzing gcc-5__Ou__coreutils-8.25__truncate/quote_n_mem
started running quote_n_mem
finished quote_n_mem
analyzing gcc-5__Ou__coreutils-8.25__truncate/quote_mem
started running quote_mem
finished quote_mem
analyzing gcc-5__Ou__coreutils-8.25__truncate/quote_n
started running quote_n
finished quote_n
analyzing gcc-5__Ou__coreutils-8.25__truncate/quote
started running quote
finished quote
analyzing gcc-5__Ou__coreutils-8.25__truncate/trim2
started running trim2
finished trim2
analyzing gcc-5__Ou__coreutils-8.25__truncate/version_etc_arn
started running version_etc_arn
finished version_etc_arn
removing targets
analyzing gcc-5__Ou__coreutils-8.25__truncate/version_etc_ar
started running version_etc_ar
finished version_etc_ar
removing targets
analyzing gcc-5__Ou__coreutils-8.25__truncate/version_etc_va
started running version_etc_va
finished version_etc_va
removing targets
analyzing gcc-5__Ou__coreutils-8.25__truncate/version_etc
started running version_etc
finished version_etc
removing targets
analyzing gcc-5__Ou__coreutils-8.25__truncate/emit_bug_reporting_address
started running emit_bug_reporting_address
finished emit_bug_reporting_address
analyzing gcc-5__Ou__coreutils-8.25__truncate/xnmalloc
started running xnmalloc
finished xnmalloc
removing targets
analyzing gcc-5__Ou__coreutils-8.25__truncate/xnrealloc
started running xnrealloc
finished xnrealloc
removing targets
analyzing gcc-5__Ou__coreutils-8.25__truncate/x2nrealloc
started running x2nrealloc
finished x2nrealloc
removing targets
analyzing gcc-5__Ou__coreutils-8.25__truncate/xcharalloc
started running xcharalloc
finished xcharalloc
analyzing gcc-5__Ou__coreutils-8.25__truncate/xmalloc
started running xmalloc
finished xmalloc
analyzing gcc-5__Ou__coreutils-8.25__truncate/xrealloc
started running xrealloc
finished xrealloc
removing targets
analyzing gcc-5__Ou__coreutils-8.25__truncate/x2realloc
started running x2realloc
finished x2realloc
analyzing gcc-5__Ou__coreutils-8.25__truncate/xzalloc
started running xzalloc
finished xzalloc
analyzing gcc-5__Ou__coreutils-8.25__truncate/xcalloc
started running xcalloc
finished xcalloc
analyzing gcc-5__Ou__coreutils-8.25__truncate/xmemdup
started running xmemdup
finished xmemdup
analyzing gcc-5__Ou__coreutils-8.25__truncate/xstrdup
started running xstrdup
finished xstrdup
analyzing gcc-5__Ou__coreutils-8.25__truncate/xalloc_die
started running xalloc_die
finished xalloc_die
analyzing gcc-5__Ou__coreutils-8.25__truncate/xnumtoimax
started running xnumtoimax
finished xnumtoimax
analyzing gcc-5__Ou__coreutils-8.25__truncate/xdectoimax
started running xdectoimax
finished xdectoimax
analyzing gcc-5__Ou__coreutils-8.25__truncate/xmem_cd_iconv
started running xmem_cd_iconv
finished xmem_cd_iconv
analyzing gcc-5__Ou__coreutils-8.25__truncate/xstr_cd_iconv
started running xstr_cd_iconv
finished xstr_cd_iconv
analyzing gcc-5__Ou__coreutils-8.25__truncate/xstr_iconv
started running xstr_iconv
finished xstr_iconv
analyzing gcc-5__Ou__coreutils-8.25__truncate/bkm_scale
started running bkm_scale
finished bkm_scale
removing targets
analyzing gcc-5__Ou__coreutils-8.25__truncate/bkm_scale_by_power
started running bkm_scale_by_power
finished bkm_scale_by_power
removing targets
analyzing gcc-5__Ou__coreutils-8.25__truncate/xstrtoimax
started running xstrtoimax
finished xstrtoimax
removing targets
analyzing gcc-5__Ou__coreutils-8.25__truncate/c_strcasecmp
started running c_strcasecmp
finished c_strcasecmp
removing targets
analyzing gcc-5__Ou__coreutils-8.25__truncate/close_stream
started running close_stream
finished close_stream
analyzing gcc-5__Ou__coreutils-8.25__truncate/get_charset_aliases
started running get_charset_aliases
stopped exploration
finished get_charset_aliases
removing targets
analyzing gcc-5__Ou__coreutils-8.25__truncate/locale_charset
started running locale_charset
finished locale_charset
analyzing gcc-5__Ou__coreutils-8.25__truncate/mbiter_multi_next
started running mbiter_multi_next
finished mbiter_multi_next
removing targets
analyzing gcc-5__Ou__coreutils-8.25__truncate/mbiter_multi_reloc
started running mbiter_multi_reloc
finished mbiter_multi_reloc
analyzing gcc-5__Ou__coreutils-8.25__truncate/mbiter_multi_copy
started running mbiter_multi_copy
finished mbiter_multi_copy
removing targets
analyzing gcc-5__Ou__coreutils-8.25__truncate/knuth_morris_pratt
started running knuth_morris_pratt
finished knuth_morris_pratt
removing targets
analyzing gcc-5__Ou__coreutils-8.25__truncate/knuth_morris_pratt_multibyte
started running knuth_morris_pratt_multibyte
finished knuth_morris_pratt_multibyte
analyzing gcc-5__Ou__coreutils-8.25__truncate/mbsstr
started running mbsstr
finished mbsstr
analyzing gcc-5__Ou__coreutils-8.25__truncate/mbuiter_multi_next
started running mbuiter_multi_next
finished mbuiter_multi_next
removing targets
analyzing gcc-5__Ou__coreutils-8.25__truncate/mbuiter_multi_reloc
started running mbuiter_multi_reloc
finished mbuiter_multi_reloc
analyzing gcc-5__Ou__coreutils-8.25__truncate/mbuiter_multi_copy
started running mbuiter_multi_copy
finished mbuiter_multi_copy
removing targets
analyzing gcc-5__Ou__coreutils-8.25__truncate/mem_cd_iconv
started running mem_cd_iconv
finished mem_cd_iconv
analyzing gcc-5__Ou__coreutils-8.25__truncate/str_cd_iconv
started running str_cd_iconv
finished str_cd_iconv
analyzing gcc-5__Ou__coreutils-8.25__truncate/str_iconv
started running str_iconv
finished str_iconv
removing targets
analyzing gcc-5__Ou__coreutils-8.25__truncate/strnlen1
started running strnlen1
finished strnlen1
analyzing gcc-5__Ou__coreutils-8.25__truncate/rpl_fclose
started running rpl_fclose
finished rpl_fclose
analyzing gcc-5__Ou__coreutils-8.25__truncate/clear_ungetc_buffer_preserving_position
started running clear_ungetc_buffer_preserving_position
finished clear_ungetc_buffer_preserving_position
removing targets
analyzing gcc-5__Ou__coreutils-8.25__truncate/rpl_fflush
started running rpl_fflush
finished rpl_fflush
removing targets
analyzing gcc-5__Ou__coreutils-8.25__truncate/rpl_fseeko
started running rpl_fseeko
finished rpl_fseeko
removing targets
analyzing gcc-5__Ou__coreutils-8.25__truncate/c_isalnum
started running c_isalnum
finished c_isalnum
removing targets
analyzing gcc-5__Ou__coreutils-8.25__truncate/c_isalpha
started running c_isalpha
finished c_isalpha
removing targets
analyzing gcc-5__Ou__coreutils-8.25__truncate/c_isascii
started running c_isascii
finished c_isascii
removing targets
analyzing gcc-5__Ou__coreutils-8.25__truncate/c_isblank
started running c_isblank
finished c_isblank
removing targets
analyzing gcc-5__Ou__coreutils-8.25__truncate/c_iscntrl
started running c_iscntrl
finished c_iscntrl
removing targets
analyzing gcc-5__Ou__coreutils-8.25__truncate/c_isdigit
started running c_isdigit
finished c_isdigit
removing targets
analyzing gcc-5__Ou__coreutils-8.25__truncate/c_isgraph
started running c_isgraph
finished c_isgraph
removing targets
analyzing gcc-5__Ou__coreutils-8.25__truncate/c_islower
started running c_islower
finished c_islower
removing targets
analyzing gcc-5__Ou__coreutils-8.25__truncate/c_isprint
started running c_isprint
finished c_isprint
removing targets
analyzing gcc-5__Ou__coreutils-8.25__truncate/c_ispunct
started running c_ispunct
finished c_ispunct
removing targets
analyzing gcc-5__Ou__coreutils-8.25__truncate/c_isspace
started running c_isspace
finished c_isspace
removing targets
analyzing gcc-5__Ou__coreutils-8.25__truncate/c_isupper
started running c_isupper
finished c_isupper
removing targets
analyzing gcc-5__Ou__coreutils-8.25__truncate/c_isxdigit
started running c_isxdigit
finished c_isxdigit
removing targets
analyzing gcc-5__Ou__coreutils-8.25__truncate/c_tolower
started running c_tolower
finished c_tolower
removing targets
analyzing gcc-5__Ou__coreutils-8.25__truncate/c_toupper
started running c_toupper
finished c_toupper
removing targets
analyzing gcc-5__Ou__coreutils-8.25__truncate/mmalloca
started running mmalloca
finished mmalloca
removing targets
analyzing gcc-5__Ou__coreutils-8.25__truncate/freea
started running freea
finished freea
removing targets
analyzing gcc-5__Ou__coreutils-8.25__truncate/mb_width_aux
started running mb_width_aux
finished mb_width_aux
analyzing gcc-5__Ou__coreutils-8.25__truncate/mb_copy
started running mb_copy
finished mb_copy
removing targets
analyzing gcc-5__Ou__coreutils-8.25__truncate/is_basic
started running is_basic
finished is_basic
analyzing gcc-5__Ou__coreutils-8.25__truncate/mbslen
started running mbslen
finished mbslen
analyzing gcc-5__Ou__coreutils-8.25__truncate/atexit
started running atexit
finished atexit
removing targets
analyzing gcc-5__Ou__coreutils-8.25__truncate/stat
started running stat
finished stat
removing targets
