ERROR   | 2021-12-02 14:26:34,945 | root     | list index out of range
ERROR   | 2021-12-02 14:26:34,945 | root     | got an error while analyzing finalize_numeric_output_buffer
ERROR   | 2021-12-02 14:26:43,293 | root     | list index out of range
ERROR   | 2021-12-02 14:26:43,293 | root     | got an error while analyzing is_zero
ERROR   | 2021-12-02 14:26:43,852 | root     | list index out of range
ERROR   | 2021-12-02 14:26:43,853 | root     | got an error while analyzing is_signed_zero
ERROR   | 2021-12-02 14:26:46,654 | root     | list index out of range
ERROR   | 2021-12-02 14:26:46,654 | root     | got an error while analyzing cmp_long_double
ERROR   | 2021-12-02 14:26:47,269 | root     | list index out of range
ERROR   | 2021-12-02 14:26:47,269 | root     | got an error while analyzing median_value
ERROR   | 2021-12-02 14:27:43,191 | root     | list index out of range
ERROR   | 2021-12-02 14:27:43,192 | root     | got an error while analyzing percentile_value
ERROR   | 2021-12-02 14:27:43,757 | root     | list index out of range
ERROR   | 2021-12-02 14:27:43,757 | root     | got an error while analyzing mad_value
ERROR   | 2021-12-02 14:27:44,294 | root     | list index out of range
ERROR   | 2021-12-02 14:27:44,294 | root     | got an error while analyzing arithmetic_mean_value
ERROR   | 2021-12-02 14:27:44,834 | root     | list index out of range
ERROR   | 2021-12-02 14:27:44,834 | root     | got an error while analyzing variance_value
ERROR   | 2021-12-02 14:27:45,382 | root     | list index out of range
ERROR   | 2021-12-02 14:27:45,382 | root     | got an error while analyzing covariance_value
ERROR   | 2021-12-02 14:27:45,927 | root     | list index out of range
ERROR   | 2021-12-02 14:27:45,927 | root     | got an error while analyzing pearson_corr_value
ERROR   | 2021-12-02 14:27:47,161 | root     | list index out of range
ERROR   | 2021-12-02 14:27:47,161 | root     | got an error while analyzing stdev_value
ERROR   | 2021-12-02 14:27:47,710 | root     | list index out of range
ERROR   | 2021-12-02 14:27:47,710 | root     | got an error while analyzing skewness_value
ERROR   | 2021-12-02 14:27:49,162 | root     | list index out of range
ERROR   | 2021-12-02 14:27:49,163 | root     | got an error while analyzing SES_value
ERROR   | 2021-12-02 14:27:49,705 | root     | list index out of range
ERROR   | 2021-12-02 14:27:49,705 | root     | got an error while analyzing skewnessZ_value
ERROR   | 2021-12-02 14:27:50,243 | root     | list index out of range
ERROR   | 2021-12-02 14:27:50,243 | root     | got an error while analyzing excess_kurtosis_value
ERROR   | 2021-12-02 14:27:50,781 | root     | list index out of range
ERROR   | 2021-12-02 14:27:50,781 | root     | got an error while analyzing SEK_value
ERROR   | 2021-12-02 14:27:51,322 | root     | list index out of range
ERROR   | 2021-12-02 14:27:51,322 | root     | got an error while analyzing kurtosisZ_value
ERROR   | 2021-12-02 14:27:51,848 | root     | list index out of range
ERROR   | 2021-12-02 14:27:51,848 | root     | got an error while analyzing pchisq_df2
ERROR   | 2021-12-02 14:27:52,392 | root     | list index out of range
ERROR   | 2021-12-02 14:27:52,392 | root     | got an error while analyzing jarque_bera_pvalue
ERROR   | 2021-12-02 14:27:52,944 | root     | list index out of range
ERROR   | 2021-12-02 14:27:52,944 | root     | got an error while analyzing dagostino_pearson_omnibus_pvalue
ERROR   | 2021-12-02 14:27:53,478 | root     | list index out of range
ERROR   | 2021-12-02 14:27:53,478 | root     | got an error while analyzing mode_value
ERROR   | 2021-12-02 14:27:54,012 | root     | list index out of range
ERROR   | 2021-12-02 14:27:54,012 | root     | got an error while analyzing trimmed_mean_value
ERROR   | 2021-12-02 14:48:06,911 | root     | list index out of range
ERROR   | 2021-12-02 14:48:06,911 | root     | got an error while analyzing quartile1_value
ERROR   | 2021-12-02 14:48:07,467 | root     | list index out of range
ERROR   | 2021-12-02 14:48:07,467 | root     | got an error while analyzing quartile3_value
ERROR   | 2021-12-02 14:48:08,821 | root     | list index out of range
ERROR   | 2021-12-02 14:48:08,821 | root     | got an error while analyzing field_op_add_value
ERROR   | 2021-12-02 14:48:56,553 | root     | list index out of range
ERROR   | 2021-12-02 14:48:56,553 | root     | got an error while analyzing field_op_collect
ERROR   | 2021-12-02 14:49:31,527 | root     | list index out of range
ERROR   | 2021-12-02 14:49:31,527 | root     | got an error while analyzing field_op_summarize_empty
ERROR   | 2021-12-02 14:49:32,061 | root     | list index out of range
ERROR   | 2021-12-02 14:49:32,061 | root     | got an error while analyzing field_op_summarize
ERROR   | 2021-12-02 14:49:32,986 | root     | list index out of range
ERROR   | 2021-12-02 14:49:32,986 | root     | got an error while analyzing field_op_reset
Killed
