gcc-5__Ou__diffutils-1__sdiff have 103 funcs
analyzing gcc-5__Ou__diffutils-1__sdiff/deregister_tm_clones
started running deregister_tm_clones
finished deregister_tm_clones
removing targets
analyzing gcc-5__Ou__diffutils-1__sdiff/register_tm_clones
started running register_tm_clones
finished register_tm_clones
removing targets
analyzing gcc-5__Ou__diffutils-1__sdiff/frame_dummy
started running frame_dummy
finished frame_dummy
removing targets
analyzing gcc-5__Ou__diffutils-1__sdiff/try_help
started running try_help
finished try_help
removing targets
analyzing gcc-5__Ou__diffutils-1__sdiff/check_stdout
started running check_stdout
finished check_stdout
analyzing gcc-5__Ou__diffutils-1__sdiff/cleanup
started running cleanup
finished cleanup
removing targets
analyzing gcc-5__Ou__diffutils-1__sdiff/exiterr
started running exiterr
finished exiterr
analyzing gcc-5__Ou__diffutils-1__sdiff/fatal
started running fatal
finished fatal
analyzing gcc-5__Ou__diffutils-1__sdiff/perror_fatal
started running perror_fatal
finished perror_fatal
analyzing gcc-5__Ou__diffutils-1__sdiff/check_child_status
started running check_child_status
finished check_child_status
removing targets
analyzing gcc-5__Ou__diffutils-1__sdiff/ck_fopen
started running ck_fopen
finished ck_fopen
analyzing gcc-5__Ou__diffutils-1__sdiff/ck_fclose
started running ck_fclose
finished ck_fclose
analyzing gcc-5__Ou__diffutils-1__sdiff/ck_fread
started running ck_fread
finished ck_fread
analyzing gcc-5__Ou__diffutils-1__sdiff/ck_fwrite
started running ck_fwrite
finished ck_fwrite
analyzing gcc-5__Ou__diffutils-1__sdiff/ck_fflush
started running ck_fflush
finished ck_fflush
analyzing gcc-5__Ou__diffutils-1__sdiff/expand_name
started running expand_name
finished expand_name
analyzing gcc-5__Ou__diffutils-1__sdiff/lf_init
started running lf_init
finished lf_init
analyzing gcc-5__Ou__diffutils-1__sdiff/lf_refill
started running lf_refill
finished lf_refill
analyzing gcc-5__Ou__diffutils-1__sdiff/lf_copy
started running lf_copy
finished lf_copy
removing targets
analyzing gcc-5__Ou__diffutils-1__sdiff/lf_skip
started running lf_skip
finished lf_skip
removing targets
analyzing gcc-5__Ou__diffutils-1__sdiff/lf_snarf
started running lf_snarf
finished lf_snarf
analyzing gcc-5__Ou__diffutils-1__sdiff/diffarg
started running diffarg
finished diffarg
removing targets
analyzing gcc-5__Ou__diffutils-1__sdiff/catchsig
started running catchsig
finished catchsig
removing targets
analyzing gcc-5__Ou__diffutils-1__sdiff/signal_handler
started running signal_handler
finished signal_handler
analyzing gcc-5__Ou__diffutils-1__sdiff/trapsigs
started running trapsigs
finished trapsigs
analyzing gcc-5__Ou__diffutils-1__sdiff/untrapsig
started running untrapsig
finished untrapsig
removing targets
analyzing gcc-5__Ou__diffutils-1__sdiff/checksigs
started running checksigs
finished checksigs
removing targets
analyzing gcc-5__Ou__diffutils-1__sdiff/give_help
started running give_help
finished give_help
analyzing gcc-5__Ou__diffutils-1__sdiff/skip_white
started running skip_white
finished skip_white
analyzing gcc-5__Ou__diffutils-1__sdiff/flush_line
started running flush_line
finished flush_line
removing targets
analyzing gcc-5__Ou__diffutils-1__sdiff/edit
started running edit
analyzing gcc-5__Ou__diffutils-1__sdiff/interact
started running interact
analyzing gcc-5__Ou__diffutils-1__sdiff/diraccess
started running diraccess
finished diraccess
analyzing gcc-5__Ou__diffutils-1__sdiff/temporary_file
started running temporary_file
finished temporary_file
analyzing gcc-5__Ou__diffutils-1__sdiff/die
started running die
finished die
analyzing gcc-5__Ou__diffutils-1__sdiff/null_action
started running null_action
finished null_action
analyzing gcc-5__Ou__diffutils-1__sdiff/segv_handler
started running segv_handler
finished segv_handler
analyzing gcc-5__Ou__diffutils-1__sdiff/c_stack_action
started running c_stack_action
finished c_stack_action
analyzing gcc-5__Ou__diffutils-1__sdiff/last_component
started running last_component
analyzing gcc-5__Ou__diffutils-1__sdiff/base_len
started running base_len
finished base_len
analyzing gcc-5__Ou__diffutils-1__sdiff/set_program_name
started running set_program_name
finished set_program_name
removing targets
analyzing gcc-5__Ou__diffutils-1__sdiff/mbsstr_trimmed_wordbounded
started running mbsstr_trimmed_wordbounded
analyzing gcc-5__Ou__diffutils-1__sdiff/proper_name
started running proper_name
finished proper_name
analyzing gcc-5__Ou__diffutils-1__sdiff/proper_name_utf8
started running proper_name_utf8
finished proper_name_utf8
analyzing gcc-5__Ou__diffutils-1__sdiff/trim2
started running trim2
finished trim2
analyzing gcc-5__Ou__diffutils-1__sdiff/version_etc_arn
started running version_etc_arn
finished version_etc_arn
removing targets
analyzing gcc-5__Ou__diffutils-1__sdiff/version_etc_ar
started running version_etc_ar
analyzing gcc-5__Ou__diffutils-1__sdiff/version_etc_va
started running version_etc_va
analyzing gcc-5__Ou__diffutils-1__sdiff/version_etc
started running version_etc
finished version_etc
removing targets
analyzing gcc-5__Ou__diffutils-1__sdiff/emit_bug_reporting_address
started running emit_bug_reporting_address
finished emit_bug_reporting_address
analyzing gcc-5__Ou__diffutils-1__sdiff/xnmalloc
started running xnmalloc
finished xnmalloc
removing targets
analyzing gcc-5__Ou__diffutils-1__sdiff/xnrealloc
started running xnrealloc
finished xnrealloc
removing targets
analyzing gcc-5__Ou__diffutils-1__sdiff/x2nrealloc
started running x2nrealloc
analyzing gcc-5__Ou__diffutils-1__sdiff/xcharalloc
started running xcharalloc
finished xcharalloc
analyzing gcc-5__Ou__diffutils-1__sdiff/xmalloc
started running xmalloc
finished xmalloc
analyzing gcc-5__Ou__diffutils-1__sdiff/xrealloc
started running xrealloc
finished xrealloc
removing targets
analyzing gcc-5__Ou__diffutils-1__sdiff/x2realloc
started running x2realloc
finished x2realloc
analyzing gcc-5__Ou__diffutils-1__sdiff/xzalloc
started running xzalloc
finished xzalloc
analyzing gcc-5__Ou__diffutils-1__sdiff/xcalloc
started running xcalloc
finished xcalloc
analyzing gcc-5__Ou__diffutils-1__sdiff/xmemdup
started running xmemdup
finished xmemdup
analyzing gcc-5__Ou__diffutils-1__sdiff/xstrdup
started running xstrdup
finished xstrdup
analyzing gcc-5__Ou__diffutils-1__sdiff/xalloc_die
started running xalloc_die
finished xalloc_die
analyzing gcc-5__Ou__diffutils-1__sdiff/xmem_cd_iconv
started running xmem_cd_iconv
finished xmem_cd_iconv
analyzing gcc-5__Ou__diffutils-1__sdiff/xstr_cd_iconv
started running xstr_cd_iconv
analyzing gcc-5__Ou__diffutils-1__sdiff/xstr_iconv
started running xstr_iconv
analyzing gcc-5__Ou__diffutils-1__sdiff/c_strcasecmp
started running c_strcasecmp
finished c_strcasecmp
removing targets
analyzing gcc-5__Ou__diffutils-1__sdiff/get_charset_aliases
started running get_charset_aliases
finished get_charset_aliases
removing targets
analyzing gcc-5__Ou__diffutils-1__sdiff/locale_charset
started running locale_charset
analyzing gcc-5__Ou__diffutils-1__sdiff/mbiter_multi_next
started running mbiter_multi_next
analyzing gcc-5__Ou__diffutils-1__sdiff/mbiter_multi_reloc
started running mbiter_multi_reloc
analyzing gcc-5__Ou__diffutils-1__sdiff/mbiter_multi_copy
started running mbiter_multi_copy
analyzing gcc-5__Ou__diffutils-1__sdiff/knuth_morris_pratt
started running knuth_morris_pratt
finished knuth_morris_pratt
removing targets
analyzing gcc-5__Ou__diffutils-1__sdiff/knuth_morris_pratt_multibyte
started running knuth_morris_pratt_multibyte
finished knuth_morris_pratt_multibyte
analyzing gcc-5__Ou__diffutils-1__sdiff/mbsstr
started running mbsstr
finished mbsstr
analyzing gcc-5__Ou__diffutils-1__sdiff/mbuiter_multi_next
started running mbuiter_multi_next
analyzing gcc-5__Ou__diffutils-1__sdiff/mbuiter_multi_reloc
started running mbuiter_multi_reloc
analyzing gcc-5__Ou__diffutils-1__sdiff/mbuiter_multi_copy
started running mbuiter_multi_copy
analyzing gcc-5__Ou__diffutils-1__sdiff/mem_cd_iconv
started running mem_cd_iconv
finished mem_cd_iconv
analyzing gcc-5__Ou__diffutils-1__sdiff/str_cd_iconv
started running str_cd_iconv
finished str_cd_iconv
analyzing gcc-5__Ou__diffutils-1__sdiff/str_iconv
started running str_iconv
analyzing gcc-5__Ou__diffutils-1__sdiff/strnlen1
started running strnlen1
finished strnlen1
analyzing gcc-5__Ou__diffutils-1__sdiff/c_isascii
started running c_isascii
finished c_isascii
removing targets
analyzing gcc-5__Ou__diffutils-1__sdiff/c_isalnum
started running c_isalnum
finished c_isalnum
removing targets
analyzing gcc-5__Ou__diffutils-1__sdiff/c_isalpha
started running c_isalpha
finished c_isalpha
removing targets
analyzing gcc-5__Ou__diffutils-1__sdiff/c_isblank
started running c_isblank
finished c_isblank
removing targets
analyzing gcc-5__Ou__diffutils-1__sdiff/c_iscntrl
started running c_iscntrl
finished c_iscntrl
removing targets
analyzing gcc-5__Ou__diffutils-1__sdiff/c_isdigit
started running c_isdigit
finished c_isdigit
removing targets
analyzing gcc-5__Ou__diffutils-1__sdiff/c_islower
started running c_islower
finished c_islower
removing targets
analyzing gcc-5__Ou__diffutils-1__sdiff/c_isgraph
started running c_isgraph
finished c_isgraph
removing targets
analyzing gcc-5__Ou__diffutils-1__sdiff/c_isprint
started running c_isprint
finished c_isprint
removing targets
analyzing gcc-5__Ou__diffutils-1__sdiff/c_ispunct
started running c_ispunct
finished c_ispunct
removing targets
analyzing gcc-5__Ou__diffutils-1__sdiff/c_isspace
started running c_isspace
finished c_isspace
removing targets
analyzing gcc-5__Ou__diffutils-1__sdiff/c_isupper
started running c_isupper
finished c_isupper
removing targets
analyzing gcc-5__Ou__diffutils-1__sdiff/c_isxdigit
started running c_isxdigit
finished c_isxdigit
removing targets
analyzing gcc-5__Ou__diffutils-1__sdiff/c_tolower
started running c_tolower
finished c_tolower
removing targets
analyzing gcc-5__Ou__diffutils-1__sdiff/c_toupper
started running c_toupper
finished c_toupper
removing targets
analyzing gcc-5__Ou__diffutils-1__sdiff/mmalloca
started running mmalloca
finished mmalloca
removing targets
analyzing gcc-5__Ou__diffutils-1__sdiff/freea
started running freea
finished freea
removing targets
analyzing gcc-5__Ou__diffutils-1__sdiff/mb_width_aux
started running mb_width_aux
finished mb_width_aux
analyzing gcc-5__Ou__diffutils-1__sdiff/mb_copy
started running mb_copy
finished mb_copy
removing targets
analyzing gcc-5__Ou__diffutils-1__sdiff/is_basic
started running is_basic
finished is_basic
analyzing gcc-5__Ou__diffutils-1__sdiff/mbslen
started running mbslen
finished mbslen
analyzing gcc-5__Ou__diffutils-1__sdiff/stat
started running stat
finished stat
removing targets
