gcc-5__Ou__gnudos__mino have 95 funcs
analyzing gcc-5__Ou__gnudos__mino/deregister_tm_clones
started running deregister_tm_clones
finished deregister_tm_clones
removing targets
analyzing gcc-5__Ou__gnudos__mino/register_tm_clones
started running register_tm_clones
finished register_tm_clones
removing targets
analyzing gcc-5__Ou__gnudos__mino/frame_dummy
started running frame_dummy
finished frame_dummy
removing targets
analyzing gcc-5__Ou__gnudos__mino/sighandler
started running sighandler
finished sighandler
removing targets
analyzing gcc-5__Ou__gnudos__mino/deleteLine
started running deleteLine
finished deleteLine
analyzing gcc-5__Ou__gnudos__mino/is_whitespace
started running is_whitespace
finished is_whitespace
removing targets
analyzing gcc-5__Ou__gnudos__mino/deleteNextWord
started running deleteNextWord
finished deleteNextWord
analyzing gcc-5__Ou__gnudos__mino/deletePrevWord
started running deletePrevWord
finished deletePrevWord
removing targets
analyzing gcc-5__Ou__gnudos__mino/deleteNextChar
started running deleteNextChar
finished deleteNextChar
analyzing gcc-5__Ou__gnudos__mino/deletePrevChar
started running deletePrevChar
finished deletePrevChar
removing targets
analyzing gcc-5__Ou__gnudos__mino/insertEnter
started running insertEnter
finished insertEnter
analyzing gcc-5__Ou__gnudos__mino/insertTab
started running insertTab
finished insertTab
analyzing gcc-5__Ou__gnudos__mino/insertChar
started running insertChar
finished insertChar
analyzing gcc-5__Ou__gnudos__mino/refreshSelectedLine
started running refreshSelectedLine
finished refreshSelectedLine
analyzing gcc-5__Ou__gnudos__mino/putuchar
started running putuchar
finished putuchar
analyzing gcc-5__Ou__gnudos__mino/refreshSelectedLineInColor
started running refreshSelectedLineInColor
stopped exploration
finished refreshSelectedLineInColor
removing targets
analyzing gcc-5__Ou__gnudos__mino/isKeyword
started running isKeyword
finished isKeyword
removing targets
analyzing gcc-5__Ou__gnudos__mino/refreshView
started running refreshView
finished refreshView
analyzing gcc-5__Ou__gnudos__mino/drawScrollBar
started running drawScrollBar
finished drawScrollBar
analyzing gcc-5__Ou__gnudos__mino/refreshBottomView
started running refreshBottomView
finished refreshBottomView
analyzing gcc-5__Ou__gnudos__mino/drawMenuBar
started running drawMenuBar
finished drawMenuBar
analyzing gcc-5__Ou__gnudos__mino/catchSignals
started running catchSignals
finished catchSignals
analyzing gcc-5__Ou__gnudos__mino/drawBox
started running drawBox
finished drawBox
removing targets
analyzing gcc-5__Ou__gnudos__mino/makestr
started running makestr
finished makestr
removing targets
analyzing gcc-5__Ou__gnudos__mino/move_lines_up
started running move_lines_up
finished move_lines_up
removing targets
analyzing gcc-5__Ou__gnudos__mino/move_lines_down
started running move_lines_down
finished move_lines_down
removing targets
analyzing gcc-5__Ou__gnudos__mino/calcCharCarry
started running calcCharCarry
finished calcCharCarry
removing targets
analyzing gcc-5__Ou__gnudos__mino/one
started running one
finished one
analyzing gcc-5__Ou__gnudos__mino/scanDir
started running scanDir
finished scanDir
analyzing gcc-5__Ou__gnudos__mino/refreshDirView
started running refreshDirView
finished refreshDirView
analyzing gcc-5__Ou__gnudos__mino/swap_lines
started running swap_lines
finished swap_lines
analyzing gcc-5__Ou__gnudos__mino/swap_chars
started running swap_chars
finished swap_chars
analyzing gcc-5__Ou__gnudos__mino/clear_selected_range
started running clear_selected_range
finished clear_selected_range
analyzing gcc-5__Ou__gnudos__mino/editMenu_DeleteLine
started running editMenu_DeleteLine
finished editMenu_DeleteLine
analyzing gcc-5__Ou__gnudos__mino/editMenu_ToggleSelectMode
started running editMenu_ToggleSelectMode
finished editMenu_ToggleSelectMode
removing targets
analyzing gcc-5__Ou__gnudos__mino/editMenu_Copy
started running editMenu_Copy
finished editMenu_Copy
removing targets
analyzing gcc-5__Ou__gnudos__mino/editMenu_Cut
started running editMenu_Cut
finished editMenu_Cut
removing targets
analyzing gcc-5__Ou__gnudos__mino/remove_selected_text
started running remove_selected_text
finished remove_selected_text
removing targets
analyzing gcc-5__Ou__gnudos__mino/editMenu_Paste
started running editMenu_Paste
finished editMenu_Paste
removing targets
analyzing gcc-5__Ou__gnudos__mino/editMenu_SelectAll
started running editMenu_SelectAll
finished editMenu_SelectAll
analyzing gcc-5__Ou__gnudos__mino/editMenu_Undo
started running editMenu_Undo
finished editMenu_Undo
removing targets
analyzing gcc-5__Ou__gnudos__mino/editMenu_Redo
started running editMenu_Redo
finished editMenu_Redo
removing targets
analyzing gcc-5__Ou__gnudos__mino/begin_undo_action
started running begin_undo_action
finished begin_undo_action
removing targets
analyzing gcc-5__Ou__gnudos__mino/finish_undo_action
started running finish_undo_action
finished finish_undo_action
removing targets
analyzing gcc-5__Ou__gnudos__mino/add_to_undo_action
started running add_to_undo_action
finished add_to_undo_action
analyzing gcc-5__Ou__gnudos__mino/editMenu_Find
started running editMenu_Find
finished editMenu_Find
analyzing gcc-5__Ou__gnudos__mino/editMenu_Replace
started running editMenu_Replace
finished editMenu_Replace
analyzing gcc-5__Ou__gnudos__mino/checkAllTabs
started running checkAllTabs
finished checkAllTabs
removing targets
analyzing gcc-5__Ou__gnudos__mino/checkTabsInLine
started running checkTabsInLine
finished checkTabsInLine
removing targets
analyzing gcc-5__Ou__gnudos__mino/calcTotalCharsInLine
started running calcTotalCharsInLine
finished calcTotalCharsInLine
removing targets
analyzing gcc-5__Ou__gnudos__mino/fixLineLength
started running fixLineLength
finished fixLineLength
removing targets
analyzing gcc-5__Ou__gnudos__mino/fileMenu_New
started running fileMenu_New
finished fileMenu_New
removing targets
analyzing gcc-5__Ou__gnudos__mino/fileMenu_Open
started running fileMenu_Open
finished fileMenu_Open
removing targets
analyzing gcc-5__Ou__gnudos__mino/fileMenu_Save
started running fileMenu_Save
finished fileMenu_Save
removing targets
analyzing gcc-5__Ou__gnudos__mino/fileMenu_SaveAs
started running fileMenu_SaveAs
finished fileMenu_SaveAs
analyzing gcc-5__Ou__gnudos__mino/fileMenu_Print
started running fileMenu_Print
finished fileMenu_Print
analyzing gcc-5__Ou__gnudos__mino/fileMenu_Exit
started running fileMenu_Exit
finished fileMenu_Exit
analyzing gcc-5__Ou__gnudos__mino/exit_gracefully
started running exit_gracefully
finished exit_gracefully
removing targets
analyzing gcc-5__Ou__gnudos__mino/parseLineArgs
started running parseLineArgs
stopped exploration
finished parseLineArgs
analyzing gcc-5__Ou__gnudos__mino/init_error
started running init_error
finished init_error
analyzing gcc-5__Ou__gnudos__mino/init
started running init
finished init
removing targets
analyzing gcc-5__Ou__gnudos__mino/init_built_in_defaults
started running init_built_in_defaults
finished init_built_in_defaults
analyzing gcc-5__Ou__gnudos__mino/showREADMEOnStartup
started running showREADMEOnStartup
finished showREADMEOnStartup
analyzing gcc-5__Ou__gnudos__mino/initTerminal
started running initTerminal
finished initTerminal
analyzing gcc-5__Ou__gnudos__mino/restoreTerminal
started running restoreTerminal
finished restoreTerminal
removing targets
analyzing gcc-5__Ou__gnudos__mino/getKeyUnderConsole
started running getKeyUnderConsole
finished getKeyUnderConsole
analyzing gcc-5__Ou__gnudos__mino/getKeyUnderX
started running getKeyUnderX
finished getKeyUnderX
analyzing gcc-5__Ou__gnudos__mino/getKey
started running getKey
finished getKey
removing targets
analyzing gcc-5__Ou__gnudos__mino/showFileMenu
started running showFileMenu
finished showFileMenu
removing targets
analyzing gcc-5__Ou__gnudos__mino/showEditMenu
started running showEditMenu
finished showEditMenu
removing targets
analyzing gcc-5__Ou__gnudos__mino/showOptionsMenu
started running showOptionsMenu
finished showOptionsMenu
removing targets
analyzing gcc-5__Ou__gnudos__mino/showHelpMenu
started running showHelpMenu
finished showHelpMenu
removing targets
analyzing gcc-5__Ou__gnudos__mino/showKeybindings
started running showKeybindings
finished showKeybindings
analyzing gcc-5__Ou__gnudos__mino/showReadMe
started running showReadMe
finished showReadMe
analyzing gcc-5__Ou__gnudos__mino/putunichar
started running putunichar
finished putunichar
analyzing gcc-5__Ou__gnudos__mino/inputBox
started running inputBox
stopped exploration
finished inputBox
analyzing gcc-5__Ou__gnudos__mino/msgBox
started running msgBox
skipping one
analyzing gcc-5__Ou__gnudos__mino/findFullFileName
started running findFullFileName
finished findFullFileName
analyzing gcc-5__Ou__gnudos__mino/findFullDirName
started running findFullDirName
finished findFullDirName
analyzing gcc-5__Ou__gnudos__mino/openSaveFile
started running openSaveFile
finished openSaveFile
removing targets
analyzing gcc-5__Ou__gnudos__mino/checkFileExtension
started running checkFileExtension
finished checkFileExtension
analyzing gcc-5__Ou__gnudos__mino/findColorName
started running findColorName
finished findColorName
removing targets
analyzing gcc-5__Ou__gnudos__mino/saveOldColors
started running saveOldColors
finished saveOldColors
removing targets
analyzing gcc-5__Ou__gnudos__mino/resetColors
started running resetColors
finished resetColors
removing targets
analyzing gcc-5__Ou__gnudos__mino/showColorChooserDialog
started running showColorChooserDialog
finished showColorChooserDialog
analyzing gcc-5__Ou__gnudos__mino/refreshChangeColorsDialog
started running refreshChangeColorsDialog
finished refreshChangeColorsDialog
analyzing gcc-5__Ou__gnudos__mino/optionsMenu_Change_Colors
started running optionsMenu_Change_Colors
finished optionsMenu_Change_Colors
analyzing gcc-5__Ou__gnudos__mino/optionsMenu_Tab_Spaces
started running optionsMenu_Tab_Spaces
finished optionsMenu_Tab_Spaces
analyzing gcc-5__Ou__gnudos__mino/optionsMenu_Reset_Config
started running optionsMenu_Reset_Config
finished optionsMenu_Reset_Config
analyzing gcc-5__Ou__gnudos__mino/write_config_file
started running write_config_file
finished write_config_file
analyzing gcc-5__Ou__gnudos__mino/loadKeywords
started running loadKeywords
finished loadKeywords
removing targets
analyzing gcc-5__Ou__gnudos__mino/setScreenColors
started running setScreenColors
finished setScreenColors
analyzing gcc-5__Ou__gnudos__mino/getScreenSize
started running getScreenSize
finished getScreenSize
analyzing gcc-5__Ou__gnudos__mino/clearScreen
started running clearScreen
finished clearScreen
