gcc-5__Ou__mc__cons.saver have 5 funcs
analyzing gcc-5__Ou__mc__cons.saver/deregister_tm_clones
started running deregister_tm_clones
finished deregister_tm_clones
removing targets
analyzing gcc-5__Ou__mc__cons.saver/register_tm_clones
started running register_tm_clones
finished register_tm_clones
removing targets
analyzing gcc-5__Ou__mc__cons.saver/frame_dummy
started running frame_dummy
finished frame_dummy
removing targets
analyzing gcc-5__Ou__mc__cons.saver/send_contents
started running send_contents
finished send_contents
removing targets
analyzing gcc-5__Ou__mc__cons.saver/die
started running die
stopped exploration
finished die
