gcc-5__Ou__pexec__pexec have 146 funcs
analyzing gcc-5__Ou__pexec__pexec/format_int_realloc.isra.0.part.1
started running format_int_realloc.isra.0.part.1
stopped exploration
finished format_int_realloc.isra.0.part.1
analyzing gcc-5__Ou__pexec__pexec/linebuffer_concatenate.part.0
started running linebuffer_concatenate.part.0
stopped exploration
finished linebuffer_concatenate.part.0
analyzing gcc-5__Ou__pexec__pexec/deregister_tm_clones
started running deregister_tm_clones
finished deregister_tm_clones
removing targets
analyzing gcc-5__Ou__pexec__pexec/register_tm_clones
started running register_tm_clones
finished register_tm_clones
removing targets
analyzing gcc-5__Ou__pexec__pexec/frame_dummy
started running frame_dummy
finished frame_dummy
removing targets
analyzing gcc-5__Ou__pexec__pexec/sig_act_interrupt
started running sig_act_interrupt
finished sig_act_interrupt
removing targets
analyzing gcc-5__Ou__pexec__pexec/sig_act_child
started running sig_act_child
finished sig_act_child
removing targets
analyzing gcc-5__Ou__pexec__pexec/xmalloc.part.3
started running xmalloc.part.3
finished xmalloc.part.3
analyzing gcc-5__Ou__pexec__pexec/xrealloc
started running xrealloc
finished xrealloc
analyzing gcc-5__Ou__pexec__pexec/write_output.constprop.14
started running write_output.constprop.14
finished write_output.constprop.14
removing targets
analyzing gcc-5__Ou__pexec__pexec/log_message
started running log_message
finished log_message
removing targets
analyzing gcc-5__Ou__pexec__pexec/background
started running background
finished background
analyzing gcc-5__Ou__pexec__pexec/fdwait
started running fdwait
finished fdwait
analyzing gcc-5__Ou__pexec__pexec/env_export
started running env_export
finished env_export
removing targets
analyzing gcc-5__Ou__pexec__pexec/is_nasty_char
started running is_nasty_char
finished is_nasty_char
analyzing gcc-5__Ou__pexec__pexec/get_nasty_char_number
started running get_nasty_char_number
finished get_nasty_char_number
removing targets
analyzing gcc-5__Ou__pexec__pexec/concatenate_arguments
started running concatenate_arguments
stopped exploration
finished concatenate_arguments
removing targets
analyzing gcc-5__Ou__pexec__pexec/daemon_commandtoken_escape
started running daemon_commandtoken_escape
stopped exploration
finished daemon_commandtoken_escape
removing targets
analyzing gcc-5__Ou__pexec__pexec/daemon_commandtoken_escape_string
started running daemon_commandtoken_escape_string
stopped exploration
finished daemon_commandtoken_escape_string
removing targets
analyzing gcc-5__Ou__pexec__pexec/daemon_commandtoken_unescape
started running daemon_commandtoken_unescape
stopped exploration
finished daemon_commandtoken_unescape
removing targets
analyzing gcc-5__Ou__pexec__pexec/hprintf
started running hprintf
finished hprintf
removing targets
analyzing gcc-5__Ou__pexec__pexec/get_number_of_cpus_proccpuinfo
started running get_number_of_cpus_proccpuinfo
stopped exploration
finished get_number_of_cpus_proccpuinfo
analyzing gcc-5__Ou__pexec__pexec/get_number_of_cpus_sysconf
started running get_number_of_cpus_sysconf
finished get_number_of_cpus_sysconf
analyzing gcc-5__Ou__pexec__pexec/get_number_of_cpus
started running get_number_of_cpus
finished get_number_of_cpus
analyzing gcc-5__Ou__pexec__pexec/get_bit_size
started running get_bit_size
finished get_bit_size
removing targets
analyzing gcc-5__Ou__pexec__pexec/get_child_by_pid
started running get_child_by_pid
finished get_child_by_pid
removing targets
analyzing gcc-5__Ou__pexec__pexec/get_child_by_id
started running get_child_by_id
finished get_child_by_id
removing targets
analyzing gcc-5__Ou__pexec__pexec/get_imutex_by_name
started running get_imutex_by_name
finished get_imutex_by_name
removing targets
analyzing gcc-5__Ou__pexec__pexec/fd_avail
started running fd_avail
finished fd_avail
analyzing gcc-5__Ou__pexec__pexec/fileformat_replace
started running fileformat_replace
finished fileformat_replace
analyzing gcc-5__Ou__pexec__pexec/submit_task
started running submit_task
stopped exploration
finished submit_task
removing targets
analyzing gcc-5__Ou__pexec__pexec/send_task
started running send_task
stopped exploration
finished send_task
analyzing gcc-5__Ou__pexec__pexec/read_fd_block
started running read_fd_block
finished read_fd_block
removing targets
analyzing gcc-5__Ou__pexec__pexec/read_signalinfo
started running read_signalinfo
finished read_signalinfo
removing targets
analyzing gcc-5__Ou__pexec__pexec/write_out_line
started running write_out_line
finished write_out_line
analyzing gcc-5__Ou__pexec__pexec/write_output
started running write_output
finished write_output
removing targets
analyzing gcc-5__Ou__pexec__pexec/imutex_cleanup
started running imutex_cleanup
stopped exploration
finished imutex_cleanup
removing targets
analyzing gcc-5__Ou__pexec__pexec/imutex_lock_get_params
started running imutex_lock_get_params
finished imutex_lock_get_params
removing targets
analyzing gcc-5__Ou__pexec__pexec/imutex_unlock_get_params
started running imutex_unlock_get_params
finished imutex_unlock_get_params
removing targets
analyzing gcc-5__Ou__pexec__pexec/imutex_mutex_get_params
started running imutex_mutex_get_params
finished imutex_mutex_get_params
removing targets
analyzing gcc-5__Ou__pexec__pexec/remote_client_master_parse_command_tokens
started running remote_client_master_parse_command_tokens
finished remote_client_master_parse_command_tokens
removing targets
analyzing gcc-5__Ou__pexec__pexec/remote_client_master_parse_command
started running remote_client_master_parse_command
finished remote_client_master_parse_command
analyzing gcc-5__Ou__pexec__pexec/pexec_submit
started running pexec_submit
finished pexec_submit
analyzing gcc-5__Ou__pexec__pexec/pexec_get_free_remote_shell
started running pexec_get_free_remote_shell
finished pexec_get_free_remote_shell
removing targets
analyzing gcc-5__Ou__pexec__pexec/pexec_do_parallelized_execution
started running pexec_do_parallelized_execution
stopped exploration
finished pexec_do_parallelized_execution
analyzing gcc-5__Ou__pexec__pexec/remote_client_daemon_parse_command
started running remote_client_daemon_parse_command
finished remote_client_daemon_parse_command
analyzing gcc-5__Ou__pexec__pexec/dqueue_get_queue_by_id
started running dqueue_get_queue_by_id
finished dqueue_get_queue_by_id
removing targets
analyzing gcc-5__Ou__pexec__pexec/daemon_process_command
started running daemon_process_command
finished daemon_process_command
removing targets
analyzing gcc-5__Ou__pexec__pexec/daemon_send_data
started running daemon_send_data
finished daemon_send_data
removing targets
analyzing gcc-5__Ou__pexec__pexec/daemon_send_output
started running daemon_send_output
finished daemon_send_output
removing targets
analyzing gcc-5__Ou__pexec__pexec/daemon_send_error
started running daemon_send_error
finished daemon_send_error
removing targets
analyzing gcc-5__Ou__pexec__pexec/pexec_daemon_main_loop
started running pexec_daemon_main_loop
stopped exploration
finished pexec_daemon_main_loop
analyzing gcc-5__Ou__pexec__pexec/parse_host_data
started running parse_host_data
analyzing gcc-5__Ou__pexec__pexec/remote_shell_init
started running remote_shell_init
analyzing gcc-5__Ou__pexec__pexec/is_unix_socket_name
started running is_unix_socket_name
