ERROR   | 2021-12-02 21:28:28,368 | root     | list index out of range
ERROR   | 2021-12-02 21:28:28,368 | root     | got an error while analyzing list_components
ERROR   | 2021-12-03 01:13:28,233 | root     | b'out of memory'
ERROR   | 2021-12-03 01:13:28,233 | root     | got an error while analyzing wordsplit_init
ERROR   | 2021-12-03 01:13:33,500 | root     | b'out of memory'
ERROR   | 2021-12-03 01:13:33,500 | root     | got an error while analyzing alloc_space
ERROR   | 2021-12-03 01:13:40,343 | root     | 
ERROR   | 2021-12-03 01:13:40,343 | root     | got an error while analyzing wsnode_ptr
ERROR   | 2021-12-03 01:13:40,346 | root     | 
ERROR   | 2021-12-03 01:13:40,346 | root     | got an error while analyzing wsnode_len
ERROR   | 2021-12-03 01:13:40,349 | root     | 
ERROR   | 2021-12-03 01:13:40,349 | root     | got an error while analyzing wsnode_new
ERROR   | 2021-12-03 01:13:40,352 | root     | 
ERROR   | 2021-12-03 01:13:40,352 | root     | got an error while analyzing wsnode_free
ERROR   | 2021-12-03 01:13:40,355 | root     | 
ERROR   | 2021-12-03 01:13:40,355 | root     | got an error while analyzing wsnode_append
ERROR   | 2021-12-03 01:13:40,358 | root     | 
ERROR   | 2021-12-03 01:13:40,358 | root     | got an error while analyzing wsnode_remove
ERROR   | 2021-12-03 01:13:40,360 | root     | 
ERROR   | 2021-12-03 01:13:40,361 | root     | got an error while analyzing wsnode_insert
ERROR   | 2021-12-03 01:13:40,364 | root     | 
ERROR   | 2021-12-03 01:13:40,364 | root     | got an error while analyzing wordsplit_add_segm
ERROR   | 2021-12-03 01:13:40,368 | root     | 
ERROR   | 2021-12-03 01:13:40,368 | root     | got an error while analyzing wordsplit_free_nodes
ERROR   | 2021-12-03 01:13:40,371 | root     | 
ERROR   | 2021-12-03 01:13:40,371 | root     | got an error while analyzing wordsplit_dump_nodes
ERROR   | 2021-12-03 01:13:40,374 | root     | 
ERROR   | 2021-12-03 01:13:40,374 | root     | got an error while analyzing coalesce_segment
ERROR   | 2021-12-03 01:13:40,377 | root     | 
ERROR   | 2021-12-03 01:13:40,377 | root     | got an error while analyzing wsnode_quoteremoval
ERROR   | 2021-12-03 01:13:40,380 | root     | 
ERROR   | 2021-12-03 01:13:40,380 | root     | got an error while analyzing wsnode_coalesce
ERROR   | 2021-12-03 01:13:40,383 | root     | 
ERROR   | 2021-12-03 01:13:40,383 | root     | got an error while analyzing wordsplit_finish
ERROR   | 2021-12-03 01:13:40,387 | root     | 
ERROR   | 2021-12-03 01:13:40,387 | root     | got an error while analyzing node_split_prefix
ERROR   | 2021-12-03 01:13:40,390 | root     | 
ERROR   | 2021-12-03 01:13:40,390 | root     | got an error while analyzing find_closing_paren
ERROR   | 2021-12-03 01:13:40,394 | root     | 
ERROR   | 2021-12-03 01:13:40,394 | root     | got an error while analyzing wordsplit_find_env
ERROR   | 2021-12-03 01:13:40,398 | root     | 
ERROR   | 2021-12-03 01:13:40,398 | root     | got an error while analyzing wsplt_assign_var
ERROR   | 2021-12-03 01:13:40,401 | root     | 
ERROR   | 2021-12-03 01:13:40,401 | root     | got an error while analyzing expvar
ERROR   | 2021-12-03 01:13:40,405 | root     | 
ERROR   | 2021-12-03 01:13:40,405 | root     | got an error while analyzing begin_var_p
ERROR   | 2021-12-03 01:13:40,409 | root     | 
ERROR   | 2021-12-03 01:13:40,409 | root     | got an error while analyzing node_expand
ERROR   | 2021-12-03 01:13:40,413 | root     | 
ERROR   | 2021-12-03 01:13:40,413 | root     | got an error while analyzing wsnode_nullelim
ERROR   | 2021-12-03 01:13:40,417 | root     | 
ERROR   | 2021-12-03 01:13:40,417 | root     | got an error while analyzing wordsplit_varexp
ERROR   | 2021-12-03 01:13:40,421 | root     | 
ERROR   | 2021-12-03 01:13:40,421 | root     | got an error while analyzing begin_cmd_p
ERROR   | 2021-12-03 01:13:40,425 | root     | 
ERROR   | 2021-12-03 01:13:40,425 | root     | got an error while analyzing expcmd
ERROR   | 2021-12-03 01:13:40,428 | root     | 
ERROR   | 2021-12-03 01:13:40,429 | root     | got an error while analyzing wordsplit_cmdexp
ERROR   | 2021-12-03 01:13:40,432 | root     | 
ERROR   | 2021-12-03 01:13:40,433 | root     | got an error while analyzing wordsplit_trimws
ERROR   | 2021-12-03 01:13:40,436 | root     | 
ERROR   | 2021-12-03 01:13:40,437 | root     | got an error while analyzing wordsplit_tildexpand
ERROR   | 2021-12-03 01:13:40,440 | root     | 
ERROR   | 2021-12-03 01:13:40,441 | root     | got an error while analyzing wordsplit_pathexpand
ERROR   | 2021-12-03 01:13:40,445 | root     | 
ERROR   | 2021-12-03 01:13:40,445 | root     | got an error while analyzing skip_sed_expr
ERROR   | 2021-12-03 01:13:40,448 | root     | 
ERROR   | 2021-12-03 01:13:40,449 | root     | got an error while analyzing skip_delim
ERROR   | 2021-12-03 01:13:40,452 | root     | 
ERROR   | 2021-12-03 01:13:40,453 | root     | got an error while analyzing scan_qstring
ERROR   | 2021-12-03 01:13:40,456 | root     | 
ERROR   | 2021-12-03 01:13:40,456 | root     | got an error while analyzing scan_word
ERROR   | 2021-12-03 01:13:40,460 | root     | 
ERROR   | 2021-12-03 01:13:40,460 | root     | got an error while analyzing xtonum
ERROR   | 2021-12-03 01:13:40,476 | root     | 
ERROR   | 2021-12-03 01:13:40,476 | root     | got an error while analyzing wordsplit_c_quoted_length
ERROR   | 2021-12-03 01:13:40,479 | root     | 
ERROR   | 2021-12-03 01:13:40,480 | root     | got an error while analyzing wsplt_unquote_char
ERROR   | 2021-12-03 01:13:40,484 | root     | 
ERROR   | 2021-12-03 01:13:40,484 | root     | got an error while analyzing wsplt_quote_char
ERROR   | 2021-12-03 01:13:40,501 | root     | 
ERROR   | 2021-12-03 01:13:40,501 | root     | got an error while analyzing wordsplit_c_unquote_char
ERROR   | 2021-12-03 01:13:40,504 | root     | 
ERROR   | 2021-12-03 01:13:40,504 | root     | got an error while analyzing wordsplit_c_quote_char
ERROR   | 2021-12-03 01:13:40,521 | root     | 
ERROR   | 2021-12-03 01:13:40,521 | root     | got an error while analyzing wordsplit_string_unquote_copy
ERROR   | 2021-12-03 01:13:40,536 | root     | 
ERROR   | 2021-12-03 01:13:40,536 | root     | got an error while analyzing wordsplit_c_quote_copy
ERROR   | 2021-12-03 01:13:40,539 | root     | 
ERROR   | 2021-12-03 01:13:40,539 | root     | got an error while analyzing wordsplit_process_list
ERROR   | 2021-12-03 01:13:40,543 | root     | 
ERROR   | 2021-12-03 01:13:40,543 | root     | got an error while analyzing wordsplit_run
ERROR   | 2021-12-03 01:13:40,558 | root     | 
ERROR   | 2021-12-03 01:13:40,558 | root     | got an error while analyzing wordsplit_len
ERROR   | 2021-12-03 01:13:40,573 | root     | 
ERROR   | 2021-12-03 01:13:40,573 | root     | got an error while analyzing wordsplit
ERROR   | 2021-12-03 01:13:40,587 | root     | 
ERROR   | 2021-12-03 01:13:40,587 | root     | got an error while analyzing wordsplit_free_words
ERROR   | 2021-12-03 01:13:40,590 | root     | 
ERROR   | 2021-12-03 01:13:40,590 | root     | got an error while analyzing wordsplit_free_envbuf
ERROR   | 2021-12-03 01:13:40,605 | root     | 
ERROR   | 2021-12-03 01:13:40,605 | root     | got an error while analyzing wordsplit_clearerr
ERROR   | 2021-12-03 01:13:40,622 | root     | 
ERROR   | 2021-12-03 01:13:40,622 | root     | got an error while analyzing wordsplit_free
ERROR   | 2021-12-03 01:13:40,636 | root     | 
ERROR   | 2021-12-03 01:13:40,637 | root     | got an error while analyzing wordsplit_getwords
ERROR   | 2021-12-03 01:13:40,651 | root     | 
ERROR   | 2021-12-03 01:13:40,651 | root     | got an error while analyzing wordsplit_strerror
ERROR   | 2021-12-03 01:13:40,653 | root     | 
ERROR   | 2021-12-03 01:13:40,654 | root     | got an error while analyzing wordsplit_perror
ERROR   | 2021-12-03 01:13:40,656 | root     | 
ERROR   | 2021-12-03 01:13:40,657 | root     | got an error while analyzing pairfree
ERROR   | 2021-12-03 01:13:40,659 | root     | 
ERROR   | 2021-12-03 01:13:40,660 | root     | got an error while analyzing objfree
ERROR   | 2021-12-03 01:13:40,662 | root     | 
ERROR   | 2021-12-03 01:13:40,663 | root     | got an error while analyzing grecs_json__symbol_value_print
ERROR   | 2021-12-03 01:13:40,666 | root     | 
ERROR   | 2021-12-03 01:13:40,666 | root     | got an error while analyzing grecs_json__symbol_print
ERROR   | 2021-12-03 01:13:40,669 | root     | 
ERROR   | 2021-12-03 01:13:40,669 | root     | got an error while analyzing grecs_json__stack_print
ERROR   | 2021-12-03 01:13:40,672 | root     | 
ERROR   | 2021-12-03 01:13:40,672 | root     | got an error while analyzing grecs_json__reduce_print
ERROR   | 2021-12-03 01:13:40,675 | root     | 
ERROR   | 2021-12-03 01:13:40,675 | root     | got an error while analyzing grecs_json_tnamerr
ERROR   | 2021-12-03 01:13:40,678 | root     | 
ERROR   | 2021-12-03 01:13:40,678 | root     | got an error while analyzing grecs_json_syntax_error
ERROR   | 2021-12-03 01:13:40,681 | root     | 
ERROR   | 2021-12-03 01:13:40,682 | root     | got an error while analyzing grecs_json_destruct
ERROR   | 2021-12-03 01:13:40,685 | root     | 
ERROR   | 2021-12-03 01:13:40,685 | root     | got an error while analyzing grecs_json_parse
ERROR   | 2021-12-03 01:13:40,688 | root     | 
ERROR   | 2021-12-03 01:13:40,688 | root     | got an error while analyzing grecs_json_error
ERROR   | 2021-12-03 01:13:40,690 | root     | 
ERROR   | 2021-12-03 01:13:40,690 | root     | got an error while analyzing json_value_create
ERROR   | 2021-12-03 01:13:40,704 | root     | 
ERROR   | 2021-12-03 01:13:40,704 | root     | got an error while analyzing json_value_free
ERROR   | 2021-12-03 01:13:40,706 | root     | 
ERROR   | 2021-12-03 01:13:40,706 | root     | got an error while analyzing json_st_hash
ERROR   | 2021-12-03 01:13:40,708 | root     | 
ERROR   | 2021-12-03 01:13:40,708 | root     | got an error while analyzing json_st_cmp
ERROR   | 2021-12-03 01:13:40,711 | root     | 
ERROR   | 2021-12-03 01:13:40,711 | root     | got an error while analyzing json_st_copy
ERROR   | 2021-12-03 01:13:40,713 | root     | 
ERROR   | 2021-12-03 01:13:40,713 | root     | got an error while analyzing json_st_free
ERROR   | 2021-12-03 01:13:40,715 | root     | 
ERROR   | 2021-12-03 01:13:40,715 | root     | got an error while analyzing json_assoc_create
ERROR   | 2021-12-03 01:13:40,729 | root     | 
ERROR   | 2021-12-03 01:13:40,730 | root     | got an error while analyzing json_parse_string
ERROR   | 2021-12-03 01:13:40,732 | root     | 
ERROR   | 2021-12-03 01:13:40,732 | root     | got an error while analyzing json_value_lookup
ERROR   | 2021-12-03 01:13:40,745 | root     | 
ERROR   | 2021-12-03 01:13:40,746 | root     | got an error while analyzing json_new_string
ERROR   | 2021-12-03 01:13:40,759 | root     | 
ERROR   | 2021-12-03 01:13:40,759 | root     | got an error while analyzing json_new_number
ERROR   | 2021-12-03 01:13:40,771 | root     | 
ERROR   | 2021-12-03 01:13:40,771 | root     | got an error while analyzing json_new_bool
ERROR   | 2021-12-03 01:13:40,774 | root     | 
ERROR   | 2021-12-03 01:13:40,774 | root     | got an error while analyzing json_new_null
ERROR   | 2021-12-03 01:13:40,787 | root     | 
ERROR   | 2021-12-03 01:13:40,787 | root     | got an error while analyzing json_new_object
ERROR   | 2021-12-03 01:13:40,800 | root     | 
ERROR   | 2021-12-03 01:13:40,801 | root     | got an error while analyzing json_object_set
ERROR   | 2021-12-03 01:13:40,814 | root     | 
ERROR   | 2021-12-03 01:13:40,814 | root     | got an error while analyzing json_object_get
ERROR   | 2021-12-03 01:13:40,827 | root     | 
ERROR   | 2021-12-03 01:13:40,827 | root     | got an error while analyzing json_new_array
ERROR   | 2021-12-03 01:13:40,840 | root     | 
ERROR   | 2021-12-03 01:13:40,841 | root     | got an error while analyzing json_array_size
ERROR   | 2021-12-03 01:13:40,843 | root     | 
ERROR   | 2021-12-03 01:13:40,843 | root     | got an error while analyzing json_array_flatten
ERROR   | 2021-12-03 01:13:40,845 | root     | 
ERROR   | 2021-12-03 01:13:40,846 | root     | got an error while analyzing json_array_insert
ERROR   | 2021-12-03 01:13:40,860 | root     | 
ERROR   | 2021-12-03 01:13:40,860 | root     | got an error while analyzing json_array_append
ERROR   | 2021-12-03 01:13:40,863 | root     | 
ERROR   | 2021-12-03 01:13:40,863 | root     | got an error while analyzing json_array_set
ERROR   | 2021-12-03 01:13:40,877 | root     | 
ERROR   | 2021-12-03 01:13:40,877 | root     | got an error while analyzing json_array_get
ERROR   | 2021-12-03 01:13:40,880 | root     | 
ERROR   | 2021-12-03 01:13:40,880 | root     | got an error while analyzing jsonlex_setup
ERROR   | 2021-12-03 01:13:40,882 | root     | 
ERROR   | 2021-12-03 01:13:40,883 | root     | got an error while analyzing jsonlex_diag
ERROR   | 2021-12-03 01:13:40,885 | root     | 
ERROR   | 2021-12-03 01:13:40,885 | root     | got an error while analyzing utf8_wctomb
ERROR   | 2021-12-03 01:13:40,889 | root     | 
ERROR   | 2021-12-03 01:13:40,889 | root     | got an error while analyzing json_unescape
ERROR   | 2021-12-03 01:13:40,892 | root     | 
ERROR   | 2021-12-03 01:13:40,893 | root     | got an error while analyzing grecs_json_wrap
ERROR   | 2021-12-03 01:13:40,896 | root     | 
ERROR   | 2021-12-03 01:13:40,896 | root     | got an error while analyzing json_line_begin
ERROR   | 2021-12-03 01:13:40,900 | root     | 
ERROR   | 2021-12-03 01:13:40,900 | root     | got an error while analyzing json_line_finish
ERROR   | 2021-12-03 01:13:40,903 | root     | 
ERROR   | 2021-12-03 01:13:40,903 | root     | got an error while analyzing json_line_grow
ERROR   | 2021-12-03 01:13:40,907 | root     | 
ERROR   | 2021-12-03 01:13:40,907 | root     | got an error while analyzing grecs_json_lex
ERROR   | 2021-12-03 01:13:40,910 | root     | 
ERROR   | 2021-12-03 01:13:40,911 | root     | got an error while analyzing grecs_json__get_next_buffer
ERROR   | 2021-12-03 01:13:40,914 | root     | 
ERROR   | 2021-12-03 01:13:40,915 | root     | got an error while analyzing grecs_json__get_previous_state
ERROR   | 2021-12-03 01:13:40,917 | root     | 
ERROR   | 2021-12-03 01:13:40,918 | root     | got an error while analyzing grecs_json__try_NUL_trans
ERROR   | 2021-12-03 01:13:40,921 | root     | 
ERROR   | 2021-12-03 01:13:40,922 | root     | got an error while analyzing grecs_json_restart
ERROR   | 2021-12-03 01:13:40,924 | root     | 
ERROR   | 2021-12-03 01:13:40,924 | root     | got an error while analyzing grecs_json__switch_to_buffer
ERROR   | 2021-12-03 01:13:40,928 | root     | 
ERROR   | 2021-12-03 01:13:40,928 | root     | got an error while analyzing grecs_json__load_buffer_state
ERROR   | 2021-12-03 01:13:40,931 | root     | 
ERROR   | 2021-12-03 01:13:40,932 | root     | got an error while analyzing grecs_json__create_buffer
ERROR   | 2021-12-03 01:13:40,934 | root     | 
ERROR   | 2021-12-03 01:13:40,935 | root     | got an error while analyzing grecs_json__delete_buffer
ERROR   | 2021-12-03 01:13:40,938 | root     | 
ERROR   | 2021-12-03 01:13:40,938 | root     | got an error while analyzing grecs_json__init_buffer
ERROR   | 2021-12-03 01:13:40,941 | root     | 
ERROR   | 2021-12-03 01:13:40,941 | root     | got an error while analyzing grecs_json__flush_buffer
ERROR   | 2021-12-03 01:13:40,943 | root     | 
ERROR   | 2021-12-03 01:13:40,944 | root     | got an error while analyzing grecs_json_push_buffer_state
ERROR   | 2021-12-03 01:13:40,947 | root     | 
ERROR   | 2021-12-03 01:13:40,947 | root     | got an error while analyzing grecs_json_pop_buffer_state
ERROR   | 2021-12-03 01:13:40,950 | root     | 
ERROR   | 2021-12-03 01:13:40,950 | root     | got an error while analyzing grecs_json_ensure_buffer_stack
ERROR   | 2021-12-03 01:13:40,953 | root     | 
ERROR   | 2021-12-03 01:13:40,954 | root     | got an error while analyzing grecs_json__scan_buffer
ERROR   | 2021-12-03 01:13:40,956 | root     | 
ERROR   | 2021-12-03 01:13:40,957 | root     | got an error while analyzing grecs_json__scan_string
ERROR   | 2021-12-03 01:13:40,960 | root     | 
ERROR   | 2021-12-03 01:13:40,960 | root     | got an error while analyzing grecs_json__scan_bytes
ERROR   | 2021-12-03 01:13:40,964 | root     | 
ERROR   | 2021-12-03 01:13:40,964 | root     | got an error while analyzing grecs_json__fatal_error
ERROR   | 2021-12-03 01:13:40,967 | root     | 
ERROR   | 2021-12-03 01:13:40,967 | root     | got an error while analyzing grecs_json_get_lineno
ERROR   | 2021-12-03 01:13:40,970 | root     | 
ERROR   | 2021-12-03 01:13:40,970 | root     | got an error while analyzing grecs_json_get_in
ERROR   | 2021-12-03 01:13:40,974 | root     | 
ERROR   | 2021-12-03 01:13:40,974 | root     | got an error while analyzing grecs_json_get_out
ERROR   | 2021-12-03 01:13:40,978 | root     | 
ERROR   | 2021-12-03 01:13:40,978 | root     | got an error while analyzing grecs_json_get_leng
ERROR   | 2021-12-03 01:13:40,981 | root     | 
ERROR   | 2021-12-03 01:13:40,981 | root     | got an error while analyzing grecs_json_get_text
ERROR   | 2021-12-03 01:13:40,984 | root     | 
ERROR   | 2021-12-03 01:13:40,984 | root     | got an error while analyzing grecs_json_set_lineno
ERROR   | 2021-12-03 01:13:40,987 | root     | 
ERROR   | 2021-12-03 01:13:40,988 | root     | got an error while analyzing grecs_json_set_in
ERROR   | 2021-12-03 01:13:40,991 | root     | 
ERROR   | 2021-12-03 01:13:40,992 | root     | got an error while analyzing grecs_json_set_out
ERROR   | 2021-12-03 01:13:40,996 | root     | 
ERROR   | 2021-12-03 01:13:40,996 | root     | got an error while analyzing grecs_json_get_debug
ERROR   | 2021-12-03 01:13:40,999 | root     | 
ERROR   | 2021-12-03 01:13:40,999 | root     | got an error while analyzing grecs_json_set_debug
ERROR   | 2021-12-03 01:13:41,002 | root     | 
ERROR   | 2021-12-03 01:13:41,003 | root     | got an error while analyzing grecs_json__init_globals
ERROR   | 2021-12-03 01:13:41,006 | root     | 
ERROR   | 2021-12-03 01:13:41,006 | root     | got an error while analyzing grecs_json_lex_destroy
ERROR   | 2021-12-03 01:13:41,009 | root     | 
ERROR   | 2021-12-03 01:13:41,009 | root     | got an error while analyzing grecs_json_alloc
ERROR   | 2021-12-03 01:13:41,012 | root     | 
ERROR   | 2021-12-03 01:13:41,012 | root     | got an error while analyzing grecs_json_realloc
ERROR   | 2021-12-03 01:13:41,016 | root     | 
ERROR   | 2021-12-03 01:13:41,016 | root     | got an error while analyzing grecs_json_free
ERROR   | 2021-12-03 01:13:41,020 | root     | 
ERROR   | 2021-12-03 01:13:41,020 | root     | got an error while analyzing json_writez
ERROR   | 2021-12-03 01:13:41,024 | root     | 
ERROR   | 2021-12-03 01:13:41,025 | root     | got an error while analyzing json_writec
ERROR   | 2021-12-03 01:13:41,028 | root     | 
ERROR   | 2021-12-03 01:13:41,028 | root     | got an error while analyzing json_indent
ERROR   | 2021-12-03 01:13:41,031 | root     | 
ERROR   | 2021-12-03 01:13:41,031 | root     | got an error while analyzing json_format_delim
ERROR   | 2021-12-03 01:13:41,034 | root     | 
ERROR   | 2021-12-03 01:13:41,034 | root     | got an error while analyzing escape
ERROR   | 2021-12-03 01:13:41,037 | root     | 
ERROR   | 2021-12-03 01:13:41,037 | root     | got an error while analyzing json_format_string
ERROR   | 2021-12-03 01:13:41,041 | root     | 
ERROR   | 2021-12-03 01:13:41,041 | root     | got an error while analyzing json_format_number
ERROR   | 2021-12-03 01:13:41,045 | root     | 
ERROR   | 2021-12-03 01:13:41,045 | root     | got an error while analyzing collect_keypairs
ERROR   | 2021-12-03 01:13:41,049 | root     | 
ERROR   | 2021-12-03 01:13:41,049 | root     | got an error while analyzing keypair_cmp_name
ERROR   | 2021-12-03 01:13:41,053 | root     | 
ERROR   | 2021-12-03 01:13:41,053 | root     | got an error while analyzing json_format_obj
ERROR   | 2021-12-03 01:13:41,057 | root     | 
ERROR   | 2021-12-03 01:13:41,057 | root     | got an error while analyzing json_format_array
ERROR   | 2021-12-03 01:13:41,061 | root     | 
ERROR   | 2021-12-03 01:13:41,061 | root     | got an error while analyzing json_formatter
ERROR   | 2021-12-03 01:13:41,076 | root     | 
ERROR   | 2021-12-03 01:13:41,077 | root     | got an error while analyzing json_format_value
ERROR   | 2021-12-03 01:13:41,079 | root     | 
ERROR   | 2021-12-03 01:13:41,079 | root     | got an error while analyzing grecs_meta1__symbol_value_print
ERROR   | 2021-12-03 01:13:41,082 | root     | 
ERROR   | 2021-12-03 01:13:41,082 | root     | got an error while analyzing grecs_meta1__symbol_print
ERROR   | 2021-12-03 01:13:41,084 | root     | 
ERROR   | 2021-12-03 01:13:41,084 | root     | got an error while analyzing grecs_meta1__stack_print
ERROR   | 2021-12-03 01:13:41,087 | root     | 
ERROR   | 2021-12-03 01:13:41,087 | root     | got an error while analyzing grecs_meta1__reduce_print
ERROR   | 2021-12-03 01:13:41,090 | root     | 
ERROR   | 2021-12-03 01:13:41,091 | root     | got an error while analyzing grecs_meta1_tnamerr
ERROR   | 2021-12-03 01:13:41,093 | root     | 
ERROR   | 2021-12-03 01:13:41,093 | root     | got an error while analyzing grecs_meta1_syntax_error
ERROR   | 2021-12-03 01:13:41,096 | root     | 
ERROR   | 2021-12-03 01:13:41,097 | root     | got an error while analyzing grecs_meta1_destruct
ERROR   | 2021-12-03 01:13:41,100 | root     | 
ERROR   | 2021-12-03 01:13:41,100 | root     | got an error while analyzing grecs_meta1_parse
ERROR   | 2021-12-03 01:13:41,103 | root     | 
ERROR   | 2021-12-03 01:13:41,104 | root     | got an error while analyzing grecs_meta1_error
ERROR   | 2021-12-03 01:13:41,119 | root     | 
ERROR   | 2021-12-03 01:13:41,120 | root     | got an error while analyzing grecs_meta1_parser
ERROR   | 2021-12-03 01:13:41,123 | root     | 
ERROR   | 2021-12-03 01:13:41,123 | root     | got an error while analyzing grecs_meta1_lex
ERROR   | 2021-12-03 01:13:41,126 | root     | 
ERROR   | 2021-12-03 01:13:41,127 | root     | got an error while analyzing grecs_meta1__get_next_buffer
ERROR   | 2021-12-03 01:13:41,130 | root     | 
ERROR   | 2021-12-03 01:13:41,130 | root     | got an error while analyzing grecs_meta1__get_previous_state
ERROR   | 2021-12-03 01:13:41,134 | root     | 
ERROR   | 2021-12-03 01:13:41,134 | root     | got an error while analyzing grecs_meta1__try_NUL_trans
ERROR   | 2021-12-03 01:13:41,138 | root     | 
ERROR   | 2021-12-03 01:13:41,138 | root     | got an error while analyzing grecs_meta1_restart
ERROR   | 2021-12-03 01:13:41,141 | root     | 
ERROR   | 2021-12-03 01:13:41,142 | root     | got an error while analyzing grecs_meta1__switch_to_buffer
ERROR   | 2021-12-03 01:13:41,145 | root     | 
ERROR   | 2021-12-03 01:13:41,145 | root     | got an error while analyzing grecs_meta1__load_buffer_state
ERROR   | 2021-12-03 01:13:41,147 | root     | 
ERROR   | 2021-12-03 01:13:41,147 | root     | got an error while analyzing grecs_meta1__create_buffer
ERROR   | 2021-12-03 01:13:41,149 | root     | 
ERROR   | 2021-12-03 01:13:41,149 | root     | got an error while analyzing grecs_meta1__delete_buffer
ERROR   | 2021-12-03 01:13:41,151 | root     | 
ERROR   | 2021-12-03 01:13:41,151 | root     | got an error while analyzing grecs_meta1__init_buffer
ERROR   | 2021-12-03 01:13:41,154 | root     | 
ERROR   | 2021-12-03 01:13:41,154 | root     | got an error while analyzing grecs_meta1__flush_buffer
ERROR   | 2021-12-03 01:13:41,156 | root     | 
ERROR   | 2021-12-03 01:13:41,156 | root     | got an error while analyzing grecs_meta1_push_buffer_state
ERROR   | 2021-12-03 01:13:41,158 | root     | 
ERROR   | 2021-12-03 01:13:41,158 | root     | got an error while analyzing grecs_meta1_pop_buffer_state
ERROR   | 2021-12-03 01:13:41,161 | root     | 
ERROR   | 2021-12-03 01:13:41,161 | root     | got an error while analyzing grecs_meta1_ensure_buffer_stack
ERROR   | 2021-12-03 01:13:41,163 | root     | 
ERROR   | 2021-12-03 01:13:41,163 | root     | got an error while analyzing grecs_meta1__scan_buffer
ERROR   | 2021-12-03 01:13:41,166 | root     | 
ERROR   | 2021-12-03 01:13:41,166 | root     | got an error while analyzing grecs_meta1__scan_string
ERROR   | 2021-12-03 01:13:41,168 | root     | 
ERROR   | 2021-12-03 01:13:41,169 | root     | got an error while analyzing grecs_meta1__scan_bytes
ERROR   | 2021-12-03 01:13:41,171 | root     | 
ERROR   | 2021-12-03 01:13:41,171 | root     | got an error while analyzing grecs_meta1__fatal_error
ERROR   | 2021-12-03 01:13:41,174 | root     | 
ERROR   | 2021-12-03 01:13:41,174 | root     | got an error while analyzing grecs_meta1_get_lineno
ERROR   | 2021-12-03 01:13:41,178 | root     | 
ERROR   | 2021-12-03 01:13:41,178 | root     | got an error while analyzing grecs_meta1_get_in
ERROR   | 2021-12-03 01:13:41,181 | root     | 
ERROR   | 2021-12-03 01:13:41,181 | root     | got an error while analyzing grecs_meta1_get_out
ERROR   | 2021-12-03 01:13:41,185 | root     | 
ERROR   | 2021-12-03 01:13:41,185 | root     | got an error while analyzing grecs_meta1_get_leng
ERROR   | 2021-12-03 01:13:41,188 | root     | 
ERROR   | 2021-12-03 01:13:41,189 | root     | got an error while analyzing grecs_meta1_get_text
ERROR   | 2021-12-03 01:13:41,192 | root     | 
ERROR   | 2021-12-03 01:13:41,192 | root     | got an error while analyzing grecs_meta1_set_lineno
ERROR   | 2021-12-03 01:13:41,194 | root     | 
ERROR   | 2021-12-03 01:13:41,194 | root     | got an error while analyzing grecs_meta1_set_in
ERROR   | 2021-12-03 01:13:41,197 | root     | 
ERROR   | 2021-12-03 01:13:41,197 | root     | got an error while analyzing grecs_meta1_set_out
ERROR   | 2021-12-03 01:13:41,199 | root     | 
ERROR   | 2021-12-03 01:13:41,199 | root     | got an error while analyzing grecs_meta1_get_debug
ERROR   | 2021-12-03 01:13:41,202 | root     | 
ERROR   | 2021-12-03 01:13:41,202 | root     | got an error while analyzing grecs_meta1_set_debug
ERROR   | 2021-12-03 01:13:41,206 | root     | 
ERROR   | 2021-12-03 01:13:41,206 | root     | got an error while analyzing grecs_meta1__init_globals
ERROR   | 2021-12-03 01:13:41,208 | root     | 
ERROR   | 2021-12-03 01:13:41,208 | root     | got an error while analyzing grecs_meta1_lex_destroy
ERROR   | 2021-12-03 01:13:41,211 | root     | 
ERROR   | 2021-12-03 01:13:41,211 | root     | got an error while analyzing grecs_meta1_alloc
ERROR   | 2021-12-03 01:13:41,214 | root     | 
ERROR   | 2021-12-03 01:13:41,214 | root     | got an error while analyzing grecs_meta1_realloc
ERROR   | 2021-12-03 01:13:41,216 | root     | 
ERROR   | 2021-12-03 01:13:41,217 | root     | got an error while analyzing grecs_meta1_free
ERROR   | 2021-12-03 01:13:41,220 | root     | 
ERROR   | 2021-12-03 01:13:41,220 | root     | got an error while analyzing grecs_meta1_wrap
ERROR   | 2021-12-03 01:13:41,223 | root     | 
ERROR   | 2021-12-03 01:13:41,223 | root     | got an error while analyzing meta1_line_add_unescape_hex
ERROR   | 2021-12-03 01:13:41,225 | root     | 
ERROR   | 2021-12-03 01:13:41,225 | root     | got an error while analyzing grecs_sockaddr_new
ERROR   | 2021-12-03 01:13:41,228 | root     | 
ERROR   | 2021-12-03 01:13:41,228 | root     | got an error while analyzing grecs_sockaddr_free
ERROR   | 2021-12-03 01:13:41,231 | root     | 
ERROR   | 2021-12-03 01:13:41,231 | root     | got an error while analyzing parse_unix
ERROR   | 2021-12-03 01:13:41,234 | root     | 
ERROR   | 2021-12-03 01:13:41,234 | root     | got an error while analyzing parse_inet
ERROR   | 2021-12-03 01:13:41,237 | root     | 
ERROR   | 2021-12-03 01:13:41,237 | root     | got an error while analyzing parse_inet4
ERROR   | 2021-12-03 01:13:41,239 | root     | 
ERROR   | 2021-12-03 01:13:41,239 | root     | got an error while analyzing parse_inet6
ERROR   | 2021-12-03 01:13:41,242 | root     | 
ERROR   | 2021-12-03 01:13:41,243 | root     | got an error while analyzing grecs_str_to_sockaddr
ERROR   | 2021-12-03 01:13:41,246 | root     | 
ERROR   | 2021-12-03 01:13:41,246 | root     | got an error while analyzing uint32_to_bytes
ERROR   | 2021-12-03 01:13:41,249 | root     | 
ERROR   | 2021-12-03 01:13:41,250 | root     | got an error while analyzing grecs_inaddr_to_bytes
ERROR   | 2021-12-03 01:13:41,252 | root     | 
ERROR   | 2021-12-03 01:13:41,252 | root     | got an error while analyzing grecs_sockaddr_to_bytes
ERROR   | 2021-12-03 01:13:41,255 | root     | 
ERROR   | 2021-12-03 01:13:41,255 | root     | got an error while analyzing grecs_sockaddr_to_cidr
ERROR   | 2021-12-03 01:13:41,258 | root     | 
ERROR   | 2021-12-03 01:13:41,258 | root     | got an error while analyzing masklen_to_netmask
ERROR   | 2021-12-03 01:13:41,261 | root     | 
ERROR   | 2021-12-03 01:13:41,261 | root     | got an error while analyzing grecs_str_to_cidr
ERROR   | 2021-12-03 01:13:41,264 | root     | 
ERROR   | 2021-12-03 01:13:41,264 | root     | got an error while analyzing grecs_cidr_match
ERROR   | 2021-12-03 01:13:41,267 | root     | 
ERROR   | 2021-12-03 01:13:41,267 | root     | got an error while analyzing grecs_sockadd_cidr_match
ERROR   | 2021-12-03 01:13:41,273 | root     | 
ERROR   | 2021-12-03 01:13:41,273 | root     | got an error while analyzing grecs_grecs__symbol_value_print
ERROR   | 2021-12-03 01:13:41,276 | root     | 
ERROR   | 2021-12-03 01:13:41,276 | root     | got an error while analyzing grecs_grecs__symbol_print
ERROR   | 2021-12-03 01:13:41,279 | root     | 
ERROR   | 2021-12-03 01:13:41,279 | root     | got an error while analyzing grecs_grecs__stack_print
ERROR   | 2021-12-03 01:13:41,282 | root     | 
ERROR   | 2021-12-03 01:13:41,282 | root     | got an error while analyzing grecs_grecs__reduce_print
ERROR   | 2021-12-03 01:13:41,286 | root     | 
ERROR   | 2021-12-03 01:13:41,286 | root     | got an error while analyzing grecs_grecs_tnamerr
ERROR   | 2021-12-03 01:13:41,289 | root     | 
ERROR   | 2021-12-03 01:13:41,289 | root     | got an error while analyzing grecs_grecs_syntax_error
ERROR   | 2021-12-03 01:13:41,293 | root     | 
ERROR   | 2021-12-03 01:13:41,293 | root     | got an error while analyzing grecs_grecs_destruct
ERROR   | 2021-12-03 01:13:41,296 | root     | 
ERROR   | 2021-12-03 01:13:41,296 | root     | got an error while analyzing grecs_grecs_parse
ERROR   | 2021-12-03 01:13:41,299 | root     | 
ERROR   | 2021-12-03 01:13:41,300 | root     | got an error while analyzing grecs_grecs_error
ERROR   | 2021-12-03 01:13:41,313 | root     | 
ERROR   | 2021-12-03 01:13:41,313 | root     | got an error while analyzing grecs_grecs_parser
ERROR   | 2021-12-03 01:13:41,316 | root     | 
ERROR   | 2021-12-03 01:13:41,316 | root     | got an error while analyzing grecs_str_is_ipv4
ERROR   | 2021-12-03 01:13:41,318 | root     | 
ERROR   | 2021-12-03 01:13:41,318 | root     | got an error while analyzing grecs_str_is_ipv6
ERROR   | 2021-12-03 01:13:41,321 | root     | 
ERROR   | 2021-12-03 01:13:41,321 | root     | got an error while analyzing grecs_str_is_num
ERROR   | 2021-12-03 01:13:41,323 | root     | 
ERROR   | 2021-12-03 01:13:41,323 | root     | got an error while analyzing grecs_str_is_ipaddr
ERROR   | 2021-12-03 01:13:41,326 | root     | 
ERROR   | 2021-12-03 01:13:41,326 | root     | got an error while analyzing to_uchar
ERROR   | 2021-12-03 01:13:41,328 | root     | 
ERROR   | 2021-12-03 01:13:41,329 | root     | got an error while analyzing base64_encode_fast
ERROR   | 2021-12-03 01:13:41,331 | root     | 
ERROR   | 2021-12-03 01:13:41,331 | root     | got an error while analyzing base64_encode
ERROR   | 2021-12-03 01:13:41,334 | root     | 
ERROR   | 2021-12-03 01:13:41,334 | root     | got an error while analyzing base64_encode_alloc
ERROR   | 2021-12-03 01:13:41,336 | root     | 
ERROR   | 2021-12-03 01:13:41,336 | root     | got an error while analyzing isbase64
ERROR   | 2021-12-03 01:13:41,339 | root     | 
ERROR   | 2021-12-03 01:13:41,339 | root     | got an error while analyzing base64_decode_ctx_init
ERROR   | 2021-12-03 01:13:41,342 | root     | 
ERROR   | 2021-12-03 01:13:41,342 | root     | got an error while analyzing get_4
ERROR   | 2021-12-03 01:13:41,345 | root     | 
ERROR   | 2021-12-03 01:13:41,346 | root     | got an error while analyzing decode_4
ERROR   | 2021-12-03 01:13:41,349 | root     | 
ERROR   | 2021-12-03 01:13:41,349 | root     | got an error while analyzing base64_decode_ctx
ERROR   | 2021-12-03 01:13:41,365 | root     | 
ERROR   | 2021-12-03 01:13:41,365 | root     | got an error while analyzing base64_decode_alloc_ctx
ERROR   | 2021-12-03 01:13:41,368 | root     | 
ERROR   | 2021-12-03 01:13:41,368 | root     | got an error while analyzing c_isalnum
ERROR   | 2021-12-03 01:13:41,371 | root     | 
ERROR   | 2021-12-03 01:13:41,371 | root     | got an error while analyzing c_isalpha
ERROR   | 2021-12-03 01:13:41,374 | root     | 
ERROR   | 2021-12-03 01:13:41,374 | root     | got an error while analyzing c_isascii
ERROR   | 2021-12-03 01:13:41,389 | root     | 
ERROR   | 2021-12-03 01:13:41,389 | root     | got an error while analyzing c_isblank
ERROR   | 2021-12-03 01:13:41,392 | root     | 
ERROR   | 2021-12-03 01:13:41,392 | root     | got an error while analyzing c_iscntrl
ERROR   | 2021-12-03 01:13:41,408 | root     | 
ERROR   | 2021-12-03 01:13:41,408 | root     | got an error while analyzing c_isdigit
ERROR   | 2021-12-03 01:13:41,411 | root     | 
ERROR   | 2021-12-03 01:13:41,411 | root     | got an error while analyzing c_isgraph
ERROR   | 2021-12-03 01:13:41,415 | root     | 
ERROR   | 2021-12-03 01:13:41,415 | root     | got an error while analyzing c_islower
ERROR   | 2021-12-03 01:13:41,430 | root     | 
ERROR   | 2021-12-03 01:13:41,430 | root     | got an error while analyzing c_isprint
ERROR   | 2021-12-03 01:13:41,445 | root     | 
ERROR   | 2021-12-03 01:13:41,445 | root     | got an error while analyzing c_ispunct
ERROR   | 2021-12-03 01:13:41,448 | root     | 
ERROR   | 2021-12-03 01:13:41,448 | root     | got an error while analyzing c_isspace
ERROR   | 2021-12-03 01:13:41,452 | root     | 
ERROR   | 2021-12-03 01:13:41,452 | root     | got an error while analyzing c_isupper
ERROR   | 2021-12-03 01:13:41,466 | root     | 
ERROR   | 2021-12-03 01:13:41,466 | root     | got an error while analyzing c_isxdigit
ERROR   | 2021-12-03 01:13:41,469 | root     | 
ERROR   | 2021-12-03 01:13:41,469 | root     | got an error while analyzing c_tolower
ERROR   | 2021-12-03 01:13:41,472 | root     | 
ERROR   | 2021-12-03 01:13:41,472 | root     | got an error while analyzing c_toupper
ERROR   | 2021-12-03 01:13:41,486 | root     | 
ERROR   | 2021-12-03 01:13:41,486 | root     | got an error while analyzing c_strncasecmp
ERROR   | 2021-12-03 01:13:41,499 | root     | 
ERROR   | 2021-12-03 01:13:41,499 | root     | got an error while analyzing umaxtostr
ERROR   | 2021-12-03 01:13:41,502 | root     | 
ERROR   | 2021-12-03 01:13:41,502 | root     | got an error while analyzing set_program_name
ERROR   | 2021-12-03 01:13:41,505 | root     | 
ERROR   | 2021-12-03 01:13:41,505 | root     | got an error while analyzing clone_quoting_options
ERROR   | 2021-12-03 01:13:41,508 | root     | 
ERROR   | 2021-12-03 01:13:41,508 | root     | got an error while analyzing get_quoting_style
ERROR   | 2021-12-03 01:13:41,510 | root     | 
ERROR   | 2021-12-03 01:13:41,511 | root     | got an error while analyzing set_quoting_style
ERROR   | 2021-12-03 01:13:41,514 | root     | 
ERROR   | 2021-12-03 01:13:41,514 | root     | got an error while analyzing set_char_quoting
ERROR   | 2021-12-03 01:13:41,517 | root     | 
ERROR   | 2021-12-03 01:13:41,517 | root     | got an error while analyzing set_quoting_flags
ERROR   | 2021-12-03 01:13:41,521 | root     | 
ERROR   | 2021-12-03 01:13:41,521 | root     | got an error while analyzing set_custom_quoting
ERROR   | 2021-12-03 01:13:41,524 | root     | 
ERROR   | 2021-12-03 01:13:41,525 | root     | got an error while analyzing quoting_options_from_style
ERROR   | 2021-12-03 01:13:41,528 | root     | 
ERROR   | 2021-12-03 01:13:41,528 | root     | got an error while analyzing gettext_quote
ERROR   | 2021-12-03 01:13:41,531 | root     | 
ERROR   | 2021-12-03 01:13:41,532 | root     | got an error while analyzing quotearg_buffer_restyled
ERROR   | 2021-12-03 01:13:41,535 | root     | 
ERROR   | 2021-12-03 01:13:41,535 | root     | got an error while analyzing quotearg_buffer
ERROR   | 2021-12-03 01:13:41,538 | root     | 
ERROR   | 2021-12-03 01:13:41,538 | root     | got an error while analyzing quotearg_alloc
ERROR   | 2021-12-03 01:13:41,540 | root     | 
ERROR   | 2021-12-03 01:13:41,540 | root     | got an error while analyzing quotearg_alloc_mem
ERROR   | 2021-12-03 01:13:41,542 | root     | 
ERROR   | 2021-12-03 01:13:41,542 | root     | got an error while analyzing quotearg_free
ERROR   | 2021-12-03 01:13:41,544 | root     | 
ERROR   | 2021-12-03 01:13:41,544 | root     | got an error while analyzing quotearg_n_options
ERROR   | 2021-12-03 01:13:41,558 | root     | 
ERROR   | 2021-12-03 01:13:41,558 | root     | got an error while analyzing quotearg_n
ERROR   | 2021-12-03 01:13:41,560 | root     | 
ERROR   | 2021-12-03 01:13:41,560 | root     | got an error while analyzing quotearg_n_mem
ERROR   | 2021-12-03 01:13:41,563 | root     | 
ERROR   | 2021-12-03 01:13:41,563 | root     | got an error while analyzing quotearg
ERROR   | 2021-12-03 01:13:41,565 | root     | 
ERROR   | 2021-12-03 01:13:41,565 | root     | got an error while analyzing quotearg_mem
ERROR   | 2021-12-03 01:13:41,568 | root     | 
ERROR   | 2021-12-03 01:13:41,568 | root     | got an error while analyzing quotearg_n_style
ERROR   | 2021-12-03 01:13:41,571 | root     | 
ERROR   | 2021-12-03 01:13:41,571 | root     | got an error while analyzing quotearg_n_style_mem
ERROR   | 2021-12-03 01:13:41,574 | root     | 
ERROR   | 2021-12-03 01:13:41,574 | root     | got an error while analyzing quotearg_style
ERROR   | 2021-12-03 01:13:41,577 | root     | 
ERROR   | 2021-12-03 01:13:41,577 | root     | got an error while analyzing quotearg_style_mem
ERROR   | 2021-12-03 01:13:41,580 | root     | 
ERROR   | 2021-12-03 01:13:41,581 | root     | got an error while analyzing quotearg_char_mem
ERROR   | 2021-12-03 01:13:41,584 | root     | 
ERROR   | 2021-12-03 01:13:41,584 | root     | got an error while analyzing quotearg_char
ERROR   | 2021-12-03 01:13:41,588 | root     | 
ERROR   | 2021-12-03 01:13:41,588 | root     | got an error while analyzing quotearg_colon
ERROR   | 2021-12-03 01:13:41,591 | root     | 
ERROR   | 2021-12-03 01:13:41,591 | root     | got an error while analyzing quotearg_colon_mem
ERROR   | 2021-12-03 01:13:41,595 | root     | 
ERROR   | 2021-12-03 01:13:41,595 | root     | got an error while analyzing quotearg_n_style_colon
ERROR   | 2021-12-03 01:13:41,598 | root     | 
ERROR   | 2021-12-03 01:13:41,598 | root     | got an error while analyzing quotearg_n_custom
ERROR   | 2021-12-03 01:13:41,602 | root     | 
ERROR   | 2021-12-03 01:13:41,602 | root     | got an error while analyzing quotearg_n_custom_mem
ERROR   | 2021-12-03 01:13:41,605 | root     | 
ERROR   | 2021-12-03 01:13:41,606 | root     | got an error while analyzing quotearg_custom
ERROR   | 2021-12-03 01:13:41,609 | root     | 
ERROR   | 2021-12-03 01:13:41,609 | root     | got an error while analyzing quotearg_custom_mem
ERROR   | 2021-12-03 01:13:41,612 | root     | 
ERROR   | 2021-12-03 01:13:41,612 | root     | got an error while analyzing quote_n_mem
ERROR   | 2021-12-03 01:13:41,615 | root     | 
ERROR   | 2021-12-03 01:13:41,615 | root     | got an error while analyzing quote_mem
ERROR   | 2021-12-03 01:13:41,618 | root     | 
ERROR   | 2021-12-03 01:13:41,618 | root     | got an error while analyzing quote_n
ERROR   | 2021-12-03 01:13:41,621 | root     | 
ERROR   | 2021-12-03 01:13:41,622 | root     | got an error while analyzing quote
ERROR   | 2021-12-03 01:13:41,625 | root     | 
ERROR   | 2021-12-03 01:13:41,625 | root     | got an error while analyzing xnmalloc
ERROR   | 2021-12-03 01:13:41,628 | root     | 
ERROR   | 2021-12-03 01:13:41,628 | root     | got an error while analyzing xnrealloc
ERROR   | 2021-12-03 01:13:41,631 | root     | 
ERROR   | 2021-12-03 01:13:41,631 | root     | got an error while analyzing x2nrealloc
ERROR   | 2021-12-03 01:13:41,634 | root     | 
ERROR   | 2021-12-03 01:13:41,635 | root     | got an error while analyzing xcharalloc
ERROR   | 2021-12-03 01:13:41,639 | root     | 
ERROR   | 2021-12-03 01:13:41,639 | root     | got an error while analyzing xmalloc
ERROR   | 2021-12-03 01:13:41,643 | root     | 
ERROR   | 2021-12-03 01:13:41,643 | root     | got an error while analyzing xrealloc
ERROR   | 2021-12-03 01:13:41,647 | root     | 
ERROR   | 2021-12-03 01:13:41,647 | root     | got an error while analyzing x2realloc
ERROR   | 2021-12-03 01:13:41,651 | root     | 
ERROR   | 2021-12-03 01:13:41,651 | root     | got an error while analyzing xzalloc
ERROR   | 2021-12-03 01:13:41,654 | root     | 
ERROR   | 2021-12-03 01:13:41,654 | root     | got an error while analyzing xcalloc
ERROR   | 2021-12-03 01:13:41,657 | root     | 
ERROR   | 2021-12-03 01:13:41,658 | root     | got an error while analyzing xmemdup
ERROR   | 2021-12-03 01:13:41,661 | root     | 
ERROR   | 2021-12-03 01:13:41,661 | root     | got an error while analyzing xstrdup
ERROR   | 2021-12-03 01:13:41,665 | root     | 
ERROR   | 2021-12-03 01:13:41,665 | root     | got an error while analyzing c_strcasecmp
ERROR   | 2021-12-03 01:13:41,668 | root     | 
ERROR   | 2021-12-03 01:13:41,668 | root     | got an error while analyzing get_charset_aliases
ERROR   | 2021-12-03 01:13:41,672 | root     | 
ERROR   | 2021-12-03 01:13:41,672 | root     | got an error while analyzing locale_charset
ERROR   | 2021-12-03 01:13:41,686 | root     | 
ERROR   | 2021-12-03 01:13:41,687 | root     | got an error while analyzing stat
