gcc-5__Ou__recutils__recsel have 121 funcs
analyzing gcc-5__Ou__recutils__recsel/deregister_tm_clones
started running deregister_tm_clones
finished deregister_tm_clones
removing targets
analyzing gcc-5__Ou__recutils__recsel/register_tm_clones
started running register_tm_clones
finished register_tm_clones
removing targets
analyzing gcc-5__Ou__recutils__recsel/frame_dummy
started running frame_dummy
finished frame_dummy
removing targets
analyzing gcc-5__Ou__recutils__recsel/recutl_init
started running recutl_init
finished recutl_init
analyzing gcc-5__Ou__recutils__recsel/recutl_interactive
started running recutl_interactive
finished recutl_interactive
analyzing gcc-5__Ou__recutils__recsel/recutl_print_help_footer
started running recutl_print_help_footer
finished recutl_print_help_footer
analyzing gcc-5__Ou__recutils__recsel/recutl_print_help_common
started running recutl_print_help_common
finished recutl_print_help_common
analyzing gcc-5__Ou__recutils__recsel/recutl_print_help_record_selection
started running recutl_print_help_record_selection
finished recutl_print_help_record_selection
analyzing gcc-5__Ou__recutils__recsel/recutl_print_version
started running recutl_print_version
finished recutl_print_version
analyzing gcc-5__Ou__recutils__recsel/recutl_fatal
started running recutl_fatal
finished recutl_fatal
removing targets
analyzing gcc-5__Ou__recutils__recsel/recutl_out_of_memory
started running recutl_out_of_memory
finished recutl_out_of_memory
analyzing gcc-5__Ou__recutils__recsel/recutl_error
started running recutl_error
finished recutl_error
removing targets
analyzing gcc-5__Ou__recutils__recsel/recutl_warning
started running recutl_warning
finished recutl_warning
removing targets
analyzing gcc-5__Ou__recutils__recsel/recutl_parse_db_from_file
started running recutl_parse_db_from_file
