gcc-5__Ou__texinfo__ginfo have 549 funcs
analyzing gcc-5__Ou__texinfo__ginfo/deregister_tm_clones
started running deregister_tm_clones
finished deregister_tm_clones
removing targets
analyzing gcc-5__Ou__texinfo__ginfo/register_tm_clones
started running register_tm_clones
finished register_tm_clones
removing targets
analyzing gcc-5__Ou__texinfo__ginfo/frame_dummy
started running frame_dummy
finished frame_dummy
removing targets
analyzing gcc-5__Ou__texinfo__ginfo/get_dir_node
started running get_dir_node
finished get_dir_node
removing targets
analyzing gcc-5__Ou__texinfo__ginfo/build_dir_node
started running build_dir_node
stopped exploration
finished build_dir_node
analyzing gcc-5__Ou__texinfo__ginfo/add_menu_to_node
started running add_menu_to_node
finished add_menu_to_node
analyzing gcc-5__Ou__texinfo__ginfo/insert_text_into_node
started running insert_text_into_node
finished insert_text_into_node
analyzing gcc-5__Ou__texinfo__ginfo/lookup_dir_entry
started running lookup_dir_entry
finished lookup_dir_entry
removing targets
analyzing gcc-5__Ou__texinfo__ginfo/dir_entry_of_infodir
started running dir_entry_of_infodir
finished dir_entry_of_infodir
removing targets
analyzing gcc-5__Ou__texinfo__ginfo/display_initialize_display
started running display_initialize_display
finished display_initialize_display
analyzing gcc-5__Ou__texinfo__ginfo/display_clear_display
started running display_clear_display
finished display_clear_display
analyzing gcc-5__Ou__texinfo__ginfo/display_update_display
started running display_update_display
finished display_update_display
analyzing gcc-5__Ou__texinfo__ginfo/find_diff
started running find_diff
finished find_diff
analyzing gcc-5__Ou__texinfo__ginfo/display_update_line
started running display_update_line
finished display_update_line
removing targets
analyzing gcc-5__Ou__texinfo__ginfo/decide_if_in_reference
started running decide_if_in_reference
finished decide_if_in_reference
removing targets
analyzing gcc-5__Ou__texinfo__ginfo/wrap_terminal_switch_rendition
started running wrap_terminal_switch_rendition
finished wrap_terminal_switch_rendition
removing targets
analyzing gcc-5__Ou__texinfo__ginfo/display_process_line
started running display_process_line
finished display_process_line
removing targets
analyzing gcc-5__Ou__texinfo__ginfo/display_update_node_text
started running display_update_node_text
finished display_update_node_text
removing targets
analyzing gcc-5__Ou__texinfo__ginfo/display_update_one_window
started running display_update_one_window
finished display_update_one_window
analyzing gcc-5__Ou__texinfo__ginfo/display_scroll_region
started running display_scroll_region
finished display_scroll_region
analyzing gcc-5__Ou__texinfo__ginfo/display_scroll_display
started running display_scroll_display
finished display_scroll_display
removing targets
analyzing gcc-5__Ou__texinfo__ginfo/display_scroll_line_starts
started running display_scroll_line_starts
stopped exploration
finished display_scroll_line_starts
removing targets
analyzing gcc-5__Ou__texinfo__ginfo/display_cursor_at_point
started running display_cursor_at_point
finished display_cursor_at_point
analyzing gcc-5__Ou__texinfo__ginfo/make_display
started running make_display
finished make_display
analyzing gcc-5__Ou__texinfo__ginfo/free_display
started running free_display
finished free_display
removing targets
analyzing gcc-5__Ou__texinfo__ginfo/open_dribble_file
started running open_dribble_file
finished open_dribble_file
analyzing gcc-5__Ou__texinfo__ginfo/close_dribble_file
started running close_dribble_file
finished close_dribble_file
removing targets
analyzing gcc-5__Ou__texinfo__ginfo/dribble
started running dribble
finished dribble
removing targets
analyzing gcc-5__Ou__texinfo__ginfo/remember_calling_window
started running remember_calling_window
finished remember_calling_window
analyzing gcc-5__Ou__texinfo__ginfo/restore_calling_window
started running restore_calling_window
finished restore_calling_window
removing targets
analyzing gcc-5__Ou__texinfo__ginfo/initialize_input_line
started running initialize_input_line
finished initialize_input_line
analyzing gcc-5__Ou__texinfo__ginfo/echo_area_after_read
started running echo_area_after_read
finished echo_area_after_read
removing targets
analyzing gcc-5__Ou__texinfo__ginfo/read_and_dispatch_in_echo_area
started running read_and_dispatch_in_echo_area
finished read_and_dispatch_in_echo_area
analyzing gcc-5__Ou__texinfo__ginfo/info_read_in_echo_area
started running info_read_in_echo_area
finished info_read_in_echo_area
removing targets
analyzing gcc-5__Ou__texinfo__ginfo/echo_area_initialize_node
started running echo_area_initialize_node
finished echo_area_initialize_node
removing targets
analyzing gcc-5__Ou__texinfo__ginfo/echo_area_prep_read
started running echo_area_prep_read
finished echo_area_prep_read
removing targets
analyzing gcc-5__Ou__texinfo__ginfo/ea_forward
started running ea_forward
finished ea_forward
removing targets
analyzing gcc-5__Ou__texinfo__ginfo/ea_backward
started running ea_backward
finished ea_backward
removing targets
analyzing gcc-5__Ou__texinfo__ginfo/ea_beg_of_line
started running ea_beg_of_line
finished ea_beg_of_line
analyzing gcc-5__Ou__texinfo__ginfo/ea_end_of_line
started running ea_end_of_line
finished ea_end_of_line
analyzing gcc-5__Ou__texinfo__ginfo/ea_forward_word
started running ea_forward_word
finished ea_forward_word
removing targets
analyzing gcc-5__Ou__texinfo__ginfo/ea_backward_word
started running ea_backward_word
finished ea_backward_word
removing targets
analyzing gcc-5__Ou__texinfo__ginfo/ea_delete
started running ea_delete
finished ea_delete
removing targets
analyzing gcc-5__Ou__texinfo__ginfo/ea_rubout
started running ea_rubout
finished ea_rubout
removing targets
analyzing gcc-5__Ou__texinfo__ginfo/ea_abort
started running ea_abort
finished ea_abort
removing targets
analyzing gcc-5__Ou__texinfo__ginfo/ea_newline
started running ea_newline
finished ea_newline
analyzing gcc-5__Ou__texinfo__ginfo/ea_quoted_insert
started running ea_quoted_insert
finished ea_quoted_insert
analyzing gcc-5__Ou__texinfo__ginfo/ea_insert
started running ea_insert
finished ea_insert
removing targets
analyzing gcc-5__Ou__texinfo__ginfo/ea_tab_insert
started running ea_tab_insert
finished ea_tab_insert
analyzing gcc-5__Ou__texinfo__ginfo/ea_swap_chars
started running ea_swap_chars
finished ea_swap_chars
removing targets
analyzing gcc-5__Ou__texinfo__ginfo/ea_transpose_chars
started running ea_transpose_chars
finished ea_transpose_chars
removing targets
analyzing gcc-5__Ou__texinfo__ginfo/ea_yank
started running ea_yank
finished ea_yank
removing targets
analyzing gcc-5__Ou__texinfo__ginfo/ea_yank_pop
started running ea_yank_pop
finished ea_yank_pop
removing targets
analyzing gcc-5__Ou__texinfo__ginfo/ea_kill_line
started running ea_kill_line
finished ea_kill_line
removing targets
analyzing gcc-5__Ou__texinfo__ginfo/ea_backward_kill_line
started running ea_backward_kill_line
finished ea_backward_kill_line
removing targets
analyzing gcc-5__Ou__texinfo__ginfo/ea_kill_word
started running ea_kill_word
finished ea_kill_word
removing targets
analyzing gcc-5__Ou__texinfo__ginfo/ea_backward_kill_word
started running ea_backward_kill_word
finished ea_backward_kill_word
removing targets
analyzing gcc-5__Ou__texinfo__ginfo/ea_remove_text
started running ea_remove_text
finished ea_remove_text
removing targets
analyzing gcc-5__Ou__texinfo__ginfo/ea_kill_text
started running ea_kill_text
finished ea_kill_text
removing targets
analyzing gcc-5__Ou__texinfo__ginfo/completions_window_p
started running completions_window_p
finished completions_window_p
analyzing gcc-5__Ou__texinfo__ginfo/info_read_completing_internal
started running info_read_completing_internal
finished info_read_completing_internal
removing targets
analyzing gcc-5__Ou__texinfo__ginfo/info_read_completing_in_echo_area
started running info_read_completing_in_echo_area
finished info_read_completing_in_echo_area
analyzing gcc-5__Ou__texinfo__ginfo/info_read_maybe_completing
started running info_read_maybe_completing
finished info_read_maybe_completing
analyzing gcc-5__Ou__texinfo__ginfo/info_read_completing_in_echo_area_with_exclusions
started running info_read_completing_in_echo_area_with_exclusions
finished info_read_completing_in_echo_area_with_exclusions
analyzing gcc-5__Ou__texinfo__ginfo/ea_possible_completions
started running ea_possible_completions
finished ea_possible_completions
analyzing gcc-5__Ou__texinfo__ginfo/ea_complete
started running ea_complete
finished ea_complete
removing targets
analyzing gcc-5__Ou__texinfo__ginfo/completions_must_be_rebuilt
started running completions_must_be_rebuilt
finished completions_must_be_rebuilt
analyzing gcc-5__Ou__texinfo__ginfo/build_completions
started running build_completions
finished build_completions
removing targets
analyzing gcc-5__Ou__texinfo__ginfo/compare_references
started running compare_references
finished compare_references
analyzing gcc-5__Ou__texinfo__ginfo/remove_completion_duplicates
started running remove_completion_duplicates
finished remove_completion_duplicates
removing targets
analyzing gcc-5__Ou__texinfo__ginfo/ea_scroll_completions_window
started running ea_scroll_completions_window
finished ea_scroll_completions_window
analyzing gcc-5__Ou__texinfo__ginfo/echo_area_inform_of_deleted_window
started running echo_area_inform_of_deleted_window
finished echo_area_inform_of_deleted_window
removing targets
analyzing gcc-5__Ou__texinfo__ginfo/push_echo_area
started running push_echo_area
finished push_echo_area
analyzing gcc-5__Ou__texinfo__ginfo/pop_echo_area
started running pop_echo_area
finished pop_echo_area
analyzing gcc-5__Ou__texinfo__ginfo/echo_area_stack_contains_completions_p
started running echo_area_stack_contains_completions_p
finished echo_area_stack_contains_completions_p
removing targets
analyzing gcc-5__Ou__texinfo__ginfo/pause_or_input
started running pause_or_input
finished pause_or_input
analyzing gcc-5__Ou__texinfo__ginfo/inform_in_echo_area
started running inform_in_echo_area
finished inform_in_echo_area
analyzing gcc-5__Ou__texinfo__ginfo/info_find_fullpath
started running info_find_fullpath
finished info_find_fullpath
removing targets
analyzing gcc-5__Ou__texinfo__ginfo/info_file_find_next_in_path
started running info_file_find_next_in_path
finished info_file_find_next_in_path
removing targets
analyzing gcc-5__Ou__texinfo__ginfo/info_file_in_path
started running info_file_in_path
finished info_file_in_path
analyzing gcc-5__Ou__texinfo__ginfo/info_add_extension
started running info_add_extension
finished info_add_extension
removing targets
analyzing gcc-5__Ou__texinfo__ginfo/filesys_read_info_file
started running filesys_read_info_file
finished filesys_read_info_file
analyzing gcc-5__Ou__texinfo__ginfo/filesys_read_compressed
started running filesys_read_compressed
finished filesys_read_compressed
analyzing gcc-5__Ou__texinfo__ginfo/compressed_filename_p
started running compressed_filename_p
finished compressed_filename_p
analyzing gcc-5__Ou__texinfo__ginfo/filesys_decompressor_for_file
started running filesys_decompressor_for_file
finished filesys_decompressor_for_file
analyzing gcc-5__Ou__texinfo__ginfo/filesys_error_string
started running filesys_error_string
finished filesys_error_string
removing targets
analyzing gcc-5__Ou__texinfo__ginfo/is_dir_name
started running is_dir_name
finished is_dir_name
removing targets
analyzing gcc-5__Ou__texinfo__ginfo/find_footnotes_window
started running find_footnotes_window
finished find_footnotes_window
removing targets
analyzing gcc-5__Ou__texinfo__ginfo/make_footnotes_node
started running make_footnotes_node
stopped exploration
finished make_footnotes_node
analyzing gcc-5__Ou__texinfo__ginfo/info_get_or_remove_footnotes
started running info_get_or_remove_footnotes
finished info_get_or_remove_footnotes
analyzing gcc-5__Ou__texinfo__ginfo/info_show_footnotes
started running info_show_footnotes
finished info_show_footnotes
removing targets
analyzing gcc-5__Ou__texinfo__ginfo/add_index_to_index_nodenames
started running add_index_to_index_nodenames
finished add_index_to_index_nodenames
removing targets
analyzing gcc-5__Ou__texinfo__ginfo/info_indices_of_file_buffer
started running info_indices_of_file_buffer
finished info_indices_of_file_buffer
removing targets
analyzing gcc-5__Ou__texinfo__ginfo/info_index_search
started running info_index_search
finished info_index_search
analyzing gcc-5__Ou__texinfo__ginfo/index_entry_matches
started running index_entry_matches
finished index_entry_matches
analyzing gcc-5__Ou__texinfo__ginfo/next_index_match
started running next_index_match
finished next_index_match
analyzing gcc-5__Ou__texinfo__ginfo/report_index_match
started running report_index_match
finished report_index_match
removing targets
analyzing gcc-5__Ou__texinfo__ginfo/info_next_index_match
started running info_next_index_match
finished info_next_index_match
removing targets
analyzing gcc-5__Ou__texinfo__ginfo/look_in_indices
started running look_in_indices
finished look_in_indices
analyzing gcc-5__Ou__texinfo__ginfo/apropos_in_all_indices
started running apropos_in_all_indices
finished apropos_in_all_indices
analyzing gcc-5__Ou__texinfo__ginfo/info_index_apropos
started running info_index_apropos
finished info_index_apropos
removing targets
analyzing gcc-5__Ou__texinfo__ginfo/format_reference
started running format_reference
finished format_reference
analyzing gcc-5__Ou__texinfo__ginfo/create_virtual_index
started running create_virtual_index
finished create_virtual_index
analyzing gcc-5__Ou__texinfo__ginfo/info_virtual_index
started running info_virtual_index
finished info_virtual_index
analyzing gcc-5__Ou__texinfo__ginfo/read_bracketed_filename
started running read_bracketed_filename
finished read_bracketed_filename
removing targets
analyzing gcc-5__Ou__texinfo__ginfo/info_parse_node
started running info_parse_node
finished info_parse_node
analyzing gcc-5__Ou__texinfo__ginfo/read_quoted_string
started running read_quoted_string
finished read_quoted_string
removing targets
analyzing gcc-5__Ou__texinfo__ginfo/info_get_menu_entry_by_label
started running info_get_menu_entry_by_label
finished info_get_menu_entry_by_label
removing targets
analyzing gcc-5__Ou__texinfo__ginfo/info_concatenate_references
started running info_concatenate_references
finished info_concatenate_references
removing targets
analyzing gcc-5__Ou__texinfo__ginfo/info_copy_reference
started running info_copy_reference
finished info_copy_reference
analyzing gcc-5__Ou__texinfo__ginfo/info_copy_references
started running info_copy_references
finished info_copy_references
removing targets
analyzing gcc-5__Ou__texinfo__ginfo/info_reference_free
started running info_reference_free
finished info_reference_free
removing targets
analyzing gcc-5__Ou__texinfo__ginfo/info_free_references
started running info_free_references
finished info_free_references
removing targets
analyzing gcc-5__Ou__texinfo__ginfo/info_new_reference
started running info_new_reference
finished info_new_reference
analyzing gcc-5__Ou__texinfo__ginfo/canonicalize_whitespace
started running canonicalize_whitespace
finished canonicalize_whitespace
removing targets
analyzing gcc-5__Ou__texinfo__ginfo/ansi_escape
started running ansi_escape
finished ansi_escape
removing targets
analyzing gcc-5__Ou__texinfo__ginfo/printed_representation
started running printed_representation
finished printed_representation
removing targets
analyzing gcc-5__Ou__texinfo__ginfo/init_conversion
started running init_conversion
finished init_conversion
removing targets
analyzing gcc-5__Ou__texinfo__ginfo/close_conversion
started running close_conversion
finished close_conversion
removing targets
analyzing gcc-5__Ou__texinfo__ginfo/init_output_stream
started running init_output_stream
finished init_output_stream
analyzing gcc-5__Ou__texinfo__ginfo/save_conversion_state
started running save_conversion_state
finished save_conversion_state
analyzing gcc-5__Ou__texinfo__ginfo/reset_conversion
started running reset_conversion
finished reset_conversion
analyzing gcc-5__Ou__texinfo__ginfo/copy_direct
started running copy_direct
finished copy_direct
analyzing gcc-5__Ou__texinfo__ginfo/degrade_utf8
started running degrade_utf8
finished degrade_utf8
removing targets
analyzing gcc-5__Ou__texinfo__ginfo/copy_converting
started running copy_converting
stopped exploration
finished copy_converting
analyzing gcc-5__Ou__texinfo__ginfo/copy_input_to_output
started running copy_input_to_output
finished copy_input_to_output
removing targets
analyzing gcc-5__Ou__texinfo__ginfo/skip_input
started running skip_input
finished skip_input
removing targets
analyzing gcc-5__Ou__texinfo__ginfo/write_extra_bytes_to_output
started running write_extra_bytes_to_output
finished write_extra_bytes_to_output
removing targets
analyzing gcc-5__Ou__texinfo__ginfo/write_tag_contents
started running write_tag_contents
finished write_tag_contents
removing targets
analyzing gcc-5__Ou__texinfo__ginfo/skip_tag_contents
started running skip_tag_contents
finished skip_tag_contents
removing targets
analyzing gcc-5__Ou__texinfo__ginfo/parse_top_node_line
started running parse_top_node_line
stopped exploration
finished parse_top_node_line
removing targets
analyzing gcc-5__Ou__texinfo__ginfo/scan_reference_marker
started running scan_reference_marker
finished scan_reference_marker
removing targets
analyzing gcc-5__Ou__texinfo__ginfo/scan_reference_label
started running scan_reference_label
finished scan_reference_label
removing targets
analyzing gcc-5__Ou__texinfo__ginfo/scan_reference_target
started running scan_reference_target
finished scan_reference_target
removing targets
analyzing gcc-5__Ou__texinfo__ginfo/safe_string_index
started running safe_string_index
finished safe_string_index
removing targets
analyzing gcc-5__Ou__texinfo__ginfo/scan_info_tag
started running scan_info_tag
finished scan_info_tag
analyzing gcc-5__Ou__texinfo__ginfo/forward_to_info_syntax
started running forward_to_info_syntax
finished forward_to_info_syntax
removing targets
analyzing gcc-5__Ou__texinfo__ginfo/scan_node_contents
started running scan_node_contents
stopped exploration
finished scan_node_contents
analyzing gcc-5__Ou__texinfo__ginfo/file_buffer_of_window
started running file_buffer_of_window
finished file_buffer_of_window
removing targets
analyzing gcc-5__Ou__texinfo__ginfo/node_printed_rep
started running node_printed_rep
finished node_printed_rep
removing targets
analyzing gcc-5__Ou__texinfo__ginfo/filename_non_directory
started running filename_non_directory
finished filename_non_directory
analyzing gcc-5__Ou__texinfo__ginfo/internal_info_node_p
started running internal_info_node_p
finished internal_info_node_p
removing targets
analyzing gcc-5__Ou__texinfo__ginfo/name_internal_node
started running name_internal_node
finished name_internal_node
removing targets
analyzing gcc-5__Ou__texinfo__ginfo/get_internal_info_window
started running get_internal_info_window
finished get_internal_info_window
removing targets
analyzing gcc-5__Ou__texinfo__ginfo/text_buffer_init
started running text_buffer_init
finished text_buffer_init
analyzing gcc-5__Ou__texinfo__ginfo/text_buffer_free
started running text_buffer_free
finished text_buffer_free
analyzing gcc-5__Ou__texinfo__ginfo/text_buffer_vprintf
started running text_buffer_vprintf
stopped exploration
finished text_buffer_vprintf
removing targets
analyzing gcc-5__Ou__texinfo__ginfo/text_buffer_alloc
started running text_buffer_alloc
finished text_buffer_alloc
removing targets
analyzing gcc-5__Ou__texinfo__ginfo/text_buffer_space_left
started running text_buffer_space_left
finished text_buffer_space_left
analyzing gcc-5__Ou__texinfo__ginfo/text_buffer_iconv
started running text_buffer_iconv
finished text_buffer_iconv
analyzing gcc-5__Ou__texinfo__ginfo/text_buffer_add_string
started running text_buffer_add_string
finished text_buffer_add_string
analyzing gcc-5__Ou__texinfo__ginfo/text_buffer_fill
started running text_buffer_fill
finished text_buffer_fill
analyzing gcc-5__Ou__texinfo__ginfo/text_buffer_add_char
started running text_buffer_add_char
finished text_buffer_add_char
analyzing gcc-5__Ou__texinfo__ginfo/text_buffer_printf
started running text_buffer_printf
finished text_buffer_printf
removing targets
analyzing gcc-5__Ou__texinfo__ginfo/info_namelist_add
started running info_namelist_add
finished info_namelist_add
removing targets
analyzing gcc-5__Ou__texinfo__ginfo/info_namelist_free
started running info_namelist_free
finished info_namelist_free
removing targets
analyzing gcc-5__Ou__texinfo__ginfo/get_initial_file
started running get_initial_file
finished get_initial_file
removing targets
analyzing gcc-5__Ou__texinfo__ginfo/add_initial_nodes
started running add_initial_nodes
finished add_initial_nodes
removing targets
analyzing gcc-5__Ou__texinfo__ginfo/info_find_matching_files
started running info_find_matching_files
finished info_find_matching_files
analyzing gcc-5__Ou__texinfo__ginfo/set_debug_level
started running set_debug_level
finished set_debug_level
analyzing gcc-5__Ou__texinfo__ginfo/add_file_directory_to_path
started running add_file_directory_to_path
finished add_file_directory_to_path
analyzing gcc-5__Ou__texinfo__ginfo/info_short_help
started running info_short_help
finished info_short_help
analyzing gcc-5__Ou__texinfo__ginfo/init_messages
started running init_messages
finished init_messages
analyzing gcc-5__Ou__texinfo__ginfo/dump_map_to_text_buffer
started running dump_map_to_text_buffer
finished dump_map_to_text_buffer
analyzing gcc-5__Ou__texinfo__ginfo/create_internal_info_help_node
started running create_internal_info_help_node
finished create_internal_info_help_node
analyzing gcc-5__Ou__texinfo__ginfo/info_find_or_create_help_window
started running info_find_or_create_help_window
finished info_find_or_create_help_window
analyzing gcc-5__Ou__texinfo__ginfo/info_get_help_window
started running info_get_help_window
finished info_get_help_window
analyzing gcc-5__Ou__texinfo__ginfo/info_get_info_help_node
started running info_get_info_help_node
finished info_get_info_help_node
removing targets
analyzing gcc-5__Ou__texinfo__ginfo/function_documentation
started running function_documentation
finished function_documentation
removing targets
analyzing gcc-5__Ou__texinfo__ginfo/function_name
started running function_name
finished function_name
analyzing gcc-5__Ou__texinfo__ginfo/named_function
started running named_function
finished named_function
removing targets
analyzing gcc-5__Ou__texinfo__ginfo/describe_key
started running describe_key
finished describe_key
analyzing gcc-5__Ou__texinfo__ginfo/pretty_keyname
started running pretty_keyname
finished pretty_keyname
removing targets
analyzing gcc-5__Ou__texinfo__ginfo/pretty_keyseq
started running pretty_keyseq
finished pretty_keyseq
removing targets
analyzing gcc-5__Ou__texinfo__ginfo/replace_in_documentation
started running replace_in_documentation
stopped exploration
finished replace_in_documentation
analyzing gcc-5__Ou__texinfo__ginfo/where_is
started running where_is
finished where_is
removing targets
analyzing gcc-5__Ou__texinfo__ginfo/where_is_internal
started running where_is_internal
finished where_is_internal
removing targets
analyzing gcc-5__Ou__texinfo__ginfo/info_where_is
started running info_where_is
finished info_where_is
analyzing gcc-5__Ou__texinfo__ginfo/compile
started running compile
finished compile
removing targets
analyzing gcc-5__Ou__texinfo__ginfo/lookup_action
started running lookup_action
finished lookup_action
analyzing gcc-5__Ou__texinfo__ginfo/syntax_error
started running syntax_error
finished syntax_error
removing targets
analyzing gcc-5__Ou__texinfo__ginfo/keymap_make_keymap
started running keymap_make_keymap
finished keymap_make_keymap
analyzing gcc-5__Ou__texinfo__ginfo/add_function_keyseq
started running add_function_keyseq
finished add_function_keyseq
removing targets
analyzing gcc-5__Ou__texinfo__ginfo/keymap_bind_keyseq
started running keymap_bind_keyseq
finished keymap_bind_keyseq
removing targets
analyzing gcc-5__Ou__texinfo__ginfo/fetch_user_maps
started running fetch_user_maps
finished fetch_user_maps
removing targets
analyzing gcc-5__Ou__texinfo__ginfo/section_to_keymaps
started running section_to_keymaps
finished section_to_keymaps
removing targets
analyzing gcc-5__Ou__texinfo__ginfo/read_init_file
started running read_init_file
finished read_init_file
removing targets
analyzing gcc-5__Ou__texinfo__ginfo/infopath_init
started running infopath_init
finished infopath_init
analyzing gcc-5__Ou__texinfo__ginfo/infopath_string
started running infopath_string
finished infopath_string
analyzing gcc-5__Ou__texinfo__ginfo/build_infopath_from_path
started running build_infopath_from_path
finished build_infopath_from_path
analyzing gcc-5__Ou__texinfo__ginfo/infopath_add_dir
started running infopath_add_dir
finished infopath_add_dir
analyzing gcc-5__Ou__texinfo__ginfo/infopath_add
started running infopath_add
finished infopath_add
removing targets
analyzing gcc-5__Ou__texinfo__ginfo/infopath_next
started running infopath_next
finished infopath_next
removing targets
analyzing gcc-5__Ou__texinfo__ginfo/infopath_first
started running infopath_first
finished infopath_first
analyzing gcc-5__Ou__texinfo__ginfo/extract_colon_unit
started running extract_colon_unit
finished extract_colon_unit
removing targets
analyzing gcc-5__Ou__texinfo__ginfo/read_function_name
started running read_function_name
finished read_function_name
removing targets
analyzing gcc-5__Ou__texinfo__ginfo/describe_command
started running describe_command
finished describe_command
analyzing gcc-5__Ou__texinfo__ginfo/info_execute_command
started running info_execute_command
finished info_execute_command
analyzing gcc-5__Ou__texinfo__ginfo/set_screen_height
started running set_screen_height
finished set_screen_height
removing targets
analyzing gcc-5__Ou__texinfo__ginfo/get_manpage_node
started running get_manpage_node
finished get_manpage_node
removing targets
analyzing gcc-5__Ou__texinfo__ginfo/executable_file_in_path
started running executable_file_in_path
stopped exploration
finished executable_file_in_path
removing targets
analyzing gcc-5__Ou__texinfo__ginfo/find_man_formatter
started running find_man_formatter
finished find_man_formatter
analyzing gcc-5__Ou__texinfo__ginfo/get_page_and_section
started running get_page_and_section
finished get_page_and_section
removing targets
analyzing gcc-5__Ou__texinfo__ginfo/clean_manpage
started running clean_manpage
finished clean_manpage
analyzing gcc-5__Ou__texinfo__ginfo/get_manpage_contents
started running get_manpage_contents
finished get_manpage_contents
removing targets
analyzing gcc-5__Ou__texinfo__ginfo/get_manpage_from_formatter
started running get_manpage_from_formatter
finished get_manpage_from_formatter
analyzing gcc-5__Ou__texinfo__ginfo/read_from_fd
started running read_from_fd
finished read_from_fd
analyzing gcc-5__Ou__texinfo__ginfo/xrefs_of_manpage
started running xrefs_of_manpage
stopped exploration
finished xrefs_of_manpage
analyzing gcc-5__Ou__texinfo__ginfo/nodemenu_format_info
started running nodemenu_format_info
finished nodemenu_format_info
analyzing gcc-5__Ou__texinfo__ginfo/format_node_info
started running format_node_info
finished format_node_info
removing targets
analyzing gcc-5__Ou__texinfo__ginfo/compare_strings
started running compare_strings
finished compare_strings
analyzing gcc-5__Ou__texinfo__ginfo/get_visited_nodes
started running get_visited_nodes
finished get_visited_nodes
removing targets
analyzing gcc-5__Ou__texinfo__ginfo/list_visited_nodes
started running list_visited_nodes
finished list_visited_nodes
removing targets
analyzing gcc-5__Ou__texinfo__ginfo/select_visited_node
started running select_visited_node
finished select_visited_node
analyzing gcc-5__Ou__texinfo__ginfo/build_tags_and_nodes
started running build_tags_and_nodes
finished build_tags_and_nodes
analyzing gcc-5__Ou__texinfo__ginfo/init_file_buffer_tag
started running init_file_buffer_tag
finished init_file_buffer_tag
removing targets
analyzing gcc-5__Ou__texinfo__ginfo/build_tag_table
started running build_tag_table
finished build_tag_table
removing targets
analyzing gcc-5__Ou__texinfo__ginfo/get_nodes_of_tags_table
started running get_nodes_of_tags_table
stopped exploration
finished get_nodes_of_tags_table
removing targets
analyzing gcc-5__Ou__texinfo__ginfo/get_tags_of_indirect_tags_table
started running get_tags_of_indirect_tags_table
stopped exploration
finished get_tags_of_indirect_tags_table
analyzing gcc-5__Ou__texinfo__ginfo/free_file_buffer_tags
started running free_file_buffer_tags
finished free_file_buffer_tags
removing targets
analyzing gcc-5__Ou__texinfo__ginfo/free_info_tag
started running free_info_tag
finished free_info_tag
analyzing gcc-5__Ou__texinfo__ginfo/check_loaded_file
started running check_loaded_file
finished check_loaded_file
removing targets
analyzing gcc-5__Ou__texinfo__ginfo/info_find_file
started running info_find_file
finished info_find_file
analyzing gcc-5__Ou__texinfo__ginfo/info_find_subfile
started running info_find_subfile
finished info_find_subfile
analyzing gcc-5__Ou__texinfo__ginfo/info_load_file
started running info_load_file
finished info_load_file
analyzing gcc-5__Ou__texinfo__ginfo/get_file_character_encoding
started running get_file_character_encoding
finished get_file_character_encoding
removing targets
analyzing gcc-5__Ou__texinfo__ginfo/make_file_buffer
started running make_file_buffer
finished make_file_buffer
analyzing gcc-5__Ou__texinfo__ginfo/forget_info_file
started running forget_info_file
finished forget_info_file
analyzing gcc-5__Ou__texinfo__ginfo/info_reload_file_buffer_contents
started running info_reload_file_buffer_contents
finished info_reload_file_buffer_contents
analyzing gcc-5__Ou__texinfo__ginfo/info_create_tag
started running info_create_tag
finished info_create_tag
analyzing gcc-5__Ou__texinfo__ginfo/info_create_node
started running info_create_node
finished info_create_node
analyzing gcc-5__Ou__texinfo__ginfo/get_node_length
started running get_node_length
finished get_node_length
removing targets
analyzing gcc-5__Ou__texinfo__ginfo/info_get_node_with_defaults
started running info_get_node_with_defaults
finished info_get_node_with_defaults
removing targets
analyzing gcc-5__Ou__texinfo__ginfo/info_get_node
started running info_get_node
finished info_get_node
analyzing gcc-5__Ou__texinfo__ginfo/node_set_body_start
started running node_set_body_start
finished node_set_body_start
analyzing gcc-5__Ou__texinfo__ginfo/info_get_node_of_file_buffer
started running info_get_node_of_file_buffer
finished info_get_node_of_file_buffer
removing targets
analyzing gcc-5__Ou__texinfo__ginfo/adjust_nodestart
started running adjust_nodestart
finished adjust_nodestart
removing targets
analyzing gcc-5__Ou__texinfo__ginfo/find_node_from_tag
started running find_node_from_tag
finished find_node_from_tag
removing targets
analyzing gcc-5__Ou__texinfo__ginfo/set_tag_nodelen
started running set_tag_nodelen
finished set_tag_nodelen
analyzing gcc-5__Ou__texinfo__ginfo/info_node_of_tag_ext
started running info_node_of_tag_ext
finished info_node_of_tag_ext
analyzing gcc-5__Ou__texinfo__ginfo/info_node_of_tag
started running info_node_of_tag
finished info_node_of_tag
analyzing gcc-5__Ou__texinfo__ginfo/info_node_of_tag_fast
started running info_node_of_tag_fast
finished info_node_of_tag_fast
analyzing gcc-5__Ou__texinfo__ginfo/search
started running search
finished search
removing targets
analyzing gcc-5__Ou__texinfo__ginfo/regexp_expand_newlines_and_tabs
started running regexp_expand_newlines_and_tabs
finished regexp_expand_newlines_and_tabs
analyzing gcc-5__Ou__texinfo__ginfo/regexp_escape_string
started running regexp_escape_string
finished regexp_escape_string
analyzing gcc-5__Ou__texinfo__ginfo/extend_matches
started running extend_matches
finished extend_matches
removing targets
analyzing gcc-5__Ou__texinfo__ginfo/regexp_search
started running regexp_search
finished regexp_search
removing targets
analyzing gcc-5__Ou__texinfo__ginfo/search_forward
started running search_forward
stopped exploration
finished search_forward
analyzing gcc-5__Ou__texinfo__ginfo/search_backward
started running search_backward
finished search_backward
analyzing gcc-5__Ou__texinfo__ginfo/string_in_line
started running string_in_line
finished string_in_line
removing targets
analyzing gcc-5__Ou__texinfo__ginfo/looking_at
started running looking_at
finished looking_at
analyzing gcc-5__Ou__texinfo__ginfo/looking_at_line
started running looking_at_line
finished looking_at_line
analyzing gcc-5__Ou__texinfo__ginfo/match_in_match_list
started running match_in_match_list
finished match_in_match_list
removing targets
analyzing gcc-5__Ou__texinfo__ginfo/match_by_index
started running match_by_index
finished match_by_index
removing targets
analyzing gcc-5__Ou__texinfo__ginfo/free_matches
started running free_matches
finished free_matches
analyzing gcc-5__Ou__texinfo__ginfo/matches_ready
started running matches_ready
finished matches_ready
analyzing gcc-5__Ou__texinfo__ginfo/decide_if_in_match
started running decide_if_in_match
finished decide_if_in_match
removing targets
analyzing gcc-5__Ou__texinfo__ginfo/at_end_of_matches
started running at_end_of_matches
finished at_end_of_matches
removing targets
analyzing gcc-5__Ou__texinfo__ginfo/skip_whitespace
started running skip_whitespace
finished skip_whitespace
removing targets
analyzing gcc-5__Ou__texinfo__ginfo/skip_whitespace_and_newlines
started running skip_whitespace_and_newlines
finished skip_whitespace_and_newlines
removing targets
analyzing gcc-5__Ou__texinfo__ginfo/skip_non_whitespace
started running skip_non_whitespace
finished skip_non_whitespace
removing targets
analyzing gcc-5__Ou__texinfo__ginfo/find_node_separator
started running find_node_separator
finished find_node_separator
removing targets
analyzing gcc-5__Ou__texinfo__ginfo/skip_node_separator
started running skip_node_separator
finished skip_node_separator
removing targets
analyzing gcc-5__Ou__texinfo__ginfo/find_file_section
started running find_file_section
finished find_file_section
removing targets
analyzing gcc-5__Ou__texinfo__ginfo/find_node_in_binding
started running find_node_in_binding
finished find_node_in_binding
removing targets
analyzing gcc-5__Ou__texinfo__ginfo/info_all_files
started running info_all_files
finished info_all_files
removing targets
analyzing gcc-5__Ou__texinfo__ginfo/allfiles_create_node
started running allfiles_create_node
finished allfiles_create_node
analyzing gcc-5__Ou__texinfo__ginfo/begin_multiple_window_info_session
started running begin_multiple_window_info_session
finished begin_multiple_window_info_session
removing targets
analyzing gcc-5__Ou__texinfo__ginfo/display_startup_message
started running display_startup_message
finished display_startup_message
analyzing gcc-5__Ou__texinfo__ginfo/info_session
started running info_session
finished info_session
analyzing gcc-5__Ou__texinfo__ginfo/info_read_and_dispatch
started running info_read_and_dispatch
finished info_read_and_dispatch
removing targets
analyzing gcc-5__Ou__texinfo__ginfo/initialize_terminal_and_keymaps
started running initialize_terminal_and_keymaps
finished initialize_terminal_and_keymaps
analyzing gcc-5__Ou__texinfo__ginfo/initialize_info_session
started running initialize_info_session
finished initialize_info_session
analyzing gcc-5__Ou__texinfo__ginfo/close_info_session
started running close_info_session
finished close_info_session
analyzing gcc-5__Ou__texinfo__ginfo/info_set_input_from_file
started running info_set_input_from_file
finished info_set_input_from_file
analyzing gcc-5__Ou__texinfo__ginfo/get_byte_from_input_buffer
started running get_byte_from_input_buffer
finished get_byte_from_input_buffer
removing targets
analyzing gcc-5__Ou__texinfo__ginfo/info_any_buffered_input_p
started running info_any_buffered_input_p
finished info_any_buffered_input_p
analyzing gcc-5__Ou__texinfo__ginfo/fill_input_buffer
started running fill_input_buffer
finished fill_input_buffer
analyzing gcc-5__Ou__texinfo__ginfo/info_gather_typeahead
started running info_gather_typeahead
finished info_gather_typeahead
analyzing gcc-5__Ou__texinfo__ginfo/mouse_event_handler
started running mouse_event_handler
finished mouse_event_handler
removing targets
analyzing gcc-5__Ou__texinfo__ginfo/get_input_key
started running get_input_key
finished get_input_key
removing targets
analyzing gcc-5__Ou__texinfo__ginfo/get_input_key_internal
started running get_input_key_internal
finished get_input_key_internal
analyzing gcc-5__Ou__texinfo__ginfo/close_debugfile
started running close_debugfile
finished close_debugfile
analyzing gcc-5__Ou__texinfo__ginfo/vinfo_debug
started running vinfo_debug
finished vinfo_debug
removing targets
analyzing gcc-5__Ou__texinfo__ginfo/info_debug
started running info_debug
finished info_debug
removing targets
analyzing gcc-5__Ou__texinfo__ginfo/vinfo_error
started running vinfo_error
finished vinfo_error
removing targets
analyzing gcc-5__Ou__texinfo__ginfo/info_error
started running info_error
finished info_error
removing targets
analyzing gcc-5__Ou__texinfo__ginfo/show_error_node
started running show_error_node
finished show_error_node
removing targets
analyzing gcc-5__Ou__texinfo__ginfo/free_history_node
started running free_history_node
finished free_history_node
removing targets
analyzing gcc-5__Ou__texinfo__ginfo/put_node_in_window
started running put_node_in_window
finished put_node_in_window
analyzing gcc-5__Ou__texinfo__ginfo/forget_node_fast
started running forget_node_fast
finished forget_node_fast
removing targets
analyzing gcc-5__Ou__texinfo__ginfo/forget_node
started running forget_node
finished forget_node
analyzing gcc-5__Ou__texinfo__ginfo/forget_window_and_nodes
started running forget_window_and_nodes
finished forget_window_and_nodes
removing targets
analyzing gcc-5__Ou__texinfo__ginfo/info_set_node_of_window_fast
started running info_set_node_of_window_fast
finished info_set_node_of_window_fast
removing targets
analyzing gcc-5__Ou__texinfo__ginfo/info_set_node_of_window
started running info_set_node_of_window
finished info_set_node_of_window
removing targets
analyzing gcc-5__Ou__texinfo__ginfo/info_show_point
started running info_show_point
finished info_show_point
removing targets
analyzing gcc-5__Ou__texinfo__ginfo/point_next_line
started running point_next_line
finished point_next_line
analyzing gcc-5__Ou__texinfo__ginfo/point_prev_line
started running point_prev_line
finished point_prev_line
analyzing gcc-5__Ou__texinfo__ginfo/looking_at_newline
started running looking_at_newline
finished looking_at_newline
analyzing gcc-5__Ou__texinfo__ginfo/looking_at_alnum
started running looking_at_alnum
finished looking_at_alnum
analyzing gcc-5__Ou__texinfo__ginfo/point_forward_char
started running point_forward_char
finished point_forward_char
analyzing gcc-5__Ou__texinfo__ginfo/point_backward_char
started running point_backward_char
finished point_backward_char
analyzing gcc-5__Ou__texinfo__ginfo/point_forward_word
started running point_forward_word
finished point_forward_word
analyzing gcc-5__Ou__texinfo__ginfo/point_backward_word
started running point_backward_word
finished point_backward_word
removing targets
analyzing gcc-5__Ou__texinfo__ginfo/move_to_goal_column
started running move_to_goal_column
finished move_to_goal_column
removing targets
analyzing gcc-5__Ou__texinfo__ginfo/info_next_line
started running info_next_line
finished info_next_line
removing targets
analyzing gcc-5__Ou__texinfo__ginfo/info_prev_line
started running info_prev_line
finished info_prev_line
removing targets
analyzing gcc-5__Ou__texinfo__ginfo/info_move_to_window_line
started running info_move_to_window_line
finished info_move_to_window_line
removing targets
analyzing gcc-5__Ou__texinfo__ginfo/info_end_of_line
started running info_end_of_line
finished info_end_of_line
removing targets
analyzing gcc-5__Ou__texinfo__ginfo/info_beginning_of_line
started running info_beginning_of_line
finished info_beginning_of_line
removing targets
analyzing gcc-5__Ou__texinfo__ginfo/info_forward_char
started running info_forward_char
finished info_forward_char
removing targets
analyzing gcc-5__Ou__texinfo__ginfo/info_backward_char
started running info_backward_char
finished info_backward_char
removing targets
analyzing gcc-5__Ou__texinfo__ginfo/info_forward_word
started running info_forward_word
finished info_forward_word
removing targets
analyzing gcc-5__Ou__texinfo__ginfo/info_backward_word
started running info_backward_word
finished info_backward_word
removing targets
analyzing gcc-5__Ou__texinfo__ginfo/info_beginning_of_node
started running info_beginning_of_node
finished info_beginning_of_node
analyzing gcc-5__Ou__texinfo__ginfo/info_end_of_node
started running info_end_of_node
finished info_end_of_node
analyzing gcc-5__Ou__texinfo__ginfo/info_scroll_forward
started running info_scroll_forward
finished info_scroll_forward
removing targets
analyzing gcc-5__Ou__texinfo__ginfo/info_scroll_backward
started running info_scroll_backward
finished info_scroll_backward
analyzing gcc-5__Ou__texinfo__ginfo/info_scroll_forward_set_window
started running info_scroll_forward_set_window
finished info_scroll_forward_set_window
removing targets
analyzing gcc-5__Ou__texinfo__ginfo/info_scroll_backward_set_window
started running info_scroll_backward_set_window
finished info_scroll_backward_set_window
analyzing gcc-5__Ou__texinfo__ginfo/info_scroll_forward_page_only
started running info_scroll_forward_page_only
finished info_scroll_forward_page_only
removing targets
analyzing gcc-5__Ou__texinfo__ginfo/info_scroll_backward_page_only
started running info_scroll_backward_page_only
finished info_scroll_backward_page_only
analyzing gcc-5__Ou__texinfo__ginfo/info_scroll_forward_page_only_set_window
started running info_scroll_forward_page_only_set_window
finished info_scroll_forward_page_only_set_window
removing targets
analyzing gcc-5__Ou__texinfo__ginfo/info_scroll_backward_page_only_set_window
started running info_scroll_backward_page_only_set_window
finished info_scroll_backward_page_only_set_window
analyzing gcc-5__Ou__texinfo__ginfo/info_down_line
started running info_down_line
finished info_down_line
analyzing gcc-5__Ou__texinfo__ginfo/info_up_line
started running info_up_line
finished info_up_line
analyzing gcc-5__Ou__texinfo__ginfo/info_scroll_half_screen_down
started running info_scroll_half_screen_down
finished info_scroll_half_screen_down
removing targets
analyzing gcc-5__Ou__texinfo__ginfo/info_scroll_half_screen_up
started running info_scroll_half_screen_up
finished info_scroll_half_screen_up
analyzing gcc-5__Ou__texinfo__ginfo/info_scroll_other_window
started running info_scroll_other_window
finished info_scroll_other_window
removing targets
analyzing gcc-5__Ou__texinfo__ginfo/info_scroll_other_window_backward
started running info_scroll_other_window_backward
finished info_scroll_other_window_backward
analyzing gcc-5__Ou__texinfo__ginfo/gc_file_buffers_and_nodes
started running gc_file_buffers_and_nodes
finished gc_file_buffers_and_nodes
analyzing gcc-5__Ou__texinfo__ginfo/info_next_window
started running info_next_window
finished info_next_window
removing targets
analyzing gcc-5__Ou__texinfo__ginfo/info_prev_window
started running info_prev_window
stopped exploration
finished info_prev_window
removing targets
analyzing gcc-5__Ou__texinfo__ginfo/info_split_window
started running info_split_window
finished info_split_window
analyzing gcc-5__Ou__texinfo__ginfo/info_delete_window
started running info_delete_window
finished info_delete_window
removing targets
analyzing gcc-5__Ou__texinfo__ginfo/info_delete_window_internal
started running info_delete_window_internal
finished info_delete_window_internal
removing targets
analyzing gcc-5__Ou__texinfo__ginfo/info_keep_one_window
started running info_keep_one_window
finished info_keep_one_window
removing targets
analyzing gcc-5__Ou__texinfo__ginfo/info_grow_window
started running info_grow_window
finished info_grow_window
analyzing gcc-5__Ou__texinfo__ginfo/info_tile_windows
started running info_tile_windows
finished info_tile_windows
analyzing gcc-5__Ou__texinfo__ginfo/info_toggle_wrap
started running info_toggle_wrap
finished info_toggle_wrap
analyzing gcc-5__Ou__texinfo__ginfo/info_select_reference
started running info_select_reference
finished info_select_reference
analyzing gcc-5__Ou__texinfo__ginfo/info_parse_and_select
started running info_parse_and_select
finished info_parse_and_select
analyzing gcc-5__Ou__texinfo__ginfo/select_menu_digit
started running select_menu_digit
finished select_menu_digit
removing targets
analyzing gcc-5__Ou__texinfo__ginfo/info_menu_digit
started running info_menu_digit
finished info_menu_digit
analyzing gcc-5__Ou__texinfo__ginfo/menu_digit
started running menu_digit
finished menu_digit
removing targets
analyzing gcc-5__Ou__texinfo__ginfo/info_last_menu_item
started running info_last_menu_item
finished info_last_menu_item
analyzing gcc-5__Ou__texinfo__ginfo/exclude_cross_references
started running exclude_cross_references
finished exclude_cross_references
analyzing gcc-5__Ou__texinfo__ginfo/exclude_menu_items
started running exclude_menu_items
finished exclude_menu_items
analyzing gcc-5__Ou__texinfo__ginfo/exclude_nothing
started running exclude_nothing
finished exclude_nothing
analyzing gcc-5__Ou__texinfo__ginfo/info_menu_or_ref_item
started running info_menu_or_ref_item
stopped exploration
finished info_menu_or_ref_item
removing targets
analyzing gcc-5__Ou__texinfo__ginfo/info_menu_item
started running info_menu_item
finished info_menu_item
removing targets
analyzing gcc-5__Ou__texinfo__ginfo/info_xref_item
started running info_xref_item
finished info_xref_item
removing targets
analyzing gcc-5__Ou__texinfo__ginfo/info_find_menu
started running info_find_menu
finished info_find_menu
analyzing gcc-5__Ou__texinfo__ginfo/info_visit_menu
started running info_visit_menu
finished info_visit_menu
removing targets
analyzing gcc-5__Ou__texinfo__ginfo/info_move_to_xref
started running info_move_to_xref
finished info_move_to_xref
removing targets
analyzing gcc-5__Ou__texinfo__ginfo/cleanup_history
started running cleanup_history
finished cleanup_history
removing targets
analyzing gcc-5__Ou__texinfo__ginfo/info_move_to_prev_xref
started running info_move_to_prev_xref
finished info_move_to_prev_xref
removing targets
analyzing gcc-5__Ou__texinfo__ginfo/info_move_to_next_xref
started running info_move_to_next_xref
finished info_move_to_next_xref
removing targets
analyzing gcc-5__Ou__texinfo__ginfo/info_select_reference_this_line
started running info_select_reference_this_line
finished info_select_reference_this_line
removing targets
analyzing gcc-5__Ou__texinfo__ginfo/info_follow_menus
started running info_follow_menus
finished info_follow_menus
removing targets
analyzing gcc-5__Ou__texinfo__ginfo/split_list_of_nodenames
started running split_list_of_nodenames
finished split_list_of_nodenames
analyzing gcc-5__Ou__texinfo__ginfo/info_menu_sequence
started running info_menu_sequence
finished info_menu_sequence
analyzing gcc-5__Ou__texinfo__ginfo/info_handle_pointer
started running info_handle_pointer
finished info_handle_pointer
analyzing gcc-5__Ou__texinfo__ginfo/info_next_node
started running info_next_node
finished info_next_node
analyzing gcc-5__Ou__texinfo__ginfo/info_prev_node
started running info_prev_node
finished info_prev_node
analyzing gcc-5__Ou__texinfo__ginfo/info_up_node
started running info_up_node
finished info_up_node
analyzing gcc-5__Ou__texinfo__ginfo/info_last_node
started running info_last_node
finished info_last_node
analyzing gcc-5__Ou__texinfo__ginfo/info_first_node
started running info_first_node
finished info_first_node
analyzing gcc-5__Ou__texinfo__ginfo/forward_move_node_structure
started running forward_move_node_structure
finished forward_move_node_structure
removing targets
analyzing gcc-5__Ou__texinfo__ginfo/backward_move_node_structure
started running backward_move_node_structure
finished backward_move_node_structure
removing targets
analyzing gcc-5__Ou__texinfo__ginfo/info_global_next_node
started running info_global_next_node
finished info_global_next_node
removing targets
analyzing gcc-5__Ou__texinfo__ginfo/info_global_prev_node
started running info_global_prev_node
finished info_global_prev_node
removing targets
analyzing gcc-5__Ou__texinfo__ginfo/info_goto_node
started running info_goto_node
finished info_goto_node
analyzing gcc-5__Ou__texinfo__ginfo/find_invocation_node_by_nodename
started running find_invocation_node_by_nodename
finished find_invocation_node_by_nodename
removing targets
analyzing gcc-5__Ou__texinfo__ginfo/info_intuit_options_node
started running info_intuit_options_node
finished info_intuit_options_node
analyzing gcc-5__Ou__texinfo__ginfo/program_name_from_file_name
started running program_name_from_file_name
finished program_name_from_file_name
analyzing gcc-5__Ou__texinfo__ginfo/info_goto_invocation_node
started running info_goto_invocation_node
finished info_goto_invocation_node
analyzing gcc-5__Ou__texinfo__ginfo/info_man
started running info_man
finished info_man
analyzing gcc-5__Ou__texinfo__ginfo/info_top_node
started running info_top_node
finished info_top_node
analyzing gcc-5__Ou__texinfo__ginfo/info_dir_node
started running info_dir_node
finished info_dir_node
analyzing gcc-5__Ou__texinfo__ginfo/info_display_file_info
started running info_display_file_info
finished info_display_file_info
removing targets
analyzing gcc-5__Ou__texinfo__ginfo/info_history_node
started running info_history_node
finished info_history_node
removing targets
analyzing gcc-5__Ou__texinfo__ginfo/info_view_file
started running info_view_file
finished info_view_file
analyzing gcc-5__Ou__texinfo__ginfo/dump_nodes_to_file
started running dump_nodes_to_file
stopped exploration
finished dump_nodes_to_file
removing targets
analyzing gcc-5__Ou__texinfo__ginfo/initialize_dumping
started running initialize_dumping
finished initialize_dumping
analyzing gcc-5__Ou__texinfo__ginfo/dump_node_to_stream
started running dump_node_to_stream
finished dump_node_to_stream
analyzing gcc-5__Ou__texinfo__ginfo/info_print_node
started running info_print_node
finished info_print_node
analyzing gcc-5__Ou__texinfo__ginfo/write_node_to_stream
started running write_node_to_stream
finished write_node_to_stream
analyzing gcc-5__Ou__texinfo__ginfo/info_toggle_regexp
started running info_toggle_regexp
finished info_toggle_regexp
removing targets
analyzing gcc-5__Ou__texinfo__ginfo/info_search_in_node_internal
started running info_search_in_node_internal
finished info_search_in_node_internal
analyzing gcc-5__Ou__texinfo__ginfo/info_search_internal
started running info_search_internal
stopped exploration
finished info_search_internal
analyzing gcc-5__Ou__texinfo__ginfo/ask_for_search_string
started running ask_for_search_string
finished ask_for_search_string
removing targets
analyzing gcc-5__Ou__texinfo__ginfo/info_search_1
started running info_search_1
finished info_search_1
removing targets
analyzing gcc-5__Ou__texinfo__ginfo/tag_of_reference
started running tag_of_reference
finished tag_of_reference
removing targets
analyzing gcc-5__Ou__texinfo__ginfo/tree_search_check_node
started running tree_search_check_node
stopped exploration
finished tree_search_check_node
removing targets
analyzing gcc-5__Ou__texinfo__ginfo/tree_search_check_node_backwards
started running tree_search_check_node_backwards
stopped exploration
finished tree_search_check_node_backwards
analyzing gcc-5__Ou__texinfo__ginfo/wipe_seen_flags
started running wipe_seen_flags
finished wipe_seen_flags
removing targets
analyzing gcc-5__Ou__texinfo__ginfo/info_tree_search
started running info_tree_search
finished info_tree_search
analyzing gcc-5__Ou__texinfo__ginfo/info_tree_search_next
started running info_tree_search_next
finished info_tree_search_next
removing targets
analyzing gcc-5__Ou__texinfo__ginfo/info_tree_search_previous
started running info_tree_search_previous
finished info_tree_search_previous
removing targets
analyzing gcc-5__Ou__texinfo__ginfo/info_search_case_sensitively
started running info_search_case_sensitively
finished info_search_case_sensitively
analyzing gcc-5__Ou__texinfo__ginfo/info_search
started running info_search
finished info_search
analyzing gcc-5__Ou__texinfo__ginfo/info_search_backward
started running info_search_backward
finished info_search_backward
analyzing gcc-5__Ou__texinfo__ginfo/info_search_next
started running info_search_next
finished info_search_next
removing targets
analyzing gcc-5__Ou__texinfo__ginfo/info_search_previous
started running info_search_previous
finished info_search_previous
removing targets
analyzing gcc-5__Ou__texinfo__ginfo/info_clear_search
started running info_clear_search
finished info_clear_search
analyzing gcc-5__Ou__texinfo__ginfo/isearch_forward
started running isearch_forward
finished isearch_forward
analyzing gcc-5__Ou__texinfo__ginfo/isearch_backward
started running isearch_backward
finished isearch_backward
analyzing gcc-5__Ou__texinfo__ginfo/window_get_state
started running window_get_state
finished window_get_state
analyzing gcc-5__Ou__texinfo__ginfo/window_set_state
started running window_set_state
finished window_set_state
analyzing gcc-5__Ou__texinfo__ginfo/push_isearch
started running push_isearch
finished push_isearch
analyzing gcc-5__Ou__texinfo__ginfo/pop_isearch
started running pop_isearch
finished pop_isearch
removing targets
analyzing gcc-5__Ou__texinfo__ginfo/free_isearch_states
started running free_isearch_states
finished free_isearch_states
removing targets
analyzing gcc-5__Ou__texinfo__ginfo/show_isearch_prompt
started running show_isearch_prompt
finished show_isearch_prompt
removing targets
analyzing gcc-5__Ou__texinfo__ginfo/incremental_search
started running incremental_search
stopped exploration
finished incremental_search
removing targets
analyzing gcc-5__Ou__texinfo__ginfo/info_abort_key
started running info_abort_key
finished info_abort_key
removing targets
analyzing gcc-5__Ou__texinfo__ginfo/info_info_version
started running info_info_version
finished info_info_version
analyzing gcc-5__Ou__texinfo__ginfo/info_redraw_display
started running info_redraw_display
finished info_redraw_display
removing targets
analyzing gcc-5__Ou__texinfo__ginfo/info_quit
started running info_quit
finished info_quit
removing targets
analyzing gcc-5__Ou__texinfo__ginfo/info_do_lowercase_version
started running info_do_lowercase_version
finished info_do_lowercase_version
analyzing gcc-5__Ou__texinfo__ginfo/dispatch_error
started running dispatch_error
finished dispatch_error
analyzing gcc-5__Ou__texinfo__ginfo/initialize_keyseq
started running initialize_keyseq
finished initialize_keyseq
analyzing gcc-5__Ou__texinfo__ginfo/add_char_to_keyseq
started running add_char_to_keyseq
finished add_char_to_keyseq
removing targets
analyzing gcc-5__Ou__texinfo__ginfo/display_info_keyseq
started running display_info_keyseq
finished display_info_keyseq
removing targets
analyzing gcc-5__Ou__texinfo__ginfo/get_another_input_key
started running get_another_input_key
finished get_another_input_key
removing targets
analyzing gcc-5__Ou__texinfo__ginfo/read_key_sequence
started running read_key_sequence
stopped exploration
finished read_key_sequence
removing targets
analyzing gcc-5__Ou__texinfo__ginfo/info_add_digit_to_numeric_arg
started running info_add_digit_to_numeric_arg
finished info_add_digit_to_numeric_arg
analyzing gcc-5__Ou__texinfo__ginfo/info_universal_argument
started running info_universal_argument
finished info_universal_argument
analyzing gcc-5__Ou__texinfo__ginfo/info_initialize_numeric_arg
started running info_initialize_numeric_arg
finished info_initialize_numeric_arg
removing targets
analyzing gcc-5__Ou__texinfo__ginfo/mask_termsig
started running mask_termsig
finished mask_termsig
analyzing gcc-5__Ou__texinfo__ginfo/set_termsig
started running set_termsig
finished set_termsig
analyzing gcc-5__Ou__texinfo__ginfo/restore_termsig
started running restore_termsig
finished restore_termsig
analyzing gcc-5__Ou__texinfo__ginfo/initialize_info_signal_handler
started running initialize_info_signal_handler
finished initialize_info_signal_handler
analyzing gcc-5__Ou__texinfo__ginfo/redisplay_after_signal
started running redisplay_after_signal
finished redisplay_after_signal
analyzing gcc-5__Ou__texinfo__ginfo/reset_info_window_sizes
started running reset_info_window_sizes
finished reset_info_window_sizes
analyzing gcc-5__Ou__texinfo__ginfo/signal_block_winch
started running signal_block_winch
finished signal_block_winch
removing targets
analyzing gcc-5__Ou__texinfo__ginfo/signal_unblock_winch
started running signal_unblock_winch
finished signal_unblock_winch
removing targets
analyzing gcc-5__Ou__texinfo__ginfo/info_signal_proc
started running info_signal_proc
finished info_signal_proc
removing targets
analyzing gcc-5__Ou__texinfo__ginfo/info_tag_free
started running info_tag_free
finished info_tag_free
removing targets
analyzing gcc-5__Ou__texinfo__ginfo/info_tag_find
started running info_tag_find
finished info_tag_find
removing targets
analyzing gcc-5__Ou__texinfo__ginfo/tag_found_keyword
started running tag_found_keyword
finished tag_found_keyword
analyzing gcc-5__Ou__texinfo__ginfo/tag_image
started running tag_image
finished tag_image
analyzing gcc-5__Ou__texinfo__ginfo/find_tag_handler
started running find_tag_handler
finished find_tag_handler
removing targets
analyzing gcc-5__Ou__texinfo__ginfo/tag_expand
started running tag_expand
finished tag_expand
removing targets
analyzing gcc-5__Ou__texinfo__ginfo/output_character_function
started running output_character_function
finished output_character_function
analyzing gcc-5__Ou__texinfo__ginfo/terminal_begin_using_terminal
started running terminal_begin_using_terminal
finished terminal_begin_using_terminal
removing targets
analyzing gcc-5__Ou__texinfo__ginfo/terminal_end_using_terminal
started running terminal_end_using_terminal
finished terminal_end_using_terminal
removing targets
analyzing gcc-5__Ou__texinfo__ginfo/terminal_goto_xy
started running terminal_goto_xy
finished terminal_goto_xy
removing targets
analyzing gcc-5__Ou__texinfo__ginfo/terminal_put_text
started running terminal_put_text
finished terminal_put_text
removing targets
analyzing gcc-5__Ou__texinfo__ginfo/terminal_write_chars
started running terminal_write_chars
finished terminal_write_chars
removing targets
analyzing gcc-5__Ou__texinfo__ginfo/terminal_clear_to_eol
started running terminal_clear_to_eol
finished terminal_clear_to_eol
removing targets
analyzing gcc-5__Ou__texinfo__ginfo/terminal_clear_screen
started running terminal_clear_screen
finished terminal_clear_screen
removing targets
analyzing gcc-5__Ou__texinfo__ginfo/terminal_up_line
started running terminal_up_line
finished terminal_up_line
removing targets
analyzing gcc-5__Ou__texinfo__ginfo/terminal_down_line
started running terminal_down_line
finished terminal_down_line
removing targets
analyzing gcc-5__Ou__texinfo__ginfo/terminal_begin_inverse
started running terminal_begin_inverse
finished terminal_begin_inverse
removing targets
analyzing gcc-5__Ou__texinfo__ginfo/terminal_end_inverse
started running terminal_end_inverse
finished terminal_end_inverse
removing targets
analyzing gcc-5__Ou__texinfo__ginfo/terminal_begin_standout
started running terminal_begin_standout
finished terminal_begin_standout
removing targets
analyzing gcc-5__Ou__texinfo__ginfo/terminal_end_standout
started running terminal_end_standout
finished terminal_end_standout
removing targets
analyzing gcc-5__Ou__texinfo__ginfo/terminal_begin_underline
started running terminal_begin_underline
finished terminal_begin_underline
removing targets
analyzing gcc-5__Ou__texinfo__ginfo/terminal_end_underline
started running terminal_end_underline
finished terminal_end_underline
removing targets
analyzing gcc-5__Ou__texinfo__ginfo/terminal_begin_bold
started running terminal_begin_bold
finished terminal_begin_bold
removing targets
analyzing gcc-5__Ou__texinfo__ginfo/terminal_begin_blink
started running terminal_begin_blink
finished terminal_begin_blink
removing targets
analyzing gcc-5__Ou__texinfo__ginfo/terminal_end_all_modes
started running terminal_end_all_modes
finished terminal_end_all_modes
removing targets
analyzing gcc-5__Ou__texinfo__ginfo/terminal_ring_bell
started running terminal_ring_bell
finished terminal_ring_bell
removing targets
analyzing gcc-5__Ou__texinfo__ginfo/terminal_delete_lines
started running terminal_delete_lines
finished terminal_delete_lines
removing targets
analyzing gcc-5__Ou__texinfo__ginfo/terminal_insert_lines
started running terminal_insert_lines
finished terminal_insert_lines
removing targets
analyzing gcc-5__Ou__texinfo__ginfo/terminal_scroll_region
started running terminal_scroll_region
finished terminal_scroll_region
removing targets
analyzing gcc-5__Ou__texinfo__ginfo/terminal_scroll_terminal
started running terminal_scroll_terminal
finished terminal_scroll_terminal
removing targets
analyzing gcc-5__Ou__texinfo__ginfo/terminal_default_colour
started running terminal_default_colour
finished terminal_default_colour
removing targets
analyzing gcc-5__Ou__texinfo__ginfo/terminal_set_colour
started running terminal_set_colour
finished terminal_set_colour
removing targets
analyzing gcc-5__Ou__texinfo__ginfo/terminal_set_bgcolour
started running terminal_set_bgcolour
finished terminal_set_bgcolour
removing targets
analyzing gcc-5__Ou__texinfo__ginfo/terminal_switch_rendition
started running terminal_switch_rendition
finished terminal_switch_rendition
removing targets
analyzing gcc-5__Ou__texinfo__ginfo/terminal_new_terminal
started running terminal_new_terminal
finished terminal_new_terminal
removing targets
analyzing gcc-5__Ou__texinfo__ginfo/terminal_get_screen_size
started running terminal_get_screen_size
finished terminal_get_screen_size
removing targets
analyzing gcc-5__Ou__texinfo__ginfo/add_seq_to_byte_map
started running add_seq_to_byte_map
finished add_seq_to_byte_map
removing targets
analyzing gcc-5__Ou__texinfo__ginfo/initialize_byte_map
started running initialize_byte_map
finished initialize_byte_map
analyzing gcc-5__Ou__texinfo__ginfo/terminal_initialize_terminal
started running terminal_initialize_terminal
