ERROR   | 2021-12-02 23:07:19,054 | root     | b'out of memory'
ERROR   | 2021-12-02 23:07:19,054 | root     | got an error while analyzing fscmd_seq
ERROR   | 2021-12-02 23:07:54,969 | root     | b'out of memory'
ERROR   | 2021-12-02 23:07:54,969 | root     | got an error while analyzing zsysdep_data_file_name
ERROR   | 2021-12-02 23:07:57,452 | root     | b'out of memory'
ERROR   | 2021-12-02 23:07:57,452 | root     | got an error while analyzing zscmd_file
ERROR   | 2021-12-02 23:08:09,877 | root     | b'out of memory'
ERROR   | 2021-12-02 23:08:09,877 | root     | got an error while analyzing get_fs_usage
ERROR   | 2021-12-02 23:08:10,707 | root     | b'out of memory'
ERROR   | 2021-12-02 23:08:10,707 | root     | got an error while analyzing fsysdep_in_directory
ERROR   | 2021-12-02 23:36:06,274 | root     | b'out of memory'
ERROR   | 2021-12-02 23:36:06,274 | root     | got an error while analyzing fsysdep_mail
ERROR   | 2021-12-02 23:36:08,506 | root     | b'out of memory'
ERROR   | 2021-12-02 23:36:08,506 | root     | got an error while analyzing fsysdep_make_dirs
ERROR   | 2021-12-02 23:36:13,931 | root     | b'out of memory'
ERROR   | 2021-12-02 23:36:13,931 | root     | got an error while analyzing fsysdep_move_file
ERROR   | 2021-12-02 23:36:22,585 | root     | b'out of memory'
ERROR   | 2021-12-02 23:36:22,585 | root     | got an error while analyzing usset_signal
ERROR   | 2021-12-02 23:36:24,794 | root     | b'out of memory'
ERROR   | 2021-12-02 23:36:24,794 | root     | got an error while analyzing zsysdep_in_dir
ERROR   | 2021-12-02 23:36:26,428 | root     | b'out of memory'
ERROR   | 2021-12-02 23:36:26,429 | root     | got an error while analyzing zsysdep_spool_commands
ERROR   | 2021-12-02 23:36:27,343 | root     | b'out of memory'
ERROR   | 2021-12-02 23:36:27,343 | root     | got an error while analyzing zsysdep_spool_file_name
ERROR   | 2021-12-02 23:36:28,266 | root     | b'out of memory'
ERROR   | 2021-12-02 23:36:28,266 | root     | got an error while analyzing zsfind_file
ERROR   | 2021-12-02 23:36:30,449 | root     | b'out of memory'
ERROR   | 2021-12-02 23:36:30,449 | root     | got an error while analyzing fsysdep_sync
ERROR   | 2021-12-02 23:36:34,828 | root     | b'out of memory'
ERROR   | 2021-12-02 23:36:34,828 | root     | got an error while analyzing fsuser_access
ERROR   | 2021-12-02 23:40:27,144 | root     | b'out of memory'
ERROR   | 2021-12-02 23:40:27,144 | root     | got an error while analyzing fsysdep_get_work_init
ERROR   | 2021-12-02 23:40:28,096 | root     | b'out of memory'
ERROR   | 2021-12-02 23:40:28,097 | root     | got an error while analyzing fsysdep_get_work
ERROR   | 2021-12-02 23:40:29,029 | root     | b'out of memory'
ERROR   | 2021-12-02 23:40:29,029 | root     | got an error while analyzing fsysdep_did_work
ERROR   | 2021-12-02 23:40:30,552 | root     | b'out of memory'
ERROR   | 2021-12-02 23:40:30,552 | root     | got an error while analyzing zsysdep_save_temp_file
ERROR   | 2021-12-02 23:40:31,494 | root     | b'out of memory'
ERROR   | 2021-12-02 23:40:31,494 | root     | got an error while analyzing zsysdep_jobid
ERROR   | 2021-12-02 23:40:33,139 | root     | b'out of memory'
ERROR   | 2021-12-02 23:40:33,139 | root     | got an error while analyzing bsgrade
ERROR   | 2021-12-02 23:40:36,076 | root     | b'out of memory'
ERROR   | 2021-12-02 23:40:36,076 | root     | got an error while analyzing fsysdep_get_xqt_init
ERROR   | 2021-12-02 23:42:15,160 | root     | b'out of memory'
ERROR   | 2021-12-02 23:42:15,160 | root     | got an error while analyzing zsysdep_find_command
ERROR   | 2021-12-02 23:42:16,090 | root     | b'out of memory'
ERROR   | 2021-12-02 23:42:16,090 | root     | got an error while analyzing zsysdep_xqt_local_file
ERROR   | 2021-12-02 23:42:17,034 | root     | b'out of memory'
ERROR   | 2021-12-02 23:42:17,034 | root     | got an error while analyzing fsysdep_execute
ERROR   | 2021-12-02 23:42:22,757 | root     | b'out of memory'
ERROR   | 2021-12-02 23:42:22,757 | root     | got an error while analyzing ixsysdep_lock_uuxqt
ERROR   | 2021-12-02 23:42:26,393 | root     | b'out of memory'
ERROR   | 2021-12-02 23:42:26,393 | root     | got an error while analyzing fsysdep_unlock_uuxqt
ERROR   | 2021-12-02 23:42:28,637 | root     | b'out of memory'
ERROR   | 2021-12-02 23:42:28,637 | root     | got an error while analyzing fsysdep_lock_uuxqt_file
ERROR   | 2021-12-02 23:42:30,262 | root     | b'out of memory'
ERROR   | 2021-12-02 23:42:30,262 | root     | got an error while analyzing fsysdep_unlock_uuxqt_file
ERROR   | 2021-12-02 23:42:35,090 | root     | b'out of memory'
ERROR   | 2021-12-02 23:42:35,090 | root     | got an error while analyzing fsysdep_lock_uuxqt_dir
ERROR   | 2021-12-02 23:42:49,200 | root     | b'out of memory'
ERROR   | 2021-12-02 23:42:49,200 | root     | got an error while analyzing fclean_uuxqt_dir
ERROR   | 2021-12-02 23:45:43,962 | root     | b'out of memory'
ERROR   | 2021-12-02 23:45:43,962 | root     | got an error while analyzing fsysdep_copy_uuxqt_files
ERROR   | 2021-12-02 23:45:45,652 | root     | b'out of memory'
ERROR   | 2021-12-02 23:45:45,652 | root     | got an error while analyzing zsappend3
ERROR   | 2021-12-02 23:45:52,116 | root     | b'out of memory'
ERROR   | 2021-12-02 23:45:52,116 | root     | got an error while analyzing espopen
ERROR   | 2021-12-02 23:45:56,375 | root     | b'out of memory'
ERROR   | 2021-12-02 23:45:56,375 | root     | got an error while analyzing ixswait
ERROR   | 2021-12-02 23:45:57,331 | root     | b'out of memory'
ERROR   | 2021-12-02 23:45:57,331 | root     | got an error while analyzing zsfile_to_jobid
ERROR   | 2021-12-02 23:45:59,076 | root     | b'out of memory'
ERROR   | 2021-12-02 23:45:59,076 | root     | got an error while analyzing zsjobid_to_file
ERROR   | 2021-12-02 23:46:00,775 | root     | b'out of memory'
ERROR   | 2021-12-02 23:46:00,776 | root     | got an error while analyzing ixsysdep_process_time
ERROR   | 2021-12-02 23:46:04,490 | root     | b'out of memory'
ERROR   | 2021-12-02 23:46:04,490 | root     | got an error while analyzing ixsspawn
ERROR   | 2021-12-02 23:46:06,811 | root     | b'out of memory'
ERROR   | 2021-12-02 23:46:06,812 | root     | got an error while analyzing fsysdep_rmdir
ERROR   | 2021-12-02 23:46:09,277 | root     | b'out of memory'
ERROR   | 2021-12-02 23:46:09,277 | root     | got an error while analyzing isremove_dir
ERROR   | 2021-12-02 23:46:11,676 | root     | b'out of memory'
ERROR   | 2021-12-02 23:46:11,676 | root     | got an error while analyzing zstemp_file
ERROR   | 2021-12-02 23:58:38,437 | root     | b'out of memory'
ERROR   | 2021-12-02 23:58:38,437 | root     | got an error while analyzing uuconf_cmd_line
ERROR   | 2021-12-02 23:58:39,381 | root     | b'out of memory'
ERROR   | 2021-12-02 23:58:39,381 | root     | got an error while analyzing uuconf_debugfile
ERROR   | 2021-12-02 23:58:40,307 | root     | b'out of memory'
ERROR   | 2021-12-02 23:58:40,307 | root     | got an error while analyzing uuconf_debuglevel
ERROR   | 2021-12-02 23:58:43,343 | root     | b'out of memory'
ERROR   | 2021-12-02 23:58:43,344 | root     | got an error while analyzing uuconf_error_string
ERROR   | 2021-12-02 23:58:44,253 | root     | b'out of memory'
ERROR   | 2021-12-02 23:58:44,253 | root     | got an error while analyzing zeprint_num
ERROR   | 2021-12-03 00:01:43,803 | root     | b'out of memory'
ERROR   | 2021-12-03 00:01:43,804 | root     | got an error while analyzing itdebug
ERROR   | 2021-12-03 00:04:16,274 | root     | b'out of memory'
ERROR   | 2021-12-03 00:04:16,274 | root     | got an error while analyzing itaddfile
ERROR   | 2021-12-03 00:04:17,293 | root     | b'out of memory'
ERROR   | 2021-12-03 00:04:17,293 | root     | got an error while analyzing itunknown
ERROR   | 2021-12-03 00:04:19,782 | root     | b'out of memory'
ERROR   | 2021-12-03 00:04:19,782 | root     | got an error while analyzing itprogram
ERROR   | 2021-12-03 00:04:20,771 | root     | b'out of memory'
ERROR   | 2021-12-03 00:04:20,771 | root     | got an error while analyzing itset_default
ERROR   | 2021-12-03 00:04:21,752 | root     | b'out of memory'
ERROR   | 2021-12-03 00:04:21,753 | root     | got an error while analyzing uiset_call
ERROR   | 2021-12-03 00:04:23,322 | root     | b'out of memory'
ERROR   | 2021-12-03 00:04:23,322 | root     | got an error while analyzing iialias
ERROR   | 2021-12-03 00:04:24,328 | root     | b'out of memory'
ERROR   | 2021-12-03 00:04:24,328 | root     | got an error while analyzing iialternate
ERROR   | 2021-12-03 00:04:25,317 | root     | b'out of memory'
ERROR   | 2021-12-03 00:04:25,317 | root     | got an error while analyzing iidefault_alternates
ERROR   | 2021-12-03 00:04:27,824 | root     | b'out of memory'
ERROR   | 2021-12-03 00:04:27,824 | root     | got an error while analyzing iitime
ERROR   | 2021-12-03 00:04:31,115 | root     | b'out of memory'
ERROR   | 2021-12-03 00:04:31,115 | root     | got an error while analyzing iibaud_range
ERROR   | 2021-12-03 00:04:32,122 | root     | b'out of memory'
ERROR   | 2021-12-03 00:04:32,122 | root     | got an error while analyzing iisize
ERROR   | 2021-12-03 00:07:23,097 | root     | b'out of memory'
ERROR   | 2021-12-03 00:07:23,097 | root     | got an error while analyzing uuconf_taylor_system_unknown
ERROR   | 2021-12-03 00:07:24,102 | root     | b'out of memory'
ERROR   | 2021-12-03 00:07:24,102 | root     | got an error while analyzing uuconf_taylor_system_names
ERROR   | 2021-12-03 00:07:26,500 | root     | b'out of memory'
ERROR   | 2021-12-03 00:07:26,501 | root     | got an error while analyzing uuconf_add_block
ERROR   | 2021-12-03 00:07:28,394 | root     | b'out of memory'
ERROR   | 2021-12-03 00:07:28,394 | root     | got an error while analyzing uuconf_malloc_block
ERROR   | 2021-12-03 00:07:31,085 | root     | b'out of memory'
ERROR   | 2021-12-03 00:07:31,085 | root     | got an error while analyzing uuconf_malloc
ERROR   | 2021-12-03 00:07:32,061 | root     | b'out of memory'
ERROR   | 2021-12-03 00:07:32,061 | root     | got an error while analyzing icchat
ERROR   | 2021-12-03 00:10:15,549 | root     | b'out of memory'
ERROR   | 2021-12-03 00:10:15,549 | root     | got an error while analyzing uuconf_cmd_args
ERROR   | 2021-12-03 00:10:17,654 | root     | b'out of memory'
ERROR   | 2021-12-03 00:10:17,654 | root     | got an error while analyzing itsystem
ERROR   | 2021-12-03 00:10:19,082 | root     | b'out of memory'
ERROR   | 2021-12-03 00:10:19,082 | root     | got an error while analyzing itmyname
ERROR   | 2021-12-03 00:10:19,728 | root     | b'out of memory'
ERROR   | 2021-12-03 00:10:19,728 | root     | got an error while analyzing itadd_span
ERROR   | 2021-12-03 00:10:20,536 | root     | b'out of memory'
ERROR   | 2021-12-03 00:10:20,536 | root     | got an error while analyzing itnew
ERROR   | 2021-12-03 00:10:21,181 | root     | b'out of memory'
ERROR   | 2021-12-03 00:10:21,181 | root     | got an error while analyzing ipproto_param
ERROR   | 2021-12-03 00:10:21,830 | root     | b'out of memory'
ERROR   | 2021-12-03 00:10:21,830 | root     | got an error while analyzing ipbaud_range
ERROR   | 2021-12-03 00:20:27,906 | root     | b'out of memory'
ERROR   | 2021-12-03 00:20:27,906 | root     | got an error while analyzing ulunquote_cmd
ERROR   | 2021-12-03 00:20:29,201 | root     | b'out of memory'
ERROR   | 2021-12-03 00:20:29,201 | root     | got an error while analyzing fcmd_needs_quotes
ERROR   | 2021-12-03 00:20:29,808 | root     | b'out of memory'
ERROR   | 2021-12-03 00:20:29,808 | root     | got an error while analyzing uquote_cmd
ERROR   | 2021-12-03 00:20:30,411 | root     | b'out of memory'
ERROR   | 2021-12-03 00:20:30,411 | root     | got an error while analyzing ufree_quoted_cmd
ERROR   | 2021-12-03 00:20:31,694 | root     | b'out of memory'
ERROR   | 2021-12-03 00:20:31,694 | root     | got an error while analyzing fspool_file
