gcc-5__Ou__whois-5.2.11__whois have 32 funcs
analyzing gcc-5__Ou__whois-5.2.11__whois/deregister_tm_clones
started running deregister_tm_clones
finished deregister_tm_clones
removing targets
analyzing gcc-5__Ou__whois-5.2.11__whois/register_tm_clones
started running register_tm_clones
finished register_tm_clones
removing targets
analyzing gcc-5__Ou__whois-5.2.11__whois/frame_dummy
started running frame_dummy
finished frame_dummy
removing targets
analyzing gcc-5__Ou__whois-5.2.11__whois/handle_query
started running handle_query
finished handle_query
removing targets
analyzing gcc-5__Ou__whois-5.2.11__whois/guess_server
started running guess_server
finished guess_server
analyzing gcc-5__Ou__whois-5.2.11__whois/whereas32
started running whereas32
finished whereas32
removing targets
analyzing gcc-5__Ou__whois-5.2.11__whois/whereas
started running whereas
finished whereas
removing targets
analyzing gcc-5__Ou__whois-5.2.11__whois/queryformat
started running queryformat
finished queryformat
analyzing gcc-5__Ou__whois-5.2.11__whois/hide_line
started running hide_line
finished hide_line
removing targets
analyzing gcc-5__Ou__whois-5.2.11__whois/do_query
started running do_query
stopped exploration
finished do_query
analyzing gcc-5__Ou__whois-5.2.11__whois/query_crsnic
started running query_crsnic
stopped exploration
finished query_crsnic
analyzing gcc-5__Ou__whois-5.2.11__whois/query_afilias
started running query_afilias
