gcc-5__Ou__xboard__xboard have 1069 funcs
analyzing gcc-5__Ou__xboard__xboard/deregister_tm_clones
started running deregister_tm_clones
finished deregister_tm_clones
removing targets
analyzing gcc-5__Ou__xboard__xboard/register_tm_clones
started running register_tm_clones
finished register_tm_clones
removing targets
analyzing gcc-5__Ou__xboard__xboard/frame_dummy
started running frame_dummy
finished frame_dummy
removing targets
analyzing gcc-5__Ou__xboard__xboard/safeStrCpy
started running safeStrCpy
finished safeStrCpy
removing targets
analyzing gcc-5__Ou__xboard__xboard/u64ToDouble
started running u64ToDouble
finished u64ToDouble
removing targets
analyzing gcc-5__Ou__xboard__xboard/PosFlags
started running PosFlags
finished PosFlags
removing targets
analyzing gcc-5__Ou__xboard__xboard/string_to_rating
started running string_to_rating
finished string_to_rating
removing targets
analyzing gcc-5__Ou__xboard__xboard/ClearProgramStats
started running ClearProgramStats
finished ClearProgramStats
analyzing gcc-5__Ou__xboard__xboard/CommonEngineInit
started running CommonEngineInit
finished CommonEngineInit
removing targets
analyzing gcc-5__Ou__xboard__xboard/UnloadEngine
started running UnloadEngine
finished UnloadEngine
removing targets
analyzing gcc-5__Ou__xboard__xboard/ClearOptions
started running ClearOptions
finished ClearOptions
removing targets
analyzing gcc-5__Ou__xboard__xboard/InitEngine
started running InitEngine
finished InitEngine
analyzing gcc-5__Ou__xboard__xboard/LoadEngine
started running LoadEngine
finished LoadEngine
analyzing gcc-5__Ou__xboard__xboard/ReplaceEngine
started running ReplaceEngine
finished ReplaceEngine
removing targets
analyzing gcc-5__Ou__xboard__xboard/FloatToFront
started running FloatToFront
finished FloatToFront
removing targets
analyzing gcc-5__Ou__xboard__xboard/Load
started running Load
finished Load
removing targets
analyzing gcc-5__Ou__xboard__xboard/InitTimeControls
started running InitTimeControls
finished InitTimeControls
analyzing gcc-5__Ou__xboard__xboard/InitBackEnd1
started running InitBackEnd1
finished InitBackEnd1
analyzing gcc-5__Ou__xboard__xboard/NextIntegerFromString
started running NextIntegerFromString
finished NextIntegerFromString
removing targets
analyzing gcc-5__Ou__xboard__xboard/NextTimeControlFromString
started running NextTimeControlFromString
finished NextTimeControlFromString
analyzing gcc-5__Ou__xboard__xboard/NextSessionFromString
started running NextSessionFromString
finished NextSessionFromString
removing targets
analyzing gcc-5__Ou__xboard__xboard/GetTimeQuota
started running GetTimeQuota
finished GetTimeQuota
removing targets
analyzing gcc-5__Ou__xboard__xboard/ParseTimeControl
started running ParseTimeControl
finished ParseTimeControl
removing targets
analyzing gcc-5__Ou__xboard__xboard/InitBackEnd2
started running InitBackEnd2
finished InitBackEnd2
removing targets
analyzing gcc-5__Ou__xboard__xboard/CalculateIndex
started running CalculateIndex
finished CalculateIndex
removing targets
analyzing gcc-5__Ou__xboard__xboard/LoadGameOrPosition
started running LoadGameOrPosition
finished LoadGameOrPosition
removing targets
analyzing gcc-5__Ou__xboard__xboard/ReserveGame
started running ReserveGame
finished ReserveGame
analyzing gcc-5__Ou__xboard__xboard/MatchEvent
started running MatchEvent
finished MatchEvent
removing targets
analyzing gcc-5__Ou__xboard__xboard/InitBackEnd3
started running InitBackEnd3
finished InitBackEnd3
removing targets
analyzing gcc-5__Ou__xboard__xboard/HistorySet
started running HistorySet
finished HistorySet
analyzing gcc-5__Ou__xboard__xboard/establish
started running establish
finished establish
removing targets
analyzing gcc-5__Ou__xboard__xboard/EscapeExpand
started running EscapeExpand
finished EscapeExpand
removing targets
analyzing gcc-5__Ou__xboard__xboard/show_bytes
started running show_bytes
finished show_bytes
removing targets
analyzing gcc-5__Ou__xboard__xboard/OutputMaybeTelnet
started running OutputMaybeTelnet
finished OutputMaybeTelnet
removing targets
analyzing gcc-5__Ou__xboard__xboard/read_from_player
started running read_from_player
finished read_from_player
removing targets
analyzing gcc-5__Ou__xboard__xboard/KeepAlive
started running KeepAlive
finished KeepAlive
removing targets
analyzing gcc-5__Ou__xboard__xboard/ics_printf
started running ics_printf
finished ics_printf
removing targets
analyzing gcc-5__Ou__xboard__xboard/SendToICS
started running SendToICS
finished SendToICS
removing targets
analyzing gcc-5__Ou__xboard__xboard/SendToICSDelayed
started running SendToICSDelayed
finished SendToICSDelayed
removing targets
analyzing gcc-5__Ou__xboard__xboard/StripHighlightAndTitle
started running StripHighlightAndTitle
stopped exploration
finished StripHighlightAndTitle
removing targets
analyzing gcc-5__Ou__xboard__xboard/StripHighlight
started running StripHighlight
stopped exploration
finished StripHighlight
removing targets
analyzing gcc-5__Ou__xboard__xboard/VariantName
started running VariantName
finished VariantName
removing targets
analyzing gcc-5__Ou__xboard__xboard/StringToVariant
started running StringToVariant
finished StringToVariant
removing targets
analyzing gcc-5__Ou__xboard__xboard/looking_at
started running looking_at
finished looking_at
removing targets
analyzing gcc-5__Ou__xboard__xboard/SendToPlayer
started running SendToPlayer
finished SendToPlayer
analyzing gcc-5__Ou__xboard__xboard/PackHolding
started running PackHolding
finished PackHolding
removing targets
analyzing gcc-5__Ou__xboard__xboard/TelnetRequest
started running TelnetRequest
finished TelnetRequest
removing targets
analyzing gcc-5__Ou__xboard__xboard/DoEcho
started running DoEcho
finished DoEcho
removing targets
analyzing gcc-5__Ou__xboard__xboard/DontEcho
started running DontEcho
finished DontEcho
removing targets
analyzing gcc-5__Ou__xboard__xboard/CopyHoldings
started running CopyHoldings
finished CopyHoldings
removing targets
analyzing gcc-5__Ou__xboard__xboard/VariantSwitch
started running VariantSwitch
finished VariantSwitch
removing targets
analyzing gcc-5__Ou__xboard__xboard/PlotSeekAd
started running PlotSeekAd
finished PlotSeekAd
removing targets
analyzing gcc-5__Ou__xboard__xboard/PlotSingleSeekAd
started running PlotSingleSeekAd
finished PlotSingleSeekAd
analyzing gcc-5__Ou__xboard__xboard/AddAd
started running AddAd
finished AddAd
analyzing gcc-5__Ou__xboard__xboard/EraseSeekDot
started running EraseSeekDot
finished EraseSeekDot
analyzing gcc-5__Ou__xboard__xboard/RemoveSeekAd
started running RemoveSeekAd
finished RemoveSeekAd
removing targets
analyzing gcc-5__Ou__xboard__xboard/MatchSoughtLine
started running MatchSoughtLine
finished MatchSoughtLine
analyzing gcc-5__Ou__xboard__xboard/DrawSeekGraph
started running DrawSeekGraph
finished DrawSeekGraph
removing targets
analyzing gcc-5__Ou__xboard__xboard/SeekGraphClick
started running SeekGraphClick
finished SeekGraphClick
removing targets
analyzing gcc-5__Ou__xboard__xboard/read_from_ics
started running read_from_ics
stopped exploration
finished read_from_ics
removing targets
analyzing gcc-5__Ou__xboard__xboard/ParseBoard12
started running ParseBoard12
