ERROR   | 2021-12-02 12:46:05,676 | root     | list index out of range
ERROR   | 2021-12-02 12:46:05,676 | root     | got an error while analyzing powerld
ERROR   | 2021-12-02 12:46:06,158 | root     | list index out of range
ERROR   | 2021-12-02 12:46:06,158 | root     | got an error while analyzing absld
ERROR   | 2021-12-02 12:46:06,519 | root     | list index out of range
ERROR   | 2021-12-02 12:46:06,519 | root     | got an error while analyzing expld
ERROR   | 2021-12-02 12:46:06,821 | root     | list index out of range
ERROR   | 2021-12-02 12:46:06,822 | root     | got an error while analyzing simple_round_ceiling
ERROR   | 2021-12-02 12:46:07,122 | root     | list index out of range
ERROR   | 2021-12-02 12:46:07,122 | root     | got an error while analyzing simple_round_floor
ERROR   | 2021-12-02 12:46:07,378 | root     | list index out of range
ERROR   | 2021-12-02 12:46:07,378 | root     | got an error while analyzing simple_round_from_zero
ERROR   | 2021-12-02 12:46:07,623 | root     | list index out of range
ERROR   | 2021-12-02 12:46:07,623 | root     | got an error while analyzing simple_round_to_zero
ERROR   | 2021-12-02 12:46:07,872 | root     | list index out of range
ERROR   | 2021-12-02 12:46:07,872 | root     | got an error while analyzing simple_round_nearest
ERROR   | 2021-12-02 12:46:08,134 | root     | list index out of range
ERROR   | 2021-12-02 12:46:08,134 | root     | got an error while analyzing simple_round
ERROR   | 2021-12-02 12:46:08,864 | root     | list index out of range
ERROR   | 2021-12-02 12:46:08,864 | root     | got an error while analyzing simple_strtod_int
ERROR   | 2021-12-02 12:46:31,101 | root     | list index out of range
ERROR   | 2021-12-02 12:46:31,101 | root     | got an error while analyzing double_to_human
ERROR   | 2021-12-02 12:52:41,641 | root     | list index out of range
ERROR   | 2021-12-02 12:52:41,641 | root     | got an error while analyzing process_field
Killed
