gcc-5__Ou__coreutils-8.25__shuf have 194 funcs
analyzing gcc-5__Ou__coreutils-8.25__shuf/deregister_tm_clones
started running deregister_tm_clones
finished deregister_tm_clones
removing targets
analyzing gcc-5__Ou__coreutils-8.25__shuf/register_tm_clones
started running register_tm_clones
finished register_tm_clones
removing targets
analyzing gcc-5__Ou__coreutils-8.25__shuf/frame_dummy
started running frame_dummy
finished frame_dummy
removing targets
analyzing gcc-5__Ou__coreutils-8.25__shuf/emit_stdin_note
started running emit_stdin_note
finished emit_stdin_note
analyzing gcc-5__Ou__coreutils-8.25__shuf/emit_mandatory_arg_note
started running emit_mandatory_arg_note
finished emit_mandatory_arg_note
analyzing gcc-5__Ou__coreutils-8.25__shuf/emit_ancillary_info
started running emit_ancillary_info
finished emit_ancillary_info
removing targets
analyzing gcc-5__Ou__coreutils-8.25__shuf/emit_try_help
started running emit_try_help
finished emit_try_help
analyzing gcc-5__Ou__coreutils-8.25__shuf/usable_st_size
started running usable_st_size
finished usable_st_size
removing targets
analyzing gcc-5__Ou__coreutils-8.25__shuf/randint_choose
started running randint_choose
finished randint_choose
analyzing gcc-5__Ou__coreutils-8.25__shuf/input_from_argv
started running input_from_argv
finished input_from_argv
removing targets
analyzing gcc-5__Ou__coreutils-8.25__shuf/next_line
started running next_line
finished next_line
analyzing gcc-5__Ou__coreutils-8.25__shuf/input_size
started running input_size
finished input_size
analyzing gcc-5__Ou__coreutils-8.25__shuf/read_input_reservoir_sampling
started running read_input_reservoir_sampling
finished read_input_reservoir_sampling
analyzing gcc-5__Ou__coreutils-8.25__shuf/write_permuted_output_reservoir
started running write_permuted_output_reservoir
finished write_permuted_output_reservoir
removing targets
analyzing gcc-5__Ou__coreutils-8.25__shuf/read_input
started running read_input
finished read_input
analyzing gcc-5__Ou__coreutils-8.25__shuf/write_permuted_lines
started running write_permuted_lines
finished write_permuted_lines
removing targets
analyzing gcc-5__Ou__coreutils-8.25__shuf/write_permuted_numbers
started running write_permuted_numbers
finished write_permuted_numbers
removing targets
analyzing gcc-5__Ou__coreutils-8.25__shuf/write_random_numbers
started running write_random_numbers
finished write_random_numbers
removing targets
analyzing gcc-5__Ou__coreutils-8.25__shuf/write_random_lines
started running write_random_lines
finished write_random_lines
removing targets
analyzing gcc-5__Ou__coreutils-8.25__shuf/close_stdout_set_file_name
started running close_stdout_set_file_name
finished close_stdout_set_file_name
analyzing gcc-5__Ou__coreutils-8.25__shuf/close_stdout_set_ignore_EPIPE
started running close_stdout_set_ignore_EPIPE
finished close_stdout_set_ignore_EPIPE
analyzing gcc-5__Ou__coreutils-8.25__shuf/close_stdout
started running close_stdout
finished close_stdout
analyzing gcc-5__Ou__coreutils-8.25__shuf/fdadvise
started running fdadvise
finished fdadvise
analyzing gcc-5__Ou__coreutils-8.25__shuf/fadvise
started running fadvise
finished fadvise
removing targets
analyzing gcc-5__Ou__coreutils-8.25__shuf/protect_fd
started running protect_fd
finished protect_fd
analyzing gcc-5__Ou__coreutils-8.25__shuf/freopen_safer
started running freopen_safer
finished freopen_safer
analyzing gcc-5__Ou__coreutils-8.25__shuf/initbuffer
started running initbuffer
finished initbuffer
analyzing gcc-5__Ou__coreutils-8.25__shuf/readlinebuffer
started running readlinebuffer
finished readlinebuffer
analyzing gcc-5__Ou__coreutils-8.25__shuf/readlinebuffer_delim
started running readlinebuffer_delim
finished readlinebuffer_delim
analyzing gcc-5__Ou__coreutils-8.25__shuf/freebuffer
started running freebuffer
finished freebuffer
analyzing gcc-5__Ou__coreutils-8.25__shuf/set_program_name
started running set_program_name
finished set_program_name
removing targets
analyzing gcc-5__Ou__coreutils-8.25__shuf/clone_quoting_options
started running clone_quoting_options
finished clone_quoting_options
analyzing gcc-5__Ou__coreutils-8.25__shuf/get_quoting_style
started running get_quoting_style
finished get_quoting_style
removing targets
analyzing gcc-5__Ou__coreutils-8.25__shuf/set_quoting_style
started running set_quoting_style
finished set_quoting_style
removing targets
analyzing gcc-5__Ou__coreutils-8.25__shuf/set_char_quoting
started running set_char_quoting
finished set_char_quoting
removing targets
analyzing gcc-5__Ou__coreutils-8.25__shuf/set_quoting_flags
started running set_quoting_flags
finished set_quoting_flags
removing targets
analyzing gcc-5__Ou__coreutils-8.25__shuf/set_custom_quoting
started running set_custom_quoting
finished set_custom_quoting
removing targets
analyzing gcc-5__Ou__coreutils-8.25__shuf/quoting_options_from_style
started running quoting_options_from_style
finished quoting_options_from_style
analyzing gcc-5__Ou__coreutils-8.25__shuf/gettext_quote
started running gettext_quote
finished gettext_quote
analyzing gcc-5__Ou__coreutils-8.25__shuf/quotearg_buffer_restyled
started running quotearg_buffer_restyled
stopped exploration
finished quotearg_buffer_restyled
analyzing gcc-5__Ou__coreutils-8.25__shuf/quotearg_buffer
started running quotearg_buffer
finished quotearg_buffer
removing targets
analyzing gcc-5__Ou__coreutils-8.25__shuf/quotearg_alloc
started running quotearg_alloc
finished quotearg_alloc
analyzing gcc-5__Ou__coreutils-8.25__shuf/quotearg_alloc_mem
started running quotearg_alloc_mem
finished quotearg_alloc_mem
removing targets
analyzing gcc-5__Ou__coreutils-8.25__shuf/quotearg_free
started running quotearg_free
finished quotearg_free
removing targets
analyzing gcc-5__Ou__coreutils-8.25__shuf/quotearg_n_options
started running quotearg_n_options
finished quotearg_n_options
analyzing gcc-5__Ou__coreutils-8.25__shuf/quotearg_n
started running quotearg_n
finished quotearg_n
analyzing gcc-5__Ou__coreutils-8.25__shuf/quotearg_n_mem
started running quotearg_n_mem
finished quotearg_n_mem
analyzing gcc-5__Ou__coreutils-8.25__shuf/quotearg
started running quotearg
finished quotearg
analyzing gcc-5__Ou__coreutils-8.25__shuf/quotearg_mem
started running quotearg_mem
finished quotearg_mem
analyzing gcc-5__Ou__coreutils-8.25__shuf/quotearg_n_style
started running quotearg_n_style
finished quotearg_n_style
analyzing gcc-5__Ou__coreutils-8.25__shuf/quotearg_n_style_mem
started running quotearg_n_style_mem
finished quotearg_n_style_mem
analyzing gcc-5__Ou__coreutils-8.25__shuf/quotearg_style
started running quotearg_style
finished quotearg_style
analyzing gcc-5__Ou__coreutils-8.25__shuf/quotearg_style_mem
started running quotearg_style_mem
finished quotearg_style_mem
analyzing gcc-5__Ou__coreutils-8.25__shuf/quotearg_char_mem
started running quotearg_char_mem
finished quotearg_char_mem
analyzing gcc-5__Ou__coreutils-8.25__shuf/quotearg_char
started running quotearg_char
finished quotearg_char
analyzing gcc-5__Ou__coreutils-8.25__shuf/quotearg_colon
started running quotearg_colon
finished quotearg_colon
analyzing gcc-5__Ou__coreutils-8.25__shuf/quotearg_colon_mem
started running quotearg_colon_mem
finished quotearg_colon_mem
analyzing gcc-5__Ou__coreutils-8.25__shuf/quotearg_n_style_colon
started running quotearg_n_style_colon
finished quotearg_n_style_colon
analyzing gcc-5__Ou__coreutils-8.25__shuf/quotearg_n_custom
started running quotearg_n_custom
finished quotearg_n_custom
analyzing gcc-5__Ou__coreutils-8.25__shuf/quotearg_n_custom_mem
started running quotearg_n_custom_mem
finished quotearg_n_custom_mem
analyzing gcc-5__Ou__coreutils-8.25__shuf/quotearg_custom
started running quotearg_custom
finished quotearg_custom
analyzing gcc-5__Ou__coreutils-8.25__shuf/quotearg_custom_mem
started running quotearg_custom_mem
finished quotearg_custom_mem
analyzing gcc-5__Ou__coreutils-8.25__shuf/quote_n_mem
started running quote_n_mem
finished quote_n_mem
analyzing gcc-5__Ou__coreutils-8.25__shuf/quote_mem
started running quote_mem
finished quote_mem
analyzing gcc-5__Ou__coreutils-8.25__shuf/quote_n
started running quote_n
finished quote_n
analyzing gcc-5__Ou__coreutils-8.25__shuf/quote
started running quote
finished quote
analyzing gcc-5__Ou__coreutils-8.25__shuf/randint_new
started running randint_new
finished randint_new
analyzing gcc-5__Ou__coreutils-8.25__shuf/randint_all_new
started running randint_all_new
finished randint_all_new
analyzing gcc-5__Ou__coreutils-8.25__shuf/randint_get_source
started running randint_get_source
finished randint_get_source
analyzing gcc-5__Ou__coreutils-8.25__shuf/shift_left
started running shift_left
finished shift_left
analyzing gcc-5__Ou__coreutils-8.25__shuf/randint_genmax
started running randint_genmax
stopped exploration
finished randint_genmax
removing targets
analyzing gcc-5__Ou__coreutils-8.25__shuf/randint_free
started running randint_free
finished randint_free
analyzing gcc-5__Ou__coreutils-8.25__shuf/randint_all_free
started running randint_all_free
finished randint_all_free
skipping randint|choose
analyzing gcc-5__Ou__coreutils-8.25__shuf/ceil_lg
started running ceil_lg
finished ceil_lg
removing targets
analyzing gcc-5__Ou__coreutils-8.25__shuf/randperm_bound
started running randperm_bound
finished randperm_bound
analyzing gcc-5__Ou__coreutils-8.25__shuf/swap
started running swap
finished swap
analyzing gcc-5__Ou__coreutils-8.25__shuf/sparse_hash_
started running sparse_hash_
finished sparse_hash_
analyzing gcc-5__Ou__coreutils-8.25__shuf/sparse_cmp_
started running sparse_cmp_
finished sparse_cmp_
analyzing gcc-5__Ou__coreutils-8.25__shuf/sparse_new
started running sparse_new
finished sparse_new
analyzing gcc-5__Ou__coreutils-8.25__shuf/sparse_swap
started running sparse_swap
finished sparse_swap
analyzing gcc-5__Ou__coreutils-8.25__shuf/sparse_free
started running sparse_free
finished sparse_free
analyzing gcc-5__Ou__coreutils-8.25__shuf/randperm_new
started running randperm_new
finished randperm_new
removing targets
analyzing gcc-5__Ou__coreutils-8.25__shuf/randread_error
started running randread_error
finished randread_error
removing targets
analyzing gcc-5__Ou__coreutils-8.25__shuf/simple_new
started running simple_new
finished simple_new
analyzing gcc-5__Ou__coreutils-8.25__shuf/get_nonce
started running get_nonce
finished get_nonce
analyzing gcc-5__Ou__coreutils-8.25__shuf/randread_new
started running randread_new
finished randread_new
removing targets
analyzing gcc-5__Ou__coreutils-8.25__shuf/randread_set_handler
started running randread_set_handler
finished randread_set_handler
analyzing gcc-5__Ou__coreutils-8.25__shuf/randread_set_handler_arg
started running randread_set_handler_arg
finished randread_set_handler_arg
analyzing gcc-5__Ou__coreutils-8.25__shuf/readsource
started running readsource
finished readsource
analyzing gcc-5__Ou__coreutils-8.25__shuf/readisaac
started running readisaac
finished readisaac
removing targets
analyzing gcc-5__Ou__coreutils-8.25__shuf/randread
started running randread
finished randread
removing targets
analyzing gcc-5__Ou__coreutils-8.25__shuf/randread_free
started running randread_free
finished randread_free
analyzing gcc-5__Ou__coreutils-8.25__shuf/just
started running just
finished just
analyzing gcc-5__Ou__coreutils-8.25__shuf/ind
started running ind
finished ind
analyzing gcc-5__Ou__coreutils-8.25__shuf/isaac_refill
started running isaac_refill
finished isaac_refill
analyzing gcc-5__Ou__coreutils-8.25__shuf/isaac_seed
started running isaac_seed
finished isaac_seed
removing targets
analyzing gcc-5__Ou__coreutils-8.25__shuf/fread_file
started running fread_file
finished fread_file
analyzing gcc-5__Ou__coreutils-8.25__shuf/internal_read_file
started running internal_read_file
finished internal_read_file
analyzing gcc-5__Ou__coreutils-8.25__shuf/read_file
started running read_file
finished read_file
analyzing gcc-5__Ou__coreutils-8.25__shuf/read_binary_file
started running read_binary_file
finished read_binary_file
analyzing gcc-5__Ou__coreutils-8.25__shuf/version_etc_arn
started running version_etc_arn
finished version_etc_arn
removing targets
analyzing gcc-5__Ou__coreutils-8.25__shuf/version_etc_ar
started running version_etc_ar
finished version_etc_ar
removing targets
analyzing gcc-5__Ou__coreutils-8.25__shuf/version_etc_va
started running version_etc_va
finished version_etc_va
removing targets
analyzing gcc-5__Ou__coreutils-8.25__shuf/version_etc
started running version_etc
finished version_etc
removing targets
analyzing gcc-5__Ou__coreutils-8.25__shuf/emit_bug_reporting_address
started running emit_bug_reporting_address
finished emit_bug_reporting_address
analyzing gcc-5__Ou__coreutils-8.25__shuf/xnmalloc
started running xnmalloc
finished xnmalloc
removing targets
analyzing gcc-5__Ou__coreutils-8.25__shuf/xnrealloc
started running xnrealloc
finished xnrealloc
removing targets
analyzing gcc-5__Ou__coreutils-8.25__shuf/x2nrealloc
started running x2nrealloc
finished x2nrealloc
removing targets
analyzing gcc-5__Ou__coreutils-8.25__shuf/xcharalloc
started running xcharalloc
finished xcharalloc
analyzing gcc-5__Ou__coreutils-8.25__shuf/xmalloc
started running xmalloc
finished xmalloc
analyzing gcc-5__Ou__coreutils-8.25__shuf/xrealloc
started running xrealloc
finished xrealloc
removing targets
analyzing gcc-5__Ou__coreutils-8.25__shuf/x2realloc
started running x2realloc
finished x2realloc
analyzing gcc-5__Ou__coreutils-8.25__shuf/xzalloc
started running xzalloc
finished xzalloc
analyzing gcc-5__Ou__coreutils-8.25__shuf/xcalloc
started running xcalloc
finished xcalloc
analyzing gcc-5__Ou__coreutils-8.25__shuf/xmemdup
started running xmemdup
finished xmemdup
analyzing gcc-5__Ou__coreutils-8.25__shuf/xstrdup
started running xstrdup
finished xstrdup
analyzing gcc-5__Ou__coreutils-8.25__shuf/xalloc_die
started running xalloc_die
finished xalloc_die
analyzing gcc-5__Ou__coreutils-8.25__shuf/xnumtoumax
started running xnumtoumax
finished xnumtoumax
analyzing gcc-5__Ou__coreutils-8.25__shuf/xdectoumax
started running xdectoumax
finished xdectoumax
analyzing gcc-5__Ou__coreutils-8.25__shuf/bkm_scale
started running bkm_scale
finished bkm_scale
removing targets
analyzing gcc-5__Ou__coreutils-8.25__shuf/bkm_scale_by_power
started running bkm_scale_by_power
finished bkm_scale_by_power
removing targets
analyzing gcc-5__Ou__coreutils-8.25__shuf/xstrtoul
started running xstrtoul
finished xstrtoul
removing targets
skipping bkm|scale
skipping bkm|scale|by|power
analyzing gcc-5__Ou__coreutils-8.25__shuf/xstrtoumax
started running xstrtoumax
finished xstrtoumax
removing targets
analyzing gcc-5__Ou__coreutils-8.25__shuf/rpl_fclose
started running rpl_fclose
finished rpl_fclose
analyzing gcc-5__Ou__coreutils-8.25__shuf/clear_ungetc_buffer_preserving_position
started running clear_ungetc_buffer_preserving_position
finished clear_ungetc_buffer_preserving_position
removing targets
analyzing gcc-5__Ou__coreutils-8.25__shuf/rpl_fflush
started running rpl_fflush
finished rpl_fflush
removing targets
analyzing gcc-5__Ou__coreutils-8.25__shuf/rpl_fseeko
started running rpl_fseeko
finished rpl_fseeko
removing targets
analyzing gcc-5__Ou__coreutils-8.25__shuf/c_strcasecmp
started running c_strcasecmp
finished c_strcasecmp
removing targets
analyzing gcc-5__Ou__coreutils-8.25__shuf/close_stream
started running close_stream
finished close_stream
analyzing gcc-5__Ou__coreutils-8.25__shuf/fopen_safer
started running fopen_safer
finished fopen_safer
analyzing gcc-5__Ou__coreutils-8.25__shuf/hash_get_n_buckets
started running hash_get_n_buckets
finished hash_get_n_buckets
analyzing gcc-5__Ou__coreutils-8.25__shuf/hash_get_n_buckets_used
started running hash_get_n_buckets_used
finished hash_get_n_buckets_used
analyzing gcc-5__Ou__coreutils-8.25__shuf/hash_get_n_entries
started running hash_get_n_entries
finished hash_get_n_entries
analyzing gcc-5__Ou__coreutils-8.25__shuf/hash_get_max_bucket_length
started running hash_get_max_bucket_length
finished hash_get_max_bucket_length
removing targets
analyzing gcc-5__Ou__coreutils-8.25__shuf/hash_table_ok
started running hash_table_ok
finished hash_table_ok
removing targets
analyzing gcc-5__Ou__coreutils-8.25__shuf/hash_print_statistics
started running hash_print_statistics
finished hash_print_statistics
analyzing gcc-5__Ou__coreutils-8.25__shuf/safe_hasher
started running safe_hasher
finished safe_hasher
analyzing gcc-5__Ou__coreutils-8.25__shuf/hash_lookup
started running hash_lookup
finished hash_lookup
analyzing gcc-5__Ou__coreutils-8.25__shuf/hash_get_first
started running hash_get_first
stopped exploration
finished hash_get_first
removing targets
analyzing gcc-5__Ou__coreutils-8.25__shuf/hash_get_next
started running hash_get_next
finished hash_get_next
analyzing gcc-5__Ou__coreutils-8.25__shuf/hash_get_entries
started running hash_get_entries
finished hash_get_entries
removing targets
analyzing gcc-5__Ou__coreutils-8.25__shuf/hash_do_for_each
started running hash_do_for_each
finished hash_do_for_each
removing targets
analyzing gcc-5__Ou__coreutils-8.25__shuf/hash_string
started running hash_string
finished hash_string
removing targets
analyzing gcc-5__Ou__coreutils-8.25__shuf/is_prime
started running is_prime
finished is_prime
removing targets
analyzing gcc-5__Ou__coreutils-8.25__shuf/next_prime
started running next_prime
finished next_prime
removing targets
analyzing gcc-5__Ou__coreutils-8.25__shuf/hash_reset_tuning
started running hash_reset_tuning
finished hash_reset_tuning
analyzing gcc-5__Ou__coreutils-8.25__shuf/raw_hasher
started running raw_hasher
finished raw_hasher
analyzing gcc-5__Ou__coreutils-8.25__shuf/raw_comparator
started running raw_comparator
finished raw_comparator
analyzing gcc-5__Ou__coreutils-8.25__shuf/check_tuning
started running check_tuning
finished check_tuning
removing targets
analyzing gcc-5__Ou__coreutils-8.25__shuf/compute_bucket_size
started running compute_bucket_size
finished compute_bucket_size
removing targets
analyzing gcc-5__Ou__coreutils-8.25__shuf/hash_initialize
started running hash_initialize
finished hash_initialize
removing targets
analyzing gcc-5__Ou__coreutils-8.25__shuf/hash_clear
started running hash_clear
finished hash_clear
removing targets
analyzing gcc-5__Ou__coreutils-8.25__shuf/hash_free
started running hash_free
finished hash_free
removing targets
analyzing gcc-5__Ou__coreutils-8.25__shuf/allocate_entry
started running allocate_entry
finished allocate_entry
removing targets
analyzing gcc-5__Ou__coreutils-8.25__shuf/free_entry
started running free_entry
finished free_entry
analyzing gcc-5__Ou__coreutils-8.25__shuf/hash_find_entry
started running hash_find_entry
finished hash_find_entry
analyzing gcc-5__Ou__coreutils-8.25__shuf/transfer_entries
started running transfer_entries
stopped exploration
finished transfer_entries
removing targets
analyzing gcc-5__Ou__coreutils-8.25__shuf/hash_rehash
started running hash_rehash
finished hash_rehash
analyzing gcc-5__Ou__coreutils-8.25__shuf/hash_insert_if_absent
started running hash_insert_if_absent
analyzing gcc-5__Ou__coreutils-8.25__shuf/hash_insert
started running hash_insert
finished hash_insert
analyzing gcc-5__Ou__coreutils-8.25__shuf/hash_delete
started running hash_delete
finished hash_delete
analyzing gcc-5__Ou__coreutils-8.25__shuf/get_charset_aliases
started running get_charset_aliases
stopped exploration
finished get_charset_aliases
removing targets
analyzing gcc-5__Ou__coreutils-8.25__shuf/locale_charset
started running locale_charset
analyzing gcc-5__Ou__coreutils-8.25__shuf/dup_safer
started running dup_safer
finished dup_safer
analyzing gcc-5__Ou__coreutils-8.25__shuf/rpl_fcntl
started running rpl_fcntl
finished rpl_fcntl
removing targets
analyzing gcc-5__Ou__coreutils-8.25__shuf/rotl64
started running rotl64
finished rotl64
analyzing gcc-5__Ou__coreutils-8.25__shuf/rotr64
started running rotr64
finished rotr64
analyzing gcc-5__Ou__coreutils-8.25__shuf/rotl32
started running rotl32
finished rotl32
analyzing gcc-5__Ou__coreutils-8.25__shuf/rotr32
started running rotr32
finished rotr32
analyzing gcc-5__Ou__coreutils-8.25__shuf/rotl_sz
started running rotl_sz
finished rotl_sz
analyzing gcc-5__Ou__coreutils-8.25__shuf/rotr_sz
started running rotr_sz
finished rotr_sz
analyzing gcc-5__Ou__coreutils-8.25__shuf/rotl16
started running rotl16
finished rotl16
analyzing gcc-5__Ou__coreutils-8.25__shuf/rotr16
started running rotr16
finished rotr16
analyzing gcc-5__Ou__coreutils-8.25__shuf/rotl8
started running rotl8
finished rotl8
analyzing gcc-5__Ou__coreutils-8.25__shuf/rotr8
started running rotr8
finished rotr8
analyzing gcc-5__Ou__coreutils-8.25__shuf/c_isalnum
started running c_isalnum
finished c_isalnum
removing targets
analyzing gcc-5__Ou__coreutils-8.25__shuf/c_isalpha
started running c_isalpha
finished c_isalpha
removing targets
analyzing gcc-5__Ou__coreutils-8.25__shuf/c_isascii
started running c_isascii
finished c_isascii
removing targets
analyzing gcc-5__Ou__coreutils-8.25__shuf/c_isblank
started running c_isblank
finished c_isblank
removing targets
analyzing gcc-5__Ou__coreutils-8.25__shuf/c_iscntrl
started running c_iscntrl
finished c_iscntrl
removing targets
analyzing gcc-5__Ou__coreutils-8.25__shuf/c_isdigit
started running c_isdigit
finished c_isdigit
removing targets
analyzing gcc-5__Ou__coreutils-8.25__shuf/c_isgraph
started running c_isgraph
finished c_isgraph
removing targets
analyzing gcc-5__Ou__coreutils-8.25__shuf/c_islower
started running c_islower
finished c_islower
removing targets
analyzing gcc-5__Ou__coreutils-8.25__shuf/c_isprint
started running c_isprint
finished c_isprint
removing targets
analyzing gcc-5__Ou__coreutils-8.25__shuf/c_ispunct
started running c_ispunct
finished c_ispunct
removing targets
analyzing gcc-5__Ou__coreutils-8.25__shuf/c_isspace
started running c_isspace
finished c_isspace
removing targets
analyzing gcc-5__Ou__coreutils-8.25__shuf/c_isupper
started running c_isupper
finished c_isupper
removing targets
analyzing gcc-5__Ou__coreutils-8.25__shuf/c_isxdigit
started running c_isxdigit
finished c_isxdigit
removing targets
analyzing gcc-5__Ou__coreutils-8.25__shuf/c_tolower
started running c_tolower
finished c_tolower
removing targets
analyzing gcc-5__Ou__coreutils-8.25__shuf/c_toupper
started running c_toupper
finished c_toupper
removing targets
analyzing gcc-5__Ou__coreutils-8.25__shuf/atexit
started running atexit
finished atexit
removing targets
