ERROR   | 2021-12-03 13:58:58,515 | root     | list index out of range
ERROR   | 2021-12-03 13:58:58,515 | root     | got an error while analyzing finalize_numeric_output_buffer
ERROR   | 2021-12-03 13:59:06,677 | root     | list index out of range
ERROR   | 2021-12-03 13:59:06,677 | root     | got an error while analyzing is_zero
ERROR   | 2021-12-03 13:59:07,218 | root     | list index out of range
ERROR   | 2021-12-03 13:59:07,218 | root     | got an error while analyzing is_signed_zero
ERROR   | 2021-12-03 13:59:09,918 | root     | list index out of range
ERROR   | 2021-12-03 13:59:09,918 | root     | got an error while analyzing cmp_long_double
ERROR   | 2021-12-03 13:59:10,502 | root     | list index out of range
ERROR   | 2021-12-03 13:59:10,502 | root     | got an error while analyzing median_value
ERROR   | 2021-12-03 14:00:30,443 | root     | list index out of range
ERROR   | 2021-12-03 14:00:30,444 | root     | got an error while analyzing percentile_value
ERROR   | 2021-12-03 14:00:30,989 | root     | list index out of range
ERROR   | 2021-12-03 14:00:30,989 | root     | got an error while analyzing mad_value
ERROR   | 2021-12-03 14:00:31,514 | root     | list index out of range
ERROR   | 2021-12-03 14:00:31,515 | root     | got an error while analyzing arithmetic_mean_value
ERROR   | 2021-12-03 14:00:32,669 | root     | list index out of range
ERROR   | 2021-12-03 14:00:32,671 | root     | got an error while analyzing variance_value
ERROR   | 2021-12-03 14:00:33,212 | root     | list index out of range
ERROR   | 2021-12-03 14:00:33,212 | root     | got an error while analyzing covariance_value
ERROR   | 2021-12-03 14:00:33,737 | root     | list index out of range
ERROR   | 2021-12-03 14:00:33,737 | root     | got an error while analyzing pearson_corr_value
ERROR   | 2021-12-03 14:00:34,837 | root     | list index out of range
ERROR   | 2021-12-03 14:00:34,838 | root     | got an error while analyzing stdev_value
ERROR   | 2021-12-03 14:00:35,362 | root     | list index out of range
ERROR   | 2021-12-03 14:00:35,362 | root     | got an error while analyzing skewness_value
ERROR   | 2021-12-03 14:00:36,762 | root     | list index out of range
ERROR   | 2021-12-03 14:00:36,763 | root     | got an error while analyzing SES_value
ERROR   | 2021-12-03 14:00:37,297 | root     | list index out of range
ERROR   | 2021-12-03 14:00:37,297 | root     | got an error while analyzing skewnessZ_value
ERROR   | 2021-12-03 14:00:37,821 | root     | list index out of range
ERROR   | 2021-12-03 14:00:37,821 | root     | got an error while analyzing excess_kurtosis_value
ERROR   | 2021-12-03 14:00:38,344 | root     | list index out of range
ERROR   | 2021-12-03 14:00:38,344 | root     | got an error while analyzing SEK_value
ERROR   | 2021-12-03 14:00:38,868 | root     | list index out of range
ERROR   | 2021-12-03 14:00:38,868 | root     | got an error while analyzing kurtosisZ_value
ERROR   | 2021-12-03 14:00:39,380 | root     | list index out of range
ERROR   | 2021-12-03 14:00:39,380 | root     | got an error while analyzing pchisq_df2
ERROR   | 2021-12-03 14:00:39,903 | root     | list index out of range
ERROR   | 2021-12-03 14:00:39,903 | root     | got an error while analyzing jarque_bera_pvalue
ERROR   | 2021-12-03 14:00:40,423 | root     | list index out of range
ERROR   | 2021-12-03 14:00:40,424 | root     | got an error while analyzing dagostino_pearson_omnibus_pvalue
ERROR   | 2021-12-03 14:00:40,945 | root     | list index out of range
ERROR   | 2021-12-03 14:00:40,945 | root     | got an error while analyzing mode_value
ERROR   | 2021-12-03 14:00:41,463 | root     | list index out of range
ERROR   | 2021-12-03 14:00:41,463 | root     | got an error while analyzing trimmed_mean_value
ERROR   | 2021-12-03 14:20:27,561 | root     | list index out of range
ERROR   | 2021-12-03 14:20:27,562 | root     | got an error while analyzing quartile1_value
ERROR   | 2021-12-03 14:20:28,098 | root     | list index out of range
ERROR   | 2021-12-03 14:20:28,098 | root     | got an error while analyzing quartile3_value
ERROR   | 2021-12-03 14:20:29,431 | root     | list index out of range
ERROR   | 2021-12-03 14:20:29,431 | root     | got an error while analyzing field_op_add_value
ERROR   | 2021-12-03 14:21:15,127 | root     | list index out of range
ERROR   | 2021-12-03 14:21:15,127 | root     | got an error while analyzing field_op_collect
ERROR   | 2021-12-03 14:21:50,665 | root     | list index out of range
ERROR   | 2021-12-03 14:21:50,665 | root     | got an error while analyzing field_op_summarize_empty
ERROR   | 2021-12-03 14:21:51,212 | root     | list index out of range
ERROR   | 2021-12-03 14:21:51,213 | root     | got an error while analyzing field_op_summarize
ERROR   | 2021-12-03 14:21:52,119 | root     | list index out of range
ERROR   | 2021-12-03 14:21:52,119 | root     | got an error while analyzing field_op_reset
ERROR   | 2021-12-03 15:29:07,029 | root     | b'out of memory'
ERROR   | 2021-12-03 15:29:07,032 | root     | got an error while analyzing hash_get_first
ERROR   | 2021-12-03 15:29:07,736 | root     | b'out of memory'
ERROR   | 2021-12-03 15:29:07,740 | root     | got an error while analyzing hash_get_next
ERROR   | 2021-12-03 15:29:08,327 | root     | b'out of memory'
ERROR   | 2021-12-03 15:29:08,329 | root     | got an error while analyzing hash_get_entries
ERROR   | 2021-12-03 15:29:08,911 | root     | b'out of memory'
ERROR   | 2021-12-03 15:29:08,912 | root     | got an error while analyzing hash_do_for_each
ERROR   | 2021-12-03 15:29:09,497 | root     | b'out of memory'
ERROR   | 2021-12-03 15:29:09,500 | root     | got an error while analyzing hash_string
Killed
