gcc-5__Ou__inetutils__syslogd have 132 funcs
analyzing gcc-5__Ou__inetutils__syslogd/deregister_tm_clones
started running deregister_tm_clones
finished deregister_tm_clones
removing targets
analyzing gcc-5__Ou__inetutils__syslogd/register_tm_clones
started running register_tm_clones
finished register_tm_clones
removing targets
analyzing gcc-5__Ou__inetutils__syslogd/frame_dummy
started running frame_dummy
finished frame_dummy
removing targets
analyzing gcc-5__Ou__inetutils__syslogd/parse_opt
started running parse_opt
finished parse_opt
removing targets
analyzing gcc-5__Ou__inetutils__syslogd/add_funix
started running add_funix
finished add_funix
analyzing gcc-5__Ou__inetutils__syslogd/create_unix_socket
started running create_unix_socket
finished create_unix_socket
removing targets
analyzing gcc-5__Ou__inetutils__syslogd/create_inet_socket
started running create_inet_socket
finished create_inet_socket
removing targets
analyzing gcc-5__Ou__inetutils__syslogd/crunch_list
started running crunch_list
stopped exploration
finished crunch_list
removing targets
analyzing gcc-5__Ou__inetutils__syslogd/printline
started running printline
stopped exploration
finished printline
removing targets
analyzing gcc-5__Ou__inetutils__syslogd/printsys
started running printsys
stopped exploration
finished printsys
analyzing gcc-5__Ou__inetutils__syslogd/textpri
started running textpri
finished textpri
removing targets
analyzing gcc-5__Ou__inetutils__syslogd/logmsg
started running logmsg
finished logmsg
analyzing gcc-5__Ou__inetutils__syslogd/fprintlog
started running fprintlog
finished fprintlog
analyzing gcc-5__Ou__inetutils__syslogd/wallmsg
started running wallmsg
finished wallmsg
removing targets
analyzing gcc-5__Ou__inetutils__syslogd/cvthname
started running cvthname
finished cvthname
analyzing gcc-5__Ou__inetutils__syslogd/domark
started running domark
finished domark
analyzing gcc-5__Ou__inetutils__syslogd/logerror
started running logerror
finished logerror
analyzing gcc-5__Ou__inetutils__syslogd/doexit
started running doexit
stopped exploration
finished doexit
analyzing gcc-5__Ou__inetutils__syslogd/die
started running die
stopped exploration
finished die
removing targets
analyzing gcc-5__Ou__inetutils__syslogd/load_conffile
started running load_conffile
stopped exploration
finished load_conffile
analyzing gcc-5__Ou__inetutils__syslogd/load_confdir
started running load_confdir
finished load_confdir
analyzing gcc-5__Ou__inetutils__syslogd/init
started running init
finished init
analyzing gcc-5__Ou__inetutils__syslogd/cfline
started running cfline
finished cfline
removing targets
analyzing gcc-5__Ou__inetutils__syslogd/decode
started running decode
finished decode
analyzing gcc-5__Ou__inetutils__syslogd/dbg_toggle
started running dbg_toggle
finished dbg_toggle
removing targets
analyzing gcc-5__Ou__inetutils__syslogd/dbg_printf
started running dbg_printf
finished dbg_printf
removing targets
analyzing gcc-5__Ou__inetutils__syslogd/trigger_restart
started running trigger_restart
finished trigger_restart
analyzing gcc-5__Ou__inetutils__syslogd/find_inet_port
started running find_inet_port
finished find_inet_port
analyzing gcc-5__Ou__inetutils__syslogd/waitdaemon_timeout
started running waitdaemon_timeout
finished waitdaemon_timeout
analyzing gcc-5__Ou__inetutils__syslogd/waitdaemon
started running waitdaemon
finished waitdaemon
analyzing gcc-5__Ou__inetutils__syslogd/daemon
started running daemon
finished daemon
analyzing gcc-5__Ou__inetutils__syslogd/localhost
started running localhost
finished localhost
analyzing gcc-5__Ou__inetutils__syslogd/ttymsg
started running ttymsg
stopped exploration
finished ttymsg
removing targets
analyzing gcc-5__Ou__inetutils__syslogd/fork2
started running fork2
finished fork2
analyzing gcc-5__Ou__inetutils__syslogd/normalize_path
started running normalize_path
stopped exploration
finished normalize_path
removing targets
analyzing gcc-5__Ou__inetutils__syslogd/validate_uparams
started running validate_uparams
finished validate_uparams
removing targets
analyzing gcc-5__Ou__inetutils__syslogd/fill_in_uparams
started running fill_in_uparams
stopped exploration
finished fill_in_uparams
analyzing gcc-5__Ou__inetutils__syslogd/find_char
started running find_char
finished find_char
removing targets
analyzing gcc-5__Ou__inetutils__syslogd/make_hol
started running make_hol
stopped exploration
finished make_hol
analyzing gcc-5__Ou__inetutils__syslogd/hol_add_cluster
started running hol_add_cluster
finished hol_add_cluster
analyzing gcc-5__Ou__inetutils__syslogd/hol_free
started running hol_free
finished hol_free
removing targets
analyzing gcc-5__Ou__inetutils__syslogd/hol_entry_short_iterate
started running hol_entry_short_iterate
finished hol_entry_short_iterate
removing targets
analyzing gcc-5__Ou__inetutils__syslogd/until_short
started running until_short
finished until_short
analyzing gcc-5__Ou__inetutils__syslogd/hol_entry_first_short
started running hol_entry_first_short
finished hol_entry_first_short
analyzing gcc-5__Ou__inetutils__syslogd/hol_entry_first_long
started running hol_entry_first_long
finished hol_entry_first_long
removing targets
analyzing gcc-5__Ou__inetutils__syslogd/hol_find_entry
started running hol_find_entry
stopped exploration
finished hol_find_entry
removing targets
analyzing gcc-5__Ou__inetutils__syslogd/hol_set_group
started running hol_set_group
finished hol_set_group
analyzing gcc-5__Ou__inetutils__syslogd/group_cmp
started running group_cmp
finished group_cmp
removing targets
analyzing gcc-5__Ou__inetutils__syslogd/hol_cluster_cmp
started running hol_cluster_cmp
finished hol_cluster_cmp
removing targets
analyzing gcc-5__Ou__inetutils__syslogd/hol_cluster_base
started running hol_cluster_base
finished hol_cluster_base
removing targets
analyzing gcc-5__Ou__inetutils__syslogd/hol_cluster_is_child
started running hol_cluster_is_child
finished hol_cluster_is_child
removing targets
analyzing gcc-5__Ou__inetutils__syslogd/canon_doc_option
started running canon_doc_option
finished canon_doc_option
removing targets
analyzing gcc-5__Ou__inetutils__syslogd/hol_entry_cmp
started running hol_entry_cmp
finished hol_entry_cmp
removing targets
analyzing gcc-5__Ou__inetutils__syslogd/hol_entry_qcmp
started running hol_entry_qcmp
finished hol_entry_qcmp
analyzing gcc-5__Ou__inetutils__syslogd/hol_sort
started running hol_sort
finished hol_sort
removing targets
analyzing gcc-5__Ou__inetutils__syslogd/hol_append
started running hol_append
stopped exploration
finished hol_append
removing targets
analyzing gcc-5__Ou__inetutils__syslogd/indent_to
started running indent_to
finished indent_to
analyzing gcc-5__Ou__inetutils__syslogd/space
started running space
finished space
analyzing gcc-5__Ou__inetutils__syslogd/arg
started running arg
finished arg
removing targets
analyzing gcc-5__Ou__inetutils__syslogd/filter_doc
started running filter_doc
finished filter_doc
removing targets
analyzing gcc-5__Ou__inetutils__syslogd/print_header
started running print_header
finished print_header
analyzing gcc-5__Ou__inetutils__syslogd/comma
started running comma
finished comma
removing targets
analyzing gcc-5__Ou__inetutils__syslogd/hol_entry_help
started running hol_entry_help
finished hol_entry_help
analyzing gcc-5__Ou__inetutils__syslogd/hol_help
started running hol_help
finished hol_help
removing targets
analyzing gcc-5__Ou__inetutils__syslogd/add_argless_short_opt
started running add_argless_short_opt
finished add_argless_short_opt
removing targets
analyzing gcc-5__Ou__inetutils__syslogd/usage_argful_short_opt
started running usage_argful_short_opt
finished usage_argful_short_opt
removing targets
analyzing gcc-5__Ou__inetutils__syslogd/usage_long_opt
started running usage_long_opt
finished usage_long_opt
removing targets
analyzing gcc-5__Ou__inetutils__syslogd/hol_usage
started running hol_usage
stopped exploration
finished hol_usage
removing targets
analyzing gcc-5__Ou__inetutils__syslogd/argp_hol
started running argp_hol
finished argp_hol
analyzing gcc-5__Ou__inetutils__syslogd/argp_args_levels
started running argp_args_levels
finished argp_args_levels
removing targets
analyzing gcc-5__Ou__inetutils__syslogd/argp_args_usage
started running argp_args_usage
finished argp_args_usage
analyzing gcc-5__Ou__inetutils__syslogd/argp_doc
started running argp_doc
finished argp_doc
removing targets
analyzing gcc-5__Ou__inetutils__syslogd/argp_help
started running argp_help
finished argp_help
analyzing gcc-5__Ou__inetutils__syslogd/argp_state_help
started running argp_state_help
finished argp_state_help
removing targets
analyzing gcc-5__Ou__inetutils__syslogd/argp_error
started running argp_error
finished argp_error
removing targets
analyzing gcc-5__Ou__inetutils__syslogd/argp_failure
started running argp_failure
finished argp_failure
removing targets
analyzing gcc-5__Ou__inetutils__syslogd/argp_default_parser
started running argp_default_parser
finished argp_default_parser
removing targets
analyzing gcc-5__Ou__inetutils__syslogd/argp_version_parser
started running argp_version_parser
finished argp_version_parser
removing targets
analyzing gcc-5__Ou__inetutils__syslogd/find_long_option
started running find_long_option
finished find_long_option
removing targets
analyzing gcc-5__Ou__inetutils__syslogd/group_parse
started running group_parse
finished group_parse
removing targets
analyzing gcc-5__Ou__inetutils__syslogd/convert_options
started running convert_options
stopped exploration
finished convert_options
removing targets
analyzing gcc-5__Ou__inetutils__syslogd/parser_convert
started running parser_convert
finished parser_convert
removing targets
analyzing gcc-5__Ou__inetutils__syslogd/calc_sizes
started running calc_sizes
finished calc_sizes
removing targets
analyzing gcc-5__Ou__inetutils__syslogd/parser_init
started running parser_init
finished parser_init
analyzing gcc-5__Ou__inetutils__syslogd/parser_finalize
started running parser_finalize
finished parser_finalize
removing targets
analyzing gcc-5__Ou__inetutils__syslogd/parser_parse_arg
started running parser_parse_arg
finished parser_parse_arg
removing targets
analyzing gcc-5__Ou__inetutils__syslogd/parser_parse_opt
started running parser_parse_opt
finished parser_parse_opt
removing targets
analyzing gcc-5__Ou__inetutils__syslogd/parser_parse_next
started running parser_parse_next
finished parser_parse_next
removing targets
analyzing gcc-5__Ou__inetutils__syslogd/argp_parse
started running argp_parse
finished argp_parse
removing targets
analyzing gcc-5__Ou__inetutils__syslogd/argp_usage
started running argp_usage
finished argp_usage
analyzing gcc-5__Ou__inetutils__syslogd/version_etc_hook
started running version_etc_hook
finished version_etc_hook
analyzing gcc-5__Ou__inetutils__syslogd/argp_version_setup
started running argp_version_setup
finished argp_version_setup
analyzing gcc-5__Ou__inetutils__syslogd/last_component
started running last_component
finished last_component
removing targets
analyzing gcc-5__Ou__inetutils__syslogd/base_len
started running base_len
finished base_len
analyzing gcc-5__Ou__inetutils__syslogd/set_program_name
started running set_program_name
finished set_program_name
removing targets
analyzing gcc-5__Ou__inetutils__syslogd/version_etc_arn
started running version_etc_arn
finished version_etc_arn
removing targets
analyzing gcc-5__Ou__inetutils__syslogd/version_etc_ar
started running version_etc_ar
finished version_etc_ar
removing targets
analyzing gcc-5__Ou__inetutils__syslogd/version_etc_va
started running version_etc_va
finished version_etc_va
removing targets
analyzing gcc-5__Ou__inetutils__syslogd/version_etc
started running version_etc
finished version_etc
removing targets
analyzing gcc-5__Ou__inetutils__syslogd/emit_bug_reporting_address
started running emit_bug_reporting_address
finished emit_bug_reporting_address
analyzing gcc-5__Ou__inetutils__syslogd/xnmalloc
started running xnmalloc
finished xnmalloc
removing targets
analyzing gcc-5__Ou__inetutils__syslogd/xnrealloc
started running xnrealloc
finished xnrealloc
removing targets
analyzing gcc-5__Ou__inetutils__syslogd/x2nrealloc
started running x2nrealloc
finished x2nrealloc
removing targets
analyzing gcc-5__Ou__inetutils__syslogd/xcharalloc
started running xcharalloc
finished xcharalloc
analyzing gcc-5__Ou__inetutils__syslogd/xmalloc
started running xmalloc
finished xmalloc
analyzing gcc-5__Ou__inetutils__syslogd/xrealloc
started running xrealloc
finished xrealloc
removing targets
analyzing gcc-5__Ou__inetutils__syslogd/x2realloc
started running x2realloc
finished x2realloc
analyzing gcc-5__Ou__inetutils__syslogd/xzalloc
started running xzalloc
finished xzalloc
analyzing gcc-5__Ou__inetutils__syslogd/xcalloc
started running xcalloc
finished xcalloc
analyzing gcc-5__Ou__inetutils__syslogd/xmemdup
started running xmemdup
finished xmemdup
analyzing gcc-5__Ou__inetutils__syslogd/xstrdup
started running xstrdup
finished xstrdup
analyzing gcc-5__Ou__inetutils__syslogd/xalloc_die
started running xalloc_die
finished xalloc_die
analyzing gcc-5__Ou__inetutils__syslogd/rpl_fcntl
started running rpl_fcntl
finished rpl_fcntl
removing targets
analyzing gcc-5__Ou__inetutils__syslogd/rpl_getopt_long
started running rpl_getopt_long
finished rpl_getopt_long
analyzing gcc-5__Ou__inetutils__syslogd/rpl_getopt_long_only
started running rpl_getopt_long_only
finished rpl_getopt_long_only
analyzing gcc-5__Ou__inetutils__syslogd/extract_trimmed_name
started running extract_trimmed_name
finished extract_trimmed_name
analyzing gcc-5__Ou__inetutils__syslogd/desirable_utmp_entry
started running desirable_utmp_entry
finished desirable_utmp_entry
removing targets
analyzing gcc-5__Ou__inetutils__syslogd/read_utmp
started running read_utmp
finished read_utmp
analyzing gcc-5__Ou__inetutils__syslogd/argp_make_fmtstream
started running argp_make_fmtstream
finished argp_make_fmtstream
analyzing gcc-5__Ou__inetutils__syslogd/argp_fmtstream_free
started running argp_fmtstream_free
finished argp_fmtstream_free
analyzing gcc-5__Ou__inetutils__syslogd/argp_fmtstream_printf
started running argp_fmtstream_printf
finished argp_fmtstream_printf
removing targets
analyzing gcc-5__Ou__inetutils__syslogd/argp_fmtstream_write
started running argp_fmtstream_write
finished argp_fmtstream_write
removing targets
analyzing gcc-5__Ou__inetutils__syslogd/argp_fmtstream_puts
started running argp_fmtstream_puts
finished argp_fmtstream_puts
analyzing gcc-5__Ou__inetutils__syslogd/argp_fmtstream_putc
started running argp_fmtstream_putc
finished argp_fmtstream_putc
removing targets
analyzing gcc-5__Ou__inetutils__syslogd/argp_fmtstream_set_lmargin
started running argp_fmtstream_set_lmargin
finished argp_fmtstream_set_lmargin
removing targets
analyzing gcc-5__Ou__inetutils__syslogd/argp_fmtstream_set_rmargin
started running argp_fmtstream_set_rmargin
finished argp_fmtstream_set_rmargin
removing targets
analyzing gcc-5__Ou__inetutils__syslogd/argp_fmtstream_set_wmargin
started running argp_fmtstream_set_wmargin
finished argp_fmtstream_set_wmargin
removing targets
analyzing gcc-5__Ou__inetutils__syslogd/argp_fmtstream_point
started running argp_fmtstream_point
finished argp_fmtstream_point
removing targets
analyzing gcc-5__Ou__inetutils__syslogd/exchange
started running exchange
finished exchange
removing targets
analyzing gcc-5__Ou__inetutils__syslogd/rpl_getopt_internal
started running rpl_getopt_internal
finished rpl_getopt_internal
analyzing gcc-5__Ou__inetutils__syslogd/rpl_getopt
started running rpl_getopt
finished rpl_getopt
analyzing gcc-5__Ou__inetutils__syslogd/stat
started running stat
finished stat
removing targets
