gcc-5__Ou__inetutils__talk have 110 funcs
analyzing gcc-5__Ou__inetutils__talk/deregister_tm_clones
started running deregister_tm_clones
finished deregister_tm_clones
removing targets
analyzing gcc-5__Ou__inetutils__talk/register_tm_clones
started running register_tm_clones
finished register_tm_clones
removing targets
analyzing gcc-5__Ou__inetutils__talk/frame_dummy
started running frame_dummy
finished frame_dummy
removing targets
analyzing gcc-5__Ou__inetutils__talk/open_sockt
started running open_sockt
finished open_sockt
analyzing gcc-5__Ou__inetutils__talk/open_ctl
started running open_ctl
finished open_ctl
analyzing gcc-5__Ou__inetutils__talk/ctl_transact
started running ctl_transact
finished ctl_transact
analyzing gcc-5__Ou__inetutils__talk/max
started running max
finished max
analyzing gcc-5__Ou__inetutils__talk/readwin
started running readwin
finished readwin
removing targets
analyzing gcc-5__Ou__inetutils__talk/xscroll
started running xscroll
finished xscroll
removing targets
analyzing gcc-5__Ou__inetutils__talk/display
started running display
stopped exploration
finished display
removing targets
analyzing gcc-5__Ou__inetutils__talk/get_addrs
started running get_addrs
finished get_addrs
analyzing gcc-5__Ou__inetutils__talk/get_names
started running get_names
finished get_names
analyzing gcc-5__Ou__inetutils__talk/sig_sent
started running sig_sent
finished sig_sent
analyzing gcc-5__Ou__inetutils__talk/init_display
started running init_display
finished init_display
analyzing gcc-5__Ou__inetutils__talk/set_edit_chars
started running set_edit_chars
finished set_edit_chars
analyzing gcc-5__Ou__inetutils__talk/quit
started running quit
finished quit
removing targets
analyzing gcc-5__Ou__inetutils__talk/announce_invite
started running announce_invite
finished announce_invite
analyzing gcc-5__Ou__inetutils__talk/re_invite
started running re_invite
stopped exploration
finished re_invite
analyzing gcc-5__Ou__inetutils__talk/invite_remote
started running invite_remote
stopped exploration
finished invite_remote
analyzing gcc-5__Ou__inetutils__talk/send_delete
started running send_delete
finished send_delete
analyzing gcc-5__Ou__inetutils__talk/talk
started running talk
finished talk
analyzing gcc-5__Ou__inetutils__talk/p_error
started running p_error
finished p_error
removing targets
analyzing gcc-5__Ou__inetutils__talk/message
started running message
finished message
removing targets
analyzing gcc-5__Ou__inetutils__talk/look_for_invite
started running look_for_invite
finished look_for_invite
analyzing gcc-5__Ou__inetutils__talk/check_local
started running check_local
finished check_local
analyzing gcc-5__Ou__inetutils__talk/disp_msg
started running disp_msg
finished disp_msg
analyzing gcc-5__Ou__inetutils__talk/start_msgs
started running start_msgs
finished start_msgs
analyzing gcc-5__Ou__inetutils__talk/end_msgs
started running end_msgs
finished end_msgs
analyzing gcc-5__Ou__inetutils__talk/localhost
started running localhost
finished localhost
analyzing gcc-5__Ou__inetutils__talk/argp_default_parser
started running argp_default_parser
finished argp_default_parser
removing targets
analyzing gcc-5__Ou__inetutils__talk/argp_version_parser
started running argp_version_parser
finished argp_version_parser
removing targets
analyzing gcc-5__Ou__inetutils__talk/find_long_option
started running find_long_option
finished find_long_option
removing targets
analyzing gcc-5__Ou__inetutils__talk/group_parse
started running group_parse
finished group_parse
removing targets
analyzing gcc-5__Ou__inetutils__talk/convert_options
started running convert_options
stopped exploration
finished convert_options
removing targets
analyzing gcc-5__Ou__inetutils__talk/parser_convert
started running parser_convert
finished parser_convert
removing targets
analyzing gcc-5__Ou__inetutils__talk/calc_sizes
started running calc_sizes
finished calc_sizes
removing targets
analyzing gcc-5__Ou__inetutils__talk/parser_init
started running parser_init
finished parser_init
analyzing gcc-5__Ou__inetutils__talk/parser_finalize
started running parser_finalize
finished parser_finalize
removing targets
analyzing gcc-5__Ou__inetutils__talk/parser_parse_arg
started running parser_parse_arg
finished parser_parse_arg
removing targets
analyzing gcc-5__Ou__inetutils__talk/parser_parse_opt
started running parser_parse_opt
finished parser_parse_opt
removing targets
analyzing gcc-5__Ou__inetutils__talk/parser_parse_next
started running parser_parse_next
finished parser_parse_next
removing targets
analyzing gcc-5__Ou__inetutils__talk/argp_parse
started running argp_parse
finished argp_parse
removing targets
analyzing gcc-5__Ou__inetutils__talk/argp_usage
started running argp_usage
finished argp_usage
analyzing gcc-5__Ou__inetutils__talk/version_etc_hook
started running version_etc_hook
finished version_etc_hook
analyzing gcc-5__Ou__inetutils__talk/argp_version_setup
started running argp_version_setup
finished argp_version_setup
analyzing gcc-5__Ou__inetutils__talk/last_component
started running last_component
finished last_component
removing targets
analyzing gcc-5__Ou__inetutils__talk/base_len
started running base_len
finished base_len
analyzing gcc-5__Ou__inetutils__talk/set_program_name
started running set_program_name
finished set_program_name
removing targets
analyzing gcc-5__Ou__inetutils__talk/version_etc_arn
started running version_etc_arn
finished version_etc_arn
removing targets
analyzing gcc-5__Ou__inetutils__talk/version_etc_ar
started running version_etc_ar
finished version_etc_ar
removing targets
analyzing gcc-5__Ou__inetutils__talk/version_etc_va
started running version_etc_va
finished version_etc_va
removing targets
analyzing gcc-5__Ou__inetutils__talk/version_etc
started running version_etc
finished version_etc
removing targets
analyzing gcc-5__Ou__inetutils__talk/emit_bug_reporting_address
started running emit_bug_reporting_address
finished emit_bug_reporting_address
analyzing gcc-5__Ou__inetutils__talk/rpl_getopt_long
started running rpl_getopt_long
finished rpl_getopt_long
analyzing gcc-5__Ou__inetutils__talk/rpl_getopt_long_only
started running rpl_getopt_long_only
finished rpl_getopt_long_only
analyzing gcc-5__Ou__inetutils__talk/rpl_ioctl
started running rpl_ioctl
finished rpl_ioctl
removing targets
analyzing gcc-5__Ou__inetutils__talk/validate_uparams
started running validate_uparams
finished validate_uparams
removing targets
analyzing gcc-5__Ou__inetutils__talk/fill_in_uparams
started running fill_in_uparams
stopped exploration
finished fill_in_uparams
analyzing gcc-5__Ou__inetutils__talk/find_char
started running find_char
finished find_char
removing targets
analyzing gcc-5__Ou__inetutils__talk/make_hol
started running make_hol
stopped exploration
finished make_hol
analyzing gcc-5__Ou__inetutils__talk/hol_add_cluster
started running hol_add_cluster
finished hol_add_cluster
analyzing gcc-5__Ou__inetutils__talk/hol_free
started running hol_free
finished hol_free
removing targets
analyzing gcc-5__Ou__inetutils__talk/hol_entry_short_iterate
started running hol_entry_short_iterate
finished hol_entry_short_iterate
removing targets
analyzing gcc-5__Ou__inetutils__talk/until_short
started running until_short
finished until_short
analyzing gcc-5__Ou__inetutils__talk/hol_entry_first_short
started running hol_entry_first_short
finished hol_entry_first_short
analyzing gcc-5__Ou__inetutils__talk/hol_entry_first_long
started running hol_entry_first_long
finished hol_entry_first_long
removing targets
analyzing gcc-5__Ou__inetutils__talk/hol_find_entry
started running hol_find_entry
stopped exploration
finished hol_find_entry
removing targets
analyzing gcc-5__Ou__inetutils__talk/hol_set_group
started running hol_set_group
finished hol_set_group
analyzing gcc-5__Ou__inetutils__talk/group_cmp
started running group_cmp
finished group_cmp
removing targets
analyzing gcc-5__Ou__inetutils__talk/hol_cluster_cmp
started running hol_cluster_cmp
finished hol_cluster_cmp
removing targets
analyzing gcc-5__Ou__inetutils__talk/hol_cluster_base
started running hol_cluster_base
finished hol_cluster_base
removing targets
analyzing gcc-5__Ou__inetutils__talk/hol_cluster_is_child
started running hol_cluster_is_child
finished hol_cluster_is_child
removing targets
analyzing gcc-5__Ou__inetutils__talk/canon_doc_option
started running canon_doc_option
finished canon_doc_option
removing targets
analyzing gcc-5__Ou__inetutils__talk/hol_entry_cmp
started running hol_entry_cmp
finished hol_entry_cmp
removing targets
analyzing gcc-5__Ou__inetutils__talk/hol_entry_qcmp
started running hol_entry_qcmp
finished hol_entry_qcmp
analyzing gcc-5__Ou__inetutils__talk/hol_sort
started running hol_sort
finished hol_sort
removing targets
analyzing gcc-5__Ou__inetutils__talk/hol_append
started running hol_append
stopped exploration
finished hol_append
removing targets
analyzing gcc-5__Ou__inetutils__talk/indent_to
started running indent_to
finished indent_to
analyzing gcc-5__Ou__inetutils__talk/space
started running space
finished space
analyzing gcc-5__Ou__inetutils__talk/arg
started running arg
finished arg
removing targets
analyzing gcc-5__Ou__inetutils__talk/filter_doc
started running filter_doc
finished filter_doc
removing targets
analyzing gcc-5__Ou__inetutils__talk/print_header
started running print_header
finished print_header
analyzing gcc-5__Ou__inetutils__talk/comma
started running comma
finished comma
removing targets
analyzing gcc-5__Ou__inetutils__talk/hol_entry_help
started running hol_entry_help
stopped exploration
finished hol_entry_help
analyzing gcc-5__Ou__inetutils__talk/hol_help
started running hol_help
finished hol_help
removing targets
analyzing gcc-5__Ou__inetutils__talk/add_argless_short_opt
started running add_argless_short_opt
finished add_argless_short_opt
removing targets
analyzing gcc-5__Ou__inetutils__talk/usage_argful_short_opt
started running usage_argful_short_opt
finished usage_argful_short_opt
removing targets
analyzing gcc-5__Ou__inetutils__talk/usage_long_opt
started running usage_long_opt
finished usage_long_opt
removing targets
analyzing gcc-5__Ou__inetutils__talk/hol_usage
started running hol_usage
finished hol_usage
removing targets
analyzing gcc-5__Ou__inetutils__talk/argp_hol
started running argp_hol
finished argp_hol
analyzing gcc-5__Ou__inetutils__talk/argp_args_levels
started running argp_args_levels
finished argp_args_levels
removing targets
analyzing gcc-5__Ou__inetutils__talk/argp_args_usage
started running argp_args_usage
finished argp_args_usage
analyzing gcc-5__Ou__inetutils__talk/argp_doc
started running argp_doc
finished argp_doc
removing targets
analyzing gcc-5__Ou__inetutils__talk/argp_help
started running argp_help
finished argp_help
analyzing gcc-5__Ou__inetutils__talk/argp_state_help
started running argp_state_help
finished argp_state_help
removing targets
analyzing gcc-5__Ou__inetutils__talk/argp_error
started running argp_error
finished argp_error
removing targets
analyzing gcc-5__Ou__inetutils__talk/argp_failure
started running argp_failure
finished argp_failure
removing targets
analyzing gcc-5__Ou__inetutils__talk/exchange
started running exchange
finished exchange
removing targets
analyzing gcc-5__Ou__inetutils__talk/rpl_getopt_internal
started running rpl_getopt_internal
finished rpl_getopt_internal
analyzing gcc-5__Ou__inetutils__talk/rpl_getopt
started running rpl_getopt
finished rpl_getopt
analyzing gcc-5__Ou__inetutils__talk/argp_make_fmtstream
started running argp_make_fmtstream
finished argp_make_fmtstream
analyzing gcc-5__Ou__inetutils__talk/argp_fmtstream_free
started running argp_fmtstream_free
finished argp_fmtstream_free
analyzing gcc-5__Ou__inetutils__talk/argp_fmtstream_printf
started running argp_fmtstream_printf
finished argp_fmtstream_printf
removing targets
analyzing gcc-5__Ou__inetutils__talk/argp_fmtstream_write
started running argp_fmtstream_write
finished argp_fmtstream_write
removing targets
analyzing gcc-5__Ou__inetutils__talk/argp_fmtstream_puts
started running argp_fmtstream_puts
finished argp_fmtstream_puts
analyzing gcc-5__Ou__inetutils__talk/argp_fmtstream_putc
started running argp_fmtstream_putc
finished argp_fmtstream_putc
removing targets
analyzing gcc-5__Ou__inetutils__talk/argp_fmtstream_set_lmargin
started running argp_fmtstream_set_lmargin
finished argp_fmtstream_set_lmargin
removing targets
analyzing gcc-5__Ou__inetutils__talk/argp_fmtstream_set_rmargin
started running argp_fmtstream_set_rmargin
finished argp_fmtstream_set_rmargin
removing targets
analyzing gcc-5__Ou__inetutils__talk/argp_fmtstream_set_wmargin
started running argp_fmtstream_set_wmargin
finished argp_fmtstream_set_wmargin
removing targets
analyzing gcc-5__Ou__inetutils__talk/argp_fmtstream_point
started running argp_fmtstream_point
finished argp_fmtstream_point
removing targets
