gcc-5__Ou__inetutils__talkd have 139 funcs
analyzing gcc-5__Ou__inetutils__talkd/deregister_tm_clones
started running deregister_tm_clones
finished deregister_tm_clones
removing targets
analyzing gcc-5__Ou__inetutils__talkd/register_tm_clones
started running register_tm_clones
finished register_tm_clones
removing targets
analyzing gcc-5__Ou__inetutils__talkd/frame_dummy
started running frame_dummy
finished frame_dummy
removing targets
analyzing gcc-5__Ou__inetutils__talkd/read_address
started running read_address
finished read_address
removing targets
analyzing gcc-5__Ou__inetutils__talkd/netdef_parse
started running netdef_parse
finished netdef_parse
analyzing gcc-5__Ou__inetutils__talkd/read_acl
started running read_acl
stopped exploration
finished read_acl
removing targets
analyzing gcc-5__Ou__inetutils__talkd/open_users_acl
started running open_users_acl
finished open_users_acl
analyzing gcc-5__Ou__inetutils__talkd/netdef_free
started running netdef_free
finished netdef_free
removing targets
analyzing gcc-5__Ou__inetutils__talkd/acl_free
started running acl_free
finished acl_free
removing targets
analyzing gcc-5__Ou__inetutils__talkd/discard_acl
started running discard_acl
finished discard_acl
removing targets
analyzing gcc-5__Ou__inetutils__talkd/acl_match
started running acl_match
finished acl_match
removing targets
analyzing gcc-5__Ou__inetutils__talkd/init_line
started running init_line
finished init_line
analyzing gcc-5__Ou__inetutils__talkd/format_line
started running format_line
finished format_line
removing targets
analyzing gcc-5__Ou__inetutils__talkd/finish_line
started running finish_line
finished finish_line
removing targets
analyzing gcc-5__Ou__inetutils__talkd/print_mesg
started running print_mesg
finished print_mesg
analyzing gcc-5__Ou__inetutils__talkd/announce
started running announce
finished announce
analyzing gcc-5__Ou__inetutils__talkd/print_request
started running print_request
finished print_request
analyzing gcc-5__Ou__inetutils__talkd/print_response
started running print_response
finished print_response
analyzing gcc-5__Ou__inetutils__talkd/process_request
started running process_request
finished process_request
analyzing gcc-5__Ou__inetutils__talkd/do_announce
started running do_announce
finished do_announce
analyzing gcc-5__Ou__inetutils__talkd/find_user
started running find_user
finished find_user
analyzing gcc-5__Ou__inetutils__talkd/table_delete
started running table_delete
finished table_delete
removing targets
analyzing gcc-5__Ou__inetutils__talkd/lookup_request
started running lookup_request
finished lookup_request
analyzing gcc-5__Ou__inetutils__talkd/fuzzy_comp
started running fuzzy_comp
finished fuzzy_comp
removing targets
analyzing gcc-5__Ou__inetutils__talkd/find_match
started running find_match
finished find_match
analyzing gcc-5__Ou__inetutils__talkd/exact_comp
started running exact_comp
finished exact_comp
removing targets
analyzing gcc-5__Ou__inetutils__talkd/find_request
started running find_request
finished find_request
analyzing gcc-5__Ou__inetutils__talkd/new_id
started running new_id
finished new_id
removing targets
analyzing gcc-5__Ou__inetutils__talkd/insert_table
started running insert_table
finished insert_table
analyzing gcc-5__Ou__inetutils__talkd/delete_invite
started running delete_invite
finished delete_invite
removing targets
analyzing gcc-5__Ou__inetutils__talkd/parse_opt
started running parse_opt
finished parse_opt
removing targets
analyzing gcc-5__Ou__inetutils__talkd/talkd_init
started running talkd_init
finished talkd_init
analyzing gcc-5__Ou__inetutils__talkd/alarm_handler
started running alarm_handler
finished alarm_handler
analyzing gcc-5__Ou__inetutils__talkd/talkd_run
started running talkd_run
finished talkd_run
analyzing gcc-5__Ou__inetutils__talkd/argcv_scan
started running argcv_scan
stopped exploration
finished argcv_scan
removing targets
analyzing gcc-5__Ou__inetutils__talkd/argcv_get
started running argcv_get
stopped exploration
finished argcv_get
analyzing gcc-5__Ou__inetutils__talkd/argcv_free
started running argcv_free
finished argcv_free
removing targets
analyzing gcc-5__Ou__inetutils__talkd/argcv_string
started running argcv_string
finished argcv_string
removing targets
analyzing gcc-5__Ou__inetutils__talkd/localhost
started running localhost
finished localhost
analyzing gcc-5__Ou__inetutils__talkd/ttymsg
started running ttymsg
stopped exploration
finished ttymsg
removing targets
analyzing gcc-5__Ou__inetutils__talkd/fork2
started running fork2
finished fork2
analyzing gcc-5__Ou__inetutils__talkd/normalize_path
started running normalize_path
stopped exploration
finished normalize_path
removing targets
analyzing gcc-5__Ou__inetutils__talkd/argp_default_parser
started running argp_default_parser
finished argp_default_parser
removing targets
analyzing gcc-5__Ou__inetutils__talkd/argp_version_parser
started running argp_version_parser
finished argp_version_parser
removing targets
analyzing gcc-5__Ou__inetutils__talkd/find_long_option
started running find_long_option
finished find_long_option
removing targets
analyzing gcc-5__Ou__inetutils__talkd/group_parse
started running group_parse
finished group_parse
removing targets
analyzing gcc-5__Ou__inetutils__talkd/convert_options
started running convert_options
stopped exploration
finished convert_options
removing targets
analyzing gcc-5__Ou__inetutils__talkd/parser_convert
started running parser_convert
finished parser_convert
removing targets
analyzing gcc-5__Ou__inetutils__talkd/calc_sizes
started running calc_sizes
finished calc_sizes
removing targets
analyzing gcc-5__Ou__inetutils__talkd/parser_init
started running parser_init
finished parser_init
analyzing gcc-5__Ou__inetutils__talkd/parser_finalize
started running parser_finalize
finished parser_finalize
removing targets
analyzing gcc-5__Ou__inetutils__talkd/parser_parse_arg
started running parser_parse_arg
finished parser_parse_arg
removing targets
analyzing gcc-5__Ou__inetutils__talkd/parser_parse_opt
started running parser_parse_opt
finished parser_parse_opt
removing targets
analyzing gcc-5__Ou__inetutils__talkd/parser_parse_next
started running parser_parse_next
finished parser_parse_next
removing targets
analyzing gcc-5__Ou__inetutils__talkd/argp_parse
started running argp_parse
finished argp_parse
removing targets
analyzing gcc-5__Ou__inetutils__talkd/argp_usage
started running argp_usage
finished argp_usage
analyzing gcc-5__Ou__inetutils__talkd/version_etc_hook
started running version_etc_hook
finished version_etc_hook
analyzing gcc-5__Ou__inetutils__talkd/argp_version_setup
started running argp_version_setup
finished argp_version_setup
analyzing gcc-5__Ou__inetutils__talkd/last_component
started running last_component
finished last_component
removing targets
analyzing gcc-5__Ou__inetutils__talkd/base_len
started running base_len
finished base_len
analyzing gcc-5__Ou__inetutils__talkd/set_program_name
started running set_program_name
finished set_program_name
removing targets
analyzing gcc-5__Ou__inetutils__talkd/version_etc_arn
started running version_etc_arn
finished version_etc_arn
removing targets
analyzing gcc-5__Ou__inetutils__talkd/version_etc_ar
started running version_etc_ar
finished version_etc_ar
removing targets
analyzing gcc-5__Ou__inetutils__talkd/version_etc_va
started running version_etc_va
finished version_etc_va
removing targets
analyzing gcc-5__Ou__inetutils__talkd/version_etc
started running version_etc
finished version_etc
removing targets
analyzing gcc-5__Ou__inetutils__talkd/emit_bug_reporting_address
started running emit_bug_reporting_address
finished emit_bug_reporting_address
analyzing gcc-5__Ou__inetutils__talkd/rpl_fcntl
started running rpl_fcntl
finished rpl_fcntl
removing targets
analyzing gcc-5__Ou__inetutils__talkd/rpl_getopt_long
started running rpl_getopt_long
finished rpl_getopt_long
analyzing gcc-5__Ou__inetutils__talkd/rpl_getopt_long_only
started running rpl_getopt_long_only
finished rpl_getopt_long_only
analyzing gcc-5__Ou__inetutils__talkd/extract_trimmed_name
started running extract_trimmed_name
finished extract_trimmed_name
analyzing gcc-5__Ou__inetutils__talkd/desirable_utmp_entry
started running desirable_utmp_entry
finished desirable_utmp_entry
removing targets
analyzing gcc-5__Ou__inetutils__talkd/read_utmp
started running read_utmp
finished read_utmp
analyzing gcc-5__Ou__inetutils__talkd/validate_uparams
started running validate_uparams
finished validate_uparams
removing targets
analyzing gcc-5__Ou__inetutils__talkd/fill_in_uparams
started running fill_in_uparams
stopped exploration
finished fill_in_uparams
analyzing gcc-5__Ou__inetutils__talkd/find_char
started running find_char
finished find_char
removing targets
analyzing gcc-5__Ou__inetutils__talkd/make_hol
started running make_hol
stopped exploration
finished make_hol
analyzing gcc-5__Ou__inetutils__talkd/hol_add_cluster
started running hol_add_cluster
finished hol_add_cluster
analyzing gcc-5__Ou__inetutils__talkd/hol_free
started running hol_free
finished hol_free
removing targets
analyzing gcc-5__Ou__inetutils__talkd/hol_entry_short_iterate
started running hol_entry_short_iterate
finished hol_entry_short_iterate
removing targets
analyzing gcc-5__Ou__inetutils__talkd/until_short
started running until_short
finished until_short
analyzing gcc-5__Ou__inetutils__talkd/hol_entry_first_short
started running hol_entry_first_short
finished hol_entry_first_short
analyzing gcc-5__Ou__inetutils__talkd/hol_entry_first_long
started running hol_entry_first_long
finished hol_entry_first_long
removing targets
analyzing gcc-5__Ou__inetutils__talkd/hol_find_entry
started running hol_find_entry
stopped exploration
finished hol_find_entry
removing targets
analyzing gcc-5__Ou__inetutils__talkd/hol_set_group
started running hol_set_group
finished hol_set_group
analyzing gcc-5__Ou__inetutils__talkd/group_cmp
started running group_cmp
finished group_cmp
removing targets
analyzing gcc-5__Ou__inetutils__talkd/hol_cluster_cmp
started running hol_cluster_cmp
finished hol_cluster_cmp
removing targets
analyzing gcc-5__Ou__inetutils__talkd/hol_cluster_base
started running hol_cluster_base
finished hol_cluster_base
removing targets
analyzing gcc-5__Ou__inetutils__talkd/hol_cluster_is_child
started running hol_cluster_is_child
finished hol_cluster_is_child
removing targets
analyzing gcc-5__Ou__inetutils__talkd/canon_doc_option
started running canon_doc_option
finished canon_doc_option
removing targets
analyzing gcc-5__Ou__inetutils__talkd/hol_entry_cmp
started running hol_entry_cmp
finished hol_entry_cmp
removing targets
analyzing gcc-5__Ou__inetutils__talkd/hol_entry_qcmp
started running hol_entry_qcmp
finished hol_entry_qcmp
analyzing gcc-5__Ou__inetutils__talkd/hol_sort
started running hol_sort
finished hol_sort
removing targets
analyzing gcc-5__Ou__inetutils__talkd/hol_append
started running hol_append
stopped exploration
finished hol_append
removing targets
analyzing gcc-5__Ou__inetutils__talkd/indent_to
started running indent_to
finished indent_to
analyzing gcc-5__Ou__inetutils__talkd/space
started running space
finished space
analyzing gcc-5__Ou__inetutils__talkd/arg
started running arg
finished arg
removing targets
analyzing gcc-5__Ou__inetutils__talkd/filter_doc
started running filter_doc
finished filter_doc
removing targets
analyzing gcc-5__Ou__inetutils__talkd/print_header
started running print_header
finished print_header
analyzing gcc-5__Ou__inetutils__talkd/comma
started running comma
finished comma
removing targets
analyzing gcc-5__Ou__inetutils__talkd/hol_entry_help
started running hol_entry_help
finished hol_entry_help
analyzing gcc-5__Ou__inetutils__talkd/hol_help
started running hol_help
finished hol_help
removing targets
analyzing gcc-5__Ou__inetutils__talkd/add_argless_short_opt
started running add_argless_short_opt
finished add_argless_short_opt
removing targets
analyzing gcc-5__Ou__inetutils__talkd/usage_argful_short_opt
started running usage_argful_short_opt
finished usage_argful_short_opt
removing targets
analyzing gcc-5__Ou__inetutils__talkd/usage_long_opt
started running usage_long_opt
finished usage_long_opt
removing targets
analyzing gcc-5__Ou__inetutils__talkd/hol_usage
started running hol_usage
finished hol_usage
removing targets
analyzing gcc-5__Ou__inetutils__talkd/argp_hol
started running argp_hol
finished argp_hol
analyzing gcc-5__Ou__inetutils__talkd/argp_args_levels
started running argp_args_levels
finished argp_args_levels
removing targets
analyzing gcc-5__Ou__inetutils__talkd/argp_args_usage
started running argp_args_usage
finished argp_args_usage
analyzing gcc-5__Ou__inetutils__talkd/argp_doc
started running argp_doc
finished argp_doc
removing targets
analyzing gcc-5__Ou__inetutils__talkd/argp_help
started running argp_help
finished argp_help
analyzing gcc-5__Ou__inetutils__talkd/argp_state_help
started running argp_state_help
finished argp_state_help
removing targets
analyzing gcc-5__Ou__inetutils__talkd/argp_error
started running argp_error
finished argp_error
removing targets
analyzing gcc-5__Ou__inetutils__talkd/argp_failure
started running argp_failure
finished argp_failure
removing targets
analyzing gcc-5__Ou__inetutils__talkd/xnmalloc
started running xnmalloc
finished xnmalloc
removing targets
analyzing gcc-5__Ou__inetutils__talkd/xnrealloc
started running xnrealloc
finished xnrealloc
removing targets
analyzing gcc-5__Ou__inetutils__talkd/x2nrealloc
started running x2nrealloc
finished x2nrealloc
removing targets
analyzing gcc-5__Ou__inetutils__talkd/xcharalloc
started running xcharalloc
finished xcharalloc
analyzing gcc-5__Ou__inetutils__talkd/xmalloc
started running xmalloc
finished xmalloc
analyzing gcc-5__Ou__inetutils__talkd/xrealloc
started running xrealloc
finished xrealloc
removing targets
analyzing gcc-5__Ou__inetutils__talkd/x2realloc
started running x2realloc
finished x2realloc
analyzing gcc-5__Ou__inetutils__talkd/xzalloc
started running xzalloc
finished xzalloc
analyzing gcc-5__Ou__inetutils__talkd/xcalloc
started running xcalloc
finished xcalloc
analyzing gcc-5__Ou__inetutils__talkd/xmemdup
started running xmemdup
finished xmemdup
analyzing gcc-5__Ou__inetutils__talkd/xstrdup
started running xstrdup
finished xstrdup
analyzing gcc-5__Ou__inetutils__talkd/xalloc_die
started running xalloc_die
finished xalloc_die
analyzing gcc-5__Ou__inetutils__talkd/exchange
started running exchange
finished exchange
removing targets
analyzing gcc-5__Ou__inetutils__talkd/rpl_getopt_internal
started running rpl_getopt_internal
finished rpl_getopt_internal
analyzing gcc-5__Ou__inetutils__talkd/rpl_getopt
started running rpl_getopt
finished rpl_getopt
analyzing gcc-5__Ou__inetutils__talkd/argp_make_fmtstream
started running argp_make_fmtstream
finished argp_make_fmtstream
analyzing gcc-5__Ou__inetutils__talkd/argp_fmtstream_free
started running argp_fmtstream_free
finished argp_fmtstream_free
analyzing gcc-5__Ou__inetutils__talkd/argp_fmtstream_printf
started running argp_fmtstream_printf
finished argp_fmtstream_printf
removing targets
analyzing gcc-5__Ou__inetutils__talkd/argp_fmtstream_write
started running argp_fmtstream_write
finished argp_fmtstream_write
removing targets
analyzing gcc-5__Ou__inetutils__talkd/argp_fmtstream_puts
started running argp_fmtstream_puts
finished argp_fmtstream_puts
analyzing gcc-5__Ou__inetutils__talkd/argp_fmtstream_putc
started running argp_fmtstream_putc
finished argp_fmtstream_putc
removing targets
analyzing gcc-5__Ou__inetutils__talkd/argp_fmtstream_set_lmargin
started running argp_fmtstream_set_lmargin
finished argp_fmtstream_set_lmargin
removing targets
analyzing gcc-5__Ou__inetutils__talkd/argp_fmtstream_set_rmargin
started running argp_fmtstream_set_rmargin
finished argp_fmtstream_set_rmargin
removing targets
analyzing gcc-5__Ou__inetutils__talkd/argp_fmtstream_set_wmargin
started running argp_fmtstream_set_wmargin
finished argp_fmtstream_set_wmargin
removing targets
analyzing gcc-5__Ou__inetutils__talkd/argp_fmtstream_point
started running argp_fmtstream_point
finished argp_fmtstream_point
removing targets
analyzing gcc-5__Ou__inetutils__talkd/stat
started running stat
finished stat
removing targets
