gcc-5__Ou__inetutils__telnetd have 218 funcs
analyzing gcc-5__Ou__inetutils__telnetd/deregister_tm_clones
started running deregister_tm_clones
finished deregister_tm_clones
removing targets
analyzing gcc-5__Ou__inetutils__telnetd/register_tm_clones
started running register_tm_clones
finished register_tm_clones
removing targets
analyzing gcc-5__Ou__inetutils__telnetd/frame_dummy
started running frame_dummy
finished frame_dummy
removing targets
analyzing gcc-5__Ou__inetutils__telnetd/parse_opt
started running parse_opt
finished parse_opt
removing targets
analyzing gcc-5__Ou__inetutils__telnetd/parse_linemode
started running parse_linemode
finished parse_linemode
removing targets
analyzing gcc-5__Ou__inetutils__telnetd/parse_debug_level
started running parse_debug_level
finished parse_debug_level
removing targets
analyzing gcc-5__Ou__inetutils__telnetd/telnetd_setup
started running telnetd_setup
finished telnetd_setup
analyzing gcc-5__Ou__inetutils__telnetd/telnetd_run
started running telnetd_run
finished telnetd_run
analyzing gcc-5__Ou__inetutils__telnetd/print_hostinfo
started running print_hostinfo
finished print_hostinfo
analyzing gcc-5__Ou__inetutils__telnetd/chld_is_done
started running chld_is_done
finished chld_is_done
analyzing gcc-5__Ou__inetutils__telnetd/setup_utmp
started running setup_utmp
finished setup_utmp
analyzing gcc-5__Ou__inetutils__telnetd/startslave
started running startslave
finished startslave
analyzing gcc-5__Ou__inetutils__telnetd/scrub_env
started running scrub_env
finished scrub_env
removing targets
analyzing gcc-5__Ou__inetutils__telnetd/start_login
started running start_login
finished start_login
analyzing gcc-5__Ou__inetutils__telnetd/cleanup
started running cleanup
finished cleanup
removing targets
analyzing gcc-5__Ou__inetutils__telnetd/term_send_eof
started running term_send_eof
finished term_send_eof
analyzing gcc-5__Ou__inetutils__telnetd/term_change_eof
started running term_change_eof
finished term_change_eof
analyzing gcc-5__Ou__inetutils__telnetd/tty_linemode
started running tty_linemode
finished tty_linemode
analyzing gcc-5__Ou__inetutils__telnetd/tty_setlinemode
started running tty_setlinemode
finished tty_setlinemode
removing targets
analyzing gcc-5__Ou__inetutils__telnetd/tty_isecho
started running tty_isecho
finished tty_isecho
analyzing gcc-5__Ou__inetutils__telnetd/tty_flowmode
started running tty_flowmode
finished tty_flowmode
analyzing gcc-5__Ou__inetutils__telnetd/tty_restartany
started running tty_restartany
finished tty_restartany
analyzing gcc-5__Ou__inetutils__telnetd/tty_setecho
started running tty_setecho
finished tty_setecho
removing targets
analyzing gcc-5__Ou__inetutils__telnetd/tty_israw
started running tty_israw
finished tty_israw
analyzing gcc-5__Ou__inetutils__telnetd/tty_binaryin
started running tty_binaryin
finished tty_binaryin
removing targets
analyzing gcc-5__Ou__inetutils__telnetd/tty_binaryout
started running tty_binaryout
finished tty_binaryout
removing targets
analyzing gcc-5__Ou__inetutils__telnetd/tty_isbinaryin
started running tty_isbinaryin
finished tty_isbinaryin
analyzing gcc-5__Ou__inetutils__telnetd/tty_isbinaryout
started running tty_isbinaryout
finished tty_isbinaryout
analyzing gcc-5__Ou__inetutils__telnetd/tty_isediting
started running tty_isediting
finished tty_isediting
analyzing gcc-5__Ou__inetutils__telnetd/tty_istrapsig
started running tty_istrapsig
finished tty_istrapsig
analyzing gcc-5__Ou__inetutils__telnetd/tty_setedit
started running tty_setedit
finished tty_setedit
removing targets
analyzing gcc-5__Ou__inetutils__telnetd/tty_setsig
started running tty_setsig
finished tty_setsig
removing targets
analyzing gcc-5__Ou__inetutils__telnetd/tty_issofttab
started running tty_issofttab
finished tty_issofttab
analyzing gcc-5__Ou__inetutils__telnetd/tty_setsofttab
started running tty_setsofttab
finished tty_setsofttab
removing targets
analyzing gcc-5__Ou__inetutils__telnetd/tty_islitecho
started running tty_islitecho
finished tty_islitecho
analyzing gcc-5__Ou__inetutils__telnetd/tty_setlitecho
started running tty_setlitecho
finished tty_setlitecho
removing targets
analyzing gcc-5__Ou__inetutils__telnetd/tty_iscrnl
started running tty_iscrnl
finished tty_iscrnl
analyzing gcc-5__Ou__inetutils__telnetd/init_termbuf
started running init_termbuf
finished init_termbuf
analyzing gcc-5__Ou__inetutils__telnetd/copy_termbuf
started running copy_termbuf
finished copy_termbuf
removing targets
analyzing gcc-5__Ou__inetutils__telnetd/set_termbuf
started running set_termbuf
finished set_termbuf
analyzing gcc-5__Ou__inetutils__telnetd/spcset
started running spcset
finished spcset
removing targets
analyzing gcc-5__Ou__inetutils__telnetd/tty_tspeed
started running tty_tspeed
finished tty_tspeed
removing targets
analyzing gcc-5__Ou__inetutils__telnetd/tty_rspeed
started running tty_rspeed
finished tty_rspeed
removing targets
analyzing gcc-5__Ou__inetutils__telnetd/readstream
started running readstream
finished readstream
analyzing gcc-5__Ou__inetutils__telnetd/io_setup
started running io_setup
finished io_setup
analyzing gcc-5__Ou__inetutils__telnetd/set_neturg
started running set_neturg
finished set_neturg
analyzing gcc-5__Ou__inetutils__telnetd/net_output_byte
started running net_output_byte
finished net_output_byte
analyzing gcc-5__Ou__inetutils__telnetd/net_output_data
started running net_output_data
finished net_output_data
removing targets
analyzing gcc-5__Ou__inetutils__telnetd/net_output_datalen
started running net_output_datalen
finished net_output_datalen
removing targets
analyzing gcc-5__Ou__inetutils__telnetd/net_input_level
started running net_input_level
finished net_input_level
analyzing gcc-5__Ou__inetutils__telnetd/net_output_level
started running net_output_level
finished net_output_level
analyzing gcc-5__Ou__inetutils__telnetd/net_buffer_is_full
started running net_buffer_is_full
finished net_buffer_is_full
analyzing gcc-5__Ou__inetutils__telnetd/net_get_char
started running net_get_char
finished net_get_char
removing targets
analyzing gcc-5__Ou__inetutils__telnetd/net_read
started running net_read
finished net_read
analyzing gcc-5__Ou__inetutils__telnetd/pty_buffer_is_full
started running pty_buffer_is_full
finished pty_buffer_is_full
analyzing gcc-5__Ou__inetutils__telnetd/pty_output_byte
started running pty_output_byte
finished pty_output_byte
analyzing gcc-5__Ou__inetutils__telnetd/pty_output_datalen
started running pty_output_datalen
finished pty_output_datalen
removing targets
analyzing gcc-5__Ou__inetutils__telnetd/pty_input_level
started running pty_input_level
finished pty_input_level
analyzing gcc-5__Ou__inetutils__telnetd/pty_output_level
started running pty_output_level
finished pty_output_level
analyzing gcc-5__Ou__inetutils__telnetd/ptyflush
started running ptyflush
finished ptyflush
removing targets
analyzing gcc-5__Ou__inetutils__telnetd/pty_get_char
started running pty_get_char
finished pty_get_char
removing targets
analyzing gcc-5__Ou__inetutils__telnetd/pty_input_putback
started running pty_input_putback
finished pty_input_putback
removing targets
analyzing gcc-5__Ou__inetutils__telnetd/pty_read
started running pty_read
finished pty_read
analyzing gcc-5__Ou__inetutils__telnetd/io_drain
started running io_drain
finished io_drain
removing targets
analyzing gcc-5__Ou__inetutils__telnetd/stilloob
started running stilloob
finished stilloob
analyzing gcc-5__Ou__inetutils__telnetd/nextitem
started running nextitem
finished nextitem
removing targets
analyzing gcc-5__Ou__inetutils__telnetd/netclear
started running netclear
finished netclear
removing targets
analyzing gcc-5__Ou__inetutils__telnetd/netflush
started running netflush
finished netflush
removing targets
analyzing gcc-5__Ou__inetutils__telnetd/fatal
started running fatal
finished fatal
analyzing gcc-5__Ou__inetutils__telnetd/fatalperror
started running fatalperror
finished fatalperror
analyzing gcc-5__Ou__inetutils__telnetd/getterminaltype
started running getterminaltype
finished getterminaltype
analyzing gcc-5__Ou__inetutils__telnetd/terminaltypeok
started running terminaltypeok
finished terminaltypeok
removing targets
analyzing gcc-5__Ou__inetutils__telnetd/debug_open
started running debug_open
finished debug_open
analyzing gcc-5__Ou__inetutils__telnetd/debug_close
started running debug_close
finished debug_close
removing targets
analyzing gcc-5__Ou__inetutils__telnetd/debug_output_datalen
started running debug_output_datalen
finished debug_output_datalen
analyzing gcc-5__Ou__inetutils__telnetd/debug_output_data
started running debug_output_data
finished debug_output_data
removing targets
analyzing gcc-5__Ou__inetutils__telnetd/printoption
started running printoption
finished printoption
removing targets
analyzing gcc-5__Ou__inetutils__telnetd/printsub
started running printsub
finished printsub
removing targets
analyzing gcc-5__Ou__inetutils__telnetd/printdata
started running printdata
finished printdata
removing targets
analyzing gcc-5__Ou__inetutils__telnetd/expand_line
started running expand_line
finished expand_line
analyzing gcc-5__Ou__inetutils__telnetd/send_eof
started running send_eof
finished send_eof
analyzing gcc-5__Ou__inetutils__telnetd/recv_ayt
started running recv_ayt
finished recv_ayt
analyzing gcc-5__Ou__inetutils__telnetd/send_susp
started running send_susp
finished send_susp
analyzing gcc-5__Ou__inetutils__telnetd/send_brk
started running send_brk
finished send_brk
analyzing gcc-5__Ou__inetutils__telnetd/send_intr
started running send_intr
finished send_intr
analyzing gcc-5__Ou__inetutils__telnetd/telrcv
started running telrcv
finished telrcv
removing targets
analyzing gcc-5__Ou__inetutils__telnetd/send_do
started running send_do
finished send_do
removing targets
analyzing gcc-5__Ou__inetutils__telnetd/willoption
started running willoption
finished willoption
removing targets
analyzing gcc-5__Ou__inetutils__telnetd/send_dont
started running send_dont
finished send_dont
removing targets
analyzing gcc-5__Ou__inetutils__telnetd/wontoption
started running wontoption
finished wontoption
removing targets
analyzing gcc-5__Ou__inetutils__telnetd/send_will
started running send_will
finished send_will
removing targets
analyzing gcc-5__Ou__inetutils__telnetd/dooption
started running dooption
finished dooption
removing targets
analyzing gcc-5__Ou__inetutils__telnetd/send_wont
started running send_wont
finished send_wont
removing targets
analyzing gcc-5__Ou__inetutils__telnetd/dontoption
started running dontoption
finished dontoption
removing targets
analyzing gcc-5__Ou__inetutils__telnetd/suboption
started running suboption
finished suboption
removing targets
analyzing gcc-5__Ou__inetutils__telnetd/doclientstat
started running doclientstat
finished doclientstat
analyzing gcc-5__Ou__inetutils__telnetd/send_status
started running send_status
finished send_status
analyzing gcc-5__Ou__inetutils__telnetd/localstat
started running localstat
finished localstat
analyzing gcc-5__Ou__inetutils__telnetd/flowstat
started running flowstat
finished flowstat
removing targets
analyzing gcc-5__Ou__inetutils__telnetd/clientstat
started running clientstat
finished clientstat
analyzing gcc-5__Ou__inetutils__telnetd/defer_terminit
started running defer_terminit
finished defer_terminit
removing targets
analyzing gcc-5__Ou__inetutils__telnetd/terminit
started running terminit
finished terminit
analyzing gcc-5__Ou__inetutils__telnetd/send_slc
started running send_slc
finished send_slc
removing targets
analyzing gcc-5__Ou__inetutils__telnetd/default_slc
started running default_slc
finished default_slc
removing targets
analyzing gcc-5__Ou__inetutils__telnetd/get_slc_defaults
started running get_slc_defaults
finished get_slc_defaults
analyzing gcc-5__Ou__inetutils__telnetd/add_slc
started running add_slc
finished add_slc
removing targets
analyzing gcc-5__Ou__inetutils__telnetd/start_slc
started running start_slc
finished start_slc
removing targets
analyzing gcc-5__Ou__inetutils__telnetd/end_slc
started running end_slc
finished end_slc
removing targets
analyzing gcc-5__Ou__inetutils__telnetd/process_slc
started running process_slc
finished process_slc
removing targets
analyzing gcc-5__Ou__inetutils__telnetd/change_slc
started running change_slc
finished change_slc
removing targets
analyzing gcc-5__Ou__inetutils__telnetd/check_slc
started running check_slc
finished check_slc
removing targets
analyzing gcc-5__Ou__inetutils__telnetd/do_opt_slc
started running do_opt_slc
finished do_opt_slc
analyzing gcc-5__Ou__inetutils__telnetd/deferslc
started running deferslc
finished deferslc
removing targets
analyzing gcc-5__Ou__inetutils__telnetd/argcv_scan
started running argcv_scan
stopped exploration
finished argcv_scan
removing targets
analyzing gcc-5__Ou__inetutils__telnetd/argcv_get
started running argcv_get
finished argcv_get
analyzing gcc-5__Ou__inetutils__telnetd/argcv_free
started running argcv_free
finished argcv_free
removing targets
analyzing gcc-5__Ou__inetutils__telnetd/argcv_string
started running argcv_string
finished argcv_string
removing targets
analyzing gcc-5__Ou__inetutils__telnetd/localhost
started running localhost
finished localhost
analyzing gcc-5__Ou__inetutils__telnetd/setsig
started running setsig
finished setsig
analyzing gcc-5__Ou__inetutils__telnetd/utmp_init
started running utmp_init
finished utmp_init
analyzing gcc-5__Ou__inetutils__telnetd/utmp_ptsid
started running utmp_ptsid
finished utmp_ptsid
analyzing gcc-5__Ou__inetutils__telnetd/utmp_logout
started running utmp_logout
finished utmp_logout
analyzing gcc-5__Ou__inetutils__telnetd/argp_default_parser
started running argp_default_parser
finished argp_default_parser
removing targets
analyzing gcc-5__Ou__inetutils__telnetd/argp_version_parser
started running argp_version_parser
finished argp_version_parser
removing targets
analyzing gcc-5__Ou__inetutils__telnetd/find_long_option
started running find_long_option
finished find_long_option
removing targets
analyzing gcc-5__Ou__inetutils__telnetd/group_parse
started running group_parse
finished group_parse
removing targets
analyzing gcc-5__Ou__inetutils__telnetd/convert_options
started running convert_options
stopped exploration
finished convert_options
removing targets
analyzing gcc-5__Ou__inetutils__telnetd/parser_convert
started running parser_convert
finished parser_convert
removing targets
analyzing gcc-5__Ou__inetutils__telnetd/calc_sizes
started running calc_sizes
finished calc_sizes
removing targets
analyzing gcc-5__Ou__inetutils__telnetd/parser_init
started running parser_init
finished parser_init
analyzing gcc-5__Ou__inetutils__telnetd/parser_finalize
started running parser_finalize
finished parser_finalize
removing targets
analyzing gcc-5__Ou__inetutils__telnetd/parser_parse_arg
started running parser_parse_arg
finished parser_parse_arg
removing targets
analyzing gcc-5__Ou__inetutils__telnetd/parser_parse_opt
started running parser_parse_opt
finished parser_parse_opt
removing targets
analyzing gcc-5__Ou__inetutils__telnetd/parser_parse_next
started running parser_parse_next
finished parser_parse_next
removing targets
analyzing gcc-5__Ou__inetutils__telnetd/argp_parse
started running argp_parse
finished argp_parse
removing targets
analyzing gcc-5__Ou__inetutils__telnetd/argp_usage
started running argp_usage
finished argp_usage
analyzing gcc-5__Ou__inetutils__telnetd/version_etc_hook
started running version_etc_hook
finished version_etc_hook
analyzing gcc-5__Ou__inetutils__telnetd/argp_version_setup
started running argp_version_setup
finished argp_version_setup
analyzing gcc-5__Ou__inetutils__telnetd/last_component
started running last_component
finished last_component
removing targets
analyzing gcc-5__Ou__inetutils__telnetd/base_len
started running base_len
finished base_len
analyzing gcc-5__Ou__inetutils__telnetd/set_program_name
started running set_program_name
finished set_program_name
removing targets
analyzing gcc-5__Ou__inetutils__telnetd/version_etc_arn
started running version_etc_arn
finished version_etc_arn
removing targets
analyzing gcc-5__Ou__inetutils__telnetd/version_etc_ar
started running version_etc_ar
finished version_etc_ar
removing targets
analyzing gcc-5__Ou__inetutils__telnetd/version_etc_va
started running version_etc_va
finished version_etc_va
removing targets
analyzing gcc-5__Ou__inetutils__telnetd/version_etc
started running version_etc
finished version_etc
removing targets
analyzing gcc-5__Ou__inetutils__telnetd/emit_bug_reporting_address
started running emit_bug_reporting_address
finished emit_bug_reporting_address
analyzing gcc-5__Ou__inetutils__telnetd/xnmalloc
started running xnmalloc
finished xnmalloc
removing targets
analyzing gcc-5__Ou__inetutils__telnetd/xnrealloc
started running xnrealloc
finished xnrealloc
removing targets
analyzing gcc-5__Ou__inetutils__telnetd/x2nrealloc
started running x2nrealloc
finished x2nrealloc
removing targets
analyzing gcc-5__Ou__inetutils__telnetd/xcharalloc
started running xcharalloc
finished xcharalloc
analyzing gcc-5__Ou__inetutils__telnetd/xmalloc
started running xmalloc
finished xmalloc
analyzing gcc-5__Ou__inetutils__telnetd/xrealloc
started running xrealloc
finished xrealloc
removing targets
analyzing gcc-5__Ou__inetutils__telnetd/x2realloc
started running x2realloc
finished x2realloc
analyzing gcc-5__Ou__inetutils__telnetd/xzalloc
started running xzalloc
finished xzalloc
analyzing gcc-5__Ou__inetutils__telnetd/xcalloc
started running xcalloc
finished xcalloc
analyzing gcc-5__Ou__inetutils__telnetd/xmemdup
started running xmemdup
finished xmemdup
analyzing gcc-5__Ou__inetutils__telnetd/xstrdup
started running xstrdup
finished xstrdup
analyzing gcc-5__Ou__inetutils__telnetd/xalloc_die
started running xalloc_die
finished xalloc_die
analyzing gcc-5__Ou__inetutils__telnetd/rpl_getopt_long
started running rpl_getopt_long
finished rpl_getopt_long
analyzing gcc-5__Ou__inetutils__telnetd/rpl_getopt_long_only
started running rpl_getopt_long_only
finished rpl_getopt_long_only
analyzing gcc-5__Ou__inetutils__telnetd/rpl_ioctl
started running rpl_ioctl
finished rpl_ioctl
removing targets
analyzing gcc-5__Ou__inetutils__telnetd/call_chunkfun
started running call_chunkfun
finished call_chunkfun
removing targets
analyzing gcc-5__Ou__inetutils__telnetd/call_freefun
started running call_freefun
finished call_freefun
removing targets
analyzing gcc-5__Ou__inetutils__telnetd/print_and_abort
started running print_and_abort
finished print_and_abort
analyzing gcc-5__Ou__inetutils__telnetd/validate_uparams
started running validate_uparams
finished validate_uparams
removing targets
analyzing gcc-5__Ou__inetutils__telnetd/fill_in_uparams
started running fill_in_uparams
stopped exploration
finished fill_in_uparams
analyzing gcc-5__Ou__inetutils__telnetd/find_char
started running find_char
finished find_char
removing targets
analyzing gcc-5__Ou__inetutils__telnetd/make_hol
started running make_hol
stopped exploration
finished make_hol
analyzing gcc-5__Ou__inetutils__telnetd/hol_add_cluster
started running hol_add_cluster
finished hol_add_cluster
analyzing gcc-5__Ou__inetutils__telnetd/hol_free
started running hol_free
finished hol_free
removing targets
analyzing gcc-5__Ou__inetutils__telnetd/hol_entry_short_iterate
started running hol_entry_short_iterate
finished hol_entry_short_iterate
removing targets
analyzing gcc-5__Ou__inetutils__telnetd/until_short
started running until_short
finished until_short
analyzing gcc-5__Ou__inetutils__telnetd/hol_entry_first_short
started running hol_entry_first_short
finished hol_entry_first_short
analyzing gcc-5__Ou__inetutils__telnetd/hol_entry_first_long
started running hol_entry_first_long
finished hol_entry_first_long
removing targets
analyzing gcc-5__Ou__inetutils__telnetd/hol_find_entry
started running hol_find_entry
stopped exploration
finished hol_find_entry
removing targets
analyzing gcc-5__Ou__inetutils__telnetd/hol_set_group
started running hol_set_group
finished hol_set_group
analyzing gcc-5__Ou__inetutils__telnetd/group_cmp
started running group_cmp
finished group_cmp
removing targets
analyzing gcc-5__Ou__inetutils__telnetd/hol_cluster_cmp
started running hol_cluster_cmp
finished hol_cluster_cmp
removing targets
analyzing gcc-5__Ou__inetutils__telnetd/hol_cluster_base
started running hol_cluster_base
finished hol_cluster_base
removing targets
analyzing gcc-5__Ou__inetutils__telnetd/hol_cluster_is_child
started running hol_cluster_is_child
finished hol_cluster_is_child
removing targets
analyzing gcc-5__Ou__inetutils__telnetd/canon_doc_option
started running canon_doc_option
finished canon_doc_option
removing targets
analyzing gcc-5__Ou__inetutils__telnetd/hol_entry_cmp
started running hol_entry_cmp
finished hol_entry_cmp
removing targets
analyzing gcc-5__Ou__inetutils__telnetd/hol_entry_qcmp
started running hol_entry_qcmp
finished hol_entry_qcmp
analyzing gcc-5__Ou__inetutils__telnetd/hol_sort
started running hol_sort
finished hol_sort
removing targets
analyzing gcc-5__Ou__inetutils__telnetd/hol_append
started running hol_append
stopped exploration
finished hol_append
removing targets
analyzing gcc-5__Ou__inetutils__telnetd/indent_to
started running indent_to
finished indent_to
analyzing gcc-5__Ou__inetutils__telnetd/space
started running space
finished space
analyzing gcc-5__Ou__inetutils__telnetd/arg
started running arg
finished arg
removing targets
analyzing gcc-5__Ou__inetutils__telnetd/filter_doc
started running filter_doc
finished filter_doc
removing targets
analyzing gcc-5__Ou__inetutils__telnetd/print_header
started running print_header
finished print_header
analyzing gcc-5__Ou__inetutils__telnetd/comma
started running comma
finished comma
removing targets
analyzing gcc-5__Ou__inetutils__telnetd/hol_entry_help
started running hol_entry_help
stopped exploration
finished hol_entry_help
analyzing gcc-5__Ou__inetutils__telnetd/hol_help
started running hol_help
finished hol_help
removing targets
analyzing gcc-5__Ou__inetutils__telnetd/add_argless_short_opt
started running add_argless_short_opt
finished add_argless_short_opt
removing targets
analyzing gcc-5__Ou__inetutils__telnetd/usage_argful_short_opt
started running usage_argful_short_opt
finished usage_argful_short_opt
removing targets
analyzing gcc-5__Ou__inetutils__telnetd/usage_long_opt
started running usage_long_opt
finished usage_long_opt
removing targets
analyzing gcc-5__Ou__inetutils__telnetd/hol_usage
started running hol_usage
finished hol_usage
removing targets
analyzing gcc-5__Ou__inetutils__telnetd/argp_hol
started running argp_hol
finished argp_hol
analyzing gcc-5__Ou__inetutils__telnetd/argp_args_levels
started running argp_args_levels
finished argp_args_levels
removing targets
analyzing gcc-5__Ou__inetutils__telnetd/argp_args_usage
started running argp_args_usage
finished argp_args_usage
analyzing gcc-5__Ou__inetutils__telnetd/argp_doc
started running argp_doc
finished argp_doc
removing targets
analyzing gcc-5__Ou__inetutils__telnetd/argp_help
started running argp_help
finished argp_help
analyzing gcc-5__Ou__inetutils__telnetd/argp_state_help
started running argp_state_help
finished argp_state_help
removing targets
analyzing gcc-5__Ou__inetutils__telnetd/argp_error
started running argp_error
finished argp_error
removing targets
analyzing gcc-5__Ou__inetutils__telnetd/argp_failure
started running argp_failure
finished argp_failure
removing targets
analyzing gcc-5__Ou__inetutils__telnetd/exchange
started running exchange
finished exchange
removing targets
analyzing gcc-5__Ou__inetutils__telnetd/rpl_getopt_internal
started running rpl_getopt_internal
finished rpl_getopt_internal
analyzing gcc-5__Ou__inetutils__telnetd/rpl_getopt
started running rpl_getopt
finished rpl_getopt
analyzing gcc-5__Ou__inetutils__telnetd/argp_make_fmtstream
started running argp_make_fmtstream
finished argp_make_fmtstream
analyzing gcc-5__Ou__inetutils__telnetd/argp_fmtstream_free
started running argp_fmtstream_free
finished argp_fmtstream_free
analyzing gcc-5__Ou__inetutils__telnetd/argp_fmtstream_printf
started running argp_fmtstream_printf
finished argp_fmtstream_printf
removing targets
analyzing gcc-5__Ou__inetutils__telnetd/argp_fmtstream_write
started running argp_fmtstream_write
finished argp_fmtstream_write
removing targets
analyzing gcc-5__Ou__inetutils__telnetd/argp_fmtstream_puts
started running argp_fmtstream_puts
finished argp_fmtstream_puts
analyzing gcc-5__Ou__inetutils__telnetd/argp_fmtstream_putc
started running argp_fmtstream_putc
finished argp_fmtstream_putc
removing targets
analyzing gcc-5__Ou__inetutils__telnetd/argp_fmtstream_set_lmargin
started running argp_fmtstream_set_lmargin
finished argp_fmtstream_set_lmargin
removing targets
analyzing gcc-5__Ou__inetutils__telnetd/argp_fmtstream_set_rmargin
started running argp_fmtstream_set_rmargin
finished argp_fmtstream_set_rmargin
removing targets
analyzing gcc-5__Ou__inetutils__telnetd/argp_fmtstream_set_wmargin
started running argp_fmtstream_set_wmargin
finished argp_fmtstream_set_wmargin
removing targets
analyzing gcc-5__Ou__inetutils__telnetd/argp_fmtstream_point
started running argp_fmtstream_point
finished argp_fmtstream_point
removing targets
