gcc-5__Ou__binutils-2.26__sysinfo have 40 funcs
analyzing gcc-5__Ou__binutils-2.26__sysinfo/deregister_tm_clones
started running deregister_tm_clones
finished deregister_tm_clones
removing targets
analyzing gcc-5__Ou__binutils-2.26__sysinfo/register_tm_clones
started running register_tm_clones
finished register_tm_clones
removing targets
analyzing gcc-5__Ou__binutils-2.26__sysinfo/frame_dummy
started running frame_dummy
finished frame_dummy
removing targets
analyzing gcc-5__Ou__binutils-2.26__sysinfo/yydestruct
started running yydestruct
finished yydestruct
removing targets
analyzing gcc-5__Ou__binutils-2.26__sysinfo/yyparse
started running yyparse
finished yyparse
removing targets
analyzing gcc-5__Ou__binutils-2.26__sysinfo/yyerror
started running yyerror
finished yyerror
analyzing gcc-5__Ou__binutils-2.26__sysinfo/yywrap
started running yywrap
finished yywrap
analyzing gcc-5__Ou__binutils-2.26__sysinfo/yylex
started running yylex
stopped exploration
finished yylex
removing targets
analyzing gcc-5__Ou__binutils-2.26__sysinfo/yy_get_next_buffer
started running yy_get_next_buffer
finished yy_get_next_buffer
removing targets
analyzing gcc-5__Ou__binutils-2.26__sysinfo/yy_get_previous_state
started running yy_get_previous_state
finished yy_get_previous_state
removing targets
analyzing gcc-5__Ou__binutils-2.26__sysinfo/yy_try_NUL_trans
started running yy_try_NUL_trans
finished yy_try_NUL_trans
removing targets
analyzing gcc-5__Ou__binutils-2.26__sysinfo/yyrestart
started running yyrestart
finished yyrestart
removing targets
analyzing gcc-5__Ou__binutils-2.26__sysinfo/yy_switch_to_buffer
started running yy_switch_to_buffer
finished yy_switch_to_buffer
analyzing gcc-5__Ou__binutils-2.26__sysinfo/yy_load_buffer_state
started running yy_load_buffer_state
finished yy_load_buffer_state
analyzing gcc-5__Ou__binutils-2.26__sysinfo/yy_create_buffer
started running yy_create_buffer
finished yy_create_buffer
analyzing gcc-5__Ou__binutils-2.26__sysinfo/yy_delete_buffer
started running yy_delete_buffer
finished yy_delete_buffer
removing targets
analyzing gcc-5__Ou__binutils-2.26__sysinfo/yy_init_buffer
started running yy_init_buffer
finished yy_init_buffer
analyzing gcc-5__Ou__binutils-2.26__sysinfo/yy_flush_buffer
started running yy_flush_buffer
finished yy_flush_buffer
removing targets
analyzing gcc-5__Ou__binutils-2.26__sysinfo/yypush_buffer_state
started running yypush_buffer_state
finished yypush_buffer_state
removing targets
analyzing gcc-5__Ou__binutils-2.26__sysinfo/yypop_buffer_state
started running yypop_buffer_state
finished yypop_buffer_state
removing targets
analyzing gcc-5__Ou__binutils-2.26__sysinfo/yyensure_buffer_stack
started running yyensure_buffer_stack
finished yyensure_buffer_stack
removing targets
analyzing gcc-5__Ou__binutils-2.26__sysinfo/yy_scan_buffer
started running yy_scan_buffer
finished yy_scan_buffer
removing targets
analyzing gcc-5__Ou__binutils-2.26__sysinfo/yy_scan_string
started running yy_scan_string
finished yy_scan_string
analyzing gcc-5__Ou__binutils-2.26__sysinfo/yy_scan_bytes
started running yy_scan_bytes
finished yy_scan_bytes
analyzing gcc-5__Ou__binutils-2.26__sysinfo/yy_fatal_error
started running yy_fatal_error
finished yy_fatal_error
analyzing gcc-5__Ou__binutils-2.26__sysinfo/yyget_lineno
started running yyget_lineno
finished yyget_lineno
analyzing gcc-5__Ou__binutils-2.26__sysinfo/yyget_in
started running yyget_in
finished yyget_in
analyzing gcc-5__Ou__binutils-2.26__sysinfo/yyget_out
started running yyget_out
finished yyget_out
analyzing gcc-5__Ou__binutils-2.26__sysinfo/yyget_leng
started running yyget_leng
finished yyget_leng
analyzing gcc-5__Ou__binutils-2.26__sysinfo/yyget_text
started running yyget_text
finished yyget_text
analyzing gcc-5__Ou__binutils-2.26__sysinfo/yyset_lineno
started running yyset_lineno
finished yyset_lineno
analyzing gcc-5__Ou__binutils-2.26__sysinfo/yyset_in
started running yyset_in
finished yyset_in
analyzing gcc-5__Ou__binutils-2.26__sysinfo/yyset_out
started running yyset_out
finished yyset_out
analyzing gcc-5__Ou__binutils-2.26__sysinfo/yyget_debug
started running yyget_debug
finished yyget_debug
analyzing gcc-5__Ou__binutils-2.26__sysinfo/yyset_debug
started running yyset_debug
finished yyset_debug
analyzing gcc-5__Ou__binutils-2.26__sysinfo/yy_init_globals
started running yy_init_globals
finished yy_init_globals
analyzing gcc-5__Ou__binutils-2.26__sysinfo/yylex_destroy
started running yylex_destroy
finished yylex_destroy
removing targets
analyzing gcc-5__Ou__binutils-2.26__sysinfo/yyalloc
started running yyalloc
finished yyalloc
analyzing gcc-5__Ou__binutils-2.26__sysinfo/yyrealloc
started running yyrealloc
finished yyrealloc
analyzing gcc-5__Ou__binutils-2.26__sysinfo/yyfree
started running yyfree
finished yyfree
