ERROR   | 2021-12-04 00:46:06,869 | root     | b'out of memory'
ERROR   | 2021-12-04 00:46:06,871 | root     | got an error while analyzing mpz_cmpabs_d
ERROR   | 2021-12-04 00:46:16,674 | root     | b'out of memory'
ERROR   | 2021-12-04 00:46:16,677 | root     | got an error while analyzing mpz_cmp_d
ERROR   | 2021-12-04 00:46:17,022 | root     | b'out of memory'
ERROR   | 2021-12-04 00:46:17,024 | root     | got an error while analyzing mpz_sgn
ERROR   | 2021-12-04 00:46:17,330 | root     | b'out of memory'
ERROR   | 2021-12-04 00:46:17,330 | root     | got an error while analyzing mpz_cmp_si
ERROR   | 2021-12-04 00:46:17,635 | root     | b'out of memory'
ERROR   | 2021-12-04 00:46:17,636 | root     | got an error while analyzing mpz_cmp_ui
ERROR   | 2021-12-04 00:48:09,694 | root     | b'out of memory'
ERROR   | 2021-12-04 00:48:09,696 | root     | got an error while analyzing mpz_cmp
ERROR   | 2021-12-04 00:48:10,044 | root     | b'out of memory'
ERROR   | 2021-12-04 00:48:10,044 | root     | got an error while analyzing mpz_cmpabs_ui
ERROR   | 2021-12-04 00:51:34,121 | root     | b'out of memory'
ERROR   | 2021-12-04 00:51:34,890 | root     | got an error while analyzing mpz_cmpabs
ERROR   | 2021-12-04 00:52:44,738 | root     | b'out of memory'
ERROR   | 2021-12-04 00:52:44,753 | root     | got an error while analyzing mpz_abs
ERROR   | 2021-12-04 00:53:40,714 | root     | b'out of memory'
ERROR   | 2021-12-04 00:53:40,722 | root     | got an error while analyzing mpz_neg
ERROR   | 2021-12-04 00:53:42,427 | root     | b'out of memory'
ERROR   | 2021-12-04 00:53:42,432 | root     | got an error while analyzing mpz_swap
ERROR   | 2021-12-04 01:01:13,013 | root     | b'out of memory'
ERROR   | 2021-12-04 01:01:13,018 | root     | got an error while analyzing mpz_div_q_2exp
ERROR   | 2021-12-04 01:04:09,277 | root     | b'out of memory'
ERROR   | 2021-12-04 01:04:09,280 | root     | got an error while analyzing mpz_div_r_2exp
ERROR   | 2021-12-04 01:14:14,555 | root     | b'out of memory'
ERROR   | 2021-12-04 01:14:14,555 | root     | got an error while analyzing mpz_div_qr_ui
Killed
