gcc-5__Ou__radius__radlast have 98 funcs
analyzing gcc-5__Ou__radius__radlast/deregister_tm_clones
started running deregister_tm_clones
finished deregister_tm_clones
removing targets
analyzing gcc-5__Ou__radius__radlast/register_tm_clones
started running register_tm_clones
finished register_tm_clones
removing targets
analyzing gcc-5__Ou__radius__radlast/frame_dummy
started running frame_dummy
finished frame_dummy
removing targets
analyzing gcc-5__Ou__radius__radlast/parse_opt
started running parse_opt
finished parse_opt
removing targets
analyzing gcc-5__Ou__radius__radlast/read_naslist
started running read_naslist
finished read_naslist
analyzing gcc-5__Ou__radius__radlast/sig_int
started running sig_int
finished sig_int
analyzing gcc-5__Ou__radius__radlast/radwtmp
started running radwtmp
stopped exploration
finished radwtmp
analyzing gcc-5__Ou__radius__radlast/want
started running want
finished want
removing targets
analyzing gcc-5__Ou__radius__radlast/adduser
started running adduser
finished adduser
removing targets
analyzing gcc-5__Ou__radius__radlast/add_wtmp_entry
started running add_wtmp_entry
finished add_wtmp_entry
removing targets
analyzing gcc-5__Ou__radius__radlast/delete_wtmp_entry
started running delete_wtmp_entry
finished delete_wtmp_entry
removing targets
analyzing gcc-5__Ou__radius__radlast/find_wtmp_nas
started running find_wtmp_nas
finished find_wtmp_nas
removing targets
analyzing gcc-5__Ou__radius__radlast/find_wtmp_nas_port
started running find_wtmp_nas_port
finished find_wtmp_nas_port
removing targets
analyzing gcc-5__Ou__radius__radlast/find_wtmp_nas_port_sid
started running find_wtmp_nas_port_sid
finished find_wtmp_nas_port_sid
removing targets
analyzing gcc-5__Ou__radius__radlast/add_logout
started running add_logout
finished add_logout
analyzing gcc-5__Ou__radius__radlast/add_nas_restart
started running add_nas_restart
finished add_nas_restart
analyzing gcc-5__Ou__radius__radlast/find_login
started running find_login
finished find_login
analyzing gcc-5__Ou__radius__radlast/find_logout_sid
started running find_logout_sid
finished find_logout_sid
analyzing gcc-5__Ou__radius__radlast/find_logout
started running find_logout
finished find_logout
analyzing gcc-5__Ou__radius__radlast/find_restart
started running find_restart
finished find_restart
analyzing gcc-5__Ou__radius__radlast/delete_logout
started running delete_logout
finished delete_logout
analyzing gcc-5__Ou__radius__radlast/proto_str
started running proto_str
finished proto_str
analyzing gcc-5__Ou__radius__radlast/port_type_str
started running port_type_str
finished port_type_str
analyzing gcc-5__Ou__radius__radlast/print_entry
started running print_entry
finished print_entry
analyzing gcc-5__Ou__radius__radlast/print_reboot_entry
started running print_reboot_entry
finished print_reboot_entry
analyzing gcc-5__Ou__radius__radlast/print_acct_toggle
started running print_acct_toggle
finished print_acct_toggle
analyzing gcc-5__Ou__radius__radlast/grad_app_setup
started running grad_app_setup
finished grad_app_setup
analyzing gcc-5__Ou__radius__radlast/rad_common_argp_parser
started running rad_common_argp_parser
finished rad_common_argp_parser
removing targets
analyzing gcc-5__Ou__radius__radlast/grad_argp_parse
started running grad_argp_parse
finished grad_argp_parse
analyzing gcc-5__Ou__radius__radlast/argp_default_parser
started running argp_default_parser
finished argp_default_parser
removing targets
analyzing gcc-5__Ou__radius__radlast/argp_version_parser
started running argp_version_parser
finished argp_version_parser
removing targets
analyzing gcc-5__Ou__radius__radlast/find_long_option
started running find_long_option
finished find_long_option
removing targets
analyzing gcc-5__Ou__radius__radlast/group_parse
started running group_parse
finished group_parse
removing targets
analyzing gcc-5__Ou__radius__radlast/convert_options
started running convert_options
stopped exploration
finished convert_options
removing targets
analyzing gcc-5__Ou__radius__radlast/parser_convert
started running parser_convert
finished parser_convert
removing targets
analyzing gcc-5__Ou__radius__radlast/calc_sizes
started running calc_sizes
finished calc_sizes
removing targets
analyzing gcc-5__Ou__radius__radlast/parser_init
started running parser_init
finished parser_init
analyzing gcc-5__Ou__radius__radlast/parser_finalize
started running parser_finalize
finished parser_finalize
removing targets
analyzing gcc-5__Ou__radius__radlast/parser_parse_arg
started running parser_parse_arg
finished parser_parse_arg
removing targets
analyzing gcc-5__Ou__radius__radlast/parser_parse_opt
started running parser_parse_opt
finished parser_parse_opt
removing targets
analyzing gcc-5__Ou__radius__radlast/parser_parse_next
started running parser_parse_next
finished parser_parse_next
removing targets
analyzing gcc-5__Ou__radius__radlast/argp_parse
started running argp_parse
finished argp_parse
removing targets
analyzing gcc-5__Ou__radius__radlast/argp_usage
started running argp_usage
finished argp_usage
analyzing gcc-5__Ou__radius__radlast/rpl_getopt_long
started running rpl_getopt_long
finished rpl_getopt_long
analyzing gcc-5__Ou__radius__radlast/rpl_getopt_long_only
started running rpl_getopt_long_only
finished rpl_getopt_long_only
analyzing gcc-5__Ou__radius__radlast/validate_uparams
started running validate_uparams
finished validate_uparams
removing targets
analyzing gcc-5__Ou__radius__radlast/fill_in_uparams
started running fill_in_uparams
stopped exploration
finished fill_in_uparams
analyzing gcc-5__Ou__radius__radlast/find_char
started running find_char
finished find_char
removing targets
analyzing gcc-5__Ou__radius__radlast/make_hol
started running make_hol
stopped exploration
finished make_hol
analyzing gcc-5__Ou__radius__radlast/hol_add_cluster
started running hol_add_cluster
finished hol_add_cluster
analyzing gcc-5__Ou__radius__radlast/hol_free
started running hol_free
finished hol_free
removing targets
analyzing gcc-5__Ou__radius__radlast/hol_entry_short_iterate
started running hol_entry_short_iterate
finished hol_entry_short_iterate
removing targets
analyzing gcc-5__Ou__radius__radlast/until_short
started running until_short
finished until_short
analyzing gcc-5__Ou__radius__radlast/hol_entry_first_short
started running hol_entry_first_short
finished hol_entry_first_short
analyzing gcc-5__Ou__radius__radlast/hol_entry_first_long
started running hol_entry_first_long
finished hol_entry_first_long
removing targets
analyzing gcc-5__Ou__radius__radlast/hol_find_entry
started running hol_find_entry
stopped exploration
finished hol_find_entry
removing targets
analyzing gcc-5__Ou__radius__radlast/hol_set_group
started running hol_set_group
finished hol_set_group
analyzing gcc-5__Ou__radius__radlast/group_cmp
started running group_cmp
finished group_cmp
removing targets
analyzing gcc-5__Ou__radius__radlast/hol_cluster_cmp
started running hol_cluster_cmp
finished hol_cluster_cmp
removing targets
analyzing gcc-5__Ou__radius__radlast/hol_cluster_base
started running hol_cluster_base
finished hol_cluster_base
removing targets
analyzing gcc-5__Ou__radius__radlast/hol_cluster_is_child
started running hol_cluster_is_child
finished hol_cluster_is_child
removing targets
analyzing gcc-5__Ou__radius__radlast/canon_doc_option
started running canon_doc_option
finished canon_doc_option
removing targets
analyzing gcc-5__Ou__radius__radlast/hol_entry_cmp
started running hol_entry_cmp
finished hol_entry_cmp
removing targets
analyzing gcc-5__Ou__radius__radlast/hol_entry_qcmp
started running hol_entry_qcmp
finished hol_entry_qcmp
analyzing gcc-5__Ou__radius__radlast/hol_sort
started running hol_sort
finished hol_sort
removing targets
analyzing gcc-5__Ou__radius__radlast/hol_append
started running hol_append
stopped exploration
finished hol_append
removing targets
analyzing gcc-5__Ou__radius__radlast/indent_to
started running indent_to
finished indent_to
analyzing gcc-5__Ou__radius__radlast/space
started running space
finished space
analyzing gcc-5__Ou__radius__radlast/arg
started running arg
finished arg
removing targets
analyzing gcc-5__Ou__radius__radlast/filter_doc
started running filter_doc
finished filter_doc
removing targets
analyzing gcc-5__Ou__radius__radlast/print_header
started running print_header
finished print_header
analyzing gcc-5__Ou__radius__radlast/comma
started running comma
finished comma
removing targets
analyzing gcc-5__Ou__radius__radlast/hol_entry_help
started running hol_entry_help
stopped exploration
finished hol_entry_help
analyzing gcc-5__Ou__radius__radlast/hol_help
started running hol_help
finished hol_help
removing targets
analyzing gcc-5__Ou__radius__radlast/add_argless_short_opt
started running add_argless_short_opt
finished add_argless_short_opt
removing targets
analyzing gcc-5__Ou__radius__radlast/usage_argful_short_opt
started running usage_argful_short_opt
finished usage_argful_short_opt
removing targets
analyzing gcc-5__Ou__radius__radlast/usage_long_opt
started running usage_long_opt
finished usage_long_opt
removing targets
analyzing gcc-5__Ou__radius__radlast/hol_usage
started running hol_usage
finished hol_usage
removing targets
analyzing gcc-5__Ou__radius__radlast/argp_hol
started running argp_hol
finished argp_hol
analyzing gcc-5__Ou__radius__radlast/argp_args_levels
started running argp_args_levels
finished argp_args_levels
removing targets
analyzing gcc-5__Ou__radius__radlast/argp_args_usage
started running argp_args_usage
finished argp_args_usage
analyzing gcc-5__Ou__radius__radlast/argp_doc
started running argp_doc
finished argp_doc
removing targets
analyzing gcc-5__Ou__radius__radlast/argp_help
started running argp_help
finished argp_help
analyzing gcc-5__Ou__radius__radlast/argp_state_help
started running argp_state_help
finished argp_state_help
removing targets
analyzing gcc-5__Ou__radius__radlast/argp_error
started running argp_error
finished argp_error
removing targets
analyzing gcc-5__Ou__radius__radlast/argp_failure
started running argp_failure
finished argp_failure
removing targets
analyzing gcc-5__Ou__radius__radlast/exchange
started running exchange
finished exchange
removing targets
analyzing gcc-5__Ou__radius__radlast/rpl_getopt
started running rpl_getopt
finished rpl_getopt
analyzing gcc-5__Ou__radius__radlast/argp_make_fmtstream
started running argp_make_fmtstream
finished argp_make_fmtstream
analyzing gcc-5__Ou__radius__radlast/argp_fmtstream_free
started running argp_fmtstream_free
finished argp_fmtstream_free
analyzing gcc-5__Ou__radius__radlast/argp_fmtstream_printf
started running argp_fmtstream_printf
finished argp_fmtstream_printf
removing targets
analyzing gcc-5__Ou__radius__radlast/argp_fmtstream_write
started running argp_fmtstream_write
finished argp_fmtstream_write
removing targets
analyzing gcc-5__Ou__radius__radlast/argp_fmtstream_puts
started running argp_fmtstream_puts
finished argp_fmtstream_puts
analyzing gcc-5__Ou__radius__radlast/argp_fmtstream_putc
started running argp_fmtstream_putc
finished argp_fmtstream_putc
removing targets
analyzing gcc-5__Ou__radius__radlast/argp_fmtstream_set_lmargin
started running argp_fmtstream_set_lmargin
finished argp_fmtstream_set_lmargin
removing targets
analyzing gcc-5__Ou__radius__radlast/argp_fmtstream_set_rmargin
started running argp_fmtstream_set_rmargin
finished argp_fmtstream_set_rmargin
removing targets
analyzing gcc-5__Ou__radius__radlast/argp_fmtstream_set_wmargin
started running argp_fmtstream_set_wmargin
finished argp_fmtstream_set_wmargin
removing targets
analyzing gcc-5__Ou__radius__radlast/argp_fmtstream_point
started running argp_fmtstream_point
finished argp_fmtstream_point
removing targets
