gcc-5__Ou__recutils__recins have 121 funcs
analyzing gcc-5__Ou__recutils__recins/deregister_tm_clones
started running deregister_tm_clones
finished deregister_tm_clones
removing targets
analyzing gcc-5__Ou__recutils__recins/register_tm_clones
started running register_tm_clones
finished register_tm_clones
removing targets
analyzing gcc-5__Ou__recutils__recins/frame_dummy
started running frame_dummy
finished frame_dummy
removing targets
analyzing gcc-5__Ou__recutils__recins/recutl_init
started running recutl_init
finished recutl_init
analyzing gcc-5__Ou__recutils__recins/recutl_interactive
started running recutl_interactive
finished recutl_interactive
analyzing gcc-5__Ou__recutils__recins/recutl_print_help_footer
started running recutl_print_help_footer
finished recutl_print_help_footer
analyzing gcc-5__Ou__recutils__recins/recutl_print_help_common
started running recutl_print_help_common
finished recutl_print_help_common
analyzing gcc-5__Ou__recutils__recins/recutl_print_help_record_selection
started running recutl_print_help_record_selection
finished recutl_print_help_record_selection
analyzing gcc-5__Ou__recutils__recins/recutl_print_version
started running recutl_print_version
finished recutl_print_version
analyzing gcc-5__Ou__recutils__recins/recutl_fatal
started running recutl_fatal
finished recutl_fatal
removing targets
analyzing gcc-5__Ou__recutils__recins/recutl_out_of_memory
started running recutl_out_of_memory
finished recutl_out_of_memory
analyzing gcc-5__Ou__recutils__recins/recutl_error
started running recutl_error
finished recutl_error
removing targets
analyzing gcc-5__Ou__recutils__recins/recutl_warning
started running recutl_warning
finished recutl_warning
removing targets
analyzing gcc-5__Ou__recutils__recins/recutl_parse_db_from_file
started running recutl_parse_db_from_file
stopped exploration
finished recutl_parse_db_from_file
analyzing gcc-5__Ou__recutils__recins/recutl_build_db
started running recutl_build_db
stopped exploration
finished recutl_build_db
analyzing gcc-5__Ou__recutils__recins/recutl_read_db_from_file
started running recutl_read_db_from_file
finished recutl_read_db_from_file
analyzing gcc-5__Ou__recutils__recins/recutl_file_is_writable
started running recutl_file_is_writable
finished recutl_file_is_writable
removing targets
analyzing gcc-5__Ou__recutils__recins/recutl_write_db_to_file
started running recutl_write_db_to_file
finished recutl_write_db_to_file
removing targets
analyzing gcc-5__Ou__recutils__recins/recutl_read_file
started running recutl_read_file
finished recutl_read_file
analyzing gcc-5__Ou__recutils__recins/recutl_check_integrity
started running recutl_check_integrity
finished recutl_check_integrity
analyzing gcc-5__Ou__recutils__recins/recutl_yesno
started running recutl_yesno
finished recutl_yesno
analyzing gcc-5__Ou__recutils__recins/recutl_index_list_parse
started running recutl_index_list_parse
finished recutl_index_list_parse
analyzing gcc-5__Ou__recutils__recins/recutl_reset_indexes
started running recutl_reset_indexes
finished recutl_reset_indexes
analyzing gcc-5__Ou__recutils__recins/recutl_num_indexes
started running recutl_num_indexes
finished recutl_num_indexes
analyzing gcc-5__Ou__recutils__recins/recutl_index
started running recutl_index
finished recutl_index
analyzing gcc-5__Ou__recutils__recins/recutl_getpass
started running recutl_getpass
finished recutl_getpass
analyzing gcc-5__Ou__recutils__recins/recutl_print_help
started running recutl_print_help
finished recutl_print_help
analyzing gcc-5__Ou__recutils__recins/recins_parse_args
started running recins_parse_args
stopped exploration
finished recins_parse_args
removing targets
analyzing gcc-5__Ou__recutils__recins/recins_add_new_record
started running recins_add_new_record
finished recins_add_new_record
removing targets
analyzing gcc-5__Ou__recutils__recins/close_stdout_set_file_name
started running close_stdout_set_file_name
finished close_stdout_set_file_name
analyzing gcc-5__Ou__recutils__recins/close_stdout_set_ignore_EPIPE
started running close_stdout_set_ignore_EPIPE
finished close_stdout_set_ignore_EPIPE
analyzing gcc-5__Ou__recutils__recins/close_stdout
started running close_stdout
finished close_stdout
analyzing gcc-5__Ou__recutils__recins/set_program_name
started running set_program_name
finished set_program_name
removing targets
analyzing gcc-5__Ou__recutils__recins/clone_quoting_options
started running clone_quoting_options
finished clone_quoting_options
analyzing gcc-5__Ou__recutils__recins/get_quoting_style
started running get_quoting_style
finished get_quoting_style
removing targets
analyzing gcc-5__Ou__recutils__recins/set_quoting_style
started running set_quoting_style
finished set_quoting_style
removing targets
analyzing gcc-5__Ou__recutils__recins/set_char_quoting
started running set_char_quoting
finished set_char_quoting
removing targets
analyzing gcc-5__Ou__recutils__recins/set_quoting_flags
started running set_quoting_flags
finished set_quoting_flags
removing targets
analyzing gcc-5__Ou__recutils__recins/set_custom_quoting
started running set_custom_quoting
finished set_custom_quoting
removing targets
analyzing gcc-5__Ou__recutils__recins/quoting_options_from_style
started running quoting_options_from_style
finished quoting_options_from_style
analyzing gcc-5__Ou__recutils__recins/gettext_quote
started running gettext_quote
finished gettext_quote
analyzing gcc-5__Ou__recutils__recins/quotearg_buffer_restyled
started running quotearg_buffer_restyled
stopped exploration
finished quotearg_buffer_restyled
analyzing gcc-5__Ou__recutils__recins/quotearg_buffer
started running quotearg_buffer
finished quotearg_buffer
removing targets
analyzing gcc-5__Ou__recutils__recins/quotearg_alloc
started running quotearg_alloc
finished quotearg_alloc
analyzing gcc-5__Ou__recutils__recins/quotearg_alloc_mem
started running quotearg_alloc_mem
finished quotearg_alloc_mem
removing targets
analyzing gcc-5__Ou__recutils__recins/quotearg_free
started running quotearg_free
finished quotearg_free
removing targets
analyzing gcc-5__Ou__recutils__recins/quotearg_n_options
started running quotearg_n_options
finished quotearg_n_options
analyzing gcc-5__Ou__recutils__recins/quotearg_n
started running quotearg_n
finished quotearg_n
analyzing gcc-5__Ou__recutils__recins/quotearg_n_mem
started running quotearg_n_mem
finished quotearg_n_mem
analyzing gcc-5__Ou__recutils__recins/quotearg
started running quotearg
finished quotearg
analyzing gcc-5__Ou__recutils__recins/quotearg_mem
started running quotearg_mem
finished quotearg_mem
analyzing gcc-5__Ou__recutils__recins/quotearg_n_style
started running quotearg_n_style
finished quotearg_n_style
analyzing gcc-5__Ou__recutils__recins/quotearg_n_style_mem
started running quotearg_n_style_mem
finished quotearg_n_style_mem
analyzing gcc-5__Ou__recutils__recins/quotearg_style
started running quotearg_style
finished quotearg_style
analyzing gcc-5__Ou__recutils__recins/quotearg_style_mem
started running quotearg_style_mem
finished quotearg_style_mem
analyzing gcc-5__Ou__recutils__recins/quotearg_char_mem
started running quotearg_char_mem
finished quotearg_char_mem
analyzing gcc-5__Ou__recutils__recins/quotearg_char
started running quotearg_char
finished quotearg_char
analyzing gcc-5__Ou__recutils__recins/quotearg_colon
started running quotearg_colon
finished quotearg_colon
analyzing gcc-5__Ou__recutils__recins/quotearg_colon_mem
started running quotearg_colon_mem
finished quotearg_colon_mem
analyzing gcc-5__Ou__recutils__recins/quotearg_n_custom
started running quotearg_n_custom
finished quotearg_n_custom
analyzing gcc-5__Ou__recutils__recins/quotearg_n_custom_mem
started running quotearg_n_custom_mem
finished quotearg_n_custom_mem
analyzing gcc-5__Ou__recutils__recins/quotearg_custom
started running quotearg_custom
finished quotearg_custom
analyzing gcc-5__Ou__recutils__recins/quotearg_custom_mem
started running quotearg_custom_mem
finished quotearg_custom_mem
analyzing gcc-5__Ou__recutils__recins/quote_n_mem
started running quote_n_mem
finished quote_n_mem
analyzing gcc-5__Ou__recutils__recins/quote_mem
started running quote_mem
finished quote_mem
analyzing gcc-5__Ou__recutils__recins/quote_n
started running quote_n
finished quote_n
analyzing gcc-5__Ou__recutils__recins/quote
started running quote
finished quote
analyzing gcc-5__Ou__recutils__recins/fread_file
started running fread_file
finished fread_file
analyzing gcc-5__Ou__recutils__recins/internal_read_file
started running internal_read_file
finished internal_read_file
analyzing gcc-5__Ou__recutils__recins/read_file
started running read_file
finished read_file
analyzing gcc-5__Ou__recutils__recins/read_binary_file
started running read_binary_file
finished read_binary_file
analyzing gcc-5__Ou__recutils__recins/xnmalloc
started running xnmalloc
finished xnmalloc
removing targets
analyzing gcc-5__Ou__recutils__recins/xnrealloc
started running xnrealloc
finished xnrealloc
removing targets
analyzing gcc-5__Ou__recutils__recins/x2nrealloc
started running x2nrealloc
finished x2nrealloc
removing targets
analyzing gcc-5__Ou__recutils__recins/xcharalloc
started running xcharalloc
finished xcharalloc
analyzing gcc-5__Ou__recutils__recins/xmalloc
started running xmalloc
finished xmalloc
analyzing gcc-5__Ou__recutils__recins/xrealloc
started running xrealloc
finished xrealloc
removing targets
analyzing gcc-5__Ou__recutils__recins/x2realloc
started running x2realloc
finished x2realloc
analyzing gcc-5__Ou__recutils__recins/xzalloc
started running xzalloc
finished xzalloc
analyzing gcc-5__Ou__recutils__recins/xcalloc
started running xcalloc
finished xcalloc
analyzing gcc-5__Ou__recutils__recins/xmemdup
started running xmemdup
finished xmemdup
analyzing gcc-5__Ou__recutils__recins/xstrdup
started running xstrdup
finished xstrdup
analyzing gcc-5__Ou__recutils__recins/xalloc_die
started running xalloc_die
finished xalloc_die
analyzing gcc-5__Ou__recutils__recins/rpl_fprintf
started running rpl_fprintf
finished rpl_fprintf
removing targets
analyzing gcc-5__Ou__recutils__recins/fseterr
started running fseterr
finished fseterr
analyzing gcc-5__Ou__recutils__recins/call_fclose
started running call_fclose
finished call_fclose
removing targets
analyzing gcc-5__Ou__recutils__recins/gnu_getpass
started running gnu_getpass
finished gnu_getpass
analyzing gcc-5__Ou__recutils__recins/rpl_printf
started running rpl_printf
finished rpl_printf
removing targets
analyzing gcc-5__Ou__recutils__recins/decimal_point_char
started running decimal_point_char
finished decimal_point_char
analyzing gcc-5__Ou__recutils__recins/is_infinite_or_zerol
started running is_infinite_or_zerol
finished is_infinite_or_zerol
analyzing gcc-5__Ou__recutils__recins/vasnprintf
started running vasnprintf
stopped exploration
finished vasnprintf
analyzing gcc-5__Ou__recutils__recins/rpl_vfprintf
started running rpl_vfprintf
finished rpl_vfprintf
analyzing gcc-5__Ou__recutils__recins/c_strcasecmp
started running c_strcasecmp
finished c_strcasecmp
removing targets
analyzing gcc-5__Ou__recutils__recins/close_stream
started running close_stream
finished close_stream
analyzing gcc-5__Ou__recutils__recins/get_charset_aliases
started running get_charset_aliases
stopped exploration
finished get_charset_aliases
removing targets
analyzing gcc-5__Ou__recutils__recins/locale_charset
started running locale_charset
finished locale_charset
analyzing gcc-5__Ou__recutils__recins/xsum
started running xsum
finished xsum
removing targets
analyzing gcc-5__Ou__recutils__recins/xsum3
started running xsum3
finished xsum3
analyzing gcc-5__Ou__recutils__recins/xsum4
started running xsum4
finished xsum4
analyzing gcc-5__Ou__recutils__recins/xmax
started running xmax
finished xmax
analyzing gcc-5__Ou__recutils__recins/rpl_isnanl
started running rpl_isnanl
finished rpl_isnanl
analyzing gcc-5__Ou__recutils__recins/printf_fetchargs
started running printf_fetchargs
finished printf_fetchargs
removing targets
analyzing gcc-5__Ou__recutils__recins/printf_parse
started running printf_parse
stopped exploration
finished printf_parse
removing targets
analyzing gcc-5__Ou__recutils__recins/c_isascii
started running c_isascii
finished c_isascii
removing targets
analyzing gcc-5__Ou__recutils__recins/c_isalnum
started running c_isalnum
finished c_isalnum
removing targets
analyzing gcc-5__Ou__recutils__recins/c_isalpha
started running c_isalpha
finished c_isalpha
removing targets
analyzing gcc-5__Ou__recutils__recins/c_isblank
started running c_isblank
finished c_isblank
removing targets
analyzing gcc-5__Ou__recutils__recins/c_iscntrl
started running c_iscntrl
finished c_iscntrl
removing targets
analyzing gcc-5__Ou__recutils__recins/c_isdigit
started running c_isdigit
finished c_isdigit
removing targets
analyzing gcc-5__Ou__recutils__recins/c_islower
started running c_islower
finished c_islower
removing targets
analyzing gcc-5__Ou__recutils__recins/c_isgraph
started running c_isgraph
finished c_isgraph
removing targets
analyzing gcc-5__Ou__recutils__recins/c_isprint
started running c_isprint
finished c_isprint
removing targets
analyzing gcc-5__Ou__recutils__recins/c_ispunct
started running c_ispunct
finished c_ispunct
removing targets
analyzing gcc-5__Ou__recutils__recins/c_isspace
started running c_isspace
finished c_isspace
removing targets
analyzing gcc-5__Ou__recutils__recins/c_isupper
started running c_isupper
finished c_isupper
removing targets
analyzing gcc-5__Ou__recutils__recins/c_isxdigit
started running c_isxdigit
finished c_isxdigit
removing targets
analyzing gcc-5__Ou__recutils__recins/c_tolower
started running c_tolower
finished c_tolower
removing targets
analyzing gcc-5__Ou__recutils__recins/c_toupper
started running c_toupper
finished c_toupper
removing targets
analyzing gcc-5__Ou__recutils__recins/atexit
started running atexit
finished atexit
removing targets
analyzing gcc-5__Ou__recutils__recins/stat
started running stat
finished stat
removing targets
analyzing gcc-5__Ou__recutils__recins/fstat
started running fstat
finished fstat
removing targets
