ERROR   | 2021-12-04 03:50:38,246 | root     | b'out of memory'
ERROR   | 2021-12-04 03:50:38,327 | root     | got an error while analyzing fscmd_seq
ERROR   | 2021-12-04 04:45:16,861 | root     | b'out of memory'
ERROR   | 2021-12-04 04:45:16,862 | root     | got an error while analyzing zsysdep_spool_commands
ERROR   | 2021-12-04 04:45:17,731 | root     | b'out of memory'
ERROR   | 2021-12-04 04:45:17,732 | root     | got an error while analyzing zsfind_file
ERROR   | 2021-12-04 04:45:19,923 | root     | b'out of memory'
ERROR   | 2021-12-04 04:45:19,923 | root     | got an error while analyzing fsysdep_sync
ERROR   | 2021-12-04 04:45:24,295 | root     | b'out of memory'
ERROR   | 2021-12-04 04:45:24,295 | root     | got an error while analyzing fsuser_access
ERROR   | 2021-12-04 04:45:34,679 | root     | b'out of memory'
ERROR   | 2021-12-04 04:45:34,679 | root     | got an error while analyzing esysdep_user_fopen
ERROR   | 2021-12-04 04:45:36,285 | root     | b'out of memory'
ERROR   | 2021-12-04 04:45:36,285 | root     | got an error while analyzing fsuser_perms
ERROR   | 2021-12-04 04:45:39,687 | root     | b'out of memory'
ERROR   | 2021-12-04 04:45:39,688 | root     | got an error while analyzing zsappend3
ERROR   | 2021-12-04 04:45:43,406 | root     | b'out of memory'
ERROR   | 2021-12-04 04:45:43,407 | root     | got an error while analyzing usysdep_detach
ERROR   | 2021-12-04 04:45:47,980 | root     | b'out of memory'
ERROR   | 2021-12-04 04:45:47,980 | root     | got an error while analyzing ixsfork
ERROR   | 2021-12-04 04:52:54,373 | root     | b'out of memory'
ERROR   | 2021-12-04 04:52:54,373 | root     | got an error while analyzing zeprint_num
ERROR   | 2021-12-04 04:52:54,924 | root     | b'out of memory'
ERROR   | 2021-12-04 04:52:54,924 | root     | got an error while analyzing uuconf_system_free
ERROR   | 2021-12-04 04:52:55,481 | root     | b'out of memory'
ERROR   | 2021-12-04 04:52:55,481 | root     | got an error while analyzing uuconf_init
ERROR   | 2021-12-04 04:52:56,032 | root     | b'out of memory'
ERROR   | 2021-12-04 04:52:56,033 | root     | got an error while analyzing uuconf_lockdir
ERROR   | 2021-12-04 04:52:56,602 | root     | b'out of memory'
ERROR   | 2021-12-04 04:52:56,602 | root     | got an error while analyzing uuconf_system_local
ERROR   | 2021-12-04 04:54:27,010 | root     | b'out of memory'
ERROR   | 2021-12-04 04:54:27,010 | root     | got an error while analyzing uuconf_taylor_init
ERROR   | 2021-12-04 04:54:27,559 | root     | b'out of memory'
ERROR   | 2021-12-04 04:54:27,559 | root     | got an error while analyzing itdebug
ERROR   | 2021-12-04 04:54:28,722 | root     | b'out of memory'
ERROR   | 2021-12-04 04:54:28,723 | root     | got an error while analyzing itunknown
ERROR   | 2021-12-04 04:54:29,895 | root     | b'out of memory'
ERROR   | 2021-12-04 04:54:29,895 | root     | got an error while analyzing itset_default
ERROR   | 2021-12-04 04:54:30,423 | root     | b'out of memory'
ERROR   | 2021-12-04 04:54:30,423 | root     | got an error while analyzing uiset_call
ERROR   | 2021-12-04 04:54:31,441 | root     | b'out of memory'
ERROR   | 2021-12-04 04:54:31,441 | root     | got an error while analyzing iialias
ERROR   | 2021-12-04 04:54:31,974 | root     | b'out of memory'
ERROR   | 2021-12-04 04:54:31,974 | root     | got an error while analyzing iialternate
ERROR   | 2021-12-04 04:54:32,522 | root     | b'out of memory'
ERROR   | 2021-12-04 04:54:32,522 | root     | got an error while analyzing iidefault_alternates
ERROR   | 2021-12-04 05:00:23,181 | root     | b'out of memory'
ERROR   | 2021-12-04 05:00:23,181 | root     | got an error while analyzing uuconf_taylor_system_unknown
ERROR   | 2021-12-04 05:04:15,015 | root     | b'out of memory'
ERROR   | 2021-12-04 05:04:15,015 | root     | got an error while analyzing uuconf_taylor_system_names
ERROR   | 2021-12-04 05:04:17,253 | root     | b'out of memory'
ERROR   | 2021-12-04 05:04:17,254 | root     | got an error while analyzing uuconf_malloc_block
ERROR   | 2021-12-04 05:04:19,796 | root     | b'out of memory'
ERROR   | 2021-12-04 05:04:19,796 | root     | got an error while analyzing uuconf_malloc
ERROR   | 2021-12-04 05:04:20,691 | root     | b'out of memory'
ERROR   | 2021-12-04 05:04:20,691 | root     | got an error while analyzing icchat
ERROR   | 2021-12-04 05:04:21,610 | root     | b'out of memory'
ERROR   | 2021-12-04 05:04:21,610 | root     | got an error while analyzing icchat_fail
ERROR   | 2021-12-04 05:04:23,013 | root     | b'out of memory'
ERROR   | 2021-12-04 05:04:23,014 | root     | got an error while analyzing uuconf_cmd_args
ERROR   | 2021-12-04 05:04:23,930 | root     | b'out of memory'
ERROR   | 2021-12-04 05:04:23,930 | root     | got an error while analyzing uuconf_cmd_file
ERROR   | 2021-12-04 05:04:27,177 | root     | b'out of memory'
ERROR   | 2021-12-04 05:04:27,177 | root     | got an error while analyzing uuconf_cmd_line
ERROR   | 2021-12-04 05:04:28,952 | root     | b'out of memory'
ERROR   | 2021-12-04 05:04:28,953 | root     | got an error while analyzing uuconf_free_block
ERROR   | 2021-12-04 05:04:31,518 | root     | b'out of memory'
ERROR   | 2021-12-04 05:04:31,518 | root     | got an error while analyzing uuconf_free
ERROR   | 2021-12-04 05:04:32,401 | root     | b'out of memory'
ERROR   | 2021-12-04 05:04:32,401 | root     | got an error while analyzing itsystem
ERROR   | 2021-12-04 05:04:34,841 | root     | b'out of memory'
ERROR   | 2021-12-04 05:04:34,842 | root     | got an error while analyzing itcalled_login
ERROR   | 2021-12-04 05:04:35,747 | root     | b'out of memory'
ERROR   | 2021-12-04 05:04:35,747 | root     | got an error while analyzing itmyname
ERROR   | 2021-12-04 05:04:36,668 | root     | b'out of memory'
ERROR   | 2021-12-04 05:04:36,669 | root     | got an error while analyzing itadd_span
ERROR   | 2021-12-04 05:19:26,699 | root     | b'out of memory'
ERROR   | 2021-12-04 05:19:26,699 | root     | got an error while analyzing fspool_file
