ERROR   | 2021-12-03 11:52:42,539 | root     | list index out of range
ERROR   | 2021-12-03 11:52:42,539 | root     | got an error while analyzing powerld
ERROR   | 2021-12-03 11:52:42,791 | root     | list index out of range
ERROR   | 2021-12-03 11:52:42,791 | root     | got an error while analyzing absld
ERROR   | 2021-12-03 11:52:43,298 | root     | list index out of range
ERROR   | 2021-12-03 11:52:43,299 | root     | got an error while analyzing expld
ERROR   | 2021-12-03 11:52:43,651 | root     | list index out of range
ERROR   | 2021-12-03 11:52:43,651 | root     | got an error while analyzing simple_round_ceiling
ERROR   | 2021-12-03 11:52:43,896 | root     | list index out of range
ERROR   | 2021-12-03 11:52:43,897 | root     | got an error while analyzing simple_round_floor
ERROR   | 2021-12-03 11:52:44,148 | root     | list index out of range
ERROR   | 2021-12-03 11:52:44,148 | root     | got an error while analyzing simple_round_from_zero
ERROR   | 2021-12-03 11:52:44,396 | root     | list index out of range
ERROR   | 2021-12-03 11:52:44,396 | root     | got an error while analyzing simple_round_to_zero
ERROR   | 2021-12-03 11:52:44,653 | root     | list index out of range
ERROR   | 2021-12-03 11:52:44,653 | root     | got an error while analyzing simple_round_nearest
ERROR   | 2021-12-03 11:52:44,935 | root     | list index out of range
ERROR   | 2021-12-03 11:52:44,935 | root     | got an error while analyzing simple_round
ERROR   | 2021-12-03 11:52:45,887 | root     | list index out of range
ERROR   | 2021-12-03 11:52:45,887 | root     | got an error while analyzing simple_strtod_int
ERROR   | 2021-12-03 11:53:11,476 | root     | list index out of range
ERROR   | 2021-12-03 11:53:11,476 | root     | got an error while analyzing double_to_human
ERROR   | 2021-12-03 12:00:28,159 | root     | list index out of range
ERROR   | 2021-12-03 12:00:28,161 | root     | got an error while analyzing process_field
Killed
