gcc-5__Ou__coreutils-8.25__touch have 162 funcs
analyzing gcc-5__Ou__coreutils-8.25__touch/deregister_tm_clones
started running deregister_tm_clones
finished deregister_tm_clones
removing targets
analyzing gcc-5__Ou__coreutils-8.25__touch/register_tm_clones
started running register_tm_clones
finished register_tm_clones
removing targets
analyzing gcc-5__Ou__coreutils-8.25__touch/frame_dummy
started running frame_dummy
finished frame_dummy
removing targets
analyzing gcc-5__Ou__coreutils-8.25__touch/emit_mandatory_arg_note
started running emit_mandatory_arg_note
finished emit_mandatory_arg_note
analyzing gcc-5__Ou__coreutils-8.25__touch/emit_ancillary_info
started running emit_ancillary_info
finished emit_ancillary_info
removing targets
analyzing gcc-5__Ou__coreutils-8.25__touch/emit_try_help
started running emit_try_help
finished emit_try_help
analyzing gcc-5__Ou__coreutils-8.25__touch/get_reldate
started running get_reldate
finished get_reldate
analyzing gcc-5__Ou__coreutils-8.25__touch/touch
started running touch
finished touch
analyzing gcc-5__Ou__coreutils-8.25__touch/argmatch
started running argmatch
finished argmatch
analyzing gcc-5__Ou__coreutils-8.25__touch/argmatch_invalid
started running argmatch_invalid
finished argmatch_invalid
removing targets
analyzing gcc-5__Ou__coreutils-8.25__touch/argmatch_valid
started running argmatch_valid
finished argmatch_valid
analyzing gcc-5__Ou__coreutils-8.25__touch/argmatch_to_argument
started running argmatch_to_argument
finished argmatch_to_argument
removing targets
analyzing gcc-5__Ou__coreutils-8.25__touch/close_stdout_set_file_name
started running close_stdout_set_file_name
finished close_stdout_set_file_name
analyzing gcc-5__Ou__coreutils-8.25__touch/close_stdout_set_ignore_EPIPE
started running close_stdout_set_ignore_EPIPE
finished close_stdout_set_ignore_EPIPE
analyzing gcc-5__Ou__coreutils-8.25__touch/close_stdout
started running close_stdout
finished close_stdout
analyzing gcc-5__Ou__coreutils-8.25__touch/fd_reopen
started running fd_reopen
finished fd_reopen
analyzing gcc-5__Ou__coreutils-8.25__touch/fdutimensat
started running fdutimensat
finished fdutimensat
removing targets
analyzing gcc-5__Ou__coreutils-8.25__touch/gettime
started running gettime
finished gettime
analyzing gcc-5__Ou__coreutils-8.25__touch/to_uchar
started running to_uchar
finished to_uchar
analyzing gcc-5__Ou__coreutils-8.25__touch/digits_to_date_time
started running digits_to_date_time
finished digits_to_date_time
removing targets
analyzing gcc-5__Ou__coreutils-8.25__touch/apply_relative_time
started running apply_relative_time
finished apply_relative_time
analyzing gcc-5__Ou__coreutils-8.25__touch/set_hhmmss
started running set_hhmmss
finished set_hhmmss
analyzing gcc-5__Ou__coreutils-8.25__touch/yydestruct
started running yydestruct
finished yydestruct
removing targets
analyzing gcc-5__Ou__coreutils-8.25__touch/yyparse
started running yyparse
finished yyparse
removing targets
analyzing gcc-5__Ou__coreutils-8.25__touch/time_zone_hhmm
started running time_zone_hhmm
stopped exploration
finished time_zone_hhmm
removing targets
analyzing gcc-5__Ou__coreutils-8.25__touch/to_hour
started running to_hour
finished to_hour
removing targets
analyzing gcc-5__Ou__coreutils-8.25__touch/to_year
started running to_year
finished to_year
removing targets
analyzing gcc-5__Ou__coreutils-8.25__touch/lookup_zone
started running lookup_zone
finished lookup_zone
removing targets
analyzing gcc-5__Ou__coreutils-8.25__touch/lookup_word
started running lookup_word
finished lookup_word
removing targets
analyzing gcc-5__Ou__coreutils-8.25__touch/yylex
started running yylex
stopped exploration
finished yylex
removing targets
analyzing gcc-5__Ou__coreutils-8.25__touch/yyerror
started running yyerror
finished yyerror
analyzing gcc-5__Ou__coreutils-8.25__touch/mktime_ok
started running mktime_ok
finished mktime_ok
removing targets
analyzing gcc-5__Ou__coreutils-8.25__touch/get_tz
started running get_tz
finished get_tz
analyzing gcc-5__Ou__coreutils-8.25__touch/parse_datetime
started running parse_datetime
stopped exploration
finished parse_datetime
removing targets
analyzing gcc-5__Ou__coreutils-8.25__touch/year
started running year
finished year
removing targets
analyzing gcc-5__Ou__coreutils-8.25__touch/posix_time_parse
started running posix_time_parse
finished posix_time_parse
analyzing gcc-5__Ou__coreutils-8.25__touch/posixtime
started running posixtime
finished posixtime
analyzing gcc-5__Ou__coreutils-8.25__touch/posix2_version
started running posix2_version
finished posix2_version
analyzing gcc-5__Ou__coreutils-8.25__touch/set_program_name
started running set_program_name
finished set_program_name
removing targets
analyzing gcc-5__Ou__coreutils-8.25__touch/clone_quoting_options
started running clone_quoting_options
finished clone_quoting_options
analyzing gcc-5__Ou__coreutils-8.25__touch/get_quoting_style
started running get_quoting_style
finished get_quoting_style
removing targets
analyzing gcc-5__Ou__coreutils-8.25__touch/set_quoting_style
started running set_quoting_style
finished set_quoting_style
removing targets
analyzing gcc-5__Ou__coreutils-8.25__touch/set_char_quoting
started running set_char_quoting
finished set_char_quoting
removing targets
analyzing gcc-5__Ou__coreutils-8.25__touch/set_quoting_flags
started running set_quoting_flags
finished set_quoting_flags
removing targets
analyzing gcc-5__Ou__coreutils-8.25__touch/set_custom_quoting
started running set_custom_quoting
finished set_custom_quoting
removing targets
analyzing gcc-5__Ou__coreutils-8.25__touch/quoting_options_from_style
started running quoting_options_from_style
finished quoting_options_from_style
analyzing gcc-5__Ou__coreutils-8.25__touch/gettext_quote
started running gettext_quote
finished gettext_quote
analyzing gcc-5__Ou__coreutils-8.25__touch/quotearg_buffer_restyled
started running quotearg_buffer_restyled
stopped exploration
finished quotearg_buffer_restyled
analyzing gcc-5__Ou__coreutils-8.25__touch/quotearg_buffer
started running quotearg_buffer
finished quotearg_buffer
removing targets
analyzing gcc-5__Ou__coreutils-8.25__touch/quotearg_alloc
started running quotearg_alloc
finished quotearg_alloc
analyzing gcc-5__Ou__coreutils-8.25__touch/quotearg_alloc_mem
started running quotearg_alloc_mem
finished quotearg_alloc_mem
removing targets
analyzing gcc-5__Ou__coreutils-8.25__touch/quotearg_free
started running quotearg_free
finished quotearg_free
removing targets
analyzing gcc-5__Ou__coreutils-8.25__touch/quotearg_n_options
started running quotearg_n_options
finished quotearg_n_options
analyzing gcc-5__Ou__coreutils-8.25__touch/quotearg_n
started running quotearg_n
finished quotearg_n
analyzing gcc-5__Ou__coreutils-8.25__touch/quotearg_n_mem
started running quotearg_n_mem
finished quotearg_n_mem
analyzing gcc-5__Ou__coreutils-8.25__touch/quotearg
started running quotearg
finished quotearg
analyzing gcc-5__Ou__coreutils-8.25__touch/quotearg_mem
started running quotearg_mem
finished quotearg_mem
analyzing gcc-5__Ou__coreutils-8.25__touch/quotearg_n_style
started running quotearg_n_style
finished quotearg_n_style
analyzing gcc-5__Ou__coreutils-8.25__touch/quotearg_n_style_mem
started running quotearg_n_style_mem
finished quotearg_n_style_mem
analyzing gcc-5__Ou__coreutils-8.25__touch/quotearg_style
started running quotearg_style
finished quotearg_style
analyzing gcc-5__Ou__coreutils-8.25__touch/quotearg_style_mem
started running quotearg_style_mem
finished quotearg_style_mem
analyzing gcc-5__Ou__coreutils-8.25__touch/quotearg_char_mem
started running quotearg_char_mem
finished quotearg_char_mem
analyzing gcc-5__Ou__coreutils-8.25__touch/quotearg_char
started running quotearg_char
finished quotearg_char
analyzing gcc-5__Ou__coreutils-8.25__touch/quotearg_colon
started running quotearg_colon
finished quotearg_colon
analyzing gcc-5__Ou__coreutils-8.25__touch/quotearg_colon_mem
started running quotearg_colon_mem
finished quotearg_colon_mem
analyzing gcc-5__Ou__coreutils-8.25__touch/quotearg_n_style_colon
started running quotearg_n_style_colon
finished quotearg_n_style_colon
analyzing gcc-5__Ou__coreutils-8.25__touch/quotearg_n_custom
started running quotearg_n_custom
finished quotearg_n_custom
analyzing gcc-5__Ou__coreutils-8.25__touch/quotearg_n_custom_mem
started running quotearg_n_custom_mem
finished quotearg_n_custom_mem
analyzing gcc-5__Ou__coreutils-8.25__touch/quotearg_custom
started running quotearg_custom
finished quotearg_custom
analyzing gcc-5__Ou__coreutils-8.25__touch/quotearg_custom_mem
started running quotearg_custom_mem
finished quotearg_custom_mem
analyzing gcc-5__Ou__coreutils-8.25__touch/quote_n_mem
started running quote_n_mem
finished quote_n_mem
analyzing gcc-5__Ou__coreutils-8.25__touch/quote_mem
started running quote_mem
finished quote_mem
analyzing gcc-5__Ou__coreutils-8.25__touch/quote_n
started running quote_n
finished quote_n
analyzing gcc-5__Ou__coreutils-8.25__touch/quote
started running quote
finished quote
analyzing gcc-5__Ou__coreutils-8.25__touch/get_stat_atime_ns
started running get_stat_atime_ns
finished get_stat_atime_ns
analyzing gcc-5__Ou__coreutils-8.25__touch/get_stat_ctime_ns
started running get_stat_ctime_ns
finished get_stat_ctime_ns
analyzing gcc-5__Ou__coreutils-8.25__touch/get_stat_mtime_ns
started running get_stat_mtime_ns
finished get_stat_mtime_ns
analyzing gcc-5__Ou__coreutils-8.25__touch/get_stat_birthtime_ns
started running get_stat_birthtime_ns
finished get_stat_birthtime_ns
analyzing gcc-5__Ou__coreutils-8.25__touch/get_stat_atime
started running get_stat_atime
finished get_stat_atime
analyzing gcc-5__Ou__coreutils-8.25__touch/get_stat_ctime
started running get_stat_ctime
finished get_stat_ctime
analyzing gcc-5__Ou__coreutils-8.25__touch/get_stat_mtime
started running get_stat_mtime
finished get_stat_mtime
analyzing gcc-5__Ou__coreutils-8.25__touch/get_stat_birthtime
started running get_stat_birthtime
finished get_stat_birthtime
analyzing gcc-5__Ou__coreutils-8.25__touch/version_etc_arn
started running version_etc_arn
finished version_etc_arn
removing targets
analyzing gcc-5__Ou__coreutils-8.25__touch/version_etc_ar
started running version_etc_ar
finished version_etc_ar
removing targets
analyzing gcc-5__Ou__coreutils-8.25__touch/version_etc_va
started running version_etc_va
finished version_etc_va
removing targets
analyzing gcc-5__Ou__coreutils-8.25__touch/version_etc
started running version_etc
finished version_etc
removing targets
analyzing gcc-5__Ou__coreutils-8.25__touch/emit_bug_reporting_address
started running emit_bug_reporting_address
finished emit_bug_reporting_address
analyzing gcc-5__Ou__coreutils-8.25__touch/xnmalloc
started running xnmalloc
finished xnmalloc
removing targets
analyzing gcc-5__Ou__coreutils-8.25__touch/xnrealloc
started running xnrealloc
finished xnrealloc
removing targets
analyzing gcc-5__Ou__coreutils-8.25__touch/x2nrealloc
started running x2nrealloc
finished x2nrealloc
removing targets
analyzing gcc-5__Ou__coreutils-8.25__touch/xcharalloc
started running xcharalloc
finished xcharalloc
analyzing gcc-5__Ou__coreutils-8.25__touch/xmalloc
started running xmalloc
finished xmalloc
analyzing gcc-5__Ou__coreutils-8.25__touch/xrealloc
started running xrealloc
finished xrealloc
removing targets
analyzing gcc-5__Ou__coreutils-8.25__touch/x2realloc
started running x2realloc
finished x2realloc
analyzing gcc-5__Ou__coreutils-8.25__touch/xzalloc
started running xzalloc
finished xzalloc
analyzing gcc-5__Ou__coreutils-8.25__touch/xcalloc
started running xcalloc
finished xcalloc
analyzing gcc-5__Ou__coreutils-8.25__touch/xmemdup
started running xmemdup
finished xmemdup
analyzing gcc-5__Ou__coreutils-8.25__touch/xstrdup
started running xstrdup
finished xstrdup
analyzing gcc-5__Ou__coreutils-8.25__touch/xalloc_die
started running xalloc_die
finished xalloc_die
analyzing gcc-5__Ou__coreutils-8.25__touch/rpl_futimens
started running rpl_futimens
finished rpl_futimens
analyzing gcc-5__Ou__coreutils-8.25__touch/leapyear
started running leapyear
finished leapyear
removing targets
analyzing gcc-5__Ou__coreutils-8.25__touch/isdst_differ
started running isdst_differ
finished isdst_differ
removing targets
analyzing gcc-5__Ou__coreutils-8.25__touch/ydhms_diff
started running ydhms_diff
finished ydhms_diff
analyzing gcc-5__Ou__coreutils-8.25__touch/time_t_avg
started running time_t_avg
finished time_t_avg
analyzing gcc-5__Ou__coreutils-8.25__touch/time_t_add_ok
started running time_t_add_ok
finished time_t_add_ok
analyzing gcc-5__Ou__coreutils-8.25__touch/time_t_int_add_ok
started running time_t_int_add_ok
finished time_t_int_add_ok
analyzing gcc-5__Ou__coreutils-8.25__touch/guess_time_tm
started running guess_time_tm
finished guess_time_tm
removing targets
analyzing gcc-5__Ou__coreutils-8.25__touch/ranged_convert
started running ranged_convert
finished ranged_convert
analyzing gcc-5__Ou__coreutils-8.25__touch/mktime_internal
started running mktime_internal
stopped exploration
finished mktime_internal
analyzing gcc-5__Ou__coreutils-8.25__touch/rpl_mktime
started running rpl_mktime
finished rpl_mktime
analyzing gcc-5__Ou__coreutils-8.25__touch/rpl_utimensat
started running rpl_utimensat
finished rpl_utimensat
removing targets
analyzing gcc-5__Ou__coreutils-8.25__touch/local_utimensat
started running local_utimensat
finished local_utimensat
removing targets
analyzing gcc-5__Ou__coreutils-8.25__touch/c_isalnum
started running c_isalnum
finished c_isalnum
removing targets
analyzing gcc-5__Ou__coreutils-8.25__touch/c_isalpha
started running c_isalpha
finished c_isalpha
removing targets
analyzing gcc-5__Ou__coreutils-8.25__touch/c_isascii
started running c_isascii
finished c_isascii
removing targets
analyzing gcc-5__Ou__coreutils-8.25__touch/c_isblank
started running c_isblank
finished c_isblank
removing targets
analyzing gcc-5__Ou__coreutils-8.25__touch/c_iscntrl
started running c_iscntrl
finished c_iscntrl
removing targets
analyzing gcc-5__Ou__coreutils-8.25__touch/c_isdigit
started running c_isdigit
finished c_isdigit
removing targets
analyzing gcc-5__Ou__coreutils-8.25__touch/c_isgraph
started running c_isgraph
finished c_isgraph
removing targets
analyzing gcc-5__Ou__coreutils-8.25__touch/c_islower
started running c_islower
finished c_islower
removing targets
analyzing gcc-5__Ou__coreutils-8.25__touch/c_isprint
started running c_isprint
finished c_isprint
removing targets
analyzing gcc-5__Ou__coreutils-8.25__touch/c_ispunct
started running c_ispunct
finished c_ispunct
removing targets
analyzing gcc-5__Ou__coreutils-8.25__touch/c_isspace
started running c_isspace
finished c_isspace
removing targets
analyzing gcc-5__Ou__coreutils-8.25__touch/c_isupper
started running c_isupper
finished c_isupper
removing targets
analyzing gcc-5__Ou__coreutils-8.25__touch/c_isxdigit
started running c_isxdigit
finished c_isxdigit
removing targets
analyzing gcc-5__Ou__coreutils-8.25__touch/c_tolower
started running c_tolower
finished c_tolower
removing targets
analyzing gcc-5__Ou__coreutils-8.25__touch/c_toupper
started running c_toupper
finished c_toupper
removing targets
analyzing gcc-5__Ou__coreutils-8.25__touch/c_strcasecmp
started running c_strcasecmp
finished c_strcasecmp
removing targets
analyzing gcc-5__Ou__coreutils-8.25__touch/close_stream
started running close_stream
finished close_stream
analyzing gcc-5__Ou__coreutils-8.25__touch/get_charset_aliases
started running get_charset_aliases
