gcc-5__Ou__coreutils-8.25__uptime have 122 funcs
analyzing gcc-5__Ou__coreutils-8.25__uptime/deregister_tm_clones
started running deregister_tm_clones
finished deregister_tm_clones
removing targets
analyzing gcc-5__Ou__coreutils-8.25__uptime/register_tm_clones
started running register_tm_clones
finished register_tm_clones
removing targets
analyzing gcc-5__Ou__coreutils-8.25__uptime/frame_dummy
started running frame_dummy
finished frame_dummy
removing targets
analyzing gcc-5__Ou__coreutils-8.25__uptime/select_plural
started running select_plural
finished select_plural
analyzing gcc-5__Ou__coreutils-8.25__uptime/emit_ancillary_info
started running emit_ancillary_info
finished emit_ancillary_info
removing targets
analyzing gcc-5__Ou__coreutils-8.25__uptime/emit_try_help
started running emit_try_help
finished emit_try_help
analyzing gcc-5__Ou__coreutils-8.25__uptime/print_uptime
started running print_uptime
stopped exploration
finished print_uptime
analyzing gcc-5__Ou__coreutils-8.25__uptime/uptime
started running uptime
finished uptime
analyzing gcc-5__Ou__coreutils-8.25__uptime/c_locale
started running c_locale
finished c_locale
removing targets
analyzing gcc-5__Ou__coreutils-8.25__uptime/c_strtod
started running c_strtod
finished c_strtod
analyzing gcc-5__Ou__coreutils-8.25__uptime/close_stdout_set_file_name
started running close_stdout_set_file_name
finished close_stdout_set_file_name
analyzing gcc-5__Ou__coreutils-8.25__uptime/close_stdout_set_ignore_EPIPE
started running close_stdout_set_ignore_EPIPE
finished close_stdout_set_ignore_EPIPE
analyzing gcc-5__Ou__coreutils-8.25__uptime/close_stdout
started running close_stdout
finished close_stdout
analyzing gcc-5__Ou__coreutils-8.25__uptime/fwrite_lowcase
started running fwrite_lowcase
finished fwrite_lowcase
removing targets
analyzing gcc-5__Ou__coreutils-8.25__uptime/fwrite_uppcase
started running fwrite_uppcase
finished fwrite_uppcase
removing targets
analyzing gcc-5__Ou__coreutils-8.25__uptime/iso_week_days
started running iso_week_days
finished iso_week_days
analyzing gcc-5__Ou__coreutils-8.25__uptime/strftime_case_
started running strftime_case_
stopped exploration
finished strftime_case_
removing targets
analyzing gcc-5__Ou__coreutils-8.25__uptime/fprintftime
started running fprintftime
finished fprintftime
analyzing gcc-5__Ou__coreutils-8.25__uptime/parse_long_options
started running parse_long_options
finished parse_long_options
removing targets
analyzing gcc-5__Ou__coreutils-8.25__uptime/set_program_name
started running set_program_name
finished set_program_name
removing targets
analyzing gcc-5__Ou__coreutils-8.25__uptime/clone_quoting_options
started running clone_quoting_options
finished clone_quoting_options
analyzing gcc-5__Ou__coreutils-8.25__uptime/get_quoting_style
started running get_quoting_style
finished get_quoting_style
removing targets
analyzing gcc-5__Ou__coreutils-8.25__uptime/set_quoting_style
started running set_quoting_style
finished set_quoting_style
removing targets
analyzing gcc-5__Ou__coreutils-8.25__uptime/set_char_quoting
started running set_char_quoting
finished set_char_quoting
removing targets
analyzing gcc-5__Ou__coreutils-8.25__uptime/set_quoting_flags
started running set_quoting_flags
finished set_quoting_flags
removing targets
analyzing gcc-5__Ou__coreutils-8.25__uptime/set_custom_quoting
started running set_custom_quoting
finished set_custom_quoting
removing targets
analyzing gcc-5__Ou__coreutils-8.25__uptime/quoting_options_from_style
started running quoting_options_from_style
finished quoting_options_from_style
analyzing gcc-5__Ou__coreutils-8.25__uptime/gettext_quote
started running gettext_quote
finished gettext_quote
analyzing gcc-5__Ou__coreutils-8.25__uptime/quotearg_buffer_restyled
started running quotearg_buffer_restyled
stopped exploration
finished quotearg_buffer_restyled
analyzing gcc-5__Ou__coreutils-8.25__uptime/quotearg_buffer
started running quotearg_buffer
finished quotearg_buffer
removing targets
analyzing gcc-5__Ou__coreutils-8.25__uptime/quotearg_alloc
started running quotearg_alloc
finished quotearg_alloc
analyzing gcc-5__Ou__coreutils-8.25__uptime/quotearg_alloc_mem
started running quotearg_alloc_mem
finished quotearg_alloc_mem
removing targets
analyzing gcc-5__Ou__coreutils-8.25__uptime/quotearg_free
started running quotearg_free
finished quotearg_free
removing targets
analyzing gcc-5__Ou__coreutils-8.25__uptime/quotearg_n_options
started running quotearg_n_options
finished quotearg_n_options
analyzing gcc-5__Ou__coreutils-8.25__uptime/quotearg_n
started running quotearg_n
finished quotearg_n
analyzing gcc-5__Ou__coreutils-8.25__uptime/quotearg_n_mem
started running quotearg_n_mem
finished quotearg_n_mem
analyzing gcc-5__Ou__coreutils-8.25__uptime/quotearg
started running quotearg
finished quotearg
analyzing gcc-5__Ou__coreutils-8.25__uptime/quotearg_mem
started running quotearg_mem
finished quotearg_mem
analyzing gcc-5__Ou__coreutils-8.25__uptime/quotearg_n_style
started running quotearg_n_style
finished quotearg_n_style
analyzing gcc-5__Ou__coreutils-8.25__uptime/quotearg_n_style_mem
started running quotearg_n_style_mem
finished quotearg_n_style_mem
analyzing gcc-5__Ou__coreutils-8.25__uptime/quotearg_style
started running quotearg_style
finished quotearg_style
analyzing gcc-5__Ou__coreutils-8.25__uptime/quotearg_style_mem
started running quotearg_style_mem
finished quotearg_style_mem
analyzing gcc-5__Ou__coreutils-8.25__uptime/quotearg_char_mem
started running quotearg_char_mem
finished quotearg_char_mem
analyzing gcc-5__Ou__coreutils-8.25__uptime/quotearg_char
started running quotearg_char
finished quotearg_char
analyzing gcc-5__Ou__coreutils-8.25__uptime/quotearg_colon
started running quotearg_colon
finished quotearg_colon
analyzing gcc-5__Ou__coreutils-8.25__uptime/quotearg_colon_mem
started running quotearg_colon_mem
finished quotearg_colon_mem
analyzing gcc-5__Ou__coreutils-8.25__uptime/quotearg_n_style_colon
started running quotearg_n_style_colon
finished quotearg_n_style_colon
analyzing gcc-5__Ou__coreutils-8.25__uptime/quotearg_n_custom
started running quotearg_n_custom
finished quotearg_n_custom
analyzing gcc-5__Ou__coreutils-8.25__uptime/quotearg_n_custom_mem
started running quotearg_n_custom_mem
finished quotearg_n_custom_mem
analyzing gcc-5__Ou__coreutils-8.25__uptime/quotearg_custom
started running quotearg_custom
finished quotearg_custom
analyzing gcc-5__Ou__coreutils-8.25__uptime/quotearg_custom_mem
started running quotearg_custom_mem
finished quotearg_custom_mem
analyzing gcc-5__Ou__coreutils-8.25__uptime/quote_n_mem
started running quote_n_mem
finished quote_n_mem
analyzing gcc-5__Ou__coreutils-8.25__uptime/quote_mem
started running quote_mem
finished quote_mem
analyzing gcc-5__Ou__coreutils-8.25__uptime/quote_n
started running quote_n
finished quote_n
analyzing gcc-5__Ou__coreutils-8.25__uptime/quote
started running quote
finished quote
analyzing gcc-5__Ou__coreutils-8.25__uptime/version_etc_arn
started running version_etc_arn
finished version_etc_arn
removing targets
analyzing gcc-5__Ou__coreutils-8.25__uptime/version_etc_ar
started running version_etc_ar
finished version_etc_ar
removing targets
analyzing gcc-5__Ou__coreutils-8.25__uptime/version_etc_va
started running version_etc_va
finished version_etc_va
removing targets
analyzing gcc-5__Ou__coreutils-8.25__uptime/version_etc
started running version_etc
finished version_etc
removing targets
analyzing gcc-5__Ou__coreutils-8.25__uptime/emit_bug_reporting_address
started running emit_bug_reporting_address
finished emit_bug_reporting_address
analyzing gcc-5__Ou__coreutils-8.25__uptime/xnmalloc
started running xnmalloc
finished xnmalloc
removing targets
analyzing gcc-5__Ou__coreutils-8.25__uptime/xnrealloc
started running xnrealloc
finished xnrealloc
removing targets
analyzing gcc-5__Ou__coreutils-8.25__uptime/x2nrealloc
started running x2nrealloc
finished x2nrealloc
removing targets
analyzing gcc-5__Ou__coreutils-8.25__uptime/xcharalloc
started running xcharalloc
finished xcharalloc
analyzing gcc-5__Ou__coreutils-8.25__uptime/xmalloc
started running xmalloc
finished xmalloc
analyzing gcc-5__Ou__coreutils-8.25__uptime/xrealloc
started running xrealloc
finished xrealloc
removing targets
analyzing gcc-5__Ou__coreutils-8.25__uptime/x2realloc
started running x2realloc
finished x2realloc
analyzing gcc-5__Ou__coreutils-8.25__uptime/xzalloc
started running xzalloc
finished xzalloc
analyzing gcc-5__Ou__coreutils-8.25__uptime/xcalloc
started running xcalloc
finished xcalloc
analyzing gcc-5__Ou__coreutils-8.25__uptime/xmemdup
started running xmemdup
finished xmemdup
analyzing gcc-5__Ou__coreutils-8.25__uptime/xstrdup
started running xstrdup
finished xstrdup
analyzing gcc-5__Ou__coreutils-8.25__uptime/xalloc_die
started running xalloc_die
finished xalloc_die
analyzing gcc-5__Ou__coreutils-8.25__uptime/rpl_fclose
started running rpl_fclose
finished rpl_fclose
analyzing gcc-5__Ou__coreutils-8.25__uptime/clear_ungetc_buffer_preserving_position
started running clear_ungetc_buffer_preserving_position
finished clear_ungetc_buffer_preserving_position
removing targets
analyzing gcc-5__Ou__coreutils-8.25__uptime/rpl_fflush
started running rpl_fflush
finished rpl_fflush
removing targets
analyzing gcc-5__Ou__coreutils-8.25__uptime/rpl_fseeko
started running rpl_fseeko
finished rpl_fseeko
removing targets
analyzing gcc-5__Ou__coreutils-8.25__uptime/extract_trimmed_name
started running extract_trimmed_name
finished extract_trimmed_name
analyzing gcc-5__Ou__coreutils-8.25__uptime/desirable_utmp_entry
started running desirable_utmp_entry
finished desirable_utmp_entry
removing targets
analyzing gcc-5__Ou__coreutils-8.25__uptime/read_utmp
started running read_utmp
finished read_utmp
analyzing gcc-5__Ou__coreutils-8.25__uptime/isdst_differ
started running isdst_differ
finished isdst_differ
removing targets
analyzing gcc-5__Ou__coreutils-8.25__uptime/equal_tm
started running equal_tm
finished equal_tm
analyzing gcc-5__Ou__coreutils-8.25__uptime/extend_abbrs
started running extend_abbrs
finished extend_abbrs
analyzing gcc-5__Ou__coreutils-8.25__uptime/tzalloc
started running tzalloc
finished tzalloc
removing targets
analyzing gcc-5__Ou__coreutils-8.25__uptime/save_abbr
started running save_abbr
finished save_abbr
removing targets
analyzing gcc-5__Ou__coreutils-8.25__uptime/tzfree
started running tzfree
finished tzfree
removing targets
analyzing gcc-5__Ou__coreutils-8.25__uptime/getenv_TZ
started running getenv_TZ
finished getenv_TZ
analyzing gcc-5__Ou__coreutils-8.25__uptime/setenv_TZ
started running setenv_TZ
finished setenv_TZ
removing targets
analyzing gcc-5__Ou__coreutils-8.25__uptime/change_env
started running change_env
finished change_env
removing targets
analyzing gcc-5__Ou__coreutils-8.25__uptime/set_tz
started running set_tz
finished set_tz
analyzing gcc-5__Ou__coreutils-8.25__uptime/revert_tz
started running revert_tz
finished revert_tz
removing targets
analyzing gcc-5__Ou__coreutils-8.25__uptime/localtime_rz
started running localtime_rz
finished localtime_rz
removing targets
analyzing gcc-5__Ou__coreutils-8.25__uptime/mktime_z
started running mktime_z
finished mktime_z
removing targets
analyzing gcc-5__Ou__coreutils-8.25__uptime/c_strcasecmp
started running c_strcasecmp
finished c_strcasecmp
removing targets
analyzing gcc-5__Ou__coreutils-8.25__uptime/close_stream
started running close_stream
finished close_stream
analyzing gcc-5__Ou__coreutils-8.25__uptime/get_charset_aliases
started running get_charset_aliases
