gcc-5__Ou__coreutils-8.25__wc have 115 funcs
analyzing gcc-5__Ou__coreutils-8.25__wc/deregister_tm_clones
started running deregister_tm_clones
finished deregister_tm_clones
removing targets
analyzing gcc-5__Ou__coreutils-8.25__wc/register_tm_clones
started running register_tm_clones
finished register_tm_clones
removing targets
analyzing gcc-5__Ou__coreutils-8.25__wc/frame_dummy
started running frame_dummy
finished frame_dummy
removing targets
analyzing gcc-5__Ou__coreutils-8.25__wc/to_uchar
started running to_uchar
finished to_uchar
analyzing gcc-5__Ou__coreutils-8.25__wc/emit_stdin_note
started running emit_stdin_note
finished emit_stdin_note
analyzing gcc-5__Ou__coreutils-8.25__wc/emit_ancillary_info
started running emit_ancillary_info
finished emit_ancillary_info
removing targets
analyzing gcc-5__Ou__coreutils-8.25__wc/emit_try_help
started running emit_try_help
finished emit_try_help
analyzing gcc-5__Ou__coreutils-8.25__wc/usable_st_size
started running usable_st_size
finished usable_st_size
removing targets
analyzing gcc-5__Ou__coreutils-8.25__wc/write_counts
started running write_counts
finished write_counts
removing targets
analyzing gcc-5__Ou__coreutils-8.25__wc/wc
started running wc
finished wc
removing targets
analyzing gcc-5__Ou__coreutils-8.25__wc/wc_file
started running wc_file
finished wc_file
removing targets
analyzing gcc-5__Ou__coreutils-8.25__wc/get_input_fstatus
started running get_input_fstatus
finished get_input_fstatus
removing targets
analyzing gcc-5__Ou__coreutils-8.25__wc/compute_number_width
started running compute_number_width
finished compute_number_width
removing targets
analyzing gcc-5__Ou__coreutils-8.25__wc/argv_iter_init_argv
started running argv_iter_init_argv
finished argv_iter_init_argv
analyzing gcc-5__Ou__coreutils-8.25__wc/argv_iter_init_stream
started running argv_iter_init_stream
finished argv_iter_init_stream
analyzing gcc-5__Ou__coreutils-8.25__wc/argv_iter
started running argv_iter
finished argv_iter
removing targets
analyzing gcc-5__Ou__coreutils-8.25__wc/argv_iter_n_args
started running argv_iter_n_args
finished argv_iter_n_args
removing targets
analyzing gcc-5__Ou__coreutils-8.25__wc/argv_iter_free
started running argv_iter_free
finished argv_iter_free
removing targets
analyzing gcc-5__Ou__coreutils-8.25__wc/close_stdout_set_file_name
started running close_stdout_set_file_name
finished close_stdout_set_file_name
analyzing gcc-5__Ou__coreutils-8.25__wc/close_stdout_set_ignore_EPIPE
started running close_stdout_set_ignore_EPIPE
finished close_stdout_set_ignore_EPIPE
analyzing gcc-5__Ou__coreutils-8.25__wc/close_stdout
started running close_stdout
finished close_stdout
analyzing gcc-5__Ou__coreutils-8.25__wc/fdadvise
started running fdadvise
finished fdadvise
analyzing gcc-5__Ou__coreutils-8.25__wc/fadvise
started running fadvise
finished fadvise
removing targets
analyzing gcc-5__Ou__coreutils-8.25__wc/umaxtostr
started running umaxtostr
finished umaxtostr
removing targets
analyzing gcc-5__Ou__coreutils-8.25__wc/mb_width_aux
started running mb_width_aux
finished mb_width_aux
analyzing gcc-5__Ou__coreutils-8.25__wc/mb_copy
started running mb_copy
finished mb_copy
removing targets
analyzing gcc-5__Ou__coreutils-8.25__wc/is_basic
started running is_basic
finished is_basic
analyzing gcc-5__Ou__coreutils-8.25__wc/physmem_total
started running physmem_total
finished physmem_total
analyzing gcc-5__Ou__coreutils-8.25__wc/physmem_available
started running physmem_available
finished physmem_available
analyzing gcc-5__Ou__coreutils-8.25__wc/set_program_name
started running set_program_name
finished set_program_name
removing targets
analyzing gcc-5__Ou__coreutils-8.25__wc/clone_quoting_options
started running clone_quoting_options
finished clone_quoting_options
analyzing gcc-5__Ou__coreutils-8.25__wc/get_quoting_style
started running get_quoting_style
finished get_quoting_style
removing targets
analyzing gcc-5__Ou__coreutils-8.25__wc/set_quoting_style
started running set_quoting_style
finished set_quoting_style
removing targets
analyzing gcc-5__Ou__coreutils-8.25__wc/set_char_quoting
started running set_char_quoting
finished set_char_quoting
removing targets
analyzing gcc-5__Ou__coreutils-8.25__wc/set_quoting_flags
started running set_quoting_flags
finished set_quoting_flags
removing targets
analyzing gcc-5__Ou__coreutils-8.25__wc/set_custom_quoting
started running set_custom_quoting
finished set_custom_quoting
removing targets
analyzing gcc-5__Ou__coreutils-8.25__wc/quoting_options_from_style
started running quoting_options_from_style
finished quoting_options_from_style
analyzing gcc-5__Ou__coreutils-8.25__wc/gettext_quote
started running gettext_quote
finished gettext_quote
analyzing gcc-5__Ou__coreutils-8.25__wc/quotearg_buffer_restyled
started running quotearg_buffer_restyled
stopped exploration
finished quotearg_buffer_restyled
analyzing gcc-5__Ou__coreutils-8.25__wc/quotearg_buffer
started running quotearg_buffer
finished quotearg_buffer
removing targets
analyzing gcc-5__Ou__coreutils-8.25__wc/quotearg_alloc
started running quotearg_alloc
finished quotearg_alloc
analyzing gcc-5__Ou__coreutils-8.25__wc/quotearg_alloc_mem
started running quotearg_alloc_mem
finished quotearg_alloc_mem
removing targets
analyzing gcc-5__Ou__coreutils-8.25__wc/quotearg_free
started running quotearg_free
finished quotearg_free
removing targets
analyzing gcc-5__Ou__coreutils-8.25__wc/quotearg_n_options
started running quotearg_n_options
finished quotearg_n_options
analyzing gcc-5__Ou__coreutils-8.25__wc/quotearg_n
started running quotearg_n
finished quotearg_n
analyzing gcc-5__Ou__coreutils-8.25__wc/quotearg_n_mem
started running quotearg_n_mem
finished quotearg_n_mem
analyzing gcc-5__Ou__coreutils-8.25__wc/quotearg
started running quotearg
finished quotearg
analyzing gcc-5__Ou__coreutils-8.25__wc/quotearg_mem
started running quotearg_mem
finished quotearg_mem
analyzing gcc-5__Ou__coreutils-8.25__wc/quotearg_n_style
started running quotearg_n_style
finished quotearg_n_style
analyzing gcc-5__Ou__coreutils-8.25__wc/quotearg_n_style_mem
started running quotearg_n_style_mem
finished quotearg_n_style_mem
analyzing gcc-5__Ou__coreutils-8.25__wc/quotearg_style
started running quotearg_style
finished quotearg_style
analyzing gcc-5__Ou__coreutils-8.25__wc/quotearg_style_mem
started running quotearg_style_mem
finished quotearg_style_mem
analyzing gcc-5__Ou__coreutils-8.25__wc/quotearg_char_mem
started running quotearg_char_mem
finished quotearg_char_mem
analyzing gcc-5__Ou__coreutils-8.25__wc/quotearg_char
started running quotearg_char
finished quotearg_char
analyzing gcc-5__Ou__coreutils-8.25__wc/quotearg_colon
started running quotearg_colon
finished quotearg_colon
analyzing gcc-5__Ou__coreutils-8.25__wc/quotearg_colon_mem
started running quotearg_colon_mem
finished quotearg_colon_mem
analyzing gcc-5__Ou__coreutils-8.25__wc/quotearg_n_style_colon
started running quotearg_n_style_colon
finished quotearg_n_style_colon
analyzing gcc-5__Ou__coreutils-8.25__wc/quotearg_n_custom
started running quotearg_n_custom
finished quotearg_n_custom
analyzing gcc-5__Ou__coreutils-8.25__wc/quotearg_n_custom_mem
started running quotearg_n_custom_mem
finished quotearg_n_custom_mem
analyzing gcc-5__Ou__coreutils-8.25__wc/quotearg_custom
started running quotearg_custom
finished quotearg_custom
analyzing gcc-5__Ou__coreutils-8.25__wc/quotearg_custom_mem
started running quotearg_custom_mem
finished quotearg_custom_mem
analyzing gcc-5__Ou__coreutils-8.25__wc/quote_n_mem
started running quote_n_mem
finished quote_n_mem
analyzing gcc-5__Ou__coreutils-8.25__wc/quote_mem
started running quote_mem
finished quote_mem
analyzing gcc-5__Ou__coreutils-8.25__wc/quote_n
started running quote_n
finished quote_n
analyzing gcc-5__Ou__coreutils-8.25__wc/quote
started running quote
finished quote
analyzing gcc-5__Ou__coreutils-8.25__wc/readtokens0_init
started running readtokens0_init
finished readtokens0_init
analyzing gcc-5__Ou__coreutils-8.25__wc/readtokens0_free
started running readtokens0_free
finished readtokens0_free
removing targets
analyzing gcc-5__Ou__coreutils-8.25__wc/save_token
started running save_token
finished save_token
removing targets
analyzing gcc-5__Ou__coreutils-8.25__wc/readtokens0
started running readtokens0
finished readtokens0
analyzing gcc-5__Ou__coreutils-8.25__wc/safe_read
started running safe_read
finished safe_read
analyzing gcc-5__Ou__coreutils-8.25__wc/version_etc_arn
started running version_etc_arn
finished version_etc_arn
removing targets
analyzing gcc-5__Ou__coreutils-8.25__wc/version_etc_ar
started running version_etc_ar
finished version_etc_ar
removing targets
analyzing gcc-5__Ou__coreutils-8.25__wc/version_etc_va
started running version_etc_va
finished version_etc_va
removing targets
analyzing gcc-5__Ou__coreutils-8.25__wc/version_etc
started running version_etc
finished version_etc
removing targets
analyzing gcc-5__Ou__coreutils-8.25__wc/emit_bug_reporting_address
started running emit_bug_reporting_address
finished emit_bug_reporting_address
analyzing gcc-5__Ou__coreutils-8.25__wc/xnmalloc
started running xnmalloc
finished xnmalloc
removing targets
analyzing gcc-5__Ou__coreutils-8.25__wc/xnrealloc
started running xnrealloc
finished xnrealloc
removing targets
analyzing gcc-5__Ou__coreutils-8.25__wc/x2nrealloc
started running x2nrealloc
finished x2nrealloc
removing targets
analyzing gcc-5__Ou__coreutils-8.25__wc/xcharalloc
started running xcharalloc
finished xcharalloc
analyzing gcc-5__Ou__coreutils-8.25__wc/xmalloc
started running xmalloc
finished xmalloc
analyzing gcc-5__Ou__coreutils-8.25__wc/xrealloc
started running xrealloc
finished xrealloc
removing targets
analyzing gcc-5__Ou__coreutils-8.25__wc/x2realloc
started running x2realloc
finished x2realloc
analyzing gcc-5__Ou__coreutils-8.25__wc/xzalloc
started running xzalloc
finished xzalloc
analyzing gcc-5__Ou__coreutils-8.25__wc/xcalloc
started running xcalloc
finished xcalloc
analyzing gcc-5__Ou__coreutils-8.25__wc/xmemdup
started running xmemdup
finished xmemdup
analyzing gcc-5__Ou__coreutils-8.25__wc/xstrdup
started running xstrdup
finished xstrdup
analyzing gcc-5__Ou__coreutils-8.25__wc/xalloc_die
started running xalloc_die
finished xalloc_die
analyzing gcc-5__Ou__coreutils-8.25__wc/rpl_fclose
started running rpl_fclose
finished rpl_fclose
analyzing gcc-5__Ou__coreutils-8.25__wc/clear_ungetc_buffer_preserving_position
started running clear_ungetc_buffer_preserving_position
finished clear_ungetc_buffer_preserving_position
removing targets
analyzing gcc-5__Ou__coreutils-8.25__wc/rpl_fflush
started running rpl_fflush
finished rpl_fflush
removing targets
analyzing gcc-5__Ou__coreutils-8.25__wc/rpl_fseeko
started running rpl_fseeko
finished rpl_fseeko
removing targets
analyzing gcc-5__Ou__coreutils-8.25__wc/call_chunkfun
started running call_chunkfun
finished call_chunkfun
removing targets
analyzing gcc-5__Ou__coreutils-8.25__wc/call_freefun
started running call_freefun
finished call_freefun
removing targets
analyzing gcc-5__Ou__coreutils-8.25__wc/print_and_abort
started running print_and_abort
finished print_and_abort
analyzing gcc-5__Ou__coreutils-8.25__wc/c_strcasecmp
started running c_strcasecmp
finished c_strcasecmp
removing targets
analyzing gcc-5__Ou__coreutils-8.25__wc/close_stream
started running close_stream
finished close_stream
analyzing gcc-5__Ou__coreutils-8.25__wc/get_charset_aliases
started running get_charset_aliases
stopped exploration
finished get_charset_aliases
removing targets
analyzing gcc-5__Ou__coreutils-8.25__wc/locale_charset
started running locale_charset
finished locale_charset
analyzing gcc-5__Ou__coreutils-8.25__wc/c_isalnum
started running c_isalnum
finished c_isalnum
removing targets
analyzing gcc-5__Ou__coreutils-8.25__wc/c_isalpha
started running c_isalpha
finished c_isalpha
removing targets
analyzing gcc-5__Ou__coreutils-8.25__wc/c_isascii
started running c_isascii
finished c_isascii
removing targets
analyzing gcc-5__Ou__coreutils-8.25__wc/c_isblank
started running c_isblank
finished c_isblank
removing targets
analyzing gcc-5__Ou__coreutils-8.25__wc/c_iscntrl
started running c_iscntrl
finished c_iscntrl
removing targets
analyzing gcc-5__Ou__coreutils-8.25__wc/c_isdigit
started running c_isdigit
finished c_isdigit
removing targets
analyzing gcc-5__Ou__coreutils-8.25__wc/c_isgraph
started running c_isgraph
finished c_isgraph
removing targets
analyzing gcc-5__Ou__coreutils-8.25__wc/c_islower
started running c_islower
finished c_islower
removing targets
analyzing gcc-5__Ou__coreutils-8.25__wc/c_isprint
started running c_isprint
finished c_isprint
removing targets
analyzing gcc-5__Ou__coreutils-8.25__wc/c_ispunct
started running c_ispunct
finished c_ispunct
removing targets
analyzing gcc-5__Ou__coreutils-8.25__wc/c_isspace
started running c_isspace
finished c_isspace
removing targets
analyzing gcc-5__Ou__coreutils-8.25__wc/c_isupper
started running c_isupper
finished c_isupper
removing targets
analyzing gcc-5__Ou__coreutils-8.25__wc/c_isxdigit
started running c_isxdigit
finished c_isxdigit
removing targets
analyzing gcc-5__Ou__coreutils-8.25__wc/c_tolower
started running c_tolower
finished c_tolower
removing targets
analyzing gcc-5__Ou__coreutils-8.25__wc/c_toupper
started running c_toupper
finished c_toupper
removing targets
analyzing gcc-5__Ou__coreutils-8.25__wc/atexit
started running atexit
finished atexit
removing targets
analyzing gcc-5__Ou__coreutils-8.25__wc/stat
started running stat
finished stat
removing targets
