gcc-5__Ou__datamash__datamash have 328 funcs
analyzing gcc-5__Ou__datamash__datamash/deregister_tm_clones
started running deregister_tm_clones
finished deregister_tm_clones
removing targets
analyzing gcc-5__Ou__datamash__datamash/register_tm_clones
started running register_tm_clones
finished register_tm_clones
removing targets
analyzing gcc-5__Ou__datamash__datamash/frame_dummy
started running frame_dummy
finished frame_dummy
removing targets
analyzing gcc-5__Ou__datamash__datamash/init_blank_table
started running init_blank_table
finished init_blank_table
removing targets
analyzing gcc-5__Ou__datamash__datamash/finalize_numeric_output_buffer
started running finalize_numeric_output_buffer
finished finalize_numeric_output_buffer
analyzing gcc-5__Ou__datamash__datamash/set_numeric_output_precision
started running set_numeric_output_precision
finished set_numeric_output_precision
removing targets
analyzing gcc-5__Ou__datamash__datamash/set_numeric_printf_format
started running set_numeric_printf_format
finished set_numeric_printf_format
analyzing gcc-5__Ou__datamash__datamash/is_zero
started running is_zero
finished is_zero
analyzing gcc-5__Ou__datamash__datamash/is_signed_zero
started running is_signed_zero
finished is_signed_zero
analyzing gcc-5__Ou__datamash__datamash/pos_zero
started running pos_zero
finished pos_zero
analyzing gcc-5__Ou__datamash__datamash/is_na
started running is_na
finished is_na
removing targets
analyzing gcc-5__Ou__datamash__datamash/cmp_long_double
started running cmp_long_double
finished cmp_long_double
analyzing gcc-5__Ou__datamash__datamash/median_value
started running median_value
finished median_value
analyzing gcc-5__Ou__datamash__datamash/percentile_value
started running percentile_value
finished percentile_value
analyzing gcc-5__Ou__datamash__datamash/mad_value
started running mad_value
finished mad_value
analyzing gcc-5__Ou__datamash__datamash/arithmetic_mean_value
started running arithmetic_mean_value
finished arithmetic_mean_value
analyzing gcc-5__Ou__datamash__datamash/variance_value
started running variance_value
finished variance_value
analyzing gcc-5__Ou__datamash__datamash/covariance_value
started running covariance_value
finished covariance_value
analyzing gcc-5__Ou__datamash__datamash/pearson_corr_value
started running pearson_corr_value
finished pearson_corr_value
analyzing gcc-5__Ou__datamash__datamash/stdev_value
started running stdev_value
finished stdev_value
analyzing gcc-5__Ou__datamash__datamash/skewness_value
started running skewness_value
finished skewness_value
analyzing gcc-5__Ou__datamash__datamash/SES_value
started running SES_value
finished SES_value
analyzing gcc-5__Ou__datamash__datamash/skewnessZ_value
started running skewnessZ_value
finished skewnessZ_value
analyzing gcc-5__Ou__datamash__datamash/excess_kurtosis_value
started running excess_kurtosis_value
finished excess_kurtosis_value
analyzing gcc-5__Ou__datamash__datamash/SEK_value
started running SEK_value
finished SEK_value
analyzing gcc-5__Ou__datamash__datamash/kurtosisZ_value
started running kurtosisZ_value
finished kurtosisZ_value
analyzing gcc-5__Ou__datamash__datamash/pchisq_df2
started running pchisq_df2
finished pchisq_df2
analyzing gcc-5__Ou__datamash__datamash/jarque_bera_pvalue
started running jarque_bera_pvalue
finished jarque_bera_pvalue
analyzing gcc-5__Ou__datamash__datamash/dagostino_pearson_omnibus_pvalue
started running dagostino_pearson_omnibus_pvalue
finished dagostino_pearson_omnibus_pvalue
analyzing gcc-5__Ou__datamash__datamash/mode_value
started running mode_value
finished mode_value
analyzing gcc-5__Ou__datamash__datamash/trimmed_mean_value
started running trimmed_mean_value
finished trimmed_mean_value
analyzing gcc-5__Ou__datamash__datamash/cmpstringp
started running cmpstringp
finished cmpstringp
analyzing gcc-5__Ou__datamash__datamash/cmpstringp_nocase
started running cmpstringp_nocase
finished cmpstringp_nocase
analyzing gcc-5__Ou__datamash__datamash/qsortfl
started running qsortfl
finished qsortfl
analyzing gcc-5__Ou__datamash__datamash/hash_compare_strings
started running hash_compare_strings
finished hash_compare_strings
removing targets
analyzing gcc-5__Ou__datamash__datamash/to_uchar
started running to_uchar
finished to_uchar
analyzing gcc-5__Ou__datamash__datamash/line_record_length
started running line_record_length
finished line_record_length
analyzing gcc-5__Ou__datamash__datamash/line_record_buffer
started running line_record_buffer
finished line_record_buffer
analyzing gcc-5__Ou__datamash__datamash/line_record_init
started running line_record_init
finished line_record_init
analyzing gcc-5__Ou__datamash__datamash/linebuffer_nullify
started running linebuffer_nullify
finished linebuffer_nullify
removing targets
analyzing gcc-5__Ou__datamash__datamash/line_record_reserve_fields
started running line_record_reserve_fields
finished line_record_reserve_fields
removing targets
analyzing gcc-5__Ou__datamash__datamash/line_record_parse_fields
started running line_record_parse_fields
finished line_record_parse_fields
analyzing gcc-5__Ou__datamash__datamash/line_record_fread
started running line_record_fread
finished line_record_fread
analyzing gcc-5__Ou__datamash__datamash/line_record_free
started running line_record_free
finished line_record_free
analyzing gcc-5__Ou__datamash__datamash/line_record_num_fields
started running line_record_num_fields
finished line_record_num_fields
analyzing gcc-5__Ou__datamash__datamash/line_record_get_field
started running line_record_get_field
finished line_record_get_field
removing targets
analyzing gcc-5__Ou__datamash__datamash/free_column_headers
started running free_column_headers
finished free_column_headers
removing targets
analyzing gcc-5__Ou__datamash__datamash/get_num_column_headers
started running get_num_column_headers
finished get_num_column_headers
analyzing gcc-5__Ou__datamash__datamash/get_input_field_name
started running get_input_field_name
finished get_input_field_name
removing targets
analyzing gcc-5__Ou__datamash__datamash/get_input_field_number
started running get_input_field_number
finished get_input_field_number
removing targets
analyzing gcc-5__Ou__datamash__datamash/build_input_line_headers
started running build_input_line_headers
finished build_input_line_headers
analyzing gcc-5__Ou__datamash__datamash/get_field_operation
started running get_field_operation
finished get_field_operation
removing targets
analyzing gcc-5__Ou__datamash__datamash/get_field_operation_name
started running get_field_operation_name
finished get_field_operation_name
removing targets
analyzing gcc-5__Ou__datamash__datamash/get_processing_mode
started running get_processing_mode
finished get_processing_mode
removing targets
analyzing gcc-5__Ou__datamash__datamash/get_processing_mode_name
started running get_processing_mode_name
finished get_processing_mode_name
removing targets
analyzing gcc-5__Ou__datamash__datamash/set_identifier
started running set_identifier
finished set_identifier
removing targets
analyzing gcc-5__Ou__datamash__datamash/scanner_set_input_from_argv
started running scanner_set_input_from_argv
finished scanner_set_input_from_argv
removing targets
analyzing gcc-5__Ou__datamash__datamash/scanner_free
started running scanner_free
finished scanner_free
analyzing gcc-5__Ou__datamash__datamash/scanner_peek_token
started running scanner_peek_token
finished scanner_peek_token
removing targets
analyzing gcc-5__Ou__datamash__datamash/scanner_get_token
started running scanner_get_token
finished scanner_get_token
removing targets
analyzing gcc-5__Ou__datamash__datamash/reset_parsed_operation
started running reset_parsed_operation
finished reset_parsed_operation
removing targets
analyzing gcc-5__Ou__datamash__datamash/alloc_next_field
started running alloc_next_field
finished alloc_next_field
removing targets
analyzing gcc-5__Ou__datamash__datamash/add_group_col
started running add_group_col
finished add_group_col
removing targets
analyzing gcc-5__Ou__datamash__datamash/add_op
started running add_op
finished add_op
removing targets
analyzing gcc-5__Ou__datamash__datamash/set_op_params
started running set_op_params
finished set_op_params
removing targets
analyzing gcc-5__Ou__datamash__datamash/parse_simple_operation_column
started running parse_simple_operation_column
finished parse_simple_operation_column
removing targets
analyzing gcc-5__Ou__datamash__datamash/parse_operation_column
started running parse_operation_column
finished parse_operation_column
analyzing gcc-5__Ou__datamash__datamash/parse_operation_column_list
started running parse_operation_column_list
finished parse_operation_column_list
analyzing gcc-5__Ou__datamash__datamash/parse_operation_params
started running parse_operation_params
finished parse_operation_params
analyzing gcc-5__Ou__datamash__datamash/compatible_operation_modes
started running compatible_operation_modes
finished compatible_operation_modes
removing targets
analyzing gcc-5__Ou__datamash__datamash/create_field_ops
started running create_field_ops
finished create_field_ops
removing targets
analyzing gcc-5__Ou__datamash__datamash/parse_operation
started running parse_operation
finished parse_operation
analyzing gcc-5__Ou__datamash__datamash/parse_operations
started running parse_operations
analyzing gcc-5__Ou__datamash__datamash/parse_mode_column
started running parse_mode_column
finished parse_mode_column
analyzing gcc-5__Ou__datamash__datamash/parse_mode_column_list
started running parse_mode_column_list
finished parse_mode_column_list
analyzing gcc-5__Ou__datamash__datamash/parse_check_line_or_field
started running parse_check_line_or_field
finished parse_check_line_or_field
analyzing gcc-5__Ou__datamash__datamash/parse_mode_check
started running parse_mode_check
finished parse_mode_check
analyzing gcc-5__Ou__datamash__datamash/parse_mode
started running parse_mode
finished parse_mode
analyzing gcc-5__Ou__datamash__datamash/parse_mode_or_op
started running parse_mode_or_op
finished parse_mode_or_op
analyzing gcc-5__Ou__datamash__datamash/datamash_ops_parse
started running datamash_ops_parse
finished datamash_ops_parse
analyzing gcc-5__Ou__datamash__datamash/datamash_ops_parse_premode
started running datamash_ops_parse_premode
finished datamash_ops_parse_premode
analyzing gcc-5__Ou__datamash__datamash/datamash_ops_free
started running datamash_ops_free
finished datamash_ops_free
removing targets
analyzing gcc-5__Ou__datamash__datamash/quartile1_value
started running quartile1_value
finished quartile1_value
analyzing gcc-5__Ou__datamash__datamash/quartile3_value
started running quartile3_value
finished quartile3_value
skipping is|zero
skipping is|signed|zero
skipping pos|zero
analyzing gcc-5__Ou__datamash__datamash/field_op_add_value
started running field_op_add_value
finished field_op_add_value
analyzing gcc-5__Ou__datamash__datamash/field_op_reserve_out_buf
started running field_op_reserve_out_buf
finished field_op_reserve_out_buf
removing targets
analyzing gcc-5__Ou__datamash__datamash/field_op_to_hex
started running field_op_to_hex
finished field_op_to_hex
analyzing gcc-5__Ou__datamash__datamash/field_op_add_string
started running field_op_add_string
finished field_op_add_string
removing targets
analyzing gcc-5__Ou__datamash__datamash/field_op_replace_string
started running field_op_replace_string
finished field_op_replace_string
removing targets
analyzing gcc-5__Ou__datamash__datamash/field_op_get_string_ptrs
started running field_op_get_string_ptrs
finished field_op_get_string_ptrs
analyzing gcc-5__Ou__datamash__datamash/field_op_sort_values
started running field_op_sort_values
finished field_op_sort_values
analyzing gcc-5__Ou__datamash__datamash/field_op_init
started running field_op_init
finished field_op_init
removing targets
analyzing gcc-5__Ou__datamash__datamash/verify_slave_num_values
started running verify_slave_num_values
finished verify_slave_num_values
removing targets
analyzing gcc-5__Ou__datamash__datamash/field_op_collect
started running field_op_collect
finished field_op_collect
analyzing gcc-5__Ou__datamash__datamash/unique_value
started running unique_value
finished unique_value
analyzing gcc-5__Ou__datamash__datamash/count_unique_values
started running count_unique_values
finished count_unique_values
analyzing gcc-5__Ou__datamash__datamash/collapse_value
started running collapse_value
finished collapse_value
analyzing gcc-5__Ou__datamash__datamash/field_op_summarize_empty
started running field_op_summarize_empty
finished field_op_summarize_empty
analyzing gcc-5__Ou__datamash__datamash/field_op_summarize
started running field_op_summarize
finished field_op_summarize
analyzing gcc-5__Ou__datamash__datamash/field_op_reset
started running field_op_reset
finished field_op_reset
analyzing gcc-5__Ou__datamash__datamash/field_op_free
started running field_op_free
finished field_op_free
analyzing gcc-5__Ou__datamash__datamash/mix
started running mix
finished mix
analyzing gcc-5__Ou__datamash__datamash/init_random
started running init_random
finished init_random
analyzing gcc-5__Ou__datamash__datamash/field_op_collect_result_name
started running field_op_collect_result_name
finished field_op_collect_result_name
removing targets
analyzing gcc-5__Ou__datamash__datamash/field_op_print_empty_value
started running field_op_print_empty_value
finished field_op_print_empty_value
analyzing gcc-5__Ou__datamash__datamash/print_field_separator
started running print_field_separator
finished print_field_separator
analyzing gcc-5__Ou__datamash__datamash/print_line_separator
started running print_line_separator
finished print_line_separator
analyzing gcc-5__Ou__datamash__datamash/str_comparator
started running str_comparator
finished str_comparator
removing targets
analyzing gcc-5__Ou__datamash__datamash/hash_crosstab_data_cell
started running hash_crosstab_data_cell
finished hash_crosstab_data_cell
removing targets
analyzing gcc-5__Ou__datamash__datamash/crosstab_datacell_comparator
started running crosstab_datacell_comparator
finished crosstab_datacell_comparator
removing targets
analyzing gcc-5__Ou__datamash__datamash/new_datacell
started running new_datacell
finished new_datacell
analyzing gcc-5__Ou__datamash__datamash/crosstab_datacell_free
started running crosstab_datacell_free
finished crosstab_datacell_free
analyzing gcc-5__Ou__datamash__datamash/crosstab_init
started running crosstab_init
finished crosstab_init
analyzing gcc-5__Ou__datamash__datamash/crosstab_free
started running crosstab_free
finished crosstab_free
removing targets
analyzing gcc-5__Ou__datamash__datamash/crosstab_add_result
started running crosstab_add_result
finished crosstab_add_result
analyzing gcc-5__Ou__datamash__datamash/crosstab_print
started running crosstab_print
finished crosstab_print
analyzing gcc-5__Ou__datamash__datamash/validate_double_format
started running validate_double_format
stopped exploration
finished validate_double_format
analyzing gcc-5__Ou__datamash__datamash/emit_try_help
started running emit_try_help
finished emit_try_help
analyzing gcc-5__Ou__datamash__datamash/select_plural
started running select_plural
finished select_plural
skipping print|field|separator
skipping print|line|separator
skipping line|record|length
skipping line|record|buffer
skipping line|record|num|fields
skipping line|record|get|field
analyzing gcc-5__Ou__datamash__datamash/group_columns_find_named_columns
started running group_columns_find_named_columns
finished group_columns_find_named_columns
removing targets
analyzing gcc-5__Ou__datamash__datamash/error_not_enough_fields
started running error_not_enough_fields
finished error_not_enough_fields
analyzing gcc-5__Ou__datamash__datamash/safe_line_record_get_field
started running safe_line_record_get_field
finished safe_line_record_get_field
analyzing gcc-5__Ou__datamash__datamash/safe_line_record_get_fieldz
started running safe_line_record_get_fieldz
finished safe_line_record_get_fieldz
analyzing gcc-5__Ou__datamash__datamash/different
started running different
finished different
removing targets
analyzing gcc-5__Ou__datamash__datamash/process_line
started running process_line
finished process_line
removing targets
analyzing gcc-5__Ou__datamash__datamash/print_input_line
started running print_input_line
finished print_input_line
removing targets
analyzing gcc-5__Ou__datamash__datamash/print_column_headers
started running print_column_headers
analyzing gcc-5__Ou__datamash__datamash/field_op_find_named_columns
started running field_op_find_named_columns
