gcc-5__Ou__diffutils-1__cmp have 86 funcs
analyzing gcc-5__Ou__diffutils-1__cmp/deregister_tm_clones
started running deregister_tm_clones
finished deregister_tm_clones
removing targets
analyzing gcc-5__Ou__diffutils-1__cmp/register_tm_clones
started running register_tm_clones
finished register_tm_clones
removing targets
analyzing gcc-5__Ou__diffutils-1__cmp/frame_dummy
started running frame_dummy
finished frame_dummy
removing targets
analyzing gcc-5__Ou__diffutils-1__cmp/try_help
started running try_help
finished try_help
removing targets
analyzing gcc-5__Ou__diffutils-1__cmp/specify_ignore_initial
started running specify_ignore_initial
finished specify_ignore_initial
analyzing gcc-5__Ou__diffutils-1__cmp/specify_comparison_type
started running specify_comparison_type
finished specify_comparison_type
removing targets
analyzing gcc-5__Ou__diffutils-1__cmp/check_stdout
started running check_stdout
finished check_stdout
analyzing gcc-5__Ou__diffutils-1__cmp/cmp
started running cmp
finished cmp
removing targets
analyzing gcc-5__Ou__diffutils-1__cmp/block_compare_and_count
started running block_compare_and_count
finished block_compare_and_count
removing targets
analyzing gcc-5__Ou__diffutils-1__cmp/block_compare
started running block_compare
finished block_compare
removing targets
analyzing gcc-5__Ou__diffutils-1__cmp/sprintc
started running sprintc
finished sprintc
analyzing gcc-5__Ou__diffutils-1__cmp/file_position
started running file_position
finished file_position
removing targets
analyzing gcc-5__Ou__diffutils-1__cmp/die
started running die
finished die
analyzing gcc-5__Ou__diffutils-1__cmp/null_action
started running null_action
finished null_action
analyzing gcc-5__Ou__diffutils-1__cmp/segv_handler
started running segv_handler
finished segv_handler
analyzing gcc-5__Ou__diffutils-1__cmp/c_stack_action
started running c_stack_action
finished c_stack_action
analyzing gcc-5__Ou__diffutils-1__cmp/hard_locale
started running hard_locale
finished hard_locale
analyzing gcc-5__Ou__diffutils-1__cmp/offtostr
started running offtostr
finished offtostr
removing targets
analyzing gcc-5__Ou__diffutils-1__cmp/set_program_name
started running set_program_name
finished set_program_name
removing targets
analyzing gcc-5__Ou__diffutils-1__cmp/mbsstr_trimmed_wordbounded
started running mbsstr_trimmed_wordbounded
stopped exploration
finished mbsstr_trimmed_wordbounded
analyzing gcc-5__Ou__diffutils-1__cmp/proper_name
started running proper_name
finished proper_name
analyzing gcc-5__Ou__diffutils-1__cmp/proper_name_utf8
started running proper_name_utf8
finished proper_name_utf8
analyzing gcc-5__Ou__diffutils-1__cmp/trim2
started running trim2
finished trim2
analyzing gcc-5__Ou__diffutils-1__cmp/version_etc_arn
started running version_etc_arn
finished version_etc_arn
removing targets
analyzing gcc-5__Ou__diffutils-1__cmp/version_etc_ar
started running version_etc_ar
finished version_etc_ar
removing targets
analyzing gcc-5__Ou__diffutils-1__cmp/version_etc_va
started running version_etc_va
finished version_etc_va
removing targets
analyzing gcc-5__Ou__diffutils-1__cmp/version_etc
started running version_etc
finished version_etc
removing targets
analyzing gcc-5__Ou__diffutils-1__cmp/emit_bug_reporting_address
started running emit_bug_reporting_address
finished emit_bug_reporting_address
analyzing gcc-5__Ou__diffutils-1__cmp/xnmalloc
started running xnmalloc
finished xnmalloc
removing targets
analyzing gcc-5__Ou__diffutils-1__cmp/xnrealloc
started running xnrealloc
finished xnrealloc
removing targets
analyzing gcc-5__Ou__diffutils-1__cmp/x2nrealloc
started running x2nrealloc
finished x2nrealloc
removing targets
analyzing gcc-5__Ou__diffutils-1__cmp/xcharalloc
started running xcharalloc
finished xcharalloc
analyzing gcc-5__Ou__diffutils-1__cmp/xmalloc
started running xmalloc
finished xmalloc
analyzing gcc-5__Ou__diffutils-1__cmp/xrealloc
started running xrealloc
finished xrealloc
removing targets
analyzing gcc-5__Ou__diffutils-1__cmp/x2realloc
started running x2realloc
finished x2realloc
analyzing gcc-5__Ou__diffutils-1__cmp/xzalloc
started running xzalloc
finished xzalloc
analyzing gcc-5__Ou__diffutils-1__cmp/xcalloc
started running xcalloc
finished xcalloc
analyzing gcc-5__Ou__diffutils-1__cmp/xmemdup
started running xmemdup
finished xmemdup
analyzing gcc-5__Ou__diffutils-1__cmp/xstrdup
started running xstrdup
finished xstrdup
analyzing gcc-5__Ou__diffutils-1__cmp/xalloc_die
started running xalloc_die
finished xalloc_die
analyzing gcc-5__Ou__diffutils-1__cmp/xmem_cd_iconv
started running xmem_cd_iconv
finished xmem_cd_iconv
analyzing gcc-5__Ou__diffutils-1__cmp/xstr_cd_iconv
started running xstr_cd_iconv
finished xstr_cd_iconv
analyzing gcc-5__Ou__diffutils-1__cmp/xstr_iconv
started running xstr_iconv
finished xstr_iconv
analyzing gcc-5__Ou__diffutils-1__cmp/bkm_scale
started running bkm_scale
finished bkm_scale
removing targets
analyzing gcc-5__Ou__diffutils-1__cmp/bkm_scale_by_power
started running bkm_scale_by_power
finished bkm_scale_by_power
removing targets
analyzing gcc-5__Ou__diffutils-1__cmp/xstrtoumax
started running xstrtoumax
finished xstrtoumax
removing targets
analyzing gcc-5__Ou__diffutils-1__cmp/block_read
started running block_read
finished block_read
analyzing gcc-5__Ou__diffutils-1__cmp/buffer_lcm
started running buffer_lcm
stopped exploration
finished buffer_lcm
removing targets
analyzing gcc-5__Ou__diffutils-1__cmp/c_strcasecmp
started running c_strcasecmp
finished c_strcasecmp
removing targets
analyzing gcc-5__Ou__diffutils-1__cmp/get_charset_aliases
started running get_charset_aliases
stopped exploration
finished get_charset_aliases
removing targets
analyzing gcc-5__Ou__diffutils-1__cmp/locale_charset
started running locale_charset
analyzing gcc-5__Ou__diffutils-1__cmp/mbiter_multi_next
started running mbiter_multi_next
analyzing gcc-5__Ou__diffutils-1__cmp/mbiter_multi_reloc
started running mbiter_multi_reloc
analyzing gcc-5__Ou__diffutils-1__cmp/mbiter_multi_copy
started running mbiter_multi_copy
analyzing gcc-5__Ou__diffutils-1__cmp/knuth_morris_pratt
started running knuth_morris_pratt
finished knuth_morris_pratt
removing targets
analyzing gcc-5__Ou__diffutils-1__cmp/knuth_morris_pratt_multibyte
started running knuth_morris_pratt_multibyte
analyzing gcc-5__Ou__diffutils-1__cmp/mbsstr
started running mbsstr
finished mbsstr
analyzing gcc-5__Ou__diffutils-1__cmp/mbuiter_multi_next
started running mbuiter_multi_next
analyzing gcc-5__Ou__diffutils-1__cmp/mbuiter_multi_reloc
started running mbuiter_multi_reloc
analyzing gcc-5__Ou__diffutils-1__cmp/mbuiter_multi_copy
started running mbuiter_multi_copy
analyzing gcc-5__Ou__diffutils-1__cmp/mem_cd_iconv
started running mem_cd_iconv
analyzing gcc-5__Ou__diffutils-1__cmp/str_cd_iconv
started running str_cd_iconv
analyzing gcc-5__Ou__diffutils-1__cmp/str_iconv
started running str_iconv
analyzing gcc-5__Ou__diffutils-1__cmp/strnlen1
started running strnlen1
finished strnlen1
analyzing gcc-5__Ou__diffutils-1__cmp/c_isascii
started running c_isascii
finished c_isascii
removing targets
analyzing gcc-5__Ou__diffutils-1__cmp/c_isalnum
started running c_isalnum
finished c_isalnum
removing targets
analyzing gcc-5__Ou__diffutils-1__cmp/c_isalpha
started running c_isalpha
finished c_isalpha
removing targets
analyzing gcc-5__Ou__diffutils-1__cmp/c_isblank
started running c_isblank
finished c_isblank
removing targets
analyzing gcc-5__Ou__diffutils-1__cmp/c_iscntrl
started running c_iscntrl
finished c_iscntrl
removing targets
analyzing gcc-5__Ou__diffutils-1__cmp/c_isdigit
started running c_isdigit
finished c_isdigit
removing targets
analyzing gcc-5__Ou__diffutils-1__cmp/c_islower
started running c_islower
finished c_islower
removing targets
analyzing gcc-5__Ou__diffutils-1__cmp/c_isgraph
started running c_isgraph
finished c_isgraph
removing targets
analyzing gcc-5__Ou__diffutils-1__cmp/c_isprint
started running c_isprint
finished c_isprint
removing targets
analyzing gcc-5__Ou__diffutils-1__cmp/c_ispunct
started running c_ispunct
finished c_ispunct
removing targets
analyzing gcc-5__Ou__diffutils-1__cmp/c_isspace
started running c_isspace
finished c_isspace
removing targets
analyzing gcc-5__Ou__diffutils-1__cmp/c_isupper
started running c_isupper
finished c_isupper
removing targets
analyzing gcc-5__Ou__diffutils-1__cmp/c_isxdigit
started running c_isxdigit
finished c_isxdigit
removing targets
analyzing gcc-5__Ou__diffutils-1__cmp/c_tolower
started running c_tolower
finished c_tolower
removing targets
analyzing gcc-5__Ou__diffutils-1__cmp/c_toupper
started running c_toupper
finished c_toupper
removing targets
analyzing gcc-5__Ou__diffutils-1__cmp/mmalloca
started running mmalloca
finished mmalloca
removing targets
analyzing gcc-5__Ou__diffutils-1__cmp/freea
started running freea
analyzing gcc-5__Ou__diffutils-1__cmp/mb_width_aux
started running mb_width_aux
finished mb_width_aux
analyzing gcc-5__Ou__diffutils-1__cmp/mb_copy
started running mb_copy
analyzing gcc-5__Ou__diffutils-1__cmp/is_basic
started running is_basic
analyzing gcc-5__Ou__diffutils-1__cmp/mbslen
started running mbslen
finished mbslen
analyzing gcc-5__Ou__diffutils-1__cmp/stat
started running stat
finished stat
removing targets
