gcc-5__Ou__diffutils-1__diff have 454 funcs
analyzing gcc-5__Ou__diffutils-1__diff/deregister_tm_clones
started running deregister_tm_clones
finished deregister_tm_clones
removing targets
analyzing gcc-5__Ou__diffutils-1__diff/register_tm_clones
started running register_tm_clones
finished register_tm_clones
removing targets
analyzing gcc-5__Ou__diffutils-1__diff/frame_dummy
started running frame_dummy
finished frame_dummy
removing targets
analyzing gcc-5__Ou__diffutils-1__diff/diag
started running diag
stopped exploration
finished diag
removing targets
analyzing gcc-5__Ou__diffutils-1__diff/compareseq
started running compareseq
finished compareseq
removing targets
analyzing gcc-5__Ou__diffutils-1__diff/discard_confusing_lines
started running discard_confusing_lines
stopped exploration
finished discard_confusing_lines
analyzing gcc-5__Ou__diffutils-1__diff/shift_boundaries
started running shift_boundaries
