gcc-5__Ou__enscript__states have 145 funcs
analyzing gcc-5__Ou__enscript__states/deregister_tm_clones
started running deregister_tm_clones
finished deregister_tm_clones
removing targets
analyzing gcc-5__Ou__enscript__states/register_tm_clones
started running register_tm_clones
finished register_tm_clones
removing targets
analyzing gcc-5__Ou__enscript__states/frame_dummy
started running frame_dummy
finished frame_dummy
removing targets
analyzing gcc-5__Ou__enscript__states/list
started running list
finished list
analyzing gcc-5__Ou__enscript__states/list_prepend
started running list_prepend
finished list_prepend
analyzing gcc-5__Ou__enscript__states/list_append
started running list_append
finished list_append
analyzing gcc-5__Ou__enscript__states/node_alloc
started running node_alloc
finished node_alloc
analyzing gcc-5__Ou__enscript__states/node_copy
started running node_copy
finished node_copy
analyzing gcc-5__Ou__enscript__states/node_reference
started running node_reference
finished node_reference
analyzing gcc-5__Ou__enscript__states/node_free
started running node_free
finished node_free
removing targets
analyzing gcc-5__Ou__enscript__states/enter_system_variable
started running enter_system_variable
finished enter_system_variable
analyzing gcc-5__Ou__enscript__states/compile_regexp
started running compile_regexp
finished compile_regexp
removing targets
analyzing gcc-5__Ou__enscript__states/mk_stmt
started running mk_stmt
finished mk_stmt
analyzing gcc-5__Ou__enscript__states/mk_expr
started running mk_expr
finished mk_expr
analyzing gcc-5__Ou__enscript__states/cons
started running cons
finished cons
analyzing gcc-5__Ou__enscript__states/define_state
started running define_state
finished define_state
analyzing gcc-5__Ou__enscript__states/define_sub
started running define_sub
finished define_sub
analyzing gcc-5__Ou__enscript__states/lookup_var
started running lookup_var
finished lookup_var
removing targets
analyzing gcc-5__Ou__enscript__states/set_var
started running set_var
finished set_var
removing targets
analyzing gcc-5__Ou__enscript__states/calculate_binary
started running calculate_binary
finished calculate_binary
removing targets
analyzing gcc-5__Ou__enscript__states/eval_expr
started running eval_expr
finished eval_expr
removing targets
analyzing gcc-5__Ou__enscript__states/eval_statement
started running eval_statement
finished eval_statement
removing targets
analyzing gcc-5__Ou__enscript__states/eval_statement_list
started running eval_statement_list
finished eval_statement_list
removing targets
analyzing gcc-5__Ou__enscript__states/load_states_file
started running load_states_file
finished load_states_file
analyzing gcc-5__Ou__enscript__states/autoload_file
started running autoload_file
finished autoload_file
analyzing gcc-5__Ou__enscript__states/lookup_state
started running lookup_state
finished lookup_state
analyzing gcc-5__Ou__enscript__states/match_arg
started running match_arg
finished match_arg
removing targets
analyzing gcc-5__Ou__enscript__states/prim_call
started running prim_call
finished prim_call
removing targets
analyzing gcc-5__Ou__enscript__states/prim_calln
started running prim_calln
finished prim_calln
analyzing gcc-5__Ou__enscript__states/prim_check_namerules
started running prim_check_namerules
finished prim_check_namerules
removing targets
analyzing gcc-5__Ou__enscript__states/prim_check_startrules
started running prim_check_startrules
finished prim_check_startrules
removing targets
analyzing gcc-5__Ou__enscript__states/prim_concat
started running prim_concat
stopped exploration
finished prim_concat
removing targets
analyzing gcc-5__Ou__enscript__states/prim_float
started running prim_float
finished prim_float
analyzing gcc-5__Ou__enscript__states/prim_getenv
started running prim_getenv
finished prim_getenv
analyzing gcc-5__Ou__enscript__states/prim_int
started running prim_int
finished prim_int
analyzing gcc-5__Ou__enscript__states/prim_length
started running prim_length
stopped exploration
finished prim_length
removing targets
analyzing gcc-5__Ou__enscript__states/prim_list
started running prim_list
finished prim_list
removing targets
analyzing gcc-5__Ou__enscript__states/prim_panic
started running prim_panic
finished prim_panic
analyzing gcc-5__Ou__enscript__states/prim_prereq
started running prim_prereq
finished prim_prereq
analyzing gcc-5__Ou__enscript__states/print_node
started running print_node
finished print_node
removing targets
analyzing gcc-5__Ou__enscript__states/prim_print
started running prim_print
finished prim_print
removing targets
analyzing gcc-5__Ou__enscript__states/prim_range
started running prim_range
finished prim_range
removing targets
analyzing gcc-5__Ou__enscript__states/prim_regexp
started running prim_regexp
finished prim_regexp
analyzing gcc-5__Ou__enscript__states/prim_regexp_syntax
started running prim_regexp_syntax
finished prim_regexp_syntax
analyzing gcc-5__Ou__enscript__states/prim_regmatch
started running prim_regmatch
finished prim_regmatch
analyzing gcc-5__Ou__enscript__states/do_regsubsts
started running do_regsubsts
stopped exploration
finished do_regsubsts
removing targets
analyzing gcc-5__Ou__enscript__states/prim_regsub
started running prim_regsub
finished prim_regsub
analyzing gcc-5__Ou__enscript__states/prim_regsuball
started running prim_regsuball
finished prim_regsuball
analyzing gcc-5__Ou__enscript__states/prim_require_state
started running prim_require_state
finished prim_require_state
removing targets
analyzing gcc-5__Ou__enscript__states/prim_split
started running prim_split
finished prim_split
analyzing gcc-5__Ou__enscript__states/prim_sprintf
started running prim_sprintf
stopped exploration
finished prim_sprintf
analyzing gcc-5__Ou__enscript__states/prim_strcmp
started running prim_strcmp
finished prim_strcmp
analyzing gcc-5__Ou__enscript__states/prim_string
started running prim_string
finished prim_string
analyzing gcc-5__Ou__enscript__states/prim_strncmp
started running prim_strncmp
finished prim_strncmp
analyzing gcc-5__Ou__enscript__states/prim_substring
started running prim_substring
finished prim_substring
analyzing gcc-5__Ou__enscript__states/prim_system
started running prim_system
finished prim_system
analyzing gcc-5__Ou__enscript__states/init_primitives
started running init_primitives
analyzing gcc-5__Ou__enscript__states/process_file
started running process_file
finished process_file
analyzing gcc-5__Ou__enscript__states/execute_state
started running execute_state
analyzing gcc-5__Ou__enscript__states/eval_begin_rules
started running eval_begin_rules
analyzing gcc-5__Ou__enscript__states/eval_end_rules
started running eval_end_rules
analyzing gcc-5__Ou__enscript__states/yydestruct
started running yydestruct
finished yydestruct
removing targets
analyzing gcc-5__Ou__enscript__states/yyparse
started running yyparse
finished yyparse
removing targets
analyzing gcc-5__Ou__enscript__states/yyerror
started running yyerror
finished yyerror
analyzing gcc-5__Ou__enscript__states/yylex
started running yylex
finished yylex
analyzing gcc-5__Ou__enscript__states/yy_get_next_buffer
started running yy_get_next_buffer
analyzing gcc-5__Ou__enscript__states/yy_get_previous_state
started running yy_get_previous_state
finished yy_get_previous_state
removing targets
analyzing gcc-5__Ou__enscript__states/yy_try_NUL_trans
started running yy_try_NUL_trans
analyzing gcc-5__Ou__enscript__states/yyunput
started running yyunput
analyzing gcc-5__Ou__enscript__states/input
started running input
analyzing gcc-5__Ou__enscript__states/yyrestart
started running yyrestart
finished yyrestart
removing targets
analyzing gcc-5__Ou__enscript__states/yy_switch_to_buffer
started running yy_switch_to_buffer
finished yy_switch_to_buffer
analyzing gcc-5__Ou__enscript__states/yy_load_buffer_state
started running yy_load_buffer_state
analyzing gcc-5__Ou__enscript__states/yy_create_buffer
started running yy_create_buffer
finished yy_create_buffer
analyzing gcc-5__Ou__enscript__states/yy_delete_buffer
started running yy_delete_buffer
finished yy_delete_buffer
removing targets
analyzing gcc-5__Ou__enscript__states/yy_init_buffer
started running yy_init_buffer
analyzing gcc-5__Ou__enscript__states/yy_flush_buffer
started running yy_flush_buffer
finished yy_flush_buffer
removing targets
analyzing gcc-5__Ou__enscript__states/yypush_buffer_state
started running yypush_buffer_state
finished yypush_buffer_state
removing targets
analyzing gcc-5__Ou__enscript__states/yypop_buffer_state
started running yypop_buffer_state
finished yypop_buffer_state
removing targets
analyzing gcc-5__Ou__enscript__states/yyensure_buffer_stack
started running yyensure_buffer_stack
finished yyensure_buffer_stack
removing targets
analyzing gcc-5__Ou__enscript__states/yy_scan_buffer
started running yy_scan_buffer
finished yy_scan_buffer
removing targets
analyzing gcc-5__Ou__enscript__states/yy_scan_string
started running yy_scan_string
finished yy_scan_string
analyzing gcc-5__Ou__enscript__states/yy_scan_bytes
started running yy_scan_bytes
finished yy_scan_bytes
analyzing gcc-5__Ou__enscript__states/yy_fatal_error
started running yy_fatal_error
finished yy_fatal_error
analyzing gcc-5__Ou__enscript__states/yyget_lineno
started running yyget_lineno
finished yyget_lineno
analyzing gcc-5__Ou__enscript__states/yyget_in
started running yyget_in
finished yyget_in
analyzing gcc-5__Ou__enscript__states/yyget_out
started running yyget_out
finished yyget_out
analyzing gcc-5__Ou__enscript__states/yyget_leng
started running yyget_leng
finished yyget_leng
analyzing gcc-5__Ou__enscript__states/yyget_text
started running yyget_text
finished yyget_text
analyzing gcc-5__Ou__enscript__states/yyset_lineno
started running yyset_lineno
finished yyset_lineno
analyzing gcc-5__Ou__enscript__states/yyset_in
started running yyset_in
finished yyset_in
analyzing gcc-5__Ou__enscript__states/yyset_out
started running yyset_out
finished yyset_out
analyzing gcc-5__Ou__enscript__states/yyget_debug
started running yyget_debug
finished yyget_debug
analyzing gcc-5__Ou__enscript__states/yyset_debug
started running yyset_debug
finished yyset_debug
analyzing gcc-5__Ou__enscript__states/yy_init_globals
started running yy_init_globals
finished yy_init_globals
analyzing gcc-5__Ou__enscript__states/yylex_destroy
started running yylex_destroy
finished yylex_destroy
removing targets
analyzing gcc-5__Ou__enscript__states/yyalloc
started running yyalloc
finished yyalloc
analyzing gcc-5__Ou__enscript__states/yyrealloc
started running yyrealloc
finished yyrealloc
analyzing gcc-5__Ou__enscript__states/yyfree
started running yyfree
finished yyfree
analyzing gcc-5__Ou__enscript__states/eat_comment
started running eat_comment
finished eat_comment
removing targets
analyzing gcc-5__Ou__enscript__states/yywrap
started running yywrap
finished yywrap
analyzing gcc-5__Ou__enscript__states/read_string
started running read_string
finished read_string
removing targets
analyzing gcc-5__Ou__enscript__states/read_regexp
started running read_regexp
finished read_regexp
removing targets
analyzing gcc-5__Ou__enscript__states/strhash_init
started running strhash_init
finished strhash_init
analyzing gcc-5__Ou__enscript__states/strhash_free
started running strhash_free
finished strhash_free
removing targets
analyzing gcc-5__Ou__enscript__states/strhash_put
started running strhash_put
finished strhash_put
removing targets
analyzing gcc-5__Ou__enscript__states/strhash_get
started running strhash_get
finished strhash_get
removing targets
analyzing gcc-5__Ou__enscript__states/strhash_delete
started running strhash_delete
finished strhash_delete
removing targets
analyzing gcc-5__Ou__enscript__states/strhash_get_first
started running strhash_get_first
finished strhash_get_first
removing targets
analyzing gcc-5__Ou__enscript__states/strhash_get_next
started running strhash_get_next
finished strhash_get_next
removing targets
analyzing gcc-5__Ou__enscript__states/count_hash
started running count_hash
finished count_hash
removing targets
analyzing gcc-5__Ou__enscript__states/xmalloc
started running xmalloc
finished xmalloc
analyzing gcc-5__Ou__enscript__states/xcalloc
started running xcalloc
finished xcalloc
analyzing gcc-5__Ou__enscript__states/xrealloc
started running xrealloc
finished xrealloc
removing targets
analyzing gcc-5__Ou__enscript__states/xfree
started running xfree
finished xfree
removing targets
analyzing gcc-5__Ou__enscript__states/xstrdup
started running xstrdup
finished xstrdup
analyzing gcc-5__Ou__enscript__states/init_syntax_once
started running init_syntax_once
finished init_syntax_once
removing targets
analyzing gcc-5__Ou__enscript__states/re_set_syntax
started running re_set_syntax
finished re_set_syntax
analyzing gcc-5__Ou__enscript__states/re_set_character_syntax
started running re_set_character_syntax
finished re_set_character_syntax
analyzing gcc-5__Ou__enscript__states/regex_compile
started running regex_compile
analyzing gcc-5__Ou__enscript__states/store_op1
started running store_op1
analyzing gcc-5__Ou__enscript__states/store_op2
started running store_op2
analyzing gcc-5__Ou__enscript__states/insert_op1
started running insert_op1
finished insert_op1
removing targets
analyzing gcc-5__Ou__enscript__states/insert_op2
started running insert_op2
finished insert_op2
removing targets
analyzing gcc-5__Ou__enscript__states/at_begline_loc_p
started running at_begline_loc_p
finished at_begline_loc_p
analyzing gcc-5__Ou__enscript__states/at_endline_loc_p
started running at_endline_loc_p
analyzing gcc-5__Ou__enscript__states/group_in_compile_stack
started running group_in_compile_stack
finished group_in_compile_stack
removing targets
analyzing gcc-5__Ou__enscript__states/compile_range
started running compile_range
analyzing gcc-5__Ou__enscript__states/re_compile_fastmap
started running re_compile_fastmap
analyzing gcc-5__Ou__enscript__states/re_set_registers
started running re_set_registers
finished re_set_registers
analyzing gcc-5__Ou__enscript__states/re_search
started running re_search
finished re_search
analyzing gcc-5__Ou__enscript__states/re_search_2
started running re_search_2
analyzing gcc-5__Ou__enscript__states/re_match
started running re_match
finished re_match
analyzing gcc-5__Ou__enscript__states/re_match_2
started running re_match_2
finished re_match_2
analyzing gcc-5__Ou__enscript__states/re_match_2_internal
started running re_match_2_internal
analyzing gcc-5__Ou__enscript__states/group_match_null_string_p
started running group_match_null_string_p
analyzing gcc-5__Ou__enscript__states/alt_match_null_string_p
started running alt_match_null_string_p
finished alt_match_null_string_p
removing targets
analyzing gcc-5__Ou__enscript__states/common_op_match_null_string_p
started running common_op_match_null_string_p
analyzing gcc-5__Ou__enscript__states/bcmp_translate
started running bcmp_translate
finished bcmp_translate
removing targets
analyzing gcc-5__Ou__enscript__states/re_compile_pattern
started running re_compile_pattern
analyzing gcc-5__Ou__enscript__states/regcomp
started running regcomp
finished regcomp
analyzing gcc-5__Ou__enscript__states/regexec
started running regexec
analyzing gcc-5__Ou__enscript__states/regerror
started running regerror
finished regerror
removing targets
analyzing gcc-5__Ou__enscript__states/regfree
started running regfree
analyzing gcc-5__Ou__enscript__states/stat
started running stat
finished stat
removing targets
