gcc-5__Ou__freeipmi__bmc-device have 294 funcs
analyzing gcc-5__Ou__freeipmi__bmc-device/deregister_tm_clones
started running deregister_tm_clones
finished deregister_tm_clones
removing targets
analyzing gcc-5__Ou__freeipmi__bmc-device/register_tm_clones
started running register_tm_clones
finished register_tm_clones
removing targets
analyzing gcc-5__Ou__freeipmi__bmc-device/frame_dummy
started running frame_dummy
finished frame_dummy
removing targets
analyzing gcc-5__Ou__freeipmi__bmc-device/cold_reset
started running cold_reset
finished cold_reset
analyzing gcc-5__Ou__freeipmi__bmc-device/warm_reset
started running warm_reset
finished warm_reset
analyzing gcc-5__Ou__freeipmi__bmc-device/get_self_test_results
started running get_self_test_results
finished get_self_test_results
analyzing gcc-5__Ou__freeipmi__bmc-device/get_acpi_power_state
started running get_acpi_power_state
finished get_acpi_power_state
analyzing gcc-5__Ou__freeipmi__bmc-device/set_acpi_power_state
started running set_acpi_power_state
finished set_acpi_power_state
analyzing gcc-5__Ou__freeipmi__bmc-device/get_lan_statistics
started running get_lan_statistics
finished get_lan_statistics
analyzing gcc-5__Ou__freeipmi__bmc-device/clear_lan_statistics
started running clear_lan_statistics
finished clear_lan_statistics
analyzing gcc-5__Ou__freeipmi__bmc-device/parse_check_hex
started running parse_check_hex
finished parse_check_hex
removing targets
analyzing gcc-5__Ou__freeipmi__bmc-device/parse_uint16
started running parse_uint16
finished parse_uint16
analyzing gcc-5__Ou__freeipmi__bmc-device/parse_hex_uint16
started running parse_hex_uint16
finished parse_hex_uint16
analyzing gcc-5__Ou__freeipmi__bmc-device/parse_int16
started running parse_int16
finished parse_int16
analyzing gcc-5__Ou__freeipmi__bmc-device/rearm_sensor
started running rearm_sensor
finished rearm_sensor
analyzing gcc-5__Ou__freeipmi__bmc-device/get_sdr_repository_time
started running get_sdr_repository_time
finished get_sdr_repository_time
analyzing gcc-5__Ou__freeipmi__bmc-device/set_sdr_repository_time
started running set_sdr_repository_time
finished set_sdr_repository_time
analyzing gcc-5__Ou__freeipmi__bmc-device/get_sel_time
started running get_sel_time
finished get_sel_time
analyzing gcc-5__Ou__freeipmi__bmc-device/set_sel_time
started running set_sel_time
finished set_sel_time
analyzing gcc-5__Ou__freeipmi__bmc-device/get_sel_time_utc_offset
started running get_sel_time_utc_offset
finished get_sel_time_utc_offset
analyzing gcc-5__Ou__freeipmi__bmc-device/set_sel_time_utc_offset
started running set_sel_time_utc_offset
finished set_sel_time_utc_offset
analyzing gcc-5__Ou__freeipmi__bmc-device/parse_hex_byte
started running parse_hex_byte
finished parse_hex_byte
analyzing gcc-5__Ou__freeipmi__bmc-device/platform_event
started running platform_event
finished platform_event
analyzing gcc-5__Ou__freeipmi__bmc-device/set_sensor_reading_and_event_status
started running set_sensor_reading_and_event_status
finished set_sensor_reading_and_event_status
analyzing gcc-5__Ou__freeipmi__bmc-device/get_mca_auxiliary_log_status
started running get_mca_auxiliary_log_status
finished get_mca_auxiliary_log_status
analyzing gcc-5__Ou__freeipmi__bmc-device/get_ssif_interface_capabilities
started running get_ssif_interface_capabilities
finished get_ssif_interface_capabilities
analyzing gcc-5__Ou__freeipmi__bmc-device/get_kcs_interface_capabilities
started running get_kcs_interface_capabilities
finished get_kcs_interface_capabilities
analyzing gcc-5__Ou__freeipmi__bmc-device/get_bt_interface_capabilities
started running get_bt_interface_capabilities
finished get_bt_interface_capabilities
analyzing gcc-5__Ou__freeipmi__bmc-device/get_bmc_global_enables
started running get_bmc_global_enables
finished get_bmc_global_enables
analyzing gcc-5__Ou__freeipmi__bmc-device/set_system_info_common
started running set_system_info_common
finished set_system_info_common
analyzing gcc-5__Ou__freeipmi__bmc-device/set_system_firmware_version
started running set_system_firmware_version
finished set_system_firmware_version
analyzing gcc-5__Ou__freeipmi__bmc-device/set_system_name
started running set_system_name
finished set_system_name
analyzing gcc-5__Ou__freeipmi__bmc-device/set_primary_operating_system_name
started running set_primary_operating_system_name
finished set_primary_operating_system_name
analyzing gcc-5__Ou__freeipmi__bmc-device/set_operating_system_name
started running set_operating_system_name
finished set_operating_system_name
analyzing gcc-5__Ou__freeipmi__bmc-device/set_present_os_version_number
started running set_present_os_version_number
finished set_present_os_version_number
analyzing gcc-5__Ou__freeipmi__bmc-device/set_bmc_url
started running set_bmc_url
finished set_bmc_url
analyzing gcc-5__Ou__freeipmi__bmc-device/set_base_os_hypervisor_url
started running set_base_os_hypervisor_url
finished set_base_os_hypervisor_url
analyzing gcc-5__Ou__freeipmi__bmc-device/read_fru
started running read_fru
finished read_fru
analyzing gcc-5__Ou__freeipmi__bmc-device/write_fru
started running write_fru
finished write_fru
analyzing gcc-5__Ou__freeipmi__bmc-device/run_cmd_args
started running run_cmd_args
finished run_cmd_args
removing targets
analyzing gcc-5__Ou__freeipmi__bmc-device/cmdline_parse
started running cmdline_parse
finished cmdline_parse
removing targets
analyzing gcc-5__Ou__freeipmi__bmc-device/bmc_device_argp_parse
started running bmc_device_argp_parse
finished bmc_device_argp_parse
analyzing gcc-5__Ou__freeipmi__bmc-device/pstdout_init
started running pstdout_init
finished pstdout_init
removing targets
analyzing gcc-5__Ou__freeipmi__bmc-device/pstdout_strerror
started running pstdout_strerror
finished pstdout_strerror
removing targets
analyzing gcc-5__Ou__freeipmi__bmc-device/pstdout_set_debug_flags
started running pstdout_set_debug_flags
finished pstdout_set_debug_flags
removing targets
analyzing gcc-5__Ou__freeipmi__bmc-device/pstdout_get_debug_flags
started running pstdout_get_debug_flags
finished pstdout_get_debug_flags
analyzing gcc-5__Ou__freeipmi__bmc-device/pstdout_set_output_flags
started running pstdout_set_output_flags
finished pstdout_set_output_flags
removing targets
analyzing gcc-5__Ou__freeipmi__bmc-device/pstdout_get_output_flags
started running pstdout_get_output_flags
finished pstdout_get_output_flags
analyzing gcc-5__Ou__freeipmi__bmc-device/pstdout_set_fanout
started running pstdout_set_fanout
finished pstdout_set_fanout
removing targets
analyzing gcc-5__Ou__freeipmi__bmc-device/pstdout_get_fanout
started running pstdout_get_fanout
finished pstdout_get_fanout
analyzing gcc-5__Ou__freeipmi__bmc-device/pstdout_hostnames_count
started running pstdout_hostnames_count
finished pstdout_hostnames_count
removing targets
analyzing gcc-5__Ou__freeipmi__bmc-device/pstdout_printf
started running pstdout_printf
finished pstdout_printf
removing targets
analyzing gcc-5__Ou__freeipmi__bmc-device/pstdout_vprintf
started running pstdout_vprintf
finished pstdout_vprintf
removing targets
analyzing gcc-5__Ou__freeipmi__bmc-device/pstdout_fprintf
started running pstdout_fprintf
finished pstdout_fprintf
removing targets
analyzing gcc-5__Ou__freeipmi__bmc-device/pstdout_vfprintf
started running pstdout_vfprintf
finished pstdout_vfprintf
removing targets
analyzing gcc-5__Ou__freeipmi__bmc-device/pstdout_perror
started running pstdout_perror
finished pstdout_perror
removing targets
analyzing gcc-5__Ou__freeipmi__bmc-device/pstdout_launch
started running pstdout_launch
finished pstdout_launch
removing targets
analyzing gcc-5__Ou__freeipmi__bmc-device/PSTDOUT_PRINTF
started running PSTDOUT_PRINTF
finished PSTDOUT_PRINTF
removing targets
analyzing gcc-5__Ou__freeipmi__bmc-device/PSTDOUT_FPRINTF
started running PSTDOUT_FPRINTF
finished PSTDOUT_FPRINTF
removing targets
analyzing gcc-5__Ou__freeipmi__bmc-device/PSTDOUT_PERROR
started running PSTDOUT_PERROR
finished PSTDOUT_PERROR
removing targets
analyzing gcc-5__Ou__freeipmi__bmc-device/ipmi_open
started running ipmi_open
analyzing gcc-5__Ou__freeipmi__bmc-device/config_file_parse
started running config_file_parse
finished config_file_parse
analyzing gcc-5__Ou__freeipmi__bmc-device/cmdline_config_file_parse
started running cmdline_config_file_parse
analyzing gcc-5__Ou__freeipmi__bmc-device/common_parse_opt
started running common_parse_opt
finished common_parse_opt
removing targets
analyzing gcc-5__Ou__freeipmi__bmc-device/init_common_cmd_args_user
started running init_common_cmd_args_user
analyzing gcc-5__Ou__freeipmi__bmc-device/init_common_cmd_args_operator
started running init_common_cmd_args_operator
analyzing gcc-5__Ou__freeipmi__bmc-device/init_common_cmd_args_admin
started running init_common_cmd_args_admin
finished init_common_cmd_args_admin
analyzing gcc-5__Ou__freeipmi__bmc-device/verify_common_cmd_args_inband
started running verify_common_cmd_args_inband
finished verify_common_cmd_args_inband
removing targets
analyzing gcc-5__Ou__freeipmi__bmc-device/verify_common_cmd_args_outofband
started running verify_common_cmd_args_outofband
analyzing gcc-5__Ou__freeipmi__bmc-device/verify_common_cmd_args
started running verify_common_cmd_args
analyzing gcc-5__Ou__freeipmi__bmc-device/eliminate_nodes
started running eliminate_nodes
analyzing gcc-5__Ou__freeipmi__bmc-device/pstdout_setup
started running pstdout_setup
finished pstdout_setup
analyzing gcc-5__Ou__freeipmi__bmc-device/sdr_cache_create_and_load
started running sdr_cache_create_and_load
finished sdr_cache_create_and_load
analyzing gcc-5__Ou__freeipmi__bmc-device/sdr_cache_flush_cache
started running sdr_cache_flush_cache
finished sdr_cache_flush_cache
analyzing gcc-5__Ou__freeipmi__bmc-device/ipmi_sdr_cache_search_sensor_wrapper
started running ipmi_sdr_cache_search_sensor_wrapper
finished ipmi_sdr_cache_search_sensor_wrapper
analyzing gcc-5__Ou__freeipmi__bmc-device/ipmi_is_root
started running ipmi_is_root
finished ipmi_is_root
analyzing gcc-5__Ou__freeipmi__bmc-device/ipmi_disable_coredump
started running ipmi_disable_coredump
finished ipmi_disable_coredump
analyzing gcc-5__Ou__freeipmi__bmc-device/check_kg_len
started running check_kg_len
analyzing gcc-5__Ou__freeipmi__bmc-device/format_kg
started running format_kg
analyzing gcc-5__Ou__freeipmi__bmc-device/get_timestamp_flags
started running get_timestamp_flags
finished get_timestamp_flags
removing targets
analyzing gcc-5__Ou__freeipmi__bmc-device/cbuf_create
started running cbuf_create
finished cbuf_create
removing targets
analyzing gcc-5__Ou__freeipmi__bmc-device/cbuf_destroy
started running cbuf_destroy
finished cbuf_destroy
analyzing gcc-5__Ou__freeipmi__bmc-device/cbuf_flush
started running cbuf_flush
finished cbuf_flush
analyzing gcc-5__Ou__freeipmi__bmc-device/cbuf_size
started running cbuf_size
finished cbuf_size
analyzing gcc-5__Ou__freeipmi__bmc-device/cbuf_free
started running cbuf_free
finished cbuf_free
analyzing gcc-5__Ou__freeipmi__bmc-device/cbuf_used
started running cbuf_used
finished cbuf_used
analyzing gcc-5__Ou__freeipmi__bmc-device/cbuf_lines_used
started running cbuf_lines_used
finished cbuf_lines_used
analyzing gcc-5__Ou__freeipmi__bmc-device/cbuf_reused
started running cbuf_reused
finished cbuf_reused
analyzing gcc-5__Ou__freeipmi__bmc-device/cbuf_lines_reused
started running cbuf_lines_reused
finished cbuf_lines_reused
analyzing gcc-5__Ou__freeipmi__bmc-device/cbuf_is_empty
started running cbuf_is_empty
finished cbuf_is_empty
analyzing gcc-5__Ou__freeipmi__bmc-device/cbuf_opt_get
started running cbuf_opt_get
finished cbuf_opt_get
removing targets
analyzing gcc-5__Ou__freeipmi__bmc-device/cbuf_opt_set
started running cbuf_opt_set
finished cbuf_opt_set
removing targets
analyzing gcc-5__Ou__freeipmi__bmc-device/cbuf_drop
started running cbuf_drop
finished cbuf_drop
removing targets
analyzing gcc-5__Ou__freeipmi__bmc-device/cbuf_peek
started running cbuf_peek
finished cbuf_peek
removing targets
analyzing gcc-5__Ou__freeipmi__bmc-device/cbuf_read
started running cbuf_read
finished cbuf_read
removing targets
analyzing gcc-5__Ou__freeipmi__bmc-device/cbuf_replay
started running cbuf_replay
finished cbuf_replay
removing targets
analyzing gcc-5__Ou__freeipmi__bmc-device/cbuf_rewind
started running cbuf_rewind
finished cbuf_rewind
removing targets
analyzing gcc-5__Ou__freeipmi__bmc-device/cbuf_write
started running cbuf_write
finished cbuf_write
removing targets
analyzing gcc-5__Ou__freeipmi__bmc-device/cbuf_drop_line
started running cbuf_drop_line
finished cbuf_drop_line
removing targets
analyzing gcc-5__Ou__freeipmi__bmc-device/cbuf_peek_line
started running cbuf_peek_line
finished cbuf_peek_line
removing targets
analyzing gcc-5__Ou__freeipmi__bmc-device/cbuf_read_line
started running cbuf_read_line
finished cbuf_read_line
removing targets
analyzing gcc-5__Ou__freeipmi__bmc-device/cbuf_replay_line
started running cbuf_replay_line
finished cbuf_replay_line
removing targets
analyzing gcc-5__Ou__freeipmi__bmc-device/cbuf_rewind_line
started running cbuf_rewind_line
finished cbuf_rewind_line
removing targets
analyzing gcc-5__Ou__freeipmi__bmc-device/cbuf_write_line
started running cbuf_write_line
analyzing gcc-5__Ou__freeipmi__bmc-device/cbuf_peek_to_fd
started running cbuf_peek_to_fd
finished cbuf_peek_to_fd
removing targets
analyzing gcc-5__Ou__freeipmi__bmc-device/cbuf_read_to_fd
started running cbuf_read_to_fd
finished cbuf_read_to_fd
removing targets
analyzing gcc-5__Ou__freeipmi__bmc-device/cbuf_replay_to_fd
started running cbuf_replay_to_fd
finished cbuf_replay_to_fd
removing targets
analyzing gcc-5__Ou__freeipmi__bmc-device/cbuf_write_from_fd
started running cbuf_write_from_fd
analyzing gcc-5__Ou__freeipmi__bmc-device/cbuf_copy
started running cbuf_copy
analyzing gcc-5__Ou__freeipmi__bmc-device/cbuf_move
started running cbuf_move
finished cbuf_move
removing targets
analyzing gcc-5__Ou__freeipmi__bmc-device/cbuf_find_replay_line
started running cbuf_find_replay_line
stopped exploration
finished cbuf_find_replay_line
removing targets
analyzing gcc-5__Ou__freeipmi__bmc-device/cbuf_find_unread_line
started running cbuf_find_unread_line
finished cbuf_find_unread_line
removing targets
analyzing gcc-5__Ou__freeipmi__bmc-device/cbuf_get_fd
started running cbuf_get_fd
analyzing gcc-5__Ou__freeipmi__bmc-device/cbuf_get_mem
started running cbuf_get_mem
analyzing gcc-5__Ou__freeipmi__bmc-device/cbuf_put_fd
started running cbuf_put_fd
analyzing gcc-5__Ou__freeipmi__bmc-device/cbuf_put_mem
started running cbuf_put_mem
analyzing gcc-5__Ou__freeipmi__bmc-device/cbuf_copier
started running cbuf_copier
analyzing gcc-5__Ou__freeipmi__bmc-device/cbuf_dropper
started running cbuf_dropper
analyzing gcc-5__Ou__freeipmi__bmc-device/cbuf_reader
started running cbuf_reader
analyzing gcc-5__Ou__freeipmi__bmc-device/cbuf_replayer
started running cbuf_replayer
analyzing gcc-5__Ou__freeipmi__bmc-device/cbuf_writer
started running cbuf_writer
finished cbuf_writer
removing targets
analyzing gcc-5__Ou__freeipmi__bmc-device/cbuf_grow
started running cbuf_grow
analyzing gcc-5__Ou__freeipmi__bmc-device/cbuf_shrink
started running cbuf_shrink
analyzing gcc-5__Ou__freeipmi__bmc-device/conffile_handle_create
started running conffile_handle_create
finished conffile_handle_create
analyzing gcc-5__Ou__freeipmi__bmc-device/conffile_handle_destroy
started running conffile_handle_destroy
finished conffile_handle_destroy
removing targets
analyzing gcc-5__Ou__freeipmi__bmc-device/conffile_errnum
started running conffile_errnum
finished conffile_errnum
removing targets
analyzing gcc-5__Ou__freeipmi__bmc-device/conffile_errmsg
started running conffile_errmsg
finished conffile_errmsg
removing targets
analyzing gcc-5__Ou__freeipmi__bmc-device/conffile_seterrnum
started running conffile_seterrnum
finished conffile_seterrnum
removing targets
analyzing gcc-5__Ou__freeipmi__bmc-device/conffile_line_number
started running conffile_line_number
finished conffile_line_number
removing targets
analyzing gcc-5__Ou__freeipmi__bmc-device/conffile_parse
started running conffile_parse
finished conffile_parse
removing targets
analyzing gcc-5__Ou__freeipmi__bmc-device/conffile_empty
started running conffile_empty
finished conffile_empty
analyzing gcc-5__Ou__freeipmi__bmc-device/conffile_bool
started running conffile_bool
finished conffile_bool
removing targets
analyzing gcc-5__Ou__freeipmi__bmc-device/conffile_int
started running conffile_int
finished conffile_int
removing targets
analyzing gcc-5__Ou__freeipmi__bmc-device/conffile_double
started running conffile_double
finished conffile_double
removing targets
analyzing gcc-5__Ou__freeipmi__bmc-device/conffile_string
started running conffile_string
finished conffile_string
removing targets
analyzing gcc-5__Ou__freeipmi__bmc-device/fd_read_n
started running fd_read_n
finished fd_read_n
removing targets
analyzing gcc-5__Ou__freeipmi__bmc-device/fd_write_n
started running fd_write_n
finished fd_write_n
removing targets
analyzing gcc-5__Ou__freeipmi__bmc-device/fd_read_line
started running fd_read_line
finished fd_read_line
removing targets
analyzing gcc-5__Ou__freeipmi__bmc-device/fd_get_read_lock
started running fd_get_read_lock
finished fd_get_read_lock
analyzing gcc-5__Ou__freeipmi__bmc-device/fd_get_readw_lock
started running fd_get_readw_lock
finished fd_get_readw_lock
analyzing gcc-5__Ou__freeipmi__bmc-device/fd_get_write_lock
started running fd_get_write_lock
finished fd_get_write_lock
analyzing gcc-5__Ou__freeipmi__bmc-device/fd_get_writew_lock
started running fd_get_writew_lock
finished fd_get_writew_lock
analyzing gcc-5__Ou__freeipmi__bmc-device/fd_release_lock
started running fd_release_lock
finished fd_release_lock
analyzing gcc-5__Ou__freeipmi__bmc-device/fd_is_read_lock_blocked
started running fd_is_read_lock_blocked
finished fd_is_read_lock_blocked
analyzing gcc-5__Ou__freeipmi__bmc-device/fd_is_write_lock_blocked
started running fd_is_write_lock_blocked
finished fd_is_write_lock_blocked
analyzing gcc-5__Ou__freeipmi__bmc-device/fd_set_close_on_exec
started running fd_set_close_on_exec
finished fd_set_close_on_exec
analyzing gcc-5__Ou__freeipmi__bmc-device/fd_set_nonblocking
started running fd_set_nonblocking
finished fd_set_nonblocking
analyzing gcc-5__Ou__freeipmi__bmc-device/fi_hostlist_create
started running fi_hostlist_create
finished fi_hostlist_create
analyzing gcc-5__Ou__freeipmi__bmc-device/fi_hostlist_copy
started running fi_hostlist_copy
finished fi_hostlist_copy
analyzing gcc-5__Ou__freeipmi__bmc-device/fi_hostlist_destroy
started running fi_hostlist_destroy
finished fi_hostlist_destroy
removing targets
analyzing gcc-5__Ou__freeipmi__bmc-device/fi_hostlist_push
started running fi_hostlist_push
finished fi_hostlist_push
analyzing gcc-5__Ou__freeipmi__bmc-device/fi_hostlist_push_host
started running fi_hostlist_push_host
finished fi_hostlist_push_host
analyzing gcc-5__Ou__freeipmi__bmc-device/fi_hostlist_push_list
started running fi_hostlist_push_list
finished fi_hostlist_push_list
analyzing gcc-5__Ou__freeipmi__bmc-device/fi_hostlist_find
started running fi_hostlist_find
finished fi_hostlist_find
analyzing gcc-5__Ou__freeipmi__bmc-device/fi_hostlist_delete
started running fi_hostlist_delete
finished fi_hostlist_delete
analyzing gcc-5__Ou__freeipmi__bmc-device/fi_hostlist_delete_host
started running fi_hostlist_delete_host
finished fi_hostlist_delete_host
analyzing gcc-5__Ou__freeipmi__bmc-device/fi_hostlist_count
started running fi_hostlist_count
finished fi_hostlist_count
analyzing gcc-5__Ou__freeipmi__bmc-device/fi_hostlist_sort
started running fi_hostlist_sort
finished fi_hostlist_sort
analyzing gcc-5__Ou__freeipmi__bmc-device/fi_hostlist_uniq
started running fi_hostlist_uniq
finished fi_hostlist_uniq
analyzing gcc-5__Ou__freeipmi__bmc-device/fi_hostlist_ranged_string
started running fi_hostlist_ranged_string
finished fi_hostlist_ranged_string
analyzing gcc-5__Ou__freeipmi__bmc-device/fi_hostlist_deranged_string
started running fi_hostlist_deranged_string
finished fi_hostlist_deranged_string
analyzing gcc-5__Ou__freeipmi__bmc-device/fi_hostlist_iterator_create
started running fi_hostlist_iterator_create
finished fi_hostlist_iterator_create
analyzing gcc-5__Ou__freeipmi__bmc-device/fi_hostlist_iterator_destroy
started running fi_hostlist_iterator_destroy
finished fi_hostlist_iterator_destroy
removing targets
analyzing gcc-5__Ou__freeipmi__bmc-device/fi_hostlist_iterator_reset
started running fi_hostlist_iterator_reset
finished fi_hostlist_iterator_reset
analyzing gcc-5__Ou__freeipmi__bmc-device/fi_hostlist_next
started running fi_hostlist_next
finished fi_hostlist_next
analyzing gcc-5__Ou__freeipmi__bmc-device/fi_hostlist_remove
started running fi_hostlist_remove
finished fi_hostlist_remove
analyzing gcc-5__Ou__freeipmi__bmc-device/host_prefix_end
started running host_prefix_end
finished host_prefix_end
analyzing gcc-5__Ou__freeipmi__bmc-device/hostname_create_with_suffix
started running hostname_create_with_suffix
finished hostname_create_with_suffix
analyzing gcc-5__Ou__freeipmi__bmc-device/hostname_create
started running hostname_create
finished hostname_create
analyzing gcc-5__Ou__freeipmi__bmc-device/hostname_destroy
started running hostname_destroy
finished hostname_destroy
removing targets
analyzing gcc-5__Ou__freeipmi__bmc-device/hostname_suffix_is_valid
started running hostname_suffix_is_valid
finished hostname_suffix_is_valid
analyzing gcc-5__Ou__freeipmi__bmc-device/hostname_suffix_width
started running hostname_suffix_width
finished hostname_suffix_width
analyzing gcc-5__Ou__freeipmi__bmc-device/hostrange_new
started running hostrange_new
finished hostrange_new
analyzing gcc-5__Ou__freeipmi__bmc-device/hostrange_create_single
started running hostrange_create_single
finished hostrange_create_single
analyzing gcc-5__Ou__freeipmi__bmc-device/hostrange_create
started running hostrange_create
finished hostrange_create
analyzing gcc-5__Ou__freeipmi__bmc-device/hostrange_count
started running hostrange_count
finished hostrange_count
removing targets
analyzing gcc-5__Ou__freeipmi__bmc-device/hostrange_copy
started running hostrange_copy
finished hostrange_copy
removing targets
analyzing gcc-5__Ou__freeipmi__bmc-device/hostrange_destroy
started running hostrange_destroy
finished hostrange_destroy
removing targets
analyzing gcc-5__Ou__freeipmi__bmc-device/hostrange_delete_host
started running hostrange_delete_host
finished hostrange_delete_host
removing targets
analyzing gcc-5__Ou__freeipmi__bmc-device/hostrange_cmp
started running hostrange_cmp
finished hostrange_cmp
analyzing gcc-5__Ou__freeipmi__bmc-device/hostrange_prefix_cmp
started running hostrange_prefix_cmp
finished hostrange_prefix_cmp
removing targets
analyzing gcc-5__Ou__freeipmi__bmc-device/hostrange_within_range
started running hostrange_within_range
finished hostrange_within_range
analyzing gcc-5__Ou__freeipmi__bmc-device/hostrange_width_combine
started running hostrange_width_combine
finished hostrange_width_combine
analyzing gcc-5__Ou__freeipmi__bmc-device/hostrange_empty
started running hostrange_empty
finished hostrange_empty
removing targets
analyzing gcc-5__Ou__freeipmi__bmc-device/hostrange_pop
started running hostrange_pop
finished hostrange_pop
removing targets
analyzing gcc-5__Ou__freeipmi__bmc-device/hostrange_shift
started running hostrange_shift
finished hostrange_shift
removing targets
analyzing gcc-5__Ou__freeipmi__bmc-device/hostrange_join
started running hostrange_join
finished hostrange_join
analyzing gcc-5__Ou__freeipmi__bmc-device/hostrange_intersect
started running hostrange_intersect
analyzing gcc-5__Ou__freeipmi__bmc-device/hostrange_hn_within
started running hostrange_hn_within
analyzing gcc-5__Ou__freeipmi__bmc-device/hostrange_to_string
started running hostrange_to_string
finished hostrange_to_string
removing targets
analyzing gcc-5__Ou__freeipmi__bmc-device/hostrange_numstr
started running hostrange_numstr
analyzing gcc-5__Ou__freeipmi__bmc-device/hostlist_new
started running hostlist_new
finished hostlist_new
analyzing gcc-5__Ou__freeipmi__bmc-device/hostlist_resize
started running hostlist_resize
analyzing gcc-5__Ou__freeipmi__bmc-device/hostlist_expand
started running hostlist_expand
finished hostlist_expand
analyzing gcc-5__Ou__freeipmi__bmc-device/hostlist_push_range
started running hostlist_push_range
analyzing gcc-5__Ou__freeipmi__bmc-device/hostlist_push_hr
started running hostlist_push_hr
finished hostlist_push_hr
analyzing gcc-5__Ou__freeipmi__bmc-device/hostlist_insert_range
started running hostlist_insert_range
analyzing gcc-5__Ou__freeipmi__bmc-device/hostlist_delete_range
started running hostlist_delete_range
analyzing gcc-5__Ou__freeipmi__bmc-device/hostlist_create
started running hostlist_create
finished hostlist_create
analyzing gcc-5__Ou__freeipmi__bmc-device/hostlist_copy
started running hostlist_copy
analyzing gcc-5__Ou__freeipmi__bmc-device/hostlist_destroy
started running hostlist_destroy
finished hostlist_destroy
removing targets
analyzing gcc-5__Ou__freeipmi__bmc-device/hostlist_push
started running hostlist_push
finished hostlist_push
removing targets
analyzing gcc-5__Ou__freeipmi__bmc-device/hostlist_push_host
started running hostlist_push_host
finished hostlist_push_host
removing targets
analyzing gcc-5__Ou__freeipmi__bmc-device/hostlist_push_list
started running hostlist_push_list
finished hostlist_push_list
removing targets
analyzing gcc-5__Ou__freeipmi__bmc-device/hostlist_pop
started running hostlist_pop
analyzing gcc-5__Ou__freeipmi__bmc-device/hostlist_shift_iterators
started running hostlist_shift_iterators
analyzing gcc-5__Ou__freeipmi__bmc-device/hostlist_shift
started running hostlist_shift
analyzing gcc-5__Ou__freeipmi__bmc-device/hostlist_pop_range
started running hostlist_pop_range
analyzing gcc-5__Ou__freeipmi__bmc-device/hostlist_shift_range
started running hostlist_shift_range
finished hostlist_shift_range
analyzing gcc-5__Ou__freeipmi__bmc-device/hostlist_delete
started running hostlist_delete
analyzing gcc-5__Ou__freeipmi__bmc-device/hostlist_delete_host
started running hostlist_delete_host
finished hostlist_delete_host
analyzing gcc-5__Ou__freeipmi__bmc-device/hostlist_nth
started running hostlist_nth
analyzing gcc-5__Ou__freeipmi__bmc-device/hostlist_delete_nth
started running hostlist_delete_nth
analyzing gcc-5__Ou__freeipmi__bmc-device/hostlist_count
started running hostlist_count
analyzing gcc-5__Ou__freeipmi__bmc-device/hostlist_find
started running hostlist_find
finished hostlist_find
removing targets
analyzing gcc-5__Ou__freeipmi__bmc-device/hostlist_sort
started running hostlist_sort
analyzing gcc-5__Ou__freeipmi__bmc-device/hostlist_collapse
started running hostlist_collapse
analyzing gcc-5__Ou__freeipmi__bmc-device/hostlist_coalesce
started running hostlist_coalesce
analyzing gcc-5__Ou__freeipmi__bmc-device/hostlist_uniq
started running hostlist_uniq
analyzing gcc-5__Ou__freeipmi__bmc-device/hostlist_deranged_string
started running hostlist_deranged_string
analyzing gcc-5__Ou__freeipmi__bmc-device/hostlist_ranged_string
started running hostlist_ranged_string
analyzing gcc-5__Ou__freeipmi__bmc-device/hostlist_iterator_new
started running hostlist_iterator_new
finished hostlist_iterator_new
analyzing gcc-5__Ou__freeipmi__bmc-device/hostlist_iterator_create
started running hostlist_iterator_create
analyzing gcc-5__Ou__freeipmi__bmc-device/hostset_iterator_create
started running hostset_iterator_create
analyzing gcc-5__Ou__freeipmi__bmc-device/hostlist_iterator_reset
started running hostlist_iterator_reset
finished hostlist_iterator_reset
analyzing gcc-5__Ou__freeipmi__bmc-device/hostlist_iterator_destroy
started running hostlist_iterator_destroy
finished hostlist_iterator_destroy
removing targets
analyzing gcc-5__Ou__freeipmi__bmc-device/hostlist_next
started running hostlist_next
finished hostlist_next
analyzing gcc-5__Ou__freeipmi__bmc-device/hostlist_next_range
started running hostlist_next_range
finished hostlist_next_range
analyzing gcc-5__Ou__freeipmi__bmc-device/hostlist_remove
started running hostlist_remove
analyzing gcc-5__Ou__freeipmi__bmc-device/hostset_create
started running hostset_create
analyzing gcc-5__Ou__freeipmi__bmc-device/hostset_copy
started running hostset_copy
analyzing gcc-5__Ou__freeipmi__bmc-device/hostset_destroy
started running hostset_destroy
analyzing gcc-5__Ou__freeipmi__bmc-device/hostset_insert_range
started running hostset_insert_range
analyzing gcc-5__Ou__freeipmi__bmc-device/hostset_insert
started running hostset_insert
analyzing gcc-5__Ou__freeipmi__bmc-device/hostset_find_host
started running hostset_find_host
analyzing gcc-5__Ou__freeipmi__bmc-device/hostset_within
started running hostset_within
finished hostset_within
analyzing gcc-5__Ou__freeipmi__bmc-device/hostset_delete
started running hostset_delete
finished hostset_delete
analyzing gcc-5__Ou__freeipmi__bmc-device/hostset_delete_host
started running hostset_delete_host
finished hostset_delete_host
analyzing gcc-5__Ou__freeipmi__bmc-device/hostset_shift
started running hostset_shift
finished hostset_shift
analyzing gcc-5__Ou__freeipmi__bmc-device/hostset_pop
started running hostset_pop
finished hostset_pop
analyzing gcc-5__Ou__freeipmi__bmc-device/hostset_shift_range
started running hostset_shift_range
finished hostset_shift_range
analyzing gcc-5__Ou__freeipmi__bmc-device/hostset_pop_range
started running hostset_pop_range
finished hostset_pop_range
analyzing gcc-5__Ou__freeipmi__bmc-device/hostset_count
started running hostset_count
finished hostset_count
analyzing gcc-5__Ou__freeipmi__bmc-device/hostset_ranged_string
started running hostset_ranged_string
finished hostset_ranged_string
analyzing gcc-5__Ou__freeipmi__bmc-device/hostset_deranged_string
started running hostset_deranged_string
finished hostset_deranged_string
analyzing gcc-5__Ou__freeipmi__bmc-device/list_create
started running list_create
finished list_create
analyzing gcc-5__Ou__freeipmi__bmc-device/list_destroy
started running list_destroy
analyzing gcc-5__Ou__freeipmi__bmc-device/list_is_empty
started running list_is_empty
analyzing gcc-5__Ou__freeipmi__bmc-device/list_count
started running list_count
analyzing gcc-5__Ou__freeipmi__bmc-device/list_append
started running list_append
analyzing gcc-5__Ou__freeipmi__bmc-device/list_prepend
started running list_prepend
finished list_prepend
analyzing gcc-5__Ou__freeipmi__bmc-device/list_find_first
started running list_find_first
finished list_find_first
removing targets
analyzing gcc-5__Ou__freeipmi__bmc-device/list_delete_all
started running list_delete_all
finished list_delete_all
removing targets
analyzing gcc-5__Ou__freeipmi__bmc-device/list_for_each
started running list_for_each
finished list_for_each
removing targets
analyzing gcc-5__Ou__freeipmi__bmc-device/list_sort
started running list_sort
analyzing gcc-5__Ou__freeipmi__bmc-device/list_push
started running list_push
finished list_push
analyzing gcc-5__Ou__freeipmi__bmc-device/list_pop
started running list_pop
finished list_pop
analyzing gcc-5__Ou__freeipmi__bmc-device/list_peek
started running list_peek
analyzing gcc-5__Ou__freeipmi__bmc-device/list_enqueue
started running list_enqueue
analyzing gcc-5__Ou__freeipmi__bmc-device/list_dequeue
started running list_dequeue
finished list_dequeue
analyzing gcc-5__Ou__freeipmi__bmc-device/list_iterator_create
started running list_iterator_create
analyzing gcc-5__Ou__freeipmi__bmc-device/list_iterator_reset
started running list_iterator_reset
analyzing gcc-5__Ou__freeipmi__bmc-device/list_iterator_destroy
started running list_iterator_destroy
analyzing gcc-5__Ou__freeipmi__bmc-device/list_next
started running list_next
analyzing gcc-5__Ou__freeipmi__bmc-device/list_insert
started running list_insert
analyzing gcc-5__Ou__freeipmi__bmc-device/list_find
started running list_find
finished list_find
analyzing gcc-5__Ou__freeipmi__bmc-device/list_remove
started running list_remove
analyzing gcc-5__Ou__freeipmi__bmc-device/list_delete
started running list_delete
finished list_delete
analyzing gcc-5__Ou__freeipmi__bmc-device/list_node_create
started running list_node_create
finished list_node_create
analyzing gcc-5__Ou__freeipmi__bmc-device/list_node_destroy
started running list_node_destroy
analyzing gcc-5__Ou__freeipmi__bmc-device/list_alloc
started running list_alloc
finished list_alloc
analyzing gcc-5__Ou__freeipmi__bmc-device/list_free
started running list_free
finished list_free
analyzing gcc-5__Ou__freeipmi__bmc-device/list_node_alloc
started running list_node_alloc
finished list_node_alloc
analyzing gcc-5__Ou__freeipmi__bmc-device/list_node_free
started running list_node_free
finished list_node_free
analyzing gcc-5__Ou__freeipmi__bmc-device/list_iterator_alloc
started running list_iterator_alloc
finished list_iterator_alloc
analyzing gcc-5__Ou__freeipmi__bmc-device/list_iterator_free
started running list_iterator_free
finished list_iterator_free
analyzing gcc-5__Ou__freeipmi__bmc-device/list_alloc_aux
started running list_alloc_aux
analyzing gcc-5__Ou__freeipmi__bmc-device/list_free_aux
started running list_free_aux
finished list_free_aux
analyzing gcc-5__Ou__freeipmi__bmc-device/host_is_ipv6_with_port
started running host_is_ipv6_with_port
analyzing gcc-5__Ou__freeipmi__bmc-device/host_is_host_with_port
started running host_is_host_with_port
finished host_is_host_with_port
analyzing gcc-5__Ou__freeipmi__bmc-device/host_is_valid
started running host_is_valid
finished host_is_valid
analyzing gcc-5__Ou__freeipmi__bmc-device/host_is_localhost
started running host_is_localhost
finished host_is_localhost
analyzing gcc-5__Ou__freeipmi__bmc-device/parse_inband_driver_type
started running parse_inband_driver_type
finished parse_inband_driver_type
analyzing gcc-5__Ou__freeipmi__bmc-device/parse_outofband_driver_type
started running parse_outofband_driver_type
finished parse_outofband_driver_type
analyzing gcc-5__Ou__freeipmi__bmc-device/parse_driver_type
started running parse_driver_type
finished parse_driver_type
analyzing gcc-5__Ou__freeipmi__bmc-device/parse_authentication_type
started running parse_authentication_type
finished parse_authentication_type
analyzing gcc-5__Ou__freeipmi__bmc-device/parse_privilege_level
started running parse_privilege_level
finished parse_privilege_level
analyzing gcc-5__Ou__freeipmi__bmc-device/parse_workaround_flags
started running parse_workaround_flags
finished parse_workaround_flags
analyzing gcc-5__Ou__freeipmi__bmc-device/parse_workaround_flags_tool
started running parse_workaround_flags_tool
finished parse_workaround_flags_tool
analyzing gcc-5__Ou__freeipmi__bmc-device/parse_kg
started running parse_kg
finished parse_kg
removing targets
analyzing gcc-5__Ou__freeipmi__bmc-device/parse_get_freeipmi_outofband_flags
started running parse_get_freeipmi_outofband_flags
analyzing gcc-5__Ou__freeipmi__bmc-device/parse_get_freeipmi_outofband_2_0_flags
started running parse_get_freeipmi_outofband_2_0_flags
analyzing gcc-5__Ou__freeipmi__bmc-device/parse_get_freeipmi_inband_flags
started running parse_get_freeipmi_inband_flags
analyzing gcc-5__Ou__freeipmi__bmc-device/stat
started running stat
finished stat
removing targets
