WARNING | 2021-11-30 16:02:48,666 | cle.backends.externs | Symbol was allocated without a known size; emulation may fail if it is used non-opaquely: tmpl_cmd_get_sol_configuration_parameters_sol_non_volatile_bit_rate_rs
WARNING | 2021-11-30 16:02:48,667 | cle.backends.externs | Symbol was allocated without a known size; emulation may fail if it is used non-opaquely: tmpl_cmd_get_sol_configuration_parameters_sol_enable_rs
WARNING | 2021-11-30 16:02:48,667 | cle.backends.externs | Symbol was allocated without a known size; emulation may fail if it is used non-opaquely: tmpl_cmd_get_pef_configuration_parameters_alert_strings_rs
WARNING | 2021-11-30 16:02:48,667 | cle.backends.externs | Symbol was allocated without a known size; emulation may fail if it is used non-opaquely: tmpl_cmd_get_sensor_event_enable_rs
WARNING | 2021-11-30 16:02:48,667 | cle.backends.externs | Symbol was allocated without a known size; emulation may fail if it is used non-opaquely: tmpl_cmd_set_system_boot_options_rs
WARNING | 2021-11-30 16:02:48,667 | cle.backends.externs | Symbol was allocated without a known size; emulation may fail if it is used non-opaquely: tmpl_cmd_dcmi_get_asset_tag_rs
WARNING | 2021-11-30 16:02:48,667 | cle.backends.externs | Symbol was allocated without a known size; emulation may fail if it is used non-opaquely: tmpl_cmd_get_lan_configuration_parameters_community_string_rs
WARNING | 2021-11-30 16:02:48,668 | cle.backends.externs | Symbol was allocated without a known size; emulation may fail if it is used non-opaquely: tmpl_cmd_set_sensor_event_enable_rs
WARNING | 2021-11-30 16:02:48,668 | cle.backends.externs | Symbol was allocated without a known size; emulation may fail if it is used non-opaquely: tmpl_cmd_get_sensor_hysteresis_rs
WARNING | 2021-11-30 16:02:48,668 | cle.backends.externs | Symbol was allocated without a known size; emulation may fail if it is used non-opaquely: tmpl_cmd_get_lan_configuration_parameters_ip_address_source_rs
WARNING | 2021-11-30 16:02:48,668 | cle.backends.externs | Symbol was allocated without a known size; emulation may fail if it is used non-opaquely: tmpl_cmd_get_lan_configuration_parameters_vlan_priority_rs
WARNING | 2021-11-30 16:02:48,668 | cle.backends.externs | Symbol was allocated without a known size; emulation may fail if it is used non-opaquely: tmpl_cmd_set_user_password_rs
WARNING | 2021-11-30 16:02:48,668 | cle.backends.externs | Symbol was allocated without a known size; emulation may fail if it is used non-opaquely: tmpl_cmd_get_chassis_status_rs
WARNING | 2021-11-30 16:02:48,668 | cle.backends.externs | Symbol was allocated without a known size; emulation may fail if it is used non-opaquely: tmpl_cmd_get_lan_configuration_parameters_primary_rmcp_port_number_rs
WARNING | 2021-11-30 16:02:48,669 | cle.backends.externs | Symbol was allocated without a known size; emulation may fail if it is used non-opaquely: tmpl_cmd_set_user_password_rq
WARNING | 2021-11-30 16:02:48,669 | cle.backends.externs | Symbol was allocated without a known size; emulation may fail if it is used non-opaquely: tmpl_cmd_get_pef_capabilities_rs
WARNING | 2021-11-30 16:02:48,669 | cle.backends.externs | Symbol was allocated without a known size; emulation may fail if it is used non-opaquely: tmpl_cmd_set_channel_access_rs
WARNING | 2021-11-30 16:02:48,669 | cle.backends.externs | Symbol was allocated without a known size; emulation may fail if it is used non-opaquely: tmpl_cmd_get_serial_modem_configuration_page_blackout_interval_rs
WARNING | 2021-11-30 16:02:48,669 | cle.backends.externs | Symbol was allocated without a known size; emulation may fail if it is used non-opaquely: tmpl_cmd_get_sol_configuration_parameters_character_accumulate_interval_and_send_threshold_rs
WARNING | 2021-11-30 16:02:48,669 | cle.backends.externs | Symbol was allocated without a known size; emulation may fail if it is used non-opaquely: tmpl_cmd_set_user_payload_access_rs
WARNING | 2021-11-30 16:02:48,669 | cle.backends.externs | Symbol was allocated without a known size; emulation may fail if it is used non-opaquely: tmpl_cmd_get_system_boot_options_boot_flags_rs
WARNING | 2021-11-30 16:02:48,669 | cle.backends.externs | Symbol was allocated without a known size; emulation may fail if it is used non-opaquely: tmpl_cmd_get_sensor_thresholds_rs
WARNING | 2021-11-30 16:02:48,669 | cle.backends.externs | Symbol was allocated without a known size; emulation may fail if it is used non-opaquely: tmpl_cmd_get_pef_configuration_parameters_pef_alert_startup_delay_rs
WARNING | 2021-11-30 16:02:48,670 | cle.backends.externs | Symbol was allocated without a known size; emulation may fail if it is used non-opaquely: tmpl_cmd_set_serial_modem_configuration_rs
WARNING | 2021-11-30 16:02:48,670 | cle.backends.externs | Symbol was allocated without a known size; emulation may fail if it is used non-opaquely: tmpl_cmd_get_lan_configuration_parameters_ipv6_static_router_1_prefix_value_rs
WARNING | 2021-11-30 16:02:48,670 | cle.backends.externs | Symbol was allocated without a known size; emulation may fail if it is used non-opaquely: tmpl_cmd_get_sol_configuration_parameters_sol_payload_port_number_rs
WARNING | 2021-11-30 16:02:48,670 | cle.backends.externs | Symbol was allocated without a known size; emulation may fail if it is used non-opaquely: tmpl_cmd_get_lan_configuration_parameters_ipv6_status_rs
WARNING | 2021-11-30 16:02:48,670 | cle.backends.externs | Symbol was allocated without a known size; emulation may fail if it is used non-opaquely: tmpl_cmd_get_lan_configuration_parameters_destination_type_rs
WARNING | 2021-11-30 16:02:48,670 | cle.backends.externs | Symbol was allocated without a known size; emulation may fail if it is used non-opaquely: tmpl_cmd_get_lan_configuration_parameters_bmc_generated_arp_control_rs
WARNING | 2021-11-30 16:02:48,670 | cle.backends.externs | Symbol was allocated without a known size; emulation may fail if it is used non-opaquely: tmpl_cmd_get_serial_modem_configuration_call_retry_interval_rs
WARNING | 2021-11-30 16:02:48,670 | cle.backends.externs | Symbol was allocated without a known size; emulation may fail if it is used non-opaquely: tmpl_cmd_set_lan_configuration_parameters_rs
WARNING | 2021-11-30 16:02:48,671 | cle.backends.externs | Symbol was allocated without a known size; emulation may fail if it is used non-opaquely: tmpl_cmd_get_user_name_rs
WARNING | 2021-11-30 16:02:48,671 | cle.backends.externs | Symbol was allocated without a known size; emulation may fail if it is used non-opaquely: tmpl_cmd_set_front_panel_enables_rs
WARNING | 2021-11-30 16:02:48,671 | cle.backends.externs | Symbol was allocated without a known size; emulation may fail if it is used non-opaquely: tmpl_cmd_get_sol_configuration_parameters_sol_payload_channel_rs
WARNING | 2021-11-30 16:02:48,671 | cle.backends.externs | Symbol was allocated without a known size; emulation may fail if it is used non-opaquely: tmpl_cmd_get_pef_configuration_parameters_pef_control_rs
WARNING | 2021-11-30 16:02:48,671 | cle.backends.externs | Symbol was allocated without a known size; emulation may fail if it is used non-opaquely: tmpl_cmd_get_lan_configuration_parameters_vlan_id_rs
WARNING | 2021-11-30 16:02:48,671 | cle.backends.externs | Symbol was allocated without a known size; emulation may fail if it is used non-opaquely: tmpl_cmd_dcmi_set_asset_tag_rs
WARNING | 2021-11-30 16:02:48,671 | cle.backends.externs | Symbol was allocated without a known size; emulation may fail if it is used non-opaquely: tmpl_cmd_get_lan_configuration_parameters_rmcpplus_messaging_cipher_suite_entries_rs
WARNING | 2021-11-30 16:02:48,671 | cle.backends.externs | Symbol was allocated without a known size; emulation may fail if it is used non-opaquely: tmpl_cmd_set_user_name_rs
WARNING | 2021-11-30 16:02:48,672 | cle.backends.externs | Symbol was allocated without a known size; emulation may fail if it is used non-opaquely: tmpl_cmd_get_pef_configuration_parameters_alert_policy_table_rs
WARNING | 2021-11-30 16:02:48,672 | cle.backends.externs | Symbol was allocated without a known size; emulation may fail if it is used non-opaquely: tmpl_cmd_get_lan_configuration_parameters_gratuitous_arp_interval_rs
WARNING | 2021-11-30 16:02:48,672 | cle.backends.externs | Symbol was allocated without a known size; emulation may fail if it is used non-opaquely: tmpl_cmd_get_lan_configuration_parameters_ipv6_static_router_2_ip_address_rs
WARNING | 2021-11-30 16:02:48,672 | cle.backends.externs | Symbol was allocated without a known size; emulation may fail if it is used non-opaquely: tmpl_cmd_dcmi_set_management_controller_identifier_string_rs
WARNING | 2021-11-30 16:02:48,672 | cle.backends.externs | Symbol was allocated without a known size; emulation may fail if it is used non-opaquely: tmpl_cmd_set_pef_configuration_parameters_rs
WARNING | 2021-11-30 16:02:48,672 | cle.backends.externs | Symbol was allocated without a known size; emulation may fail if it is used non-opaquely: tmpl_cmd_set_sensor_thresholds_rs
WARNING | 2021-11-30 16:02:48,672 | cle.backends.externs | Symbol was allocated without a known size; emulation may fail if it is used non-opaquely: tmpl_cmd_dcmi_set_power_limit_rs
WARNING | 2021-11-30 16:02:48,673 | cle.backends.externs | Symbol was allocated without a known size; emulation may fail if it is used non-opaquely: tmpl_cmd_set_sol_configuration_parameters_rs
WARNING | 2021-11-30 16:02:48,673 | cle.backends.externs | Symbol was allocated without a known size; emulation may fail if it is used non-opaquely: tmpl_cmd_set_power_cycle_interval_rs
WARNING | 2021-11-30 16:02:48,673 | cle.backends.externs | Symbol was allocated without a known size; emulation may fail if it is used non-opaquely: tmpl_cmd_get_lan_configuration_parameters_ip_address_rs
WARNING | 2021-11-30 16:02:48,673 | cle.backends.externs | Symbol was allocated without a known size; emulation may fail if it is used non-opaquely: tmpl_cmd_get_lan_configuration_parameters_ipv6_dynamic_address_rs
WARNING | 2021-11-30 16:02:48,673 | cle.backends.externs | Symbol was allocated without a known size; emulation may fail if it is used non-opaquely: tmpl_cmd_get_lan_configuration_parameters_rmcpplus_messaging_cipher_suite_privilege_levels_rs
WARNING | 2021-11-30 16:02:48,673 | cle.backends.externs | Symbol was allocated without a known size; emulation may fail if it is used non-opaquely: tmpl_cmd_get_sol_configuration_parameters_sol_retry_rs
WARNING | 2021-11-30 16:02:48,673 | cle.backends.externs | Symbol was allocated without a known size; emulation may fail if it is used non-opaquely: tmpl_cmd_get_lan_configuration_parameters_ipv6_static_router_2_mac_address_rs
WARNING | 2021-11-30 16:02:48,673 | cle.backends.externs | Symbol was allocated without a known size; emulation may fail if it is used non-opaquely: tmpl_cmd_get_serial_modem_configuration_ipmi_messaging_comm_settings_rs
WARNING | 2021-11-30 16:02:48,674 | cle.backends.externs | Symbol was allocated without a known size; emulation may fail if it is used non-opaquely: tmpl_cmd_get_channel_access_rs
WARNING | 2021-11-30 16:02:48,674 | cle.backends.externs | Symbol was allocated without a known size; emulation may fail if it is used non-opaquely: tmpl_cmd_set_sensor_hysteresis_rs
WARNING | 2021-11-30 16:02:48,674 | cle.backends.externs | Symbol was allocated without a known size; emulation may fail if it is used non-opaquely: tmpl_cmd_set_channel_security_keys_rs
WARNING | 2021-11-30 16:02:48,674 | cle.backends.externs | Symbol was allocated without a known size; emulation may fail if it is used non-opaquely: tmpl_cmd_get_serial_modem_configuration_connection_mode_rs
WARNING | 2021-11-30 16:02:48,674 | cle.backends.externs | Symbol was allocated without a known size; emulation may fail if it is used non-opaquely: tmpl_cmd_get_lan_configuration_parameters_default_gateway_address_rs
WARNING | 2021-11-30 16:02:48,674 | cle.backends.externs | Symbol was allocated without a known size; emulation may fail if it is used non-opaquely: tmpl_cmd_get_lan_configuration_parameters_ipv6_static_router_2_prefix_length_rs
WARNING | 2021-11-30 16:02:48,674 | cle.backends.externs | Symbol was allocated without a known size; emulation may fail if it is used non-opaquely: tmpl_cmd_get_lan_configuration_parameters_ipv6_static_router_1_mac_address_rs
WARNING | 2021-11-30 16:02:48,675 | cle.backends.externs | Symbol was allocated without a known size; emulation may fail if it is used non-opaquely: tmpl_cmd_get_lan_configuration_parameters_ipv6_router_address_configuration_control_rs
WARNING | 2021-11-30 16:02:48,675 | cle.backends.externs | Symbol was allocated without a known size; emulation may fail if it is used non-opaquely: tmpl_cmd_get_pef_configuration_parameters_pef_action_global_control_rs
WARNING | 2021-11-30 16:02:48,675 | cle.backends.externs | Symbol was allocated without a known size; emulation may fail if it is used non-opaquely: tmpl_cmd_get_pef_configuration_parameters_number_of_alert_policy_entries_rs
WARNING | 2021-11-30 16:02:48,675 | cle.backends.externs | Symbol was allocated without a known size; emulation may fail if it is used non-opaquely: tmpl_cmd_get_lan_configuration_parameters_bad_password_threshold_rs
WARNING | 2021-11-30 16:02:48,675 | cle.backends.externs | Symbol was allocated without a known size; emulation may fail if it is used non-opaquely: tmpl_cmd_get_lan_configuration_parameters_ipv6_static_router_2_prefix_value_rs
WARNING | 2021-11-30 16:02:48,675 | cle.backends.externs | Symbol was allocated without a known size; emulation may fail if it is used non-opaquely: tmpl_cmd_get_pef_configuration_parameters_number_of_alert_strings_rs
WARNING | 2021-11-30 16:02:48,675 | cle.backends.externs | Symbol was allocated without a known size; emulation may fail if it is used non-opaquely: tmpl_cmd_get_sol_configuration_parameters_sol_authentication_rs
WARNING | 2021-11-30 16:02:48,675 | cle.backends.externs | Symbol was allocated without a known size; emulation may fail if it is used non-opaquely: tmpl_cmd_get_lan_configuration_parameters_subnet_mask_rs
WARNING | 2021-11-30 16:02:48,675 | cle.backends.externs | Symbol was allocated without a known size; emulation may fail if it is used non-opaquely: tmpl_cmd_get_user_payload_access_rs
WARNING | 2021-11-30 16:02:48,676 | cle.backends.externs | Symbol was allocated without a known size; emulation may fail if it is used non-opaquely: tmpl_cmd_get_lan_configuration_parameters_authentication_type_support_rs
WARNING | 2021-11-30 16:02:48,676 | cle.backends.externs | Symbol was allocated without a known size; emulation may fail if it is used non-opaquely: tmpl_cmd_get_pef_configuration_parameters_pef_startup_delay_rs
WARNING | 2021-11-30 16:02:48,676 | cle.backends.externs | Symbol was allocated without a known size; emulation may fail if it is used non-opaquely: tmpl_cmd_dcmi_get_management_controller_identifier_string_rs
WARNING | 2021-11-30 16:02:48,676 | cle.backends.externs | Symbol was allocated without a known size; emulation may fail if it is used non-opaquely: tmpl_cmd_get_pef_configuration_parameters_number_of_event_filters_rs
WARNING | 2021-11-30 16:02:48,676 | cle.backends.externs | Symbol was allocated without a known size; emulation may fail if it is used non-opaquely: tmpl_cmd_get_lan_configuration_parameters_ipv4_header_parameters_rs
WARNING | 2021-11-30 16:02:48,676 | cle.backends.externs | Symbol was allocated without a known size; emulation may fail if it is used non-opaquely: tmpl_cmd_get_sol_configuration_parameters_sol_volatile_bit_rate_rs
WARNING | 2021-11-30 16:02:48,676 | cle.backends.externs | Symbol was allocated without a known size; emulation may fail if it is used non-opaquely: tmpl_cmd_get_lan_configuration_parameters_ipv6_static_router_1_prefix_length_rs
WARNING | 2021-11-30 16:02:48,676 | cle.backends.externs | Symbol was allocated without a known size; emulation may fail if it is used non-opaquely: tmpl_cmd_get_lan_configuration_parameters_backup_gateway_address_rs
WARNING | 2021-11-30 16:02:48,676 | cle.backends.externs | Symbol was allocated without a known size; emulation may fail if it is used non-opaquely: tmpl_cmd_get_lan_configuration_parameters_destination_addresses_rs
WARNING | 2021-11-30 16:02:48,677 | cle.backends.externs | Symbol was allocated without a known size; emulation may fail if it is used non-opaquely: tmpl_cmd_get_lan_configuration_parameters_secondary_rmcp_port_number_rs
WARNING | 2021-11-30 16:02:48,677 | cle.backends.externs | Symbol was allocated without a known size; emulation may fail if it is used non-opaquely: tmpl_cmd_get_lan_configuration_parameters_ipv6_ipv4_addressing_enables_rs
WARNING | 2021-11-30 16:02:48,677 | cle.backends.externs | Symbol was allocated without a known size; emulation may fail if it is used non-opaquely: tmpl_cmd_get_lan_configuration_parameters_backup_gateway_mac_address_rs
WARNING | 2021-11-30 16:02:48,677 | cle.backends.externs | Symbol was allocated without a known size; emulation may fail if it is used non-opaquely: tmpl_cmd_get_pef_configuration_parameters_alert_string_keys_rs
WARNING | 2021-11-30 16:02:48,677 | cle.backends.externs | Symbol was allocated without a known size; emulation may fail if it is used non-opaquely: tmpl_cmd_get_lan_configuration_parameters_rmcpplus_messaging_cipher_suite_entry_support_rs
WARNING | 2021-11-30 16:02:48,677 | cle.backends.externs | Symbol was allocated without a known size; emulation may fail if it is used non-opaquely: tmpl_cmd_get_lan_configuration_parameters_ipv6_static_addresses_rs
WARNING | 2021-11-30 16:02:48,677 | cle.backends.externs | Symbol was allocated without a known size; emulation may fail if it is used non-opaquely: tmpl_cmd_get_user_access_rs
WARNING | 2021-11-30 16:02:48,677 | cle.backends.externs | Symbol was allocated without a known size; emulation may fail if it is used non-opaquely: tmpl_cmd_get_lan_configuration_parameters_ipv6_ipv4_support_rs
WARNING | 2021-11-30 16:02:48,677 | cle.backends.externs | Symbol was allocated without a known size; emulation may fail if it is used non-opaquely: tmpl_cmd_get_lan_configuration_parameters_number_of_destinations_rs
WARNING | 2021-11-30 16:02:48,678 | cle.backends.externs | Symbol was allocated without a known size; emulation may fail if it is used non-opaquely: tmpl_cmd_dcmi_get_power_limit_rs
WARNING | 2021-11-30 16:02:48,678 | cle.backends.externs | Symbol was allocated without a known size; emulation may fail if it is used non-opaquely: tmpl_cmd_set_power_restore_policy_rs
WARNING | 2021-11-30 16:02:48,678 | cle.backends.externs | Symbol was allocated without a known size; emulation may fail if it is used non-opaquely: tmpl_cmd_get_lan_configuration_parameters_authentication_type_enables_rs
WARNING | 2021-11-30 16:02:48,678 | cle.backends.externs | Symbol was allocated without a known size; emulation may fail if it is used non-opaquely: tmpl_cmd_set_user_access_rs
WARNING | 2021-11-30 16:02:48,678 | cle.backends.externs | Symbol was allocated without a known size; emulation may fail if it is used non-opaquely: tmpl_cmd_get_lan_configuration_parameters_mac_address_rs
WARNING | 2021-11-30 16:02:48,678 | cle.backends.externs | Symbol was allocated without a known size; emulation may fail if it is used non-opaquely: tmpl_cmd_get_pef_configuration_parameters_event_filter_table_rs
WARNING | 2021-11-30 16:02:48,678 | cle.backends.externs | Symbol was allocated without a known size; emulation may fail if it is used non-opaquely: tmpl_cmd_get_lan_configuration_parameters_default_gateway_mac_address_rs
WARNING | 2021-11-30 16:02:48,678 | cle.backends.externs | Symbol was allocated without a known size; emulation may fail if it is used non-opaquely: tmpl_cmd_get_lan_configuration_parameters_ipv6_static_router_1_ip_address_rs
WARNING | 2021-11-30 16:02:48,693 | cle.loader | For more information about "Symbol was allocated without a known size", see https://docs.angr.io/extending-angr/environment#simdata
ERROR   | 2021-11-30 18:38:32,014 | root     | b'out of memory'
ERROR   | 2021-11-30 18:38:32,014 | root     | got an error while analyzing conffile_parse
ERROR   | 2021-11-30 18:38:47,493 | root     | b'out of memory'
ERROR   | 2021-11-30 18:38:47,494 | root     | got an error while analyzing fd_read_n
ERROR   | 2021-11-30 18:39:49,063 | root     | list index out of range
ERROR   | 2021-11-30 18:39:49,063 | root     | got an error while analyzing fi_hostlist_find
ERROR   | 2021-11-30 18:39:53,768 | root     | b'out of memory'
ERROR   | 2021-11-30 18:39:53,769 | root     | got an error while analyzing fi_hostlist_count
ERROR   | 2021-11-30 18:39:55,238 | root     | b'out of memory'
ERROR   | 2021-11-30 18:39:55,238 | root     | got an error while analyzing fi_hostlist_sort
ERROR   | 2021-11-30 18:39:56,676 | root     | b'out of memory'
ERROR   | 2021-11-30 18:39:56,676 | root     | got an error while analyzing fi_hostlist_uniq
ERROR   | 2021-11-30 18:40:00,959 | root     | b'out of memory'
ERROR   | 2021-11-30 18:40:00,959 | root     | got an error while analyzing fi_hostlist_iterator_create
ERROR   | 2021-11-30 18:40:05,780 | root     | b'out of memory'
ERROR   | 2021-11-30 18:40:05,780 | root     | got an error while analyzing fi_hostlist_iterator_reset
ERROR   | 2021-11-30 18:40:07,248 | root     | b'out of memory'
ERROR   | 2021-11-30 18:40:07,248 | root     | got an error while analyzing fi_hostlist_next
ERROR   | 2021-11-30 18:40:08,703 | root     | b'out of memory'
ERROR   | 2021-11-30 18:40:08,703 | root     | got an error while analyzing fi_hostlist_remove
ERROR   | 2021-11-30 18:40:10,416 | root     | b'out of memory'
ERROR   | 2021-11-30 18:40:10,416 | root     | got an error while analyzing host_prefix_end
ERROR   | 2021-11-30 18:40:11,990 | root     | b'out of memory'
ERROR   | 2021-11-30 18:40:11,990 | root     | got an error while analyzing hostname_create_with_suffix
ERROR   | 2021-11-30 18:40:14,964 | root     | b'out of memory'
ERROR   | 2021-11-30 18:40:14,964 | root     | got an error while analyzing hostname_destroy
ERROR   | 2021-11-30 18:40:16,414 | root     | b'out of memory'
ERROR   | 2021-11-30 18:40:16,414 | root     | got an error while analyzing hostname_suffix_is_valid
ERROR   | 2021-11-30 18:40:17,918 | root     | b'out of memory'
ERROR   | 2021-11-30 18:40:17,918 | root     | got an error while analyzing hostname_suffix_width
ERROR   | 2021-11-30 18:40:19,503 | root     | b'out of memory'
ERROR   | 2021-11-30 18:40:19,503 | root     | got an error while analyzing hostrange_new
ERROR   | 2021-11-30 18:40:21,106 | root     | b'out of memory'
ERROR   | 2021-11-30 18:40:21,106 | root     | got an error while analyzing hostrange_create_single
ERROR   | 2021-11-30 18:40:22,763 | root     | b'out of memory'
ERROR   | 2021-11-30 18:40:22,763 | root     | got an error while analyzing hostrange_create
ERROR   | 2021-11-30 18:40:24,220 | root     | b'out of memory'
ERROR   | 2021-11-30 18:40:24,220 | root     | got an error while analyzing hostrange_count
ERROR   | 2021-11-30 18:40:28,386 | root     | list index out of range
ERROR   | 2021-11-30 18:40:28,386 | root     | got an error while analyzing hostrange_copy
ERROR   | 2021-11-30 18:40:30,001 | root     | b'out of memory'
ERROR   | 2021-11-30 18:40:30,001 | root     | got an error while analyzing hostrange_destroy
ERROR   | 2021-11-30 18:40:31,469 | root     | b'out of memory'
ERROR   | 2021-11-30 18:40:31,469 | root     | got an error while analyzing hostrange_delete_host
ERROR   | 2021-11-30 18:40:33,263 | root     | b'out of memory'
ERROR   | 2021-11-30 18:40:33,263 | root     | got an error while analyzing hostrange_cmp
ERROR   | 2021-11-30 18:40:35,039 | root     | b'out of memory'
ERROR   | 2021-11-30 18:40:35,039 | root     | got an error while analyzing hostrange_prefix_cmp
ERROR   | 2021-11-30 18:40:36,648 | root     | b'out of memory'
ERROR   | 2021-11-30 18:40:36,648 | root     | got an error while analyzing hostrange_within_range
ERROR   | 2021-11-30 18:40:38,126 | root     | b'out of memory'
ERROR   | 2021-11-30 18:40:38,127 | root     | got an error while analyzing hostrange_width_combine
ERROR   | 2021-11-30 18:40:39,580 | root     | b'out of memory'
ERROR   | 2021-11-30 18:40:39,581 | root     | got an error while analyzing hostrange_empty
ERROR   | 2021-11-30 18:40:41,035 | root     | b'out of memory'
ERROR   | 2021-11-30 18:40:41,035 | root     | got an error while analyzing hostrange_pop
ERROR   | 2021-11-30 18:40:42,558 | root     | b'out of memory'
ERROR   | 2021-11-30 18:40:42,558 | root     | got an error while analyzing hostrange_shift
ERROR   | 2021-11-30 18:40:44,413 | root     | b'out of memory'
ERROR   | 2021-11-30 18:40:44,413 | root     | got an error while analyzing hostrange_join
ERROR   | 2021-11-30 18:40:45,992 | root     | b'out of memory'
ERROR   | 2021-11-30 18:40:45,992 | root     | got an error while analyzing hostrange_intersect
ERROR   | 2021-11-30 18:40:47,490 | root     | b'out of memory'
ERROR   | 2021-11-30 18:40:47,490 | root     | got an error while analyzing hostrange_hn_within
ERROR   | 2021-11-30 18:40:50,461 | root     | b'out of memory'
ERROR   | 2021-11-30 18:40:50,461 | root     | got an error while analyzing hostrange_to_string
ERROR   | 2021-11-30 18:40:51,925 | root     | b'out of memory'
ERROR   | 2021-11-30 18:40:51,925 | root     | got an error while analyzing hostrange_numstr
ERROR   | 2021-11-30 18:40:53,557 | root     | b'out of memory'
ERROR   | 2021-11-30 18:40:53,557 | root     | got an error while analyzing hostlist_new
ERROR   | 2021-11-30 18:40:55,089 | root     | b'out of memory'
ERROR   | 2021-11-30 18:40:55,089 | root     | got an error while analyzing hostlist_resize
ERROR   | 2021-11-30 18:40:56,541 | root     | b'out of memory'
ERROR   | 2021-11-30 18:40:56,541 | root     | got an error while analyzing hostlist_expand
ERROR   | 2021-11-30 18:40:58,058 | root     | b'out of memory'
ERROR   | 2021-11-30 18:40:58,058 | root     | got an error while analyzing hostlist_push_range
ERROR   | 2021-11-30 18:41:00,950 | root     | b'out of memory'
ERROR   | 2021-11-30 18:41:00,950 | root     | got an error while analyzing hostlist_insert_range
ERROR   | 2021-11-30 18:41:02,476 | root     | b'out of memory'
ERROR   | 2021-11-30 18:41:02,476 | root     | got an error while analyzing hostlist_delete_range
ERROR   | 2021-11-30 18:41:05,588 | root     | b'out of memory'
ERROR   | 2021-11-30 18:41:05,588 | root     | got an error while analyzing hostlist_copy
ERROR   | 2021-11-30 18:41:07,198 | root     | b'out of memory'
ERROR   | 2021-11-30 18:41:07,198 | root     | got an error while analyzing hostlist_destroy
ERROR   | 2021-11-30 18:41:08,892 | root     | b'out of memory'
ERROR   | 2021-11-30 18:41:08,892 | root     | got an error while analyzing hostlist_push
ERROR   | 2021-11-30 18:41:14,650 | root     | b'out of memory'
ERROR   | 2021-11-30 18:41:14,651 | root     | got an error while analyzing hostlist_push_list
ERROR   | 2021-11-30 18:41:16,133 | root     | b'out of memory'
ERROR   | 2021-11-30 18:41:16,133 | root     | got an error while analyzing hostlist_pop
ERROR   | 2021-11-30 18:41:17,649 | root     | b'out of memory'
ERROR   | 2021-11-30 18:41:17,649 | root     | got an error while analyzing hostlist_shift_iterators
ERROR   | 2021-11-30 18:41:19,139 | root     | b'out of memory'
ERROR   | 2021-11-30 18:41:19,139 | root     | got an error while analyzing hostlist_shift
ERROR   | 2021-11-30 18:41:20,586 | root     | b'out of memory'
ERROR   | 2021-11-30 18:41:20,586 | root     | got an error while analyzing hostlist_pop_range
ERROR   | 2021-11-30 18:41:22,221 | root     | b'out of memory'
ERROR   | 2021-11-30 18:41:22,221 | root     | got an error while analyzing hostlist_shift_range
ERROR   | 2021-11-30 18:41:23,816 | root     | b'out of memory'
ERROR   | 2021-11-30 18:41:23,816 | root     | got an error while analyzing hostlist_delete
ERROR   | 2021-11-30 18:41:26,955 | root     | b'out of memory'
ERROR   | 2021-11-30 18:41:26,955 | root     | got an error while analyzing hostlist_nth
ERROR   | 2021-11-30 18:41:28,405 | root     | b'out of memory'
ERROR   | 2021-11-30 18:41:28,405 | root     | got an error while analyzing hostlist_delete_nth
ERROR   | 2021-11-30 18:41:29,891 | root     | b'out of memory'
ERROR   | 2021-11-30 18:41:29,891 | root     | got an error while analyzing hostlist_count
ERROR   | 2021-11-30 18:41:31,467 | root     | b'out of memory'
ERROR   | 2021-11-30 18:41:31,467 | root     | got an error while analyzing hostlist_find
ERROR   | 2021-11-30 18:41:32,934 | root     | b'out of memory'
ERROR   | 2021-11-30 18:41:32,935 | root     | got an error while analyzing hostlist_sort
ERROR   | 2021-11-30 18:41:38,650 | root     | b'out of memory'
ERROR   | 2021-11-30 18:41:38,651 | root     | got an error while analyzing hostlist_coalesce
ERROR   | 2021-11-30 18:41:40,112 | root     | b'out of memory'
ERROR   | 2021-11-30 18:41:40,112 | root     | got an error while analyzing hostlist_uniq
ERROR   | 2021-11-30 18:41:41,657 | root     | b'out of memory'
ERROR   | 2021-11-30 18:41:41,657 | root     | got an error while analyzing hostlist_deranged_string
ERROR   | 2021-11-30 18:41:43,198 | root     | b'out of memory'
ERROR   | 2021-11-30 18:41:43,199 | root     | got an error while analyzing hostlist_ranged_string
ERROR   | 2021-11-30 18:41:44,817 | root     | b'out of memory'
ERROR   | 2021-11-30 18:41:44,817 | root     | got an error while analyzing hostlist_iterator_new
ERROR   | 2021-11-30 18:41:46,485 | root     | b'out of memory'
ERROR   | 2021-11-30 18:41:46,486 | root     | got an error while analyzing hostlist_iterator_create
ERROR   | 2021-11-30 18:41:47,950 | root     | b'out of memory'
ERROR   | 2021-11-30 18:41:47,950 | root     | got an error while analyzing hostset_iterator_create
ERROR   | 2021-11-30 18:41:49,433 | root     | b'out of memory'
ERROR   | 2021-11-30 18:41:49,433 | root     | got an error while analyzing hostlist_iterator_reset
ERROR   | 2021-11-30 18:41:51,060 | root     | b'out of memory'
ERROR   | 2021-11-30 18:41:51,060 | root     | got an error while analyzing hostlist_iterator_destroy
ERROR   | 2021-11-30 18:41:52,518 | root     | b'out of memory'
ERROR   | 2021-11-30 18:41:52,519 | root     | got an error while analyzing hostlist_next
ERROR   | 2021-11-30 18:41:54,064 | root     | b'out of memory'
ERROR   | 2021-11-30 18:41:54,065 | root     | got an error while analyzing hostlist_next_range
ERROR   | 2021-11-30 18:41:55,526 | root     | b'out of memory'
ERROR   | 2021-11-30 18:41:55,527 | root     | got an error while analyzing hostlist_remove
ERROR   | 2021-11-30 18:41:58,426 | root     | b'out of memory'
ERROR   | 2021-11-30 18:41:58,426 | root     | got an error while analyzing hostset_create
ERROR   | 2021-11-30 18:41:59,992 | root     | b'out of memory'
ERROR   | 2021-11-30 18:41:59,992 | root     | got an error while analyzing hostset_copy
ERROR   | 2021-11-30 18:42:01,630 | root     | b'out of memory'
ERROR   | 2021-11-30 18:42:01,630 | root     | got an error while analyzing hostset_destroy
ERROR   | 2021-11-30 18:42:03,136 | root     | b'out of memory'
ERROR   | 2021-11-30 18:42:03,136 | root     | got an error while analyzing hostset_insert_range
ERROR   | 2021-11-30 18:42:04,751 | root     | b'out of memory'
ERROR   | 2021-11-30 18:42:04,752 | root     | got an error while analyzing hostset_insert
ERROR   | 2021-11-30 18:42:06,248 | root     | b'out of memory'
ERROR   | 2021-11-30 18:42:06,248 | root     | got an error while analyzing hostset_find_host
ERROR   | 2021-11-30 18:42:09,714 | root     | b'out of memory'
ERROR   | 2021-11-30 18:42:09,714 | root     | got an error while analyzing hostset_delete
ERROR   | 2021-11-30 18:42:11,205 | root     | b'out of memory'
ERROR   | 2021-11-30 18:42:11,205 | root     | got an error while analyzing hostset_delete_host
ERROR   | 2021-11-30 18:42:12,653 | root     | b'out of memory'
ERROR   | 2021-11-30 18:42:12,653 | root     | got an error while analyzing hostset_shift
ERROR   | 2021-11-30 18:42:14,163 | root     | b'out of memory'
ERROR   | 2021-11-30 18:42:14,164 | root     | got an error while analyzing hostset_pop
ERROR   | 2021-11-30 18:42:15,626 | root     | b'out of memory'
ERROR   | 2021-11-30 18:42:15,626 | root     | got an error while analyzing hostset_shift_range
ERROR   | 2021-11-30 18:42:17,118 | root     | b'out of memory'
ERROR   | 2021-11-30 18:42:17,118 | root     | got an error while analyzing hostset_pop_range
ERROR   | 2021-11-30 18:42:18,641 | root     | b'out of memory'
ERROR   | 2021-11-30 18:42:18,641 | root     | got an error while analyzing hostset_count
ERROR   | 2021-11-30 18:42:27,877 | root     | b'out of memory'
ERROR   | 2021-11-30 18:42:27,877 | root     | got an error while analyzing list_destroy
ERROR   | 2021-11-30 18:42:29,363 | root     | b'out of memory'
ERROR   | 2021-11-30 18:42:29,364 | root     | got an error while analyzing list_is_empty
ERROR   | 2021-11-30 18:42:30,832 | root     | b'out of memory'
ERROR   | 2021-11-30 18:42:30,832 | root     | got an error while analyzing list_count
ERROR   | 2021-11-30 18:42:32,289 | root     | b'out of memory'
ERROR   | 2021-11-30 18:42:32,289 | root     | got an error while analyzing list_append
ERROR   | 2021-11-30 18:42:35,244 | root     | b'out of memory'
ERROR   | 2021-11-30 18:42:35,245 | root     | got an error while analyzing list_find_first
ERROR   | 2021-11-30 18:42:36,697 | root     | b'out of memory'
ERROR   | 2021-11-30 18:42:36,697 | root     | got an error while analyzing list_delete_all
ERROR   | 2021-11-30 18:42:38,231 | root     | b'out of memory'
ERROR   | 2021-11-30 18:42:38,231 | root     | got an error while analyzing list_for_each
ERROR   | 2021-11-30 18:42:39,675 | root     | b'out of memory'
ERROR   | 2021-11-30 18:42:39,675 | root     | got an error while analyzing list_sort
ERROR   | 2021-11-30 18:42:47,983 | root     | b'out of memory'
ERROR   | 2021-11-30 18:42:47,983 | root     | got an error while analyzing list_enqueue
ERROR   | 2021-11-30 18:42:51,022 | root     | b'out of memory'
ERROR   | 2021-11-30 18:42:51,022 | root     | got an error while analyzing list_iterator_create
ERROR   | 2021-11-30 18:42:52,468 | root     | b'out of memory'
ERROR   | 2021-11-30 18:42:52,468 | root     | got an error while analyzing list_iterator_reset
ERROR   | 2021-11-30 18:42:53,977 | root     | b'out of memory'
ERROR   | 2021-11-30 18:42:53,977 | root     | got an error while analyzing list_iterator_destroy
ERROR   | 2021-11-30 18:42:55,450 | root     | b'out of memory'
ERROR   | 2021-11-30 18:42:55,450 | root     | got an error while analyzing list_next
ERROR   | 2021-11-30 18:42:56,909 | root     | b'out of memory'
ERROR   | 2021-11-30 18:42:56,909 | root     | got an error while analyzing list_insert
ERROR   | 2021-11-30 18:43:00,063 | root     | b'out of memory'
ERROR   | 2021-11-30 18:43:00,063 | root     | got an error while analyzing list_remove
ERROR   | 2021-11-30 18:43:01,675 | root     | b'out of memory'
ERROR   | 2021-11-30 18:43:01,675 | root     | got an error while analyzing list_delete
ERROR   | 2021-11-30 18:43:03,335 | root     | b'out of memory'
ERROR   | 2021-11-30 18:43:03,335 | root     | got an error while analyzing list_node_create
ERROR   | 2021-11-30 18:43:04,785 | root     | b'out of memory'
ERROR   | 2021-11-30 18:43:04,785 | root     | got an error while analyzing list_node_destroy
ERROR   | 2021-11-30 18:43:46,557 | root     | b'out of memory'
ERROR   | 2021-11-30 18:43:46,557 | root     | got an error while analyzing parse_get_freeipmi_outofband_flags
ERROR   | 2021-11-30 18:43:48,004 | root     | b'out of memory'
ERROR   | 2021-11-30 18:43:48,004 | root     | got an error while analyzing parse_get_freeipmi_outofband_2_0_flags
ERROR   | 2021-11-30 18:43:49,487 | root     | b'out of memory'
ERROR   | 2021-11-30 18:43:49,488 | root     | got an error while analyzing parse_get_freeipmi_inband_flags
