WARNING | 2021-11-30 16:03:19,413 | cle.backends.externs | Symbol was allocated without a known size; emulation may fail if it is used non-opaquely: tmpl_cmd_dcmi_get_dcmi_capability_info_mandatory_platform_attributes_rs
WARNING | 2021-11-30 16:03:19,414 | cle.backends.externs | Symbol was allocated without a known size; emulation may fail if it is used non-opaquely: tmpl_cmd_dcmi_get_asset_tag_rs
WARNING | 2021-11-30 16:03:19,414 | cle.backends.externs | Symbol was allocated without a known size; emulation may fail if it is used non-opaquely: tmpl_cmd_dcmi_get_dcmi_capability_info_enhanced_system_power_statistics_attributes_rs
WARNING | 2021-11-30 16:03:19,414 | cle.backends.externs | Symbol was allocated without a known size; emulation may fail if it is used non-opaquely: tmpl_cmd_dcmi_set_asset_tag_rs
WARNING | 2021-11-30 16:03:19,414 | cle.backends.externs | Symbol was allocated without a known size; emulation may fail if it is used non-opaquely: tmpl_cmd_dcmi_set_management_controller_identifier_string_rs
WARNING | 2021-11-30 16:03:19,414 | cle.backends.externs | Symbol was allocated without a known size; emulation may fail if it is used non-opaquely: tmpl_cmd_dcmi_set_power_limit_rs
WARNING | 2021-11-30 16:03:19,414 | cle.backends.externs | Symbol was allocated without a known size; emulation may fail if it is used non-opaquely: tmpl_cmd_dcmi_get_dcmi_capability_info_optional_platform_attributes_rs
WARNING | 2021-11-30 16:03:19,414 | cle.backends.externs | Symbol was allocated without a known size; emulation may fail if it is used non-opaquely: tmpl_dcmi_rolling_average_time_period
WARNING | 2021-11-30 16:03:19,415 | cle.backends.externs | Symbol was allocated without a known size; emulation may fail if it is used non-opaquely: tmpl_cmd_dcmi_activate_deactivate_power_limit_rs
WARNING | 2021-11-30 16:03:19,415 | cle.backends.externs | Symbol was allocated without a known size; emulation may fail if it is used non-opaquely: tmpl_cmd_dcmi_get_power_reading_rs
WARNING | 2021-11-30 16:03:19,415 | cle.backends.externs | Symbol was allocated without a known size; emulation may fail if it is used non-opaquely: tmpl_cmd_dcmi_get_dcmi_capability_info_manageability_access_attributes_rs
WARNING | 2021-11-30 16:03:19,415 | cle.backends.externs | Symbol was allocated without a known size; emulation may fail if it is used non-opaquely: tmpl_cmd_dcmi_get_management_controller_identifier_string_rs
WARNING | 2021-11-30 16:03:19,415 | cle.backends.externs | Symbol was allocated without a known size; emulation may fail if it is used non-opaquely: tmpl_cmd_dcmi_get_dcmi_capability_info_supported_dcmi_capabilities_rs
WARNING | 2021-11-30 16:03:19,415 | cle.backends.externs | Symbol was allocated without a known size; emulation may fail if it is used non-opaquely: tmpl_cmd_dcmi_get_dcmi_sensor_info_rs
WARNING | 2021-11-30 16:03:19,415 | cle.backends.externs | Symbol was allocated without a known size; emulation may fail if it is used non-opaquely: tmpl_cmd_dcmi_get_power_limit_rs
WARNING | 2021-11-30 16:03:19,421 | cle.loader | For more information about "Symbol was allocated without a known size", see https://docs.angr.io/extending-angr/environment#simdata
ERROR   | 2021-11-30 17:41:52,067 | root     | b'out of memory'
ERROR   | 2021-11-30 17:41:52,067 | root     | got an error while analyzing cbuf_copier
ERROR   | 2021-11-30 17:41:52,843 | root     | b'out of memory'
ERROR   | 2021-11-30 17:41:52,843 | root     | got an error while analyzing cbuf_dropper
ERROR   | 2021-11-30 17:41:53,513 | root     | b'out of memory'
ERROR   | 2021-11-30 17:41:53,513 | root     | got an error while analyzing cbuf_reader
ERROR   | 2021-11-30 17:41:54,183 | root     | b'out of memory'
ERROR   | 2021-11-30 17:41:54,184 | root     | got an error while analyzing cbuf_replayer
ERROR   | 2021-11-30 17:41:54,842 | root     | b'out of memory'
ERROR   | 2021-11-30 17:41:54,843 | root     | got an error while analyzing cbuf_writer
ERROR   | 2021-11-30 17:41:55,488 | root     | b'out of memory'
ERROR   | 2021-11-30 17:41:55,488 | root     | got an error while analyzing cbuf_grow
ERROR   | 2021-11-30 17:45:21,554 | root     | b'out of memory'
ERROR   | 2021-11-30 17:45:21,554 | root     | got an error while analyzing conffile_parse
ERROR   | 2021-11-30 17:51:28,082 | root     | b'out of memory'
ERROR   | 2021-11-30 17:51:28,082 | root     | got an error while analyzing hostrange_numstr
ERROR   | 2021-11-30 17:51:28,650 | root     | list index out of range
ERROR   | 2021-11-30 17:51:28,650 | root     | got an error while analyzing hostlist_new
ERROR   | 2021-11-30 17:51:29,197 | root     | b'out of memory'
ERROR   | 2021-11-30 17:51:29,198 | root     | got an error while analyzing hostlist_resize
ERROR   | 2021-11-30 17:51:29,731 | root     | b'out of memory'
ERROR   | 2021-11-30 17:51:29,731 | root     | got an error while analyzing hostlist_expand
ERROR   | 2021-11-30 17:51:30,271 | root     | b'out of memory'
ERROR   | 2021-11-30 17:51:30,271 | root     | got an error while analyzing hostlist_push_range
ERROR   | 2021-11-30 17:51:31,329 | root     | b'out of memory'
ERROR   | 2021-11-30 17:51:31,329 | root     | got an error while analyzing hostlist_insert_range
ERROR   | 2021-11-30 17:51:31,856 | root     | b'out of memory'
ERROR   | 2021-11-30 17:51:31,856 | root     | got an error while analyzing hostlist_delete_range
ERROR   | 2021-11-30 17:54:34,184 | root     | b'out of memory'
ERROR   | 2021-11-30 17:54:34,184 | root     | got an error while analyzing hostlist_shift_iterators
ERROR   | 2021-11-30 17:54:34,766 | root     | b'out of memory'
ERROR   | 2021-11-30 17:54:34,766 | root     | got an error while analyzing hostlist_shift
ERROR   | 2021-11-30 17:54:35,323 | root     | b'out of memory'
ERROR   | 2021-11-30 17:54:35,323 | root     | got an error while analyzing hostlist_pop_range
ERROR   | 2021-11-30 17:54:36,626 | root     | b'out of memory'
ERROR   | 2021-11-30 17:54:36,626 | root     | got an error while analyzing hostlist_delete
ERROR   | 2021-11-30 17:54:37,882 | root     | b'out of memory'
ERROR   | 2021-11-30 17:54:37,882 | root     | got an error while analyzing hostlist_nth
ERROR   | 2021-11-30 17:54:38,457 | root     | b'out of memory'
ERROR   | 2021-11-30 17:54:38,457 | root     | got an error while analyzing hostlist_delete_nth
ERROR   | 2021-11-30 17:54:39,013 | root     | b'out of memory'
ERROR   | 2021-11-30 17:54:39,013 | root     | got an error while analyzing hostlist_count
ERROR   | 2021-11-30 18:00:21,066 | root     | b'out of memory'
ERROR   | 2021-11-30 18:00:21,067 | root     | got an error while analyzing hostlist_uniq
ERROR   | 2021-11-30 18:00:21,644 | root     | b'out of memory'
ERROR   | 2021-11-30 18:00:21,644 | root     | got an error while analyzing hostlist_deranged_string
ERROR   | 2021-11-30 18:00:22,230 | root     | b'out of memory'
ERROR   | 2021-11-30 18:00:22,230 | root     | got an error while analyzing hostlist_ranged_string
ERROR   | 2021-11-30 18:00:23,515 | root     | b'out of memory'
ERROR   | 2021-11-30 18:00:23,516 | root     | got an error while analyzing hostlist_iterator_create
ERROR   | 2021-11-30 18:00:24,076 | root     | b'out of memory'
ERROR   | 2021-11-30 18:00:24,076 | root     | got an error while analyzing hostset_iterator_create
ERROR   | 2021-11-30 18:00:24,632 | root     | b'out of memory'
ERROR   | 2021-11-30 18:00:24,632 | root     | got an error while analyzing hostlist_iterator_reset
ERROR   | 2021-11-30 18:00:25,833 | root     | b'out of memory'
ERROR   | 2021-11-30 18:00:25,833 | root     | got an error while analyzing hostlist_next
ERROR   | 2021-11-30 18:00:26,408 | root     | b'out of memory'
ERROR   | 2021-11-30 18:00:26,408 | root     | got an error while analyzing hostlist_next_range
ERROR   | 2021-11-30 18:00:26,964 | root     | b'out of memory'
ERROR   | 2021-11-30 18:00:26,965 | root     | got an error while analyzing hostlist_remove
ERROR   | 2021-11-30 18:03:05,778 | root     | b'out of memory'
ERROR   | 2021-11-30 18:03:05,779 | root     | got an error while analyzing hostset_delete
ERROR   | 2021-11-30 18:03:06,569 | root     | b'out of memory'
ERROR   | 2021-11-30 18:03:06,569 | root     | got an error while analyzing hostset_delete_host
ERROR   | 2021-11-30 18:03:07,344 | root     | b'out of memory'
ERROR   | 2021-11-30 18:03:07,344 | root     | got an error while analyzing hostset_shift
ERROR   | 2021-11-30 18:03:08,131 | root     | b'out of memory'
ERROR   | 2021-11-30 18:03:08,131 | root     | got an error while analyzing hostset_pop
ERROR   | 2021-11-30 18:03:08,908 | root     | b'out of memory'
ERROR   | 2021-11-30 18:03:08,908 | root     | got an error while analyzing hostset_shift_range
ERROR   | 2021-11-30 18:03:09,704 | root     | b'out of memory'
ERROR   | 2021-11-30 18:03:09,705 | root     | got an error while analyzing hostset_pop_range
ERROR   | 2021-11-30 18:03:10,498 | root     | b'out of memory'
ERROR   | 2021-11-30 18:03:10,498 | root     | got an error while analyzing hostset_count
ERROR   | 2021-11-30 18:03:11,275 | root     | b'out of memory'
ERROR   | 2021-11-30 18:03:11,275 | root     | got an error while analyzing hostset_ranged_string
ERROR   | 2021-11-30 18:03:12,052 | root     | b'out of memory'
ERROR   | 2021-11-30 18:03:12,052 | root     | got an error while analyzing hostset_deranged_string
ERROR   | 2021-11-30 18:03:13,870 | root     | b'out of memory'
ERROR   | 2021-11-30 18:03:13,870 | root     | got an error while analyzing list_create
ERROR   | 2021-11-30 18:03:14,403 | root     | b'out of memory'
ERROR   | 2021-11-30 18:03:14,403 | root     | got an error while analyzing list_destroy
ERROR   | 2021-11-30 18:04:52,622 | root     | b'out of memory'
ERROR   | 2021-11-30 18:04:52,622 | root     | got an error while analyzing list_enqueue
ERROR   | 2021-11-30 18:04:54,253 | root     | b'out of memory'
ERROR   | 2021-11-30 18:04:54,253 | root     | got an error while analyzing list_iterator_reset
ERROR   | 2021-11-30 18:04:54,781 | root     | b'out of memory'
ERROR   | 2021-11-30 18:04:54,781 | root     | got an error while analyzing list_iterator_destroy
ERROR   | 2021-11-30 18:04:55,300 | root     | b'out of memory'
ERROR   | 2021-11-30 18:04:55,300 | root     | got an error while analyzing list_next
ERROR   | 2021-11-30 18:04:55,825 | root     | b'out of memory'
ERROR   | 2021-11-30 18:04:55,826 | root     | got an error while analyzing list_insert
ERROR   | 2021-11-30 18:07:24,003 | root     | b'out of memory'
ERROR   | 2021-11-30 18:07:24,003 | root     | got an error while analyzing list_node_create
ERROR   | 2021-11-30 18:10:30,627 | root     | b'out of memory'
ERROR   | 2021-11-30 18:10:30,627 | root     | got an error while analyzing parse_kg
ERROR   | 2021-11-30 18:10:31,161 | root     | b'out of memory'
ERROR   | 2021-11-30 18:10:31,162 | root     | got an error while analyzing parse_get_freeipmi_outofband_flags
ERROR   | 2021-11-30 18:10:31,686 | root     | b'out of memory'
ERROR   | 2021-11-30 18:10:31,686 | root     | got an error while analyzing parse_get_freeipmi_outofband_2_0_flags
ERROR   | 2021-11-30 18:10:32,203 | root     | b'out of memory'
ERROR   | 2021-11-30 18:10:32,203 | root     | got an error while analyzing parse_get_freeipmi_inband_flags
