gcc-5__Ou__freeipmi__ipmi-dcmi have 265 funcs
analyzing gcc-5__Ou__freeipmi__ipmi-dcmi/deregister_tm_clones
started running deregister_tm_clones
finished deregister_tm_clones
removing targets
analyzing gcc-5__Ou__freeipmi__ipmi-dcmi/register_tm_clones
started running register_tm_clones
finished register_tm_clones
removing targets
analyzing gcc-5__Ou__freeipmi__ipmi-dcmi/frame_dummy
started running frame_dummy
finished frame_dummy
removing targets
analyzing gcc-5__Ou__freeipmi__ipmi-dcmi/get_dcmi_capability_info
started running get_dcmi_capability_info
finished get_dcmi_capability_info
analyzing gcc-5__Ou__freeipmi__ipmi-dcmi/get_asset_tag
started running get_asset_tag
finished get_asset_tag
analyzing gcc-5__Ou__freeipmi__ipmi-dcmi/set_asset_tag
started running set_asset_tag
finished set_asset_tag
analyzing gcc-5__Ou__freeipmi__ipmi-dcmi/get_management_controller_identifier_string
started running get_management_controller_identifier_string
finished get_management_controller_identifier_string
analyzing gcc-5__Ou__freeipmi__ipmi-dcmi/set_management_controller_identifier_string
started running set_management_controller_identifier_string
finished set_management_controller_identifier_string
analyzing gcc-5__Ou__freeipmi__ipmi-dcmi/get_dcmi_sensor_info
started running get_dcmi_sensor_info
finished get_dcmi_sensor_info
analyzing gcc-5__Ou__freeipmi__ipmi-dcmi/get_system_power_statistics
started running get_system_power_statistics
finished get_system_power_statistics
analyzing gcc-5__Ou__freeipmi__ipmi-dcmi/get_enhanced_system_power_statistics
started running get_enhanced_system_power_statistics
finished get_enhanced_system_power_statistics
analyzing gcc-5__Ou__freeipmi__ipmi-dcmi/get_power_limit
started running get_power_limit
finished get_power_limit
analyzing gcc-5__Ou__freeipmi__ipmi-dcmi/set_power_limit
started running set_power_limit
finished set_power_limit
analyzing gcc-5__Ou__freeipmi__ipmi-dcmi/activate_deactivate_power_limit
started running activate_deactivate_power_limit
finished activate_deactivate_power_limit
analyzing gcc-5__Ou__freeipmi__ipmi-dcmi/run_cmd_args
started running run_cmd_args
finished run_cmd_args
removing targets
analyzing gcc-5__Ou__freeipmi__ipmi-dcmi/cmdline_parse
started running cmdline_parse
finished cmdline_parse
removing targets
analyzing gcc-5__Ou__freeipmi__ipmi-dcmi/ipmi_dcmi_argp_parse
started running ipmi_dcmi_argp_parse
finished ipmi_dcmi_argp_parse
analyzing gcc-5__Ou__freeipmi__ipmi-dcmi/pstdout_init
started running pstdout_init
finished pstdout_init
removing targets
analyzing gcc-5__Ou__freeipmi__ipmi-dcmi/pstdout_strerror
started running pstdout_strerror
finished pstdout_strerror
removing targets
analyzing gcc-5__Ou__freeipmi__ipmi-dcmi/pstdout_set_debug_flags
started running pstdout_set_debug_flags
finished pstdout_set_debug_flags
removing targets
analyzing gcc-5__Ou__freeipmi__ipmi-dcmi/pstdout_get_debug_flags
started running pstdout_get_debug_flags
finished pstdout_get_debug_flags
analyzing gcc-5__Ou__freeipmi__ipmi-dcmi/pstdout_set_output_flags
started running pstdout_set_output_flags
finished pstdout_set_output_flags
removing targets
analyzing gcc-5__Ou__freeipmi__ipmi-dcmi/pstdout_get_output_flags
started running pstdout_get_output_flags
finished pstdout_get_output_flags
analyzing gcc-5__Ou__freeipmi__ipmi-dcmi/pstdout_set_fanout
started running pstdout_set_fanout
finished pstdout_set_fanout
removing targets
analyzing gcc-5__Ou__freeipmi__ipmi-dcmi/pstdout_get_fanout
started running pstdout_get_fanout
finished pstdout_get_fanout
analyzing gcc-5__Ou__freeipmi__ipmi-dcmi/pstdout_hostnames_count
started running pstdout_hostnames_count
finished pstdout_hostnames_count
removing targets
analyzing gcc-5__Ou__freeipmi__ipmi-dcmi/pstdout_printf
started running pstdout_printf
finished pstdout_printf
removing targets
analyzing gcc-5__Ou__freeipmi__ipmi-dcmi/pstdout_vprintf
started running pstdout_vprintf
finished pstdout_vprintf
removing targets
analyzing gcc-5__Ou__freeipmi__ipmi-dcmi/pstdout_fprintf
started running pstdout_fprintf
finished pstdout_fprintf
removing targets
analyzing gcc-5__Ou__freeipmi__ipmi-dcmi/pstdout_vfprintf
started running pstdout_vfprintf
finished pstdout_vfprintf
removing targets
analyzing gcc-5__Ou__freeipmi__ipmi-dcmi/pstdout_perror
started running pstdout_perror
finished pstdout_perror
removing targets
analyzing gcc-5__Ou__freeipmi__ipmi-dcmi/pstdout_launch
started running pstdout_launch
finished pstdout_launch
removing targets
analyzing gcc-5__Ou__freeipmi__ipmi-dcmi/PSTDOUT_PRINTF
started running PSTDOUT_PRINTF
finished PSTDOUT_PRINTF
removing targets
analyzing gcc-5__Ou__freeipmi__ipmi-dcmi/PSTDOUT_FPRINTF
started running PSTDOUT_FPRINTF
finished PSTDOUT_FPRINTF
removing targets
analyzing gcc-5__Ou__freeipmi__ipmi-dcmi/PSTDOUT_PERROR
started running PSTDOUT_PERROR
finished PSTDOUT_PERROR
removing targets
analyzing gcc-5__Ou__freeipmi__ipmi-dcmi/ipmi_open
started running ipmi_open
finished ipmi_open
analyzing gcc-5__Ou__freeipmi__ipmi-dcmi/config_file_parse
started running config_file_parse
finished config_file_parse
analyzing gcc-5__Ou__freeipmi__ipmi-dcmi/cmdline_config_file_parse
started running cmdline_config_file_parse
finished cmdline_config_file_parse
removing targets
analyzing gcc-5__Ou__freeipmi__ipmi-dcmi/common_parse_opt
started running common_parse_opt
finished common_parse_opt
removing targets
analyzing gcc-5__Ou__freeipmi__ipmi-dcmi/init_common_cmd_args_user
started running init_common_cmd_args_user
finished init_common_cmd_args_user
analyzing gcc-5__Ou__freeipmi__ipmi-dcmi/init_common_cmd_args_operator
started running init_common_cmd_args_operator
finished init_common_cmd_args_operator
analyzing gcc-5__Ou__freeipmi__ipmi-dcmi/init_common_cmd_args_admin
started running init_common_cmd_args_admin
finished init_common_cmd_args_admin
analyzing gcc-5__Ou__freeipmi__ipmi-dcmi/verify_common_cmd_args_inband
started running verify_common_cmd_args_inband
finished verify_common_cmd_args_inband
removing targets
analyzing gcc-5__Ou__freeipmi__ipmi-dcmi/verify_common_cmd_args_outofband
started running verify_common_cmd_args_outofband
finished verify_common_cmd_args_outofband
removing targets
analyzing gcc-5__Ou__freeipmi__ipmi-dcmi/verify_common_cmd_args
started running verify_common_cmd_args
finished verify_common_cmd_args
analyzing gcc-5__Ou__freeipmi__ipmi-dcmi/eliminate_nodes
started running eliminate_nodes
finished eliminate_nodes
analyzing gcc-5__Ou__freeipmi__ipmi-dcmi/pstdout_setup
started running pstdout_setup
finished pstdout_setup
analyzing gcc-5__Ou__freeipmi__ipmi-dcmi/ipmi_is_root
started running ipmi_is_root
finished ipmi_is_root
analyzing gcc-5__Ou__freeipmi__ipmi-dcmi/ipmi_disable_coredump
started running ipmi_disable_coredump
finished ipmi_disable_coredump
analyzing gcc-5__Ou__freeipmi__ipmi-dcmi/check_kg_len
started running check_kg_len
finished check_kg_len
removing targets
analyzing gcc-5__Ou__freeipmi__ipmi-dcmi/format_kg
started running format_kg
finished format_kg
removing targets
analyzing gcc-5__Ou__freeipmi__ipmi-dcmi/get_timestamp_flags
started running get_timestamp_flags
finished get_timestamp_flags
removing targets
analyzing gcc-5__Ou__freeipmi__ipmi-dcmi/cbuf_create
started running cbuf_create
finished cbuf_create
removing targets
analyzing gcc-5__Ou__freeipmi__ipmi-dcmi/cbuf_destroy
started running cbuf_destroy
finished cbuf_destroy
analyzing gcc-5__Ou__freeipmi__ipmi-dcmi/cbuf_flush
started running cbuf_flush
finished cbuf_flush
analyzing gcc-5__Ou__freeipmi__ipmi-dcmi/cbuf_size
started running cbuf_size
finished cbuf_size
analyzing gcc-5__Ou__freeipmi__ipmi-dcmi/cbuf_free
started running cbuf_free
finished cbuf_free
analyzing gcc-5__Ou__freeipmi__ipmi-dcmi/cbuf_used
started running cbuf_used
finished cbuf_used
analyzing gcc-5__Ou__freeipmi__ipmi-dcmi/cbuf_lines_used
started running cbuf_lines_used
finished cbuf_lines_used
analyzing gcc-5__Ou__freeipmi__ipmi-dcmi/cbuf_reused
started running cbuf_reused
finished cbuf_reused
analyzing gcc-5__Ou__freeipmi__ipmi-dcmi/cbuf_lines_reused
started running cbuf_lines_reused
finished cbuf_lines_reused
analyzing gcc-5__Ou__freeipmi__ipmi-dcmi/cbuf_is_empty
started running cbuf_is_empty
finished cbuf_is_empty
analyzing gcc-5__Ou__freeipmi__ipmi-dcmi/cbuf_opt_get
started running cbuf_opt_get
finished cbuf_opt_get
removing targets
analyzing gcc-5__Ou__freeipmi__ipmi-dcmi/cbuf_opt_set
started running cbuf_opt_set
finished cbuf_opt_set
removing targets
analyzing gcc-5__Ou__freeipmi__ipmi-dcmi/cbuf_drop
started running cbuf_drop
finished cbuf_drop
removing targets
analyzing gcc-5__Ou__freeipmi__ipmi-dcmi/cbuf_peek
started running cbuf_peek
finished cbuf_peek
removing targets
analyzing gcc-5__Ou__freeipmi__ipmi-dcmi/cbuf_read
started running cbuf_read
finished cbuf_read
removing targets
analyzing gcc-5__Ou__freeipmi__ipmi-dcmi/cbuf_replay
started running cbuf_replay
finished cbuf_replay
removing targets
analyzing gcc-5__Ou__freeipmi__ipmi-dcmi/cbuf_rewind
started running cbuf_rewind
finished cbuf_rewind
removing targets
analyzing gcc-5__Ou__freeipmi__ipmi-dcmi/cbuf_write
started running cbuf_write
finished cbuf_write
removing targets
analyzing gcc-5__Ou__freeipmi__ipmi-dcmi/cbuf_drop_line
started running cbuf_drop_line
finished cbuf_drop_line
removing targets
analyzing gcc-5__Ou__freeipmi__ipmi-dcmi/cbuf_peek_line
started running cbuf_peek_line
finished cbuf_peek_line
removing targets
analyzing gcc-5__Ou__freeipmi__ipmi-dcmi/cbuf_read_line
started running cbuf_read_line
finished cbuf_read_line
removing targets
analyzing gcc-5__Ou__freeipmi__ipmi-dcmi/cbuf_replay_line
started running cbuf_replay_line
finished cbuf_replay_line
removing targets
analyzing gcc-5__Ou__freeipmi__ipmi-dcmi/cbuf_rewind_line
started running cbuf_rewind_line
finished cbuf_rewind_line
removing targets
analyzing gcc-5__Ou__freeipmi__ipmi-dcmi/cbuf_write_line
started running cbuf_write_line
finished cbuf_write_line
removing targets
analyzing gcc-5__Ou__freeipmi__ipmi-dcmi/cbuf_peek_to_fd
started running cbuf_peek_to_fd
finished cbuf_peek_to_fd
removing targets
analyzing gcc-5__Ou__freeipmi__ipmi-dcmi/cbuf_read_to_fd
started running cbuf_read_to_fd
finished cbuf_read_to_fd
removing targets
analyzing gcc-5__Ou__freeipmi__ipmi-dcmi/cbuf_replay_to_fd
started running cbuf_replay_to_fd
finished cbuf_replay_to_fd
removing targets
analyzing gcc-5__Ou__freeipmi__ipmi-dcmi/cbuf_write_from_fd
started running cbuf_write_from_fd
finished cbuf_write_from_fd
removing targets
analyzing gcc-5__Ou__freeipmi__ipmi-dcmi/cbuf_copy
started running cbuf_copy
finished cbuf_copy
removing targets
analyzing gcc-5__Ou__freeipmi__ipmi-dcmi/cbuf_move
started running cbuf_move
finished cbuf_move
removing targets
analyzing gcc-5__Ou__freeipmi__ipmi-dcmi/cbuf_find_replay_line
started running cbuf_find_replay_line
stopped exploration
finished cbuf_find_replay_line
removing targets
analyzing gcc-5__Ou__freeipmi__ipmi-dcmi/cbuf_find_unread_line
started running cbuf_find_unread_line
stopped exploration
finished cbuf_find_unread_line
removing targets
analyzing gcc-5__Ou__freeipmi__ipmi-dcmi/cbuf_get_fd
started running cbuf_get_fd
finished cbuf_get_fd
analyzing gcc-5__Ou__freeipmi__ipmi-dcmi/cbuf_get_mem
started running cbuf_get_mem
finished cbuf_get_mem
analyzing gcc-5__Ou__freeipmi__ipmi-dcmi/cbuf_put_fd
started running cbuf_put_fd
finished cbuf_put_fd
analyzing gcc-5__Ou__freeipmi__ipmi-dcmi/cbuf_put_mem
started running cbuf_put_mem
finished cbuf_put_mem
analyzing gcc-5__Ou__freeipmi__ipmi-dcmi/cbuf_copier
started running cbuf_copier
analyzing gcc-5__Ou__freeipmi__ipmi-dcmi/cbuf_dropper
started running cbuf_dropper
analyzing gcc-5__Ou__freeipmi__ipmi-dcmi/cbuf_reader
started running cbuf_reader
analyzing gcc-5__Ou__freeipmi__ipmi-dcmi/cbuf_replayer
started running cbuf_replayer
analyzing gcc-5__Ou__freeipmi__ipmi-dcmi/cbuf_writer
started running cbuf_writer
analyzing gcc-5__Ou__freeipmi__ipmi-dcmi/cbuf_grow
started running cbuf_grow
analyzing gcc-5__Ou__freeipmi__ipmi-dcmi/cbuf_shrink
started running cbuf_shrink
finished cbuf_shrink
removing targets
analyzing gcc-5__Ou__freeipmi__ipmi-dcmi/conffile_handle_create
started running conffile_handle_create
finished conffile_handle_create
analyzing gcc-5__Ou__freeipmi__ipmi-dcmi/conffile_handle_destroy
started running conffile_handle_destroy
finished conffile_handle_destroy
removing targets
analyzing gcc-5__Ou__freeipmi__ipmi-dcmi/conffile_errnum
started running conffile_errnum
finished conffile_errnum
removing targets
analyzing gcc-5__Ou__freeipmi__ipmi-dcmi/conffile_errmsg
started running conffile_errmsg
finished conffile_errmsg
removing targets
analyzing gcc-5__Ou__freeipmi__ipmi-dcmi/conffile_seterrnum
started running conffile_seterrnum
finished conffile_seterrnum
removing targets
analyzing gcc-5__Ou__freeipmi__ipmi-dcmi/conffile_line_number
started running conffile_line_number
finished conffile_line_number
removing targets
analyzing gcc-5__Ou__freeipmi__ipmi-dcmi/conffile_parse
started running conffile_parse
analyzing gcc-5__Ou__freeipmi__ipmi-dcmi/conffile_empty
started running conffile_empty
finished conffile_empty
analyzing gcc-5__Ou__freeipmi__ipmi-dcmi/conffile_bool
started running conffile_bool
finished conffile_bool
removing targets
analyzing gcc-5__Ou__freeipmi__ipmi-dcmi/conffile_int
started running conffile_int
finished conffile_int
removing targets
analyzing gcc-5__Ou__freeipmi__ipmi-dcmi/conffile_double
started running conffile_double
finished conffile_double
removing targets
analyzing gcc-5__Ou__freeipmi__ipmi-dcmi/conffile_string
started running conffile_string
finished conffile_string
removing targets
analyzing gcc-5__Ou__freeipmi__ipmi-dcmi/fd_read_n
started running fd_read_n
finished fd_read_n
removing targets
analyzing gcc-5__Ou__freeipmi__ipmi-dcmi/fd_write_n
started running fd_write_n
finished fd_write_n
removing targets
analyzing gcc-5__Ou__freeipmi__ipmi-dcmi/fd_read_line
started running fd_read_line
finished fd_read_line
removing targets
analyzing gcc-5__Ou__freeipmi__ipmi-dcmi/fd_get_read_lock
started running fd_get_read_lock
finished fd_get_read_lock
analyzing gcc-5__Ou__freeipmi__ipmi-dcmi/fd_get_readw_lock
started running fd_get_readw_lock
finished fd_get_readw_lock
analyzing gcc-5__Ou__freeipmi__ipmi-dcmi/fd_get_write_lock
started running fd_get_write_lock
finished fd_get_write_lock
analyzing gcc-5__Ou__freeipmi__ipmi-dcmi/fd_get_writew_lock
started running fd_get_writew_lock
finished fd_get_writew_lock
analyzing gcc-5__Ou__freeipmi__ipmi-dcmi/fd_release_lock
started running fd_release_lock
finished fd_release_lock
analyzing gcc-5__Ou__freeipmi__ipmi-dcmi/fd_is_read_lock_blocked
started running fd_is_read_lock_blocked
finished fd_is_read_lock_blocked
analyzing gcc-5__Ou__freeipmi__ipmi-dcmi/fd_is_write_lock_blocked
started running fd_is_write_lock_blocked
finished fd_is_write_lock_blocked
analyzing gcc-5__Ou__freeipmi__ipmi-dcmi/fd_set_close_on_exec
started running fd_set_close_on_exec
finished fd_set_close_on_exec
analyzing gcc-5__Ou__freeipmi__ipmi-dcmi/fd_set_nonblocking
started running fd_set_nonblocking
finished fd_set_nonblocking
analyzing gcc-5__Ou__freeipmi__ipmi-dcmi/fi_hostlist_create
started running fi_hostlist_create
finished fi_hostlist_create
analyzing gcc-5__Ou__freeipmi__ipmi-dcmi/fi_hostlist_copy
started running fi_hostlist_copy
finished fi_hostlist_copy
analyzing gcc-5__Ou__freeipmi__ipmi-dcmi/fi_hostlist_destroy
started running fi_hostlist_destroy
finished fi_hostlist_destroy
removing targets
analyzing gcc-5__Ou__freeipmi__ipmi-dcmi/fi_hostlist_push
started running fi_hostlist_push
finished fi_hostlist_push
analyzing gcc-5__Ou__freeipmi__ipmi-dcmi/fi_hostlist_push_host
started running fi_hostlist_push_host
finished fi_hostlist_push_host
analyzing gcc-5__Ou__freeipmi__ipmi-dcmi/fi_hostlist_push_list
started running fi_hostlist_push_list
finished fi_hostlist_push_list
analyzing gcc-5__Ou__freeipmi__ipmi-dcmi/fi_hostlist_find
started running fi_hostlist_find
finished fi_hostlist_find
analyzing gcc-5__Ou__freeipmi__ipmi-dcmi/fi_hostlist_delete
started running fi_hostlist_delete
finished fi_hostlist_delete
analyzing gcc-5__Ou__freeipmi__ipmi-dcmi/fi_hostlist_delete_host
started running fi_hostlist_delete_host
finished fi_hostlist_delete_host
analyzing gcc-5__Ou__freeipmi__ipmi-dcmi/fi_hostlist_count
started running fi_hostlist_count
finished fi_hostlist_count
analyzing gcc-5__Ou__freeipmi__ipmi-dcmi/fi_hostlist_sort
started running fi_hostlist_sort
finished fi_hostlist_sort
analyzing gcc-5__Ou__freeipmi__ipmi-dcmi/fi_hostlist_uniq
started running fi_hostlist_uniq
finished fi_hostlist_uniq
analyzing gcc-5__Ou__freeipmi__ipmi-dcmi/fi_hostlist_ranged_string
started running fi_hostlist_ranged_string
finished fi_hostlist_ranged_string
analyzing gcc-5__Ou__freeipmi__ipmi-dcmi/fi_hostlist_deranged_string
started running fi_hostlist_deranged_string
finished fi_hostlist_deranged_string
analyzing gcc-5__Ou__freeipmi__ipmi-dcmi/fi_hostlist_iterator_create
started running fi_hostlist_iterator_create
finished fi_hostlist_iterator_create
analyzing gcc-5__Ou__freeipmi__ipmi-dcmi/fi_hostlist_iterator_destroy
started running fi_hostlist_iterator_destroy
finished fi_hostlist_iterator_destroy
removing targets
analyzing gcc-5__Ou__freeipmi__ipmi-dcmi/fi_hostlist_iterator_reset
started running fi_hostlist_iterator_reset
finished fi_hostlist_iterator_reset
analyzing gcc-5__Ou__freeipmi__ipmi-dcmi/fi_hostlist_next
started running fi_hostlist_next
finished fi_hostlist_next
analyzing gcc-5__Ou__freeipmi__ipmi-dcmi/fi_hostlist_remove
started running fi_hostlist_remove
finished fi_hostlist_remove
analyzing gcc-5__Ou__freeipmi__ipmi-dcmi/host_prefix_end
started running host_prefix_end
finished host_prefix_end
analyzing gcc-5__Ou__freeipmi__ipmi-dcmi/hostname_create_with_suffix
started running hostname_create_with_suffix
finished hostname_create_with_suffix
analyzing gcc-5__Ou__freeipmi__ipmi-dcmi/hostname_create
started running hostname_create
finished hostname_create
analyzing gcc-5__Ou__freeipmi__ipmi-dcmi/hostname_destroy
started running hostname_destroy
finished hostname_destroy
removing targets
analyzing gcc-5__Ou__freeipmi__ipmi-dcmi/hostname_suffix_is_valid
started running hostname_suffix_is_valid
finished hostname_suffix_is_valid
analyzing gcc-5__Ou__freeipmi__ipmi-dcmi/hostname_suffix_width
started running hostname_suffix_width
finished hostname_suffix_width
analyzing gcc-5__Ou__freeipmi__ipmi-dcmi/hostrange_new
started running hostrange_new
finished hostrange_new
analyzing gcc-5__Ou__freeipmi__ipmi-dcmi/hostrange_create_single
started running hostrange_create_single
finished hostrange_create_single
analyzing gcc-5__Ou__freeipmi__ipmi-dcmi/hostrange_create
started running hostrange_create
finished hostrange_create
analyzing gcc-5__Ou__freeipmi__ipmi-dcmi/hostrange_count
started running hostrange_count
finished hostrange_count
removing targets
analyzing gcc-5__Ou__freeipmi__ipmi-dcmi/hostrange_copy
started running hostrange_copy
finished hostrange_copy
removing targets
analyzing gcc-5__Ou__freeipmi__ipmi-dcmi/hostrange_destroy
started running hostrange_destroy
finished hostrange_destroy
removing targets
analyzing gcc-5__Ou__freeipmi__ipmi-dcmi/hostrange_delete_host
started running hostrange_delete_host
finished hostrange_delete_host
removing targets
analyzing gcc-5__Ou__freeipmi__ipmi-dcmi/hostrange_cmp
started running hostrange_cmp
finished hostrange_cmp
analyzing gcc-5__Ou__freeipmi__ipmi-dcmi/hostrange_prefix_cmp
started running hostrange_prefix_cmp
finished hostrange_prefix_cmp
removing targets
analyzing gcc-5__Ou__freeipmi__ipmi-dcmi/hostrange_within_range
started running hostrange_within_range
finished hostrange_within_range
analyzing gcc-5__Ou__freeipmi__ipmi-dcmi/hostrange_width_combine
started running hostrange_width_combine
finished hostrange_width_combine
analyzing gcc-5__Ou__freeipmi__ipmi-dcmi/hostrange_empty
started running hostrange_empty
finished hostrange_empty
removing targets
analyzing gcc-5__Ou__freeipmi__ipmi-dcmi/hostrange_pop
started running hostrange_pop
finished hostrange_pop
removing targets
analyzing gcc-5__Ou__freeipmi__ipmi-dcmi/hostrange_shift
started running hostrange_shift
finished hostrange_shift
removing targets
analyzing gcc-5__Ou__freeipmi__ipmi-dcmi/hostrange_join
started running hostrange_join
finished hostrange_join
analyzing gcc-5__Ou__freeipmi__ipmi-dcmi/hostrange_intersect
started running hostrange_intersect
finished hostrange_intersect
removing targets
analyzing gcc-5__Ou__freeipmi__ipmi-dcmi/hostrange_hn_within
started running hostrange_hn_within
finished hostrange_hn_within
removing targets
analyzing gcc-5__Ou__freeipmi__ipmi-dcmi/hostrange_to_string
started running hostrange_to_string
finished hostrange_to_string
removing targets
analyzing gcc-5__Ou__freeipmi__ipmi-dcmi/hostrange_numstr
started running hostrange_numstr
analyzing gcc-5__Ou__freeipmi__ipmi-dcmi/hostlist_new
started running hostlist_new
finished hostlist_new
analyzing gcc-5__Ou__freeipmi__ipmi-dcmi/hostlist_resize
started running hostlist_resize
analyzing gcc-5__Ou__freeipmi__ipmi-dcmi/hostlist_expand
started running hostlist_expand
analyzing gcc-5__Ou__freeipmi__ipmi-dcmi/hostlist_push_range
started running hostlist_push_range
analyzing gcc-5__Ou__freeipmi__ipmi-dcmi/hostlist_push_hr
started running hostlist_push_hr
finished hostlist_push_hr
analyzing gcc-5__Ou__freeipmi__ipmi-dcmi/hostlist_insert_range
started running hostlist_insert_range
analyzing gcc-5__Ou__freeipmi__ipmi-dcmi/hostlist_delete_range
started running hostlist_delete_range
analyzing gcc-5__Ou__freeipmi__ipmi-dcmi/hostlist_create
started running hostlist_create
finished hostlist_create
analyzing gcc-5__Ou__freeipmi__ipmi-dcmi/hostlist_copy
started running hostlist_copy
finished hostlist_copy
removing targets
analyzing gcc-5__Ou__freeipmi__ipmi-dcmi/hostlist_destroy
started running hostlist_destroy
finished hostlist_destroy
removing targets
analyzing gcc-5__Ou__freeipmi__ipmi-dcmi/hostlist_push
started running hostlist_push
finished hostlist_push
removing targets
analyzing gcc-5__Ou__freeipmi__ipmi-dcmi/hostlist_push_host
started running hostlist_push_host
finished hostlist_push_host
removing targets
analyzing gcc-5__Ou__freeipmi__ipmi-dcmi/hostlist_push_list
started running hostlist_push_list
finished hostlist_push_list
removing targets
analyzing gcc-5__Ou__freeipmi__ipmi-dcmi/hostlist_pop
started running hostlist_pop
finished hostlist_pop
removing targets
analyzing gcc-5__Ou__freeipmi__ipmi-dcmi/hostlist_shift_iterators
started running hostlist_shift_iterators
analyzing gcc-5__Ou__freeipmi__ipmi-dcmi/hostlist_shift
started running hostlist_shift
analyzing gcc-5__Ou__freeipmi__ipmi-dcmi/hostlist_pop_range
started running hostlist_pop_range
analyzing gcc-5__Ou__freeipmi__ipmi-dcmi/hostlist_shift_range
started running hostlist_shift_range
finished hostlist_shift_range
analyzing gcc-5__Ou__freeipmi__ipmi-dcmi/hostlist_delete
started running hostlist_delete
analyzing gcc-5__Ou__freeipmi__ipmi-dcmi/hostlist_delete_host
started running hostlist_delete_host
finished hostlist_delete_host
analyzing gcc-5__Ou__freeipmi__ipmi-dcmi/hostlist_nth
started running hostlist_nth
analyzing gcc-5__Ou__freeipmi__ipmi-dcmi/hostlist_delete_nth
started running hostlist_delete_nth
analyzing gcc-5__Ou__freeipmi__ipmi-dcmi/hostlist_count
started running hostlist_count
analyzing gcc-5__Ou__freeipmi__ipmi-dcmi/hostlist_find
started running hostlist_find
finished hostlist_find
removing targets
analyzing gcc-5__Ou__freeipmi__ipmi-dcmi/hostlist_sort
started running hostlist_sort
finished hostlist_sort
removing targets
analyzing gcc-5__Ou__freeipmi__ipmi-dcmi/hostlist_collapse
started running hostlist_collapse
finished hostlist_collapse
removing targets
analyzing gcc-5__Ou__freeipmi__ipmi-dcmi/hostlist_coalesce
started running hostlist_coalesce
finished hostlist_coalesce
removing targets
analyzing gcc-5__Ou__freeipmi__ipmi-dcmi/hostlist_uniq
started running hostlist_uniq
analyzing gcc-5__Ou__freeipmi__ipmi-dcmi/hostlist_deranged_string
started running hostlist_deranged_string
analyzing gcc-5__Ou__freeipmi__ipmi-dcmi/hostlist_ranged_string
started running hostlist_ranged_string
analyzing gcc-5__Ou__freeipmi__ipmi-dcmi/hostlist_iterator_new
started running hostlist_iterator_new
finished hostlist_iterator_new
analyzing gcc-5__Ou__freeipmi__ipmi-dcmi/hostlist_iterator_create
started running hostlist_iterator_create
analyzing gcc-5__Ou__freeipmi__ipmi-dcmi/hostset_iterator_create
started running hostset_iterator_create
analyzing gcc-5__Ou__freeipmi__ipmi-dcmi/hostlist_iterator_reset
started running hostlist_iterator_reset
analyzing gcc-5__Ou__freeipmi__ipmi-dcmi/hostlist_iterator_destroy
started running hostlist_iterator_destroy
finished hostlist_iterator_destroy
removing targets
analyzing gcc-5__Ou__freeipmi__ipmi-dcmi/hostlist_next
started running hostlist_next
analyzing gcc-5__Ou__freeipmi__ipmi-dcmi/hostlist_next_range
started running hostlist_next_range
analyzing gcc-5__Ou__freeipmi__ipmi-dcmi/hostlist_remove
started running hostlist_remove
analyzing gcc-5__Ou__freeipmi__ipmi-dcmi/hostset_create
started running hostset_create
finished hostset_create
analyzing gcc-5__Ou__freeipmi__ipmi-dcmi/hostset_copy
started running hostset_copy
finished hostset_copy
analyzing gcc-5__Ou__freeipmi__ipmi-dcmi/hostset_destroy
started running hostset_destroy
finished hostset_destroy
removing targets
analyzing gcc-5__Ou__freeipmi__ipmi-dcmi/hostset_insert_range
started running hostset_insert_range
finished hostset_insert_range
removing targets
analyzing gcc-5__Ou__freeipmi__ipmi-dcmi/hostset_insert
started running hostset_insert
finished hostset_insert
analyzing gcc-5__Ou__freeipmi__ipmi-dcmi/hostset_find_host
started running hostset_find_host
finished hostset_find_host
analyzing gcc-5__Ou__freeipmi__ipmi-dcmi/hostset_within
started running hostset_within
finished hostset_within
analyzing gcc-5__Ou__freeipmi__ipmi-dcmi/hostset_delete
started running hostset_delete
analyzing gcc-5__Ou__freeipmi__ipmi-dcmi/hostset_delete_host
started running hostset_delete_host
analyzing gcc-5__Ou__freeipmi__ipmi-dcmi/hostset_shift
started running hostset_shift
analyzing gcc-5__Ou__freeipmi__ipmi-dcmi/hostset_pop
started running hostset_pop
analyzing gcc-5__Ou__freeipmi__ipmi-dcmi/hostset_shift_range
started running hostset_shift_range
analyzing gcc-5__Ou__freeipmi__ipmi-dcmi/hostset_pop_range
started running hostset_pop_range
analyzing gcc-5__Ou__freeipmi__ipmi-dcmi/hostset_count
started running hostset_count
analyzing gcc-5__Ou__freeipmi__ipmi-dcmi/hostset_ranged_string
started running hostset_ranged_string
analyzing gcc-5__Ou__freeipmi__ipmi-dcmi/hostset_deranged_string
started running hostset_deranged_string
analyzing gcc-5__Ou__freeipmi__ipmi-dcmi/list_create
started running list_create
analyzing gcc-5__Ou__freeipmi__ipmi-dcmi/list_destroy
started running list_destroy
analyzing gcc-5__Ou__freeipmi__ipmi-dcmi/list_is_empty
started running list_is_empty
finished list_is_empty
analyzing gcc-5__Ou__freeipmi__ipmi-dcmi/list_count
started running list_count
finished list_count
analyzing gcc-5__Ou__freeipmi__ipmi-dcmi/list_append
started running list_append
finished list_append
analyzing gcc-5__Ou__freeipmi__ipmi-dcmi/list_prepend
started running list_prepend
finished list_prepend
analyzing gcc-5__Ou__freeipmi__ipmi-dcmi/list_find_first
started running list_find_first
finished list_find_first
removing targets
analyzing gcc-5__Ou__freeipmi__ipmi-dcmi/list_delete_all
started running list_delete_all
finished list_delete_all
removing targets
analyzing gcc-5__Ou__freeipmi__ipmi-dcmi/list_for_each
started running list_for_each
finished list_for_each
removing targets
analyzing gcc-5__Ou__freeipmi__ipmi-dcmi/list_sort
started running list_sort
finished list_sort
removing targets
analyzing gcc-5__Ou__freeipmi__ipmi-dcmi/list_push
started running list_push
finished list_push
analyzing gcc-5__Ou__freeipmi__ipmi-dcmi/list_pop
started running list_pop
finished list_pop
analyzing gcc-5__Ou__freeipmi__ipmi-dcmi/list_peek
started running list_peek
finished list_peek
removing targets
analyzing gcc-5__Ou__freeipmi__ipmi-dcmi/list_enqueue
started running list_enqueue
analyzing gcc-5__Ou__freeipmi__ipmi-dcmi/list_dequeue
started running list_dequeue
finished list_dequeue
analyzing gcc-5__Ou__freeipmi__ipmi-dcmi/list_iterator_create
started running list_iterator_create
finished list_iterator_create
analyzing gcc-5__Ou__freeipmi__ipmi-dcmi/list_iterator_reset
started running list_iterator_reset
analyzing gcc-5__Ou__freeipmi__ipmi-dcmi/list_iterator_destroy
started running list_iterator_destroy
analyzing gcc-5__Ou__freeipmi__ipmi-dcmi/list_next
started running list_next
analyzing gcc-5__Ou__freeipmi__ipmi-dcmi/list_insert
started running list_insert
analyzing gcc-5__Ou__freeipmi__ipmi-dcmi/list_find
started running list_find
finished list_find
analyzing gcc-5__Ou__freeipmi__ipmi-dcmi/list_remove
started running list_remove
finished list_remove
removing targets
analyzing gcc-5__Ou__freeipmi__ipmi-dcmi/list_delete
started running list_delete
finished list_delete
analyzing gcc-5__Ou__freeipmi__ipmi-dcmi/list_node_create
started running list_node_create
analyzing gcc-5__Ou__freeipmi__ipmi-dcmi/list_node_destroy
started running list_node_destroy
finished list_node_destroy
removing targets
analyzing gcc-5__Ou__freeipmi__ipmi-dcmi/list_alloc
started running list_alloc
finished list_alloc
analyzing gcc-5__Ou__freeipmi__ipmi-dcmi/list_free
started running list_free
finished list_free
analyzing gcc-5__Ou__freeipmi__ipmi-dcmi/list_node_alloc
started running list_node_alloc
finished list_node_alloc
analyzing gcc-5__Ou__freeipmi__ipmi-dcmi/list_node_free
started running list_node_free
finished list_node_free
analyzing gcc-5__Ou__freeipmi__ipmi-dcmi/list_iterator_alloc
started running list_iterator_alloc
finished list_iterator_alloc
analyzing gcc-5__Ou__freeipmi__ipmi-dcmi/list_iterator_free
started running list_iterator_free
finished list_iterator_free
analyzing gcc-5__Ou__freeipmi__ipmi-dcmi/list_alloc_aux
started running list_alloc_aux
finished list_alloc_aux
analyzing gcc-5__Ou__freeipmi__ipmi-dcmi/list_free_aux
started running list_free_aux
finished list_free_aux
analyzing gcc-5__Ou__freeipmi__ipmi-dcmi/host_is_ipv6_with_port
started running host_is_ipv6_with_port
finished host_is_ipv6_with_port
analyzing gcc-5__Ou__freeipmi__ipmi-dcmi/host_is_host_with_port
started running host_is_host_with_port
finished host_is_host_with_port
analyzing gcc-5__Ou__freeipmi__ipmi-dcmi/host_is_valid
started running host_is_valid
finished host_is_valid
analyzing gcc-5__Ou__freeipmi__ipmi-dcmi/host_is_localhost
started running host_is_localhost
finished host_is_localhost
analyzing gcc-5__Ou__freeipmi__ipmi-dcmi/parse_inband_driver_type
started running parse_inband_driver_type
finished parse_inband_driver_type
analyzing gcc-5__Ou__freeipmi__ipmi-dcmi/parse_outofband_driver_type
started running parse_outofband_driver_type
finished parse_outofband_driver_type
analyzing gcc-5__Ou__freeipmi__ipmi-dcmi/parse_driver_type
started running parse_driver_type
finished parse_driver_type
analyzing gcc-5__Ou__freeipmi__ipmi-dcmi/parse_authentication_type
started running parse_authentication_type
finished parse_authentication_type
analyzing gcc-5__Ou__freeipmi__ipmi-dcmi/parse_privilege_level
started running parse_privilege_level
finished parse_privilege_level
analyzing gcc-5__Ou__freeipmi__ipmi-dcmi/parse_workaround_flags
started running parse_workaround_flags
finished parse_workaround_flags
analyzing gcc-5__Ou__freeipmi__ipmi-dcmi/parse_workaround_flags_tool
started running parse_workaround_flags_tool
finished parse_workaround_flags_tool
analyzing gcc-5__Ou__freeipmi__ipmi-dcmi/parse_kg
started running parse_kg
analyzing gcc-5__Ou__freeipmi__ipmi-dcmi/parse_get_freeipmi_outofband_flags
started running parse_get_freeipmi_outofband_flags
analyzing gcc-5__Ou__freeipmi__ipmi-dcmi/parse_get_freeipmi_outofband_2_0_flags
started running parse_get_freeipmi_outofband_2_0_flags
analyzing gcc-5__Ou__freeipmi__ipmi-dcmi/parse_get_freeipmi_inband_flags
started running parse_get_freeipmi_inband_flags
