WARNING | 2021-11-30 16:05:19,275 | cle.backends.externs | Symbol was allocated without a known size; emulation may fail if it is used non-opaquely: tmpl_cmd_get_device_id_rs
WARNING | 2021-11-30 16:05:19,275 | cle.backends.externs | Symbol was allocated without a known size; emulation may fail if it is used non-opaquely: ipmi_sensor_units
WARNING | 2021-11-30 16:05:19,275 | cle.backends.externs | Symbol was allocated without a known size; emulation may fail if it is used non-opaquely: ipmi_sensor_types
WARNING | 2021-11-30 16:05:19,276 | cle.backends.externs | Symbol was allocated without a known size; emulation may fail if it is used non-opaquely: ipmi_oem_sensor_type
WARNING | 2021-11-30 16:05:19,276 | cle.backends.externs | Symbol was allocated without a known size; emulation may fail if it is used non-opaquely: tmpl_cmd_oem_intel_node_manager_set_node_manager_alert_destination_rs
WARNING | 2021-11-30 16:05:19,276 | cle.backends.externs | Symbol was allocated without a known size; emulation may fail if it is used non-opaquely: ipmi_sensor_type_power_supply
WARNING | 2021-11-30 16:05:19,276 | cle.backends.externs | Symbol was allocated without a known size; emulation may fail if it is used non-opaquely: tmpl_cmd_oem_intel_node_manager_get_node_manager_statistics_rs
WARNING | 2021-11-30 16:05:19,276 | cle.backends.externs | Symbol was allocated without a known size; emulation may fail if it is used non-opaquely: tmpl_cmd_oem_intel_node_manager_set_turbo_synchronization_ratio_rs
WARNING | 2021-11-30 16:05:19,276 | cle.backends.externs | Symbol was allocated without a known size; emulation may fail if it is used non-opaquely: tmpl_cmd_oem_intel_node_manager_get_node_manager_capabilities_rs
WARNING | 2021-11-30 16:05:19,276 | cle.backends.externs | Symbol was allocated without a known size; emulation may fail if it is used non-opaquely: tmpl_cmd_oem_intel_node_manager_set_node_manager_policy_rs
WARNING | 2021-11-30 16:05:19,276 | cle.backends.externs | Symbol was allocated without a known size; emulation may fail if it is used non-opaquely: tmpl_cmd_oem_intel_node_manager_enable_disable_node_manager_policy_control_rs
WARNING | 2021-11-30 16:05:19,277 | cle.backends.externs | Symbol was allocated without a known size; emulation may fail if it is used non-opaquely: tmpl_cmd_set_lan_configuration_parameters_rs
WARNING | 2021-11-30 16:05:19,277 | cle.backends.externs | Symbol was allocated without a known size; emulation may fail if it is used non-opaquely: tmpl_cmd_get_user_name_rs
WARNING | 2021-11-30 16:05:19,277 | cle.backends.externs | Symbol was allocated without a known size; emulation may fail if it is used non-opaquely: tmpl_cmd_oem_intel_node_manager_set_node_manager_power_draw_range_rs
WARNING | 2021-11-30 16:05:19,277 | cle.backends.externs | Symbol was allocated without a known size; emulation may fail if it is used non-opaquely: tmpl_cmd_get_sensor_reading_rs
WARNING | 2021-11-30 16:05:19,277 | cle.backends.externs | Symbol was allocated without a known size; emulation may fail if it is used non-opaquely: tmpl_cmd_oem_intel_node_manager_set_node_manager_policy_suspend_periods_rs
WARNING | 2021-11-30 16:05:19,277 | cle.backends.externs | Symbol was allocated without a known size; emulation may fail if it is used non-opaquely: tmpl_cmd_set_sol_configuration_parameters_rs
WARNING | 2021-11-30 16:05:19,277 | cle.backends.externs | Symbol was allocated without a known size; emulation may fail if it is used non-opaquely: tmpl_cmd_oem_intel_node_manager_get_node_manager_alert_destination_rs
WARNING | 2021-11-30 16:05:19,277 | cle.backends.externs | Symbol was allocated without a known size; emulation may fail if it is used non-opaquely: tmpl_cmd_oem_intel_node_manager_reset_node_manager_statistics_rs
WARNING | 2021-11-30 16:05:19,278 | cle.backends.externs | Symbol was allocated without a known size; emulation may fail if it is used non-opaquely: tmpl_cmd_oem_intel_node_manager_get_node_manager_policy_alert_thresholds_rs
WARNING | 2021-11-30 16:05:19,278 | cle.backends.externs | Symbol was allocated without a known size; emulation may fail if it is used non-opaquely: tmpl_cmd_get_sol_configuration_parameters_rs
WARNING | 2021-11-30 16:05:19,278 | cle.backends.externs | Symbol was allocated without a known size; emulation may fail if it is used non-opaquely: tmpl_cmd_get_system_info_parameters_rs
WARNING | 2021-11-30 16:05:19,278 | cle.backends.externs | Symbol was allocated without a known size; emulation may fail if it is used non-opaquely: tmpl_cmd_oem_intel_node_manager_get_node_manager_policy_rs
WARNING | 2021-11-30 16:05:19,278 | cle.backends.externs | Symbol was allocated without a known size; emulation may fail if it is used non-opaquely: tmpl_cmd_oem_intel_node_manager_set_node_manager_policy_alert_thresholds_rs
WARNING | 2021-11-30 16:05:19,278 | cle.backends.externs | Symbol was allocated without a known size; emulation may fail if it is used non-opaquely: tmpl_cmd_get_lan_configuration_parameters_rs
WARNING | 2021-11-30 16:05:19,278 | cle.backends.externs | Symbol was allocated without a known size; emulation may fail if it is used non-opaquely: tmpl_cmd_oem_intel_node_manager_get_turbo_synchronization_ratio_rs
WARNING | 2021-11-30 16:05:19,278 | cle.backends.externs | Symbol was allocated without a known size; emulation may fail if it is used non-opaquely: tmpl_cmd_oem_intel_node_manager_get_node_manager_version_rs
WARNING | 2021-11-30 16:05:19,279 | cle.backends.externs | Symbol was allocated without a known size; emulation may fail if it is used non-opaquely: tmpl_cmd_master_write_read_rs
WARNING | 2021-11-30 16:05:19,279 | cle.backends.externs | Symbol was allocated without a known size; emulation may fail if it is used non-opaquely: tmpl_cmd_get_user_access_rs
WARNING | 2021-11-30 16:05:19,279 | cle.backends.externs | Symbol was allocated without a known size; emulation may fail if it is used non-opaquely: tmpl_cmd_set_system_info_parameters_rs
WARNING | 2021-11-30 16:05:19,279 | cle.backends.externs | Symbol was allocated without a known size; emulation may fail if it is used non-opaquely: tmpl_cmd_oem_intel_node_manager_get_node_manager_policy_suspend_periods_rs
WARNING | 2021-11-30 16:05:19,279 | cle.backends.externs | Symbol was allocated without a known size; emulation may fail if it is used non-opaquely: ipmi_sensor_type_power_supply_max_index
WARNING | 2021-11-30 16:05:19,279 | cle.backends.externs | Symbol was allocated without a known size; emulation may fail if it is used non-opaquely: tmpl_cmd_get_lan_configuration_parameters_mac_address_rs
WARNING | 2021-11-30 16:05:19,288 | cle.loader | For more information about "Symbol was allocated without a known size", see https://docs.angr.io/extending-angr/environment#simdata
Traceback (most recent call last):
  File "paths_constraints_main.py", line 352, in <module>
  File "paths_constraints_main.py", line 348, in main
  File "paths_constraints_main.py", line 188, in generate_dataset
  File "paths_constraints_main.py", line 196, in analyze_binary
  File "/home/ittay.al/venv/pproc/lib/python3.7/site-packages/angr/analyses/analysis.py", line 115, in __call__
  File "/home/ittay.al/venv/pproc/lib/python3.7/site-packages/angr/analyses/cfg/cfg_fast.py", line 664, in __init__
  File "/home/ittay.al/venv/pproc/lib/python3.7/site-packages/angr/analyses/forward_analysis/forward_analysis.py", line 229, in _analyze
  File "/home/ittay.al/venv/pproc/lib/python3.7/site-packages/angr/analyses/forward_analysis/forward_analysis.py", line 377, in _analysis_core_baremetal
  File "/home/ittay.al/venv/pproc/lib/python3.7/site-packages/angr/analyses/forward_analysis/forward_analysis.py", line 395, in _process_job_and_get_successors
  File "/home/ittay.al/venv/pproc/lib/python3.7/site-packages/angr/analyses/cfg/cfg_fast.py", line 1100, in _get_successors
  File "/home/ittay.al/venv/pproc/lib/python3.7/site-packages/angr/analyses/cfg/cfg_fast.py", line 1427, in _scan_block
  File "/home/ittay.al/venv/pproc/lib/python3.7/site-packages/angr/analyses/cfg/cfg_fast.py", line 1552, in _scan_irsb
  File "/home/ittay.al/venv/pproc/lib/python3.7/site-packages/angr/analyses/cfg/cfg_fast.py", line 3130, in _graph_add_edge
  File "/home/ittay.al/venv/pproc/lib/python3.7/site-packages/networkx/classes/digraph.py", line 631, in add_edge
MemoryError
