gcc-5__Ou__coreutils-8.25__csplit have 139 funcs
analyzing gcc-5__Ou__coreutils-8.25__csplit/deregister_tm_clones
started running deregister_tm_clones
finished deregister_tm_clones
removing targets
analyzing gcc-5__Ou__coreutils-8.25__csplit/register_tm_clones
started running register_tm_clones
finished register_tm_clones
removing targets
analyzing gcc-5__Ou__coreutils-8.25__csplit/frame_dummy
started running frame_dummy
finished frame_dummy
removing targets
analyzing gcc-5__Ou__coreutils-8.25__csplit/emit_mandatory_arg_note
started running emit_mandatory_arg_note
finished emit_mandatory_arg_note
analyzing gcc-5__Ou__coreutils-8.25__csplit/emit_ancillary_info
started running emit_ancillary_info
finished emit_ancillary_info
removing targets
analyzing gcc-5__Ou__coreutils-8.25__csplit/emit_try_help
started running emit_try_help
finished emit_try_help
analyzing gcc-5__Ou__coreutils-8.25__csplit/cleanup
started running cleanup
finished cleanup
analyzing gcc-5__Ou__coreutils-8.25__csplit/cleanup_fatal
started running cleanup_fatal
finished cleanup_fatal
analyzing gcc-5__Ou__coreutils-8.25__csplit/xalloc_die
started running xalloc_die
finished xalloc_die
analyzing gcc-5__Ou__coreutils-8.25__csplit/interrupt_handler
started running interrupt_handler
finished interrupt_handler
analyzing gcc-5__Ou__coreutils-8.25__csplit/save_to_hold_area
started running save_to_hold_area
finished save_to_hold_area
analyzing gcc-5__Ou__coreutils-8.25__csplit/read_input
started running read_input
finished read_input
removing targets
analyzing gcc-5__Ou__coreutils-8.25__csplit/clear_line_control
started running clear_line_control
finished clear_line_control
analyzing gcc-5__Ou__coreutils-8.25__csplit/new_line_control
started running new_line_control
finished new_line_control
analyzing gcc-5__Ou__coreutils-8.25__csplit/keep_new_line
started running keep_new_line
finished keep_new_line
removing targets
analyzing gcc-5__Ou__coreutils-8.25__csplit/record_line_starts
started running record_line_starts
finished record_line_starts
removing targets
analyzing gcc-5__Ou__coreutils-8.25__csplit/create_new_buffer
started running create_new_buffer
finished create_new_buffer
analyzing gcc-5__Ou__coreutils-8.25__csplit/get_new_buffer
started running get_new_buffer
finished get_new_buffer
removing targets
analyzing gcc-5__Ou__coreutils-8.25__csplit/free_buffer
started running free_buffer
finished free_buffer
removing targets
analyzing gcc-5__Ou__coreutils-8.25__csplit/save_buffer
started running save_buffer
finished save_buffer
removing targets
analyzing gcc-5__Ou__coreutils-8.25__csplit/load_buffer
started running load_buffer
stopped exploration
finished load_buffer
removing targets
analyzing gcc-5__Ou__coreutils-8.25__csplit/get_first_line_in_buffer
started running get_first_line_in_buffer
finished get_first_line_in_buffer
removing targets
analyzing gcc-5__Ou__coreutils-8.25__csplit/remove_line
started running remove_line
finished remove_line
removing targets
analyzing gcc-5__Ou__coreutils-8.25__csplit/find_line
started running find_line
stopped exploration
finished find_line
removing targets
analyzing gcc-5__Ou__coreutils-8.25__csplit/no_more_lines
started running no_more_lines
finished no_more_lines
analyzing gcc-5__Ou__coreutils-8.25__csplit/set_input_file
started running set_input_file
finished set_input_file
analyzing gcc-5__Ou__coreutils-8.25__csplit/write_to_file
started running write_to_file
stopped exploration
finished write_to_file
analyzing gcc-5__Ou__coreutils-8.25__csplit/dump_rest_of_file
started running dump_rest_of_file
finished dump_rest_of_file
removing targets
analyzing gcc-5__Ou__coreutils-8.25__csplit/handle_line_error
started running handle_line_error
stopped exploration
finished handle_line_error
analyzing gcc-5__Ou__coreutils-8.25__csplit/process_line_count
started running process_line_count
