gcc-5__Ou__coreutils-8.25__df have 245 funcs
analyzing gcc-5__Ou__coreutils-8.25__df/deregister_tm_clones
started running deregister_tm_clones
finished deregister_tm_clones
removing targets
analyzing gcc-5__Ou__coreutils-8.25__df/register_tm_clones
started running register_tm_clones
finished register_tm_clones
removing targets
analyzing gcc-5__Ou__coreutils-8.25__df/frame_dummy
started running frame_dummy
finished frame_dummy
removing targets
analyzing gcc-5__Ou__coreutils-8.25__df/to_uchar
started running to_uchar
finished to_uchar
analyzing gcc-5__Ou__coreutils-8.25__df/emit_mandatory_arg_note
started running emit_mandatory_arg_note
finished emit_mandatory_arg_note
analyzing gcc-5__Ou__coreutils-8.25__df/emit_size_note
started running emit_size_note
finished emit_size_note
analyzing gcc-5__Ou__coreutils-8.25__df/emit_blocksize_note
started running emit_blocksize_note
finished emit_blocksize_note
analyzing gcc-5__Ou__coreutils-8.25__df/emit_ancillary_info
started running emit_ancillary_info
finished emit_ancillary_info
removing targets
analyzing gcc-5__Ou__coreutils-8.25__df/emit_try_help
started running emit_try_help
finished emit_try_help
analyzing gcc-5__Ou__coreutils-8.25__df/hide_problematic_chars
started running hide_problematic_chars
finished hide_problematic_chars
removing targets
analyzing gcc-5__Ou__coreutils-8.25__df/alloc_table_row
started running alloc_table_row
finished alloc_table_row
analyzing gcc-5__Ou__coreutils-8.25__df/print_table
started running print_table
finished print_table
removing targets
analyzing gcc-5__Ou__coreutils-8.25__df/alloc_field
started running alloc_field
finished alloc_field
analyzing gcc-5__Ou__coreutils-8.25__df/decode_output_arg
started running decode_output_arg
finished decode_output_arg
analyzing gcc-5__Ou__coreutils-8.25__df/get_field_list
started running get_field_list
finished get_field_list
removing targets
analyzing gcc-5__Ou__coreutils-8.25__df/get_header
started running get_header
finished get_header
analyzing gcc-5__Ou__coreutils-8.25__df/selected_fstype
started running selected_fstype
finished selected_fstype
removing targets
analyzing gcc-5__Ou__coreutils-8.25__df/excluded_fstype
started running excluded_fstype
finished excluded_fstype
removing targets
analyzing gcc-5__Ou__coreutils-8.25__df/filter_mount_list
started running filter_mount_list
finished filter_mount_list
removing targets
analyzing gcc-5__Ou__coreutils-8.25__df/me_for_dev
started running me_for_dev
finished me_for_dev
removing targets
analyzing gcc-5__Ou__coreutils-8.25__df/known_value
started running known_value
finished known_value
analyzing gcc-5__Ou__coreutils-8.25__df/df_readable
started running df_readable
finished df_readable
analyzing gcc-5__Ou__coreutils-8.25__df/add_uint_with_neg_flag
started running add_uint_with_neg_flag
finished add_uint_with_neg_flag
removing targets
analyzing gcc-5__Ou__coreutils-8.25__df/has_uuid_suffix
started running has_uuid_suffix
finished has_uuid_suffix
analyzing gcc-5__Ou__coreutils-8.25__df/get_field_values
started running get_field_values
finished get_field_values
analyzing gcc-5__Ou__coreutils-8.25__df/add_to_grand_total
started running add_to_grand_total
finished add_to_grand_total
analyzing gcc-5__Ou__coreutils-8.25__df/get_dev
started running get_dev
finished get_dev
removing targets
analyzing gcc-5__Ou__coreutils-8.25__df/last_device_for_mount
started running last_device_for_mount
finished last_device_for_mount
removing targets
analyzing gcc-5__Ou__coreutils-8.25__df/get_disk
started running get_disk
finished get_disk
analyzing gcc-5__Ou__coreutils-8.25__df/get_point
started running get_point
finished get_point
analyzing gcc-5__Ou__coreutils-8.25__df/get_entry
started running get_entry
finished get_entry
removing targets
analyzing gcc-5__Ou__coreutils-8.25__df/get_all_entries
started running get_all_entries
finished get_all_entries
analyzing gcc-5__Ou__coreutils-8.25__df/add_fs_type
started running add_fs_type
finished add_fs_type
analyzing gcc-5__Ou__coreutils-8.25__df/add_excluded_fs_type
started running add_excluded_fs_type
finished add_excluded_fs_type
analyzing gcc-5__Ou__coreutils-8.25__df/find_mount_point
started running find_mount_point
finished find_mount_point
analyzing gcc-5__Ou__coreutils-8.25__df/seen_triple
started running seen_triple
finished seen_triple
removing targets
analyzing gcc-5__Ou__coreutils-8.25__df/canonicalize_filename_mode
started running canonicalize_filename_mode
stopped exploration
finished canonicalize_filename_mode
removing targets
analyzing gcc-5__Ou__coreutils-8.25__df/close_stdout_set_file_name
started running close_stdout_set_file_name
finished close_stdout_set_file_name
analyzing gcc-5__Ou__coreutils-8.25__df/close_stdout_set_ignore_EPIPE
started running close_stdout_set_ignore_EPIPE
finished close_stdout_set_ignore_EPIPE
analyzing gcc-5__Ou__coreutils-8.25__df/close_stdout
started running close_stdout
finished close_stdout
analyzing gcc-5__Ou__coreutils-8.25__df/dir_name
started running dir_name
finished dir_name
analyzing gcc-5__Ou__coreutils-8.25__df/dir_len
started running dir_len
finished dir_len
removing targets
analyzing gcc-5__Ou__coreutils-8.25__df/mdir_name
started running mdir_name
finished mdir_name
analyzing gcc-5__Ou__coreutils-8.25__df/last_component
started running last_component
finished last_component
removing targets
analyzing gcc-5__Ou__coreutils-8.25__df/base_len
started running base_len
finished base_len
analyzing gcc-5__Ou__coreutils-8.25__df/record_file
started running record_file
finished record_file
removing targets
analyzing gcc-5__Ou__coreutils-8.25__df/seen_file
started running seen_file
finished seen_file
removing targets
analyzing gcc-5__Ou__coreutils-8.25__df/hash_get_n_buckets
started running hash_get_n_buckets
finished hash_get_n_buckets
analyzing gcc-5__Ou__coreutils-8.25__df/hash_get_n_buckets_used
started running hash_get_n_buckets_used
finished hash_get_n_buckets_used
analyzing gcc-5__Ou__coreutils-8.25__df/hash_get_n_entries
started running hash_get_n_entries
finished hash_get_n_entries
analyzing gcc-5__Ou__coreutils-8.25__df/hash_get_max_bucket_length
started running hash_get_max_bucket_length
finished hash_get_max_bucket_length
removing targets
analyzing gcc-5__Ou__coreutils-8.25__df/hash_table_ok
started running hash_table_ok
finished hash_table_ok
removing targets
analyzing gcc-5__Ou__coreutils-8.25__df/hash_print_statistics
started running hash_print_statistics
finished hash_print_statistics
analyzing gcc-5__Ou__coreutils-8.25__df/safe_hasher
started running safe_hasher
finished safe_hasher
analyzing gcc-5__Ou__coreutils-8.25__df/hash_lookup
started running hash_lookup
finished hash_lookup
analyzing gcc-5__Ou__coreutils-8.25__df/hash_get_first
started running hash_get_first
stopped exploration
finished hash_get_first
removing targets
analyzing gcc-5__Ou__coreutils-8.25__df/hash_get_next
started running hash_get_next
finished hash_get_next
analyzing gcc-5__Ou__coreutils-8.25__df/hash_get_entries
started running hash_get_entries
finished hash_get_entries
removing targets
analyzing gcc-5__Ou__coreutils-8.25__df/hash_do_for_each
started running hash_do_for_each
finished hash_do_for_each
removing targets
analyzing gcc-5__Ou__coreutils-8.25__df/hash_string
started running hash_string
finished hash_string
removing targets
analyzing gcc-5__Ou__coreutils-8.25__df/is_prime
started running is_prime
finished is_prime
removing targets
analyzing gcc-5__Ou__coreutils-8.25__df/next_prime
started running next_prime
finished next_prime
removing targets
analyzing gcc-5__Ou__coreutils-8.25__df/hash_reset_tuning
started running hash_reset_tuning
finished hash_reset_tuning
analyzing gcc-5__Ou__coreutils-8.25__df/raw_hasher
started running raw_hasher
finished raw_hasher
analyzing gcc-5__Ou__coreutils-8.25__df/raw_comparator
started running raw_comparator
finished raw_comparator
analyzing gcc-5__Ou__coreutils-8.25__df/check_tuning
started running check_tuning
finished check_tuning
removing targets
analyzing gcc-5__Ou__coreutils-8.25__df/compute_bucket_size
started running compute_bucket_size
finished compute_bucket_size
removing targets
analyzing gcc-5__Ou__coreutils-8.25__df/hash_initialize
started running hash_initialize
finished hash_initialize
removing targets
analyzing gcc-5__Ou__coreutils-8.25__df/hash_clear
started running hash_clear
finished hash_clear
removing targets
analyzing gcc-5__Ou__coreutils-8.25__df/hash_free
started running hash_free
finished hash_free
removing targets
analyzing gcc-5__Ou__coreutils-8.25__df/allocate_entry
started running allocate_entry
finished allocate_entry
removing targets
analyzing gcc-5__Ou__coreutils-8.25__df/free_entry
started running free_entry
finished free_entry
analyzing gcc-5__Ou__coreutils-8.25__df/hash_find_entry
started running hash_find_entry
finished hash_find_entry
analyzing gcc-5__Ou__coreutils-8.25__df/transfer_entries
started running transfer_entries
stopped exploration
finished transfer_entries
removing targets
analyzing gcc-5__Ou__coreutils-8.25__df/hash_rehash
started running hash_rehash
finished hash_rehash
analyzing gcc-5__Ou__coreutils-8.25__df/hash_insert_if_absent
started running hash_insert_if_absent
finished hash_insert_if_absent
removing targets
analyzing gcc-5__Ou__coreutils-8.25__df/hash_insert
started running hash_insert
finished hash_insert
analyzing gcc-5__Ou__coreutils-8.25__df/hash_delete
started running hash_delete
stopped exploration
finished hash_delete
analyzing gcc-5__Ou__coreutils-8.25__df/triple_hash
started running triple_hash
finished triple_hash
analyzing gcc-5__Ou__coreutils-8.25__df/triple_hash_no_name
started running triple_hash_no_name
finished triple_hash_no_name
analyzing gcc-5__Ou__coreutils-8.25__df/triple_compare
started running triple_compare
finished triple_compare
removing targets
analyzing gcc-5__Ou__coreutils-8.25__df/triple_compare_ino_str
started running triple_compare_ino_str
finished triple_compare_ino_str
removing targets
analyzing gcc-5__Ou__coreutils-8.25__df/triple_free
started running triple_free
finished triple_free
analyzing gcc-5__Ou__coreutils-8.25__df/adjust_value
started running adjust_value
finished adjust_value
analyzing gcc-5__Ou__coreutils-8.25__df/group_number
started running group_number
finished group_number
analyzing gcc-5__Ou__coreutils-8.25__df/human_readable
started running human_readable
stopped exploration
finished human_readable
removing targets
analyzing gcc-5__Ou__coreutils-8.25__df/default_block_size
started running default_block_size
finished default_block_size
analyzing gcc-5__Ou__coreutils-8.25__df/humblock
started running humblock
finished humblock
removing targets
analyzing gcc-5__Ou__coreutils-8.25__df/human_options
started running human_options
finished human_options
analyzing gcc-5__Ou__coreutils-8.25__df/umaxtostr
started running umaxtostr
finished umaxtostr
removing targets
analyzing gcc-5__Ou__coreutils-8.25__df/wc_ensure_printable
started running wc_ensure_printable
finished wc_ensure_printable
removing targets
analyzing gcc-5__Ou__coreutils-8.25__df/wc_truncate
started running wc_truncate
finished wc_truncate
removing targets
analyzing gcc-5__Ou__coreutils-8.25__df/mbs_align_pad
started running mbs_align_pad
finished mbs_align_pad
removing targets
analyzing gcc-5__Ou__coreutils-8.25__df/mbsalign
started running mbsalign
finished mbsalign
analyzing gcc-5__Ou__coreutils-8.25__df/ambsalign
started running ambsalign
finished ambsalign
removing targets
analyzing gcc-5__Ou__coreutils-8.25__df/gnu_mbswidth
started running gnu_mbswidth
finished gnu_mbswidth
analyzing gcc-5__Ou__coreutils-8.25__df/mbsnwidth
started running mbsnwidth
stopped exploration
finished mbsnwidth
analyzing gcc-5__Ou__coreutils-8.25__df/set_program_name
started running set_program_name
finished set_program_name
removing targets
analyzing gcc-5__Ou__coreutils-8.25__df/mbsstr_trimmed_wordbounded
started running mbsstr_trimmed_wordbounded
stopped exploration
finished mbsstr_trimmed_wordbounded
analyzing gcc-5__Ou__coreutils-8.25__df/proper_name
started running proper_name
finished proper_name
analyzing gcc-5__Ou__coreutils-8.25__df/proper_name_utf8
started running proper_name_utf8
finished proper_name_utf8
analyzing gcc-5__Ou__coreutils-8.25__df/clone_quoting_options
started running clone_quoting_options
finished clone_quoting_options
analyzing gcc-5__Ou__coreutils-8.25__df/get_quoting_style
started running get_quoting_style
finished get_quoting_style
removing targets
analyzing gcc-5__Ou__coreutils-8.25__df/set_quoting_style
started running set_quoting_style
finished set_quoting_style
removing targets
analyzing gcc-5__Ou__coreutils-8.25__df/set_char_quoting
started running set_char_quoting
finished set_char_quoting
removing targets
analyzing gcc-5__Ou__coreutils-8.25__df/set_quoting_flags
started running set_quoting_flags
finished set_quoting_flags
removing targets
analyzing gcc-5__Ou__coreutils-8.25__df/set_custom_quoting
started running set_custom_quoting
finished set_custom_quoting
removing targets
analyzing gcc-5__Ou__coreutils-8.25__df/quoting_options_from_style
started running quoting_options_from_style
finished quoting_options_from_style
analyzing gcc-5__Ou__coreutils-8.25__df/gettext_quote
started running gettext_quote
finished gettext_quote
analyzing gcc-5__Ou__coreutils-8.25__df/quotearg_buffer_restyled
started running quotearg_buffer_restyled
stopped exploration
finished quotearg_buffer_restyled
analyzing gcc-5__Ou__coreutils-8.25__df/quotearg_buffer
started running quotearg_buffer
finished quotearg_buffer
removing targets
analyzing gcc-5__Ou__coreutils-8.25__df/quotearg_alloc
started running quotearg_alloc
finished quotearg_alloc
analyzing gcc-5__Ou__coreutils-8.25__df/quotearg_alloc_mem
started running quotearg_alloc_mem
finished quotearg_alloc_mem
removing targets
analyzing gcc-5__Ou__coreutils-8.25__df/quotearg_free
started running quotearg_free
finished quotearg_free
removing targets
analyzing gcc-5__Ou__coreutils-8.25__df/quotearg_n_options
started running quotearg_n_options
finished quotearg_n_options
analyzing gcc-5__Ou__coreutils-8.25__df/quotearg_n
started running quotearg_n
finished quotearg_n
analyzing gcc-5__Ou__coreutils-8.25__df/quotearg_n_mem
started running quotearg_n_mem
finished quotearg_n_mem
analyzing gcc-5__Ou__coreutils-8.25__df/quotearg
started running quotearg
finished quotearg
analyzing gcc-5__Ou__coreutils-8.25__df/quotearg_mem
started running quotearg_mem
finished quotearg_mem
analyzing gcc-5__Ou__coreutils-8.25__df/quotearg_n_style
started running quotearg_n_style
finished quotearg_n_style
analyzing gcc-5__Ou__coreutils-8.25__df/quotearg_n_style_mem
started running quotearg_n_style_mem
finished quotearg_n_style_mem
analyzing gcc-5__Ou__coreutils-8.25__df/quotearg_style
started running quotearg_style
finished quotearg_style
analyzing gcc-5__Ou__coreutils-8.25__df/quotearg_style_mem
started running quotearg_style_mem
finished quotearg_style_mem
analyzing gcc-5__Ou__coreutils-8.25__df/quotearg_char_mem
started running quotearg_char_mem
finished quotearg_char_mem
analyzing gcc-5__Ou__coreutils-8.25__df/quotearg_char
started running quotearg_char
finished quotearg_char
analyzing gcc-5__Ou__coreutils-8.25__df/quotearg_colon
started running quotearg_colon
finished quotearg_colon
analyzing gcc-5__Ou__coreutils-8.25__df/quotearg_colon_mem
started running quotearg_colon_mem
finished quotearg_colon_mem
analyzing gcc-5__Ou__coreutils-8.25__df/quotearg_n_style_colon
started running quotearg_n_style_colon
finished quotearg_n_style_colon
analyzing gcc-5__Ou__coreutils-8.25__df/quotearg_n_custom
started running quotearg_n_custom
finished quotearg_n_custom
analyzing gcc-5__Ou__coreutils-8.25__df/quotearg_n_custom_mem
started running quotearg_n_custom_mem
finished quotearg_n_custom_mem
analyzing gcc-5__Ou__coreutils-8.25__df/quotearg_custom
started running quotearg_custom
finished quotearg_custom
analyzing gcc-5__Ou__coreutils-8.25__df/quotearg_custom_mem
started running quotearg_custom_mem
finished quotearg_custom_mem
analyzing gcc-5__Ou__coreutils-8.25__df/quote_n_mem
started running quote_n_mem
finished quote_n_mem
analyzing gcc-5__Ou__coreutils-8.25__df/quote_mem
started running quote_mem
finished quote_mem
analyzing gcc-5__Ou__coreutils-8.25__df/quote_n
started running quote_n
finished quote_n
analyzing gcc-5__Ou__coreutils-8.25__df/quote
started running quote
finished quote
analyzing gcc-5__Ou__coreutils-8.25__df/same_name
started running same_name
finished same_name
analyzing gcc-5__Ou__coreutils-8.25__df/save_cwd
started running save_cwd
finished save_cwd
analyzing gcc-5__Ou__coreutils-8.25__df/restore_cwd
started running restore_cwd
finished restore_cwd
removing targets
analyzing gcc-5__Ou__coreutils-8.25__df/free_cwd
started running free_cwd
finished free_cwd
removing targets
analyzing gcc-5__Ou__coreutils-8.25__df/trim2
started running trim2
finished trim2
analyzing gcc-5__Ou__coreutils-8.25__df/version_etc_arn
started running version_etc_arn
finished version_etc_arn
removing targets
analyzing gcc-5__Ou__coreutils-8.25__df/version_etc_ar
started running version_etc_ar
finished version_etc_ar
removing targets
analyzing gcc-5__Ou__coreutils-8.25__df/version_etc_va
started running version_etc_va
finished version_etc_va
removing targets
analyzing gcc-5__Ou__coreutils-8.25__df/version_etc
started running version_etc
finished version_etc
removing targets
analyzing gcc-5__Ou__coreutils-8.25__df/emit_bug_reporting_address
started running emit_bug_reporting_address
finished emit_bug_reporting_address
analyzing gcc-5__Ou__coreutils-8.25__df/xnmalloc
started running xnmalloc
finished xnmalloc
removing targets
analyzing gcc-5__Ou__coreutils-8.25__df/xnrealloc
started running xnrealloc
finished xnrealloc
removing targets
analyzing gcc-5__Ou__coreutils-8.25__df/x2nrealloc
started running x2nrealloc
finished x2nrealloc
removing targets
analyzing gcc-5__Ou__coreutils-8.25__df/xcharalloc
started running xcharalloc
finished xcharalloc
analyzing gcc-5__Ou__coreutils-8.25__df/xmalloc
started running xmalloc
finished xmalloc
analyzing gcc-5__Ou__coreutils-8.25__df/xrealloc
started running xrealloc
finished xrealloc
removing targets
analyzing gcc-5__Ou__coreutils-8.25__df/x2realloc
started running x2realloc
finished x2realloc
analyzing gcc-5__Ou__coreutils-8.25__df/xzalloc
started running xzalloc
finished xzalloc
analyzing gcc-5__Ou__coreutils-8.25__df/xcalloc
started running xcalloc
finished xcalloc
analyzing gcc-5__Ou__coreutils-8.25__df/xmemdup
started running xmemdup
finished xmemdup
analyzing gcc-5__Ou__coreutils-8.25__df/xstrdup
started running xstrdup
finished xstrdup
analyzing gcc-5__Ou__coreutils-8.25__df/xalloc_die
started running xalloc_die
finished xalloc_die
analyzing gcc-5__Ou__coreutils-8.25__df/xgetcwd
started running xgetcwd
finished xgetcwd
analyzing gcc-5__Ou__coreutils-8.25__df/xmem_cd_iconv
started running xmem_cd_iconv
finished xmem_cd_iconv
analyzing gcc-5__Ou__coreutils-8.25__df/xstr_cd_iconv
started running xstr_cd_iconv
finished xstr_cd_iconv
analyzing gcc-5__Ou__coreutils-8.25__df/xstr_iconv
started running xstr_iconv
finished xstr_iconv
analyzing gcc-5__Ou__coreutils-8.25__df/xstrtol_error
started running xstrtol_error
finished xstrtol_error
removing targets
analyzing gcc-5__Ou__coreutils-8.25__df/xstrtol_fatal
started running xstrtol_fatal
finished xstrtol_fatal
analyzing gcc-5__Ou__coreutils-8.25__df/bkm_scale
started running bkm_scale
finished bkm_scale
removing targets
analyzing gcc-5__Ou__coreutils-8.25__df/bkm_scale_by_power
started running bkm_scale_by_power
finished bkm_scale_by_power
removing targets
analyzing gcc-5__Ou__coreutils-8.25__df/xstrtoumax
started running xstrtoumax
finished xstrtoumax
removing targets
analyzing gcc-5__Ou__coreutils-8.25__df/cdb_init
started running cdb_init
finished cdb_init
analyzing gcc-5__Ou__coreutils-8.25__df/cdb_fchdir
started running cdb_fchdir
finished cdb_fchdir
analyzing gcc-5__Ou__coreutils-8.25__df/cdb_free
started running cdb_free
finished cdb_free
removing targets
analyzing gcc-5__Ou__coreutils-8.25__df/cdb_advance_fd
started running cdb_advance_fd
finished cdb_advance_fd
analyzing gcc-5__Ou__coreutils-8.25__df/find_non_slash
started running find_non_slash
finished find_non_slash
analyzing gcc-5__Ou__coreutils-8.25__df/chdir_long
started running chdir_long
stopped exploration
finished chdir_long
analyzing gcc-5__Ou__coreutils-8.25__df/statvfs_works
started running statvfs_works
finished statvfs_works
removing targets
analyzing gcc-5__Ou__coreutils-8.25__df/get_fs_usage
started running get_fs_usage
finished get_fs_usage
analyzing gcc-5__Ou__coreutils-8.25__df/dev_from_mount_options
started running dev_from_mount_options
finished dev_from_mount_options
analyzing gcc-5__Ou__coreutils-8.25__df/unescape_tab
started running unescape_tab
finished unescape_tab
analyzing gcc-5__Ou__coreutils-8.25__df/read_file_system_list
started running read_file_system_list
stopped exploration
finished read_file_system_list
analyzing gcc-5__Ou__coreutils-8.25__df/free_mount_entry
started running free_mount_entry
finished free_mount_entry
analyzing gcc-5__Ou__coreutils-8.25__df/areadlink_with_size
started running areadlink_with_size
finished areadlink_with_size
removing targets
analyzing gcc-5__Ou__coreutils-8.25__df/argmatch
started running argmatch
finished argmatch
analyzing gcc-5__Ou__coreutils-8.25__df/argmatch_invalid
started running argmatch_invalid
finished argmatch_invalid
removing targets
analyzing gcc-5__Ou__coreutils-8.25__df/argmatch_valid
started running argmatch_valid
finished argmatch_valid
analyzing gcc-5__Ou__coreutils-8.25__df/argmatch_to_argument
started running argmatch_to_argument
finished argmatch_to_argument
removing targets
analyzing gcc-5__Ou__coreutils-8.25__df/rotl64
started running rotl64
finished rotl64
analyzing gcc-5__Ou__coreutils-8.25__df/rotr64
started running rotr64
finished rotr64
analyzing gcc-5__Ou__coreutils-8.25__df/rotl32
started running rotl32
finished rotl32
analyzing gcc-5__Ou__coreutils-8.25__df/rotr32
started running rotr32
finished rotr32
analyzing gcc-5__Ou__coreutils-8.25__df/rotl_sz
started running rotl_sz
finished rotl_sz
analyzing gcc-5__Ou__coreutils-8.25__df/rotr_sz
started running rotr_sz
finished rotr_sz
analyzing gcc-5__Ou__coreutils-8.25__df/rotl16
started running rotl16
finished rotl16
analyzing gcc-5__Ou__coreutils-8.25__df/rotr16
started running rotr16
finished rotr16
analyzing gcc-5__Ou__coreutils-8.25__df/rotl8
started running rotl8
finished rotl8
analyzing gcc-5__Ou__coreutils-8.25__df/rotr8
started running rotr8
finished rotr8
analyzing gcc-5__Ou__coreutils-8.25__df/c_strcasecmp
started running c_strcasecmp
finished c_strcasecmp
removing targets
analyzing gcc-5__Ou__coreutils-8.25__df/set_cloexec_flag
started running set_cloexec_flag
finished set_cloexec_flag
analyzing gcc-5__Ou__coreutils-8.25__df/dup_cloexec
started running dup_cloexec
finished dup_cloexec
analyzing gcc-5__Ou__coreutils-8.25__df/close_stream
started running close_stream
finished close_stream
analyzing gcc-5__Ou__coreutils-8.25__df/open_safer
started running open_safer
finished open_safer
removing targets
analyzing gcc-5__Ou__coreutils-8.25__df/hash_pjw
started running hash_pjw
finished hash_pjw
removing targets
analyzing gcc-5__Ou__coreutils-8.25__df/get_charset_aliases
started running get_charset_aliases
analyzing gcc-5__Ou__coreutils-8.25__df/locale_charset
started running locale_charset
analyzing gcc-5__Ou__coreutils-8.25__df/mbiter_multi_next
started running mbiter_multi_next
analyzing gcc-5__Ou__coreutils-8.25__df/mbiter_multi_reloc
started running mbiter_multi_reloc
analyzing gcc-5__Ou__coreutils-8.25__df/mbiter_multi_copy
started running mbiter_multi_copy
analyzing gcc-5__Ou__coreutils-8.25__df/knuth_morris_pratt
started running knuth_morris_pratt
finished knuth_morris_pratt
removing targets
analyzing gcc-5__Ou__coreutils-8.25__df/knuth_morris_pratt_multibyte
started running knuth_morris_pratt_multibyte
finished knuth_morris_pratt_multibyte
analyzing gcc-5__Ou__coreutils-8.25__df/mbsstr
started running mbsstr
analyzing gcc-5__Ou__coreutils-8.25__df/mbuiter_multi_next
started running mbuiter_multi_next
analyzing gcc-5__Ou__coreutils-8.25__df/mbuiter_multi_reloc
started running mbuiter_multi_reloc
analyzing gcc-5__Ou__coreutils-8.25__df/mbuiter_multi_copy
started running mbuiter_multi_copy
analyzing gcc-5__Ou__coreutils-8.25__df/mem_cd_iconv
started running mem_cd_iconv
analyzing gcc-5__Ou__coreutils-8.25__df/str_cd_iconv
started running str_cd_iconv
analyzing gcc-5__Ou__coreutils-8.25__df/str_iconv
started running str_iconv
analyzing gcc-5__Ou__coreutils-8.25__df/strnlen1
started running strnlen1
finished strnlen1
analyzing gcc-5__Ou__coreutils-8.25__df/fd_safer
started running fd_safer
finished fd_safer
removing targets
analyzing gcc-5__Ou__coreutils-8.25__df/rpl_fclose
started running rpl_fclose
finished rpl_fclose
analyzing gcc-5__Ou__coreutils-8.25__df/rpl_fcntl
started running rpl_fcntl
finished rpl_fcntl
removing targets
analyzing gcc-5__Ou__coreutils-8.25__df/clear_ungetc_buffer_preserving_position
started running clear_ungetc_buffer_preserving_position
finished clear_ungetc_buffer_preserving_position
removing targets
analyzing gcc-5__Ou__coreutils-8.25__df/rpl_fflush
started running rpl_fflush
finished rpl_fflush
removing targets
analyzing gcc-5__Ou__coreutils-8.25__df/rpl_fseeko
started running rpl_fseeko
finished rpl_fseeko
removing targets
analyzing gcc-5__Ou__coreutils-8.25__df/c_isalnum
started running c_isalnum
finished c_isalnum
removing targets
analyzing gcc-5__Ou__coreutils-8.25__df/c_isalpha
started running c_isalpha
finished c_isalpha
removing targets
analyzing gcc-5__Ou__coreutils-8.25__df/c_isascii
started running c_isascii
finished c_isascii
removing targets
analyzing gcc-5__Ou__coreutils-8.25__df/c_isblank
started running c_isblank
finished c_isblank
removing targets
analyzing gcc-5__Ou__coreutils-8.25__df/c_iscntrl
started running c_iscntrl
finished c_iscntrl
removing targets
analyzing gcc-5__Ou__coreutils-8.25__df/c_isdigit
started running c_isdigit
finished c_isdigit
removing targets
analyzing gcc-5__Ou__coreutils-8.25__df/c_isgraph
started running c_isgraph
finished c_isgraph
removing targets
analyzing gcc-5__Ou__coreutils-8.25__df/c_islower
started running c_islower
finished c_islower
removing targets
analyzing gcc-5__Ou__coreutils-8.25__df/c_isprint
started running c_isprint
finished c_isprint
removing targets
analyzing gcc-5__Ou__coreutils-8.25__df/c_ispunct
started running c_ispunct
finished c_ispunct
removing targets
analyzing gcc-5__Ou__coreutils-8.25__df/c_isspace
started running c_isspace
finished c_isspace
removing targets
analyzing gcc-5__Ou__coreutils-8.25__df/c_isupper
started running c_isupper
finished c_isupper
removing targets
analyzing gcc-5__Ou__coreutils-8.25__df/c_isxdigit
started running c_isxdigit
finished c_isxdigit
removing targets
analyzing gcc-5__Ou__coreutils-8.25__df/c_tolower
started running c_tolower
finished c_tolower
removing targets
analyzing gcc-5__Ou__coreutils-8.25__df/c_toupper
started running c_toupper
finished c_toupper
removing targets
analyzing gcc-5__Ou__coreutils-8.25__df/mmalloca
started running mmalloca
finished mmalloca
removing targets
analyzing gcc-5__Ou__coreutils-8.25__df/freea
started running freea
finished freea
removing targets
analyzing gcc-5__Ou__coreutils-8.25__df/mb_width_aux
started running mb_width_aux
finished mb_width_aux
analyzing gcc-5__Ou__coreutils-8.25__df/mb_copy
started running mb_copy
finished mb_copy
removing targets
analyzing gcc-5__Ou__coreutils-8.25__df/is_basic
started running is_basic
finished is_basic
analyzing gcc-5__Ou__coreutils-8.25__df/mbslen
started running mbslen
finished mbslen
analyzing gcc-5__Ou__coreutils-8.25__df/dup_safer
started running dup_safer
finished dup_safer
analyzing gcc-5__Ou__coreutils-8.25__df/atexit
started running atexit
finished atexit
removing targets
analyzing gcc-5__Ou__coreutils-8.25__df/stat
started running stat
finished stat
removing targets
