gcc-5__Ou__coreutils-8.25__du have 332 funcs
analyzing gcc-5__Ou__coreutils-8.25__du/deregister_tm_clones
started running deregister_tm_clones
finished deregister_tm_clones
removing targets
analyzing gcc-5__Ou__coreutils-8.25__du/register_tm_clones
started running register_tm_clones
finished register_tm_clones
removing targets
analyzing gcc-5__Ou__coreutils-8.25__du/frame_dummy
started running frame_dummy
finished frame_dummy
removing targets
analyzing gcc-5__Ou__coreutils-8.25__du/emit_mandatory_arg_note
started running emit_mandatory_arg_note
finished emit_mandatory_arg_note
analyzing gcc-5__Ou__coreutils-8.25__du/emit_size_note
started running emit_size_note
finished emit_size_note
analyzing gcc-5__Ou__coreutils-8.25__du/emit_blocksize_note
started running emit_blocksize_note
finished emit_blocksize_note
analyzing gcc-5__Ou__coreutils-8.25__du/emit_ancillary_info
started running emit_ancillary_info
