gcc-5__Ou__acm__disgen have 102 funcs
analyzing gcc-5__Ou__acm__disgen/deregister_tm_clones
started running deregister_tm_clones
finished deregister_tm_clones
removing targets
analyzing gcc-5__Ou__acm__disgen/register_tm_clones
started running register_tm_clones
finished register_tm_clones
removing targets
analyzing gcc-5__Ou__acm__disgen/frame_dummy
started running frame_dummy
finished frame_dummy
removing targets
analyzing gcc-5__Ou__acm__disgen/write_stubs
started running write_stubs
finished write_stubs
analyzing gcc-5__Ou__acm__disgen/write_program
started running write_program
finished write_program
removing targets
analyzing gcc-5__Ou__acm__disgen/ampr
started running ampr
finished ampr
analyzing gcc-5__Ou__acm__disgen/printbody
started running printbody
finished printbody
analyzing gcc-5__Ou__acm__disgen/emit
started running emit
finished emit
removing targets
analyzing gcc-5__Ou__acm__disgen/findtype
started running findtype
finished findtype
removing targets
analyzing gcc-5__Ou__acm__disgen/undefined
started running undefined
finished undefined
analyzing gcc-5__Ou__acm__disgen/print_header
started running print_header
finished print_header
analyzing gcc-5__Ou__acm__disgen/print_trailer
started running print_trailer
finished print_trailer
analyzing gcc-5__Ou__acm__disgen/print_ifopen
started running print_ifopen
finished print_ifopen
analyzing gcc-5__Ou__acm__disgen/print_ifarg
started running print_ifarg
finished print_ifarg
analyzing gcc-5__Ou__acm__disgen/print_ifsizeof
started running print_ifsizeof
finished print_ifsizeof
analyzing gcc-5__Ou__acm__disgen/print_ifclose
started running print_ifclose
finished print_ifclose
analyzing gcc-5__Ou__acm__disgen/space
started running space
finished space
analyzing gcc-5__Ou__acm__disgen/print_ifstat
started running print_ifstat
finished print_ifstat
removing targets
analyzing gcc-5__Ou__acm__disgen/emit_enum
started running emit_enum
finished emit_enum
analyzing gcc-5__Ou__acm__disgen/emit_union
started running emit_union
finished emit_union
analyzing gcc-5__Ou__acm__disgen/emit_struct
started running emit_struct
finished emit_struct
removing targets
analyzing gcc-5__Ou__acm__disgen/emit_typedef
started running emit_typedef
finished emit_typedef
analyzing gcc-5__Ou__acm__disgen/print_stat
started running print_stat
finished print_stat
analyzing gcc-5__Ou__acm__disgen/print_datadef
started running print_datadef
finished print_datadef
removing targets
analyzing gcc-5__Ou__acm__disgen/pconstdef
started running pconstdef
finished pconstdef
analyzing gcc-5__Ou__acm__disgen/pstructdef
started running pstructdef
finished pstructdef
analyzing gcc-5__Ou__acm__disgen/puniondef
started running puniondef
finished puniondef
analyzing gcc-5__Ou__acm__disgen/pdefine
started running pdefine
finished pdefine
analyzing gcc-5__Ou__acm__disgen/puldefine
started running puldefine
finished puldefine
analyzing gcc-5__Ou__acm__disgen/define_printed
started running define_printed
finished define_printed
removing targets
analyzing gcc-5__Ou__acm__disgen/pprogramdef
started running pprogramdef
stopped exploration
finished pprogramdef
analyzing gcc-5__Ou__acm__disgen/pprocdef
started running pprocdef
finished pprocdef
analyzing gcc-5__Ou__acm__disgen/penumdef
started running penumdef
finished penumdef
analyzing gcc-5__Ou__acm__disgen/ptypedef
started running ptypedef
finished ptypedef
analyzing gcc-5__Ou__acm__disgen/pdeclaration
started running pdeclaration
finished pdeclaration
analyzing gcc-5__Ou__acm__disgen/undefined2
started running undefined2
finished undefined2
removing targets
analyzing gcc-5__Ou__acm__disgen/extendfile
started running extendfile
finished extendfile
analyzing gcc-5__Ou__acm__disgen/open_output
started running open_output
finished open_output
removing targets
analyzing gcc-5__Ou__acm__disgen/open_input
started running open_input
finished open_input
removing targets
analyzing gcc-5__Ou__acm__disgen/c_output
started running c_output
finished c_output
analyzing gcc-5__Ou__acm__disgen/h_output
started running h_output
finished h_output
analyzing gcc-5__Ou__acm__disgen/s_output
started running s_output
finished s_output
analyzing gcc-5__Ou__acm__disgen/l_output
started running l_output
finished l_output
analyzing gcc-5__Ou__acm__disgen/do_registers
started running do_registers
finished do_registers
removing targets
analyzing gcc-5__Ou__acm__disgen/parseargs
started running parseargs
finished parseargs
removing targets
analyzing gcc-5__Ou__acm__disgen/get_definition
started running get_definition
finished get_definition
analyzing gcc-5__Ou__acm__disgen/isdefined
started running isdefined
finished isdefined
analyzing gcc-5__Ou__acm__disgen/def_struct
started running def_struct
finished def_struct
analyzing gcc-5__Ou__acm__disgen/def_program
started running def_program
stopped exploration
finished def_program
analyzing gcc-5__Ou__acm__disgen/def_enum
started running def_enum
finished def_enum
analyzing gcc-5__Ou__acm__disgen/def_const
started running def_const
finished def_const
analyzing gcc-5__Ou__acm__disgen/def_union
started running def_union
finished def_union
analyzing gcc-5__Ou__acm__disgen/def_typedef
started running def_typedef
finished def_typedef
analyzing gcc-5__Ou__acm__disgen/get_declaration
started running get_declaration
finished get_declaration
analyzing gcc-5__Ou__acm__disgen/get_type
started running get_type
finished get_type
analyzing gcc-5__Ou__acm__disgen/unsigned_dec
started running unsigned_dec
finished unsigned_dec
analyzing gcc-5__Ou__acm__disgen/scan
started running scan
finished scan
analyzing gcc-5__Ou__acm__disgen/scan2
started running scan2
finished scan2
analyzing gcc-5__Ou__acm__disgen/scan3
started running scan3
finished scan3
analyzing gcc-5__Ou__acm__disgen/scan_num
started running scan_num
finished scan_num
analyzing gcc-5__Ou__acm__disgen/peek
started running peek
finished peek
analyzing gcc-5__Ou__acm__disgen/peekscan
started running peekscan
finished peekscan
analyzing gcc-5__Ou__acm__disgen/get_token
started running get_token
finished get_token
removing targets
analyzing gcc-5__Ou__acm__disgen/unget_token
started running unget_token
finished unget_token
analyzing gcc-5__Ou__acm__disgen/findstrconst
started running findstrconst
finished findstrconst
removing targets
analyzing gcc-5__Ou__acm__disgen/findconst
started running findconst
finished findconst
removing targets
analyzing gcc-5__Ou__acm__disgen/findkind
started running findkind
finished findkind
removing targets
analyzing gcc-5__Ou__acm__disgen/cppline
started running cppline
finished cppline
removing targets
analyzing gcc-5__Ou__acm__disgen/directive
started running directive
finished directive
removing targets
analyzing gcc-5__Ou__acm__disgen/printdirective
started running printdirective
finished printdirective
analyzing gcc-5__Ou__acm__disgen/docppline
started running docppline
stopped exploration
finished docppline
analyzing gcc-5__Ou__acm__disgen/write_most
started running write_most
finished write_most
removing targets
analyzing gcc-5__Ou__acm__disgen/write_register
started running write_register
finished write_register
analyzing gcc-5__Ou__acm__disgen/write_rest
started running write_rest
finished write_rest
analyzing gcc-5__Ou__acm__disgen/write_programs
started running write_programs
finished write_programs
removing targets
skipping write|program
analyzing gcc-5__Ou__acm__disgen/printerr
started running printerr
finished printerr
analyzing gcc-5__Ou__acm__disgen/printif
started running printif
finished printif
analyzing gcc-5__Ou__acm__disgen/nullproc
started running nullproc
finished nullproc
removing targets
analyzing gcc-5__Ou__acm__disgen/reinitialize
started running reinitialize
finished reinitialize
analyzing gcc-5__Ou__acm__disgen/streq
started running streq
finished streq
analyzing gcc-5__Ou__acm__disgen/findval
started running findval
finished findval
removing targets
analyzing gcc-5__Ou__acm__disgen/storeval
started running storeval
finished storeval
removing targets
analyzing gcc-5__Ou__acm__disgen/findit
started running findit
finished findit
analyzing gcc-5__Ou__acm__disgen/fixit
started running fixit
finished fixit
analyzing gcc-5__Ou__acm__disgen/fixtype
started running fixtype
finished fixtype
analyzing gcc-5__Ou__acm__disgen/stringfix
started running stringfix
finished stringfix
analyzing gcc-5__Ou__acm__disgen/ptype
started running ptype
finished ptype
removing targets
analyzing gcc-5__Ou__acm__disgen/typedefed
started running typedefed
finished typedefed
removing targets
analyzing gcc-5__Ou__acm__disgen/isvectordef
started running isvectordef
finished isvectordef
removing targets
analyzing gcc-5__Ou__acm__disgen/locase
started running locase
finished locase
removing targets
analyzing gcc-5__Ou__acm__disgen/pvname
started running pvname
finished pvname
analyzing gcc-5__Ou__acm__disgen/error
started running error
finished error
analyzing gcc-5__Ou__acm__disgen/crash
started running crash
finished crash
removing targets
analyzing gcc-5__Ou__acm__disgen/record_open
started running record_open
finished record_open
removing targets
analyzing gcc-5__Ou__acm__disgen/expected1
started running expected1
finished expected1
analyzing gcc-5__Ou__acm__disgen/expected2
started running expected2
finished expected2
analyzing gcc-5__Ou__acm__disgen/expected3
started running expected3
finished expected3
analyzing gcc-5__Ou__acm__disgen/tabify
started running tabify
finished tabify
removing targets
analyzing gcc-5__Ou__acm__disgen/toktostr
started running toktostr
finished toktostr
removing targets
analyzing gcc-5__Ou__acm__disgen/printbuf
started running printbuf
finished printbuf
removing targets
analyzing gcc-5__Ou__acm__disgen/printwhere
started running printwhere
finished printwhere
