gcc-5__Ou__coreutils-8.25__mkdir have 230 funcs
analyzing gcc-5__Ou__coreutils-8.25__mkdir/deregister_tm_clones
started running deregister_tm_clones
finished deregister_tm_clones
removing targets
analyzing gcc-5__Ou__coreutils-8.25__mkdir/register_tm_clones
started running register_tm_clones
finished register_tm_clones
removing targets
analyzing gcc-5__Ou__coreutils-8.25__mkdir/frame_dummy
started running frame_dummy
finished frame_dummy
removing targets
analyzing gcc-5__Ou__coreutils-8.25__mkdir/emit_mandatory_arg_note
started running emit_mandatory_arg_note
finished emit_mandatory_arg_note
analyzing gcc-5__Ou__coreutils-8.25__mkdir/emit_ancillary_info
started running emit_ancillary_info
finished emit_ancillary_info
removing targets
analyzing gcc-5__Ou__coreutils-8.25__mkdir/emit_try_help
started running emit_try_help
finished emit_try_help
analyzing gcc-5__Ou__coreutils-8.25__mkdir/se_const
started running se_const
finished se_const
analyzing gcc-5__Ou__coreutils-8.25__mkdir/ignorable_ctx_err
started running ignorable_ctx_err
finished ignorable_ctx_err
removing targets
analyzing gcc-5__Ou__coreutils-8.25__mkdir/smack_set_label_for_self
started running smack_set_label_for_self
finished smack_set_label_for_self
analyzing gcc-5__Ou__coreutils-8.25__mkdir/is_smack_enabled
started running is_smack_enabled
finished is_smack_enabled
analyzing gcc-5__Ou__coreutils-8.25__mkdir/announce_mkdir
started running announce_mkdir
finished announce_mkdir
removing targets
analyzing gcc-5__Ou__coreutils-8.25__mkdir/make_ancestor
started running make_ancestor
finished make_ancestor
removing targets
analyzing gcc-5__Ou__coreutils-8.25__mkdir/process_dir
started running process_dir
finished process_dir
removing targets
analyzing gcc-5__Ou__coreutils-8.25__mkdir/prog_fprintf
started running prog_fprintf
finished prog_fprintf
removing targets
analyzing gcc-5__Ou__coreutils-8.25__mkdir/computecon
started running computecon
finished computecon
analyzing gcc-5__Ou__coreutils-8.25__mkdir/defaultcon
started running defaultcon
finished defaultcon
removing targets
analyzing gcc-5__Ou__coreutils-8.25__mkdir/restorecon_private
started running restorecon_private
finished restorecon_private
removing targets
analyzing gcc-5__Ou__coreutils-8.25__mkdir/restorecon
started running restorecon
finished restorecon
removing targets
analyzing gcc-5__Ou__coreutils-8.25__mkdir/seen_triple
started running seen_triple
finished seen_triple
removing targets
analyzing gcc-5__Ou__coreutils-8.25__mkdir/canonicalize_filename_mode
started running canonicalize_filename_mode
stopped exploration
finished canonicalize_filename_mode
removing targets
analyzing gcc-5__Ou__coreutils-8.25__mkdir/close_stdout_set_file_name
started running close_stdout_set_file_name
finished close_stdout_set_file_name
analyzing gcc-5__Ou__coreutils-8.25__mkdir/close_stdout_set_ignore_EPIPE
started running close_stdout_set_ignore_EPIPE
finished close_stdout_set_ignore_EPIPE
analyzing gcc-5__Ou__coreutils-8.25__mkdir/close_stdout
started running close_stdout
finished close_stdout
analyzing gcc-5__Ou__coreutils-8.25__mkdir/dir_name
started running dir_name
finished dir_name
analyzing gcc-5__Ou__coreutils-8.25__mkdir/dir_len
started running dir_len
finished dir_len
removing targets
analyzing gcc-5__Ou__coreutils-8.25__mkdir/mdir_name
started running mdir_name
finished mdir_name
analyzing gcc-5__Ou__coreutils-8.25__mkdir/last_component
started running last_component
finished last_component
removing targets
analyzing gcc-5__Ou__coreutils-8.25__mkdir/base_len
started running base_len
finished base_len
analyzing gcc-5__Ou__coreutils-8.25__mkdir/record_file
started running record_file
finished record_file
removing targets
analyzing gcc-5__Ou__coreutils-8.25__mkdir/seen_file
started running seen_file
finished seen_file
removing targets
analyzing gcc-5__Ou__coreutils-8.25__mkdir/hash_get_n_buckets
started running hash_get_n_buckets
finished hash_get_n_buckets
analyzing gcc-5__Ou__coreutils-8.25__mkdir/hash_get_n_buckets_used
started running hash_get_n_buckets_used
finished hash_get_n_buckets_used
analyzing gcc-5__Ou__coreutils-8.25__mkdir/hash_get_n_entries
started running hash_get_n_entries
finished hash_get_n_entries
analyzing gcc-5__Ou__coreutils-8.25__mkdir/hash_get_max_bucket_length
started running hash_get_max_bucket_length
finished hash_get_max_bucket_length
removing targets
analyzing gcc-5__Ou__coreutils-8.25__mkdir/hash_table_ok
started running hash_table_ok
finished hash_table_ok
removing targets
analyzing gcc-5__Ou__coreutils-8.25__mkdir/hash_print_statistics
started running hash_print_statistics
finished hash_print_statistics
analyzing gcc-5__Ou__coreutils-8.25__mkdir/safe_hasher
started running safe_hasher
finished safe_hasher
analyzing gcc-5__Ou__coreutils-8.25__mkdir/hash_lookup
started running hash_lookup
finished hash_lookup
analyzing gcc-5__Ou__coreutils-8.25__mkdir/hash_get_first
started running hash_get_first
stopped exploration
finished hash_get_first
removing targets
analyzing gcc-5__Ou__coreutils-8.25__mkdir/hash_get_next
started running hash_get_next
finished hash_get_next
analyzing gcc-5__Ou__coreutils-8.25__mkdir/hash_get_entries
started running hash_get_entries
finished hash_get_entries
removing targets
analyzing gcc-5__Ou__coreutils-8.25__mkdir/hash_do_for_each
started running hash_do_for_each
finished hash_do_for_each
removing targets
analyzing gcc-5__Ou__coreutils-8.25__mkdir/hash_string
started running hash_string
finished hash_string
removing targets
analyzing gcc-5__Ou__coreutils-8.25__mkdir/is_prime
started running is_prime
finished is_prime
removing targets
analyzing gcc-5__Ou__coreutils-8.25__mkdir/next_prime
started running next_prime
finished next_prime
removing targets
analyzing gcc-5__Ou__coreutils-8.25__mkdir/hash_reset_tuning
started running hash_reset_tuning
finished hash_reset_tuning
analyzing gcc-5__Ou__coreutils-8.25__mkdir/raw_hasher
started running raw_hasher
finished raw_hasher
analyzing gcc-5__Ou__coreutils-8.25__mkdir/raw_comparator
started running raw_comparator
finished raw_comparator
analyzing gcc-5__Ou__coreutils-8.25__mkdir/check_tuning
started running check_tuning
finished check_tuning
removing targets
analyzing gcc-5__Ou__coreutils-8.25__mkdir/compute_bucket_size
started running compute_bucket_size
finished compute_bucket_size
removing targets
analyzing gcc-5__Ou__coreutils-8.25__mkdir/hash_initialize
started running hash_initialize
finished hash_initialize
removing targets
analyzing gcc-5__Ou__coreutils-8.25__mkdir/hash_clear
started running hash_clear
finished hash_clear
removing targets
analyzing gcc-5__Ou__coreutils-8.25__mkdir/hash_free
started running hash_free
finished hash_free
removing targets
analyzing gcc-5__Ou__coreutils-8.25__mkdir/allocate_entry
started running allocate_entry
finished allocate_entry
removing targets
analyzing gcc-5__Ou__coreutils-8.25__mkdir/free_entry
started running free_entry
finished free_entry
analyzing gcc-5__Ou__coreutils-8.25__mkdir/hash_find_entry
started running hash_find_entry
finished hash_find_entry
analyzing gcc-5__Ou__coreutils-8.25__mkdir/transfer_entries
started running transfer_entries
stopped exploration
finished transfer_entries
removing targets
analyzing gcc-5__Ou__coreutils-8.25__mkdir/hash_rehash
started running hash_rehash
finished hash_rehash
analyzing gcc-5__Ou__coreutils-8.25__mkdir/hash_insert_if_absent
started running hash_insert_if_absent
finished hash_insert_if_absent
removing targets
analyzing gcc-5__Ou__coreutils-8.25__mkdir/hash_insert
started running hash_insert
finished hash_insert
analyzing gcc-5__Ou__coreutils-8.25__mkdir/hash_delete
started running hash_delete
stopped exploration
finished hash_delete
analyzing gcc-5__Ou__coreutils-8.25__mkdir/triple_hash
started running triple_hash
finished triple_hash
analyzing gcc-5__Ou__coreutils-8.25__mkdir/triple_hash_no_name
started running triple_hash_no_name
finished triple_hash_no_name
analyzing gcc-5__Ou__coreutils-8.25__mkdir/triple_compare
started running triple_compare
finished triple_compare
removing targets
analyzing gcc-5__Ou__coreutils-8.25__mkdir/triple_compare_ino_str
started running triple_compare_ino_str
finished triple_compare_ino_str
removing targets
analyzing gcc-5__Ou__coreutils-8.25__mkdir/triple_free
started running triple_free
finished triple_free
analyzing gcc-5__Ou__coreutils-8.25__mkdir/make_dir_parents
started running make_dir_parents
finished make_dir_parents
removing targets
analyzing gcc-5__Ou__coreutils-8.25__mkdir/octal_to_mode
started running octal_to_mode
finished octal_to_mode
analyzing gcc-5__Ou__coreutils-8.25__mkdir/make_node_op_equals
started running make_node_op_equals
finished make_node_op_equals
analyzing gcc-5__Ou__coreutils-8.25__mkdir/mode_compile
started running mode_compile
finished mode_compile
removing targets
analyzing gcc-5__Ou__coreutils-8.25__mkdir/mode_create_from_ref
started running mode_create_from_ref
finished mode_create_from_ref
analyzing gcc-5__Ou__coreutils-8.25__mkdir/mode_adjust
started running mode_adjust
