ERROR   | 2021-11-30 21:18:30,332 | root     | b'out of memory'
ERROR   | 2021-11-30 21:18:30,332 | root     | got an error while analyzing mode_adjust
ERROR   | 2021-11-30 21:18:37,552 | root     | b'out of memory'
ERROR   | 2021-11-30 21:18:37,553 | root     | got an error while analyzing set_quoting_flags
ERROR   | 2021-11-30 21:18:37,982 | root     | b'out of memory'
ERROR   | 2021-11-30 21:18:37,982 | root     | got an error while analyzing set_custom_quoting
ERROR   | 2021-11-30 21:18:38,815 | root     | b'out of memory'
ERROR   | 2021-11-30 21:18:38,815 | root     | got an error while analyzing gettext_quote
ERROR   | 2021-11-30 21:18:39,631 | root     | b'out of memory'
ERROR   | 2021-11-30 21:18:39,631 | root     | got an error while analyzing quotearg_buffer
ERROR   | 2021-11-30 21:18:40,367 | root     | b'out of memory'
ERROR   | 2021-11-30 21:18:40,367 | root     | got an error while analyzing quotearg_alloc_mem
ERROR   | 2021-11-30 21:18:41,060 | root     | b'out of memory'
ERROR   | 2021-11-30 21:18:41,060 | root     | got an error while analyzing quotearg_n_options
ERROR   | 2021-11-30 21:22:14,381 | root     | b'out of memory'
ERROR   | 2021-11-30 21:22:14,381 | root     | got an error while analyzing fts_open
ERROR   | 2021-11-30 21:22:14,949 | root     | b'out of memory'
ERROR   | 2021-11-30 21:22:14,949 | root     | got an error while analyzing fts_load
ERROR   | 2021-11-30 21:22:15,428 | root     | b'out of memory'
ERROR   | 2021-11-30 21:22:15,428 | root     | got an error while analyzing fts_close
ERROR   | 2021-11-30 21:22:18,680 | root     | b'out of memory'
ERROR   | 2021-11-30 21:22:18,680 | root     | got an error while analyzing LCO_hash
ERROR   | 2021-11-30 21:22:19,154 | root     | b'out of memory'
ERROR   | 2021-11-30 21:22:19,155 | root     | got an error while analyzing LCO_compare
ERROR   | 2021-11-30 21:22:19,627 | root     | b'out of memory'
ERROR   | 2021-11-30 21:22:19,627 | root     | got an error while analyzing link_count_optimize_ok
ERROR   | 2021-11-30 21:22:20,098 | root     | b'out of memory'
ERROR   | 2021-11-30 21:22:20,098 | root     | got an error while analyzing fts_read
ERROR   | 2021-11-30 21:22:20,942 | root     | b'out of memory'
ERROR   | 2021-11-30 21:22:20,942 | root     | got an error while analyzing fts_set
ERROR   | 2021-11-30 21:22:21,813 | root     | b'out of memory'
ERROR   | 2021-11-30 21:22:21,814 | root     | got an error while analyzing fts_children
ERROR   | 2021-11-30 21:22:22,308 | root     | b'out of memory'
ERROR   | 2021-11-30 21:22:22,308 | root     | got an error while analyzing fts_compare_ino
ERROR   | 2021-11-30 21:23:34,045 | root     | b'out of memory'
ERROR   | 2021-11-30 21:23:34,045 | root     | got an error while analyzing fts_build
ERROR   | 2021-11-30 21:23:34,491 | root     | b'out of memory'
ERROR   | 2021-11-30 21:23:34,491 | root     | got an error while analyzing fts_stat
ERROR   | 2021-11-30 21:23:34,849 | root     | b'out of memory'
ERROR   | 2021-11-30 21:23:34,849 | root     | got an error while analyzing fts_compar
ERROR   | 2021-11-30 21:23:35,210 | root     | b'out of memory'
ERROR   | 2021-11-30 21:23:35,210 | root     | got an error while analyzing fts_sort
ERROR   | 2021-11-30 21:23:36,376 | root     | b'out of memory'
ERROR   | 2021-11-30 21:23:36,377 | root     | got an error while analyzing fts_palloc
ERROR   | 2021-11-30 21:23:36,727 | root     | b'out of memory'
ERROR   | 2021-11-30 21:23:36,727 | root     | got an error while analyzing fts_padjust
ERROR   | 2021-11-30 21:23:37,083 | root     | b'out of memory'
ERROR   | 2021-11-30 21:23:37,084 | root     | got an error while analyzing fts_maxarglen
ERROR   | 2021-11-30 21:23:37,527 | root     | b'out of memory'
ERROR   | 2021-11-30 21:23:37,527 | root     | got an error while analyzing fts_safe_changedir
ERROR   | 2021-11-30 21:24:21,788 | root     | b'out of memory'
ERROR   | 2021-11-30 21:24:21,788 | root     | got an error while analyzing cycle_check
ERROR   | 2021-11-30 21:24:23,767 | root     | b'out of memory'
ERROR   | 2021-11-30 21:24:23,767 | root     | got an error while analyzing hash_pjw
ERROR   | 2021-11-30 21:24:24,257 | root     | b'out of memory'
ERROR   | 2021-11-30 21:24:24,257 | root     | got an error while analyzing i_ring_init
ERROR   | 2021-11-30 21:24:24,740 | root     | b'out of memory'
ERROR   | 2021-11-30 21:24:24,740 | root     | got an error while analyzing i_ring_empty
ERROR   | 2021-11-30 21:24:25,222 | root     | b'out of memory'
ERROR   | 2021-11-30 21:24:25,223 | root     | got an error while analyzing i_ring_push
ERROR   | 2021-11-30 21:24:26,120 | root     | b'out of memory'
ERROR   | 2021-11-30 21:24:26,120 | root     | got an error while analyzing i_ring_pop
ERROR   | 2021-11-30 21:24:27,029 | root     | b'out of memory'
ERROR   | 2021-11-30 21:24:27,029 | root     | got an error while analyzing get_charset_aliases
ERROR   | 2021-11-30 21:24:27,472 | root     | b'out of memory'
ERROR   | 2021-11-30 21:24:27,472 | root     | got an error while analyzing locale_charset
ERROR   | 2021-11-30 21:24:29,923 | root     | b'out of memory'
ERROR   | 2021-11-30 21:24:29,923 | root     | got an error while analyzing clear_ungetc_buffer_preserving_position
