gcc-5__Ou__coreutils-8.25__mkfifo have 214 funcs
analyzing gcc-5__Ou__coreutils-8.25__mkfifo/deregister_tm_clones
started running deregister_tm_clones
finished deregister_tm_clones
removing targets
analyzing gcc-5__Ou__coreutils-8.25__mkfifo/register_tm_clones
started running register_tm_clones
finished register_tm_clones
removing targets
analyzing gcc-5__Ou__coreutils-8.25__mkfifo/frame_dummy
started running frame_dummy
finished frame_dummy
removing targets
analyzing gcc-5__Ou__coreutils-8.25__mkfifo/emit_mandatory_arg_note
started running emit_mandatory_arg_note
finished emit_mandatory_arg_note
analyzing gcc-5__Ou__coreutils-8.25__mkfifo/emit_ancillary_info
started running emit_ancillary_info
finished emit_ancillary_info
removing targets
analyzing gcc-5__Ou__coreutils-8.25__mkfifo/emit_try_help
started running emit_try_help
finished emit_try_help
analyzing gcc-5__Ou__coreutils-8.25__mkfifo/se_const
started running se_const
finished se_const
analyzing gcc-5__Ou__coreutils-8.25__mkfifo/smack_set_label_for_self
started running smack_set_label_for_self
finished smack_set_label_for_self
analyzing gcc-5__Ou__coreutils-8.25__mkfifo/is_smack_enabled
started running is_smack_enabled
finished is_smack_enabled
analyzing gcc-5__Ou__coreutils-8.25__mkfifo/computecon
started running computecon
finished computecon
analyzing gcc-5__Ou__coreutils-8.25__mkfifo/defaultcon
started running defaultcon
finished defaultcon
removing targets
analyzing gcc-5__Ou__coreutils-8.25__mkfifo/restorecon_private
started running restorecon_private
finished restorecon_private
removing targets
analyzing gcc-5__Ou__coreutils-8.25__mkfifo/restorecon
started running restorecon
finished restorecon
removing targets
analyzing gcc-5__Ou__coreutils-8.25__mkfifo/seen_triple
started running seen_triple
finished seen_triple
removing targets
analyzing gcc-5__Ou__coreutils-8.25__mkfifo/canonicalize_filename_mode
started running canonicalize_filename_mode
stopped exploration
finished canonicalize_filename_mode
removing targets
analyzing gcc-5__Ou__coreutils-8.25__mkfifo/close_stdout_set_file_name
started running close_stdout_set_file_name
finished close_stdout_set_file_name
analyzing gcc-5__Ou__coreutils-8.25__mkfifo/close_stdout_set_ignore_EPIPE
started running close_stdout_set_ignore_EPIPE
finished close_stdout_set_ignore_EPIPE
analyzing gcc-5__Ou__coreutils-8.25__mkfifo/close_stdout
started running close_stdout
finished close_stdout
analyzing gcc-5__Ou__coreutils-8.25__mkfifo/dir_name
started running dir_name
finished dir_name
analyzing gcc-5__Ou__coreutils-8.25__mkfifo/dir_len
started running dir_len
finished dir_len
removing targets
analyzing gcc-5__Ou__coreutils-8.25__mkfifo/mdir_name
started running mdir_name
finished mdir_name
analyzing gcc-5__Ou__coreutils-8.25__mkfifo/last_component
started running last_component
finished last_component
removing targets
analyzing gcc-5__Ou__coreutils-8.25__mkfifo/base_len
started running base_len
finished base_len
analyzing gcc-5__Ou__coreutils-8.25__mkfifo/record_file
started running record_file
finished record_file
removing targets
analyzing gcc-5__Ou__coreutils-8.25__mkfifo/seen_file
started running seen_file
finished seen_file
removing targets
analyzing gcc-5__Ou__coreutils-8.25__mkfifo/hash_get_n_buckets
started running hash_get_n_buckets
finished hash_get_n_buckets
analyzing gcc-5__Ou__coreutils-8.25__mkfifo/hash_get_n_buckets_used
started running hash_get_n_buckets_used
finished hash_get_n_buckets_used
analyzing gcc-5__Ou__coreutils-8.25__mkfifo/hash_get_n_entries
started running hash_get_n_entries
finished hash_get_n_entries
analyzing gcc-5__Ou__coreutils-8.25__mkfifo/hash_get_max_bucket_length
started running hash_get_max_bucket_length
finished hash_get_max_bucket_length
removing targets
analyzing gcc-5__Ou__coreutils-8.25__mkfifo/hash_table_ok
started running hash_table_ok
finished hash_table_ok
removing targets
analyzing gcc-5__Ou__coreutils-8.25__mkfifo/hash_print_statistics
started running hash_print_statistics
finished hash_print_statistics
analyzing gcc-5__Ou__coreutils-8.25__mkfifo/safe_hasher
started running safe_hasher
finished safe_hasher
analyzing gcc-5__Ou__coreutils-8.25__mkfifo/hash_lookup
started running hash_lookup
finished hash_lookup
analyzing gcc-5__Ou__coreutils-8.25__mkfifo/hash_get_first
started running hash_get_first
stopped exploration
finished hash_get_first
removing targets
analyzing gcc-5__Ou__coreutils-8.25__mkfifo/hash_get_next
started running hash_get_next
finished hash_get_next
analyzing gcc-5__Ou__coreutils-8.25__mkfifo/hash_get_entries
started running hash_get_entries
finished hash_get_entries
removing targets
analyzing gcc-5__Ou__coreutils-8.25__mkfifo/hash_do_for_each
started running hash_do_for_each
finished hash_do_for_each
removing targets
analyzing gcc-5__Ou__coreutils-8.25__mkfifo/hash_string
started running hash_string
finished hash_string
removing targets
analyzing gcc-5__Ou__coreutils-8.25__mkfifo/is_prime
started running is_prime
finished is_prime
removing targets
analyzing gcc-5__Ou__coreutils-8.25__mkfifo/next_prime
started running next_prime
finished next_prime
removing targets
analyzing gcc-5__Ou__coreutils-8.25__mkfifo/hash_reset_tuning
started running hash_reset_tuning
finished hash_reset_tuning
analyzing gcc-5__Ou__coreutils-8.25__mkfifo/raw_hasher
started running raw_hasher
finished raw_hasher
analyzing gcc-5__Ou__coreutils-8.25__mkfifo/raw_comparator
started running raw_comparator
finished raw_comparator
analyzing gcc-5__Ou__coreutils-8.25__mkfifo/check_tuning
started running check_tuning
finished check_tuning
removing targets
analyzing gcc-5__Ou__coreutils-8.25__mkfifo/compute_bucket_size
started running compute_bucket_size
finished compute_bucket_size
removing targets
analyzing gcc-5__Ou__coreutils-8.25__mkfifo/hash_initialize
started running hash_initialize
finished hash_initialize
removing targets
analyzing gcc-5__Ou__coreutils-8.25__mkfifo/hash_clear
started running hash_clear
finished hash_clear
removing targets
analyzing gcc-5__Ou__coreutils-8.25__mkfifo/hash_free
started running hash_free
stopped exploration
finished hash_free
removing targets
analyzing gcc-5__Ou__coreutils-8.25__mkfifo/allocate_entry
started running allocate_entry
finished allocate_entry
removing targets
analyzing gcc-5__Ou__coreutils-8.25__mkfifo/free_entry
started running free_entry
finished free_entry
analyzing gcc-5__Ou__coreutils-8.25__mkfifo/hash_find_entry
started running hash_find_entry
finished hash_find_entry
analyzing gcc-5__Ou__coreutils-8.25__mkfifo/transfer_entries
started running transfer_entries
stopped exploration
finished transfer_entries
removing targets
analyzing gcc-5__Ou__coreutils-8.25__mkfifo/hash_rehash
started running hash_rehash
finished hash_rehash
analyzing gcc-5__Ou__coreutils-8.25__mkfifo/hash_insert_if_absent
started running hash_insert_if_absent
finished hash_insert_if_absent
removing targets
analyzing gcc-5__Ou__coreutils-8.25__mkfifo/hash_insert
started running hash_insert
finished hash_insert
analyzing gcc-5__Ou__coreutils-8.25__mkfifo/hash_delete
started running hash_delete
stopped exploration
finished hash_delete
analyzing gcc-5__Ou__coreutils-8.25__mkfifo/triple_hash
started running triple_hash
finished triple_hash
analyzing gcc-5__Ou__coreutils-8.25__mkfifo/triple_hash_no_name
started running triple_hash_no_name
finished triple_hash_no_name
analyzing gcc-5__Ou__coreutils-8.25__mkfifo/triple_compare
started running triple_compare
finished triple_compare
removing targets
analyzing gcc-5__Ou__coreutils-8.25__mkfifo/triple_compare_ino_str
started running triple_compare_ino_str
finished triple_compare_ino_str
removing targets
analyzing gcc-5__Ou__coreutils-8.25__mkfifo/triple_free
started running triple_free
finished triple_free
analyzing gcc-5__Ou__coreutils-8.25__mkfifo/octal_to_mode
started running octal_to_mode
finished octal_to_mode
analyzing gcc-5__Ou__coreutils-8.25__mkfifo/make_node_op_equals
started running make_node_op_equals
finished make_node_op_equals
analyzing gcc-5__Ou__coreutils-8.25__mkfifo/mode_compile
started running mode_compile
finished mode_compile
removing targets
analyzing gcc-5__Ou__coreutils-8.25__mkfifo/mode_create_from_ref
started running mode_create_from_ref
finished mode_create_from_ref
analyzing gcc-5__Ou__coreutils-8.25__mkfifo/mode_adjust
started running mode_adjust
analyzing gcc-5__Ou__coreutils-8.25__mkfifo/set_program_name
started running set_program_name
finished set_program_name
removing targets
analyzing gcc-5__Ou__coreutils-8.25__mkfifo/clone_quoting_options
started running clone_quoting_options
finished clone_quoting_options
analyzing gcc-5__Ou__coreutils-8.25__mkfifo/get_quoting_style
started running get_quoting_style
finished get_quoting_style
removing targets
analyzing gcc-5__Ou__coreutils-8.25__mkfifo/set_quoting_style
started running set_quoting_style
finished set_quoting_style
removing targets
analyzing gcc-5__Ou__coreutils-8.25__mkfifo/set_char_quoting
started running set_char_quoting
finished set_char_quoting
removing targets
analyzing gcc-5__Ou__coreutils-8.25__mkfifo/set_quoting_flags
started running set_quoting_flags
analyzing gcc-5__Ou__coreutils-8.25__mkfifo/set_custom_quoting
started running set_custom_quoting
analyzing gcc-5__Ou__coreutils-8.25__mkfifo/quoting_options_from_style
started running quoting_options_from_style
finished quoting_options_from_style
analyzing gcc-5__Ou__coreutils-8.25__mkfifo/gettext_quote
started running gettext_quote
analyzing gcc-5__Ou__coreutils-8.25__mkfifo/quotearg_buffer_restyled
started running quotearg_buffer_restyled
finished quotearg_buffer_restyled
analyzing gcc-5__Ou__coreutils-8.25__mkfifo/quotearg_buffer
started running quotearg_buffer
analyzing gcc-5__Ou__coreutils-8.25__mkfifo/quotearg_alloc
started running quotearg_alloc
finished quotearg_alloc
analyzing gcc-5__Ou__coreutils-8.25__mkfifo/quotearg_alloc_mem
started running quotearg_alloc_mem
analyzing gcc-5__Ou__coreutils-8.25__mkfifo/quotearg_free
started running quotearg_free
finished quotearg_free
removing targets
analyzing gcc-5__Ou__coreutils-8.25__mkfifo/quotearg_n_options
started running quotearg_n_options
analyzing gcc-5__Ou__coreutils-8.25__mkfifo/quotearg_n
started running quotearg_n
finished quotearg_n
analyzing gcc-5__Ou__coreutils-8.25__mkfifo/quotearg_n_mem
started running quotearg_n_mem
finished quotearg_n_mem
analyzing gcc-5__Ou__coreutils-8.25__mkfifo/quotearg
started running quotearg
finished quotearg
analyzing gcc-5__Ou__coreutils-8.25__mkfifo/quotearg_mem
started running quotearg_mem
finished quotearg_mem
analyzing gcc-5__Ou__coreutils-8.25__mkfifo/quotearg_n_style
started running quotearg_n_style
finished quotearg_n_style
analyzing gcc-5__Ou__coreutils-8.25__mkfifo/quotearg_n_style_mem
started running quotearg_n_style_mem
finished quotearg_n_style_mem
analyzing gcc-5__Ou__coreutils-8.25__mkfifo/quotearg_style
started running quotearg_style
finished quotearg_style
analyzing gcc-5__Ou__coreutils-8.25__mkfifo/quotearg_style_mem
started running quotearg_style_mem
finished quotearg_style_mem
analyzing gcc-5__Ou__coreutils-8.25__mkfifo/quotearg_char_mem
started running quotearg_char_mem
finished quotearg_char_mem
analyzing gcc-5__Ou__coreutils-8.25__mkfifo/quotearg_char
started running quotearg_char
finished quotearg_char
analyzing gcc-5__Ou__coreutils-8.25__mkfifo/quotearg_colon
started running quotearg_colon
finished quotearg_colon
analyzing gcc-5__Ou__coreutils-8.25__mkfifo/quotearg_colon_mem
started running quotearg_colon_mem
finished quotearg_colon_mem
analyzing gcc-5__Ou__coreutils-8.25__mkfifo/quotearg_n_style_colon
started running quotearg_n_style_colon
finished quotearg_n_style_colon
analyzing gcc-5__Ou__coreutils-8.25__mkfifo/quotearg_n_custom
started running quotearg_n_custom
finished quotearg_n_custom
analyzing gcc-5__Ou__coreutils-8.25__mkfifo/quotearg_n_custom_mem
started running quotearg_n_custom_mem
finished quotearg_n_custom_mem
analyzing gcc-5__Ou__coreutils-8.25__mkfifo/quotearg_custom
started running quotearg_custom
finished quotearg_custom
analyzing gcc-5__Ou__coreutils-8.25__mkfifo/quotearg_custom_mem
started running quotearg_custom_mem
finished quotearg_custom_mem
analyzing gcc-5__Ou__coreutils-8.25__mkfifo/quote_n_mem
started running quote_n_mem
finished quote_n_mem
analyzing gcc-5__Ou__coreutils-8.25__mkfifo/quote_mem
started running quote_mem
finished quote_mem
analyzing gcc-5__Ou__coreutils-8.25__mkfifo/quote_n
started running quote_n
finished quote_n
analyzing gcc-5__Ou__coreutils-8.25__mkfifo/quote
started running quote
finished quote
analyzing gcc-5__Ou__coreutils-8.25__mkfifo/same_name
started running same_name
finished same_name
analyzing gcc-5__Ou__coreutils-8.25__mkfifo/version_etc_arn
started running version_etc_arn
finished version_etc_arn
removing targets
analyzing gcc-5__Ou__coreutils-8.25__mkfifo/version_etc_ar
started running version_etc_ar
finished version_etc_ar
removing targets
analyzing gcc-5__Ou__coreutils-8.25__mkfifo/version_etc_va
started running version_etc_va
finished version_etc_va
removing targets
analyzing gcc-5__Ou__coreutils-8.25__mkfifo/version_etc
started running version_etc
finished version_etc
removing targets
analyzing gcc-5__Ou__coreutils-8.25__mkfifo/emit_bug_reporting_address
started running emit_bug_reporting_address
finished emit_bug_reporting_address
analyzing gcc-5__Ou__coreutils-8.25__mkfifo/xnmalloc
started running xnmalloc
finished xnmalloc
removing targets
analyzing gcc-5__Ou__coreutils-8.25__mkfifo/xnrealloc
started running xnrealloc
finished xnrealloc
removing targets
analyzing gcc-5__Ou__coreutils-8.25__mkfifo/x2nrealloc
started running x2nrealloc
finished x2nrealloc
removing targets
analyzing gcc-5__Ou__coreutils-8.25__mkfifo/xcharalloc
started running xcharalloc
finished xcharalloc
analyzing gcc-5__Ou__coreutils-8.25__mkfifo/xmalloc
started running xmalloc
finished xmalloc
analyzing gcc-5__Ou__coreutils-8.25__mkfifo/xrealloc
started running xrealloc
finished xrealloc
removing targets
analyzing gcc-5__Ou__coreutils-8.25__mkfifo/x2realloc
started running x2realloc
finished x2realloc
analyzing gcc-5__Ou__coreutils-8.25__mkfifo/xzalloc
started running xzalloc
finished xzalloc
analyzing gcc-5__Ou__coreutils-8.25__mkfifo/xcalloc
started running xcalloc
finished xcalloc
analyzing gcc-5__Ou__coreutils-8.25__mkfifo/xmemdup
started running xmemdup
finished xmemdup
analyzing gcc-5__Ou__coreutils-8.25__mkfifo/xstrdup
started running xstrdup
finished xstrdup
analyzing gcc-5__Ou__coreutils-8.25__mkfifo/xalloc_die
started running xalloc_die
finished xalloc_die
analyzing gcc-5__Ou__coreutils-8.25__mkfifo/xfts_open
started running xfts_open
finished xfts_open
analyzing gcc-5__Ou__coreutils-8.25__mkfifo/cycle_warning_required
started running cycle_warning_required
finished cycle_warning_required
removing targets
analyzing gcc-5__Ou__coreutils-8.25__mkfifo/xgetcwd
started running xgetcwd
finished xgetcwd
analyzing gcc-5__Ou__coreutils-8.25__mkfifo/AD_compare
started running AD_compare
finished AD_compare
removing targets
analyzing gcc-5__Ou__coreutils-8.25__mkfifo/AD_hash
started running AD_hash
finished AD_hash
analyzing gcc-5__Ou__coreutils-8.25__mkfifo/setup_dir
started running setup_dir
finished setup_dir
removing targets
analyzing gcc-5__Ou__coreutils-8.25__mkfifo/enter_dir
started running enter_dir
finished enter_dir
removing targets
analyzing gcc-5__Ou__coreutils-8.25__mkfifo/leave_dir
started running leave_dir
finished leave_dir
removing targets
analyzing gcc-5__Ou__coreutils-8.25__mkfifo/free_dir
started running free_dir
finished free_dir
removing targets
analyzing gcc-5__Ou__coreutils-8.25__mkfifo/fd_ring_clear
started running fd_ring_clear
finished fd_ring_clear
removing targets
analyzing gcc-5__Ou__coreutils-8.25__mkfifo/fts_set_stat_required
started running fts_set_stat_required
finished fts_set_stat_required
removing targets
analyzing gcc-5__Ou__coreutils-8.25__mkfifo/opendirat
started running opendirat
finished opendirat
analyzing gcc-5__Ou__coreutils-8.25__mkfifo/cwd_advance_fd
started running cwd_advance_fd
finished cwd_advance_fd
removing targets
analyzing gcc-5__Ou__coreutils-8.25__mkfifo/restore_initial_cwd
started running restore_initial_cwd
finished restore_initial_cwd
removing targets
analyzing gcc-5__Ou__coreutils-8.25__mkfifo/diropen
started running diropen
finished diropen
removing targets
analyzing gcc-5__Ou__coreutils-8.25__mkfifo/fts_open
started running fts_open
analyzing gcc-5__Ou__coreutils-8.25__mkfifo/fts_load
started running fts_load
analyzing gcc-5__Ou__coreutils-8.25__mkfifo/fts_close
started running fts_close
analyzing gcc-5__Ou__coreutils-8.25__mkfifo/dirent_inode_sort_may_be_useful
started running dirent_inode_sort_may_be_useful
finished dirent_inode_sort_may_be_useful
analyzing gcc-5__Ou__coreutils-8.25__mkfifo/leaf_optimization_applies
started running leaf_optimization_applies
finished leaf_optimization_applies
analyzing gcc-5__Ou__coreutils-8.25__mkfifo/LCO_hash
started running LCO_hash
analyzing gcc-5__Ou__coreutils-8.25__mkfifo/LCO_compare
started running LCO_compare
analyzing gcc-5__Ou__coreutils-8.25__mkfifo/link_count_optimize_ok
started running link_count_optimize_ok
analyzing gcc-5__Ou__coreutils-8.25__mkfifo/fts_read
started running fts_read
analyzing gcc-5__Ou__coreutils-8.25__mkfifo/fts_set
started running fts_set
analyzing gcc-5__Ou__coreutils-8.25__mkfifo/fts_children
started running fts_children
analyzing gcc-5__Ou__coreutils-8.25__mkfifo/fts_compare_ino
started running fts_compare_ino
analyzing gcc-5__Ou__coreutils-8.25__mkfifo/set_stat_type
started running set_stat_type
finished set_stat_type
removing targets
analyzing gcc-5__Ou__coreutils-8.25__mkfifo/fts_build
started running fts_build
analyzing gcc-5__Ou__coreutils-8.25__mkfifo/fts_stat
started running fts_stat
analyzing gcc-5__Ou__coreutils-8.25__mkfifo/fts_compar
started running fts_compar
analyzing gcc-5__Ou__coreutils-8.25__mkfifo/fts_sort
started running fts_sort
analyzing gcc-5__Ou__coreutils-8.25__mkfifo/fts_alloc
started running fts_alloc
finished fts_alloc
analyzing gcc-5__Ou__coreutils-8.25__mkfifo/fts_lfree
started running fts_lfree
finished fts_lfree
removing targets
analyzing gcc-5__Ou__coreutils-8.25__mkfifo/fts_palloc
started running fts_palloc
analyzing gcc-5__Ou__coreutils-8.25__mkfifo/fts_padjust
started running fts_padjust
analyzing gcc-5__Ou__coreutils-8.25__mkfifo/fts_maxarglen
started running fts_maxarglen
analyzing gcc-5__Ou__coreutils-8.25__mkfifo/fts_safe_changedir
started running fts_safe_changedir
analyzing gcc-5__Ou__coreutils-8.25__mkfifo/map_to_failure
started running map_to_failure
finished map_to_failure
removing targets
analyzing gcc-5__Ou__coreutils-8.25__mkfifo/rpl_getfilecon
started running rpl_getfilecon
finished rpl_getfilecon
analyzing gcc-5__Ou__coreutils-8.25__mkfifo/rpl_lgetfilecon
started running rpl_lgetfilecon
finished rpl_lgetfilecon
analyzing gcc-5__Ou__coreutils-8.25__mkfifo/rpl_fgetfilecon
started running rpl_fgetfilecon
finished rpl_fgetfilecon
analyzing gcc-5__Ou__coreutils-8.25__mkfifo/areadlink_with_size
started running areadlink_with_size
finished areadlink_with_size
removing targets
analyzing gcc-5__Ou__coreutils-8.25__mkfifo/rotl64
started running rotl64
finished rotl64
analyzing gcc-5__Ou__coreutils-8.25__mkfifo/rotr64
started running rotr64
finished rotr64
analyzing gcc-5__Ou__coreutils-8.25__mkfifo/rotl32
started running rotl32
finished rotl32
analyzing gcc-5__Ou__coreutils-8.25__mkfifo/rotr32
started running rotr32
finished rotr32
analyzing gcc-5__Ou__coreutils-8.25__mkfifo/rotl_sz
started running rotl_sz
finished rotl_sz
analyzing gcc-5__Ou__coreutils-8.25__mkfifo/rotr_sz
started running rotr_sz
finished rotr_sz
analyzing gcc-5__Ou__coreutils-8.25__mkfifo/rotl16
started running rotl16
finished rotl16
analyzing gcc-5__Ou__coreutils-8.25__mkfifo/rotr16
started running rotr16
finished rotr16
analyzing gcc-5__Ou__coreutils-8.25__mkfifo/rotl8
started running rotl8
finished rotl8
analyzing gcc-5__Ou__coreutils-8.25__mkfifo/rotr8
started running rotr8
finished rotr8
analyzing gcc-5__Ou__coreutils-8.25__mkfifo/c_strcasecmp
started running c_strcasecmp
finished c_strcasecmp
removing targets
analyzing gcc-5__Ou__coreutils-8.25__mkfifo/set_cloexec_flag
started running set_cloexec_flag
finished set_cloexec_flag
analyzing gcc-5__Ou__coreutils-8.25__mkfifo/dup_cloexec
started running dup_cloexec
finished dup_cloexec
analyzing gcc-5__Ou__coreutils-8.25__mkfifo/close_stream
started running close_stream
finished close_stream
analyzing gcc-5__Ou__coreutils-8.25__mkfifo/is_zero_or_power_of_two
started running is_zero_or_power_of_two
finished is_zero_or_power_of_two
analyzing gcc-5__Ou__coreutils-8.25__mkfifo/cycle_check_init
started running cycle_check_init
finished cycle_check_init
analyzing gcc-5__Ou__coreutils-8.25__mkfifo/cycle_check
started running cycle_check
analyzing gcc-5__Ou__coreutils-8.25__mkfifo/open_safer
started running open_safer
finished open_safer
removing targets
analyzing gcc-5__Ou__coreutils-8.25__mkfifo/hash_pjw
started running hash_pjw
analyzing gcc-5__Ou__coreutils-8.25__mkfifo/i_ring_init
started running i_ring_init
analyzing gcc-5__Ou__coreutils-8.25__mkfifo/i_ring_empty
started running i_ring_empty
analyzing gcc-5__Ou__coreutils-8.25__mkfifo/i_ring_push
started running i_ring_push
analyzing gcc-5__Ou__coreutils-8.25__mkfifo/i_ring_pop
started running i_ring_pop
analyzing gcc-5__Ou__coreutils-8.25__mkfifo/get_charset_aliases
started running get_charset_aliases
analyzing gcc-5__Ou__coreutils-8.25__mkfifo/locale_charset
started running locale_charset
analyzing gcc-5__Ou__coreutils-8.25__mkfifo/openat_safer
started running openat_safer
finished openat_safer
removing targets
analyzing gcc-5__Ou__coreutils-8.25__mkfifo/dup_safer
started running dup_safer
finished dup_safer
analyzing gcc-5__Ou__coreutils-8.25__mkfifo/fd_safer
started running fd_safer
finished fd_safer
removing targets
analyzing gcc-5__Ou__coreutils-8.25__mkfifo/rpl_fclose
started running rpl_fclose
finished rpl_fclose
analyzing gcc-5__Ou__coreutils-8.25__mkfifo/rpl_fcntl
started running rpl_fcntl
finished rpl_fcntl
removing targets
analyzing gcc-5__Ou__coreutils-8.25__mkfifo/clear_ungetc_buffer_preserving_position
started running clear_ungetc_buffer_preserving_position
analyzing gcc-5__Ou__coreutils-8.25__mkfifo/rpl_fflush
started running rpl_fflush
finished rpl_fflush
removing targets
analyzing gcc-5__Ou__coreutils-8.25__mkfifo/rpl_fseeko
started running rpl_fseeko
finished rpl_fseeko
removing targets
analyzing gcc-5__Ou__coreutils-8.25__mkfifo/c_isalnum
started running c_isalnum
finished c_isalnum
removing targets
analyzing gcc-5__Ou__coreutils-8.25__mkfifo/c_isalpha
started running c_isalpha
finished c_isalpha
removing targets
analyzing gcc-5__Ou__coreutils-8.25__mkfifo/c_isascii
started running c_isascii
finished c_isascii
removing targets
analyzing gcc-5__Ou__coreutils-8.25__mkfifo/c_isblank
started running c_isblank
finished c_isblank
removing targets
analyzing gcc-5__Ou__coreutils-8.25__mkfifo/c_iscntrl
started running c_iscntrl
finished c_iscntrl
removing targets
analyzing gcc-5__Ou__coreutils-8.25__mkfifo/c_isdigit
started running c_isdigit
finished c_isdigit
removing targets
analyzing gcc-5__Ou__coreutils-8.25__mkfifo/c_isgraph
started running c_isgraph
finished c_isgraph
removing targets
analyzing gcc-5__Ou__coreutils-8.25__mkfifo/c_islower
started running c_islower
finished c_islower
removing targets
analyzing gcc-5__Ou__coreutils-8.25__mkfifo/c_isprint
started running c_isprint
finished c_isprint
removing targets
analyzing gcc-5__Ou__coreutils-8.25__mkfifo/c_ispunct
started running c_ispunct
finished c_ispunct
removing targets
analyzing gcc-5__Ou__coreutils-8.25__mkfifo/c_isspace
started running c_isspace
finished c_isspace
removing targets
analyzing gcc-5__Ou__coreutils-8.25__mkfifo/c_isupper
started running c_isupper
finished c_isupper
removing targets
analyzing gcc-5__Ou__coreutils-8.25__mkfifo/c_isxdigit
started running c_isxdigit
finished c_isxdigit
removing targets
analyzing gcc-5__Ou__coreutils-8.25__mkfifo/c_tolower
started running c_tolower
finished c_tolower
removing targets
analyzing gcc-5__Ou__coreutils-8.25__mkfifo/c_toupper
started running c_toupper
finished c_toupper
removing targets
analyzing gcc-5__Ou__coreutils-8.25__mkfifo/atexit
started running atexit
finished atexit
removing targets
analyzing gcc-5__Ou__coreutils-8.25__mkfifo/stat
started running stat
finished stat
removing targets
analyzing gcc-5__Ou__coreutils-8.25__mkfifo/fstatat
started running fstatat
finished fstatat
removing targets
