gcc-5__Ou__coreutils-8.25__mv have 372 funcs
analyzing gcc-5__Ou__coreutils-8.25__mv/deregister_tm_clones
started running deregister_tm_clones
finished deregister_tm_clones
removing targets
analyzing gcc-5__Ou__coreutils-8.25__mv/register_tm_clones
started running register_tm_clones
finished register_tm_clones
removing targets
analyzing gcc-5__Ou__coreutils-8.25__mv/frame_dummy
started running frame_dummy
finished frame_dummy
removing targets
analyzing gcc-5__Ou__coreutils-8.25__mv/emit_mandatory_arg_note
started running emit_mandatory_arg_note
finished emit_mandatory_arg_note
analyzing gcc-5__Ou__coreutils-8.25__mv/emit_ancillary_info
started running emit_ancillary_info
finished emit_ancillary_info
removing targets
analyzing gcc-5__Ou__coreutils-8.25__mv/emit_try_help
started running emit_try_help
finished emit_try_help
analyzing gcc-5__Ou__coreutils-8.25__mv/rm_option_init
started running rm_option_init
finished rm_option_init
analyzing gcc-5__Ou__coreutils-8.25__mv/cp_option_init
started running cp_option_init
finished cp_option_init
analyzing gcc-5__Ou__coreutils-8.25__mv/target_directory_operand
started running target_directory_operand
finished target_directory_operand
analyzing gcc-5__Ou__coreutils-8.25__mv/do_move
started running do_move
finished do_move
analyzing gcc-5__Ou__coreutils-8.25__mv/movefile
started running movefile
finished movefile
removing targets
analyzing gcc-5__Ou__coreutils-8.25__mv/dot_or_dotdot
started running dot_or_dotdot
finished dot_or_dotdot
removing targets
analyzing gcc-5__Ou__coreutils-8.25__mv/readdir_ignoring_dot_and_dotdot
started running readdir_ignoring_dot_and_dotdot
finished readdir_ignoring_dot_and_dotdot
analyzing gcc-5__Ou__coreutils-8.25__mv/is_empty_dir
started running is_empty_dir
finished is_empty_dir
analyzing gcc-5__Ou__coreutils-8.25__mv/cache_fstatat
started running cache_fstatat
finished cache_fstatat
removing targets
analyzing gcc-5__Ou__coreutils-8.25__mv/cache_stat_init
started running cache_stat_init
finished cache_stat_init
analyzing gcc-5__Ou__coreutils-8.25__mv/write_protected_non_symlink
started running write_protected_non_symlink
finished write_protected_non_symlink
analyzing gcc-5__Ou__coreutils-8.25__mv/prompt
started running prompt
finished prompt
removing targets
analyzing gcc-5__Ou__coreutils-8.25__mv/nonexistent_file_errno
started running nonexistent_file_errno
finished nonexistent_file_errno
removing targets
analyzing gcc-5__Ou__coreutils-8.25__mv/ignorable_missing
started running ignorable_missing
finished ignorable_missing
removing targets
analyzing gcc-5__Ou__coreutils-8.25__mv/fts_skip_tree
started running fts_skip_tree
finished fts_skip_tree
analyzing gcc-5__Ou__coreutils-8.25__mv/mark_ancestor_dirs
started running mark_ancestor_dirs
finished mark_ancestor_dirs
removing targets
analyzing gcc-5__Ou__coreutils-8.25__mv/excise
started running excise
finished excise
removing targets
analyzing gcc-5__Ou__coreutils-8.25__mv/rm_fts
started running rm_fts
finished rm_fts
removing targets
analyzing gcc-5__Ou__coreutils-8.25__mv/rm
started running rm
stopped exploration
finished rm
removing targets
skipping dot|or|dotdot
analyzing gcc-5__Ou__coreutils-8.25__mv/ptr_align
started running ptr_align
finished ptr_align
analyzing gcc-5__Ou__coreutils-8.25__mv/is_nul
started running is_nul
finished is_nul
removing targets
analyzing gcc-5__Ou__coreutils-8.25__mv/is_ENOTSUP
started running is_ENOTSUP
finished is_ENOTSUP
analyzing gcc-5__Ou__coreutils-8.25__mv/extent_scan_free
started running extent_scan_free
finished extent_scan_free
analyzing gcc-5__Ou__coreutils-8.25__mv/io_blksize
started running io_blksize
finished io_blksize
removing targets
analyzing gcc-5__Ou__coreutils-8.25__mv/ignorable_ctx_err
started running ignorable_ctx_err
finished ignorable_ctx_err
removing targets
analyzing gcc-5__Ou__coreutils-8.25__mv/utimens_symlink
started running utimens_symlink
finished utimens_symlink
analyzing gcc-5__Ou__coreutils-8.25__mv/punch_hole
started running punch_hole
finished punch_hole
analyzing gcc-5__Ou__coreutils-8.25__mv/create_hole
started running create_hole
finished create_hole
analyzing gcc-5__Ou__coreutils-8.25__mv/sparse_copy
started running sparse_copy
stopped exploration
finished sparse_copy
removing targets
analyzing gcc-5__Ou__coreutils-8.25__mv/clone_file
started running clone_file
finished clone_file
analyzing gcc-5__Ou__coreutils-8.25__mv/write_zeros
started running write_zeros
finished write_zeros
removing targets
analyzing gcc-5__Ou__coreutils-8.25__mv/extent_copy
started running extent_copy
stopped exploration
finished extent_copy
analyzing gcc-5__Ou__coreutils-8.25__mv/is_ancestor
started running is_ancestor
finished is_ancestor
removing targets
analyzing gcc-5__Ou__coreutils-8.25__mv/errno_unsupported
started running errno_unsupported
finished errno_unsupported
removing targets
analyzing gcc-5__Ou__coreutils-8.25__mv/copy_attr_error
started running copy_attr_error
finished copy_attr_error
removing targets
analyzing gcc-5__Ou__coreutils-8.25__mv/copy_attr_allerror
started running copy_attr_allerror
finished copy_attr_allerror
removing targets
analyzing gcc-5__Ou__coreutils-8.25__mv/copy_attr_quote
started running copy_attr_quote
finished copy_attr_quote
analyzing gcc-5__Ou__coreutils-8.25__mv/copy_attr_free
started running copy_attr_free
finished copy_attr_free
analyzing gcc-5__Ou__coreutils-8.25__mv/check_selinux_attr
started running check_selinux_attr
finished check_selinux_attr
analyzing gcc-5__Ou__coreutils-8.25__mv/copy_attr
started running copy_attr
finished copy_attr
removing targets
analyzing gcc-5__Ou__coreutils-8.25__mv/copy_dir
started running copy_dir
finished copy_dir
analyzing gcc-5__Ou__coreutils-8.25__mv/set_owner
started running set_owner
finished set_owner
removing targets
analyzing gcc-5__Ou__coreutils-8.25__mv/set_author
started running set_author
finished set_author
analyzing gcc-5__Ou__coreutils-8.25__mv/set_process_security_ctx
started running set_process_security_ctx
finished set_process_security_ctx
removing targets
analyzing gcc-5__Ou__coreutils-8.25__mv/set_file_security_ctx
started running set_file_security_ctx
finished set_file_security_ctx
removing targets
analyzing gcc-5__Ou__coreutils-8.25__mv/fchmod_or_lchmod
started running fchmod_or_lchmod
finished fchmod_or_lchmod
removing targets
analyzing gcc-5__Ou__coreutils-8.25__mv/is_probably_sparse
started running is_probably_sparse
finished is_probably_sparse
removing targets
analyzing gcc-5__Ou__coreutils-8.25__mv/copy_reg
started running copy_reg
stopped exploration
finished copy_reg
removing targets
analyzing gcc-5__Ou__coreutils-8.25__mv/same_file_ok
started running same_file_ok
finished same_file_ok
removing targets
analyzing gcc-5__Ou__coreutils-8.25__mv/writable_destination
started running writable_destination
finished writable_destination
removing targets
analyzing gcc-5__Ou__coreutils-8.25__mv/overwrite_ok
started running overwrite_ok
finished overwrite_ok
analyzing gcc-5__Ou__coreutils-8.25__mv/dest_info_init
started running dest_info_init
finished dest_info_init
analyzing gcc-5__Ou__coreutils-8.25__mv/src_info_init
started running src_info_init
finished src_info_init
analyzing gcc-5__Ou__coreutils-8.25__mv/abandon_move
started running abandon_move
finished abandon_move
removing targets
analyzing gcc-5__Ou__coreutils-8.25__mv/emit_verbose
started running emit_verbose
finished emit_verbose
analyzing gcc-5__Ou__coreutils-8.25__mv/restore_default_fscreatecon_or_die
started running restore_default_fscreatecon_or_die
finished restore_default_fscreatecon_or_die
analyzing gcc-5__Ou__coreutils-8.25__mv/create_hard_link
started running create_hard_link
finished create_hard_link
removing targets
analyzing gcc-5__Ou__coreutils-8.25__mv/should_dereference
started running should_dereference
finished should_dereference
removing targets
analyzing gcc-5__Ou__coreutils-8.25__mv/copy_internal
started running copy_internal
stopped exploration
finished copy_internal
removing targets
analyzing gcc-5__Ou__coreutils-8.25__mv/valid_options
started running valid_options
finished valid_options
removing targets
analyzing gcc-5__Ou__coreutils-8.25__mv/copy
started running copy
finished copy
analyzing gcc-5__Ou__coreutils-8.25__mv/cp_options_default
started running cp_options_default
finished cp_options_default
analyzing gcc-5__Ou__coreutils-8.25__mv/chown_failure_ok
started running chown_failure_ok
finished chown_failure_ok
analyzing gcc-5__Ou__coreutils-8.25__mv/owner_failure_ok
started running owner_failure_ok
finished owner_failure_ok
analyzing gcc-5__Ou__coreutils-8.25__mv/cached_umask
started running cached_umask
finished cached_umask
removing targets
analyzing gcc-5__Ou__coreutils-8.25__mv/src_to_dest_hash
started running src_to_dest_hash
finished src_to_dest_hash
analyzing gcc-5__Ou__coreutils-8.25__mv/src_to_dest_compare
started running src_to_dest_compare
finished src_to_dest_compare
removing targets
analyzing gcc-5__Ou__coreutils-8.25__mv/src_to_dest_free
started running src_to_dest_free
finished src_to_dest_free
analyzing gcc-5__Ou__coreutils-8.25__mv/forget_created
started running forget_created
finished forget_created
analyzing gcc-5__Ou__coreutils-8.25__mv/src_to_dest_lookup
started running src_to_dest_lookup
finished src_to_dest_lookup
analyzing gcc-5__Ou__coreutils-8.25__mv/remember_copied
started running remember_copied
finished remember_copied
analyzing gcc-5__Ou__coreutils-8.25__mv/hash_init
started running hash_init
finished hash_init
analyzing gcc-5__Ou__coreutils-8.25__mv/forget_all
started running forget_all
finished forget_all
analyzing gcc-5__Ou__coreutils-8.25__mv/extent_need_sync
started running extent_need_sync
finished extent_need_sync
analyzing gcc-5__Ou__coreutils-8.25__mv/extent_scan_init
started running extent_scan_init
finished extent_scan_init
analyzing gcc-5__Ou__coreutils-8.25__mv/extent_scan_read
started running extent_scan_read
stopped exploration
finished extent_scan_read
analyzing gcc-5__Ou__coreutils-8.25__mv/computecon
started running computecon
finished computecon
analyzing gcc-5__Ou__coreutils-8.25__mv/defaultcon
started running defaultcon
finished defaultcon
removing targets
analyzing gcc-5__Ou__coreutils-8.25__mv/restorecon_private
started running restorecon_private
finished restorecon_private
removing targets
analyzing gcc-5__Ou__coreutils-8.25__mv/restorecon
started running restorecon
finished restorecon
removing targets
analyzing gcc-5__Ou__coreutils-8.25__mv/copy_acl
started running copy_acl
finished copy_acl
analyzing gcc-5__Ou__coreutils-8.25__mv/set_acl
started running set_acl
finished set_acl
analyzing gcc-5__Ou__coreutils-8.25__mv/areadlink_with_size
started running areadlink_with_size
finished areadlink_with_size
removing targets
analyzing gcc-5__Ou__coreutils-8.25__mv/check_extension
started running check_extension
finished check_extension
analyzing gcc-5__Ou__coreutils-8.25__mv/numbered_backup
started running numbered_backup
finished numbered_backup
analyzing gcc-5__Ou__coreutils-8.25__mv/find_backup_file_name
started running find_backup_file_name
finished find_backup_file_name
analyzing gcc-5__Ou__coreutils-8.25__mv/get_version
started running get_version
finished get_version
removing targets
analyzing gcc-5__Ou__coreutils-8.25__mv/xget_version
started running xget_version
finished xget_version
removing targets
analyzing gcc-5__Ou__coreutils-8.25__mv/buffer_lcm
started running buffer_lcm
stopped exploration
finished buffer_lcm
removing targets
analyzing gcc-5__Ou__coreutils-8.25__mv/seen_triple
started running seen_triple
finished seen_triple
removing targets
analyzing gcc-5__Ou__coreutils-8.25__mv/canonicalize_filename_mode
started running canonicalize_filename_mode
stopped exploration
finished canonicalize_filename_mode
removing targets
analyzing gcc-5__Ou__coreutils-8.25__mv/close_stdin_set_file_name
started running close_stdin_set_file_name
finished close_stdin_set_file_name
analyzing gcc-5__Ou__coreutils-8.25__mv/close_stdin
started running close_stdin
finished close_stdin
analyzing gcc-5__Ou__coreutils-8.25__mv/close_stdout_set_file_name
started running close_stdout_set_file_name
finished close_stdout_set_file_name
analyzing gcc-5__Ou__coreutils-8.25__mv/close_stdout_set_ignore_EPIPE
started running close_stdout_set_ignore_EPIPE
finished close_stdout_set_ignore_EPIPE
analyzing gcc-5__Ou__coreutils-8.25__mv/close_stdout
started running close_stdout
finished close_stdout
analyzing gcc-5__Ou__coreutils-8.25__mv/opendir_safer
started running opendir_safer
finished opendir_safer
analyzing gcc-5__Ou__coreutils-8.25__mv/dir_name
started running dir_name
finished dir_name
analyzing gcc-5__Ou__coreutils-8.25__mv/dir_len
started running dir_len
finished dir_len
removing targets
analyzing gcc-5__Ou__coreutils-8.25__mv/mdir_name
started running mdir_name
finished mdir_name
analyzing gcc-5__Ou__coreutils-8.25__mv/last_component
started running last_component
finished last_component
removing targets
analyzing gcc-5__Ou__coreutils-8.25__mv/base_len
started running base_len
finished base_len
analyzing gcc-5__Ou__coreutils-8.25__mv/strip_trailing_slashes
started running strip_trailing_slashes
finished strip_trailing_slashes
analyzing gcc-5__Ou__coreutils-8.25__mv/fdadvise
started running fdadvise
finished fdadvise
analyzing gcc-5__Ou__coreutils-8.25__mv/fadvise
started running fadvise
finished fadvise
removing targets
analyzing gcc-5__Ou__coreutils-8.25__mv/open_safer
started running open_safer
finished open_safer
removing targets
analyzing gcc-5__Ou__coreutils-8.25__mv/record_file
started running record_file
finished record_file
removing targets
analyzing gcc-5__Ou__coreutils-8.25__mv/seen_file
started running seen_file
finished seen_file
removing targets
analyzing gcc-5__Ou__coreutils-8.25__mv/file_type
started running file_type
finished file_type
removing targets
analyzing gcc-5__Ou__coreutils-8.25__mv/ftypelet
started running ftypelet
finished ftypelet
removing targets
analyzing gcc-5__Ou__coreutils-8.25__mv/strmode
started running strmode
