ERROR   | 2021-11-30 15:25:50,976 | root     | list index out of range
ERROR   | 2021-11-30 15:25:50,976 | root     | got an error while analyzing powerld
ERROR   | 2021-11-30 15:25:51,246 | root     | list index out of range
ERROR   | 2021-11-30 15:25:51,246 | root     | got an error while analyzing absld
ERROR   | 2021-11-30 15:25:51,507 | root     | list index out of range
ERROR   | 2021-11-30 15:25:51,513 | root     | got an error while analyzing expld
ERROR   | 2021-11-30 15:25:52,042 | root     | list index out of range
ERROR   | 2021-11-30 15:25:52,043 | root     | got an error while analyzing simple_round_ceiling
ERROR   | 2021-11-30 15:25:55,940 | root     | list index out of range
ERROR   | 2021-11-30 15:25:56,349 | root     | got an error while analyzing simple_round_floor
ERROR   | 2021-11-30 15:26:26,229 | root     | list index out of range
ERROR   | 2021-11-30 15:26:26,249 | root     | got an error while analyzing simple_round_from_zero
ERROR   | 2021-11-30 15:26:26,704 | root     | list index out of range
ERROR   | 2021-11-30 15:26:26,705 | root     | got an error while analyzing simple_round_to_zero
ERROR   | 2021-11-30 15:26:27,183 | root     | list index out of range
ERROR   | 2021-11-30 15:26:27,183 | root     | got an error while analyzing simple_round_nearest
ERROR   | 2021-11-30 15:26:27,673 | root     | list index out of range
ERROR   | 2021-11-30 15:26:27,673 | root     | got an error while analyzing simple_round
ERROR   | 2021-11-30 15:26:28,910 | root     | list index out of range
ERROR   | 2021-11-30 15:26:28,910 | root     | got an error while analyzing simple_strtod_int
ERROR   | 2021-11-30 15:27:05,781 | root     | list index out of range
ERROR   | 2021-11-30 15:27:05,781 | root     | got an error while analyzing double_to_human
ERROR   | 2021-11-30 15:35:44,154 | root     | list index out of range
ERROR   | 2021-11-30 15:35:44,154 | root     | got an error while analyzing process_field
Killed
